ARM GAS  C:\Users\DNIEL~1\AppData\Local\Temp\ccENKQmc.s 			page 1


   1              		.syntax unified
   2              		.cpu cortex-m4
   3              		.fpu softvfp
   4              		.eabi_attribute 20, 1
   5              		.eabi_attribute 21, 1
   6              		.eabi_attribute 23, 3
   7              		.eabi_attribute 24, 1
   8              		.eabi_attribute 25, 1
   9              		.eabi_attribute 26, 1
  10              		.eabi_attribute 30, 2
  11              		.eabi_attribute 34, 1
  12              		.eabi_attribute 18, 4
  13              		.thumb
  14              		.file	"chcore_v7m.c"
  15              		.text
  16              	.Ltext0:
  17              		.cfi_sections	.debug_frame
  18              		.section	.text._port_switch_from_isr,"ax",%progbits
  19              		.align	2
  20              		.p2align 4,,15
  21              		.global	_port_switch_from_isr
  22              		.thumb
  23              		.thumb_func
  24              		.type	_port_switch_from_isr, %function
  25              	_port_switch_from_isr:
  26              	.LFB11:
  27              		.file 1 "../../../ChibiOS/os/ports/GCC/ARMCMx/chcore_v7m.c"
  28              		.loc 1 200 0
  29              		.cfi_startproc
  30              		@ Naked Function: prologue and epilogue provided by programmer.
  31              		@ args = 0, pretend = 0, frame = 0
  32              		@ frame_needed = 0, uses_anonymous_args = 0
  33              		.loc 1 203 0
  34 0000 FFF7FEFF 		bl	chSchDoReschedule
  35              	.LVL0:
  36              		.loc 1 205 0
  37              	@ 205 "../../../ChibiOS/os/ports/GCC/ARMCMx/chcore_v7m.c" 1
  38              		_port_exit_from_isr:
  39              	@ 0 "" 2
  40              		.loc 1 207 0
  41              	@ 207 "../../../ChibiOS/os/ports/GCC/ARMCMx/chcore_v7m.c" 1
  42 0004 00DF     		svc     #0
  43              	@ 0 "" 2
  44              		.loc 1 214 0
  45              		.thumb
  46              		.cfi_endproc
  47              	.LFE11:
  48              		.size	_port_switch_from_isr, .-_port_switch_from_isr
  49 0006 00BFAFF3 		.section	.text.SVCallVector,"ax",%progbits
  49      0080AFF3 
  49      0080
  50              		.align	2
  51              		.p2align 4,,15
  52              		.global	SVCallVector
  53              		.thumb
  54              		.thumb_func
  55              		.type	SVCallVector, %function
ARM GAS  C:\Users\DNIEL~1\AppData\Local\Temp\ccENKQmc.s 			page 2


  56              	SVCallVector:
  57              	.LFB8:
  58              		.loc 1 65 0
  59              		.cfi_startproc
  60              		@ args = 0, pretend = 0, frame = 0
  61              		@ frame_needed = 0, uses_anonymous_args = 0
  62              		@ link register save eliminated.
  63              		.loc 1 74 0
  64              	@ 74 "../../../ChibiOS/os/ports/GCC/ARMCMx/chcore_v7m.c" 1
  65 0000 EFF30983 		mrs     r3, PSP
  66              	@ 0 "" 2
  67              	.LVL1:
  68              		.loc 1 78 0
  69              		.thumb
  70 0004 2033     		adds	r3, r3, #32
  71              	.LVL2:
  72              		.loc 1 81 0
  73              	@ 81 "../../../ChibiOS/os/ports/GCC/ARMCMx/chcore_v7m.c" 1
  74 0006 83F30988 		msr     PSP, r3
  75              	@ 0 "" 2
  76              		.thumb
  77              	.LBB2:
  78              		.loc 1 82 0
  79 000a 0023     		movs	r3, #0
  80              	.LVL3:
  81              	@ 82 "../../../ChibiOS/os/ports/GCC/ARMCMx/chcore_v7m.c" 1
  82 000c 83F31188 		msr     BASEPRI, r3
  83              	@ 0 "" 2
  84              	.LVL4:
  85              		.thumb
  86 0010 7047     		bx	lr
  87              	.LBE2:
  88              		.cfi_endproc
  89              	.LFE8:
  90              		.size	SVCallVector, .-SVCallVector
  91 0012 00BFAFF3 		.section	.text._port_init,"ax",%progbits
  91      0080AFF3 
  91      0080AFF3 
  91      0080
  92              		.align	2
  93              		.p2align 4,,15
  94              		.global	_port_init
  95              		.thumb
  96              		.thumb_func
  97              		.type	_port_init, %function
  98              	_port_init:
  99              	.LFB9:
 100              		.loc 1 120 0
 101              		.cfi_startproc
 102              		@ args = 0, pretend = 0, frame = 0
 103              		@ frame_needed = 0, uses_anonymous_args = 0
 104 0000 08B5     		push	{r3, lr}
 105              	.LCFI0:
 106              		.cfi_def_cfa_offset 8
 107              		.cfi_offset 3, -8
 108              		.cfi_offset 14, -4
 109              		.loc 1 123 0
ARM GAS  C:\Users\DNIEL~1\AppData\Local\Temp\ccENKQmc.s 			page 3


 110 0002 4FF46D43 		mov	r3, #60672
 111 0006 CEF20003 		movt	r3, 57344
 112              		.loc 1 124 0
 113 000a 4FF44072 		mov	r2, #768
 114 000e C0F2FA52 		movt	r2, 1530
 115              		.loc 1 123 0
 116 0012 0021     		movs	r1, #0
 117 0014 9960     		str	r1, [r3, #8]
 118              		.loc 1 127 0
 119 0016 0720     		movs	r0, #7
 120 0018 1021     		movs	r1, #16
 121              		.loc 1 124 0
 122 001a DA60     		str	r2, [r3, #12]
 123              		.loc 1 127 0
 124 001c FFF7FEFF 		bl	nvicSetSystemHandlerPriority
 125              	.LVL5:
 126              		.loc 1 129 0
 127 0020 0A20     		movs	r0, #10
 128 0022 2021     		movs	r1, #32
 129 0024 FFF7FEFF 		bl	nvicSetSystemHandlerPriority
 130              	.LVL6:
 131              		.loc 1 131 0
 132 0028 0B20     		movs	r0, #11
 133 002a 8021     		movs	r1, #128
 134              		.loc 1 133 0
 135 002c BDE80840 		pop	{r3, lr}
 136              		.loc 1 131 0
 137 0030 FFF7FEBF 		b	nvicSetSystemHandlerPriority
 138              	.LVL7:
 139              		.cfi_endproc
 140              	.LFE9:
 141              		.size	_port_init, .-_port_init
 142 0034 AFF30080 		.section	.text._port_irq_epilogue,"ax",%progbits
 142      AFF30080 
 142      AFF30080 
 143              		.align	2
 144              		.p2align 4,,15
 145              		.global	_port_irq_epilogue
 146              		.thumb
 147              		.thumb_func
 148              		.type	_port_irq_epilogue, %function
 149              	_port_irq_epilogue:
 150              	.LFB10:
 151              		.loc 1 150 0
 152              		.cfi_startproc
 153              		@ args = 0, pretend = 0, frame = 0
 154              		@ frame_needed = 0, uses_anonymous_args = 0
 155              		@ link register save eliminated.
 156              	.LBB3:
 157              		.loc 1 152 0
 158 0000 2023     		movs	r3, #32
 159              	.LVL8:
 160              	@ 152 "../../../ChibiOS/os/ports/GCC/ARMCMx/chcore_v7m.c" 1
 161 0002 83F31188 		msr     BASEPRI, r3
 162              	@ 0 "" 2
 163              	.LVL9:
 164              		.thumb
ARM GAS  C:\Users\DNIEL~1\AppData\Local\Temp\ccENKQmc.s 			page 4


 165              	.LBE3:
 166              		.loc 1 153 0
 167 0006 4FF46D43 		mov	r3, #60672
 168              	.LVL10:
 169 000a CEF20003 		movt	r3, 57344
 170 000e 5868     		ldr	r0, [r3, #4]
 171 0010 10F40063 		ands	r3, r0, #2048
 172 0014 19D0     		beq	.L5
 173              	.LBB4:
 174              		.loc 1 163 0
 175              	@ 163 "../../../ChibiOS/os/ports/GCC/ARMCMx/chcore_v7m.c" 1
 176 0016 EFF30983 		mrs     r3, PSP
 177              	@ 0 "" 2
 178              	.LVL11:
 179              		.loc 1 168 0
 180              		.thumb
 181 001a 4FF08072 		mov	r2, #16777216
 182 001e 43F8042C 		str	r2, [r3, #-4]
 183              		.loc 1 167 0
 184 0022 A3F12001 		sub	r1, r3, #32
 185              	.LVL12:
 186              		.loc 1 172 0
 187              	@ 172 "../../../ChibiOS/os/ports/GCC/ARMCMx/chcore_v7m.c" 1
 188 0026 81F30988 		msr     PSP, r1
 189              	@ 0 "" 2
 190              		.loc 1 176 0
 191              		.thumb
 192 002a 0E49     		ldr	r1, .L12
 193              	.LVL13:
 194 002c 8A69     		ldr	r2, [r1, #24]
 195 002e 0968     		ldr	r1, [r1, #0]
 196 0030 D07F     		ldrb	r0, [r2, #31]	@ zero_extendqisi2
 197 0032 8968     		ldr	r1, [r1, #8]
 198 0034 9268     		ldr	r2, [r2, #8]
 199 0036 58B1     		cbz	r0, .L6
 200              		.loc 1 176 0 is_stmt 0 discriminator 1
 201 0038 9142     		cmp	r1, r2
 202 003a 94BF     		ite	ls
 203 003c 0022     		movls	r2, #0
 204 003e 0122     		movhi	r2, #1
 205 0040 62B1     		cbz	r2, .L8
 206              	.L11:
 207              		.loc 1 178 0 is_stmt 1
 208 0042 094A     		ldr	r2, .L12+4
 209 0044 43F8082C 		str	r2, [r3, #-8]
 210 0048 7047     		bx	lr
 211              	.LVL14:
 212              	.L5:
 213              	.LBE4:
 214              	.LBB5:
 215              		.loc 1 190 0
 216              	@ 190 "../../../ChibiOS/os/ports/GCC/ARMCMx/chcore_v7m.c" 1
 217 004a 83F31188 		msr     BASEPRI, r3
 218              	@ 0 "" 2
 219              	.LVL15:
 220              		.thumb
 221 004e 7047     		bx	lr
ARM GAS  C:\Users\DNIEL~1\AppData\Local\Temp\ccENKQmc.s 			page 5


 222              	.LVL16:
 223              	.L6:
 224              	.LBE5:
 225              	.LBB6:
 226              		.loc 1 176 0 discriminator 2
 227 0050 9142     		cmp	r1, r2
 228 0052 34BF     		ite	cc
 229 0054 0022     		movcc	r2, #0
 230 0056 0122     		movcs	r2, #1
 231 0058 002A     		cmp	r2, #0
 232 005a F2D1     		bne	.L11
 233              	.L8:
 234              		.loc 1 183 0
 235 005c 0348     		ldr	r0, .L12+8
 236 005e 43F8080C 		str	r0, [r3, #-8]
 237 0062 7047     		bx	lr
 238              	.L13:
 239              		.align	2
 240              	.L12:
 241 0064 00000000 		.word	rlist
 242 0068 00000000 		.word	_port_switch_from_isr
 243 006c 04000000 		.word	_port_exit_from_isr
 244              	.LBE6:
 245              		.cfi_endproc
 246              	.LFE10:
 247              		.size	_port_irq_epilogue, .-_port_irq_epilogue
 248              		.section	.text.SysTickVector,"ax",%progbits
 249              		.align	2
 250              		.p2align 4,,15
 251              		.global	SysTickVector
 252              		.thumb
 253              		.thumb_func
 254              		.type	SysTickVector, %function
 255              	SysTickVector:
 256              	.LFB7:
 257              		.loc 1 47 0
 258              		.cfi_startproc
 259              		@ args = 0, pretend = 0, frame = 0
 260              		@ frame_needed = 0, uses_anonymous_args = 0
 261 0000 08B5     		push	{r3, lr}
 262              	.LCFI1:
 263              		.cfi_def_cfa_offset 8
 264              		.cfi_offset 3, -8
 265              		.cfi_offset 14, -4
 266              	.LBB7:
 267              		.loc 1 51 0
 268 0002 2023     		movs	r3, #32
 269              	.LVL17:
 270              	@ 51 "../../../ChibiOS/os/ports/GCC/ARMCMx/chcore_v7m.c" 1
 271 0004 83F31188 		msr     BASEPRI, r3
 272              	@ 0 "" 2
 273              	.LVL18:
 274              		.thumb
 275              	.LBE7:
 276              		.loc 1 52 0
 277 0008 FFF7FEFF 		bl	chSysTimerHandlerI
 278              	.LVL19:
ARM GAS  C:\Users\DNIEL~1\AppData\Local\Temp\ccENKQmc.s 			page 6


 279              	.LBB8:
 280              		.loc 1 53 0
 281 000c 0023     		movs	r3, #0
 282              	.LVL20:
 283              	@ 53 "../../../ChibiOS/os/ports/GCC/ARMCMx/chcore_v7m.c" 1
 284 000e 83F31188 		msr     BASEPRI, r3
 285              	@ 0 "" 2
 286              	.LVL21:
 287              		.thumb
 288              	.LBE8:
 289              		.loc 1 56 0
 290 0012 BDE80840 		pop	{r3, lr}
 291              		.loc 1 55 0
 292 0016 FFF7FEBF 		b	_port_irq_epilogue
 293              	.LVL22:
 294              		.cfi_endproc
 295              	.LFE7:
 296              		.size	SysTickVector, .-SysTickVector
 297              		.section	.text._port_switch,"ax",%progbits
 298              		.align	2
 299              		.p2align 4,,15
 300              		.global	_port_switch
 301              		.thumb
 302              		.thumb_func
 303              		.type	_port_switch, %function
 304              	_port_switch:
 305              	.LFB12:
 306              		.loc 1 229 0
 307              		.cfi_startproc
 308              		@ Naked Function: prologue and epilogue provided by programmer.
 309              		@ args = 0, pretend = 0, frame = 0
 310              		@ frame_needed = 0, uses_anonymous_args = 0
 311              	.LVL23:
 312              		.loc 1 231 0
 313              	@ 231 "../../../ChibiOS/os/ports/GCC/ARMCMx/chcore_v7m.c" 1
 314 0000 2DE9F04F 		push    {r4, r5, r6, r7, r8, r9, r10, r11, lr}
 315              	@ 0 "" 2
 316              		.loc 1 237 0
 317              	@ 237 "../../../ChibiOS/os/ports/GCC/ARMCMx/chcore_v7m.c" 1
 318 0004 C1F80CD0 		str     sp, [r1, #12]                          
 319 0008 D0F80CD0 		ldr     sp, [r0, #12]
 320              	@ 0 "" 2
 321              		.loc 1 243 0
 322              	@ 243 "../../../ChibiOS/os/ports/GCC/ARMCMx/chcore_v7m.c" 1
 323 000c BDE8F08F 		pop     {r4, r5, r6, r7, r8, r9, r10, r11, pc}
 324              	@ 0 "" 2
 325              		.loc 1 245 0
 326              		.thumb
 327              		.cfi_endproc
 328              	.LFE12:
 329              		.size	_port_switch, .-_port_switch
 330              		.section	.text._port_thread_start,"ax",%progbits
 331              		.align	2
 332              		.p2align 4,,15
 333              		.global	_port_thread_start
 334              		.thumb
 335              		.thumb_func
ARM GAS  C:\Users\DNIEL~1\AppData\Local\Temp\ccENKQmc.s 			page 7


 336              		.type	_port_thread_start, %function
 337              	_port_thread_start:
 338              	.LFB13:
 339              		.loc 1 252 0
 340              		.cfi_startproc
 341              		@ args = 0, pretend = 0, frame = 0
 342              		@ frame_needed = 0, uses_anonymous_args = 0
 343              		@ link register save eliminated.
 344              	.LBB9:
 345              		.loc 1 254 0
 346 0000 0023     		movs	r3, #0
 347              	.LVL24:
 348              	@ 254 "../../../ChibiOS/os/ports/GCC/ARMCMx/chcore_v7m.c" 1
 349 0002 83F31188 		msr     BASEPRI, r3
 350              	@ 0 "" 2
 351              	.LVL25:
 352              		.thumb
 353              	.LBE9:
 354              		.loc 1 255 0
 355              	@ 255 "../../../ChibiOS/os/ports/GCC/ARMCMx/chcore_v7m.c" 1
 356 0006 2846     		mov     r0, r5                                 
 357 0008 A047     		blx     r4                                     
 358 000a FFF7FEFF 		bl      chThdExit
 359              	@ 0 "" 2
 360              		.thumb
 361 000e 7047     		bx	lr
 362              		.cfi_endproc
 363              	.LFE13:
 364              		.size	_port_thread_start, .-_port_thread_start
 365              		.text
 366              	.Letext0:
 367              		.file 2 "c:\\chibistudio\\tools\\gnu tools arm embedded\\4.7 2014q2\\bin\\../lib/gcc/arm-none-eabi
 368              		.file 3 "../../../ChibiOS/os/ports/GCC/ARMCMx/chtypes.h"
 369              		.file 4 "../../../ChibiOS/os/kernel/include/chlists.h"
 370              		.file 5 "../../../ChibiOS/os/kernel/include/chthreads.h"
 371              		.file 6 "../../../ChibiOS/os/ports/GCC/ARMCMx/chcore_v7m.h"
 372              		.file 7 "../../../ChibiOS/os/ports/common/ARMCMx/nvic.h"
 373              		.file 8 "../../../ChibiOS/os/kernel/include/chschd.h"
 374              		.file 9 "../../../ChibiOS/os/kernel/include/chmtx.h"
 375              		.file 10 "../../../ChibiOS/os/kernel/include/chsys.h"
 376              		.section	.debug_info,"",%progbits
 377              	.Ldebug_info0:
 378 0000 97080000 		.4byte	0x897
 379 0004 0200     		.2byte	0x2
 380 0006 00000000 		.4byte	.Ldebug_abbrev0
 381 000a 04       		.byte	0x4
 382 000b 01       		.uleb128 0x1
 383 000c 0E020000 		.4byte	.LASF93
 384 0010 01       		.byte	0x1
 385 0011 8D000000 		.4byte	.LASF94
 386 0015 9F030000 		.4byte	.LASF95
 387 0019 18000000 		.4byte	.Ldebug_ranges0+0x18
 388 001d 00000000 		.4byte	0
 389 0021 00000000 		.4byte	0
 390 0025 00000000 		.4byte	.Ldebug_line0
 391 0029 02       		.uleb128 0x2
 392 002a 04       		.byte	0x4
ARM GAS  C:\Users\DNIEL~1\AppData\Local\Temp\ccENKQmc.s 			page 8


 393 002b 05       		.byte	0x5
 394 002c 696E7400 		.ascii	"int\000"
 395 0030 03       		.uleb128 0x3
 396 0031 04       		.byte	0x4
 397 0032 07       		.byte	0x7
 398 0033 3B010000 		.4byte	.LASF0
 399 0037 03       		.uleb128 0x3
 400 0038 01       		.byte	0x1
 401 0039 06       		.byte	0x6
 402 003a 71000000 		.4byte	.LASF1
 403 003e 04       		.uleb128 0x4
 404 003f D5030000 		.4byte	.LASF5
 405 0043 02       		.byte	0x2
 406 0044 2A       		.byte	0x2a
 407 0045 49000000 		.4byte	0x49
 408 0049 03       		.uleb128 0x3
 409 004a 01       		.byte	0x1
 410 004b 08       		.byte	0x8
 411 004c AE020000 		.4byte	.LASF2
 412 0050 03       		.uleb128 0x3
 413 0051 02       		.byte	0x2
 414 0052 05       		.byte	0x5
 415 0053 CC020000 		.4byte	.LASF3
 416 0057 03       		.uleb128 0x3
 417 0058 02       		.byte	0x2
 418 0059 07       		.byte	0x7
 419 005a 98010000 		.4byte	.LASF4
 420 005e 04       		.uleb128 0x4
 421 005f A6020000 		.4byte	.LASF6
 422 0063 02       		.byte	0x2
 423 0064 4F       		.byte	0x4f
 424 0065 69000000 		.4byte	0x69
 425 0069 03       		.uleb128 0x3
 426 006a 04       		.byte	0x4
 427 006b 05       		.byte	0x5
 428 006c C9000000 		.4byte	.LASF7
 429 0070 04       		.uleb128 0x4
 430 0071 1C030000 		.4byte	.LASF8
 431 0075 02       		.byte	0x2
 432 0076 50       		.byte	0x50
 433 0077 7B000000 		.4byte	0x7b
 434 007b 03       		.uleb128 0x3
 435 007c 04       		.byte	0x4
 436 007d 07       		.byte	0x7
 437 007e 63010000 		.4byte	.LASF9
 438 0082 03       		.uleb128 0x3
 439 0083 08       		.byte	0x8
 440 0084 05       		.byte	0x5
 441 0085 63000000 		.4byte	.LASF10
 442 0089 03       		.uleb128 0x3
 443 008a 08       		.byte	0x8
 444 008b 07       		.byte	0x7
 445 008c 36000000 		.4byte	.LASF11
 446 0090 03       		.uleb128 0x3
 447 0091 01       		.byte	0x1
 448 0092 02       		.byte	0x2
 449 0093 A0020000 		.4byte	.LASF12
ARM GAS  C:\Users\DNIEL~1\AppData\Local\Temp\ccENKQmc.s 			page 9


 450 0097 04       		.uleb128 0x4
 451 0098 DA010000 		.4byte	.LASF13
 452 009c 03       		.byte	0x3
 453 009d 2C       		.byte	0x2c
 454 009e 3E000000 		.4byte	0x3e
 455 00a2 04       		.uleb128 0x4
 456 00a3 D2000000 		.4byte	.LASF14
 457 00a7 03       		.byte	0x3
 458 00a8 2D       		.byte	0x2d
 459 00a9 3E000000 		.4byte	0x3e
 460 00ad 04       		.uleb128 0x4
 461 00ae 84020000 		.4byte	.LASF15
 462 00b2 03       		.byte	0x3
 463 00b3 2E       		.byte	0x2e
 464 00b4 3E000000 		.4byte	0x3e
 465 00b8 04       		.uleb128 0x4
 466 00b9 BF000000 		.4byte	.LASF16
 467 00bd 03       		.byte	0x3
 468 00be 2F       		.byte	0x2f
 469 00bf 3E000000 		.4byte	0x3e
 470 00c3 04       		.uleb128 0x4
 471 00c4 98020000 		.4byte	.LASF17
 472 00c8 03       		.byte	0x3
 473 00c9 30       		.byte	0x30
 474 00ca 70000000 		.4byte	0x70
 475 00ce 04       		.uleb128 0x4
 476 00cf B0010000 		.4byte	.LASF18
 477 00d3 03       		.byte	0x3
 478 00d4 31       		.byte	0x31
 479 00d5 5E000000 		.4byte	0x5e
 480 00d9 04       		.uleb128 0x4
 481 00da EE010000 		.4byte	.LASF19
 482 00de 03       		.byte	0x3
 483 00df 33       		.byte	0x33
 484 00e0 70000000 		.4byte	0x70
 485 00e4 04       		.uleb128 0x4
 486 00e5 4E030000 		.4byte	.LASF20
 487 00e9 03       		.byte	0x3
 488 00ea 35       		.byte	0x35
 489 00eb 70000000 		.4byte	0x70
 490 00ef 04       		.uleb128 0x4
 491 00f0 0A030000 		.4byte	.LASF21
 492 00f4 04       		.byte	0x4
 493 00f5 2A       		.byte	0x2a
 494 00f6 FA000000 		.4byte	0xfa
 495 00fa 05       		.uleb128 0x5
 496 00fb 0A030000 		.4byte	.LASF21
 497 00ff 48       		.byte	0x48
 498 0100 05       		.byte	0x5
 499 0101 5E       		.byte	0x5e
 500 0102 1F020000 		.4byte	0x21f
 501 0106 06       		.uleb128 0x6
 502 0107 FB020000 		.4byte	.LASF22
 503 010b 05       		.byte	0x5
 504 010c 5F       		.byte	0x5f
 505 010d 44020000 		.4byte	0x244
 506 0111 02       		.byte	0x2
ARM GAS  C:\Users\DNIEL~1\AppData\Local\Temp\ccENKQmc.s 			page 10


 507 0112 23       		.byte	0x23
 508 0113 00       		.uleb128 0
 509 0114 06       		.uleb128 0x6
 510 0115 91020000 		.4byte	.LASF23
 511 0119 05       		.byte	0x5
 512 011a 61       		.byte	0x61
 513 011b 44020000 		.4byte	0x244
 514 011f 02       		.byte	0x2
 515 0120 23       		.byte	0x23
 516 0121 04       		.uleb128 0x4
 517 0122 06       		.uleb128 0x6
 518 0123 5C000000 		.4byte	.LASF24
 519 0127 05       		.byte	0x5
 520 0128 63       		.byte	0x63
 521 0129 C3000000 		.4byte	0xc3
 522 012d 02       		.byte	0x2
 523 012e 23       		.byte	0x23
 524 012f 08       		.uleb128 0x8
 525 0130 06       		.uleb128 0x6
 526 0131 09040000 		.4byte	.LASF25
 527 0135 05       		.byte	0x5
 528 0136 64       		.byte	0x64
 529 0137 8A030000 		.4byte	0x38a
 530 013b 02       		.byte	0x2
 531 013c 23       		.byte	0x23
 532 013d 0C       		.uleb128 0xc
 533 013e 06       		.uleb128 0x6
 534 013f EE000000 		.4byte	.LASF26
 535 0143 05       		.byte	0x5
 536 0144 66       		.byte	0x66
 537 0145 44020000 		.4byte	0x244
 538 0149 02       		.byte	0x2
 539 014a 23       		.byte	0x23
 540 014b 10       		.uleb128 0x10
 541 014c 06       		.uleb128 0x6
 542 014d 57020000 		.4byte	.LASF27
 543 0151 05       		.byte	0x5
 544 0152 67       		.byte	0x67
 545 0153 44020000 		.4byte	0x244
 546 0157 02       		.byte	0x2
 547 0158 23       		.byte	0x23
 548 0159 14       		.uleb128 0x14
 549 015a 06       		.uleb128 0x6
 550 015b EF030000 		.4byte	.LASF28
 551 015f 05       		.byte	0x5
 552 0160 6E       		.byte	0x6e
 553 0161 42060000 		.4byte	0x642
 554 0165 02       		.byte	0x2
 555 0166 23       		.byte	0x23
 556 0167 18       		.uleb128 0x18
 557 0168 06       		.uleb128 0x6
 558 0169 D6020000 		.4byte	.LASF29
 559 016d 05       		.byte	0x5
 560 016e 79       		.byte	0x79
 561 016f A2000000 		.4byte	0xa2
 562 0173 02       		.byte	0x2
 563 0174 23       		.byte	0x23
ARM GAS  C:\Users\DNIEL~1\AppData\Local\Temp\ccENKQmc.s 			page 11


 564 0175 1C       		.uleb128 0x1c
 565 0176 06       		.uleb128 0x6
 566 0177 02030000 		.4byte	.LASF30
 567 017b 05       		.byte	0x5
 568 017c 7D       		.byte	0x7d
 569 017d 97000000 		.4byte	0x97
 570 0181 02       		.byte	0x2
 571 0182 23       		.byte	0x23
 572 0183 1D       		.uleb128 0x1d
 573 0184 06       		.uleb128 0x6
 574 0185 8E030000 		.4byte	.LASF31
 575 0189 05       		.byte	0x5
 576 018a 82       		.byte	0x82
 577 018b AD000000 		.4byte	0xad
 578 018f 02       		.byte	0x2
 579 0190 23       		.byte	0x23
 580 0191 1E       		.uleb128 0x1e
 581 0192 06       		.uleb128 0x6
 582 0193 DE020000 		.4byte	.LASF32
 583 0197 05       		.byte	0x5
 584 0198 88       		.byte	0x88
 585 0199 B8000000 		.4byte	0xb8
 586 019d 02       		.byte	0x2
 587 019e 23       		.byte	0x23
 588 019f 1F       		.uleb128 0x1f
 589 01a0 06       		.uleb128 0x6
 590 01a1 70030000 		.4byte	.LASF33
 591 01a5 05       		.byte	0x5
 592 01a6 8F       		.byte	0x8f
 593 01a7 58050000 		.4byte	0x558
 594 01ab 02       		.byte	0x2
 595 01ac 23       		.byte	0x23
 596 01ad 20       		.uleb128 0x20
 597 01ae 07       		.uleb128 0x7
 598 01af 705F7500 		.ascii	"p_u\000"
 599 01b3 05       		.byte	0x5
 600 01b4 B4       		.byte	0xb4
 601 01b5 0D060000 		.4byte	0x60d
 602 01b9 02       		.byte	0x2
 603 01ba 23       		.byte	0x23
 604 01bb 24       		.uleb128 0x24
 605 01bc 06       		.uleb128 0x6
 606 01bd 0F040000 		.4byte	.LASF34
 607 01c1 05       		.byte	0x5
 608 01c2 B9       		.byte	0xb9
 609 01c3 6C020000 		.4byte	0x26c
 610 01c7 02       		.byte	0x2
 611 01c8 23       		.byte	0x23
 612 01c9 28       		.uleb128 0x28
 613 01ca 06       		.uleb128 0x6
 614 01cb 83030000 		.4byte	.LASF35
 615 01cf 05       		.byte	0x5
 616 01d0 BF       		.byte	0xbf
 617 01d1 4A020000 		.4byte	0x24a
 618 01d5 02       		.byte	0x2
 619 01d6 23       		.byte	0x23
 620 01d7 2C       		.uleb128 0x2c
ARM GAS  C:\Users\DNIEL~1\AppData\Local\Temp\ccENKQmc.s 			page 12


 621 01d8 06       		.uleb128 0x6
 622 01d9 00000000 		.4byte	.LASF36
 623 01dd 05       		.byte	0x5
 624 01de C3       		.byte	0xc3
 625 01df CE000000 		.4byte	0xce
 626 01e3 02       		.byte	0x2
 627 01e4 23       		.byte	0x23
 628 01e5 34       		.uleb128 0x34
 629 01e6 06       		.uleb128 0x6
 630 01e7 11030000 		.4byte	.LASF37
 631 01eb 05       		.byte	0x5
 632 01ec C9       		.byte	0xc9
 633 01ed D9000000 		.4byte	0xd9
 634 01f1 02       		.byte	0x2
 635 01f2 23       		.byte	0x23
 636 01f3 38       		.uleb128 0x38
 637 01f4 06       		.uleb128 0x6
 638 01f5 C2020000 		.4byte	.LASF38
 639 01f9 05       		.byte	0x5
 640 01fa D0       		.byte	0xd0
 641 01fb 54060000 		.4byte	0x654
 642 01ff 02       		.byte	0x2
 643 0200 23       		.byte	0x23
 644 0201 3C       		.uleb128 0x3c
 645 0202 06       		.uleb128 0x6
 646 0203 58030000 		.4byte	.LASF39
 647 0207 05       		.byte	0x5
 648 0208 D4       		.byte	0xd4
 649 0209 C3000000 		.4byte	0xc3
 650 020d 02       		.byte	0x2
 651 020e 23       		.byte	0x23
 652 020f 40       		.uleb128 0x40
 653 0210 06       		.uleb128 0x6
 654 0211 7D000000 		.4byte	.LASF40
 655 0215 05       		.byte	0x5
 656 0216 DA       		.byte	0xda
 657 0217 82020000 		.4byte	0x282
 658 021b 02       		.byte	0x2
 659 021c 23       		.byte	0x23
 660 021d 44       		.uleb128 0x44
 661 021e 00       		.byte	0
 662 021f 08       		.uleb128 0x8
 663 0220 08       		.byte	0x8
 664 0221 04       		.byte	0x4
 665 0222 61       		.byte	0x61
 666 0223 44020000 		.4byte	0x244
 667 0227 06       		.uleb128 0x6
 668 0228 FB020000 		.4byte	.LASF22
 669 022c 04       		.byte	0x4
 670 022d 62       		.byte	0x62
 671 022e 44020000 		.4byte	0x244
 672 0232 02       		.byte	0x2
 673 0233 23       		.byte	0x23
 674 0234 00       		.uleb128 0
 675 0235 06       		.uleb128 0x6
 676 0236 91020000 		.4byte	.LASF23
 677 023a 04       		.byte	0x4
ARM GAS  C:\Users\DNIEL~1\AppData\Local\Temp\ccENKQmc.s 			page 13


 678 023b 64       		.byte	0x64
 679 023c 44020000 		.4byte	0x244
 680 0240 02       		.byte	0x2
 681 0241 23       		.byte	0x23
 682 0242 04       		.uleb128 0x4
 683 0243 00       		.byte	0
 684 0244 09       		.uleb128 0x9
 685 0245 04       		.byte	0x4
 686 0246 EF000000 		.4byte	0xef
 687 024a 04       		.uleb128 0x4
 688 024b 65020000 		.4byte	.LASF41
 689 024f 04       		.byte	0x4
 690 0250 66       		.byte	0x66
 691 0251 1F020000 		.4byte	0x21f
 692 0255 08       		.uleb128 0x8
 693 0256 04       		.byte	0x4
 694 0257 04       		.byte	0x4
 695 0258 6B       		.byte	0x6b
 696 0259 6C020000 		.4byte	0x26c
 697 025d 06       		.uleb128 0x6
 698 025e FB020000 		.4byte	.LASF22
 699 0262 04       		.byte	0x4
 700 0263 6D       		.byte	0x6d
 701 0264 44020000 		.4byte	0x244
 702 0268 02       		.byte	0x2
 703 0269 23       		.byte	0x23
 704 026a 00       		.uleb128 0
 705 026b 00       		.byte	0
 706 026c 04       		.uleb128 0x4
 707 026d E2010000 		.4byte	.LASF42
 708 0271 04       		.byte	0x4
 709 0272 70       		.byte	0x70
 710 0273 55020000 		.4byte	0x255
 711 0277 04       		.uleb128 0x4
 712 0278 20010000 		.4byte	.LASF43
 713 027c 06       		.byte	0x6
 714 027d E5       		.byte	0xe5
 715 027e 82020000 		.4byte	0x282
 716 0282 0A       		.uleb128 0xa
 717 0283 04       		.byte	0x4
 718 0284 05       		.uleb128 0x5
 719 0285 4F010000 		.4byte	.LASF44
 720 0289 20       		.byte	0x20
 721 028a 06       		.byte	0x6
 722 028b ED       		.byte	0xed
 723 028c FC020000 		.4byte	0x2fc
 724 0290 07       		.uleb128 0x7
 725 0291 723000   		.ascii	"r0\000"
 726 0294 06       		.byte	0x6
 727 0295 EE       		.byte	0xee
 728 0296 77020000 		.4byte	0x277
 729 029a 02       		.byte	0x2
 730 029b 23       		.byte	0x23
 731 029c 00       		.uleb128 0
 732 029d 07       		.uleb128 0x7
 733 029e 723100   		.ascii	"r1\000"
 734 02a1 06       		.byte	0x6
ARM GAS  C:\Users\DNIEL~1\AppData\Local\Temp\ccENKQmc.s 			page 14


 735 02a2 EF       		.byte	0xef
 736 02a3 77020000 		.4byte	0x277
 737 02a7 02       		.byte	0x2
 738 02a8 23       		.byte	0x23
 739 02a9 04       		.uleb128 0x4
 740 02aa 07       		.uleb128 0x7
 741 02ab 723200   		.ascii	"r2\000"
 742 02ae 06       		.byte	0x6
 743 02af F0       		.byte	0xf0
 744 02b0 77020000 		.4byte	0x277
 745 02b4 02       		.byte	0x2
 746 02b5 23       		.byte	0x23
 747 02b6 08       		.uleb128 0x8
 748 02b7 07       		.uleb128 0x7
 749 02b8 723300   		.ascii	"r3\000"
 750 02bb 06       		.byte	0x6
 751 02bc F1       		.byte	0xf1
 752 02bd 77020000 		.4byte	0x277
 753 02c1 02       		.byte	0x2
 754 02c2 23       		.byte	0x23
 755 02c3 0C       		.uleb128 0xc
 756 02c4 07       		.uleb128 0x7
 757 02c5 72313200 		.ascii	"r12\000"
 758 02c9 06       		.byte	0x6
 759 02ca F2       		.byte	0xf2
 760 02cb 77020000 		.4byte	0x277
 761 02cf 02       		.byte	0x2
 762 02d0 23       		.byte	0x23
 763 02d1 10       		.uleb128 0x10
 764 02d2 06       		.uleb128 0x6
 765 02d3 48010000 		.4byte	.LASF45
 766 02d7 06       		.byte	0x6
 767 02d8 F3       		.byte	0xf3
 768 02d9 77020000 		.4byte	0x277
 769 02dd 02       		.byte	0x2
 770 02de 23       		.byte	0x23
 771 02df 14       		.uleb128 0x14
 772 02e0 07       		.uleb128 0x7
 773 02e1 706300   		.ascii	"pc\000"
 774 02e4 06       		.byte	0x6
 775 02e5 F4       		.byte	0xf4
 776 02e6 77020000 		.4byte	0x277
 777 02ea 02       		.byte	0x2
 778 02eb 23       		.byte	0x23
 779 02ec 18       		.uleb128 0x18
 780 02ed 06       		.uleb128 0x6
 781 02ee E8020000 		.4byte	.LASF46
 782 02f2 06       		.byte	0x6
 783 02f3 F5       		.byte	0xf5
 784 02f4 77020000 		.4byte	0x277
 785 02f8 02       		.byte	0x2
 786 02f9 23       		.byte	0x23
 787 02fa 1C       		.uleb128 0x1c
 788 02fb 00       		.byte	0
 789 02fc 0B       		.uleb128 0xb
 790 02fd 7C030000 		.4byte	.LASF47
 791 0301 24       		.byte	0x24
ARM GAS  C:\Users\DNIEL~1\AppData\Local\Temp\ccENKQmc.s 			page 15


 792 0302 06       		.byte	0x6
 793 0303 0C01     		.2byte	0x10c
 794 0305 8A030000 		.4byte	0x38a
 795 0309 0C       		.uleb128 0xc
 796 030a 723400   		.ascii	"r4\000"
 797 030d 06       		.byte	0x6
 798 030e 1F01     		.2byte	0x11f
 799 0310 77020000 		.4byte	0x277
 800 0314 02       		.byte	0x2
 801 0315 23       		.byte	0x23
 802 0316 00       		.uleb128 0
 803 0317 0C       		.uleb128 0xc
 804 0318 723500   		.ascii	"r5\000"
 805 031b 06       		.byte	0x6
 806 031c 2001     		.2byte	0x120
 807 031e 77020000 		.4byte	0x277
 808 0322 02       		.byte	0x2
 809 0323 23       		.byte	0x23
 810 0324 04       		.uleb128 0x4
 811 0325 0C       		.uleb128 0xc
 812 0326 723600   		.ascii	"r6\000"
 813 0329 06       		.byte	0x6
 814 032a 2101     		.2byte	0x121
 815 032c 77020000 		.4byte	0x277
 816 0330 02       		.byte	0x2
 817 0331 23       		.byte	0x23
 818 0332 08       		.uleb128 0x8
 819 0333 0C       		.uleb128 0xc
 820 0334 723700   		.ascii	"r7\000"
 821 0337 06       		.byte	0x6
 822 0338 2201     		.2byte	0x122
 823 033a 77020000 		.4byte	0x277
 824 033e 02       		.byte	0x2
 825 033f 23       		.byte	0x23
 826 0340 0C       		.uleb128 0xc
 827 0341 0C       		.uleb128 0xc
 828 0342 723800   		.ascii	"r8\000"
 829 0345 06       		.byte	0x6
 830 0346 2301     		.2byte	0x123
 831 0348 77020000 		.4byte	0x277
 832 034c 02       		.byte	0x2
 833 034d 23       		.byte	0x23
 834 034e 10       		.uleb128 0x10
 835 034f 0C       		.uleb128 0xc
 836 0350 723900   		.ascii	"r9\000"
 837 0353 06       		.byte	0x6
 838 0354 2401     		.2byte	0x124
 839 0356 77020000 		.4byte	0x277
 840 035a 02       		.byte	0x2
 841 035b 23       		.byte	0x23
 842 035c 14       		.uleb128 0x14
 843 035d 0C       		.uleb128 0xc
 844 035e 72313000 		.ascii	"r10\000"
 845 0362 06       		.byte	0x6
 846 0363 2501     		.2byte	0x125
 847 0365 77020000 		.4byte	0x277
 848 0369 02       		.byte	0x2
ARM GAS  C:\Users\DNIEL~1\AppData\Local\Temp\ccENKQmc.s 			page 16


 849 036a 23       		.byte	0x23
 850 036b 18       		.uleb128 0x18
 851 036c 0C       		.uleb128 0xc
 852 036d 72313100 		.ascii	"r11\000"
 853 0371 06       		.byte	0x6
 854 0372 2601     		.2byte	0x126
 855 0374 77020000 		.4byte	0x277
 856 0378 02       		.byte	0x2
 857 0379 23       		.byte	0x23
 858 037a 1C       		.uleb128 0x1c
 859 037b 0C       		.uleb128 0xc
 860 037c 6C7200   		.ascii	"lr\000"
 861 037f 06       		.byte	0x6
 862 0380 2701     		.2byte	0x127
 863 0382 77020000 		.4byte	0x277
 864 0386 02       		.byte	0x2
 865 0387 23       		.byte	0x23
 866 0388 20       		.uleb128 0x20
 867 0389 00       		.byte	0
 868 038a 0B       		.uleb128 0xb
 869 038b 90010000 		.4byte	.LASF48
 870 038f 04       		.byte	0x4
 871 0390 06       		.byte	0x6
 872 0391 3101     		.2byte	0x131
 873 0393 A7030000 		.4byte	0x3a7
 874 0397 0C       		.uleb128 0xc
 875 0398 72313300 		.ascii	"r13\000"
 876 039c 06       		.byte	0x6
 877 039d 3201     		.2byte	0x132
 878 039f A7030000 		.4byte	0x3a7
 879 03a3 02       		.byte	0x2
 880 03a4 23       		.byte	0x23
 881 03a5 00       		.uleb128 0
 882 03a6 00       		.byte	0
 883 03a7 09       		.uleb128 0x9
 884 03a8 04       		.byte	0x4
 885 03a9 FC020000 		.4byte	0x2fc
 886 03ad 04       		.uleb128 0x4
 887 03ae 3F030000 		.4byte	.LASF49
 888 03b2 07       		.byte	0x7
 889 03b3 3A       		.byte	0x3a
 890 03b4 B8030000 		.4byte	0x3b8
 891 03b8 0D       		.uleb128 0xd
 892 03b9 70000000 		.4byte	0x70
 893 03bd 03       		.uleb128 0x3
 894 03be 04       		.byte	0x4
 895 03bf 07       		.byte	0x7
 896 03c0 00020000 		.4byte	.LASF50
 897 03c4 08       		.uleb128 0x8
 898 03c5 8C       		.byte	0x8c
 899 03c6 07       		.byte	0x7
 900 03c7 89       		.byte	0x89
 901 03c8 F4040000 		.4byte	0x4f4
 902 03cc 06       		.uleb128 0x6
 903 03cd 56000000 		.4byte	.LASF51
 904 03d1 07       		.byte	0x7
 905 03d2 8A       		.byte	0x8a
ARM GAS  C:\Users\DNIEL~1\AppData\Local\Temp\ccENKQmc.s 			page 17


 906 03d3 AD030000 		.4byte	0x3ad
 907 03d7 02       		.byte	0x2
 908 03d8 23       		.byte	0x23
 909 03d9 00       		.uleb128 0
 910 03da 06       		.uleb128 0x6
 911 03db AB010000 		.4byte	.LASF52
 912 03df 07       		.byte	0x7
 913 03e0 8B       		.byte	0x8b
 914 03e1 AD030000 		.4byte	0x3ad
 915 03e5 02       		.byte	0x2
 916 03e6 23       		.byte	0x23
 917 03e7 04       		.uleb128 0x4
 918 03e8 06       		.uleb128 0x6
 919 03e9 75010000 		.4byte	.LASF53
 920 03ed 07       		.byte	0x7
 921 03ee 8C       		.byte	0x8c
 922 03ef AD030000 		.4byte	0x3ad
 923 03f3 02       		.byte	0x2
 924 03f4 23       		.byte	0x23
 925 03f5 08       		.uleb128 0x8
 926 03f6 06       		.uleb128 0x6
 927 03f7 B6010000 		.4byte	.LASF54
 928 03fb 07       		.byte	0x7
 929 03fc 8D       		.byte	0x8d
 930 03fd AD030000 		.4byte	0x3ad
 931 0401 02       		.byte	0x2
 932 0402 23       		.byte	0x23
 933 0403 0C       		.uleb128 0xc
 934 0404 07       		.uleb128 0x7
 935 0405 53435200 		.ascii	"SCR\000"
 936 0409 07       		.byte	0x7
 937 040a 8E       		.byte	0x8e
 938 040b AD030000 		.4byte	0x3ad
 939 040f 02       		.byte	0x2
 940 0410 23       		.byte	0x23
 941 0411 10       		.uleb128 0x10
 942 0412 07       		.uleb128 0x7
 943 0413 43435200 		.ascii	"CCR\000"
 944 0417 07       		.byte	0x7
 945 0418 8F       		.byte	0x8f
 946 0419 AD030000 		.4byte	0x3ad
 947 041d 02       		.byte	0x2
 948 041e 23       		.byte	0x23
 949 041f 14       		.uleb128 0x14
 950 0420 06       		.uleb128 0x6
 951 0421 77030000 		.4byte	.LASF55
 952 0425 07       		.byte	0x7
 953 0426 90       		.byte	0x90
 954 0427 04050000 		.4byte	0x504
 955 042b 02       		.byte	0x2
 956 042c 23       		.byte	0x23
 957 042d 18       		.uleb128 0x18
 958 042e 06       		.uleb128 0x6
 959 042f BC020000 		.4byte	.LASF56
 960 0433 07       		.byte	0x7
 961 0434 91       		.byte	0x91
 962 0435 AD030000 		.4byte	0x3ad
ARM GAS  C:\Users\DNIEL~1\AppData\Local\Temp\ccENKQmc.s 			page 18


 963 0439 02       		.byte	0x2
 964 043a 23       		.byte	0x23
 965 043b 24       		.uleb128 0x24
 966 043c 06       		.uleb128 0x6
 967 043d 09020000 		.4byte	.LASF57
 968 0441 07       		.byte	0x7
 969 0442 92       		.byte	0x92
 970 0443 AD030000 		.4byte	0x3ad
 971 0447 02       		.byte	0x2
 972 0448 23       		.byte	0x23
 973 0449 28       		.uleb128 0x28
 974 044a 06       		.uleb128 0x6
 975 044b FC030000 		.4byte	.LASF58
 976 044f 07       		.byte	0x7
 977 0450 93       		.byte	0x93
 978 0451 AD030000 		.4byte	0x3ad
 979 0455 02       		.byte	0x2
 980 0456 23       		.byte	0x23
 981 0457 2C       		.uleb128 0x2c
 982 0458 06       		.uleb128 0x6
 983 0459 BC010000 		.4byte	.LASF59
 984 045d 07       		.byte	0x7
 985 045e 94       		.byte	0x94
 986 045f AD030000 		.4byte	0x3ad
 987 0463 02       		.byte	0x2
 988 0464 23       		.byte	0x23
 989 0465 30       		.uleb128 0x30
 990 0466 06       		.uleb128 0x6
 991 0467 C1010000 		.4byte	.LASF60
 992 046b 07       		.byte	0x7
 993 046c 95       		.byte	0x95
 994 046d AD030000 		.4byte	0x3ad
 995 0471 02       		.byte	0x2
 996 0472 23       		.byte	0x23
 997 0473 34       		.uleb128 0x34
 998 0474 06       		.uleb128 0x6
 999 0475 F6000000 		.4byte	.LASF61
 1000 0479 07       		.byte	0x7
 1001 047a 96       		.byte	0x96
 1002 047b AD030000 		.4byte	0x3ad
 1003 047f 02       		.byte	0x2
 1004 0480 23       		.byte	0x23
 1005 0481 38       		.uleb128 0x38
 1006 0482 06       		.uleb128 0x6
 1007 0483 2D030000 		.4byte	.LASF62
 1008 0487 07       		.byte	0x7
 1009 0488 97       		.byte	0x97
 1010 0489 AD030000 		.4byte	0x3ad
 1011 048d 02       		.byte	0x2
 1012 048e 23       		.byte	0x23
 1013 048f 3C       		.uleb128 0x3c
 1014 0490 07       		.uleb128 0x7
 1015 0491 50465200 		.ascii	"PFR\000"
 1016 0495 07       		.byte	0x7
 1017 0496 98       		.byte	0x98
 1018 0497 19050000 		.4byte	0x519
 1019 049b 02       		.byte	0x2
ARM GAS  C:\Users\DNIEL~1\AppData\Local\Temp\ccENKQmc.s 			page 19


 1020 049c 23       		.byte	0x23
 1021 049d 40       		.uleb128 0x40
 1022 049e 07       		.uleb128 0x7
 1023 049f 44465200 		.ascii	"DFR\000"
 1024 04a3 07       		.byte	0x7
 1025 04a4 99       		.byte	0x99
 1026 04a5 AD030000 		.4byte	0x3ad
 1027 04a9 02       		.byte	0x2
 1028 04aa 23       		.byte	0x23
 1029 04ab 48       		.uleb128 0x48
 1030 04ac 07       		.uleb128 0x7
 1031 04ad 41445200 		.ascii	"ADR\000"
 1032 04b1 07       		.byte	0x7
 1033 04b2 9A       		.byte	0x9a
 1034 04b3 AD030000 		.4byte	0x3ad
 1035 04b7 02       		.byte	0x2
 1036 04b8 23       		.byte	0x23
 1037 04b9 4C       		.uleb128 0x4c
 1038 04ba 06       		.uleb128 0x6
 1039 04bb CA030000 		.4byte	.LASF63
 1040 04bf 07       		.byte	0x7
 1041 04c0 9B       		.byte	0x9b
 1042 04c1 2E050000 		.4byte	0x52e
 1043 04c5 02       		.byte	0x2
 1044 04c6 23       		.byte	0x23
 1045 04c7 50       		.uleb128 0x50
 1046 04c8 07       		.uleb128 0x7
 1047 04c9 53415200 		.ascii	"SAR\000"
 1048 04cd 07       		.byte	0x7
 1049 04ce 9C       		.byte	0x9c
 1050 04cf 43050000 		.4byte	0x543
 1051 04d3 02       		.byte	0x2
 1052 04d4 23       		.byte	0x23
 1053 04d5 60       		.uleb128 0x60
 1054 04d6 06       		.uleb128 0x6
 1055 04d7 32030000 		.4byte	.LASF64
 1056 04db 07       		.byte	0x7
 1057 04dc 9D       		.byte	0x9d
 1058 04dd 48050000 		.4byte	0x548
 1059 04e1 02       		.byte	0x2
 1060 04e2 23       		.byte	0x23
 1061 04e3 74       		.uleb128 0x74
 1062 04e4 06       		.uleb128 0x6
 1063 04e5 F6030000 		.4byte	.LASF65
 1064 04e9 07       		.byte	0x7
 1065 04ea 9E       		.byte	0x9e
 1066 04eb AD030000 		.4byte	0x3ad
 1067 04ef 03       		.byte	0x3
 1068 04f0 23       		.byte	0x23
 1069 04f1 8801     		.uleb128 0x88
 1070 04f3 00       		.byte	0
 1071 04f4 0E       		.uleb128 0xe
 1072 04f5 AD030000 		.4byte	0x3ad
 1073 04f9 04050000 		.4byte	0x504
 1074 04fd 0F       		.uleb128 0xf
 1075 04fe BD030000 		.4byte	0x3bd
 1076 0502 02       		.byte	0x2
ARM GAS  C:\Users\DNIEL~1\AppData\Local\Temp\ccENKQmc.s 			page 20


 1077 0503 00       		.byte	0
 1078 0504 0D       		.uleb128 0xd
 1079 0505 F4040000 		.4byte	0x4f4
 1080 0509 0E       		.uleb128 0xe
 1081 050a AD030000 		.4byte	0x3ad
 1082 050e 19050000 		.4byte	0x519
 1083 0512 0F       		.uleb128 0xf
 1084 0513 BD030000 		.4byte	0x3bd
 1085 0517 01       		.byte	0x1
 1086 0518 00       		.byte	0
 1087 0519 0D       		.uleb128 0xd
 1088 051a 09050000 		.4byte	0x509
 1089 051e 0E       		.uleb128 0xe
 1090 051f AD030000 		.4byte	0x3ad
 1091 0523 2E050000 		.4byte	0x52e
 1092 0527 0F       		.uleb128 0xf
 1093 0528 BD030000 		.4byte	0x3bd
 1094 052c 03       		.byte	0x3
 1095 052d 00       		.byte	0
 1096 052e 0D       		.uleb128 0xd
 1097 052f 1E050000 		.4byte	0x51e
 1098 0533 0E       		.uleb128 0xe
 1099 0534 AD030000 		.4byte	0x3ad
 1100 0538 43050000 		.4byte	0x543
 1101 053c 0F       		.uleb128 0xf
 1102 053d BD030000 		.4byte	0x3bd
 1103 0541 04       		.byte	0x4
 1104 0542 00       		.byte	0
 1105 0543 0D       		.uleb128 0xd
 1106 0544 33050000 		.4byte	0x533
 1107 0548 0D       		.uleb128 0xd
 1108 0549 33050000 		.4byte	0x533
 1109 054d 04       		.uleb128 0x4
 1110 054e 0D000000 		.4byte	.LASF66
 1111 0552 07       		.byte	0x7
 1112 0553 9F       		.byte	0x9f
 1113 0554 C4030000 		.4byte	0x3c4
 1114 0558 0D       		.uleb128 0xd
 1115 0559 E4000000 		.4byte	0xe4
 1116 055d 08       		.uleb128 0x8
 1117 055e 1C       		.byte	0x1c
 1118 055f 08       		.byte	0x8
 1119 0560 5E       		.byte	0x5e
 1120 0561 BA050000 		.4byte	0x5ba
 1121 0565 06       		.uleb128 0x6
 1122 0566 25030000 		.4byte	.LASF67
 1123 056a 08       		.byte	0x8
 1124 056b 5F       		.byte	0x5f
 1125 056c 4A020000 		.4byte	0x24a
 1126 0570 02       		.byte	0x2
 1127 0571 23       		.byte	0x23
 1128 0572 00       		.uleb128 0
 1129 0573 06       		.uleb128 0x6
 1130 0574 ED020000 		.4byte	.LASF68
 1131 0578 08       		.byte	0x8
 1132 0579 60       		.byte	0x60
 1133 057a C3000000 		.4byte	0xc3
ARM GAS  C:\Users\DNIEL~1\AppData\Local\Temp\ccENKQmc.s 			page 21


 1134 057e 02       		.byte	0x2
 1135 057f 23       		.byte	0x23
 1136 0580 08       		.uleb128 0x8
 1137 0581 06       		.uleb128 0x6
 1138 0582 5F020000 		.4byte	.LASF69
 1139 0586 08       		.byte	0x8
 1140 0587 62       		.byte	0x62
 1141 0588 8A030000 		.4byte	0x38a
 1142 058c 02       		.byte	0x2
 1143 058d 23       		.byte	0x23
 1144 058e 0C       		.uleb128 0xc
 1145 058f 06       		.uleb128 0x6
 1146 0590 FB000000 		.4byte	.LASF70
 1147 0594 08       		.byte	0x8
 1148 0595 65       		.byte	0x65
 1149 0596 44020000 		.4byte	0x244
 1150 059a 02       		.byte	0x2
 1151 059b 23       		.byte	0x23
 1152 059c 10       		.uleb128 0x10
 1153 059d 06       		.uleb128 0x6
 1154 059e 7C020000 		.4byte	.LASF71
 1155 05a2 08       		.byte	0x8
 1156 05a3 66       		.byte	0x66
 1157 05a4 44020000 		.4byte	0x244
 1158 05a8 02       		.byte	0x2
 1159 05a9 23       		.byte	0x23
 1160 05aa 14       		.uleb128 0x14
 1161 05ab 06       		.uleb128 0x6
 1162 05ac 72020000 		.4byte	.LASF72
 1163 05b0 08       		.byte	0x8
 1164 05b1 69       		.byte	0x69
 1165 05b2 44020000 		.4byte	0x244
 1166 05b6 02       		.byte	0x2
 1167 05b7 23       		.byte	0x23
 1168 05b8 18       		.uleb128 0x18
 1169 05b9 00       		.byte	0
 1170 05ba 04       		.uleb128 0x4
 1171 05bb 95030000 		.4byte	.LASF73
 1172 05bf 08       		.byte	0x8
 1173 05c0 6B       		.byte	0x6b
 1174 05c1 5D050000 		.4byte	0x55d
 1175 05c5 05       		.uleb128 0x5
 1176 05c6 FA010000 		.4byte	.LASF74
 1177 05ca 10       		.byte	0x10
 1178 05cb 09       		.byte	0x9
 1179 05cc 2C       		.byte	0x2c
 1180 05cd FC050000 		.4byte	0x5fc
 1181 05d1 06       		.uleb128 0x6
 1182 05d2 85000000 		.4byte	.LASF75
 1183 05d6 09       		.byte	0x9
 1184 05d7 2D       		.byte	0x2d
 1185 05d8 4A020000 		.4byte	0x24a
 1186 05dc 02       		.byte	0x2
 1187 05dd 23       		.byte	0x23
 1188 05de 00       		.uleb128 0
 1189 05df 06       		.uleb128 0x6
 1190 05e0 01040000 		.4byte	.LASF76
ARM GAS  C:\Users\DNIEL~1\AppData\Local\Temp\ccENKQmc.s 			page 22


 1191 05e4 09       		.byte	0x9
 1192 05e5 2F       		.byte	0x2f
 1193 05e6 44020000 		.4byte	0x244
 1194 05ea 02       		.byte	0x2
 1195 05eb 23       		.byte	0x23
 1196 05ec 08       		.uleb128 0x8
 1197 05ed 06       		.uleb128 0x6
 1198 05ee 47030000 		.4byte	.LASF77
 1199 05f2 09       		.byte	0x9
 1200 05f3 31       		.byte	0x31
 1201 05f4 FC050000 		.4byte	0x5fc
 1202 05f8 02       		.byte	0x2
 1203 05f9 23       		.byte	0x23
 1204 05fa 0C       		.uleb128 0xc
 1205 05fb 00       		.byte	0
 1206 05fc 09       		.uleb128 0x9
 1207 05fd 04       		.byte	0x4
 1208 05fe C5050000 		.4byte	0x5c5
 1209 0602 04       		.uleb128 0x4
 1210 0603 FA010000 		.4byte	.LASF74
 1211 0607 09       		.byte	0x9
 1212 0608 33       		.byte	0x33
 1213 0609 C5050000 		.4byte	0x5c5
 1214 060d 10       		.uleb128 0x10
 1215 060e 04       		.byte	0x4
 1216 060f 05       		.byte	0x5
 1217 0610 96       		.byte	0x96
 1218 0611 42060000 		.4byte	0x642
 1219 0615 11       		.uleb128 0x11
 1220 0616 06000000 		.4byte	.LASF78
 1221 061a 05       		.byte	0x5
 1222 061b 9D       		.byte	0x9d
 1223 061c CE000000 		.4byte	0xce
 1224 0620 11       		.uleb128 0x11
 1225 0621 4D000000 		.4byte	.LASF79
 1226 0625 05       		.byte	0x5
 1227 0626 A4       		.byte	0xa4
 1228 0627 CE000000 		.4byte	0xce
 1229 062b 11       		.uleb128 0x11
 1230 062c E8030000 		.4byte	.LASF80
 1231 0630 05       		.byte	0x5
 1232 0631 AB       		.byte	0xab
 1233 0632 82020000 		.4byte	0x282
 1234 0636 11       		.uleb128 0x11
 1235 0637 F4020000 		.4byte	.LASF81
 1236 063b 05       		.byte	0x5
 1237 063c B2       		.byte	0xb2
 1238 063d D9000000 		.4byte	0xd9
 1239 0641 00       		.byte	0
 1240 0642 09       		.uleb128 0x9
 1241 0643 04       		.byte	0x4
 1242 0644 48060000 		.4byte	0x648
 1243 0648 12       		.uleb128 0x12
 1244 0649 4D060000 		.4byte	0x64d
 1245 064d 03       		.uleb128 0x3
 1246 064e 01       		.byte	0x1
 1247 064f 08       		.byte	0x8
ARM GAS  C:\Users\DNIEL~1\AppData\Local\Temp\ccENKQmc.s 			page 23


 1248 0650 3A030000 		.4byte	.LASF82
 1249 0654 09       		.uleb128 0x9
 1250 0655 04       		.byte	0x4
 1251 0656 02060000 		.4byte	0x602
 1252 065a 13       		.uleb128 0x13
 1253 065b 01       		.byte	0x1
 1254 065c 7A010000 		.4byte	.LASF83
 1255 0660 01       		.byte	0x1
 1256 0661 C8       		.byte	0xc8
 1257 0662 01       		.byte	0x1
 1258 0663 00000000 		.4byte	.LFB11
 1259 0667 06000000 		.4byte	.LFE11
 1260 066b 02       		.byte	0x2
 1261 066c 7D       		.byte	0x7d
 1262 066d 00       		.sleb128 0
 1263 066e 01       		.byte	0x1
 1264 066f 7D060000 		.4byte	0x67d
 1265 0673 14       		.uleb128 0x14
 1266 0674 04000000 		.4byte	.LVL0
 1267 0678 6C080000 		.4byte	0x86c
 1268 067c 00       		.byte	0
 1269 067d 13       		.uleb128 0x13
 1270 067e 01       		.byte	0x1
 1271 067f 63030000 		.4byte	.LASF84
 1272 0683 01       		.byte	0x1
 1273 0684 41       		.byte	0x41
 1274 0685 01       		.byte	0x1
 1275 0686 00000000 		.4byte	.LFB8
 1276 068a 12000000 		.4byte	.LFE8
 1277 068e 02       		.byte	0x2
 1278 068f 7D       		.byte	0x7d
 1279 0690 00       		.sleb128 0
 1280 0691 01       		.byte	0x1
 1281 0692 BF060000 		.4byte	0x6bf
 1282 0696 15       		.uleb128 0x15
 1283 0697 8C020000 		.4byte	.LASF85
 1284 069b 01       		.byte	0x1
 1285 069c 42       		.byte	0x42
 1286 069d BF060000 		.4byte	0x6bf
 1287 06a1 00000000 		.4byte	.LLST0
 1288 06a5 16       		.uleb128 0x16
 1289 06a6 0A000000 		.4byte	.LBB2
 1290 06aa 12000000 		.4byte	.LBE2
 1291 06ae 17       		.uleb128 0x17
 1292 06af 746D7000 		.ascii	"tmp\000"
 1293 06b3 01       		.byte	0x1
 1294 06b4 52       		.byte	0x52
 1295 06b5 70000000 		.4byte	0x70
 1296 06b9 20000000 		.4byte	.LLST1
 1297 06bd 00       		.byte	0
 1298 06be 00       		.byte	0
 1299 06bf 09       		.uleb128 0x9
 1300 06c0 04       		.byte	0x4
 1301 06c1 84020000 		.4byte	0x284
 1302 06c5 18       		.uleb128 0x18
 1303 06c6 01       		.byte	0x1
 1304 06c7 DD030000 		.4byte	.LASF86
ARM GAS  C:\Users\DNIEL~1\AppData\Local\Temp\ccENKQmc.s 			page 24


 1305 06cb 01       		.byte	0x1
 1306 06cc 78       		.byte	0x78
 1307 06cd 01       		.byte	0x1
 1308 06ce 00000000 		.4byte	.LFB9
 1309 06d2 34000000 		.4byte	.LFE9
 1310 06d6 33000000 		.4byte	.LLST2
 1311 06da 01       		.byte	0x1
 1312 06db 27070000 		.4byte	0x727
 1313 06df 19       		.uleb128 0x19
 1314 06e0 20000000 		.4byte	.LVL5
 1315 06e4 76080000 		.4byte	0x876
 1316 06e8 F7060000 		.4byte	0x6f7
 1317 06ec 1A       		.uleb128 0x1a
 1318 06ed 01       		.byte	0x1
 1319 06ee 51       		.byte	0x51
 1320 06ef 01       		.byte	0x1
 1321 06f0 40       		.byte	0x40
 1322 06f1 1A       		.uleb128 0x1a
 1323 06f2 01       		.byte	0x1
 1324 06f3 50       		.byte	0x50
 1325 06f4 01       		.byte	0x1
 1326 06f5 37       		.byte	0x37
 1327 06f6 00       		.byte	0
 1328 06f7 19       		.uleb128 0x19
 1329 06f8 28000000 		.4byte	.LVL6
 1330 06fc 76080000 		.4byte	0x876
 1331 0700 10070000 		.4byte	0x710
 1332 0704 1A       		.uleb128 0x1a
 1333 0705 01       		.byte	0x1
 1334 0706 51       		.byte	0x51
 1335 0707 02       		.byte	0x2
 1336 0708 08       		.byte	0x8
 1337 0709 20       		.byte	0x20
 1338 070a 1A       		.uleb128 0x1a
 1339 070b 01       		.byte	0x1
 1340 070c 50       		.byte	0x50
 1341 070d 01       		.byte	0x1
 1342 070e 3A       		.byte	0x3a
 1343 070f 00       		.byte	0
 1344 0710 1B       		.uleb128 0x1b
 1345 0711 34000000 		.4byte	.LVL7
 1346 0715 01       		.byte	0x1
 1347 0716 76080000 		.4byte	0x876
 1348 071a 1A       		.uleb128 0x1a
 1349 071b 01       		.byte	0x1
 1350 071c 51       		.byte	0x51
 1351 071d 02       		.byte	0x2
 1352 071e 08       		.byte	0x8
 1353 071f 80       		.byte	0x80
 1354 0720 1A       		.uleb128 0x1a
 1355 0721 01       		.byte	0x1
 1356 0722 50       		.byte	0x50
 1357 0723 01       		.byte	0x1
 1358 0724 3B       		.byte	0x3b
 1359 0725 00       		.byte	0
 1360 0726 00       		.byte	0
 1361 0727 13       		.uleb128 0x13
ARM GAS  C:\Users\DNIEL~1\AppData\Local\Temp\ccENKQmc.s 			page 25


 1362 0728 01       		.byte	0x1
 1363 0729 C7010000 		.4byte	.LASF87
 1364 072d 01       		.byte	0x1
 1365 072e 96       		.byte	0x96
 1366 072f 01       		.byte	0x1
 1367 0730 00000000 		.4byte	.LFB10
 1368 0734 70000000 		.4byte	.LFE10
 1369 0738 02       		.byte	0x2
 1370 0739 7D       		.byte	0x7d
 1371 073a 00       		.sleb128 0
 1372 073b 01       		.byte	0x1
 1373 073c 90070000 		.4byte	0x790
 1374 0740 1C       		.uleb128 0x1c
 1375 0741 00000000 		.4byte	.LBB3
 1376 0745 06000000 		.4byte	.LBE3
 1377 0749 5D070000 		.4byte	0x75d
 1378 074d 17       		.uleb128 0x17
 1379 074e 746D7000 		.ascii	"tmp\000"
 1380 0752 01       		.byte	0x1
 1381 0753 98       		.byte	0x98
 1382 0754 70000000 		.4byte	0x70
 1383 0758 53000000 		.4byte	.LLST3
 1384 075c 00       		.byte	0
 1385 075d 1D       		.uleb128 0x1d
 1386 075e 00000000 		.4byte	.Ldebug_ranges0+0
 1387 0762 76070000 		.4byte	0x776
 1388 0766 15       		.uleb128 0x15
 1389 0767 8C020000 		.4byte	.LASF85
 1390 076b 01       		.byte	0x1
 1391 076c 9A       		.byte	0x9a
 1392 076d BF060000 		.4byte	0x6bf
 1393 0771 66000000 		.4byte	.LLST4
 1394 0775 00       		.byte	0
 1395 0776 16       		.uleb128 0x16
 1396 0777 4A000000 		.4byte	.LBB5
 1397 077b 50000000 		.4byte	.LBE5
 1398 077f 17       		.uleb128 0x17
 1399 0780 746D7000 		.ascii	"tmp\000"
 1400 0784 01       		.byte	0x1
 1401 0785 BE       		.byte	0xbe
 1402 0786 70000000 		.4byte	0x70
 1403 078a A0000000 		.4byte	.LLST5
 1404 078e 00       		.byte	0
 1405 078f 00       		.byte	0
 1406 0790 18       		.uleb128 0x18
 1407 0791 01       		.byte	0x1
 1408 0792 28000000 		.4byte	.LASF88
 1409 0796 01       		.byte	0x1
 1410 0797 2F       		.byte	0x2f
 1411 0798 01       		.byte	0x1
 1412 0799 00000000 		.4byte	.LFB7
 1413 079d 1A000000 		.4byte	.LFE7
 1414 07a1 B3000000 		.4byte	.LLST6
 1415 07a5 01       		.byte	0x1
 1416 07a6 F8070000 		.4byte	0x7f8
 1417 07aa 1C       		.uleb128 0x1c
 1418 07ab 02000000 		.4byte	.LBB7
ARM GAS  C:\Users\DNIEL~1\AppData\Local\Temp\ccENKQmc.s 			page 26


 1419 07af 08000000 		.4byte	.LBE7
 1420 07b3 C7070000 		.4byte	0x7c7
 1421 07b7 17       		.uleb128 0x17
 1422 07b8 746D7000 		.ascii	"tmp\000"
 1423 07bc 01       		.byte	0x1
 1424 07bd 33       		.byte	0x33
 1425 07be 70000000 		.4byte	0x70
 1426 07c2 D3000000 		.4byte	.LLST7
 1427 07c6 00       		.byte	0
 1428 07c7 1C       		.uleb128 0x1c
 1429 07c8 0C000000 		.4byte	.LBB8
 1430 07cc 12000000 		.4byte	.LBE8
 1431 07d0 E4070000 		.4byte	0x7e4
 1432 07d4 17       		.uleb128 0x17
 1433 07d5 746D7000 		.ascii	"tmp\000"
 1434 07d9 01       		.byte	0x1
 1435 07da 35       		.byte	0x35
 1436 07db 70000000 		.4byte	0x70
 1437 07df E6000000 		.4byte	.LLST8
 1438 07e3 00       		.byte	0
 1439 07e4 14       		.uleb128 0x14
 1440 07e5 0C000000 		.4byte	.LVL19
 1441 07e9 90080000 		.4byte	0x890
 1442 07ed 1E       		.uleb128 0x1e
 1443 07ee 1A000000 		.4byte	.LVL22
 1444 07f2 01       		.byte	0x1
 1445 07f3 27070000 		.4byte	0x727
 1446 07f7 00       		.byte	0
 1447 07f8 13       		.uleb128 0x13
 1448 07f9 01       		.byte	0x1
 1449 07fa 56010000 		.4byte	.LASF89
 1450 07fe 01       		.byte	0x1
 1451 07ff E5       		.byte	0xe5
 1452 0800 01       		.byte	0x1
 1453 0801 00000000 		.4byte	.LFB12
 1454 0805 10000000 		.4byte	.LFE12
 1455 0809 02       		.byte	0x2
 1456 080a 7D       		.byte	0x7d
 1457 080b 00       		.sleb128 0
 1458 080c 01       		.byte	0x1
 1459 080d 2C080000 		.4byte	0x82c
 1460 0811 1F       		.uleb128 0x1f
 1461 0812 6E747000 		.ascii	"ntp\000"
 1462 0816 01       		.byte	0x1
 1463 0817 E5       		.byte	0xe5
 1464 0818 44020000 		.4byte	0x244
 1465 081c 01       		.byte	0x1
 1466 081d 50       		.byte	0x50
 1467 081e 1F       		.uleb128 0x1f
 1468 081f 6F747000 		.ascii	"otp\000"
 1469 0823 01       		.byte	0x1
 1470 0824 E5       		.byte	0xe5
 1471 0825 44020000 		.4byte	0x244
 1472 0829 01       		.byte	0x1
 1473 082a 51       		.byte	0x51
 1474 082b 00       		.byte	0
 1475 082c 13       		.uleb128 0x13
ARM GAS  C:\Users\DNIEL~1\AppData\Local\Temp\ccENKQmc.s 			page 27


 1476 082d 01       		.byte	0x1
 1477 082e DB000000 		.4byte	.LASF90
 1478 0832 01       		.byte	0x1
 1479 0833 FC       		.byte	0xfc
 1480 0834 01       		.byte	0x1
 1481 0835 00000000 		.4byte	.LFB13
 1482 0839 10000000 		.4byte	.LFE13
 1483 083d 02       		.byte	0x2
 1484 083e 7D       		.byte	0x7d
 1485 083f 00       		.sleb128 0
 1486 0840 01       		.byte	0x1
 1487 0841 5F080000 		.4byte	0x85f
 1488 0845 16       		.uleb128 0x16
 1489 0846 00000000 		.4byte	.LBB9
 1490 084a 06000000 		.4byte	.LBE9
 1491 084e 17       		.uleb128 0x17
 1492 084f 746D7000 		.ascii	"tmp\000"
 1493 0853 01       		.byte	0x1
 1494 0854 FE       		.byte	0xfe
 1495 0855 70000000 		.4byte	0x70
 1496 0859 F9000000 		.4byte	.LLST9
 1497 085d 00       		.byte	0
 1498 085e 00       		.byte	0
 1499 085f 20       		.uleb128 0x20
 1500 0860 CF030000 		.4byte	.LASF96
 1501 0864 08       		.byte	0x8
 1502 0865 6F       		.byte	0x6f
 1503 0866 BA050000 		.4byte	0x5ba
 1504 086a 01       		.byte	0x1
 1505 086b 01       		.byte	0x1
 1506 086c 21       		.uleb128 0x21
 1507 086d 01       		.byte	0x1
 1508 086e 29010000 		.4byte	.LASF91
 1509 0872 08       		.byte	0x8
 1510 0873 A8       		.byte	0xa8
 1511 0874 01       		.byte	0x1
 1512 0875 01       		.byte	0x1
 1513 0876 22       		.uleb128 0x22
 1514 0877 01       		.byte	0x1
 1515 0878 03010000 		.4byte	.LASF97
 1516 087c 07       		.byte	0x7
 1517 087d 2501     		.2byte	0x125
 1518 087f 01       		.byte	0x1
 1519 0880 01       		.byte	0x1
 1520 0881 90080000 		.4byte	0x890
 1521 0885 23       		.uleb128 0x23
 1522 0886 70000000 		.4byte	0x70
 1523 088a 23       		.uleb128 0x23
 1524 088b 70000000 		.4byte	0x70
 1525 088f 00       		.byte	0
 1526 0890 21       		.uleb128 0x21
 1527 0891 01       		.byte	0x1
 1528 0892 15000000 		.4byte	.LASF92
 1529 0896 0A       		.byte	0xa
 1530 0897 F7       		.byte	0xf7
 1531 0898 01       		.byte	0x1
 1532 0899 01       		.byte	0x1
ARM GAS  C:\Users\DNIEL~1\AppData\Local\Temp\ccENKQmc.s 			page 28


 1533 089a 00       		.byte	0
 1534              		.section	.debug_abbrev,"",%progbits
 1535              	.Ldebug_abbrev0:
 1536 0000 01       		.uleb128 0x1
 1537 0001 11       		.uleb128 0x11
 1538 0002 01       		.byte	0x1
 1539 0003 25       		.uleb128 0x25
 1540 0004 0E       		.uleb128 0xe
 1541 0005 13       		.uleb128 0x13
 1542 0006 0B       		.uleb128 0xb
 1543 0007 03       		.uleb128 0x3
 1544 0008 0E       		.uleb128 0xe
 1545 0009 1B       		.uleb128 0x1b
 1546 000a 0E       		.uleb128 0xe
 1547 000b 55       		.uleb128 0x55
 1548 000c 06       		.uleb128 0x6
 1549 000d 11       		.uleb128 0x11
 1550 000e 01       		.uleb128 0x1
 1551 000f 52       		.uleb128 0x52
 1552 0010 01       		.uleb128 0x1
 1553 0011 10       		.uleb128 0x10
 1554 0012 06       		.uleb128 0x6
 1555 0013 00       		.byte	0
 1556 0014 00       		.byte	0
 1557 0015 02       		.uleb128 0x2
 1558 0016 24       		.uleb128 0x24
 1559 0017 00       		.byte	0
 1560 0018 0B       		.uleb128 0xb
 1561 0019 0B       		.uleb128 0xb
 1562 001a 3E       		.uleb128 0x3e
 1563 001b 0B       		.uleb128 0xb
 1564 001c 03       		.uleb128 0x3
 1565 001d 08       		.uleb128 0x8
 1566 001e 00       		.byte	0
 1567 001f 00       		.byte	0
 1568 0020 03       		.uleb128 0x3
 1569 0021 24       		.uleb128 0x24
 1570 0022 00       		.byte	0
 1571 0023 0B       		.uleb128 0xb
 1572 0024 0B       		.uleb128 0xb
 1573 0025 3E       		.uleb128 0x3e
 1574 0026 0B       		.uleb128 0xb
 1575 0027 03       		.uleb128 0x3
 1576 0028 0E       		.uleb128 0xe
 1577 0029 00       		.byte	0
 1578 002a 00       		.byte	0
 1579 002b 04       		.uleb128 0x4
 1580 002c 16       		.uleb128 0x16
 1581 002d 00       		.byte	0
 1582 002e 03       		.uleb128 0x3
 1583 002f 0E       		.uleb128 0xe
 1584 0030 3A       		.uleb128 0x3a
 1585 0031 0B       		.uleb128 0xb
 1586 0032 3B       		.uleb128 0x3b
 1587 0033 0B       		.uleb128 0xb
 1588 0034 49       		.uleb128 0x49
 1589 0035 13       		.uleb128 0x13
ARM GAS  C:\Users\DNIEL~1\AppData\Local\Temp\ccENKQmc.s 			page 29


 1590 0036 00       		.byte	0
 1591 0037 00       		.byte	0
 1592 0038 05       		.uleb128 0x5
 1593 0039 13       		.uleb128 0x13
 1594 003a 01       		.byte	0x1
 1595 003b 03       		.uleb128 0x3
 1596 003c 0E       		.uleb128 0xe
 1597 003d 0B       		.uleb128 0xb
 1598 003e 0B       		.uleb128 0xb
 1599 003f 3A       		.uleb128 0x3a
 1600 0040 0B       		.uleb128 0xb
 1601 0041 3B       		.uleb128 0x3b
 1602 0042 0B       		.uleb128 0xb
 1603 0043 01       		.uleb128 0x1
 1604 0044 13       		.uleb128 0x13
 1605 0045 00       		.byte	0
 1606 0046 00       		.byte	0
 1607 0047 06       		.uleb128 0x6
 1608 0048 0D       		.uleb128 0xd
 1609 0049 00       		.byte	0
 1610 004a 03       		.uleb128 0x3
 1611 004b 0E       		.uleb128 0xe
 1612 004c 3A       		.uleb128 0x3a
 1613 004d 0B       		.uleb128 0xb
 1614 004e 3B       		.uleb128 0x3b
 1615 004f 0B       		.uleb128 0xb
 1616 0050 49       		.uleb128 0x49
 1617 0051 13       		.uleb128 0x13
 1618 0052 38       		.uleb128 0x38
 1619 0053 0A       		.uleb128 0xa
 1620 0054 00       		.byte	0
 1621 0055 00       		.byte	0
 1622 0056 07       		.uleb128 0x7
 1623 0057 0D       		.uleb128 0xd
 1624 0058 00       		.byte	0
 1625 0059 03       		.uleb128 0x3
 1626 005a 08       		.uleb128 0x8
 1627 005b 3A       		.uleb128 0x3a
 1628 005c 0B       		.uleb128 0xb
 1629 005d 3B       		.uleb128 0x3b
 1630 005e 0B       		.uleb128 0xb
 1631 005f 49       		.uleb128 0x49
 1632 0060 13       		.uleb128 0x13
 1633 0061 38       		.uleb128 0x38
 1634 0062 0A       		.uleb128 0xa
 1635 0063 00       		.byte	0
 1636 0064 00       		.byte	0
 1637 0065 08       		.uleb128 0x8
 1638 0066 13       		.uleb128 0x13
 1639 0067 01       		.byte	0x1
 1640 0068 0B       		.uleb128 0xb
 1641 0069 0B       		.uleb128 0xb
 1642 006a 3A       		.uleb128 0x3a
 1643 006b 0B       		.uleb128 0xb
 1644 006c 3B       		.uleb128 0x3b
 1645 006d 0B       		.uleb128 0xb
 1646 006e 01       		.uleb128 0x1
ARM GAS  C:\Users\DNIEL~1\AppData\Local\Temp\ccENKQmc.s 			page 30


 1647 006f 13       		.uleb128 0x13
 1648 0070 00       		.byte	0
 1649 0071 00       		.byte	0
 1650 0072 09       		.uleb128 0x9
 1651 0073 0F       		.uleb128 0xf
 1652 0074 00       		.byte	0
 1653 0075 0B       		.uleb128 0xb
 1654 0076 0B       		.uleb128 0xb
 1655 0077 49       		.uleb128 0x49
 1656 0078 13       		.uleb128 0x13
 1657 0079 00       		.byte	0
 1658 007a 00       		.byte	0
 1659 007b 0A       		.uleb128 0xa
 1660 007c 0F       		.uleb128 0xf
 1661 007d 00       		.byte	0
 1662 007e 0B       		.uleb128 0xb
 1663 007f 0B       		.uleb128 0xb
 1664 0080 00       		.byte	0
 1665 0081 00       		.byte	0
 1666 0082 0B       		.uleb128 0xb
 1667 0083 13       		.uleb128 0x13
 1668 0084 01       		.byte	0x1
 1669 0085 03       		.uleb128 0x3
 1670 0086 0E       		.uleb128 0xe
 1671 0087 0B       		.uleb128 0xb
 1672 0088 0B       		.uleb128 0xb
 1673 0089 3A       		.uleb128 0x3a
 1674 008a 0B       		.uleb128 0xb
 1675 008b 3B       		.uleb128 0x3b
 1676 008c 05       		.uleb128 0x5
 1677 008d 01       		.uleb128 0x1
 1678 008e 13       		.uleb128 0x13
 1679 008f 00       		.byte	0
 1680 0090 00       		.byte	0
 1681 0091 0C       		.uleb128 0xc
 1682 0092 0D       		.uleb128 0xd
 1683 0093 00       		.byte	0
 1684 0094 03       		.uleb128 0x3
 1685 0095 08       		.uleb128 0x8
 1686 0096 3A       		.uleb128 0x3a
 1687 0097 0B       		.uleb128 0xb
 1688 0098 3B       		.uleb128 0x3b
 1689 0099 05       		.uleb128 0x5
 1690 009a 49       		.uleb128 0x49
 1691 009b 13       		.uleb128 0x13
 1692 009c 38       		.uleb128 0x38
 1693 009d 0A       		.uleb128 0xa
 1694 009e 00       		.byte	0
 1695 009f 00       		.byte	0
 1696 00a0 0D       		.uleb128 0xd
 1697 00a1 35       		.uleb128 0x35
 1698 00a2 00       		.byte	0
 1699 00a3 49       		.uleb128 0x49
 1700 00a4 13       		.uleb128 0x13
 1701 00a5 00       		.byte	0
 1702 00a6 00       		.byte	0
 1703 00a7 0E       		.uleb128 0xe
ARM GAS  C:\Users\DNIEL~1\AppData\Local\Temp\ccENKQmc.s 			page 31


 1704 00a8 01       		.uleb128 0x1
 1705 00a9 01       		.byte	0x1
 1706 00aa 49       		.uleb128 0x49
 1707 00ab 13       		.uleb128 0x13
 1708 00ac 01       		.uleb128 0x1
 1709 00ad 13       		.uleb128 0x13
 1710 00ae 00       		.byte	0
 1711 00af 00       		.byte	0
 1712 00b0 0F       		.uleb128 0xf
 1713 00b1 21       		.uleb128 0x21
 1714 00b2 00       		.byte	0
 1715 00b3 49       		.uleb128 0x49
 1716 00b4 13       		.uleb128 0x13
 1717 00b5 2F       		.uleb128 0x2f
 1718 00b6 0B       		.uleb128 0xb
 1719 00b7 00       		.byte	0
 1720 00b8 00       		.byte	0
 1721 00b9 10       		.uleb128 0x10
 1722 00ba 17       		.uleb128 0x17
 1723 00bb 01       		.byte	0x1
 1724 00bc 0B       		.uleb128 0xb
 1725 00bd 0B       		.uleb128 0xb
 1726 00be 3A       		.uleb128 0x3a
 1727 00bf 0B       		.uleb128 0xb
 1728 00c0 3B       		.uleb128 0x3b
 1729 00c1 0B       		.uleb128 0xb
 1730 00c2 01       		.uleb128 0x1
 1731 00c3 13       		.uleb128 0x13
 1732 00c4 00       		.byte	0
 1733 00c5 00       		.byte	0
 1734 00c6 11       		.uleb128 0x11
 1735 00c7 0D       		.uleb128 0xd
 1736 00c8 00       		.byte	0
 1737 00c9 03       		.uleb128 0x3
 1738 00ca 0E       		.uleb128 0xe
 1739 00cb 3A       		.uleb128 0x3a
 1740 00cc 0B       		.uleb128 0xb
 1741 00cd 3B       		.uleb128 0x3b
 1742 00ce 0B       		.uleb128 0xb
 1743 00cf 49       		.uleb128 0x49
 1744 00d0 13       		.uleb128 0x13
 1745 00d1 00       		.byte	0
 1746 00d2 00       		.byte	0
 1747 00d3 12       		.uleb128 0x12
 1748 00d4 26       		.uleb128 0x26
 1749 00d5 00       		.byte	0
 1750 00d6 49       		.uleb128 0x49
 1751 00d7 13       		.uleb128 0x13
 1752 00d8 00       		.byte	0
 1753 00d9 00       		.byte	0
 1754 00da 13       		.uleb128 0x13
 1755 00db 2E       		.uleb128 0x2e
 1756 00dc 01       		.byte	0x1
 1757 00dd 3F       		.uleb128 0x3f
 1758 00de 0C       		.uleb128 0xc
 1759 00df 03       		.uleb128 0x3
 1760 00e0 0E       		.uleb128 0xe
ARM GAS  C:\Users\DNIEL~1\AppData\Local\Temp\ccENKQmc.s 			page 32


 1761 00e1 3A       		.uleb128 0x3a
 1762 00e2 0B       		.uleb128 0xb
 1763 00e3 3B       		.uleb128 0x3b
 1764 00e4 0B       		.uleb128 0xb
 1765 00e5 27       		.uleb128 0x27
 1766 00e6 0C       		.uleb128 0xc
 1767 00e7 11       		.uleb128 0x11
 1768 00e8 01       		.uleb128 0x1
 1769 00e9 12       		.uleb128 0x12
 1770 00ea 01       		.uleb128 0x1
 1771 00eb 40       		.uleb128 0x40
 1772 00ec 0A       		.uleb128 0xa
 1773 00ed 9742     		.uleb128 0x2117
 1774 00ef 0C       		.uleb128 0xc
 1775 00f0 01       		.uleb128 0x1
 1776 00f1 13       		.uleb128 0x13
 1777 00f2 00       		.byte	0
 1778 00f3 00       		.byte	0
 1779 00f4 14       		.uleb128 0x14
 1780 00f5 898201   		.uleb128 0x4109
 1781 00f8 00       		.byte	0
 1782 00f9 11       		.uleb128 0x11
 1783 00fa 01       		.uleb128 0x1
 1784 00fb 31       		.uleb128 0x31
 1785 00fc 13       		.uleb128 0x13
 1786 00fd 00       		.byte	0
 1787 00fe 00       		.byte	0
 1788 00ff 15       		.uleb128 0x15
 1789 0100 34       		.uleb128 0x34
 1790 0101 00       		.byte	0
 1791 0102 03       		.uleb128 0x3
 1792 0103 0E       		.uleb128 0xe
 1793 0104 3A       		.uleb128 0x3a
 1794 0105 0B       		.uleb128 0xb
 1795 0106 3B       		.uleb128 0x3b
 1796 0107 0B       		.uleb128 0xb
 1797 0108 49       		.uleb128 0x49
 1798 0109 13       		.uleb128 0x13
 1799 010a 02       		.uleb128 0x2
 1800 010b 06       		.uleb128 0x6
 1801 010c 00       		.byte	0
 1802 010d 00       		.byte	0
 1803 010e 16       		.uleb128 0x16
 1804 010f 0B       		.uleb128 0xb
 1805 0110 01       		.byte	0x1
 1806 0111 11       		.uleb128 0x11
 1807 0112 01       		.uleb128 0x1
 1808 0113 12       		.uleb128 0x12
 1809 0114 01       		.uleb128 0x1
 1810 0115 00       		.byte	0
 1811 0116 00       		.byte	0
 1812 0117 17       		.uleb128 0x17
 1813 0118 34       		.uleb128 0x34
 1814 0119 00       		.byte	0
 1815 011a 03       		.uleb128 0x3
 1816 011b 08       		.uleb128 0x8
 1817 011c 3A       		.uleb128 0x3a
ARM GAS  C:\Users\DNIEL~1\AppData\Local\Temp\ccENKQmc.s 			page 33


 1818 011d 0B       		.uleb128 0xb
 1819 011e 3B       		.uleb128 0x3b
 1820 011f 0B       		.uleb128 0xb
 1821 0120 49       		.uleb128 0x49
 1822 0121 13       		.uleb128 0x13
 1823 0122 02       		.uleb128 0x2
 1824 0123 06       		.uleb128 0x6
 1825 0124 00       		.byte	0
 1826 0125 00       		.byte	0
 1827 0126 18       		.uleb128 0x18
 1828 0127 2E       		.uleb128 0x2e
 1829 0128 01       		.byte	0x1
 1830 0129 3F       		.uleb128 0x3f
 1831 012a 0C       		.uleb128 0xc
 1832 012b 03       		.uleb128 0x3
 1833 012c 0E       		.uleb128 0xe
 1834 012d 3A       		.uleb128 0x3a
 1835 012e 0B       		.uleb128 0xb
 1836 012f 3B       		.uleb128 0x3b
 1837 0130 0B       		.uleb128 0xb
 1838 0131 27       		.uleb128 0x27
 1839 0132 0C       		.uleb128 0xc
 1840 0133 11       		.uleb128 0x11
 1841 0134 01       		.uleb128 0x1
 1842 0135 12       		.uleb128 0x12
 1843 0136 01       		.uleb128 0x1
 1844 0137 40       		.uleb128 0x40
 1845 0138 06       		.uleb128 0x6
 1846 0139 9742     		.uleb128 0x2117
 1847 013b 0C       		.uleb128 0xc
 1848 013c 01       		.uleb128 0x1
 1849 013d 13       		.uleb128 0x13
 1850 013e 00       		.byte	0
 1851 013f 00       		.byte	0
 1852 0140 19       		.uleb128 0x19
 1853 0141 898201   		.uleb128 0x4109
 1854 0144 01       		.byte	0x1
 1855 0145 11       		.uleb128 0x11
 1856 0146 01       		.uleb128 0x1
 1857 0147 31       		.uleb128 0x31
 1858 0148 13       		.uleb128 0x13
 1859 0149 01       		.uleb128 0x1
 1860 014a 13       		.uleb128 0x13
 1861 014b 00       		.byte	0
 1862 014c 00       		.byte	0
 1863 014d 1A       		.uleb128 0x1a
 1864 014e 8A8201   		.uleb128 0x410a
 1865 0151 00       		.byte	0
 1866 0152 02       		.uleb128 0x2
 1867 0153 0A       		.uleb128 0xa
 1868 0154 9142     		.uleb128 0x2111
 1869 0156 0A       		.uleb128 0xa
 1870 0157 00       		.byte	0
 1871 0158 00       		.byte	0
 1872 0159 1B       		.uleb128 0x1b
 1873 015a 898201   		.uleb128 0x4109
 1874 015d 01       		.byte	0x1
ARM GAS  C:\Users\DNIEL~1\AppData\Local\Temp\ccENKQmc.s 			page 34


 1875 015e 11       		.uleb128 0x11
 1876 015f 01       		.uleb128 0x1
 1877 0160 9542     		.uleb128 0x2115
 1878 0162 0C       		.uleb128 0xc
 1879 0163 31       		.uleb128 0x31
 1880 0164 13       		.uleb128 0x13
 1881 0165 00       		.byte	0
 1882 0166 00       		.byte	0
 1883 0167 1C       		.uleb128 0x1c
 1884 0168 0B       		.uleb128 0xb
 1885 0169 01       		.byte	0x1
 1886 016a 11       		.uleb128 0x11
 1887 016b 01       		.uleb128 0x1
 1888 016c 12       		.uleb128 0x12
 1889 016d 01       		.uleb128 0x1
 1890 016e 01       		.uleb128 0x1
 1891 016f 13       		.uleb128 0x13
 1892 0170 00       		.byte	0
 1893 0171 00       		.byte	0
 1894 0172 1D       		.uleb128 0x1d
 1895 0173 0B       		.uleb128 0xb
 1896 0174 01       		.byte	0x1
 1897 0175 55       		.uleb128 0x55
 1898 0176 06       		.uleb128 0x6
 1899 0177 01       		.uleb128 0x1
 1900 0178 13       		.uleb128 0x13
 1901 0179 00       		.byte	0
 1902 017a 00       		.byte	0
 1903 017b 1E       		.uleb128 0x1e
 1904 017c 898201   		.uleb128 0x4109
 1905 017f 00       		.byte	0
 1906 0180 11       		.uleb128 0x11
 1907 0181 01       		.uleb128 0x1
 1908 0182 9542     		.uleb128 0x2115
 1909 0184 0C       		.uleb128 0xc
 1910 0185 31       		.uleb128 0x31
 1911 0186 13       		.uleb128 0x13
 1912 0187 00       		.byte	0
 1913 0188 00       		.byte	0
 1914 0189 1F       		.uleb128 0x1f
 1915 018a 05       		.uleb128 0x5
 1916 018b 00       		.byte	0
 1917 018c 03       		.uleb128 0x3
 1918 018d 08       		.uleb128 0x8
 1919 018e 3A       		.uleb128 0x3a
 1920 018f 0B       		.uleb128 0xb
 1921 0190 3B       		.uleb128 0x3b
 1922 0191 0B       		.uleb128 0xb
 1923 0192 49       		.uleb128 0x49
 1924 0193 13       		.uleb128 0x13
 1925 0194 02       		.uleb128 0x2
 1926 0195 0A       		.uleb128 0xa
 1927 0196 00       		.byte	0
 1928 0197 00       		.byte	0
 1929 0198 20       		.uleb128 0x20
 1930 0199 34       		.uleb128 0x34
 1931 019a 00       		.byte	0
ARM GAS  C:\Users\DNIEL~1\AppData\Local\Temp\ccENKQmc.s 			page 35


 1932 019b 03       		.uleb128 0x3
 1933 019c 0E       		.uleb128 0xe
 1934 019d 3A       		.uleb128 0x3a
 1935 019e 0B       		.uleb128 0xb
 1936 019f 3B       		.uleb128 0x3b
 1937 01a0 0B       		.uleb128 0xb
 1938 01a1 49       		.uleb128 0x49
 1939 01a2 13       		.uleb128 0x13
 1940 01a3 3F       		.uleb128 0x3f
 1941 01a4 0C       		.uleb128 0xc
 1942 01a5 3C       		.uleb128 0x3c
 1943 01a6 0C       		.uleb128 0xc
 1944 01a7 00       		.byte	0
 1945 01a8 00       		.byte	0
 1946 01a9 21       		.uleb128 0x21
 1947 01aa 2E       		.uleb128 0x2e
 1948 01ab 00       		.byte	0
 1949 01ac 3F       		.uleb128 0x3f
 1950 01ad 0C       		.uleb128 0xc
 1951 01ae 03       		.uleb128 0x3
 1952 01af 0E       		.uleb128 0xe
 1953 01b0 3A       		.uleb128 0x3a
 1954 01b1 0B       		.uleb128 0xb
 1955 01b2 3B       		.uleb128 0x3b
 1956 01b3 0B       		.uleb128 0xb
 1957 01b4 27       		.uleb128 0x27
 1958 01b5 0C       		.uleb128 0xc
 1959 01b6 3C       		.uleb128 0x3c
 1960 01b7 0C       		.uleb128 0xc
 1961 01b8 00       		.byte	0
 1962 01b9 00       		.byte	0
 1963 01ba 22       		.uleb128 0x22
 1964 01bb 2E       		.uleb128 0x2e
 1965 01bc 01       		.byte	0x1
 1966 01bd 3F       		.uleb128 0x3f
 1967 01be 0C       		.uleb128 0xc
 1968 01bf 03       		.uleb128 0x3
 1969 01c0 0E       		.uleb128 0xe
 1970 01c1 3A       		.uleb128 0x3a
 1971 01c2 0B       		.uleb128 0xb
 1972 01c3 3B       		.uleb128 0x3b
 1973 01c4 05       		.uleb128 0x5
 1974 01c5 27       		.uleb128 0x27
 1975 01c6 0C       		.uleb128 0xc
 1976 01c7 3C       		.uleb128 0x3c
 1977 01c8 0C       		.uleb128 0xc
 1978 01c9 01       		.uleb128 0x1
 1979 01ca 13       		.uleb128 0x13
 1980 01cb 00       		.byte	0
 1981 01cc 00       		.byte	0
 1982 01cd 23       		.uleb128 0x23
 1983 01ce 05       		.uleb128 0x5
 1984 01cf 00       		.byte	0
 1985 01d0 49       		.uleb128 0x49
 1986 01d1 13       		.uleb128 0x13
 1987 01d2 00       		.byte	0
 1988 01d3 00       		.byte	0
ARM GAS  C:\Users\DNIEL~1\AppData\Local\Temp\ccENKQmc.s 			page 36


 1989 01d4 00       		.byte	0
 1990              		.section	.debug_loc,"",%progbits
 1991              	.Ldebug_loc0:
 1992              	.LLST0:
 1993 0000 04000000 		.4byte	.LVL1
 1994 0004 06000000 		.4byte	.LVL2
 1995 0008 0300     		.2byte	0x3
 1996 000a 73       		.byte	0x73
 1997 000b 20       		.sleb128 32
 1998 000c 9F       		.byte	0x9f
 1999 000d 06000000 		.4byte	.LVL2
 2000 0011 0C000000 		.4byte	.LVL3
 2001 0015 0100     		.2byte	0x1
 2002 0017 53       		.byte	0x53
 2003 0018 00000000 		.4byte	0
 2004 001c 00000000 		.4byte	0
 2005              	.LLST1:
 2006 0020 10000000 		.4byte	.LVL4
 2007 0024 12000000 		.4byte	.LFE8
 2008 0028 0100     		.2byte	0x1
 2009 002a 53       		.byte	0x53
 2010 002b 00000000 		.4byte	0
 2011 002f 00000000 		.4byte	0
 2012              	.LLST2:
 2013 0033 00000000 		.4byte	.LFB9
 2014 0037 02000000 		.4byte	.LCFI0
 2015 003b 0200     		.2byte	0x2
 2016 003d 7D       		.byte	0x7d
 2017 003e 00       		.sleb128 0
 2018 003f 02000000 		.4byte	.LCFI0
 2019 0043 34000000 		.4byte	.LFE9
 2020 0047 0200     		.2byte	0x2
 2021 0049 7D       		.byte	0x7d
 2022 004a 08       		.sleb128 8
 2023 004b 00000000 		.4byte	0
 2024 004f 00000000 		.4byte	0
 2025              	.LLST3:
 2026 0053 06000000 		.4byte	.LVL9
 2027 0057 0A000000 		.4byte	.LVL10
 2028 005b 0100     		.2byte	0x1
 2029 005d 53       		.byte	0x53
 2030 005e 00000000 		.4byte	0
 2031 0062 00000000 		.4byte	0
 2032              	.LLST4:
 2033 0066 1A000000 		.4byte	.LVL11
 2034 006a 26000000 		.4byte	.LVL12
 2035 006e 0300     		.2byte	0x3
 2036 0070 73       		.byte	0x73
 2037 0071 60       		.sleb128 -32
 2038 0072 9F       		.byte	0x9f
 2039 0073 26000000 		.4byte	.LVL12
 2040 0077 2C000000 		.4byte	.LVL13
 2041 007b 0100     		.2byte	0x1
 2042 007d 51       		.byte	0x51
 2043 007e 2C000000 		.4byte	.LVL13
 2044 0082 4A000000 		.4byte	.LVL14
 2045 0086 0300     		.2byte	0x3
ARM GAS  C:\Users\DNIEL~1\AppData\Local\Temp\ccENKQmc.s 			page 37


 2046 0088 73       		.byte	0x73
 2047 0089 60       		.sleb128 -32
 2048 008a 9F       		.byte	0x9f
 2049 008b 50000000 		.4byte	.LVL16
 2050 008f 70000000 		.4byte	.LFE10
 2051 0093 0300     		.2byte	0x3
 2052 0095 73       		.byte	0x73
 2053 0096 60       		.sleb128 -32
 2054 0097 9F       		.byte	0x9f
 2055 0098 00000000 		.4byte	0
 2056 009c 00000000 		.4byte	0
 2057              	.LLST5:
 2058 00a0 4E000000 		.4byte	.LVL15
 2059 00a4 50000000 		.4byte	.LVL16
 2060 00a8 0100     		.2byte	0x1
 2061 00aa 53       		.byte	0x53
 2062 00ab 00000000 		.4byte	0
 2063 00af 00000000 		.4byte	0
 2064              	.LLST6:
 2065 00b3 00000000 		.4byte	.LFB7
 2066 00b7 02000000 		.4byte	.LCFI1
 2067 00bb 0200     		.2byte	0x2
 2068 00bd 7D       		.byte	0x7d
 2069 00be 00       		.sleb128 0
 2070 00bf 02000000 		.4byte	.LCFI1
 2071 00c3 1A000000 		.4byte	.LFE7
 2072 00c7 0200     		.2byte	0x2
 2073 00c9 7D       		.byte	0x7d
 2074 00ca 08       		.sleb128 8
 2075 00cb 00000000 		.4byte	0
 2076 00cf 00000000 		.4byte	0
 2077              	.LLST7:
 2078 00d3 08000000 		.4byte	.LVL18
 2079 00d7 0B000000 		.4byte	.LVL19-1
 2080 00db 0100     		.2byte	0x1
 2081 00dd 53       		.byte	0x53
 2082 00de 00000000 		.4byte	0
 2083 00e2 00000000 		.4byte	0
 2084              	.LLST8:
 2085 00e6 12000000 		.4byte	.LVL21
 2086 00ea 19000000 		.4byte	.LVL22-1
 2087 00ee 0100     		.2byte	0x1
 2088 00f0 53       		.byte	0x53
 2089 00f1 00000000 		.4byte	0
 2090 00f5 00000000 		.4byte	0
 2091              	.LLST9:
 2092 00f9 06000000 		.4byte	.LVL25
 2093 00fd 10000000 		.4byte	.LFE13
 2094 0101 0100     		.2byte	0x1
 2095 0103 53       		.byte	0x53
 2096 0104 00000000 		.4byte	0
 2097 0108 00000000 		.4byte	0
 2098              		.section	.debug_aranges,"",%progbits
 2099 0000 4C000000 		.4byte	0x4c
 2100 0004 0200     		.2byte	0x2
 2101 0006 00000000 		.4byte	.Ldebug_info0
 2102 000a 04       		.byte	0x4
ARM GAS  C:\Users\DNIEL~1\AppData\Local\Temp\ccENKQmc.s 			page 38


 2103 000b 00       		.byte	0
 2104 000c 0000     		.2byte	0
 2105 000e 0000     		.2byte	0
 2106 0010 00000000 		.4byte	.LFB11
 2107 0014 06000000 		.4byte	.LFE11-.LFB11
 2108 0018 00000000 		.4byte	.LFB8
 2109 001c 12000000 		.4byte	.LFE8-.LFB8
 2110 0020 00000000 		.4byte	.LFB9
 2111 0024 34000000 		.4byte	.LFE9-.LFB9
 2112 0028 00000000 		.4byte	.LFB10
 2113 002c 70000000 		.4byte	.LFE10-.LFB10
 2114 0030 00000000 		.4byte	.LFB7
 2115 0034 1A000000 		.4byte	.LFE7-.LFB7
 2116 0038 00000000 		.4byte	.LFB12
 2117 003c 10000000 		.4byte	.LFE12-.LFB12
 2118 0040 00000000 		.4byte	.LFB13
 2119 0044 10000000 		.4byte	.LFE13-.LFB13
 2120 0048 00000000 		.4byte	0
 2121 004c 00000000 		.4byte	0
 2122              		.section	.debug_ranges,"",%progbits
 2123              	.Ldebug_ranges0:
 2124 0000 16000000 		.4byte	.LBB4
 2125 0004 4A000000 		.4byte	.LBE4
 2126 0008 50000000 		.4byte	.LBB6
 2127 000c 70000000 		.4byte	.LBE6
 2128 0010 00000000 		.4byte	0
 2129 0014 00000000 		.4byte	0
 2130 0018 00000000 		.4byte	.LFB11
 2131 001c 06000000 		.4byte	.LFE11
 2132 0020 00000000 		.4byte	.LFB8
 2133 0024 12000000 		.4byte	.LFE8
 2134 0028 00000000 		.4byte	.LFB9
 2135 002c 34000000 		.4byte	.LFE9
 2136 0030 00000000 		.4byte	.LFB10
 2137 0034 70000000 		.4byte	.LFE10
 2138 0038 00000000 		.4byte	.LFB7
 2139 003c 1A000000 		.4byte	.LFE7
 2140 0040 00000000 		.4byte	.LFB12
 2141 0044 10000000 		.4byte	.LFE12
 2142 0048 00000000 		.4byte	.LFB13
 2143 004c 10000000 		.4byte	.LFE13
 2144 0050 00000000 		.4byte	0
 2145 0054 00000000 		.4byte	0
 2146              		.section	.debug_line,"",%progbits
 2147              	.Ldebug_line0:
 2148 0000 33020000 		.section	.debug_str,"MS",%progbits,1
 2148      02008001 
 2148      00000201 
 2148      FB0E0D00 
 2148      01010101 
 2149              	.LASF36:
 2150 0000 705F6D73 		.ascii	"p_msg\000"
 2150      6700
 2151              	.LASF78:
 2152 0006 7264796D 		.ascii	"rdymsg\000"
 2152      736700
 2153              	.LASF66:
ARM GAS  C:\Users\DNIEL~1\AppData\Local\Temp\ccENKQmc.s 			page 39


 2154 000d 434D785F 		.ascii	"CMx_SCB\000"
 2154      53434200 
 2155              	.LASF92:
 2156 0015 63685379 		.ascii	"chSysTimerHandlerI\000"
 2156      7354696D 
 2156      65724861 
 2156      6E646C65 
 2156      724900
 2157              	.LASF88:
 2158 0028 53797354 		.ascii	"SysTickVector\000"
 2158      69636B56 
 2158      6563746F 
 2158      7200
 2159              	.LASF11:
 2160 0036 6C6F6E67 		.ascii	"long long unsigned int\000"
 2160      206C6F6E 
 2160      6720756E 
 2160      7369676E 
 2160      65642069 
 2161              	.LASF79:
 2162 004d 65786974 		.ascii	"exitcode\000"
 2162      636F6465 
 2162      00
 2163              	.LASF51:
 2164 0056 43505549 		.ascii	"CPUID\000"
 2164      4400
 2165              	.LASF24:
 2166 005c 705F7072 		.ascii	"p_prio\000"
 2166      696F00
 2167              	.LASF10:
 2168 0063 6C6F6E67 		.ascii	"long long int\000"
 2168      206C6F6E 
 2168      6720696E 
 2168      7400
 2169              	.LASF1:
 2170 0071 7369676E 		.ascii	"signed char\000"
 2170      65642063 
 2170      68617200 
 2171              	.LASF40:
 2172 007d 705F6D70 		.ascii	"p_mpool\000"
 2172      6F6F6C00 
 2173              	.LASF75:
 2174 0085 6D5F7175 		.ascii	"m_queue\000"
 2174      65756500 
 2175              	.LASF94:
 2176 008d 2E2E2F2E 		.ascii	"../../../ChibiOS/os/ports/GCC/ARMCMx/chcore_v7m.c\000"
 2176      2E2F2E2E 
 2176      2F436869 
 2176      62694F53 
 2176      2F6F732F 
 2177              	.LASF16:
 2178 00bf 74736C69 		.ascii	"tslices_t\000"
 2178      6365735F 
 2178      7400
 2179              	.LASF7:
 2180 00c9 6C6F6E67 		.ascii	"long int\000"
 2180      20696E74 
ARM GAS  C:\Users\DNIEL~1\AppData\Local\Temp\ccENKQmc.s 			page 40


 2180      00
 2181              	.LASF14:
 2182 00d2 74737461 		.ascii	"tstate_t\000"
 2182      74655F74 
 2182      00
 2183              	.LASF90:
 2184 00db 5F706F72 		.ascii	"_port_thread_start\000"
 2184      745F7468 
 2184      72656164 
 2184      5F737461 
 2184      727400
 2185              	.LASF26:
 2186 00ee 705F6E65 		.ascii	"p_newer\000"
 2186      77657200 
 2187              	.LASF61:
 2188 00f6 42464152 		.ascii	"BFAR\000"
 2188      00
 2189              	.LASF70:
 2190 00fb 725F6E65 		.ascii	"r_newer\000"
 2190      77657200 
 2191              	.LASF97:
 2192 0103 6E766963 		.ascii	"nvicSetSystemHandlerPriority\000"
 2192      53657453 
 2192      79737465 
 2192      6D48616E 
 2192      646C6572 
 2193              	.LASF43:
 2194 0120 72656761 		.ascii	"regarm_t\000"
 2194      726D5F74 
 2194      00
 2195              	.LASF91:
 2196 0129 63685363 		.ascii	"chSchDoReschedule\000"
 2196      68446F52 
 2196      65736368 
 2196      6564756C 
 2196      6500
 2197              	.LASF0:
 2198 013b 756E7369 		.ascii	"unsigned int\000"
 2198      676E6564 
 2198      20696E74 
 2198      00
 2199              	.LASF45:
 2200 0148 6C725F74 		.ascii	"lr_thd\000"
 2200      686400
 2201              	.LASF44:
 2202 014f 65787463 		.ascii	"extctx\000"
 2202      747800
 2203              	.LASF89:
 2204 0156 5F706F72 		.ascii	"_port_switch\000"
 2204      745F7377 
 2204      69746368 
 2204      00
 2205              	.LASF9:
 2206 0163 6C6F6E67 		.ascii	"long unsigned int\000"
 2206      20756E73 
 2206      69676E65 
 2206      6420696E 
ARM GAS  C:\Users\DNIEL~1\AppData\Local\Temp\ccENKQmc.s 			page 41


 2206      7400
 2207              	.LASF53:
 2208 0175 56544F52 		.ascii	"VTOR\000"
 2208      00
 2209              	.LASF83:
 2210 017a 5F706F72 		.ascii	"_port_switch_from_isr\000"
 2210      745F7377 
 2210      69746368 
 2210      5F66726F 
 2210      6D5F6973 
 2211              	.LASF48:
 2212 0190 636F6E74 		.ascii	"context\000"
 2212      65787400 
 2213              	.LASF4:
 2214 0198 73686F72 		.ascii	"short unsigned int\000"
 2214      7420756E 
 2214      7369676E 
 2214      65642069 
 2214      6E7400
 2215              	.LASF52:
 2216 01ab 49435352 		.ascii	"ICSR\000"
 2216      00
 2217              	.LASF18:
 2218 01b0 6D73675F 		.ascii	"msg_t\000"
 2218      7400
 2219              	.LASF54:
 2220 01b6 41495243 		.ascii	"AIRCR\000"
 2220      5200
 2221              	.LASF59:
 2222 01bc 44465352 		.ascii	"DFSR\000"
 2222      00
 2223              	.LASF60:
 2224 01c1 4D4D4641 		.ascii	"MMFAR\000"
 2224      5200
 2225              	.LASF87:
 2226 01c7 5F706F72 		.ascii	"_port_irq_epilogue\000"
 2226      745F6972 
 2226      715F6570 
 2226      696C6F67 
 2226      756500
 2227              	.LASF13:
 2228 01da 746D6F64 		.ascii	"tmode_t\000"
 2228      655F7400 
 2229              	.LASF42:
 2230 01e2 54687265 		.ascii	"ThreadsList\000"
 2230      6164734C 
 2230      69737400 
 2231              	.LASF19:
 2232 01ee 6576656E 		.ascii	"eventmask_t\000"
 2232      746D6173 
 2232      6B5F7400 
 2233              	.LASF74:
 2234 01fa 4D757465 		.ascii	"Mutex\000"
 2234      7800
 2235              	.LASF50:
 2236 0200 73697A65 		.ascii	"sizetype\000"
 2236      74797065 
ARM GAS  C:\Users\DNIEL~1\AppData\Local\Temp\ccENKQmc.s 			page 42


 2236      00
 2237              	.LASF57:
 2238 0209 43465352 		.ascii	"CFSR\000"
 2238      00
 2239              	.LASF93:
 2240 020e 474E5520 		.ascii	"GNU C 4.7.4 20140401 (release) [ARM/embedded-4_7-br"
 2240      4320342E 
 2240      372E3420 
 2240      32303134 
 2240      30343031 
 2241 0241 616E6368 		.ascii	"anch revision 209195]\000"
 2241      20726576 
 2241      6973696F 
 2241      6E203230 
 2241      39313935 
 2242              	.LASF27:
 2243 0257 705F6F6C 		.ascii	"p_older\000"
 2243      64657200 
 2244              	.LASF69:
 2245 025f 725F6374 		.ascii	"r_ctx\000"
 2245      7800
 2246              	.LASF41:
 2247 0265 54687265 		.ascii	"ThreadsQueue\000"
 2247      61647351 
 2247      75657565 
 2247      00
 2248              	.LASF72:
 2249 0272 725F6375 		.ascii	"r_current\000"
 2249      7272656E 
 2249      7400
 2250              	.LASF71:
 2251 027c 725F6F6C 		.ascii	"r_older\000"
 2251      64657200 
 2252              	.LASF15:
 2253 0284 74726566 		.ascii	"trefs_t\000"
 2253      735F7400 
 2254              	.LASF85:
 2255 028c 63747870 		.ascii	"ctxp\000"
 2255      00
 2256              	.LASF23:
 2257 0291 705F7072 		.ascii	"p_prev\000"
 2257      657600
 2258              	.LASF17:
 2259 0298 74707269 		.ascii	"tprio_t\000"
 2259      6F5F7400 
 2260              	.LASF12:
 2261 02a0 5F426F6F 		.ascii	"_Bool\000"
 2261      6C00
 2262              	.LASF6:
 2263 02a6 696E7433 		.ascii	"int32_t\000"
 2263      325F7400 
 2264              	.LASF2:
 2265 02ae 756E7369 		.ascii	"unsigned char\000"
 2265      676E6564 
 2265      20636861 
 2265      7200
 2266              	.LASF56:
ARM GAS  C:\Users\DNIEL~1\AppData\Local\Temp\ccENKQmc.s 			page 43


 2267 02bc 53484353 		.ascii	"SHCSR\000"
 2267      5200
 2268              	.LASF38:
 2269 02c2 705F6D74 		.ascii	"p_mtxlist\000"
 2269      786C6973 
 2269      7400
 2270              	.LASF3:
 2271 02cc 73686F72 		.ascii	"short int\000"
 2271      7420696E 
 2271      7400
 2272              	.LASF29:
 2273 02d6 705F7374 		.ascii	"p_state\000"
 2273      61746500 
 2274              	.LASF32:
 2275 02de 705F7072 		.ascii	"p_preempt\000"
 2275      65656D70 
 2275      7400
 2276              	.LASF46:
 2277 02e8 78707372 		.ascii	"xpsr\000"
 2277      00
 2278              	.LASF68:
 2279 02ed 725F7072 		.ascii	"r_prio\000"
 2279      696F00
 2280              	.LASF81:
 2281 02f4 65776D61 		.ascii	"ewmask\000"
 2281      736B00
 2282              	.LASF22:
 2283 02fb 705F6E65 		.ascii	"p_next\000"
 2283      787400
 2284              	.LASF30:
 2285 0302 705F666C 		.ascii	"p_flags\000"
 2285      61677300 
 2286              	.LASF21:
 2287 030a 54687265 		.ascii	"Thread\000"
 2287      616400
 2288              	.LASF37:
 2289 0311 705F6570 		.ascii	"p_epending\000"
 2289      656E6469 
 2289      6E6700
 2290              	.LASF8:
 2291 031c 75696E74 		.ascii	"uint32_t\000"
 2291      33325F74 
 2291      00
 2292              	.LASF67:
 2293 0325 725F7175 		.ascii	"r_queue\000"
 2293      65756500 
 2294              	.LASF62:
 2295 032d 41465352 		.ascii	"AFSR\000"
 2295      00
 2296              	.LASF64:
 2297 0332 756E7573 		.ascii	"unused1\000"
 2297      65643100 
 2298              	.LASF82:
 2299 033a 63686172 		.ascii	"char\000"
 2299      00
 2300              	.LASF49:
 2301 033f 494F5245 		.ascii	"IOREG32\000"
ARM GAS  C:\Users\DNIEL~1\AppData\Local\Temp\ccENKQmc.s 			page 44


 2301      47333200 
 2302              	.LASF77:
 2303 0347 6D5F6E65 		.ascii	"m_next\000"
 2303      787400
 2304              	.LASF20:
 2305 034e 73797374 		.ascii	"systime_t\000"
 2305      696D655F 
 2305      7400
 2306              	.LASF39:
 2307 0358 705F7265 		.ascii	"p_realprio\000"
 2307      616C7072 
 2307      696F00
 2308              	.LASF84:
 2309 0363 53564361 		.ascii	"SVCallVector\000"
 2309      6C6C5665 
 2309      63746F72 
 2309      00
 2310              	.LASF33:
 2311 0370 705F7469 		.ascii	"p_time\000"
 2311      6D6500
 2312              	.LASF55:
 2313 0377 53485052 		.ascii	"SHPR\000"
 2313      00
 2314              	.LASF47:
 2315 037c 696E7463 		.ascii	"intctx\000"
 2315      747800
 2316              	.LASF35:
 2317 0383 705F6D73 		.ascii	"p_msgqueue\000"
 2317      67717565 
 2317      756500
 2318              	.LASF31:
 2319 038e 705F7265 		.ascii	"p_refs\000"
 2319      667300
 2320              	.LASF73:
 2321 0395 52656164 		.ascii	"ReadyList\000"
 2321      794C6973 
 2321      7400
 2322              	.LASF95:
 2323 039f 433A5C55 		.ascii	"C:\\Users\\D\341niel\\git\\Smarty\\smarty\\firmware"
 2323      73657273 
 2323      5C44E16E 
 2323      69656C5C 
 2323      6769745C 
 2324 03c9 00       		.ascii	"\000"
 2325              	.LASF63:
 2326 03ca 4D4D4652 		.ascii	"MMFR\000"
 2326      00
 2327              	.LASF96:
 2328 03cf 726C6973 		.ascii	"rlist\000"
 2328      7400
 2329              	.LASF5:
 2330 03d5 75696E74 		.ascii	"uint8_t\000"
 2330      385F7400 
 2331              	.LASF86:
 2332 03dd 5F706F72 		.ascii	"_port_init\000"
 2332      745F696E 
 2332      697400
ARM GAS  C:\Users\DNIEL~1\AppData\Local\Temp\ccENKQmc.s 			page 45


 2333              	.LASF80:
 2334 03e8 77746F62 		.ascii	"wtobjp\000"
 2334      6A7000
 2335              	.LASF28:
 2336 03ef 705F6E61 		.ascii	"p_name\000"
 2336      6D6500
 2337              	.LASF65:
 2338 03f6 43504143 		.ascii	"CPACR\000"
 2338      5200
 2339              	.LASF58:
 2340 03fc 48465352 		.ascii	"HFSR\000"
 2340      00
 2341              	.LASF76:
 2342 0401 6D5F6F77 		.ascii	"m_owner\000"
 2342      6E657200 
 2343              	.LASF25:
 2344 0409 705F6374 		.ascii	"p_ctx\000"
 2344      7800
 2345              	.LASF34:
 2346 040f 705F7761 		.ascii	"p_waiting\000"
 2346      6974696E 
 2346      6700
 2347              		.ident	"GCC: (GNU Tools for ARM Embedded Processors) 4.7.4 20140401 (release) [ARM/embedded-4_7-br
ARM GAS  C:\Users\DNIEL~1\AppData\Local\Temp\ccENKQmc.s 			page 46


DEFINED SYMBOLS
                            *ABS*:00000000 chcore_v7m.c
C:\Users\DNIEL~1\AppData\Local\Temp\ccENKQmc.s:19     .text._port_switch_from_isr:00000000 $t
C:\Users\DNIEL~1\AppData\Local\Temp\ccENKQmc.s:25     .text._port_switch_from_isr:00000000 _port_switch_from_isr
C:\Users\DNIEL~1\AppData\Local\Temp\ccENKQmc.s:38     .text._port_switch_from_isr:00000004 _port_exit_from_isr
C:\Users\DNIEL~1\AppData\Local\Temp\ccENKQmc.s:50     .text.SVCallVector:00000000 $t
C:\Users\DNIEL~1\AppData\Local\Temp\ccENKQmc.s:56     .text.SVCallVector:00000000 SVCallVector
C:\Users\DNIEL~1\AppData\Local\Temp\ccENKQmc.s:92     .text._port_init:00000000 $t
C:\Users\DNIEL~1\AppData\Local\Temp\ccENKQmc.s:98     .text._port_init:00000000 _port_init
C:\Users\DNIEL~1\AppData\Local\Temp\ccENKQmc.s:143    .text._port_irq_epilogue:00000000 $t
C:\Users\DNIEL~1\AppData\Local\Temp\ccENKQmc.s:149    .text._port_irq_epilogue:00000000 _port_irq_epilogue
C:\Users\DNIEL~1\AppData\Local\Temp\ccENKQmc.s:241    .text._port_irq_epilogue:00000064 $d
C:\Users\DNIEL~1\AppData\Local\Temp\ccENKQmc.s:249    .text.SysTickVector:00000000 $t
C:\Users\DNIEL~1\AppData\Local\Temp\ccENKQmc.s:255    .text.SysTickVector:00000000 SysTickVector
C:\Users\DNIEL~1\AppData\Local\Temp\ccENKQmc.s:298    .text._port_switch:00000000 $t
C:\Users\DNIEL~1\AppData\Local\Temp\ccENKQmc.s:304    .text._port_switch:00000000 _port_switch
C:\Users\DNIEL~1\AppData\Local\Temp\ccENKQmc.s:331    .text._port_thread_start:00000000 $t
C:\Users\DNIEL~1\AppData\Local\Temp\ccENKQmc.s:337    .text._port_thread_start:00000000 _port_thread_start
                     .debug_frame:00000010 $d

UNDEFINED SYMBOLS
chSchDoReschedule
nvicSetSystemHandlerPriority
rlist
chSysTimerHandlerI
chThdExit
