ARM GAS  C:\Users\DNIEL~1\AppData\Local\Temp\ccLvSf85.s 			page 1


   1              		.syntax unified
   2              		.cpu cortex-m4
   3              		.fpu softvfp
   4              		.eabi_attribute 20, 1
   5              		.eabi_attribute 21, 1
   6              		.eabi_attribute 23, 3
   7              		.eabi_attribute 24, 1
   8              		.eabi_attribute 25, 1
   9              		.eabi_attribute 26, 1
  10              		.eabi_attribute 30, 2
  11              		.eabi_attribute 18, 4
  12              		.thumb
  13              		.file	"chdynamic.c"
  14              		.section	.debug_abbrev,"",%progbits
  15              	.Ldebug_abbrev0:
  16              		.section	.debug_info,"",%progbits
  17              	.Ldebug_info0:
  18              		.section	.debug_line,"",%progbits
  19              	.Ldebug_line0:
  20 0000 73020000 		.text
  20      0200EC01 
  20      00000201 
  20      FB0E0D00 
  20      01010101 
  21              	.Ltext0:
  22              		.cfi_sections	.debug_frame
  23              		.section	.text.chThdAddRef,"ax",%progbits
  24              		.align	2
  25              		.p2align 4,,15
  26              		.global	chThdAddRef
  27              		.thumb
  28              		.thumb_func
  29              		.type	chThdAddRef, %function
  30              	chThdAddRef:
  31              	.LFB7:
  32              		.file 1 "../../../ChibiOS/os/kernel/src/chdynamic.c"
  33              		.loc 1 45 0
  34              		.cfi_startproc
  35              		@ args = 0, pretend = 0, frame = 0
  36              		@ frame_needed = 0, uses_anonymous_args = 0
  37              		@ link register save eliminated.
  38              	.LVL0:
  39              	.LBB2:
  40              		.loc 1 47 0
  41 0000 2023     		movs	r3, #32
  42              	.LVL1:
  43              	@ 47 "../../../ChibiOS/os/kernel/src/chdynamic.c" 1
  44 0002 83F31188 		msr     BASEPRI, r3
  45              	@ 0 "" 2
  46              	.LVL2:
  47              		.thumb
  48              	.LBE2:
  49              		.loc 1 49 0
  50 0006 817F     		ldrb	r1, [r0, #30]	@ zero_extendqisi2
  51 0008 4B1C     		adds	r3, r1, #1
  52              	.LVL3:
  53 000a 8377     		strb	r3, [r0, #30]
ARM GAS  C:\Users\DNIEL~1\AppData\Local\Temp\ccLvSf85.s 			page 2


  54              	.LBB3:
  55              		.loc 1 50 0
  56 000c 0023     		movs	r3, #0
  57              	.LVL4:
  58              	@ 50 "../../../ChibiOS/os/kernel/src/chdynamic.c" 1
  59 000e 83F31188 		msr     BASEPRI, r3
  60              	@ 0 "" 2
  61              	.LVL5:
  62              		.thumb
  63              	.LBE3:
  64              		.loc 1 52 0
  65 0012 7047     		bx	lr
  66              		.cfi_endproc
  67              	.LFE7:
  68              		.size	chThdAddRef, .-chThdAddRef
  69 0014 AFF30080 		.section	.text.chThdRelease,"ax",%progbits
  69      AFF30080 
  69      AFF30080 
  70              		.align	2
  71              		.p2align 4,,15
  72              		.global	chThdRelease
  73              		.thumb
  74              		.thumb_func
  75              		.type	chThdRelease, %function
  76              	chThdRelease:
  77              	.LFB8:
  78              		.loc 1 67 0
  79              		.cfi_startproc
  80              		@ args = 0, pretend = 0, frame = 0
  81              		@ frame_needed = 0, uses_anonymous_args = 0
  82              		@ link register save eliminated.
  83              	.LVL6:
  84              		.loc 1 67 0
  85 0000 0146     		mov	r1, r0
  86              	.LBB4:
  87              		.loc 1 70 0
  88 0002 2023     		movs	r3, #32
  89              	.LVL7:
  90              	@ 70 "../../../ChibiOS/os/kernel/src/chdynamic.c" 1
  91 0004 83F31188 		msr     BASEPRI, r3
  92              	@ 0 "" 2
  93              	.LVL8:
  94              		.thumb
  95              	.LBE4:
  96              		.loc 1 72 0
  97 0008 827F     		ldrb	r2, [r0, #30]	@ zero_extendqisi2
  98 000a 531E     		subs	r3, r2, #1
  99              	.LVL9:
 100 000c DAB2     		uxtb	r2, r3
 101 000e 8277     		strb	r2, [r0, #30]
 102              	.LVL10:
 103              	.LBB5:
 104              		.loc 1 73 0
 105 0010 0023     		movs	r3, #0
 106              	.LVL11:
 107              	@ 73 "../../../ChibiOS/os/kernel/src/chdynamic.c" 1
 108 0012 83F31188 		msr     BASEPRI, r3
ARM GAS  C:\Users\DNIEL~1\AppData\Local\Temp\ccLvSf85.s 			page 3


 109              	@ 0 "" 2
 110              	.LVL12:
 111              		.thumb
 112              	.LBE5:
 113              		.loc 1 78 0
 114 0016 22B9     		cbnz	r2, .L2
 115              		.loc 1 78 0 is_stmt 0 discriminator 1
 116 0018 90F81CC0 		ldrb	ip, [r0, #28]	@ zero_extendqisi2
 117 001c BCF10E0F 		cmp	ip, #14
 118 0020 00D0     		beq	.L7
 119              	.L2:
 120 0022 7047     		bx	lr
 121              	.L7:
 122              		.loc 1 79 0 is_stmt 1
 123 0024 437F     		ldrb	r3, [r0, #29]	@ zero_extendqisi2
 124              	.LVL13:
 125 0026 03F00303 		and	r3, r3, #3
 126 002a 012B     		cmp	r3, #1
 127 002c 09D0     		beq	.L4
 128 002e 022B     		cmp	r3, #2
 129 0030 F7D1     		bne	.L2
 130              		.loc 1 91 0
 131 0032 4369     		ldr	r3, [r0, #20]
 132 0034 0269     		ldr	r2, [r0, #16]
 133              	.LVL14:
 134              		.loc 1 93 0
 135 0036 406C     		ldr	r0, [r0, #68]
 136              	.LVL15:
 137              		.loc 1 91 0
 138 0038 1A61     		str	r2, [r3, #16]
 139 003a 0A69     		ldr	r2, [r1, #16]
 140 003c 5361     		str	r3, [r2, #20]
 141              		.loc 1 98 0
 142              		.loc 1 93 0
 143 003e FFF7FEBF 		b	chPoolFree
 144              	.LVL16:
 145              	.L4:
 146              		.loc 1 83 0
 147 0042 4369     		ldr	r3, [r0, #20]
 148 0044 0269     		ldr	r2, [r0, #16]
 149              	.LVL17:
 150 0046 1A61     		str	r2, [r3, #16]
 151 0048 0169     		ldr	r1, [r0, #16]
 152 004a 4B61     		str	r3, [r1, #20]
 153              		.loc 1 98 0
 154              		.loc 1 85 0
 155 004c FFF7FEBF 		b	chHeapFree
 156              		.cfi_endproc
 157              	.LFE8:
 158              		.size	chThdRelease, .-chThdRelease
 159              		.section	.text.chThdCreateFromHeap,"ax",%progbits
 160              		.align	2
 161              		.p2align 4,,15
 162              		.global	chThdCreateFromHeap
 163              		.thumb
 164              		.thumb_func
 165              		.type	chThdCreateFromHeap, %function
ARM GAS  C:\Users\DNIEL~1\AppData\Local\Temp\ccLvSf85.s 			page 4


 166              	chThdCreateFromHeap:
 167              	.LFB9:
 168              		.loc 1 124 0
 169              		.cfi_startproc
 170              		@ args = 4, pretend = 0, frame = 0
 171              		@ frame_needed = 0, uses_anonymous_args = 0
 172              	.LVL18:
 173 0000 70B5     		push	{r4, r5, r6, lr}
 174              	.LCFI0:
 175              		.cfi_def_cfa_offset 16
 176 0002 82B0     		sub	sp, sp, #8
 177              	.LCFI1:
 178              		.cfi_def_cfa_offset 24
 179              		.loc 1 124 0
 180 0004 0C46     		mov	r4, r1
 181              		.cfi_offset 14, -4
 182              		.cfi_offset 6, -8
 183              		.cfi_offset 5, -12
 184              		.cfi_offset 4, -16
 185 0006 1546     		mov	r5, r2
 186 0008 1E46     		mov	r6, r3
 187              		.loc 1 128 0
 188 000a FFF7FEFF 		bl	chHeapAlloc
 189              	.LVL19:
 190              		.loc 1 129 0
 191 000e A8B1     		cbz	r0, .L10
 192              	.LBB6:
 193              		.loc 1 141 0
 194 0010 2023     		movs	r3, #32
 195              	.LVL20:
 196              	@ 141 "../../../ChibiOS/os/kernel/src/chdynamic.c" 1
 197 0012 83F31188 		msr     BASEPRI, r3
 198              	@ 0 "" 2
 199              	.LVL21:
 200              		.thumb
 201              	.LBE6:
 202              		.loc 1 142 0
 203 0016 2146     		mov	r1, r4
 204 0018 069C     		ldr	r4, [sp, #24]
 205              	.LVL22:
 206 001a 3346     		mov	r3, r6
 207              	.LVL23:
 208 001c 2A46     		mov	r2, r5
 209 001e 0094     		str	r4, [sp, #0]
 210 0020 FFF7FEFF 		bl	chThdCreateI
 211              	.LVL24:
 212              		.loc 1 143 0
 213 0024 0123     		movs	r3, #1
 214 0026 4377     		strb	r3, [r0, #29]
 215              		.loc 1 144 0
 216 0028 0021     		movs	r1, #0
 217              		.loc 1 142 0
 218 002a 0446     		mov	r4, r0
 219              	.LVL25:
 220              		.loc 1 144 0
 221 002c FFF7FEFF 		bl	chSchWakeupS
 222              	.LVL26:
ARM GAS  C:\Users\DNIEL~1\AppData\Local\Temp\ccLvSf85.s 			page 5


 223              	.LBB7:
 224              		.loc 1 145 0
 225 0030 0023     		movs	r3, #0
 226              	.LVL27:
 227              	@ 145 "../../../ChibiOS/os/kernel/src/chdynamic.c" 1
 228 0032 83F31188 		msr     BASEPRI, r3
 229              	@ 0 "" 2
 230              	.LVL28:
 231              		.thumb
 232              	.L9:
 233              	.LBE7:
 234              		.loc 1 147 0
 235 0036 2046     		mov	r0, r4
 236 0038 02B0     		add	sp, sp, #8
 237 003a 70BD     		pop	{r4, r5, r6, pc}
 238              	.LVL29:
 239              	.L10:
 240              		.loc 1 130 0
 241 003c 0446     		mov	r4, r0
 242              	.LVL30:
 243 003e FAE7     		b	.L9
 244              		.cfi_endproc
 245              	.LFE9:
 246              		.size	chThdCreateFromHeap, .-chThdCreateFromHeap
 247              		.section	.text.chThdCreateFromMemoryPool,"ax",%progbits
 248              		.align	2
 249              		.p2align 4,,15
 250              		.global	chThdCreateFromMemoryPool
 251              		.thumb
 252              		.thumb_func
 253              		.type	chThdCreateFromMemoryPool, %function
 254              	chThdCreateFromMemoryPool:
 255              	.LFB10:
 256              		.loc 1 173 0
 257              		.cfi_startproc
 258              		@ args = 0, pretend = 0, frame = 0
 259              		@ frame_needed = 0, uses_anonymous_args = 0
 260              	.LVL31:
 261 0000 F0B5     		push	{r4, r5, r6, r7, lr}
 262              	.LCFI2:
 263              		.cfi_def_cfa_offset 20
 264 0002 83B0     		sub	sp, sp, #12
 265              	.LCFI3:
 266              		.cfi_def_cfa_offset 32
 267              		.loc 1 173 0
 268 0004 0446     		mov	r4, r0
 269              		.cfi_offset 14, -4
 270              		.cfi_offset 7, -8
 271              		.cfi_offset 6, -12
 272              		.cfi_offset 5, -16
 273              		.cfi_offset 4, -20
 274 0006 0D46     		mov	r5, r1
 275 0008 1646     		mov	r6, r2
 276 000a 1F46     		mov	r7, r3
 277              		.loc 1 179 0
 278 000c FFF7FEFF 		bl	chPoolAlloc
 279              	.LVL32:
ARM GAS  C:\Users\DNIEL~1\AppData\Local\Temp\ccLvSf85.s 			page 6


 280              		.loc 1 180 0
 281 0010 A8B1     		cbz	r0, .L13
 282              	.LBB8:
 283              		.loc 1 192 0
 284 0012 2023     		movs	r3, #32
 285              	.LVL33:
 286              	@ 192 "../../../ChibiOS/os/kernel/src/chdynamic.c" 1
 287 0014 83F31188 		msr     BASEPRI, r3
 288              	@ 0 "" 2
 289              	.LVL34:
 290              		.thumb
 291              	.LBE8:
 292              		.loc 1 193 0
 293 0018 6168     		ldr	r1, [r4, #4]
 294 001a 0097     		str	r7, [sp, #0]
 295 001c 2A46     		mov	r2, r5
 296 001e 3346     		mov	r3, r6
 297              	.LVL35:
 298 0020 FFF7FEFF 		bl	chThdCreateI
 299              	.LVL36:
 300              		.loc 1 194 0
 301 0024 0223     		movs	r3, #2
 302 0026 4377     		strb	r3, [r0, #29]
 303              		.loc 1 195 0
 304 0028 4464     		str	r4, [r0, #68]
 305              		.loc 1 196 0
 306 002a 0021     		movs	r1, #0
 307              		.loc 1 193 0
 308 002c 0546     		mov	r5, r0
 309              	.LVL37:
 310              		.loc 1 196 0
 311 002e FFF7FEFF 		bl	chSchWakeupS
 312              	.LVL38:
 313              	.LBB9:
 314              		.loc 1 197 0
 315 0032 0023     		movs	r3, #0
 316              	.LVL39:
 317              	@ 197 "../../../ChibiOS/os/kernel/src/chdynamic.c" 1
 318 0034 83F31188 		msr     BASEPRI, r3
 319              	@ 0 "" 2
 320              	.LVL40:
 321              		.thumb
 322              	.L12:
 323              	.LBE9:
 324              		.loc 1 199 0
 325 0038 2846     		mov	r0, r5
 326 003a 03B0     		add	sp, sp, #12
 327 003c F0BD     		pop	{r4, r5, r6, r7, pc}
 328              	.LVL41:
 329              	.L13:
 330              		.loc 1 181 0
 331 003e 0546     		mov	r5, r0
 332              	.LVL42:
 333 0040 FAE7     		b	.L12
 334              		.cfi_endproc
 335              	.LFE10:
 336              		.size	chThdCreateFromMemoryPool, .-chThdCreateFromMemoryPool
ARM GAS  C:\Users\DNIEL~1\AppData\Local\Temp\ccLvSf85.s 			page 7


 337 0042 00BFAFF3 		.text
 337      0080AFF3 
 337      0080AFF3 
 337      0080
 338              	.Letext0:
 339              		.section	.debug_loc,"",%progbits
 340              	.Ldebug_loc0:
 341              	.LLST0:
 342 0000 06000000 		.4byte	.LVL2
 343 0004 0A000000 		.4byte	.LVL3
 344 0008 0100     		.2byte	0x1
 345 000a 53       		.byte	0x53
 346 000b 00000000 		.4byte	0x0
 347 000f 00000000 		.4byte	0x0
 348              	.LLST1:
 349 0013 12000000 		.4byte	.LVL5
 350 0017 14000000 		.4byte	.LFE7
 351 001b 0100     		.2byte	0x1
 352 001d 53       		.byte	0x53
 353 001e 00000000 		.4byte	0x0
 354 0022 00000000 		.4byte	0x0
 355              	.LLST2:
 356 0026 00000000 		.4byte	.LVL6
 357 002a 38000000 		.4byte	.LVL15
 358 002e 0100     		.2byte	0x1
 359 0030 50       		.byte	0x50
 360 0031 38000000 		.4byte	.LVL15
 361 0035 41000000 		.4byte	.LVL16-1
 362 0039 0100     		.2byte	0x1
 363 003b 51       		.byte	0x51
 364 003c 42000000 		.4byte	.LVL16
 365 0040 50000000 		.4byte	.LFE8
 366 0044 0100     		.2byte	0x1
 367 0046 50       		.byte	0x50
 368 0047 00000000 		.4byte	0x0
 369 004b 00000000 		.4byte	0x0
 370              	.LLST3:
 371 004f 10000000 		.4byte	.LVL10
 372 0053 36000000 		.4byte	.LVL14
 373 0057 0100     		.2byte	0x1
 374 0059 52       		.byte	0x52
 375 005a 42000000 		.4byte	.LVL16
 376 005e 46000000 		.4byte	.LVL17
 377 0062 0100     		.2byte	0x1
 378 0064 52       		.byte	0x52
 379 0065 00000000 		.4byte	0x0
 380 0069 00000000 		.4byte	0x0
 381              	.LLST4:
 382 006d 08000000 		.4byte	.LVL8
 383 0071 0C000000 		.4byte	.LVL9
 384 0075 0100     		.2byte	0x1
 385 0077 53       		.byte	0x53
 386 0078 00000000 		.4byte	0x0
 387 007c 00000000 		.4byte	0x0
 388              	.LLST5:
 389 0080 16000000 		.4byte	.LVL12
 390 0084 26000000 		.4byte	.LVL13
ARM GAS  C:\Users\DNIEL~1\AppData\Local\Temp\ccLvSf85.s 			page 8


 391 0088 0100     		.2byte	0x1
 392 008a 53       		.byte	0x53
 393 008b 00000000 		.4byte	0x0
 394 008f 00000000 		.4byte	0x0
 395              	.LLST6:
 396 0093 00000000 		.4byte	.LFB9
 397 0097 02000000 		.4byte	.LCFI0
 398 009b 0200     		.2byte	0x2
 399 009d 7D       		.byte	0x7d
 400 009e 00       		.sleb128 0
 401 009f 02000000 		.4byte	.LCFI0
 402 00a3 04000000 		.4byte	.LCFI1
 403 00a7 0200     		.2byte	0x2
 404 00a9 7D       		.byte	0x7d
 405 00aa 10       		.sleb128 16
 406 00ab 04000000 		.4byte	.LCFI1
 407 00af 40000000 		.4byte	.LFE9
 408 00b3 0200     		.2byte	0x2
 409 00b5 7D       		.byte	0x7d
 410 00b6 18       		.sleb128 24
 411 00b7 00000000 		.4byte	0x0
 412 00bb 00000000 		.4byte	0x0
 413              	.LLST7:
 414 00bf 00000000 		.4byte	.LVL18
 415 00c3 0D000000 		.4byte	.LVL19-1
 416 00c7 0100     		.2byte	0x1
 417 00c9 50       		.byte	0x50
 418 00ca 00000000 		.4byte	0x0
 419 00ce 00000000 		.4byte	0x0
 420              	.LLST8:
 421 00d2 00000000 		.4byte	.LVL18
 422 00d6 0D000000 		.4byte	.LVL19-1
 423 00da 0100     		.2byte	0x1
 424 00dc 51       		.byte	0x51
 425 00dd 0D000000 		.4byte	.LVL19-1
 426 00e1 1A000000 		.4byte	.LVL22
 427 00e5 0100     		.2byte	0x1
 428 00e7 54       		.byte	0x54
 429 00e8 1A000000 		.4byte	.LVL22
 430 00ec 23000000 		.4byte	.LVL24-1
 431 00f0 0100     		.2byte	0x1
 432 00f2 51       		.byte	0x51
 433 00f3 3C000000 		.4byte	.LVL29
 434 00f7 3E000000 		.4byte	.LVL30
 435 00fb 0100     		.2byte	0x1
 436 00fd 54       		.byte	0x54
 437 00fe 00000000 		.4byte	0x0
 438 0102 00000000 		.4byte	0x0
 439              	.LLST9:
 440 0106 00000000 		.4byte	.LVL18
 441 010a 0D000000 		.4byte	.LVL19-1
 442 010e 0100     		.2byte	0x1
 443 0110 52       		.byte	0x52
 444 0111 0D000000 		.4byte	.LVL19-1
 445 0115 40000000 		.4byte	.LFE9
 446 0119 0100     		.2byte	0x1
 447 011b 55       		.byte	0x55
ARM GAS  C:\Users\DNIEL~1\AppData\Local\Temp\ccLvSf85.s 			page 9


 448 011c 00000000 		.4byte	0x0
 449 0120 00000000 		.4byte	0x0
 450              	.LLST10:
 451 0124 00000000 		.4byte	.LVL18
 452 0128 0D000000 		.4byte	.LVL19-1
 453 012c 0100     		.2byte	0x1
 454 012e 53       		.byte	0x53
 455 012f 0D000000 		.4byte	.LVL19-1
 456 0133 40000000 		.4byte	.LFE9
 457 0137 0100     		.2byte	0x1
 458 0139 56       		.byte	0x56
 459 013a 00000000 		.4byte	0x0
 460 013e 00000000 		.4byte	0x0
 461              	.LLST11:
 462 0142 0E000000 		.4byte	.LVL19
 463 0146 23000000 		.4byte	.LVL24-1
 464 014a 0100     		.2byte	0x1
 465 014c 50       		.byte	0x50
 466 014d 3C000000 		.4byte	.LVL29
 467 0151 40000000 		.4byte	.LFE9
 468 0155 0100     		.2byte	0x1
 469 0157 50       		.byte	0x50
 470 0158 00000000 		.4byte	0x0
 471 015c 00000000 		.4byte	0x0
 472              	.LLST12:
 473 0160 2C000000 		.4byte	.LVL25
 474 0164 2F000000 		.4byte	.LVL26-1
 475 0168 0100     		.2byte	0x1
 476 016a 50       		.byte	0x50
 477 016b 2F000000 		.4byte	.LVL26-1
 478 016f 36000000 		.4byte	.LVL28
 479 0173 0100     		.2byte	0x1
 480 0175 54       		.byte	0x54
 481 0176 00000000 		.4byte	0x0
 482 017a 00000000 		.4byte	0x0
 483              	.LLST13:
 484 017e 16000000 		.4byte	.LVL21
 485 0182 1C000000 		.4byte	.LVL23
 486 0186 0100     		.2byte	0x1
 487 0188 53       		.byte	0x53
 488 0189 00000000 		.4byte	0x0
 489 018d 00000000 		.4byte	0x0
 490              	.LLST14:
 491 0191 36000000 		.4byte	.LVL28
 492 0195 3C000000 		.4byte	.LVL29
 493 0199 0100     		.2byte	0x1
 494 019b 53       		.byte	0x53
 495 019c 00000000 		.4byte	0x0
 496 01a0 00000000 		.4byte	0x0
 497              	.LLST15:
 498 01a4 00000000 		.4byte	.LFB10
 499 01a8 02000000 		.4byte	.LCFI2
 500 01ac 0200     		.2byte	0x2
 501 01ae 7D       		.byte	0x7d
 502 01af 00       		.sleb128 0
 503 01b0 02000000 		.4byte	.LCFI2
 504 01b4 04000000 		.4byte	.LCFI3
ARM GAS  C:\Users\DNIEL~1\AppData\Local\Temp\ccLvSf85.s 			page 10


 505 01b8 0200     		.2byte	0x2
 506 01ba 7D       		.byte	0x7d
 507 01bb 14       		.sleb128 20
 508 01bc 04000000 		.4byte	.LCFI3
 509 01c0 42000000 		.4byte	.LFE10
 510 01c4 0200     		.2byte	0x2
 511 01c6 7D       		.byte	0x7d
 512 01c7 20       		.sleb128 32
 513 01c8 00000000 		.4byte	0x0
 514 01cc 00000000 		.4byte	0x0
 515              	.LLST16:
 516 01d0 00000000 		.4byte	.LVL31
 517 01d4 0F000000 		.4byte	.LVL32-1
 518 01d8 0100     		.2byte	0x1
 519 01da 50       		.byte	0x50
 520 01db 0F000000 		.4byte	.LVL32-1
 521 01df 42000000 		.4byte	.LFE10
 522 01e3 0100     		.2byte	0x1
 523 01e5 54       		.byte	0x54
 524 01e6 00000000 		.4byte	0x0
 525 01ea 00000000 		.4byte	0x0
 526              	.LLST17:
 527 01ee 00000000 		.4byte	.LVL31
 528 01f2 0F000000 		.4byte	.LVL32-1
 529 01f6 0100     		.2byte	0x1
 530 01f8 51       		.byte	0x51
 531 01f9 0F000000 		.4byte	.LVL32-1
 532 01fd 2E000000 		.4byte	.LVL37
 533 0201 0100     		.2byte	0x1
 534 0203 55       		.byte	0x55
 535 0204 3E000000 		.4byte	.LVL41
 536 0208 40000000 		.4byte	.LVL42
 537 020c 0100     		.2byte	0x1
 538 020e 55       		.byte	0x55
 539 020f 00000000 		.4byte	0x0
 540 0213 00000000 		.4byte	0x0
 541              	.LLST18:
 542 0217 00000000 		.4byte	.LVL31
 543 021b 0F000000 		.4byte	.LVL32-1
 544 021f 0100     		.2byte	0x1
 545 0221 52       		.byte	0x52
 546 0222 0F000000 		.4byte	.LVL32-1
 547 0226 42000000 		.4byte	.LFE10
 548 022a 0100     		.2byte	0x1
 549 022c 56       		.byte	0x56
 550 022d 00000000 		.4byte	0x0
 551 0231 00000000 		.4byte	0x0
 552              	.LLST19:
 553 0235 00000000 		.4byte	.LVL31
 554 0239 0F000000 		.4byte	.LVL32-1
 555 023d 0100     		.2byte	0x1
 556 023f 53       		.byte	0x53
 557 0240 0F000000 		.4byte	.LVL32-1
 558 0244 42000000 		.4byte	.LFE10
 559 0248 0100     		.2byte	0x1
 560 024a 57       		.byte	0x57
 561 024b 00000000 		.4byte	0x0
ARM GAS  C:\Users\DNIEL~1\AppData\Local\Temp\ccLvSf85.s 			page 11


 562 024f 00000000 		.4byte	0x0
 563              	.LLST20:
 564 0253 10000000 		.4byte	.LVL32
 565 0257 23000000 		.4byte	.LVL36-1
 566 025b 0100     		.2byte	0x1
 567 025d 50       		.byte	0x50
 568 025e 3E000000 		.4byte	.LVL41
 569 0262 42000000 		.4byte	.LFE10
 570 0266 0100     		.2byte	0x1
 571 0268 50       		.byte	0x50
 572 0269 00000000 		.4byte	0x0
 573 026d 00000000 		.4byte	0x0
 574              	.LLST21:
 575 0271 2E000000 		.4byte	.LVL37
 576 0275 31000000 		.4byte	.LVL38-1
 577 0279 0100     		.2byte	0x1
 578 027b 50       		.byte	0x50
 579 027c 31000000 		.4byte	.LVL38-1
 580 0280 38000000 		.4byte	.LVL40
 581 0284 0100     		.2byte	0x1
 582 0286 55       		.byte	0x55
 583 0287 00000000 		.4byte	0x0
 584 028b 00000000 		.4byte	0x0
 585              	.LLST22:
 586 028f 18000000 		.4byte	.LVL34
 587 0293 20000000 		.4byte	.LVL35
 588 0297 0100     		.2byte	0x1
 589 0299 53       		.byte	0x53
 590 029a 00000000 		.4byte	0x0
 591 029e 00000000 		.4byte	0x0
 592              	.LLST23:
 593 02a2 38000000 		.4byte	.LVL40
 594 02a6 3E000000 		.4byte	.LVL41
 595 02aa 0100     		.2byte	0x1
 596 02ac 53       		.byte	0x53
 597 02ad 00000000 		.4byte	0x0
 598 02b1 00000000 		.4byte	0x0
 599              		.file 2 "c:\\program files (x86)\\codesourcery\\sourcery g++ lite\\bin\\../lib/gcc/arm-none-eabi/4
 600              		.file 3 "c:\\program files (x86)\\codesourcery\\sourcery g++ lite\\bin\\../lib/gcc/arm-none-eabi/4
 601              		.file 4 "../../../ChibiOS/os/ports/GCC/ARMCMx/chtypes.h"
 602              		.file 5 "../../../ChibiOS/os/kernel/include/chlists.h"
 603              		.file 6 "../../../ChibiOS/os/kernel/include/chthreads.h"
 604              		.file 7 "../../../ChibiOS/os/ports/GCC/ARMCMx/chcore_v7m.h"
 605              		.file 8 "../../../ChibiOS/os/kernel/include/chmtx.h"
 606              		.file 9 "../../../ChibiOS/os/kernel/include/chmemcore.h"
 607              		.file 10 "../../../ChibiOS/os/kernel/include/chheap.h"
 608              		.file 11 "../../../ChibiOS/os/kernel/include/chmempools.h"
 609              		.section	.debug_info
 610 0000 6E070000 		.4byte	0x76e
 611 0004 0200     		.2byte	0x2
 612 0006 00000000 		.4byte	.Ldebug_abbrev0
 613 000a 04       		.byte	0x4
 614 000b 01       		.uleb128 0x1
 615 000c 61030000 		.4byte	.LASF80
 616 0010 01       		.byte	0x1
 617 0011 25000000 		.4byte	.LASF81
 618 0015 40010000 		.4byte	.LASF82
ARM GAS  C:\Users\DNIEL~1\AppData\Local\Temp\ccLvSf85.s 			page 12


 619 0019 00000000 		.4byte	0x0
 620 001d 00000000 		.4byte	0x0
 621 0021 00000000 		.4byte	.Ldebug_ranges0+0x0
 622 0025 00000000 		.4byte	.Ldebug_line0
 623 0029 02       		.uleb128 0x2
 624 002a 04       		.byte	0x4
 625 002b 05       		.byte	0x5
 626 002c 696E7400 		.ascii	"int\000"
 627 0030 03       		.uleb128 0x3
 628 0031 0E000000 		.4byte	.LASF2
 629 0035 02       		.byte	0x2
 630 0036 D3       		.byte	0xd3
 631 0037 3B000000 		.4byte	0x3b
 632 003b 04       		.uleb128 0x4
 633 003c 04       		.byte	0x4
 634 003d 07       		.byte	0x7
 635 003e 95010000 		.4byte	.LASF0
 636 0042 04       		.uleb128 0x4
 637 0043 01       		.byte	0x1
 638 0044 06       		.byte	0x6
 639 0045 AF000000 		.4byte	.LASF1
 640 0049 03       		.uleb128 0x3
 641 004a 52030000 		.4byte	.LASF3
 642 004e 03       		.byte	0x3
 643 004f 2A       		.byte	0x2a
 644 0050 54000000 		.4byte	0x54
 645 0054 04       		.uleb128 0x4
 646 0055 01       		.byte	0x1
 647 0056 08       		.byte	0x8
 648 0057 77020000 		.4byte	.LASF4
 649 005b 04       		.uleb128 0x4
 650 005c 02       		.byte	0x2
 651 005d 05       		.byte	0x5
 652 005e 9A020000 		.4byte	.LASF5
 653 0062 04       		.uleb128 0x4
 654 0063 02       		.byte	0x2
 655 0064 07       		.byte	0x7
 656 0065 C1010000 		.4byte	.LASF6
 657 0069 03       		.uleb128 0x3
 658 006a 6F020000 		.4byte	.LASF7
 659 006e 03       		.byte	0x3
 660 006f 4F       		.byte	0x4f
 661 0070 74000000 		.4byte	0x74
 662 0074 04       		.uleb128 0x4
 663 0075 04       		.byte	0x4
 664 0076 05       		.byte	0x5
 665 0077 DB000000 		.4byte	.LASF8
 666 007b 03       		.uleb128 0x3
 667 007c F7020000 		.4byte	.LASF9
 668 0080 03       		.byte	0x3
 669 0081 50       		.byte	0x50
 670 0082 86000000 		.4byte	0x86
 671 0086 04       		.uleb128 0x4
 672 0087 04       		.byte	0x4
 673 0088 07       		.byte	0x7
 674 0089 A2010000 		.4byte	.LASF10
 675 008d 04       		.uleb128 0x4
ARM GAS  C:\Users\DNIEL~1\AppData\Local\Temp\ccLvSf85.s 			page 13


 676 008e 08       		.byte	0x8
 677 008f 05       		.byte	0x5
 678 0090 A1000000 		.4byte	.LASF11
 679 0094 03       		.uleb128 0x3
 680 0095 1C000000 		.4byte	.LASF12
 681 0099 03       		.byte	0x3
 682 009a 78       		.byte	0x78
 683 009b 9F000000 		.4byte	0x9f
 684 009f 04       		.uleb128 0x4
 685 00a0 08       		.byte	0x8
 686 00a1 07       		.byte	0x7
 687 00a2 68000000 		.4byte	.LASF13
 688 00a6 03       		.uleb128 0x3
 689 00a7 DA010000 		.4byte	.LASF14
 690 00ab 04       		.byte	0x4
 691 00ac 28       		.byte	0x28
 692 00ad 49000000 		.4byte	0x49
 693 00b1 03       		.uleb128 0x3
 694 00b2 F8000000 		.4byte	.LASF15
 695 00b6 04       		.byte	0x4
 696 00b7 29       		.byte	0x29
 697 00b8 49000000 		.4byte	0x49
 698 00bc 03       		.uleb128 0x3
 699 00bd 53020000 		.4byte	.LASF16
 700 00c1 04       		.byte	0x4
 701 00c2 2A       		.byte	0x2a
 702 00c3 49000000 		.4byte	0x49
 703 00c7 03       		.uleb128 0x3
 704 00c8 D1000000 		.4byte	.LASF17
 705 00cc 04       		.byte	0x4
 706 00cd 2B       		.byte	0x2b
 707 00ce 49000000 		.4byte	0x49
 708 00d2 03       		.uleb128 0x3
 709 00d3 67020000 		.4byte	.LASF18
 710 00d7 04       		.byte	0x4
 711 00d8 2C       		.byte	0x2c
 712 00d9 7B000000 		.4byte	0x7b
 713 00dd 03       		.uleb128 0x3
 714 00de D4010000 		.4byte	.LASF19
 715 00e2 04       		.byte	0x4
 716 00e3 2D       		.byte	0x2d
 717 00e4 69000000 		.4byte	0x69
 718 00e8 03       		.uleb128 0x3
 719 00e9 EE010000 		.4byte	.LASF20
 720 00ed 04       		.byte	0x4
 721 00ee 2F       		.byte	0x2f
 722 00ef 7B000000 		.4byte	0x7b
 723 00f3 03       		.uleb128 0x3
 724 00f4 11030000 		.4byte	.LASF21
 725 00f8 04       		.byte	0x4
 726 00f9 31       		.byte	0x31
 727 00fa 7B000000 		.4byte	0x7b
 728 00fe 03       		.uleb128 0x3
 729 00ff E5020000 		.4byte	.LASF22
 730 0103 05       		.byte	0x5
 731 0104 23       		.byte	0x23
 732 0105 09010000 		.4byte	0x109
ARM GAS  C:\Users\DNIEL~1\AppData\Local\Temp\ccLvSf85.s 			page 14


 733 0109 05       		.uleb128 0x5
 734 010a E5020000 		.4byte	.LASF22
 735 010e 48       		.byte	0x48
 736 010f 06       		.byte	0x6
 737 0110 57       		.byte	0x57
 738 0111 2E020000 		.4byte	0x22e
 739 0115 06       		.uleb128 0x6
 740 0116 C9020000 		.4byte	.LASF23
 741 011a 06       		.byte	0x6
 742 011b 58       		.byte	0x58
 743 011c 53020000 		.4byte	0x253
 744 0120 02       		.byte	0x2
 745 0121 23       		.byte	0x23
 746 0122 00       		.uleb128 0x0
 747 0123 06       		.uleb128 0x6
 748 0124 60020000 		.4byte	.LASF24
 749 0128 06       		.byte	0x6
 750 0129 5A       		.byte	0x5a
 751 012a 53020000 		.4byte	0x253
 752 012e 02       		.byte	0x2
 753 012f 23       		.byte	0x23
 754 0130 04       		.uleb128 0x4
 755 0131 06       		.uleb128 0x6
 756 0132 9A000000 		.4byte	.LASF25
 757 0136 06       		.byte	0x6
 758 0137 5C       		.byte	0x5c
 759 0138 D2000000 		.4byte	0xd2
 760 013c 02       		.byte	0x2
 761 013d 23       		.byte	0x23
 762 013e 08       		.uleb128 0x8
 763 013f 06       		.uleb128 0x6
 764 0140 7C030000 		.4byte	.LASF26
 765 0144 06       		.byte	0x6
 766 0145 5D       		.byte	0x5d
 767 0146 2C030000 		.4byte	0x32c
 768 014a 02       		.byte	0x2
 769 014b 23       		.byte	0x23
 770 014c 0C       		.uleb128 0xc
 771 014d 06       		.uleb128 0x6
 772 014e 09010000 		.4byte	.LASF27
 773 0152 06       		.byte	0x6
 774 0153 5F       		.byte	0x5f
 775 0154 53020000 		.4byte	0x253
 776 0158 02       		.byte	0x2
 777 0159 23       		.byte	0x23
 778 015a 10       		.uleb128 0x10
 779 015b 06       		.uleb128 0x6
 780 015c 17020000 		.4byte	.LASF28
 781 0160 06       		.byte	0x6
 782 0161 60       		.byte	0x60
 783 0162 53020000 		.4byte	0x253
 784 0166 02       		.byte	0x2
 785 0167 23       		.byte	0x23
 786 0168 14       		.uleb128 0x14
 787 0169 06       		.uleb128 0x6
 788 016a 6D030000 		.4byte	.LASF29
 789 016e 06       		.byte	0x6
ARM GAS  C:\Users\DNIEL~1\AppData\Local\Temp\ccLvSf85.s 			page 15


 790 016f 67       		.byte	0x67
 791 0170 02050000 		.4byte	0x502
 792 0174 02       		.byte	0x2
 793 0175 23       		.byte	0x23
 794 0176 18       		.uleb128 0x18
 795 0177 06       		.uleb128 0x6
 796 0178 A4020000 		.4byte	.LASF30
 797 017c 06       		.byte	0x6
 798 017d 72       		.byte	0x72
 799 017e B1000000 		.4byte	0xb1
 800 0182 02       		.byte	0x2
 801 0183 23       		.byte	0x23
 802 0184 1C       		.uleb128 0x1c
 803 0185 06       		.uleb128 0x6
 804 0186 D0020000 		.4byte	.LASF31
 805 018a 06       		.byte	0x6
 806 018b 76       		.byte	0x76
 807 018c A6000000 		.4byte	0xa6
 808 0190 02       		.byte	0x2
 809 0191 23       		.byte	0x23
 810 0192 1D       		.uleb128 0x1d
 811 0193 06       		.uleb128 0x6
 812 0194 4B030000 		.4byte	.LASF32
 813 0198 06       		.byte	0x6
 814 0199 7B       		.byte	0x7b
 815 019a BC000000 		.4byte	0xbc
 816 019e 02       		.byte	0x2
 817 019f 23       		.byte	0x23
 818 01a0 1E       		.uleb128 0x1e
 819 01a1 06       		.uleb128 0x6
 820 01a2 AC020000 		.4byte	.LASF33
 821 01a6 06       		.byte	0x6
 822 01a7 81       		.byte	0x81
 823 01a8 C7000000 		.4byte	0xc7
 824 01ac 02       		.byte	0x2
 825 01ad 23       		.byte	0x23
 826 01ae 1F       		.uleb128 0x1f
 827 01af 06       		.uleb128 0x6
 828 01b0 26030000 		.4byte	.LASF34
 829 01b4 06       		.byte	0x6
 830 01b5 88       		.byte	0x88
 831 01b6 4F030000 		.4byte	0x34f
 832 01ba 02       		.byte	0x2
 833 01bb 23       		.byte	0x23
 834 01bc 20       		.uleb128 0x20
 835 01bd 07       		.uleb128 0x7
 836 01be 705F7500 		.ascii	"p_u\000"
 837 01c2 06       		.byte	0x6
 838 01c3 AD       		.byte	0xad
 839 01c4 CD040000 		.4byte	0x4cd
 840 01c8 02       		.byte	0x2
 841 01c9 23       		.byte	0x23
 842 01ca 24       		.uleb128 0x24
 843 01cb 06       		.uleb128 0x6
 844 01cc 82030000 		.4byte	.LASF35
 845 01d0 06       		.byte	0x6
 846 01d1 B2       		.byte	0xb2
ARM GAS  C:\Users\DNIEL~1\AppData\Local\Temp\ccLvSf85.s 			page 16


 847 01d2 7B020000 		.4byte	0x27b
 848 01d6 02       		.byte	0x2
 849 01d7 23       		.byte	0x23
 850 01d8 28       		.uleb128 0x28
 851 01d9 06       		.uleb128 0x6
 852 01da 34030000 		.4byte	.LASF36
 853 01de 06       		.byte	0x6
 854 01df B8       		.byte	0xb8
 855 01e0 59020000 		.4byte	0x259
 856 01e4 02       		.byte	0x2
 857 01e5 23       		.byte	0x23
 858 01e6 2C       		.uleb128 0x2c
 859 01e7 06       		.uleb128 0x6
 860 01e8 08000000 		.4byte	.LASF37
 861 01ec 06       		.byte	0x6
 862 01ed BC       		.byte	0xbc
 863 01ee DD000000 		.4byte	0xdd
 864 01f2 02       		.byte	0x2
 865 01f3 23       		.byte	0x23
 866 01f4 34       		.uleb128 0x34
 867 01f5 06       		.uleb128 0x6
 868 01f6 EC020000 		.4byte	.LASF38
 869 01fa 06       		.byte	0x6
 870 01fb C2       		.byte	0xc2
 871 01fc E8000000 		.4byte	0xe8
 872 0200 02       		.byte	0x2
 873 0201 23       		.byte	0x23
 874 0202 38       		.uleb128 0x38
 875 0203 06       		.uleb128 0x6
 876 0204 90020000 		.4byte	.LASF39
 877 0208 06       		.byte	0x6
 878 0209 C9       		.byte	0xc9
 879 020a 14050000 		.4byte	0x514
 880 020e 02       		.byte	0x2
 881 020f 23       		.byte	0x23
 882 0210 3C       		.uleb128 0x3c
 883 0211 06       		.uleb128 0x6
 884 0212 1B030000 		.4byte	.LASF40
 885 0216 06       		.byte	0x6
 886 0217 CD       		.byte	0xcd
 887 0218 D2000000 		.4byte	0xd2
 888 021c 02       		.byte	0x2
 889 021d 23       		.byte	0x23
 890 021e 40       		.uleb128 0x40
 891 021f 06       		.uleb128 0x6
 892 0220 C1000000 		.4byte	.LASF41
 893 0224 06       		.byte	0x6
 894 0225 D3       		.byte	0xd3
 895 0226 91020000 		.4byte	0x291
 896 022a 02       		.byte	0x2
 897 022b 23       		.byte	0x23
 898 022c 44       		.uleb128 0x44
 899 022d 00       		.byte	0x0
 900 022e 08       		.uleb128 0x8
 901 022f 08       		.byte	0x8
 902 0230 05       		.byte	0x5
 903 0231 5A       		.byte	0x5a
ARM GAS  C:\Users\DNIEL~1\AppData\Local\Temp\ccLvSf85.s 			page 17


 904 0232 53020000 		.4byte	0x253
 905 0236 06       		.uleb128 0x6
 906 0237 C9020000 		.4byte	.LASF23
 907 023b 05       		.byte	0x5
 908 023c 5B       		.byte	0x5b
 909 023d 53020000 		.4byte	0x253
 910 0241 02       		.byte	0x2
 911 0242 23       		.byte	0x23
 912 0243 00       		.uleb128 0x0
 913 0244 06       		.uleb128 0x6
 914 0245 60020000 		.4byte	.LASF24
 915 0249 05       		.byte	0x5
 916 024a 5D       		.byte	0x5d
 917 024b 53020000 		.4byte	0x253
 918 024f 02       		.byte	0x2
 919 0250 23       		.byte	0x23
 920 0251 04       		.uleb128 0x4
 921 0252 00       		.byte	0x0
 922 0253 09       		.uleb128 0x9
 923 0254 04       		.byte	0x4
 924 0255 FE000000 		.4byte	0xfe
 925 0259 03       		.uleb128 0x3
 926 025a 1F020000 		.4byte	.LASF42
 927 025e 05       		.byte	0x5
 928 025f 5F       		.byte	0x5f
 929 0260 2E020000 		.4byte	0x22e
 930 0264 08       		.uleb128 0x8
 931 0265 04       		.byte	0x4
 932 0266 05       		.byte	0x5
 933 0267 64       		.byte	0x64
 934 0268 7B020000 		.4byte	0x27b
 935 026c 06       		.uleb128 0x6
 936 026d C9020000 		.4byte	.LASF23
 937 0271 05       		.byte	0x5
 938 0272 66       		.byte	0x66
 939 0273 53020000 		.4byte	0x253
 940 0277 02       		.byte	0x2
 941 0278 23       		.byte	0x23
 942 0279 00       		.uleb128 0x0
 943 027a 00       		.byte	0x0
 944 027b 03       		.uleb128 0x3
 945 027c E2010000 		.4byte	.LASF43
 946 0280 05       		.byte	0x5
 947 0281 69       		.byte	0x69
 948 0282 64020000 		.4byte	0x264
 949 0286 03       		.uleb128 0x3
 950 0287 37010000 		.4byte	.LASF44
 951 028b 07       		.byte	0x7
 952 028c DE       		.byte	0xde
 953 028d 91020000 		.4byte	0x291
 954 0291 0A       		.uleb128 0xa
 955 0292 04       		.byte	0x4
 956 0293 03       		.uleb128 0x3
 957 0294 0C020000 		.4byte	.LASF45
 958 0298 07       		.byte	0x7
 959 0299 E4       		.byte	0xe4
 960 029a 94000000 		.4byte	0x94
ARM GAS  C:\Users\DNIEL~1\AppData\Local\Temp\ccLvSf85.s 			page 18


 961 029e 0B       		.uleb128 0xb
 962 029f 2D030000 		.4byte	.LASF46
 963 02a3 24       		.byte	0x24
 964 02a4 07       		.byte	0x7
 965 02a5 0501     		.2byte	0x105
 966 02a7 2C030000 		.4byte	0x32c
 967 02ab 0C       		.uleb128 0xc
 968 02ac 723400   		.ascii	"r4\000"
 969 02af 07       		.byte	0x7
 970 02b0 1801     		.2byte	0x118
 971 02b2 86020000 		.4byte	0x286
 972 02b6 02       		.byte	0x2
 973 02b7 23       		.byte	0x23
 974 02b8 00       		.uleb128 0x0
 975 02b9 0C       		.uleb128 0xc
 976 02ba 723500   		.ascii	"r5\000"
 977 02bd 07       		.byte	0x7
 978 02be 1901     		.2byte	0x119
 979 02c0 86020000 		.4byte	0x286
 980 02c4 02       		.byte	0x2
 981 02c5 23       		.byte	0x23
 982 02c6 04       		.uleb128 0x4
 983 02c7 0C       		.uleb128 0xc
 984 02c8 723600   		.ascii	"r6\000"
 985 02cb 07       		.byte	0x7
 986 02cc 1A01     		.2byte	0x11a
 987 02ce 86020000 		.4byte	0x286
 988 02d2 02       		.byte	0x2
 989 02d3 23       		.byte	0x23
 990 02d4 08       		.uleb128 0x8
 991 02d5 0C       		.uleb128 0xc
 992 02d6 723700   		.ascii	"r7\000"
 993 02d9 07       		.byte	0x7
 994 02da 1B01     		.2byte	0x11b
 995 02dc 86020000 		.4byte	0x286
 996 02e0 02       		.byte	0x2
 997 02e1 23       		.byte	0x23
 998 02e2 0C       		.uleb128 0xc
 999 02e3 0C       		.uleb128 0xc
 1000 02e4 723800   		.ascii	"r8\000"
 1001 02e7 07       		.byte	0x7
 1002 02e8 1C01     		.2byte	0x11c
 1003 02ea 86020000 		.4byte	0x286
 1004 02ee 02       		.byte	0x2
 1005 02ef 23       		.byte	0x23
 1006 02f0 10       		.uleb128 0x10
 1007 02f1 0C       		.uleb128 0xc
 1008 02f2 723900   		.ascii	"r9\000"
 1009 02f5 07       		.byte	0x7
 1010 02f6 1D01     		.2byte	0x11d
 1011 02f8 86020000 		.4byte	0x286
 1012 02fc 02       		.byte	0x2
 1013 02fd 23       		.byte	0x23
 1014 02fe 14       		.uleb128 0x14
 1015 02ff 0C       		.uleb128 0xc
 1016 0300 72313000 		.ascii	"r10\000"
 1017 0304 07       		.byte	0x7
ARM GAS  C:\Users\DNIEL~1\AppData\Local\Temp\ccLvSf85.s 			page 19


 1018 0305 1E01     		.2byte	0x11e
 1019 0307 86020000 		.4byte	0x286
 1020 030b 02       		.byte	0x2
 1021 030c 23       		.byte	0x23
 1022 030d 18       		.uleb128 0x18
 1023 030e 0C       		.uleb128 0xc
 1024 030f 72313100 		.ascii	"r11\000"
 1025 0313 07       		.byte	0x7
 1026 0314 1F01     		.2byte	0x11f
 1027 0316 86020000 		.4byte	0x286
 1028 031a 02       		.byte	0x2
 1029 031b 23       		.byte	0x23
 1030 031c 1C       		.uleb128 0x1c
 1031 031d 0C       		.uleb128 0xc
 1032 031e 6C7200   		.ascii	"lr\000"
 1033 0321 07       		.byte	0x7
 1034 0322 2001     		.2byte	0x120
 1035 0324 86020000 		.4byte	0x286
 1036 0328 02       		.byte	0x2
 1037 0329 23       		.byte	0x23
 1038 032a 20       		.uleb128 0x20
 1039 032b 00       		.byte	0x0
 1040 032c 0B       		.uleb128 0xb
 1041 032d B4010000 		.4byte	.LASF47
 1042 0331 04       		.byte	0x4
 1043 0332 07       		.byte	0x7
 1044 0333 2A01     		.2byte	0x12a
 1045 0335 49030000 		.4byte	0x349
 1046 0339 0C       		.uleb128 0xc
 1047 033a 72313300 		.ascii	"r13\000"
 1048 033e 07       		.byte	0x7
 1049 033f 2B01     		.2byte	0x12b
 1050 0341 49030000 		.4byte	0x349
 1051 0345 02       		.byte	0x2
 1052 0346 23       		.byte	0x23
 1053 0347 00       		.uleb128 0x0
 1054 0348 00       		.byte	0x0
 1055 0349 09       		.uleb128 0x9
 1056 034a 04       		.byte	0x4
 1057 034b 9E020000 		.4byte	0x29e
 1058 034f 0D       		.uleb128 0xd
 1059 0350 F3000000 		.4byte	0xf3
 1060 0354 05       		.uleb128 0x5
 1061 0355 FA010000 		.4byte	.LASF48
 1062 0359 10       		.byte	0x10
 1063 035a 08       		.byte	0x8
 1064 035b 25       		.byte	0x25
 1065 035c 8B030000 		.4byte	0x38b
 1066 0360 06       		.uleb128 0x6
 1067 0361 C9000000 		.4byte	.LASF49
 1068 0365 08       		.byte	0x8
 1069 0366 26       		.byte	0x26
 1070 0367 59020000 		.4byte	0x259
 1071 036b 02       		.byte	0x2
 1072 036c 23       		.byte	0x23
 1073 036d 00       		.uleb128 0x0
 1074 036e 06       		.uleb128 0x6
ARM GAS  C:\Users\DNIEL~1\AppData\Local\Temp\ccLvSf85.s 			page 20


 1075 036f 74030000 		.4byte	.LASF50
 1076 0373 08       		.byte	0x8
 1077 0374 28       		.byte	0x28
 1078 0375 53020000 		.4byte	0x253
 1079 0379 02       		.byte	0x2
 1080 037a 23       		.byte	0x23
 1081 037b 08       		.uleb128 0x8
 1082 037c 06       		.uleb128 0x6
 1083 037d 0A030000 		.4byte	.LASF51
 1084 0381 08       		.byte	0x8
 1085 0382 2A       		.byte	0x2a
 1086 0383 8B030000 		.4byte	0x38b
 1087 0387 02       		.byte	0x2
 1088 0388 23       		.byte	0x23
 1089 0389 0C       		.uleb128 0xc
 1090 038a 00       		.byte	0x0
 1091 038b 09       		.uleb128 0x9
 1092 038c 04       		.byte	0x4
 1093 038d 54030000 		.4byte	0x354
 1094 0391 03       		.uleb128 0x3
 1095 0392 FA010000 		.4byte	.LASF48
 1096 0396 08       		.byte	0x8
 1097 0397 2C       		.byte	0x2c
 1098 0398 54030000 		.4byte	0x354
 1099 039c 03       		.uleb128 0x3
 1100 039d 5B000000 		.4byte	.LASF52
 1101 03a1 09       		.byte	0x9
 1102 03a2 25       		.byte	0x25
 1103 03a3 A7030000 		.4byte	0x3a7
 1104 03a7 09       		.uleb128 0x9
 1105 03a8 04       		.byte	0x4
 1106 03a9 AD030000 		.4byte	0x3ad
 1107 03ad 0E       		.uleb128 0xe
 1108 03ae 01       		.byte	0x1
 1109 03af 91020000 		.4byte	0x291
 1110 03b3 BD030000 		.4byte	0x3bd
 1111 03b7 0F       		.uleb128 0xf
 1112 03b8 30000000 		.4byte	0x30
 1113 03bc 00       		.byte	0x0
 1114 03bd 03       		.uleb128 0x3
 1115 03be 40020000 		.4byte	.LASF53
 1116 03c2 0A       		.byte	0xa
 1117 03c3 2D       		.byte	0x2d
 1118 03c4 C8030000 		.4byte	0x3c8
 1119 03c8 05       		.uleb128 0x5
 1120 03c9 8C030000 		.4byte	.LASF54
 1121 03cd 20       		.byte	0x20
 1122 03ce 0A       		.byte	0xa
 1123 03cf 40       		.byte	0x40
 1124 03d0 FF030000 		.4byte	0x3ff
 1125 03d4 06       		.uleb128 0x6
 1126 03d5 85020000 		.4byte	.LASF55
 1127 03d9 0A       		.byte	0xa
 1128 03da 41       		.byte	0x41
 1129 03db 9C030000 		.4byte	0x39c
 1130 03df 02       		.byte	0x2
 1131 03e0 23       		.byte	0x23
ARM GAS  C:\Users\DNIEL~1\AppData\Local\Temp\ccLvSf85.s 			page 21


 1132 03e1 00       		.uleb128 0x0
 1133 03e2 06       		.uleb128 0x6
 1134 03e3 88000000 		.4byte	.LASF56
 1135 03e7 0A       		.byte	0xa
 1136 03e8 43       		.byte	0x43
 1137 03e9 1E040000 		.4byte	0x41e
 1138 03ed 02       		.byte	0x2
 1139 03ee 23       		.byte	0x23
 1140 03ef 08       		.uleb128 0x8
 1141 03f0 06       		.uleb128 0x6
 1142 03f1 BB000000 		.4byte	.LASF57
 1143 03f5 0A       		.byte	0xa
 1144 03f6 45       		.byte	0x45
 1145 03f7 91030000 		.4byte	0x391
 1146 03fb 02       		.byte	0x2
 1147 03fc 23       		.byte	0x23
 1148 03fd 10       		.uleb128 0x10
 1149 03fe 00       		.byte	0x0
 1150 03ff 10       		.uleb128 0x10
 1151 0400 04       		.byte	0x4
 1152 0401 0A       		.byte	0xa
 1153 0402 35       		.byte	0x35
 1154 0403 1E040000 		.4byte	0x41e
 1155 0407 11       		.uleb128 0x11
 1156 0408 95000000 		.4byte	.LASF58
 1157 040c 0A       		.byte	0xa
 1158 040d 36       		.byte	0x36
 1159 040e 3F040000 		.4byte	0x43f
 1160 0412 11       		.uleb128 0x11
 1161 0413 00030000 		.4byte	.LASF59
 1162 0417 0A       		.byte	0xa
 1163 0418 37       		.byte	0x37
 1164 0419 45040000 		.4byte	0x445
 1165 041d 00       		.byte	0x0
 1166 041e 12       		.uleb128 0x12
 1167 041f B6020000 		.4byte	.LASF83
 1168 0423 08       		.byte	0x8
 1169 0424 0A       		.byte	0xa
 1170 0425 32       		.byte	0x32
 1171 0426 3F040000 		.4byte	0x43f
 1172 042a 11       		.uleb128 0x11
 1173 042b 8F010000 		.4byte	.LASF60
 1174 042f 0A       		.byte	0xa
 1175 0430 33       		.byte	0x33
 1176 0431 93020000 		.4byte	0x293
 1177 0435 13       		.uleb128 0x13
 1178 0436 6800     		.ascii	"h\000"
 1179 0438 0A       		.byte	0xa
 1180 0439 3A       		.byte	0x3a
 1181 043a 4B040000 		.4byte	0x44b
 1182 043e 00       		.byte	0x0
 1183 043f 09       		.uleb128 0x9
 1184 0440 04       		.byte	0x4
 1185 0441 1E040000 		.4byte	0x41e
 1186 0445 09       		.uleb128 0x9
 1187 0446 04       		.byte	0x4
 1188 0447 BD030000 		.4byte	0x3bd
ARM GAS  C:\Users\DNIEL~1\AppData\Local\Temp\ccLvSf85.s 			page 22


 1189 044b 08       		.uleb128 0x8
 1190 044c 08       		.byte	0x8
 1191 044d 0A       		.byte	0xa
 1192 044e 34       		.byte	0x34
 1193 044f 6E040000 		.4byte	0x46e
 1194 0453 07       		.uleb128 0x7
 1195 0454 7500     		.ascii	"u\000"
 1196 0456 0A       		.byte	0xa
 1197 0457 38       		.byte	0x38
 1198 0458 FF030000 		.4byte	0x3ff
 1199 045c 02       		.byte	0x2
 1200 045d 23       		.byte	0x23
 1201 045e 00       		.uleb128 0x0
 1202 045f 06       		.uleb128 0x6
 1203 0460 BC010000 		.4byte	.LASF61
 1204 0464 0A       		.byte	0xa
 1205 0465 39       		.byte	0x39
 1206 0466 30000000 		.4byte	0x30
 1207 046a 02       		.byte	0x2
 1208 046b 23       		.byte	0x23
 1209 046c 04       		.uleb128 0x4
 1210 046d 00       		.byte	0x0
 1211 046e 05       		.uleb128 0x5
 1212 046f 3F030000 		.4byte	.LASF62
 1213 0473 04       		.byte	0x4
 1214 0474 0B       		.byte	0xb
 1215 0475 25       		.byte	0x25
 1216 0476 89040000 		.4byte	0x489
 1217 047a 06       		.uleb128 0x6
 1218 047b 4B020000 		.4byte	.LASF63
 1219 047f 0B       		.byte	0xb
 1220 0480 26       		.byte	0x26
 1221 0481 89040000 		.4byte	0x489
 1222 0485 02       		.byte	0x2
 1223 0486 23       		.byte	0x23
 1224 0487 00       		.uleb128 0x0
 1225 0488 00       		.byte	0x0
 1226 0489 09       		.uleb128 0x9
 1227 048a 04       		.byte	0x4
 1228 048b 6E040000 		.4byte	0x46e
 1229 048f 08       		.uleb128 0x8
 1230 0490 0C       		.byte	0xc
 1231 0491 0B       		.byte	0xb
 1232 0492 2D       		.byte	0x2d
 1233 0493 C2040000 		.4byte	0x4c2
 1234 0497 06       		.uleb128 0x6
 1235 0498 01010000 		.4byte	.LASF64
 1236 049c 0B       		.byte	0xb
 1237 049d 2E       		.byte	0x2e
 1238 049e 89040000 		.4byte	0x489
 1239 04a2 02       		.byte	0x2
 1240 04a3 23       		.byte	0x23
 1241 04a4 00       		.uleb128 0x0
 1242 04a5 06       		.uleb128 0x6
 1243 04a6 2C020000 		.4byte	.LASF65
 1244 04aa 0B       		.byte	0xb
 1245 04ab 2F       		.byte	0x2f
ARM GAS  C:\Users\DNIEL~1\AppData\Local\Temp\ccLvSf85.s 			page 23


 1246 04ac 30000000 		.4byte	0x30
 1247 04b0 02       		.byte	0x2
 1248 04b1 23       		.byte	0x23
 1249 04b2 04       		.uleb128 0x4
 1250 04b3 06       		.uleb128 0x6
 1251 04b4 2B010000 		.4byte	.LASF66
 1252 04b8 0B       		.byte	0xb
 1253 04b9 31       		.byte	0x31
 1254 04ba 9C030000 		.4byte	0x39c
 1255 04be 02       		.byte	0x2
 1256 04bf 23       		.byte	0x23
 1257 04c0 08       		.uleb128 0x8
 1258 04c1 00       		.byte	0x0
 1259 04c2 03       		.uleb128 0x3
 1260 04c3 50000000 		.4byte	.LASF67
 1261 04c7 0B       		.byte	0xb
 1262 04c8 33       		.byte	0x33
 1263 04c9 8F040000 		.4byte	0x48f
 1264 04cd 10       		.uleb128 0x10
 1265 04ce 04       		.byte	0x4
 1266 04cf 06       		.byte	0x6
 1267 04d0 8F       		.byte	0x8f
 1268 04d1 02050000 		.4byte	0x502
 1269 04d5 11       		.uleb128 0x11
 1270 04d6 15000000 		.4byte	.LASF68
 1271 04da 06       		.byte	0x6
 1272 04db 96       		.byte	0x96
 1273 04dc DD000000 		.4byte	0xdd
 1274 04e0 11       		.uleb128 0x11
 1275 04e1 7F000000 		.4byte	.LASF69
 1276 04e5 06       		.byte	0x6
 1277 04e6 9D       		.byte	0x9d
 1278 04e7 DD000000 		.4byte	0xdd
 1279 04eb 11       		.uleb128 0x11
 1280 04ec 5A030000 		.4byte	.LASF70
 1281 04f0 06       		.byte	0x6
 1282 04f1 A4       		.byte	0xa4
 1283 04f2 91020000 		.4byte	0x291
 1284 04f6 11       		.uleb128 0x11
 1285 04f7 C2020000 		.4byte	.LASF71
 1286 04fb 06       		.byte	0x6
 1287 04fc AB       		.byte	0xab
 1288 04fd E8000000 		.4byte	0xe8
 1289 0501 00       		.byte	0x0
 1290 0502 09       		.uleb128 0x9
 1291 0503 04       		.byte	0x4
 1292 0504 08050000 		.4byte	0x508
 1293 0508 14       		.uleb128 0x14
 1294 0509 0D050000 		.4byte	0x50d
 1295 050d 04       		.uleb128 0x4
 1296 050e 01       		.byte	0x1
 1297 050f 08       		.byte	0x8
 1298 0510 05030000 		.4byte	.LASF72
 1299 0514 09       		.uleb128 0x9
 1300 0515 04       		.byte	0x4
 1301 0516 91030000 		.4byte	0x391
 1302 051a 03       		.uleb128 0x3
ARM GAS  C:\Users\DNIEL~1\AppData\Local\Temp\ccLvSf85.s 			page 24


 1303 051b 00000000 		.4byte	.LASF73
 1304 051f 06       		.byte	0x6
 1305 0520 DE       		.byte	0xde
 1306 0521 25050000 		.4byte	0x525
 1307 0525 09       		.uleb128 0x9
 1308 0526 04       		.byte	0x4
 1309 0527 2B050000 		.4byte	0x52b
 1310 052b 0E       		.uleb128 0xe
 1311 052c 01       		.byte	0x1
 1312 052d DD000000 		.4byte	0xdd
 1313 0531 3B050000 		.4byte	0x53b
 1314 0535 0F       		.uleb128 0xf
 1315 0536 91020000 		.4byte	0x291
 1316 053a 00       		.byte	0x0
 1317 053b 15       		.uleb128 0x15
 1318 053c 01       		.byte	0x1
 1319 053d 00020000 		.4byte	.LASF75
 1320 0541 01       		.byte	0x1
 1321 0542 2D       		.byte	0x2d
 1322 0543 01       		.byte	0x1
 1323 0544 53020000 		.4byte	0x253
 1324 0548 00000000 		.4byte	.LFB7
 1325 054c 14000000 		.4byte	.LFE7
 1326 0550 02       		.byte	0x2
 1327 0551 7D       		.byte	0x7d
 1328 0552 00       		.sleb128 0
 1329 0553 9A050000 		.4byte	0x59a
 1330 0557 16       		.uleb128 0x16
 1331 0558 747000   		.ascii	"tp\000"
 1332 055b 01       		.byte	0x1
 1333 055c 2D       		.byte	0x2d
 1334 055d 53020000 		.4byte	0x253
 1335 0561 01       		.byte	0x1
 1336 0562 50       		.byte	0x50
 1337 0563 17       		.uleb128 0x17
 1338 0564 00000000 		.4byte	.LBB2
 1339 0568 06000000 		.4byte	.LBE2
 1340 056c 80050000 		.4byte	0x580
 1341 0570 18       		.uleb128 0x18
 1342 0571 746D7000 		.ascii	"tmp\000"
 1343 0575 01       		.byte	0x1
 1344 0576 2F       		.byte	0x2f
 1345 0577 7B000000 		.4byte	0x7b
 1346 057b 00000000 		.4byte	.LLST0
 1347 057f 00       		.byte	0x0
 1348 0580 19       		.uleb128 0x19
 1349 0581 0C000000 		.4byte	.LBB3
 1350 0585 12000000 		.4byte	.LBE3
 1351 0589 18       		.uleb128 0x18
 1352 058a 746D7000 		.ascii	"tmp\000"
 1353 058e 01       		.byte	0x1
 1354 058f 32       		.byte	0x32
 1355 0590 7B000000 		.4byte	0x7b
 1356 0594 13000000 		.4byte	.LLST1
 1357 0598 00       		.byte	0x0
 1358 0599 00       		.byte	0x0
 1359 059a 1A       		.uleb128 0x1a
ARM GAS  C:\Users\DNIEL~1\AppData\Local\Temp\ccLvSf85.s 			page 25


 1360 059b 01       		.byte	0x1
 1361 059c D8020000 		.4byte	.LASF84
 1362 05a0 01       		.byte	0x1
 1363 05a1 43       		.byte	0x43
 1364 05a2 01       		.byte	0x1
 1365 05a3 00000000 		.4byte	.LFB8
 1366 05a7 50000000 		.4byte	.LFE8
 1367 05ab 02       		.byte	0x2
 1368 05ac 7D       		.byte	0x7d
 1369 05ad 00       		.sleb128 0
 1370 05ae 06060000 		.4byte	0x606
 1371 05b2 1B       		.uleb128 0x1b
 1372 05b3 747000   		.ascii	"tp\000"
 1373 05b6 01       		.byte	0x1
 1374 05b7 43       		.byte	0x43
 1375 05b8 53020000 		.4byte	0x253
 1376 05bc 26000000 		.4byte	.LLST2
 1377 05c0 1C       		.uleb128 0x1c
 1378 05c1 5B020000 		.4byte	.LASF74
 1379 05c5 01       		.byte	0x1
 1380 05c6 44       		.byte	0x44
 1381 05c7 BC000000 		.4byte	0xbc
 1382 05cb 4F000000 		.4byte	.LLST3
 1383 05cf 17       		.uleb128 0x17
 1384 05d0 02000000 		.4byte	.LBB4
 1385 05d4 08000000 		.4byte	.LBE4
 1386 05d8 EC050000 		.4byte	0x5ec
 1387 05dc 18       		.uleb128 0x18
 1388 05dd 746D7000 		.ascii	"tmp\000"
 1389 05e1 01       		.byte	0x1
 1390 05e2 46       		.byte	0x46
 1391 05e3 7B000000 		.4byte	0x7b
 1392 05e7 6D000000 		.4byte	.LLST4
 1393 05eb 00       		.byte	0x0
 1394 05ec 19       		.uleb128 0x19
 1395 05ed 10000000 		.4byte	.LBB5
 1396 05f1 16000000 		.4byte	.LBE5
 1397 05f5 18       		.uleb128 0x18
 1398 05f6 746D7000 		.ascii	"tmp\000"
 1399 05fa 01       		.byte	0x1
 1400 05fb 49       		.byte	0x49
 1401 05fc 7B000000 		.4byte	0x7b
 1402 0600 80000000 		.4byte	.LLST5
 1403 0604 00       		.byte	0x0
 1404 0605 00       		.byte	0x0
 1405 0606 1D       		.uleb128 0x1d
 1406 0607 01       		.byte	0x1
 1407 0608 E4000000 		.4byte	.LASF76
 1408 060c 01       		.byte	0x1
 1409 060d 7B       		.byte	0x7b
 1410 060e 01       		.byte	0x1
 1411 060f 53020000 		.4byte	0x253
 1412 0613 00000000 		.4byte	.LFB9
 1413 0617 40000000 		.4byte	.LFE9
 1414 061b 93000000 		.4byte	.LLST6
 1415 061f C0060000 		.4byte	0x6c0
 1416 0623 1E       		.uleb128 0x1e
ARM GAS  C:\Users\DNIEL~1\AppData\Local\Temp\ccLvSf85.s 			page 26


 1417 0624 8F000000 		.4byte	.LASF77
 1418 0628 01       		.byte	0x1
 1419 0629 7B       		.byte	0x7b
 1420 062a 45040000 		.4byte	0x445
 1421 062e BF000000 		.4byte	.LLST7
 1422 0632 1E       		.uleb128 0x1e
 1423 0633 BC010000 		.4byte	.LASF61
 1424 0637 01       		.byte	0x1
 1425 0638 7B       		.byte	0x7b
 1426 0639 30000000 		.4byte	0x30
 1427 063d D2000000 		.4byte	.LLST8
 1428 0641 1E       		.uleb128 0x1e
 1429 0642 3B020000 		.4byte	.LASF78
 1430 0646 01       		.byte	0x1
 1431 0647 7C       		.byte	0x7c
 1432 0648 D2000000 		.4byte	0xd2
 1433 064c 06010000 		.4byte	.LLST9
 1434 0650 1B       		.uleb128 0x1b
 1435 0651 706600   		.ascii	"pf\000"
 1436 0654 01       		.byte	0x1
 1437 0655 7C       		.byte	0x7c
 1438 0656 1A050000 		.4byte	0x51a
 1439 065a 24010000 		.4byte	.LLST10
 1440 065e 16       		.uleb128 0x16
 1441 065f 61726700 		.ascii	"arg\000"
 1442 0663 01       		.byte	0x1
 1443 0664 7C       		.byte	0x7c
 1444 0665 91020000 		.4byte	0x291
 1445 0669 02       		.byte	0x2
 1446 066a 91       		.byte	0x91
 1447 066b 00       		.sleb128 0
 1448 066c 18       		.uleb128 0x18
 1449 066d 77737000 		.ascii	"wsp\000"
 1450 0671 01       		.byte	0x1
 1451 0672 7D       		.byte	0x7d
 1452 0673 91020000 		.4byte	0x291
 1453 0677 42010000 		.4byte	.LLST11
 1454 067b 18       		.uleb128 0x18
 1455 067c 747000   		.ascii	"tp\000"
 1456 067f 01       		.byte	0x1
 1457 0680 7E       		.byte	0x7e
 1458 0681 53020000 		.4byte	0x253
 1459 0685 60010000 		.4byte	.LLST12
 1460 0689 17       		.uleb128 0x17
 1461 068a 10000000 		.4byte	.LBB6
 1462 068e 16000000 		.4byte	.LBE6
 1463 0692 A6060000 		.4byte	0x6a6
 1464 0696 18       		.uleb128 0x18
 1465 0697 746D7000 		.ascii	"tmp\000"
 1466 069b 01       		.byte	0x1
 1467 069c 8D       		.byte	0x8d
 1468 069d 7B000000 		.4byte	0x7b
 1469 06a1 7E010000 		.4byte	.LLST13
 1470 06a5 00       		.byte	0x0
 1471 06a6 19       		.uleb128 0x19
 1472 06a7 30000000 		.4byte	.LBB7
 1473 06ab 36000000 		.4byte	.LBE7
ARM GAS  C:\Users\DNIEL~1\AppData\Local\Temp\ccLvSf85.s 			page 27


 1474 06af 18       		.uleb128 0x18
 1475 06b0 746D7000 		.ascii	"tmp\000"
 1476 06b4 01       		.byte	0x1
 1477 06b5 91       		.byte	0x91
 1478 06b6 7B000000 		.4byte	0x7b
 1479 06ba 91010000 		.4byte	.LLST14
 1480 06be 00       		.byte	0x0
 1481 06bf 00       		.byte	0x0
 1482 06c0 1D       		.uleb128 0x1d
 1483 06c1 01       		.byte	0x1
 1484 06c2 11010000 		.4byte	.LASF79
 1485 06c6 01       		.byte	0x1
 1486 06c7 AC       		.byte	0xac
 1487 06c8 01       		.byte	0x1
 1488 06c9 53020000 		.4byte	0x253
 1489 06cd 00000000 		.4byte	.LFB10
 1490 06d1 42000000 		.4byte	.LFE10
 1491 06d5 A4010000 		.4byte	.LLST15
 1492 06d9 6B070000 		.4byte	0x76b
 1493 06dd 1B       		.uleb128 0x1b
 1494 06de 6D7000   		.ascii	"mp\000"
 1495 06e1 01       		.byte	0x1
 1496 06e2 AC       		.byte	0xac
 1497 06e3 6B070000 		.4byte	0x76b
 1498 06e7 D0010000 		.4byte	.LLST16
 1499 06eb 1E       		.uleb128 0x1e
 1500 06ec 3B020000 		.4byte	.LASF78
 1501 06f0 01       		.byte	0x1
 1502 06f1 AC       		.byte	0xac
 1503 06f2 D2000000 		.4byte	0xd2
 1504 06f6 EE010000 		.4byte	.LLST17
 1505 06fa 1B       		.uleb128 0x1b
 1506 06fb 706600   		.ascii	"pf\000"
 1507 06fe 01       		.byte	0x1
 1508 06ff AD       		.byte	0xad
 1509 0700 1A050000 		.4byte	0x51a
 1510 0704 17020000 		.4byte	.LLST18
 1511 0708 1B       		.uleb128 0x1b
 1512 0709 61726700 		.ascii	"arg\000"
 1513 070d 01       		.byte	0x1
 1514 070e AD       		.byte	0xad
 1515 070f 91020000 		.4byte	0x291
 1516 0713 35020000 		.4byte	.LLST19
 1517 0717 18       		.uleb128 0x18
 1518 0718 77737000 		.ascii	"wsp\000"
 1519 071c 01       		.byte	0x1
 1520 071d AE       		.byte	0xae
 1521 071e 91020000 		.4byte	0x291
 1522 0722 53020000 		.4byte	.LLST20
 1523 0726 18       		.uleb128 0x18
 1524 0727 747000   		.ascii	"tp\000"
 1525 072a 01       		.byte	0x1
 1526 072b AF       		.byte	0xaf
 1527 072c 53020000 		.4byte	0x253
 1528 0730 71020000 		.4byte	.LLST21
 1529 0734 17       		.uleb128 0x17
 1530 0735 12000000 		.4byte	.LBB8
ARM GAS  C:\Users\DNIEL~1\AppData\Local\Temp\ccLvSf85.s 			page 28


 1531 0739 18000000 		.4byte	.LBE8
 1532 073d 51070000 		.4byte	0x751
 1533 0741 18       		.uleb128 0x18
 1534 0742 746D7000 		.ascii	"tmp\000"
 1535 0746 01       		.byte	0x1
 1536 0747 C0       		.byte	0xc0
 1537 0748 7B000000 		.4byte	0x7b
 1538 074c 8F020000 		.4byte	.LLST22
 1539 0750 00       		.byte	0x0
 1540 0751 19       		.uleb128 0x19
 1541 0752 32000000 		.4byte	.LBB9
 1542 0756 38000000 		.4byte	.LBE9
 1543 075a 18       		.uleb128 0x18
 1544 075b 746D7000 		.ascii	"tmp\000"
 1545 075f 01       		.byte	0x1
 1546 0760 C5       		.byte	0xc5
 1547 0761 7B000000 		.4byte	0x7b
 1548 0765 A2020000 		.4byte	.LLST23
 1549 0769 00       		.byte	0x0
 1550 076a 00       		.byte	0x0
 1551 076b 09       		.uleb128 0x9
 1552 076c 04       		.byte	0x4
 1553 076d C2040000 		.4byte	0x4c2
 1554 0771 00       		.byte	0x0
 1555              		.section	.debug_abbrev
 1556 0000 01       		.uleb128 0x1
 1557 0001 11       		.uleb128 0x11
 1558 0002 01       		.byte	0x1
 1559 0003 25       		.uleb128 0x25
 1560 0004 0E       		.uleb128 0xe
 1561 0005 13       		.uleb128 0x13
 1562 0006 0B       		.uleb128 0xb
 1563 0007 03       		.uleb128 0x3
 1564 0008 0E       		.uleb128 0xe
 1565 0009 1B       		.uleb128 0x1b
 1566 000a 0E       		.uleb128 0xe
 1567 000b 11       		.uleb128 0x11
 1568 000c 01       		.uleb128 0x1
 1569 000d 52       		.uleb128 0x52
 1570 000e 01       		.uleb128 0x1
 1571 000f 55       		.uleb128 0x55
 1572 0010 06       		.uleb128 0x6
 1573 0011 10       		.uleb128 0x10
 1574 0012 06       		.uleb128 0x6
 1575 0013 00       		.byte	0x0
 1576 0014 00       		.byte	0x0
 1577 0015 02       		.uleb128 0x2
 1578 0016 24       		.uleb128 0x24
 1579 0017 00       		.byte	0x0
 1580 0018 0B       		.uleb128 0xb
 1581 0019 0B       		.uleb128 0xb
 1582 001a 3E       		.uleb128 0x3e
 1583 001b 0B       		.uleb128 0xb
 1584 001c 03       		.uleb128 0x3
 1585 001d 08       		.uleb128 0x8
 1586 001e 00       		.byte	0x0
 1587 001f 00       		.byte	0x0
ARM GAS  C:\Users\DNIEL~1\AppData\Local\Temp\ccLvSf85.s 			page 29


 1588 0020 03       		.uleb128 0x3
 1589 0021 16       		.uleb128 0x16
 1590 0022 00       		.byte	0x0
 1591 0023 03       		.uleb128 0x3
 1592 0024 0E       		.uleb128 0xe
 1593 0025 3A       		.uleb128 0x3a
 1594 0026 0B       		.uleb128 0xb
 1595 0027 3B       		.uleb128 0x3b
 1596 0028 0B       		.uleb128 0xb
 1597 0029 49       		.uleb128 0x49
 1598 002a 13       		.uleb128 0x13
 1599 002b 00       		.byte	0x0
 1600 002c 00       		.byte	0x0
 1601 002d 04       		.uleb128 0x4
 1602 002e 24       		.uleb128 0x24
 1603 002f 00       		.byte	0x0
 1604 0030 0B       		.uleb128 0xb
 1605 0031 0B       		.uleb128 0xb
 1606 0032 3E       		.uleb128 0x3e
 1607 0033 0B       		.uleb128 0xb
 1608 0034 03       		.uleb128 0x3
 1609 0035 0E       		.uleb128 0xe
 1610 0036 00       		.byte	0x0
 1611 0037 00       		.byte	0x0
 1612 0038 05       		.uleb128 0x5
 1613 0039 13       		.uleb128 0x13
 1614 003a 01       		.byte	0x1
 1615 003b 03       		.uleb128 0x3
 1616 003c 0E       		.uleb128 0xe
 1617 003d 0B       		.uleb128 0xb
 1618 003e 0B       		.uleb128 0xb
 1619 003f 3A       		.uleb128 0x3a
 1620 0040 0B       		.uleb128 0xb
 1621 0041 3B       		.uleb128 0x3b
 1622 0042 0B       		.uleb128 0xb
 1623 0043 01       		.uleb128 0x1
 1624 0044 13       		.uleb128 0x13
 1625 0045 00       		.byte	0x0
 1626 0046 00       		.byte	0x0
 1627 0047 06       		.uleb128 0x6
 1628 0048 0D       		.uleb128 0xd
 1629 0049 00       		.byte	0x0
 1630 004a 03       		.uleb128 0x3
 1631 004b 0E       		.uleb128 0xe
 1632 004c 3A       		.uleb128 0x3a
 1633 004d 0B       		.uleb128 0xb
 1634 004e 3B       		.uleb128 0x3b
 1635 004f 0B       		.uleb128 0xb
 1636 0050 49       		.uleb128 0x49
 1637 0051 13       		.uleb128 0x13
 1638 0052 38       		.uleb128 0x38
 1639 0053 0A       		.uleb128 0xa
 1640 0054 00       		.byte	0x0
 1641 0055 00       		.byte	0x0
 1642 0056 07       		.uleb128 0x7
 1643 0057 0D       		.uleb128 0xd
 1644 0058 00       		.byte	0x0
ARM GAS  C:\Users\DNIEL~1\AppData\Local\Temp\ccLvSf85.s 			page 30


 1645 0059 03       		.uleb128 0x3
 1646 005a 08       		.uleb128 0x8
 1647 005b 3A       		.uleb128 0x3a
 1648 005c 0B       		.uleb128 0xb
 1649 005d 3B       		.uleb128 0x3b
 1650 005e 0B       		.uleb128 0xb
 1651 005f 49       		.uleb128 0x49
 1652 0060 13       		.uleb128 0x13
 1653 0061 38       		.uleb128 0x38
 1654 0062 0A       		.uleb128 0xa
 1655 0063 00       		.byte	0x0
 1656 0064 00       		.byte	0x0
 1657 0065 08       		.uleb128 0x8
 1658 0066 13       		.uleb128 0x13
 1659 0067 01       		.byte	0x1
 1660 0068 0B       		.uleb128 0xb
 1661 0069 0B       		.uleb128 0xb
 1662 006a 3A       		.uleb128 0x3a
 1663 006b 0B       		.uleb128 0xb
 1664 006c 3B       		.uleb128 0x3b
 1665 006d 0B       		.uleb128 0xb
 1666 006e 01       		.uleb128 0x1
 1667 006f 13       		.uleb128 0x13
 1668 0070 00       		.byte	0x0
 1669 0071 00       		.byte	0x0
 1670 0072 09       		.uleb128 0x9
 1671 0073 0F       		.uleb128 0xf
 1672 0074 00       		.byte	0x0
 1673 0075 0B       		.uleb128 0xb
 1674 0076 0B       		.uleb128 0xb
 1675 0077 49       		.uleb128 0x49
 1676 0078 13       		.uleb128 0x13
 1677 0079 00       		.byte	0x0
 1678 007a 00       		.byte	0x0
 1679 007b 0A       		.uleb128 0xa
 1680 007c 0F       		.uleb128 0xf
 1681 007d 00       		.byte	0x0
 1682 007e 0B       		.uleb128 0xb
 1683 007f 0B       		.uleb128 0xb
 1684 0080 00       		.byte	0x0
 1685 0081 00       		.byte	0x0
 1686 0082 0B       		.uleb128 0xb
 1687 0083 13       		.uleb128 0x13
 1688 0084 01       		.byte	0x1
 1689 0085 03       		.uleb128 0x3
 1690 0086 0E       		.uleb128 0xe
 1691 0087 0B       		.uleb128 0xb
 1692 0088 0B       		.uleb128 0xb
 1693 0089 3A       		.uleb128 0x3a
 1694 008a 0B       		.uleb128 0xb
 1695 008b 3B       		.uleb128 0x3b
 1696 008c 05       		.uleb128 0x5
 1697 008d 01       		.uleb128 0x1
 1698 008e 13       		.uleb128 0x13
 1699 008f 00       		.byte	0x0
 1700 0090 00       		.byte	0x0
 1701 0091 0C       		.uleb128 0xc
ARM GAS  C:\Users\DNIEL~1\AppData\Local\Temp\ccLvSf85.s 			page 31


 1702 0092 0D       		.uleb128 0xd
 1703 0093 00       		.byte	0x0
 1704 0094 03       		.uleb128 0x3
 1705 0095 08       		.uleb128 0x8
 1706 0096 3A       		.uleb128 0x3a
 1707 0097 0B       		.uleb128 0xb
 1708 0098 3B       		.uleb128 0x3b
 1709 0099 05       		.uleb128 0x5
 1710 009a 49       		.uleb128 0x49
 1711 009b 13       		.uleb128 0x13
 1712 009c 38       		.uleb128 0x38
 1713 009d 0A       		.uleb128 0xa
 1714 009e 00       		.byte	0x0
 1715 009f 00       		.byte	0x0
 1716 00a0 0D       		.uleb128 0xd
 1717 00a1 35       		.uleb128 0x35
 1718 00a2 00       		.byte	0x0
 1719 00a3 49       		.uleb128 0x49
 1720 00a4 13       		.uleb128 0x13
 1721 00a5 00       		.byte	0x0
 1722 00a6 00       		.byte	0x0
 1723 00a7 0E       		.uleb128 0xe
 1724 00a8 15       		.uleb128 0x15
 1725 00a9 01       		.byte	0x1
 1726 00aa 27       		.uleb128 0x27
 1727 00ab 0C       		.uleb128 0xc
 1728 00ac 49       		.uleb128 0x49
 1729 00ad 13       		.uleb128 0x13
 1730 00ae 01       		.uleb128 0x1
 1731 00af 13       		.uleb128 0x13
 1732 00b0 00       		.byte	0x0
 1733 00b1 00       		.byte	0x0
 1734 00b2 0F       		.uleb128 0xf
 1735 00b3 05       		.uleb128 0x5
 1736 00b4 00       		.byte	0x0
 1737 00b5 49       		.uleb128 0x49
 1738 00b6 13       		.uleb128 0x13
 1739 00b7 00       		.byte	0x0
 1740 00b8 00       		.byte	0x0
 1741 00b9 10       		.uleb128 0x10
 1742 00ba 17       		.uleb128 0x17
 1743 00bb 01       		.byte	0x1
 1744 00bc 0B       		.uleb128 0xb
 1745 00bd 0B       		.uleb128 0xb
 1746 00be 3A       		.uleb128 0x3a
 1747 00bf 0B       		.uleb128 0xb
 1748 00c0 3B       		.uleb128 0x3b
 1749 00c1 0B       		.uleb128 0xb
 1750 00c2 01       		.uleb128 0x1
 1751 00c3 13       		.uleb128 0x13
 1752 00c4 00       		.byte	0x0
 1753 00c5 00       		.byte	0x0
 1754 00c6 11       		.uleb128 0x11
 1755 00c7 0D       		.uleb128 0xd
 1756 00c8 00       		.byte	0x0
 1757 00c9 03       		.uleb128 0x3
 1758 00ca 0E       		.uleb128 0xe
ARM GAS  C:\Users\DNIEL~1\AppData\Local\Temp\ccLvSf85.s 			page 32


 1759 00cb 3A       		.uleb128 0x3a
 1760 00cc 0B       		.uleb128 0xb
 1761 00cd 3B       		.uleb128 0x3b
 1762 00ce 0B       		.uleb128 0xb
 1763 00cf 49       		.uleb128 0x49
 1764 00d0 13       		.uleb128 0x13
 1765 00d1 00       		.byte	0x0
 1766 00d2 00       		.byte	0x0
 1767 00d3 12       		.uleb128 0x12
 1768 00d4 17       		.uleb128 0x17
 1769 00d5 01       		.byte	0x1
 1770 00d6 03       		.uleb128 0x3
 1771 00d7 0E       		.uleb128 0xe
 1772 00d8 0B       		.uleb128 0xb
 1773 00d9 0B       		.uleb128 0xb
 1774 00da 3A       		.uleb128 0x3a
 1775 00db 0B       		.uleb128 0xb
 1776 00dc 3B       		.uleb128 0x3b
 1777 00dd 0B       		.uleb128 0xb
 1778 00de 01       		.uleb128 0x1
 1779 00df 13       		.uleb128 0x13
 1780 00e0 00       		.byte	0x0
 1781 00e1 00       		.byte	0x0
 1782 00e2 13       		.uleb128 0x13
 1783 00e3 0D       		.uleb128 0xd
 1784 00e4 00       		.byte	0x0
 1785 00e5 03       		.uleb128 0x3
 1786 00e6 08       		.uleb128 0x8
 1787 00e7 3A       		.uleb128 0x3a
 1788 00e8 0B       		.uleb128 0xb
 1789 00e9 3B       		.uleb128 0x3b
 1790 00ea 0B       		.uleb128 0xb
 1791 00eb 49       		.uleb128 0x49
 1792 00ec 13       		.uleb128 0x13
 1793 00ed 00       		.byte	0x0
 1794 00ee 00       		.byte	0x0
 1795 00ef 14       		.uleb128 0x14
 1796 00f0 26       		.uleb128 0x26
 1797 00f1 00       		.byte	0x0
 1798 00f2 49       		.uleb128 0x49
 1799 00f3 13       		.uleb128 0x13
 1800 00f4 00       		.byte	0x0
 1801 00f5 00       		.byte	0x0
 1802 00f6 15       		.uleb128 0x15
 1803 00f7 2E       		.uleb128 0x2e
 1804 00f8 01       		.byte	0x1
 1805 00f9 3F       		.uleb128 0x3f
 1806 00fa 0C       		.uleb128 0xc
 1807 00fb 03       		.uleb128 0x3
 1808 00fc 0E       		.uleb128 0xe
 1809 00fd 3A       		.uleb128 0x3a
 1810 00fe 0B       		.uleb128 0xb
 1811 00ff 3B       		.uleb128 0x3b
 1812 0100 0B       		.uleb128 0xb
 1813 0101 27       		.uleb128 0x27
 1814 0102 0C       		.uleb128 0xc
 1815 0103 49       		.uleb128 0x49
ARM GAS  C:\Users\DNIEL~1\AppData\Local\Temp\ccLvSf85.s 			page 33


 1816 0104 13       		.uleb128 0x13
 1817 0105 11       		.uleb128 0x11
 1818 0106 01       		.uleb128 0x1
 1819 0107 12       		.uleb128 0x12
 1820 0108 01       		.uleb128 0x1
 1821 0109 40       		.uleb128 0x40
 1822 010a 0A       		.uleb128 0xa
 1823 010b 01       		.uleb128 0x1
 1824 010c 13       		.uleb128 0x13
 1825 010d 00       		.byte	0x0
 1826 010e 00       		.byte	0x0
 1827 010f 16       		.uleb128 0x16
 1828 0110 05       		.uleb128 0x5
 1829 0111 00       		.byte	0x0
 1830 0112 03       		.uleb128 0x3
 1831 0113 08       		.uleb128 0x8
 1832 0114 3A       		.uleb128 0x3a
 1833 0115 0B       		.uleb128 0xb
 1834 0116 3B       		.uleb128 0x3b
 1835 0117 0B       		.uleb128 0xb
 1836 0118 49       		.uleb128 0x49
 1837 0119 13       		.uleb128 0x13
 1838 011a 02       		.uleb128 0x2
 1839 011b 0A       		.uleb128 0xa
 1840 011c 00       		.byte	0x0
 1841 011d 00       		.byte	0x0
 1842 011e 17       		.uleb128 0x17
 1843 011f 0B       		.uleb128 0xb
 1844 0120 01       		.byte	0x1
 1845 0121 11       		.uleb128 0x11
 1846 0122 01       		.uleb128 0x1
 1847 0123 12       		.uleb128 0x12
 1848 0124 01       		.uleb128 0x1
 1849 0125 01       		.uleb128 0x1
 1850 0126 13       		.uleb128 0x13
 1851 0127 00       		.byte	0x0
 1852 0128 00       		.byte	0x0
 1853 0129 18       		.uleb128 0x18
 1854 012a 34       		.uleb128 0x34
 1855 012b 00       		.byte	0x0
 1856 012c 03       		.uleb128 0x3
 1857 012d 08       		.uleb128 0x8
 1858 012e 3A       		.uleb128 0x3a
 1859 012f 0B       		.uleb128 0xb
 1860 0130 3B       		.uleb128 0x3b
 1861 0131 0B       		.uleb128 0xb
 1862 0132 49       		.uleb128 0x49
 1863 0133 13       		.uleb128 0x13
 1864 0134 02       		.uleb128 0x2
 1865 0135 06       		.uleb128 0x6
 1866 0136 00       		.byte	0x0
 1867 0137 00       		.byte	0x0
 1868 0138 19       		.uleb128 0x19
 1869 0139 0B       		.uleb128 0xb
 1870 013a 01       		.byte	0x1
 1871 013b 11       		.uleb128 0x11
 1872 013c 01       		.uleb128 0x1
ARM GAS  C:\Users\DNIEL~1\AppData\Local\Temp\ccLvSf85.s 			page 34


 1873 013d 12       		.uleb128 0x12
 1874 013e 01       		.uleb128 0x1
 1875 013f 00       		.byte	0x0
 1876 0140 00       		.byte	0x0
 1877 0141 1A       		.uleb128 0x1a
 1878 0142 2E       		.uleb128 0x2e
 1879 0143 01       		.byte	0x1
 1880 0144 3F       		.uleb128 0x3f
 1881 0145 0C       		.uleb128 0xc
 1882 0146 03       		.uleb128 0x3
 1883 0147 0E       		.uleb128 0xe
 1884 0148 3A       		.uleb128 0x3a
 1885 0149 0B       		.uleb128 0xb
 1886 014a 3B       		.uleb128 0x3b
 1887 014b 0B       		.uleb128 0xb
 1888 014c 27       		.uleb128 0x27
 1889 014d 0C       		.uleb128 0xc
 1890 014e 11       		.uleb128 0x11
 1891 014f 01       		.uleb128 0x1
 1892 0150 12       		.uleb128 0x12
 1893 0151 01       		.uleb128 0x1
 1894 0152 40       		.uleb128 0x40
 1895 0153 0A       		.uleb128 0xa
 1896 0154 01       		.uleb128 0x1
 1897 0155 13       		.uleb128 0x13
 1898 0156 00       		.byte	0x0
 1899 0157 00       		.byte	0x0
 1900 0158 1B       		.uleb128 0x1b
 1901 0159 05       		.uleb128 0x5
 1902 015a 00       		.byte	0x0
 1903 015b 03       		.uleb128 0x3
 1904 015c 08       		.uleb128 0x8
 1905 015d 3A       		.uleb128 0x3a
 1906 015e 0B       		.uleb128 0xb
 1907 015f 3B       		.uleb128 0x3b
 1908 0160 0B       		.uleb128 0xb
 1909 0161 49       		.uleb128 0x49
 1910 0162 13       		.uleb128 0x13
 1911 0163 02       		.uleb128 0x2
 1912 0164 06       		.uleb128 0x6
 1913 0165 00       		.byte	0x0
 1914 0166 00       		.byte	0x0
 1915 0167 1C       		.uleb128 0x1c
 1916 0168 34       		.uleb128 0x34
 1917 0169 00       		.byte	0x0
 1918 016a 03       		.uleb128 0x3
 1919 016b 0E       		.uleb128 0xe
 1920 016c 3A       		.uleb128 0x3a
 1921 016d 0B       		.uleb128 0xb
 1922 016e 3B       		.uleb128 0x3b
 1923 016f 0B       		.uleb128 0xb
 1924 0170 49       		.uleb128 0x49
 1925 0171 13       		.uleb128 0x13
 1926 0172 02       		.uleb128 0x2
 1927 0173 06       		.uleb128 0x6
 1928 0174 00       		.byte	0x0
 1929 0175 00       		.byte	0x0
ARM GAS  C:\Users\DNIEL~1\AppData\Local\Temp\ccLvSf85.s 			page 35


 1930 0176 1D       		.uleb128 0x1d
 1931 0177 2E       		.uleb128 0x2e
 1932 0178 01       		.byte	0x1
 1933 0179 3F       		.uleb128 0x3f
 1934 017a 0C       		.uleb128 0xc
 1935 017b 03       		.uleb128 0x3
 1936 017c 0E       		.uleb128 0xe
 1937 017d 3A       		.uleb128 0x3a
 1938 017e 0B       		.uleb128 0xb
 1939 017f 3B       		.uleb128 0x3b
 1940 0180 0B       		.uleb128 0xb
 1941 0181 27       		.uleb128 0x27
 1942 0182 0C       		.uleb128 0xc
 1943 0183 49       		.uleb128 0x49
 1944 0184 13       		.uleb128 0x13
 1945 0185 11       		.uleb128 0x11
 1946 0186 01       		.uleb128 0x1
 1947 0187 12       		.uleb128 0x12
 1948 0188 01       		.uleb128 0x1
 1949 0189 40       		.uleb128 0x40
 1950 018a 06       		.uleb128 0x6
 1951 018b 01       		.uleb128 0x1
 1952 018c 13       		.uleb128 0x13
 1953 018d 00       		.byte	0x0
 1954 018e 00       		.byte	0x0
 1955 018f 1E       		.uleb128 0x1e
 1956 0190 05       		.uleb128 0x5
 1957 0191 00       		.byte	0x0
 1958 0192 03       		.uleb128 0x3
 1959 0193 0E       		.uleb128 0xe
 1960 0194 3A       		.uleb128 0x3a
 1961 0195 0B       		.uleb128 0xb
 1962 0196 3B       		.uleb128 0x3b
 1963 0197 0B       		.uleb128 0xb
 1964 0198 49       		.uleb128 0x49
 1965 0199 13       		.uleb128 0x13
 1966 019a 02       		.uleb128 0x2
 1967 019b 06       		.uleb128 0x6
 1968 019c 00       		.byte	0x0
 1969 019d 00       		.byte	0x0
 1970 019e 00       		.byte	0x0
 1971              		.section	.debug_pubnames,"",%progbits
 1972 0000 65000000 		.4byte	0x65
 1973 0004 0200     		.2byte	0x2
 1974 0006 00000000 		.4byte	.Ldebug_info0
 1975 000a 72070000 		.4byte	0x772
 1976 000e 3B050000 		.4byte	0x53b
 1977 0012 63685468 		.ascii	"chThdAddRef\000"
 1977      64416464 
 1977      52656600 
 1978 001e 9A050000 		.4byte	0x59a
 1979 0022 63685468 		.ascii	"chThdRelease\000"
 1979      6452656C 
 1979      65617365 
 1979      00
 1980 002f 06060000 		.4byte	0x606
 1981 0033 63685468 		.ascii	"chThdCreateFromHeap\000"
ARM GAS  C:\Users\DNIEL~1\AppData\Local\Temp\ccLvSf85.s 			page 36


 1981      64437265 
 1981      61746546 
 1981      726F6D48 
 1981      65617000 
 1982 0047 C0060000 		.4byte	0x6c0
 1983 004b 63685468 		.ascii	"chThdCreateFromMemoryPool\000"
 1983      64437265 
 1983      61746546 
 1983      726F6D4D 
 1983      656D6F72 
 1984 0065 00000000 		.4byte	0x0
 1985              		.section	.debug_pubtypes,"",%progbits
 1986 0000 9B010000 		.4byte	0x19b
 1987 0004 0200     		.2byte	0x2
 1988 0006 00000000 		.4byte	.Ldebug_info0
 1989 000a 72070000 		.4byte	0x772
 1990 000e 30000000 		.4byte	0x30
 1991 0012 73697A65 		.ascii	"size_t\000"
 1991      5F7400
 1992 0019 49000000 		.4byte	0x49
 1993 001d 75696E74 		.ascii	"uint8_t\000"
 1993      385F7400 
 1994 0025 69000000 		.4byte	0x69
 1995 0029 696E7433 		.ascii	"int32_t\000"
 1995      325F7400 
 1996 0031 7B000000 		.4byte	0x7b
 1997 0035 75696E74 		.ascii	"uint32_t\000"
 1997      33325F74 
 1997      00
 1998 003e 94000000 		.4byte	0x94
 1999 0042 75696E74 		.ascii	"uint64_t\000"
 1999      36345F74 
 1999      00
 2000 004b A6000000 		.4byte	0xa6
 2001 004f 746D6F64 		.ascii	"tmode_t\000"
 2001      655F7400 
 2002 0057 B1000000 		.4byte	0xb1
 2003 005b 74737461 		.ascii	"tstate_t\000"
 2003      74655F74 
 2003      00
 2004 0064 BC000000 		.4byte	0xbc
 2005 0068 74726566 		.ascii	"trefs_t\000"
 2005      735F7400 
 2006 0070 C7000000 		.4byte	0xc7
 2007 0074 74736C69 		.ascii	"tslices_t\000"
 2007      6365735F 
 2007      7400
 2008 007e D2000000 		.4byte	0xd2
 2009 0082 74707269 		.ascii	"tprio_t\000"
 2009      6F5F7400 
 2010 008a DD000000 		.4byte	0xdd
 2011 008e 6D73675F 		.ascii	"msg_t\000"
 2011      7400
 2012 0094 E8000000 		.4byte	0xe8
 2013 0098 6576656E 		.ascii	"eventmask_t\000"
 2013      746D6173 
 2013      6B5F7400 
ARM GAS  C:\Users\DNIEL~1\AppData\Local\Temp\ccLvSf85.s 			page 37


 2014 00a4 F3000000 		.4byte	0xf3
 2015 00a8 73797374 		.ascii	"systime_t\000"
 2015      696D655F 
 2015      7400
 2016 00b2 FE000000 		.4byte	0xfe
 2017 00b6 54687265 		.ascii	"Thread\000"
 2017      616400
 2018 00bd 59020000 		.4byte	0x259
 2019 00c1 54687265 		.ascii	"ThreadsQueue\000"
 2019      61647351 
 2019      75657565 
 2019      00
 2020 00ce 7B020000 		.4byte	0x27b
 2021 00d2 54687265 		.ascii	"ThreadsList\000"
 2021      6164734C 
 2021      69737400 
 2022 00de 86020000 		.4byte	0x286
 2023 00e2 72656761 		.ascii	"regarm_t\000"
 2023      726D5F74 
 2023      00
 2024 00eb 93020000 		.4byte	0x293
 2025 00ef 73746B61 		.ascii	"stkalign_t\000"
 2025      6C69676E 
 2025      5F7400
 2026 00fa 9E020000 		.4byte	0x29e
 2027 00fe 696E7463 		.ascii	"intctx\000"
 2027      747800
 2028 0105 2C030000 		.4byte	0x32c
 2029 0109 636F6E74 		.ascii	"context\000"
 2029      65787400 
 2030 0111 54030000 		.4byte	0x354
 2031 0115 4D757465 		.ascii	"Mutex\000"
 2031      7800
 2032 011b 91030000 		.4byte	0x391
 2033 011f 4D757465 		.ascii	"Mutex\000"
 2033      7800
 2034 0125 9C030000 		.4byte	0x39c
 2035 0129 6D656D67 		.ascii	"memgetfunc_t\000"
 2035      65746675 
 2035      6E635F74 
 2035      00
 2036 0136 BD030000 		.4byte	0x3bd
 2037 013a 4D656D6F 		.ascii	"MemoryHeap\000"
 2037      72794865 
 2037      617000
 2038 0145 1E040000 		.4byte	0x41e
 2039 0149 68656170 		.ascii	"heap_header\000"
 2039      5F686561 
 2039      64657200 
 2040 0155 C8030000 		.4byte	0x3c8
 2041 0159 6D656D6F 		.ascii	"memory_heap\000"
 2041      72795F68 
 2041      65617000 
 2042 0165 6E040000 		.4byte	0x46e
 2043 0169 706F6F6C 		.ascii	"pool_header\000"
 2043      5F686561 
 2043      64657200 
ARM GAS  C:\Users\DNIEL~1\AppData\Local\Temp\ccLvSf85.s 			page 38


 2044 0175 C2040000 		.4byte	0x4c2
 2045 0179 4D656D6F 		.ascii	"MemoryPool\000"
 2045      7279506F 
 2045      6F6C00
 2046 0184 09010000 		.4byte	0x109
 2047 0188 54687265 		.ascii	"Thread\000"
 2047      616400
 2048 018f 1A050000 		.4byte	0x51a
 2049 0193 7466756E 		.ascii	"tfunc_t\000"
 2049      635F7400 
 2050 019b 00000000 		.4byte	0x0
 2051              		.section	.debug_aranges,"",%progbits
 2052 0000 34000000 		.4byte	0x34
 2053 0004 0200     		.2byte	0x2
 2054 0006 00000000 		.4byte	.Ldebug_info0
 2055 000a 04       		.byte	0x4
 2056 000b 00       		.byte	0x0
 2057 000c 0000     		.2byte	0x0
 2058 000e 0000     		.2byte	0x0
 2059 0010 00000000 		.4byte	.LFB7
 2060 0014 14000000 		.4byte	.LFE7-.LFB7
 2061 0018 00000000 		.4byte	.LFB8
 2062 001c 50000000 		.4byte	.LFE8-.LFB8
 2063 0020 00000000 		.4byte	.LFB9
 2064 0024 40000000 		.4byte	.LFE9-.LFB9
 2065 0028 00000000 		.4byte	.LFB10
 2066 002c 42000000 		.4byte	.LFE10-.LFB10
 2067 0030 00000000 		.4byte	0x0
 2068 0034 00000000 		.4byte	0x0
 2069              		.section	.debug_ranges,"",%progbits
 2070              	.Ldebug_ranges0:
 2071 0000 00000000 		.4byte	.LFB7
 2072 0004 14000000 		.4byte	.LFE7
 2073 0008 00000000 		.4byte	.LFB8
 2074 000c 50000000 		.4byte	.LFE8
 2075 0010 00000000 		.4byte	.LFB9
 2076 0014 40000000 		.4byte	.LFE9
 2077 0018 00000000 		.4byte	.LFB10
 2078 001c 42000000 		.4byte	.LFE10
 2079 0020 00000000 		.4byte	0x0
 2080 0024 00000000 		.4byte	0x0
 2081              		.section	.debug_str,"MS",%progbits,1
 2082              	.LASF73:
 2083 0000 7466756E 		.ascii	"tfunc_t\000"
 2083      635F7400 
 2084              	.LASF37:
 2085 0008 705F6D73 		.ascii	"p_msg\000"
 2085      6700
 2086              	.LASF2:
 2087 000e 73697A65 		.ascii	"size_t\000"
 2087      5F7400
 2088              	.LASF68:
 2089 0015 7264796D 		.ascii	"rdymsg\000"
 2089      736700
 2090              	.LASF12:
 2091 001c 75696E74 		.ascii	"uint64_t\000"
 2091      36345F74 
ARM GAS  C:\Users\DNIEL~1\AppData\Local\Temp\ccLvSf85.s 			page 39


 2091      00
 2092              	.LASF81:
 2093 0025 2E2E2F2E 		.ascii	"../../../ChibiOS/os/kernel/src/chdynamic.c\000"
 2093      2E2F2E2E 
 2093      2F436869 
 2093      62694F53 
 2093      2F6F732F 
 2094              	.LASF67:
 2095 0050 4D656D6F 		.ascii	"MemoryPool\000"
 2095      7279506F 
 2095      6F6C00
 2096              	.LASF52:
 2097 005b 6D656D67 		.ascii	"memgetfunc_t\000"
 2097      65746675 
 2097      6E635F74 
 2097      00
 2098              	.LASF13:
 2099 0068 6C6F6E67 		.ascii	"long long unsigned int\000"
 2099      206C6F6E 
 2099      6720756E 
 2099      7369676E 
 2099      65642069 
 2100              	.LASF69:
 2101 007f 65786974 		.ascii	"exitcode\000"
 2101      636F6465 
 2101      00
 2102              	.LASF56:
 2103 0088 685F6672 		.ascii	"h_free\000"
 2103      656500
 2104              	.LASF77:
 2105 008f 68656170 		.ascii	"heapp\000"
 2105      7000
 2106              	.LASF58:
 2107 0095 6E657874 		.ascii	"next\000"
 2107      00
 2108              	.LASF25:
 2109 009a 705F7072 		.ascii	"p_prio\000"
 2109      696F00
 2110              	.LASF11:
 2111 00a1 6C6F6E67 		.ascii	"long long int\000"
 2111      206C6F6E 
 2111      6720696E 
 2111      7400
 2112              	.LASF1:
 2113 00af 7369676E 		.ascii	"signed char\000"
 2113      65642063 
 2113      68617200 
 2114              	.LASF57:
 2115 00bb 685F6D74 		.ascii	"h_mtx\000"
 2115      7800
 2116              	.LASF41:
 2117 00c1 705F6D70 		.ascii	"p_mpool\000"
 2117      6F6F6C00 
 2118              	.LASF49:
 2119 00c9 6D5F7175 		.ascii	"m_queue\000"
 2119      65756500 
 2120              	.LASF17:
ARM GAS  C:\Users\DNIEL~1\AppData\Local\Temp\ccLvSf85.s 			page 40


 2121 00d1 74736C69 		.ascii	"tslices_t\000"
 2121      6365735F 
 2121      7400
 2122              	.LASF8:
 2123 00db 6C6F6E67 		.ascii	"long int\000"
 2123      20696E74 
 2123      00
 2124              	.LASF76:
 2125 00e4 63685468 		.ascii	"chThdCreateFromHeap\000"
 2125      64437265 
 2125      61746546 
 2125      726F6D48 
 2125      65617000 
 2126              	.LASF15:
 2127 00f8 74737461 		.ascii	"tstate_t\000"
 2127      74655F74 
 2127      00
 2128              	.LASF64:
 2129 0101 6D705F6E 		.ascii	"mp_next\000"
 2129      65787400 
 2130              	.LASF27:
 2131 0109 705F6E65 		.ascii	"p_newer\000"
 2131      77657200 
 2132              	.LASF79:
 2133 0111 63685468 		.ascii	"chThdCreateFromMemoryPool\000"
 2133      64437265 
 2133      61746546 
 2133      726F6D4D 
 2133      656D6F72 
 2134              	.LASF66:
 2135 012b 6D705F70 		.ascii	"mp_provider\000"
 2135      726F7669 
 2135      64657200 
 2136              	.LASF44:
 2137 0137 72656761 		.ascii	"regarm_t\000"
 2137      726D5F74 
 2137      00
 2138              	.LASF82:
 2139 0140 433A5C55 		.ascii	"C:\\Users\\D\341niel\\Dropbox\\Solar Racing\\Szoftv"
 2139      73657273 
 2139      5C44E16E 
 2139      69656C5C 
 2139      44726F70 
 2140 016b 65725C53 		.ascii	"er\\Smarty\\Smarty_v6\\smarty\\firmware\000"
 2140      6D617274 
 2140      795C536D 
 2140      61727479 
 2140      5F76365C 
 2141              	.LASF60:
 2142 018f 616C6967 		.ascii	"align\000"
 2142      6E00
 2143              	.LASF0:
 2144 0195 756E7369 		.ascii	"unsigned int\000"
 2144      676E6564 
 2144      20696E74 
 2144      00
 2145              	.LASF10:
ARM GAS  C:\Users\DNIEL~1\AppData\Local\Temp\ccLvSf85.s 			page 41


 2146 01a2 6C6F6E67 		.ascii	"long unsigned int\000"
 2146      20756E73 
 2146      69676E65 
 2146      6420696E 
 2146      7400
 2147              	.LASF47:
 2148 01b4 636F6E74 		.ascii	"context\000"
 2148      65787400 
 2149              	.LASF61:
 2150 01bc 73697A65 		.ascii	"size\000"
 2150      00
 2151              	.LASF6:
 2152 01c1 73686F72 		.ascii	"short unsigned int\000"
 2152      7420756E 
 2152      7369676E 
 2152      65642069 
 2152      6E7400
 2153              	.LASF19:
 2154 01d4 6D73675F 		.ascii	"msg_t\000"
 2154      7400
 2155              	.LASF14:
 2156 01da 746D6F64 		.ascii	"tmode_t\000"
 2156      655F7400 
 2157              	.LASF43:
 2158 01e2 54687265 		.ascii	"ThreadsList\000"
 2158      6164734C 
 2158      69737400 
 2159              	.LASF20:
 2160 01ee 6576656E 		.ascii	"eventmask_t\000"
 2160      746D6173 
 2160      6B5F7400 
 2161              	.LASF48:
 2162 01fa 4D757465 		.ascii	"Mutex\000"
 2162      7800
 2163              	.LASF75:
 2164 0200 63685468 		.ascii	"chThdAddRef\000"
 2164      64416464 
 2164      52656600 
 2165              	.LASF45:
 2166 020c 73746B61 		.ascii	"stkalign_t\000"
 2166      6C69676E 
 2166      5F7400
 2167              	.LASF28:
 2168 0217 705F6F6C 		.ascii	"p_older\000"
 2168      64657200 
 2169              	.LASF42:
 2170 021f 54687265 		.ascii	"ThreadsQueue\000"
 2170      61647351 
 2170      75657565 
 2170      00
 2171              	.LASF65:
 2172 022c 6D705F6F 		.ascii	"mp_object_size\000"
 2172      626A6563 
 2172      745F7369 
 2172      7A6500
 2173              	.LASF78:
 2174 023b 7072696F 		.ascii	"prio\000"
ARM GAS  C:\Users\DNIEL~1\AppData\Local\Temp\ccLvSf85.s 			page 42


 2174      00
 2175              	.LASF53:
 2176 0240 4D656D6F 		.ascii	"MemoryHeap\000"
 2176      72794865 
 2176      617000
 2177              	.LASF63:
 2178 024b 70685F6E 		.ascii	"ph_next\000"
 2178      65787400 
 2179              	.LASF16:
 2180 0253 74726566 		.ascii	"trefs_t\000"
 2180      735F7400 
 2181              	.LASF74:
 2182 025b 72656673 		.ascii	"refs\000"
 2182      00
 2183              	.LASF24:
 2184 0260 705F7072 		.ascii	"p_prev\000"
 2184      657600
 2185              	.LASF18:
 2186 0267 74707269 		.ascii	"tprio_t\000"
 2186      6F5F7400 
 2187              	.LASF7:
 2188 026f 696E7433 		.ascii	"int32_t\000"
 2188      325F7400 
 2189              	.LASF4:
 2190 0277 756E7369 		.ascii	"unsigned char\000"
 2190      676E6564 
 2190      20636861 
 2190      7200
 2191              	.LASF55:
 2192 0285 685F7072 		.ascii	"h_provider\000"
 2192      6F766964 
 2192      657200
 2193              	.LASF39:
 2194 0290 705F6D74 		.ascii	"p_mtxlist\000"
 2194      786C6973 
 2194      7400
 2195              	.LASF5:
 2196 029a 73686F72 		.ascii	"short int\000"
 2196      7420696E 
 2196      7400
 2197              	.LASF30:
 2198 02a4 705F7374 		.ascii	"p_state\000"
 2198      61746500 
 2199              	.LASF33:
 2200 02ac 705F7072 		.ascii	"p_preempt\000"
 2200      65656D70 
 2200      7400
 2201              	.LASF83:
 2202 02b6 68656170 		.ascii	"heap_header\000"
 2202      5F686561 
 2202      64657200 
 2203              	.LASF71:
 2204 02c2 65776D61 		.ascii	"ewmask\000"
 2204      736B00
 2205              	.LASF23:
 2206 02c9 705F6E65 		.ascii	"p_next\000"
 2206      787400
ARM GAS  C:\Users\DNIEL~1\AppData\Local\Temp\ccLvSf85.s 			page 43


 2207              	.LASF31:
 2208 02d0 705F666C 		.ascii	"p_flags\000"
 2208      61677300 
 2209              	.LASF84:
 2210 02d8 63685468 		.ascii	"chThdRelease\000"
 2210      6452656C 
 2210      65617365 
 2210      00
 2211              	.LASF22:
 2212 02e5 54687265 		.ascii	"Thread\000"
 2212      616400
 2213              	.LASF38:
 2214 02ec 705F6570 		.ascii	"p_epending\000"
 2214      656E6469 
 2214      6E6700
 2215              	.LASF9:
 2216 02f7 75696E74 		.ascii	"uint32_t\000"
 2216      33325F74 
 2216      00
 2217              	.LASF59:
 2218 0300 68656170 		.ascii	"heap\000"
 2218      00
 2219              	.LASF72:
 2220 0305 63686172 		.ascii	"char\000"
 2220      00
 2221              	.LASF51:
 2222 030a 6D5F6E65 		.ascii	"m_next\000"
 2222      787400
 2223              	.LASF21:
 2224 0311 73797374 		.ascii	"systime_t\000"
 2224      696D655F 
 2224      7400
 2225              	.LASF40:
 2226 031b 705F7265 		.ascii	"p_realprio\000"
 2226      616C7072 
 2226      696F00
 2227              	.LASF34:
 2228 0326 705F7469 		.ascii	"p_time\000"
 2228      6D6500
 2229              	.LASF46:
 2230 032d 696E7463 		.ascii	"intctx\000"
 2230      747800
 2231              	.LASF36:
 2232 0334 705F6D73 		.ascii	"p_msgqueue\000"
 2232      67717565 
 2232      756500
 2233              	.LASF62:
 2234 033f 706F6F6C 		.ascii	"pool_header\000"
 2234      5F686561 
 2234      64657200 
 2235              	.LASF32:
 2236 034b 705F7265 		.ascii	"p_refs\000"
 2236      667300
 2237              	.LASF3:
 2238 0352 75696E74 		.ascii	"uint8_t\000"
 2238      385F7400 
 2239              	.LASF70:
ARM GAS  C:\Users\DNIEL~1\AppData\Local\Temp\ccLvSf85.s 			page 44


 2240 035a 77746F62 		.ascii	"wtobjp\000"
 2240      6A7000
 2241              	.LASF80:
 2242 0361 474E5520 		.ascii	"GNU C 4.5.2\000"
 2242      4320342E 
 2242      352E3200 
 2243              	.LASF29:
 2244 036d 705F6E61 		.ascii	"p_name\000"
 2244      6D6500
 2245              	.LASF50:
 2246 0374 6D5F6F77 		.ascii	"m_owner\000"
 2246      6E657200 
 2247              	.LASF26:
 2248 037c 705F6374 		.ascii	"p_ctx\000"
 2248      7800
 2249              	.LASF35:
 2250 0382 705F7761 		.ascii	"p_waiting\000"
 2250      6974696E 
 2250      6700
 2251              	.LASF54:
 2252 038c 6D656D6F 		.ascii	"memory_heap\000"
 2252      72795F68 
 2252      65617000 
 2253              		.ident	"GCC: (Sourcery G++ Lite 2011.03-42) 4.5.2"
ARM GAS  C:\Users\DNIEL~1\AppData\Local\Temp\ccLvSf85.s 			page 45


DEFINED SYMBOLS
                            *ABS*:00000000 chdynamic.c
C:\Users\DNIEL~1\AppData\Local\Temp\ccLvSf85.s:24     .text.chThdAddRef:00000000 $t
C:\Users\DNIEL~1\AppData\Local\Temp\ccLvSf85.s:30     .text.chThdAddRef:00000000 chThdAddRef
C:\Users\DNIEL~1\AppData\Local\Temp\ccLvSf85.s:70     .text.chThdRelease:00000000 $t
C:\Users\DNIEL~1\AppData\Local\Temp\ccLvSf85.s:76     .text.chThdRelease:00000000 chThdRelease
C:\Users\DNIEL~1\AppData\Local\Temp\ccLvSf85.s:160    .text.chThdCreateFromHeap:00000000 $t
C:\Users\DNIEL~1\AppData\Local\Temp\ccLvSf85.s:166    .text.chThdCreateFromHeap:00000000 chThdCreateFromHeap
C:\Users\DNIEL~1\AppData\Local\Temp\ccLvSf85.s:248    .text.chThdCreateFromMemoryPool:00000000 $t
C:\Users\DNIEL~1\AppData\Local\Temp\ccLvSf85.s:254    .text.chThdCreateFromMemoryPool:00000000 chThdCreateFromMemoryPool
                     .debug_frame:00000010 $d

UNDEFINED SYMBOLS
chPoolFree
chHeapFree
chHeapAlloc
chThdCreateI
chSchWakeupS
chPoolAlloc
