ARM GAS  C:\Users\DNIEL~1\AppData\Local\Temp\ccinbw4Z.s 			page 1


   1              		.syntax unified
   2              		.cpu cortex-m4
   3              		.fpu softvfp
   4              		.eabi_attribute 20, 1
   5              		.eabi_attribute 21, 1
   6              		.eabi_attribute 23, 3
   7              		.eabi_attribute 24, 1
   8              		.eabi_attribute 25, 1
   9              		.eabi_attribute 26, 1
  10              		.eabi_attribute 30, 2
  11              		.eabi_attribute 18, 4
  12              		.thumb
  13              		.file	"chheap.c"
  14              		.section	.debug_abbrev,"",%progbits
  15              	.Ldebug_abbrev0:
  16              		.section	.debug_info,"",%progbits
  17              	.Ldebug_info0:
  18              		.section	.debug_line,"",%progbits
  19              	.Ldebug_line0:
  20 0000 CA020000 		.text
  20      0200D901 
  20      00000201 
  20      FB0E0D00 
  20      01010101 
  21              	.Ltext0:
  22              		.cfi_sections	.debug_frame
  23              		.section	.text._heap_init,"ax",%progbits
  24              		.align	2
  25              		.p2align 4,,15
  26              		.global	_heap_init
  27              		.thumb
  28              		.thumb_func
  29              		.type	_heap_init, %function
  30              	_heap_init:
  31              	.LFB7:
  32              		.file 1 "../../../ChibiOS/os/kernel/src/chheap.c"
  33              		.loc 1 68 0
  34              		.cfi_startproc
  35              		@ args = 0, pretend = 0, frame = 0
  36              		@ frame_needed = 0, uses_anonymous_args = 0
  37              		@ link register save eliminated.
  38              		.loc 1 69 0
  39 0000 044B     		ldr	r3, .L2
  40 0002 0549     		ldr	r1, .L2+4
  41              		.loc 1 70 0
  42 0004 0022     		movs	r2, #0
  43              		.loc 1 73 0
  44 0006 03F11000 		add	r0, r3, #16
  45              		.loc 1 69 0
  46 000a 1960     		str	r1, [r3, #0]
  47              		.loc 1 70 0
  48 000c 9A60     		str	r2, [r3, #8]
  49              		.loc 1 71 0
  50 000e DA60     		str	r2, [r3, #12]
  51              		.loc 1 77 0
  52              		.loc 1 73 0
  53 0010 FFF7FEBF 		b	chMtxInit
ARM GAS  C:\Users\DNIEL~1\AppData\Local\Temp\ccinbw4Z.s 			page 2


  54              	.L3:
  55              		.align	2
  56              	.L2:
  57 0014 00000000 		.word	.LANCHOR0
  58 0018 00000000 		.word	chCoreAlloc
  59              		.cfi_endproc
  60              	.LFE7:
  61              		.size	_heap_init, .-_heap_init
  62 001c AFF30080 		.section	.text.chHeapInit,"ax",%progbits
  63              		.align	2
  64              		.p2align 4,,15
  65              		.global	chHeapInit
  66              		.thumb
  67              		.thumb_func
  68              		.type	chHeapInit, %function
  69              	chHeapInit:
  70              	.LFB8:
  71              		.loc 1 92 0
  72              		.cfi_startproc
  73              		@ args = 0, pretend = 0, frame = 0
  74              		@ frame_needed = 0, uses_anonymous_args = 0
  75              		@ link register save eliminated.
  76              	.LVL0:
  77              		.loc 1 97 0
  78 0000 0023     		movs	r3, #0
  79 0002 0360     		str	r3, [r0, #0]
  80              	.LVL1:
  81              		.loc 1 98 0
  82 0004 8160     		str	r1, [r0, #8]
  83              		.loc 1 99 0
  84 0006 C360     		str	r3, [r0, #12]
  85              		.loc 1 101 0
  86 0008 083A     		subs	r2, r2, #8
  87              	.LVL2:
  88              		.loc 1 103 0
  89 000a 1030     		adds	r0, r0, #16
  90              	.LVL3:
  91              		.loc 1 100 0
  92 000c 0B60     		str	r3, [r1, #0]
  93              		.loc 1 101 0
  94 000e 4A60     		str	r2, [r1, #4]
  95              		.loc 1 107 0
  96              		.loc 1 103 0
  97 0010 FFF7FEBF 		b	chMtxInit
  98              		.cfi_endproc
  99              	.LFE8:
 100              		.size	chHeapInit, .-chHeapInit
 101 0014 AFF30080 		.section	.text.chHeapAlloc,"ax",%progbits
 101      AFF30080 
 101      AFF30080 
 102              		.align	2
 103              		.p2align 4,,15
 104              		.global	chHeapAlloc
 105              		.thumb
 106              		.thumb_func
 107              		.type	chHeapAlloc, %function
 108              	chHeapAlloc:
ARM GAS  C:\Users\DNIEL~1\AppData\Local\Temp\ccinbw4Z.s 			page 3


 109              	.LFB9:
 110              		.loc 1 125 0
 111              		.cfi_startproc
 112              		@ args = 0, pretend = 0, frame = 0
 113              		@ frame_needed = 0, uses_anonymous_args = 0
 114              	.LVL4:
 115 0000 F8B5     		push	{r3, r4, r5, r6, r7, lr}
 116              	.LCFI0:
 117              		.cfi_def_cfa_offset 24
 118              		.loc 1 129 0
 119 0002 204C     		ldr	r4, .L19
 120              		.cfi_offset 14, -4
 121              		.cfi_offset 7, -8
 122              		.cfi_offset 6, -12
 123              		.cfi_offset 5, -16
 124              		.cfi_offset 4, -20
 125              		.cfi_offset 3, -24
 126 0004 0028     		cmp	r0, #0
 127 0006 18BF     		it	ne
 128 0008 0446     		movne	r4, r0
 129              	.LVL5:
 130              		.loc 1 131 0
 131 000a 0731     		adds	r1, r1, #7
 132              	.LVL6:
 133              		.loc 1 133 0
 134 000c 04F11000 		add	r0, r4, #16
 135              		.loc 1 131 0
 136 0010 21F00706 		bic	r6, r1, #7
 137              	.LVL7:
 138              		.loc 1 132 0
 139 0014 04F10805 		add	r5, r4, #8
 140              	.LVL8:
 141              		.loc 1 133 0
 142 0018 FFF7FEFF 		bl	chMtxLock
 143              		.loc 1 135 0
 144 001c 00E0     		b	.L7
 145              	.LVL9:
 146              	.L13:
 147              		.loc 1 137 0
 148 001e 1D46     		mov	r5, r3
 149              	.LVL10:
 150              	.L7:
 151              		.loc 1 135 0 discriminator 1
 152 0020 2B68     		ldr	r3, [r5, #0]
 153 0022 F3B1     		cbz	r3, .L17
 154              	.LVL11:
 155              		.loc 1 137 0
 156 0024 5A68     		ldr	r2, [r3, #4]
 157 0026 9642     		cmp	r6, r2
 158 0028 F9D8     		bhi	.L13
 159              		.loc 1 138 0
 160 002a 06F10801 		add	r1, r6, #8
 161 002e 8A42     		cmp	r2, r1
 162 0030 14D3     		bcc	.L18
 163              		.loc 1 148 0
 164 0032 6FF00700 		mvn	r0, #7
 165              		.loc 1 146 0
ARM GAS  C:\Users\DNIEL~1\AppData\Local\Temp\ccinbw4Z.s 			page 4


 166 0036 5F18     		adds	r7, r3, r1
 167              	.LVL12:
 168              		.loc 1 147 0
 169 0038 D3F800E0 		ldr	lr, [r3, #0]
 170              		.loc 1 148 0
 171 003c C6EB000C 		rsb	ip, r6, r0
 172 0040 0CEB0200 		add	r0, ip, r2
 173              		.loc 1 147 0
 174 0044 43F801E0 		str	lr, [r3, r1]
 175              		.loc 1 148 0
 176 0048 7860     		str	r0, [r7, #4]
 177              		.loc 1 149 0
 178 004a 2F60     		str	r7, [r5, #0]
 179              		.loc 1 150 0
 180 004c 5E60     		str	r6, [r3, #4]
 181              	.LVL13:
 182              	.L9:
 183              		.loc 1 152 0
 184 004e 1D46     		mov	r5, r3
 185              	.LVL14:
 186 0050 45F8084B 		str	r4, [r5], #8
 187              		.loc 1 154 0
 188 0054 FFF7FEFF 		bl	chMtxUnlock
 189              	.LVL15:
 190              	.L10:
 191              		.loc 1 174 0
 192 0058 2846     		mov	r0, r5
 193 005a F8BD     		pop	{r3, r4, r5, r6, r7, pc}
 194              	.LVL16:
 195              	.L18:
 196              		.loc 1 142 0
 197 005c 1A68     		ldr	r2, [r3, #0]
 198 005e 2A60     		str	r2, [r5, #0]
 199 0060 F5E7     		b	.L9
 200              	.LVL17:
 201              	.L17:
 202              		.loc 1 160 0
 203 0062 FFF7FEFF 		bl	chMtxUnlock
 204              		.loc 1 164 0
 205 0066 2568     		ldr	r5, [r4, #0]
 206              	.LVL18:
 207 0068 002D     		cmp	r5, #0
 208 006a F5D0     		beq	.L10
 209              		.loc 1 165 0
 210 006c 06F10800 		add	r0, r6, #8
 211 0070 A847     		blx	r5
 212              	.LVL19:
 213              		.loc 1 166 0
 214 0072 20B1     		cbz	r0, .L15
 215              		.loc 1 167 0
 216 0074 0460     		str	r4, [r0, #0]
 217              		.loc 1 168 0
 218 0076 4660     		str	r6, [r0, #4]
 219              		.loc 1 169 0
 220 0078 00F10805 		add	r5, r0, #8
 221              	.LVL20:
 222              		.loc 1 170 0
ARM GAS  C:\Users\DNIEL~1\AppData\Local\Temp\ccinbw4Z.s 			page 5


 223 007c ECE7     		b	.L10
 224              	.LVL21:
 225              	.L15:
 226              		.loc 1 173 0
 227 007e 0546     		mov	r5, r0
 228 0080 EAE7     		b	.L10
 229              	.L20:
 230 0082 00BF     		.align	2
 231              	.L19:
 232 0084 00000000 		.word	.LANCHOR0
 233              		.cfi_endproc
 234              	.LFE9:
 235              		.size	chHeapAlloc, .-chHeapAlloc
 236 0088 AFF30080 		.section	.text.chHeapFree,"ax",%progbits
 236      AFF30080 
 237              		.align	2
 238              		.p2align 4,,15
 239              		.global	chHeapFree
 240              		.thumb
 241              		.thumb_func
 242              		.type	chHeapFree, %function
 243              	chHeapFree:
 244              	.LFB10:
 245              		.loc 1 187 0
 246              		.cfi_startproc
 247              		@ args = 0, pretend = 0, frame = 0
 248              		@ frame_needed = 0, uses_anonymous_args = 0
 249              	.LVL22:
 250 0000 70B5     		push	{r4, r5, r6, lr}
 251              	.LCFI1:
 252              		.cfi_def_cfa_offset 16
 253              		.loc 1 187 0
 254 0002 0646     		mov	r6, r0
 255              		.cfi_offset 14, -4
 256              		.cfi_offset 6, -8
 257              		.cfi_offset 5, -12
 258              		.cfi_offset 4, -16
 259              		.loc 1 193 0
 260 0004 A0F10804 		sub	r4, r0, #8
 261              	.LVL23:
 262              		.loc 1 194 0
 263 0008 50F8080C 		ldr	r0, [r0, #-8]
 264              	.LVL24:
 265              		.loc 1 195 0
 266 000c 00F10805 		add	r5, r0, #8
 267              	.LVL25:
 268              		.loc 1 196 0
 269 0010 1030     		adds	r0, r0, #16
 270 0012 FFF7FEFF 		bl	chMtxLock
 271              	.LVL26:
 272              		.loc 1 195 0
 273 0016 2B46     		mov	r3, r5
 274              		.loc 1 203 0
 275 0018 AB42     		cmp	r3, r5
 276 001a 05D0     		beq	.L22
 277              	.LVL27:
 278              	.L29:
ARM GAS  C:\Users\DNIEL~1\AppData\Local\Temp\ccinbw4Z.s 			page 6


 279              		.loc 1 203 0 is_stmt 0 discriminator 2
 280 001c A342     		cmp	r3, r4
 281 001e 03D3     		bcc	.L22
 282              		.loc 1 217 0 is_stmt 1
 283 0020 1A68     		ldr	r2, [r3, #0]
 284              	.L25:
 285              	.LVL28:
 286              		.loc 1 221 0
 287 0022 1346     		mov	r3, r2
 288              		.loc 1 203 0
 289 0024 AB42     		cmp	r3, r5
 290 0026 F9D1     		bne	.L29
 291              	.LVL29:
 292              	.L22:
 293              		.loc 1 204 0 discriminator 1
 294 0028 1A68     		ldr	r2, [r3, #0]
 295              		.loc 1 203 0 discriminator 1
 296 002a 0AB1     		cbz	r2, .L24
 297              		.loc 1 204 0
 298 002c 9442     		cmp	r4, r2
 299 002e F8D2     		bcs	.L25
 300              	.L24:
 301              		.loc 1 209 0
 302 0030 6168     		ldr	r1, [r4, #4]
 303              		.loc 1 206 0
 304 0032 46F8082C 		str	r2, [r6, #-8]
 305              		.loc 1 207 0
 306 0036 1C60     		str	r4, [r3, #0]
 307              		.loc 1 209 0
 308 0038 01F10802 		add	r2, r1, #8
 309 003c 56F8085C 		ldr	r5, [r6, #-8]
 310              	.LVL30:
 311 0040 A018     		adds	r0, r4, r2
 312 0042 A842     		cmp	r0, r5
 313 0044 0AD0     		beq	.L30
 314              		.loc 1 214 0
 315 0046 5A68     		ldr	r2, [r3, #4]
 316 0048 02F1080E 		add	lr, r2, #8
 317 004c 03EB0E0C 		add	ip, r3, lr
 318 0050 A445     		cmp	ip, r4
 319 0052 11D0     		beq	.L31
 320              	.L27:
 321              		.loc 1 226 0
 322 0054 BDE87040 		pop	{r4, r5, r6, lr}
 323              		.loc 1 224 0
 324 0058 FFF7FEBF 		b	chMtxUnlock
 325              	.LVL31:
 326              	.L30:
 327              		.loc 1 211 0
 328 005c 4068     		ldr	r0, [r0, #4]
 329              		.loc 1 212 0
 330 005e A258     		ldr	r2, [r4, r2]
 331              		.loc 1 211 0
 332 0060 0918     		adds	r1, r1, r0
 333 0062 0831     		adds	r1, r1, #8
 334 0064 6160     		str	r1, [r4, #4]
 335              		.loc 1 212 0
ARM GAS  C:\Users\DNIEL~1\AppData\Local\Temp\ccinbw4Z.s 			page 7


 336 0066 46F8082C 		str	r2, [r6, #-8]
 337              		.loc 1 214 0
 338 006a 5A68     		ldr	r2, [r3, #4]
 339 006c 02F1080E 		add	lr, r2, #8
 340 0070 03EB0E0C 		add	ip, r3, lr
 341 0074 A445     		cmp	ip, r4
 342 0076 EDD1     		bne	.L27
 343              	.L31:
 344              		.loc 1 216 0
 345 0078 6068     		ldr	r0, [r4, #4]
 346              		.loc 1 217 0
 347 007a 56F8081C 		ldr	r1, [r6, #-8]
 348              		.loc 1 216 0
 349 007e 1218     		adds	r2, r2, r0
 350 0080 0832     		adds	r2, r2, #8
 351 0082 5A60     		str	r2, [r3, #4]
 352              		.loc 1 217 0
 353 0084 1960     		str	r1, [r3, #0]
 354 0086 E5E7     		b	.L27
 355              		.cfi_endproc
 356              	.LFE10:
 357              		.size	chHeapFree, .-chHeapFree
 358 0088 AFF30080 		.section	.text.chHeapStatus,"ax",%progbits
 358      AFF30080 
 359              		.align	2
 360              		.p2align 4,,15
 361              		.global	chHeapStatus
 362              		.thumb
 363              		.thumb_func
 364              		.type	chHeapStatus, %function
 365              	chHeapStatus:
 366              	.LFB11:
 367              		.loc 1 243 0
 368              		.cfi_startproc
 369              		@ args = 0, pretend = 0, frame = 0
 370              		@ frame_needed = 0, uses_anonymous_args = 0
 371              	.LVL32:
 372 0000 38B5     		push	{r3, r4, r5, lr}
 373              	.LCFI2:
 374              		.cfi_def_cfa_offset 16
 375              		.loc 1 248 0
 376 0002 0E4C     		ldr	r4, .L40
 377              		.cfi_offset 14, -4
 378              		.cfi_offset 5, -8
 379              		.cfi_offset 4, -12
 380              		.cfi_offset 3, -16
 381 0004 0028     		cmp	r0, #0
 382 0006 18BF     		it	ne
 383 0008 0446     		movne	r4, r0
 384              	.LVL33:
 385              		.loc 1 250 0
 386 000a 04F11000 		add	r0, r4, #16
 387              		.loc 1 243 0
 388 000e 0D46     		mov	r5, r1
 389              		.loc 1 250 0
 390 0010 FFF7FEFF 		bl	chMtxLock
 391              	.LVL34:
ARM GAS  C:\Users\DNIEL~1\AppData\Local\Temp\ccinbw4Z.s 			page 8


 392              		.loc 1 253 0
 393 0014 A368     		ldr	r3, [r4, #8]
 394 0016 6BB1     		cbz	r3, .L38
 395              		.loc 1 253 0 is_stmt 0 discriminator 2
 396 0018 0022     		movs	r2, #0
 397 001a 1446     		mov	r4, r2
 398              	.LVL35:
 399              	.L35:
 400              		.loc 1 254 0 is_stmt 1 discriminator 2
 401 001c 5968     		ldr	r1, [r3, #4]
 402              		.loc 1 253 0 discriminator 2
 403 001e 1B68     		ldr	r3, [r3, #0]
 404              		.loc 1 254 0 discriminator 2
 405 0020 5218     		adds	r2, r2, r1
 406              	.LVL36:
 407              		.loc 1 253 0 discriminator 2
 408 0022 0134     		adds	r4, r4, #1
 409              	.LVL37:
 410 0024 002B     		cmp	r3, #0
 411 0026 F9D1     		bne	.L35
 412              	.LVL38:
 413              	.L34:
 414              		.loc 1 255 0
 415 0028 05B1     		cbz	r5, .L36
 416              		.loc 1 256 0
 417 002a 2A60     		str	r2, [r5, #0]
 418              	.L36:
 419              		.loc 1 258 0
 420 002c FFF7FEFF 		bl	chMtxUnlock
 421              		.loc 1 260 0
 422 0030 2046     		mov	r0, r4
 423 0032 38BD     		pop	{r3, r4, r5, pc}
 424              	.LVL39:
 425              	.L38:
 426              		.loc 1 252 0
 427 0034 1A46     		mov	r2, r3
 428              		.loc 1 253 0
 429 0036 1C46     		mov	r4, r3
 430 0038 F6E7     		b	.L34
 431              	.L41:
 432 003a 00BF     		.align	2
 433              	.L40:
 434 003c 00000000 		.word	.LANCHOR0
 435              		.cfi_endproc
 436              	.LFE11:
 437              		.size	chHeapStatus, .-chHeapStatus
 438              		.section	.bss.default_heap,"aw",%nobits
 439              		.align	3
 440              		.set	.LANCHOR0,. + 0
 441              		.type	default_heap, %object
 442              		.size	default_heap, 32
 443              	default_heap:
 444 0000 00000000 		.space	32
 444      00000000 
 444      00000000 
 444      00000000 
 444      00000000 
ARM GAS  C:\Users\DNIEL~1\AppData\Local\Temp\ccinbw4Z.s 			page 9


 445              		.text
 446              	.Letext0:
 447              		.section	.debug_loc,"",%progbits
 448              	.Ldebug_loc0:
 449              	.LLST0:
 450 0000 00000000 		.4byte	.LVL0
 451 0004 0C000000 		.4byte	.LVL3
 452 0008 0100     		.2byte	0x1
 453 000a 50       		.byte	0x50
 454 000b 0C000000 		.4byte	.LVL3
 455 000f 14000000 		.4byte	.LFE8
 456 0013 0300     		.2byte	0x3
 457 0015 70       		.byte	0x70
 458 0016 70       		.sleb128 -16
 459 0017 9F       		.byte	0x9f
 460 0018 00000000 		.4byte	0x0
 461 001c 00000000 		.4byte	0x0
 462              	.LLST1:
 463 0020 00000000 		.4byte	.LVL0
 464 0024 0A000000 		.4byte	.LVL2
 465 0028 0100     		.2byte	0x1
 466 002a 52       		.byte	0x52
 467 002b 0A000000 		.4byte	.LVL2
 468 002f 14000000 		.4byte	.LFE8
 469 0033 0300     		.2byte	0x3
 470 0035 72       		.byte	0x72
 471 0036 08       		.sleb128 8
 472 0037 9F       		.byte	0x9f
 473 0038 00000000 		.4byte	0x0
 474 003c 00000000 		.4byte	0x0
 475              	.LLST2:
 476 0040 00000000 		.4byte	.LFB9
 477 0044 02000000 		.4byte	.LCFI0
 478 0048 0200     		.2byte	0x2
 479 004a 7D       		.byte	0x7d
 480 004b 00       		.sleb128 0
 481 004c 02000000 		.4byte	.LCFI0
 482 0050 88000000 		.4byte	.LFE9
 483 0054 0200     		.2byte	0x2
 484 0056 7D       		.byte	0x7d
 485 0057 18       		.sleb128 24
 486 0058 00000000 		.4byte	0x0
 487 005c 00000000 		.4byte	0x0
 488              	.LLST3:
 489 0060 00000000 		.4byte	.LVL4
 490 0064 0A000000 		.4byte	.LVL5
 491 0068 0100     		.2byte	0x1
 492 006a 50       		.byte	0x50
 493 006b 00000000 		.4byte	0x0
 494 006f 00000000 		.4byte	0x0
 495              	.LLST4:
 496 0073 00000000 		.4byte	.LVL4
 497 0077 0C000000 		.4byte	.LVL6
 498 007b 0100     		.2byte	0x1
 499 007d 51       		.byte	0x51
 500 007e 0C000000 		.4byte	.LVL6
 501 0082 14000000 		.4byte	.LVL7
ARM GAS  C:\Users\DNIEL~1\AppData\Local\Temp\ccinbw4Z.s 			page 10


 502 0086 0300     		.2byte	0x3
 503 0088 71       		.byte	0x71
 504 0089 79       		.sleb128 -7
 505 008a 9F       		.byte	0x9f
 506 008b 14000000 		.4byte	.LVL7
 507 008f 88000000 		.4byte	.LFE9
 508 0093 0100     		.2byte	0x1
 509 0095 56       		.byte	0x56
 510 0096 00000000 		.4byte	0x0
 511 009a 00000000 		.4byte	0x0
 512              	.LLST5:
 513 009e 18000000 		.4byte	.LVL8
 514 00a2 20000000 		.4byte	.LVL10
 515 00a6 0100     		.2byte	0x1
 516 00a8 55       		.byte	0x55
 517 00a9 20000000 		.4byte	.LVL10
 518 00ad 50000000 		.4byte	.LVL14
 519 00b1 0100     		.2byte	0x1
 520 00b3 55       		.byte	0x55
 521 00b4 5C000000 		.4byte	.LVL16
 522 00b8 68000000 		.4byte	.LVL18
 523 00bc 0100     		.2byte	0x1
 524 00be 55       		.byte	0x55
 525 00bf 00000000 		.4byte	0x0
 526 00c3 00000000 		.4byte	0x0
 527              	.LLST6:
 528 00c7 1E000000 		.4byte	.LVL9
 529 00cb 20000000 		.4byte	.LVL10
 530 00cf 0100     		.2byte	0x1
 531 00d1 53       		.byte	0x53
 532 00d2 24000000 		.4byte	.LVL11
 533 00d6 50000000 		.4byte	.LVL14
 534 00da 0200     		.2byte	0x2
 535 00dc 75       		.byte	0x75
 536 00dd 00       		.sleb128 0
 537 00de 50000000 		.4byte	.LVL14
 538 00e2 57000000 		.4byte	.LVL15-1
 539 00e6 0100     		.2byte	0x1
 540 00e8 53       		.byte	0x53
 541 00e9 57000000 		.4byte	.LVL15-1
 542 00ed 58000000 		.4byte	.LVL15
 543 00f1 0300     		.2byte	0x3
 544 00f3 75       		.byte	0x75
 545 00f4 78       		.sleb128 -8
 546 00f5 9F       		.byte	0x9f
 547 00f6 5C000000 		.4byte	.LVL16
 548 00fa 62000000 		.4byte	.LVL17
 549 00fe 0100     		.2byte	0x1
 550 0100 53       		.byte	0x53
 551 0101 72000000 		.4byte	.LVL19
 552 0105 7C000000 		.4byte	.LVL20
 553 0109 0100     		.2byte	0x1
 554 010b 50       		.byte	0x50
 555 010c 7E000000 		.4byte	.LVL21
 556 0110 88000000 		.4byte	.LFE9
 557 0114 0100     		.2byte	0x1
 558 0116 50       		.byte	0x50
ARM GAS  C:\Users\DNIEL~1\AppData\Local\Temp\ccinbw4Z.s 			page 11


 559 0117 00000000 		.4byte	0x0
 560 011b 00000000 		.4byte	0x0
 561              	.LLST7:
 562 011f 38000000 		.4byte	.LVL12
 563 0123 4E000000 		.4byte	.LVL13
 564 0127 0100     		.2byte	0x1
 565 0129 57       		.byte	0x57
 566 012a 00000000 		.4byte	0x0
 567 012e 00000000 		.4byte	0x0
 568              	.LLST8:
 569 0132 00000000 		.4byte	.LFB10
 570 0136 02000000 		.4byte	.LCFI1
 571 013a 0200     		.2byte	0x2
 572 013c 7D       		.byte	0x7d
 573 013d 00       		.sleb128 0
 574 013e 02000000 		.4byte	.LCFI1
 575 0142 88000000 		.4byte	.LFE10
 576 0146 0200     		.2byte	0x2
 577 0148 7D       		.byte	0x7d
 578 0149 10       		.sleb128 16
 579 014a 00000000 		.4byte	0x0
 580 014e 00000000 		.4byte	0x0
 581              	.LLST9:
 582 0152 00000000 		.4byte	.LVL22
 583 0156 0C000000 		.4byte	.LVL24
 584 015a 0100     		.2byte	0x1
 585 015c 50       		.byte	0x50
 586 015d 0C000000 		.4byte	.LVL24
 587 0161 88000000 		.4byte	.LFE10
 588 0165 0100     		.2byte	0x1
 589 0167 56       		.byte	0x56
 590 0168 00000000 		.4byte	0x0
 591 016c 00000000 		.4byte	0x0
 592              	.LLST10:
 593 0170 10000000 		.4byte	.LVL25
 594 0174 1C000000 		.4byte	.LVL27
 595 0178 0100     		.2byte	0x1
 596 017a 55       		.byte	0x55
 597 017b 1C000000 		.4byte	.LVL27
 598 017f 22000000 		.4byte	.LVL28
 599 0183 0100     		.2byte	0x1
 600 0185 53       		.byte	0x53
 601 0186 22000000 		.4byte	.LVL28
 602 018a 28000000 		.4byte	.LVL29
 603 018e 0100     		.2byte	0x1
 604 0190 52       		.byte	0x52
 605 0191 28000000 		.4byte	.LVL29
 606 0195 5B000000 		.4byte	.LVL31-1
 607 0199 0100     		.2byte	0x1
 608 019b 53       		.byte	0x53
 609 019c 5C000000 		.4byte	.LVL31
 610 01a0 88000000 		.4byte	.LFE10
 611 01a4 0100     		.2byte	0x1
 612 01a6 53       		.byte	0x53
 613 01a7 00000000 		.4byte	0x0
 614 01ab 00000000 		.4byte	0x0
 615              	.LLST11:
ARM GAS  C:\Users\DNIEL~1\AppData\Local\Temp\ccinbw4Z.s 			page 12


 616 01af 0C000000 		.4byte	.LVL24
 617 01b3 15000000 		.4byte	.LVL26-1
 618 01b7 0200     		.2byte	0x2
 619 01b9 74       		.byte	0x74
 620 01ba 00       		.sleb128 0
 621 01bb 15000000 		.4byte	.LVL26-1
 622 01bf 40000000 		.4byte	.LVL30
 623 01c3 0300     		.2byte	0x3
 624 01c5 75       		.byte	0x75
 625 01c6 78       		.sleb128 -8
 626 01c7 9F       		.byte	0x9f
 627 01c8 00000000 		.4byte	0x0
 628 01cc 00000000 		.4byte	0x0
 629              	.LLST12:
 630 01d0 00000000 		.4byte	.LFB11
 631 01d4 02000000 		.4byte	.LCFI2
 632 01d8 0200     		.2byte	0x2
 633 01da 7D       		.byte	0x7d
 634 01db 00       		.sleb128 0
 635 01dc 02000000 		.4byte	.LCFI2
 636 01e0 40000000 		.4byte	.LFE11
 637 01e4 0200     		.2byte	0x2
 638 01e6 7D       		.byte	0x7d
 639 01e7 10       		.sleb128 16
 640 01e8 00000000 		.4byte	0x0
 641 01ec 00000000 		.4byte	0x0
 642              	.LLST13:
 643 01f0 00000000 		.4byte	.LVL32
 644 01f4 0A000000 		.4byte	.LVL33
 645 01f8 0100     		.2byte	0x1
 646 01fa 50       		.byte	0x50
 647 01fb 00000000 		.4byte	0x0
 648 01ff 00000000 		.4byte	0x0
 649              	.LLST14:
 650 0203 00000000 		.4byte	.LVL32
 651 0207 13000000 		.4byte	.LVL34-1
 652 020b 0100     		.2byte	0x1
 653 020d 51       		.byte	0x51
 654 020e 13000000 		.4byte	.LVL34-1
 655 0212 40000000 		.4byte	.LFE11
 656 0216 0100     		.2byte	0x1
 657 0218 55       		.byte	0x55
 658 0219 00000000 		.4byte	0x0
 659 021d 00000000 		.4byte	0x0
 660              	.LLST15:
 661 0221 14000000 		.4byte	.LVL34
 662 0225 1C000000 		.4byte	.LVL35
 663 0229 0200     		.2byte	0x2
 664 022b 30       		.byte	0x30
 665 022c 9F       		.byte	0x9f
 666 022d 24000000 		.4byte	.LVL37
 667 0231 28000000 		.4byte	.LVL38
 668 0235 0100     		.2byte	0x1
 669 0237 54       		.byte	0x54
 670 0238 34000000 		.4byte	.LVL39
 671 023c 40000000 		.4byte	.LFE11
 672 0240 0200     		.2byte	0x2
ARM GAS  C:\Users\DNIEL~1\AppData\Local\Temp\ccinbw4Z.s 			page 13


 673 0242 30       		.byte	0x30
 674 0243 9F       		.byte	0x9f
 675 0244 00000000 		.4byte	0x0
 676 0248 00000000 		.4byte	0x0
 677              	.LLST16:
 678 024c 14000000 		.4byte	.LVL34
 679 0250 1C000000 		.4byte	.LVL35
 680 0254 0200     		.2byte	0x2
 681 0256 30       		.byte	0x30
 682 0257 9F       		.byte	0x9f
 683 0258 22000000 		.4byte	.LVL36
 684 025c 28000000 		.4byte	.LVL38
 685 0260 0100     		.2byte	0x1
 686 0262 52       		.byte	0x52
 687 0263 34000000 		.4byte	.LVL39
 688 0267 40000000 		.4byte	.LFE11
 689 026b 0200     		.2byte	0x2
 690 026d 30       		.byte	0x30
 691 026e 9F       		.byte	0x9f
 692 026f 00000000 		.4byte	0x0
 693 0273 00000000 		.4byte	0x0
 694              		.file 2 "c:\\program files (x86)\\codesourcery\\sourcery g++ lite\\bin\\../lib/gcc/arm-none-eabi/4
 695              		.file 3 "c:\\program files (x86)\\codesourcery\\sourcery g++ lite\\bin\\../lib/gcc/arm-none-eabi/4
 696              		.file 4 "../../../ChibiOS/os/ports/GCC/ARMCMx/chtypes.h"
 697              		.file 5 "../../../ChibiOS/os/kernel/include/chlists.h"
 698              		.file 6 "../../../ChibiOS/os/kernel/include/chthreads.h"
 699              		.file 7 "../../../ChibiOS/os/ports/GCC/ARMCMx/chcore_v7m.h"
 700              		.file 8 "../../../ChibiOS/os/kernel/include/chmtx.h"
 701              		.file 9 "../../../ChibiOS/os/kernel/include/chmemcore.h"
 702              		.file 10 "../../../ChibiOS/os/kernel/include/chheap.h"
 703              		.section	.debug_info
 704 0000 4A060000 		.4byte	0x64a
 705 0004 0200     		.2byte	0x2
 706 0006 00000000 		.4byte	.Ldebug_abbrev0
 707 000a 04       		.byte	0x4
 708 000b 01       		.uleb128 0x1
 709 000c 05030000 		.4byte	.LASF74
 710 0010 01       		.byte	0x1
 711 0011 A1010000 		.4byte	.LASF75
 712 0015 D6000000 		.4byte	.LASF76
 713 0019 00000000 		.4byte	0x0
 714 001d 00000000 		.4byte	0x0
 715 0021 00000000 		.4byte	.Ldebug_ranges0+0x0
 716 0025 00000000 		.4byte	.Ldebug_line0
 717 0029 02       		.uleb128 0x2
 718 002a 04       		.byte	0x4
 719 002b 05       		.byte	0x5
 720 002c 696E7400 		.ascii	"int\000"
 721 0030 03       		.uleb128 0x3
 722 0031 06000000 		.4byte	.LASF2
 723 0035 02       		.byte	0x2
 724 0036 D3       		.byte	0xd3
 725 0037 3B000000 		.4byte	0x3b
 726 003b 04       		.uleb128 0x4
 727 003c 04       		.byte	0x4
 728 003d 07       		.byte	0x7
 729 003e 2B010000 		.4byte	.LASF0
ARM GAS  C:\Users\DNIEL~1\AppData\Local\Temp\ccinbw4Z.s 			page 14


 730 0042 04       		.uleb128 0x4
 731 0043 01       		.byte	0x1
 732 0044 06       		.byte	0x6
 733 0045 7C000000 		.4byte	.LASF1
 734 0049 03       		.uleb128 0x3
 735 004a F6020000 		.4byte	.LASF3
 736 004e 03       		.byte	0x3
 737 004f 2A       		.byte	0x2a
 738 0050 54000000 		.4byte	0x54
 739 0054 04       		.uleb128 0x4
 740 0055 01       		.byte	0x1
 741 0056 08       		.byte	0x8
 742 0057 08020000 		.4byte	.LASF4
 743 005b 04       		.uleb128 0x4
 744 005c 02       		.byte	0x2
 745 005d 05       		.byte	0x5
 746 005e 2B020000 		.4byte	.LASF5
 747 0062 04       		.uleb128 0x4
 748 0063 02       		.byte	0x2
 749 0064 07       		.byte	0x7
 750 0065 57010000 		.4byte	.LASF6
 751 0069 03       		.uleb128 0x3
 752 006a 00020000 		.4byte	.LASF7
 753 006e 03       		.byte	0x3
 754 006f 4F       		.byte	0x4f
 755 0070 74000000 		.4byte	0x74
 756 0074 04       		.uleb128 0x4
 757 0075 04       		.byte	0x4
 758 0076 05       		.byte	0x5
 759 0077 B3000000 		.4byte	.LASF8
 760 007b 03       		.uleb128 0x3
 761 007c 87020000 		.4byte	.LASF9
 762 0080 03       		.byte	0x3
 763 0081 50       		.byte	0x50
 764 0082 86000000 		.4byte	0x86
 765 0086 04       		.uleb128 0x4
 766 0087 04       		.byte	0x4
 767 0088 07       		.byte	0x7
 768 0089 38010000 		.4byte	.LASF10
 769 008d 04       		.uleb128 0x4
 770 008e 08       		.byte	0x8
 771 008f 05       		.byte	0x5
 772 0090 6E000000 		.4byte	.LASF11
 773 0094 03       		.uleb128 0x3
 774 0095 14000000 		.4byte	.LASF12
 775 0099 03       		.byte	0x3
 776 009a 78       		.byte	0x78
 777 009b 9F000000 		.4byte	0x9f
 778 009f 04       		.uleb128 0x4
 779 00a0 08       		.byte	0x8
 780 00a1 07       		.byte	0x7
 781 00a2 2A000000 		.4byte	.LASF13
 782 00a6 03       		.uleb128 0x3
 783 00a7 70010000 		.4byte	.LASF14
 784 00ab 04       		.byte	0x4
 785 00ac 28       		.byte	0x28
 786 00ad 49000000 		.4byte	0x49
ARM GAS  C:\Users\DNIEL~1\AppData\Local\Temp\ccinbw4Z.s 			page 15


 787 00b1 03       		.uleb128 0x3
 788 00b2 BC000000 		.4byte	.LASF15
 789 00b6 04       		.byte	0x4
 790 00b7 29       		.byte	0x29
 791 00b8 49000000 		.4byte	0x49
 792 00bc 03       		.uleb128 0x3
 793 00bd E9010000 		.4byte	.LASF16
 794 00c1 04       		.byte	0x4
 795 00c2 2A       		.byte	0x2a
 796 00c3 49000000 		.4byte	0x49
 797 00c7 03       		.uleb128 0x3
 798 00c8 A9000000 		.4byte	.LASF17
 799 00cc 04       		.byte	0x4
 800 00cd 2B       		.byte	0x2b
 801 00ce 49000000 		.4byte	0x49
 802 00d2 03       		.uleb128 0x3
 803 00d3 F8010000 		.4byte	.LASF18
 804 00d7 04       		.byte	0x4
 805 00d8 2C       		.byte	0x2c
 806 00d9 7B000000 		.4byte	0x7b
 807 00dd 03       		.uleb128 0x3
 808 00de 6A010000 		.4byte	.LASF19
 809 00e2 04       		.byte	0x4
 810 00e3 2D       		.byte	0x2d
 811 00e4 69000000 		.4byte	0x69
 812 00e8 03       		.uleb128 0x3
 813 00e9 84010000 		.4byte	.LASF20
 814 00ed 04       		.byte	0x4
 815 00ee 2F       		.byte	0x2f
 816 00ef 7B000000 		.4byte	0x7b
 817 00f3 03       		.uleb128 0x3
 818 00f4 BB020000 		.4byte	.LASF21
 819 00f8 04       		.byte	0x4
 820 00f9 31       		.byte	0x31
 821 00fa 7B000000 		.4byte	0x7b
 822 00fe 03       		.uleb128 0x3
 823 00ff 69020000 		.4byte	.LASF22
 824 0103 05       		.byte	0x5
 825 0104 23       		.byte	0x23
 826 0105 09010000 		.4byte	0x109
 827 0109 05       		.uleb128 0x5
 828 010a 69020000 		.4byte	.LASF22
 829 010e 48       		.byte	0x48
 830 010f 06       		.byte	0x6
 831 0110 57       		.byte	0x57
 832 0111 2E020000 		.4byte	0x22e
 833 0115 06       		.uleb128 0x6
 834 0116 5A020000 		.4byte	.LASF23
 835 011a 06       		.byte	0x6
 836 011b 58       		.byte	0x58
 837 011c 53020000 		.4byte	0x253
 838 0120 02       		.byte	0x2
 839 0121 23       		.byte	0x23
 840 0122 00       		.uleb128 0x0
 841 0123 06       		.uleb128 0x6
 842 0124 F1010000 		.4byte	.LASF24
 843 0128 06       		.byte	0x6
ARM GAS  C:\Users\DNIEL~1\AppData\Local\Temp\ccinbw4Z.s 			page 16


 844 0129 5A       		.byte	0x5a
 845 012a 53020000 		.4byte	0x253
 846 012e 02       		.byte	0x2
 847 012f 23       		.byte	0x23
 848 0130 04       		.uleb128 0x4
 849 0131 06       		.uleb128 0x6
 850 0132 67000000 		.4byte	.LASF25
 851 0136 06       		.byte	0x6
 852 0137 5C       		.byte	0x5c
 853 0138 D2000000 		.4byte	0xd2
 854 013c 02       		.byte	0x2
 855 013d 23       		.byte	0x23
 856 013e 08       		.uleb128 0x8
 857 013f 06       		.uleb128 0x6
 858 0140 2B030000 		.4byte	.LASF26
 859 0144 06       		.byte	0x6
 860 0145 5D       		.byte	0x5d
 861 0146 2C030000 		.4byte	0x32c
 862 014a 02       		.byte	0x2
 863 014b 23       		.byte	0x23
 864 014c 0C       		.uleb128 0xc
 865 014d 06       		.uleb128 0x6
 866 014e C5000000 		.4byte	.LASF27
 867 0152 06       		.byte	0x6
 868 0153 5F       		.byte	0x5f
 869 0154 53020000 		.4byte	0x253
 870 0158 02       		.byte	0x2
 871 0159 23       		.byte	0x23
 872 015a 10       		.uleb128 0x10
 873 015b 06       		.uleb128 0x6
 874 015c C9010000 		.4byte	.LASF28
 875 0160 06       		.byte	0x6
 876 0161 60       		.byte	0x60
 877 0162 53020000 		.4byte	0x253
 878 0166 02       		.byte	0x2
 879 0167 23       		.byte	0x23
 880 0168 14       		.uleb128 0x14
 881 0169 06       		.uleb128 0x6
 882 016a 11030000 		.4byte	.LASF29
 883 016e 06       		.byte	0x6
 884 016f 67       		.byte	0x67
 885 0170 A3040000 		.4byte	0x4a3
 886 0174 02       		.byte	0x2
 887 0175 23       		.byte	0x23
 888 0176 18       		.uleb128 0x18
 889 0177 06       		.uleb128 0x6
 890 0178 35020000 		.4byte	.LASF30
 891 017c 06       		.byte	0x6
 892 017d 72       		.byte	0x72
 893 017e B1000000 		.4byte	0xb1
 894 0182 02       		.byte	0x2
 895 0183 23       		.byte	0x23
 896 0184 1C       		.uleb128 0x1c
 897 0185 06       		.uleb128 0x6
 898 0186 61020000 		.4byte	.LASF31
 899 018a 06       		.byte	0x6
 900 018b 76       		.byte	0x76
ARM GAS  C:\Users\DNIEL~1\AppData\Local\Temp\ccinbw4Z.s 			page 17


 901 018c A6000000 		.4byte	0xa6
 902 0190 02       		.byte	0x2
 903 0191 23       		.byte	0x23
 904 0192 1D       		.uleb128 0x1d
 905 0193 06       		.uleb128 0x6
 906 0194 EF020000 		.4byte	.LASF32
 907 0198 06       		.byte	0x6
 908 0199 7B       		.byte	0x7b
 909 019a BC000000 		.4byte	0xbc
 910 019e 02       		.byte	0x2
 911 019f 23       		.byte	0x23
 912 01a0 1E       		.uleb128 0x1e
 913 01a1 06       		.uleb128 0x6
 914 01a2 3D020000 		.4byte	.LASF33
 915 01a6 06       		.byte	0x6
 916 01a7 81       		.byte	0x81
 917 01a8 C7000000 		.4byte	0xc7
 918 01ac 02       		.byte	0x2
 919 01ad 23       		.byte	0x23
 920 01ae 1F       		.uleb128 0x1f
 921 01af 06       		.uleb128 0x6
 922 01b0 D0020000 		.4byte	.LASF34
 923 01b4 06       		.byte	0x6
 924 01b5 88       		.byte	0x88
 925 01b6 4F030000 		.4byte	0x34f
 926 01ba 02       		.byte	0x2
 927 01bb 23       		.byte	0x23
 928 01bc 20       		.uleb128 0x20
 929 01bd 07       		.uleb128 0x7
 930 01be 705F7500 		.ascii	"p_u\000"
 931 01c2 06       		.byte	0x6
 932 01c3 AD       		.byte	0xad
 933 01c4 6E040000 		.4byte	0x46e
 934 01c8 02       		.byte	0x2
 935 01c9 23       		.byte	0x23
 936 01ca 24       		.uleb128 0x24
 937 01cb 06       		.uleb128 0x6
 938 01cc 31030000 		.4byte	.LASF35
 939 01d0 06       		.byte	0x6
 940 01d1 B2       		.byte	0xb2
 941 01d2 7B020000 		.4byte	0x27b
 942 01d6 02       		.byte	0x2
 943 01d7 23       		.byte	0x23
 944 01d8 28       		.uleb128 0x28
 945 01d9 06       		.uleb128 0x6
 946 01da DE020000 		.4byte	.LASF36
 947 01de 06       		.byte	0x6
 948 01df B8       		.byte	0xb8
 949 01e0 59020000 		.4byte	0x259
 950 01e4 02       		.byte	0x2
 951 01e5 23       		.byte	0x23
 952 01e6 2C       		.uleb128 0x2c
 953 01e7 06       		.uleb128 0x6
 954 01e8 00000000 		.4byte	.LASF37
 955 01ec 06       		.byte	0x6
 956 01ed BC       		.byte	0xbc
 957 01ee DD000000 		.4byte	0xdd
ARM GAS  C:\Users\DNIEL~1\AppData\Local\Temp\ccinbw4Z.s 			page 18


 958 01f2 02       		.byte	0x2
 959 01f3 23       		.byte	0x23
 960 01f4 34       		.uleb128 0x34
 961 01f5 06       		.uleb128 0x6
 962 01f6 7C020000 		.4byte	.LASF38
 963 01fa 06       		.byte	0x6
 964 01fb C2       		.byte	0xc2
 965 01fc E8000000 		.4byte	0xe8
 966 0200 02       		.byte	0x2
 967 0201 23       		.byte	0x23
 968 0202 38       		.uleb128 0x38
 969 0203 06       		.uleb128 0x6
 970 0204 21020000 		.4byte	.LASF39
 971 0208 06       		.byte	0x6
 972 0209 C9       		.byte	0xc9
 973 020a B5040000 		.4byte	0x4b5
 974 020e 02       		.byte	0x2
 975 020f 23       		.byte	0x23
 976 0210 3C       		.uleb128 0x3c
 977 0211 06       		.uleb128 0x6
 978 0212 C5020000 		.4byte	.LASF40
 979 0216 06       		.byte	0x6
 980 0217 CD       		.byte	0xcd
 981 0218 D2000000 		.4byte	0xd2
 982 021c 02       		.byte	0x2
 983 021d 23       		.byte	0x23
 984 021e 40       		.uleb128 0x40
 985 021f 06       		.uleb128 0x6
 986 0220 8E000000 		.4byte	.LASF41
 987 0224 06       		.byte	0x6
 988 0225 D3       		.byte	0xd3
 989 0226 91020000 		.4byte	0x291
 990 022a 02       		.byte	0x2
 991 022b 23       		.byte	0x23
 992 022c 44       		.uleb128 0x44
 993 022d 00       		.byte	0x0
 994 022e 08       		.uleb128 0x8
 995 022f 08       		.byte	0x8
 996 0230 05       		.byte	0x5
 997 0231 5A       		.byte	0x5a
 998 0232 53020000 		.4byte	0x253
 999 0236 06       		.uleb128 0x6
 1000 0237 5A020000 		.4byte	.LASF23
 1001 023b 05       		.byte	0x5
 1002 023c 5B       		.byte	0x5b
 1003 023d 53020000 		.4byte	0x253
 1004 0241 02       		.byte	0x2
 1005 0242 23       		.byte	0x23
 1006 0243 00       		.uleb128 0x0
 1007 0244 06       		.uleb128 0x6
 1008 0245 F1010000 		.4byte	.LASF24
 1009 0249 05       		.byte	0x5
 1010 024a 5D       		.byte	0x5d
 1011 024b 53020000 		.4byte	0x253
 1012 024f 02       		.byte	0x2
 1013 0250 23       		.byte	0x23
 1014 0251 04       		.uleb128 0x4
ARM GAS  C:\Users\DNIEL~1\AppData\Local\Temp\ccinbw4Z.s 			page 19


 1015 0252 00       		.byte	0x0
 1016 0253 09       		.uleb128 0x9
 1017 0254 04       		.byte	0x4
 1018 0255 FE000000 		.4byte	0xfe
 1019 0259 03       		.uleb128 0x3
 1020 025a D1010000 		.4byte	.LASF42
 1021 025e 05       		.byte	0x5
 1022 025f 5F       		.byte	0x5f
 1023 0260 2E020000 		.4byte	0x22e
 1024 0264 08       		.uleb128 0x8
 1025 0265 04       		.byte	0x4
 1026 0266 05       		.byte	0x5
 1027 0267 64       		.byte	0x64
 1028 0268 7B020000 		.4byte	0x27b
 1029 026c 06       		.uleb128 0x6
 1030 026d 5A020000 		.4byte	.LASF23
 1031 0271 05       		.byte	0x5
 1032 0272 66       		.byte	0x66
 1033 0273 53020000 		.4byte	0x253
 1034 0277 02       		.byte	0x2
 1035 0278 23       		.byte	0x23
 1036 0279 00       		.uleb128 0x0
 1037 027a 00       		.byte	0x0
 1038 027b 03       		.uleb128 0x3
 1039 027c 78010000 		.4byte	.LASF43
 1040 0280 05       		.byte	0x5
 1041 0281 69       		.byte	0x69
 1042 0282 64020000 		.4byte	0x264
 1043 0286 03       		.uleb128 0x3
 1044 0287 CD000000 		.4byte	.LASF44
 1045 028b 07       		.byte	0x7
 1046 028c DE       		.byte	0xde
 1047 028d 91020000 		.4byte	0x291
 1048 0291 0A       		.uleb128 0xa
 1049 0292 04       		.byte	0x4
 1050 0293 03       		.uleb128 0x3
 1051 0294 96010000 		.4byte	.LASF45
 1052 0298 07       		.byte	0x7
 1053 0299 E4       		.byte	0xe4
 1054 029a 94000000 		.4byte	0x94
 1055 029e 0B       		.uleb128 0xb
 1056 029f D7020000 		.4byte	.LASF46
 1057 02a3 24       		.byte	0x24
 1058 02a4 07       		.byte	0x7
 1059 02a5 0501     		.2byte	0x105
 1060 02a7 2C030000 		.4byte	0x32c
 1061 02ab 0C       		.uleb128 0xc
 1062 02ac 723400   		.ascii	"r4\000"
 1063 02af 07       		.byte	0x7
 1064 02b0 1801     		.2byte	0x118
 1065 02b2 86020000 		.4byte	0x286
 1066 02b6 02       		.byte	0x2
 1067 02b7 23       		.byte	0x23
 1068 02b8 00       		.uleb128 0x0
 1069 02b9 0C       		.uleb128 0xc
 1070 02ba 723500   		.ascii	"r5\000"
 1071 02bd 07       		.byte	0x7
ARM GAS  C:\Users\DNIEL~1\AppData\Local\Temp\ccinbw4Z.s 			page 20


 1072 02be 1901     		.2byte	0x119
 1073 02c0 86020000 		.4byte	0x286
 1074 02c4 02       		.byte	0x2
 1075 02c5 23       		.byte	0x23
 1076 02c6 04       		.uleb128 0x4
 1077 02c7 0C       		.uleb128 0xc
 1078 02c8 723600   		.ascii	"r6\000"
 1079 02cb 07       		.byte	0x7
 1080 02cc 1A01     		.2byte	0x11a
 1081 02ce 86020000 		.4byte	0x286
 1082 02d2 02       		.byte	0x2
 1083 02d3 23       		.byte	0x23
 1084 02d4 08       		.uleb128 0x8
 1085 02d5 0C       		.uleb128 0xc
 1086 02d6 723700   		.ascii	"r7\000"
 1087 02d9 07       		.byte	0x7
 1088 02da 1B01     		.2byte	0x11b
 1089 02dc 86020000 		.4byte	0x286
 1090 02e0 02       		.byte	0x2
 1091 02e1 23       		.byte	0x23
 1092 02e2 0C       		.uleb128 0xc
 1093 02e3 0C       		.uleb128 0xc
 1094 02e4 723800   		.ascii	"r8\000"
 1095 02e7 07       		.byte	0x7
 1096 02e8 1C01     		.2byte	0x11c
 1097 02ea 86020000 		.4byte	0x286
 1098 02ee 02       		.byte	0x2
 1099 02ef 23       		.byte	0x23
 1100 02f0 10       		.uleb128 0x10
 1101 02f1 0C       		.uleb128 0xc
 1102 02f2 723900   		.ascii	"r9\000"
 1103 02f5 07       		.byte	0x7
 1104 02f6 1D01     		.2byte	0x11d
 1105 02f8 86020000 		.4byte	0x286
 1106 02fc 02       		.byte	0x2
 1107 02fd 23       		.byte	0x23
 1108 02fe 14       		.uleb128 0x14
 1109 02ff 0C       		.uleb128 0xc
 1110 0300 72313000 		.ascii	"r10\000"
 1111 0304 07       		.byte	0x7
 1112 0305 1E01     		.2byte	0x11e
 1113 0307 86020000 		.4byte	0x286
 1114 030b 02       		.byte	0x2
 1115 030c 23       		.byte	0x23
 1116 030d 18       		.uleb128 0x18
 1117 030e 0C       		.uleb128 0xc
 1118 030f 72313100 		.ascii	"r11\000"
 1119 0313 07       		.byte	0x7
 1120 0314 1F01     		.2byte	0x11f
 1121 0316 86020000 		.4byte	0x286
 1122 031a 02       		.byte	0x2
 1123 031b 23       		.byte	0x23
 1124 031c 1C       		.uleb128 0x1c
 1125 031d 0C       		.uleb128 0xc
 1126 031e 6C7200   		.ascii	"lr\000"
 1127 0321 07       		.byte	0x7
 1128 0322 2001     		.2byte	0x120
ARM GAS  C:\Users\DNIEL~1\AppData\Local\Temp\ccinbw4Z.s 			page 21


 1129 0324 86020000 		.4byte	0x286
 1130 0328 02       		.byte	0x2
 1131 0329 23       		.byte	0x23
 1132 032a 20       		.uleb128 0x20
 1133 032b 00       		.byte	0x0
 1134 032c 0B       		.uleb128 0xb
 1135 032d 4A010000 		.4byte	.LASF47
 1136 0331 04       		.byte	0x4
 1137 0332 07       		.byte	0x7
 1138 0333 2A01     		.2byte	0x12a
 1139 0335 49030000 		.4byte	0x349
 1140 0339 0C       		.uleb128 0xc
 1141 033a 72313300 		.ascii	"r13\000"
 1142 033e 07       		.byte	0x7
 1143 033f 2B01     		.2byte	0x12b
 1144 0341 49030000 		.4byte	0x349
 1145 0345 02       		.byte	0x2
 1146 0346 23       		.byte	0x23
 1147 0347 00       		.uleb128 0x0
 1148 0348 00       		.byte	0x0
 1149 0349 09       		.uleb128 0x9
 1150 034a 04       		.byte	0x4
 1151 034b 9E020000 		.4byte	0x29e
 1152 034f 0D       		.uleb128 0xd
 1153 0350 F3000000 		.4byte	0xf3
 1154 0354 05       		.uleb128 0x5
 1155 0355 90010000 		.4byte	.LASF48
 1156 0359 10       		.byte	0x10
 1157 035a 08       		.byte	0x8
 1158 035b 25       		.byte	0x25
 1159 035c 8B030000 		.4byte	0x38b
 1160 0360 06       		.uleb128 0x6
 1161 0361 96000000 		.4byte	.LASF49
 1162 0365 08       		.byte	0x8
 1163 0366 26       		.byte	0x26
 1164 0367 59020000 		.4byte	0x259
 1165 036b 02       		.byte	0x2
 1166 036c 23       		.byte	0x23
 1167 036d 00       		.uleb128 0x0
 1168 036e 06       		.uleb128 0x6
 1169 036f 23030000 		.4byte	.LASF50
 1170 0373 08       		.byte	0x8
 1171 0374 28       		.byte	0x28
 1172 0375 53020000 		.4byte	0x253
 1173 0379 02       		.byte	0x2
 1174 037a 23       		.byte	0x23
 1175 037b 08       		.uleb128 0x8
 1176 037c 06       		.uleb128 0x6
 1177 037d B4020000 		.4byte	.LASF51
 1178 0381 08       		.byte	0x8
 1179 0382 2A       		.byte	0x2a
 1180 0383 8B030000 		.4byte	0x38b
 1181 0387 02       		.byte	0x2
 1182 0388 23       		.byte	0x23
 1183 0389 0C       		.uleb128 0xc
 1184 038a 00       		.byte	0x0
 1185 038b 09       		.uleb128 0x9
ARM GAS  C:\Users\DNIEL~1\AppData\Local\Temp\ccinbw4Z.s 			page 22


 1186 038c 04       		.byte	0x4
 1187 038d 54030000 		.4byte	0x354
 1188 0391 03       		.uleb128 0x3
 1189 0392 90010000 		.4byte	.LASF48
 1190 0396 08       		.byte	0x8
 1191 0397 2C       		.byte	0x2c
 1192 0398 54030000 		.4byte	0x354
 1193 039c 03       		.uleb128 0x3
 1194 039d 1D000000 		.4byte	.LASF52
 1195 03a1 09       		.byte	0x9
 1196 03a2 25       		.byte	0x25
 1197 03a3 A7030000 		.4byte	0x3a7
 1198 03a7 09       		.uleb128 0x9
 1199 03a8 04       		.byte	0x4
 1200 03a9 AD030000 		.4byte	0x3ad
 1201 03ad 0E       		.uleb128 0xe
 1202 03ae 01       		.byte	0x1
 1203 03af 91020000 		.4byte	0x291
 1204 03b3 BD030000 		.4byte	0x3bd
 1205 03b7 0F       		.uleb128 0xf
 1206 03b8 30000000 		.4byte	0x30
 1207 03bc 00       		.byte	0x0
 1208 03bd 03       		.uleb128 0x3
 1209 03be DE010000 		.4byte	.LASF53
 1210 03c2 0A       		.byte	0xa
 1211 03c3 2D       		.byte	0x2d
 1212 03c4 C8030000 		.4byte	0x3c8
 1213 03c8 05       		.uleb128 0x5
 1214 03c9 3B030000 		.4byte	.LASF54
 1215 03cd 20       		.byte	0x20
 1216 03ce 0A       		.byte	0xa
 1217 03cf 40       		.byte	0x40
 1218 03d0 FF030000 		.4byte	0x3ff
 1219 03d4 06       		.uleb128 0x6
 1220 03d5 16020000 		.4byte	.LASF55
 1221 03d9 0A       		.byte	0xa
 1222 03da 41       		.byte	0x41
 1223 03db 9C030000 		.4byte	0x39c
 1224 03df 02       		.byte	0x2
 1225 03e0 23       		.byte	0x23
 1226 03e1 00       		.uleb128 0x0
 1227 03e2 06       		.uleb128 0x6
 1228 03e3 4A000000 		.4byte	.LASF56
 1229 03e7 0A       		.byte	0xa
 1230 03e8 43       		.byte	0x43
 1231 03e9 1E040000 		.4byte	0x41e
 1232 03ed 02       		.byte	0x2
 1233 03ee 23       		.byte	0x23
 1234 03ef 08       		.uleb128 0x8
 1235 03f0 06       		.uleb128 0x6
 1236 03f1 88000000 		.4byte	.LASF57
 1237 03f5 0A       		.byte	0xa
 1238 03f6 45       		.byte	0x45
 1239 03f7 91030000 		.4byte	0x391
 1240 03fb 02       		.byte	0x2
 1241 03fc 23       		.byte	0x23
 1242 03fd 10       		.uleb128 0x10
ARM GAS  C:\Users\DNIEL~1\AppData\Local\Temp\ccinbw4Z.s 			page 23


 1243 03fe 00       		.byte	0x0
 1244 03ff 10       		.uleb128 0x10
 1245 0400 04       		.byte	0x4
 1246 0401 0A       		.byte	0xa
 1247 0402 35       		.byte	0x35
 1248 0403 1E040000 		.4byte	0x41e
 1249 0407 11       		.uleb128 0x11
 1250 0408 62000000 		.4byte	.LASF58
 1251 040c 0A       		.byte	0xa
 1252 040d 36       		.byte	0x36
 1253 040e 3F040000 		.4byte	0x43f
 1254 0412 11       		.uleb128 0x11
 1255 0413 90020000 		.4byte	.LASF59
 1256 0417 0A       		.byte	0xa
 1257 0418 37       		.byte	0x37
 1258 0419 45040000 		.4byte	0x445
 1259 041d 00       		.byte	0x0
 1260 041e 12       		.uleb128 0x12
 1261 041f 47020000 		.4byte	.LASF77
 1262 0423 08       		.byte	0x8
 1263 0424 0A       		.byte	0xa
 1264 0425 32       		.byte	0x32
 1265 0426 3F040000 		.4byte	0x43f
 1266 042a 11       		.uleb128 0x11
 1267 042b 25010000 		.4byte	.LASF60
 1268 042f 0A       		.byte	0xa
 1269 0430 33       		.byte	0x33
 1270 0431 93020000 		.4byte	0x293
 1271 0435 13       		.uleb128 0x13
 1272 0436 6800     		.ascii	"h\000"
 1273 0438 0A       		.byte	0xa
 1274 0439 3A       		.byte	0x3a
 1275 043a 4B040000 		.4byte	0x44b
 1276 043e 00       		.byte	0x0
 1277 043f 09       		.uleb128 0x9
 1278 0440 04       		.byte	0x4
 1279 0441 1E040000 		.4byte	0x41e
 1280 0445 09       		.uleb128 0x9
 1281 0446 04       		.byte	0x4
 1282 0447 BD030000 		.4byte	0x3bd
 1283 044b 08       		.uleb128 0x8
 1284 044c 08       		.byte	0x8
 1285 044d 0A       		.byte	0xa
 1286 044e 34       		.byte	0x34
 1287 044f 6E040000 		.4byte	0x46e
 1288 0453 07       		.uleb128 0x7
 1289 0454 7500     		.ascii	"u\000"
 1290 0456 0A       		.byte	0xa
 1291 0457 38       		.byte	0x38
 1292 0458 FF030000 		.4byte	0x3ff
 1293 045c 02       		.byte	0x2
 1294 045d 23       		.byte	0x23
 1295 045e 00       		.uleb128 0x0
 1296 045f 06       		.uleb128 0x6
 1297 0460 52010000 		.4byte	.LASF61
 1298 0464 0A       		.byte	0xa
 1299 0465 39       		.byte	0x39
ARM GAS  C:\Users\DNIEL~1\AppData\Local\Temp\ccinbw4Z.s 			page 24


 1300 0466 30000000 		.4byte	0x30
 1301 046a 02       		.byte	0x2
 1302 046b 23       		.byte	0x23
 1303 046c 04       		.uleb128 0x4
 1304 046d 00       		.byte	0x0
 1305 046e 10       		.uleb128 0x10
 1306 046f 04       		.byte	0x4
 1307 0470 06       		.byte	0x6
 1308 0471 8F       		.byte	0x8f
 1309 0472 A3040000 		.4byte	0x4a3
 1310 0476 11       		.uleb128 0x11
 1311 0477 0D000000 		.4byte	.LASF62
 1312 047b 06       		.byte	0x6
 1313 047c 96       		.byte	0x96
 1314 047d DD000000 		.4byte	0xdd
 1315 0481 11       		.uleb128 0x11
 1316 0482 41000000 		.4byte	.LASF63
 1317 0486 06       		.byte	0x6
 1318 0487 9D       		.byte	0x9d
 1319 0488 DD000000 		.4byte	0xdd
 1320 048c 11       		.uleb128 0x11
 1321 048d FE020000 		.4byte	.LASF64
 1322 0491 06       		.byte	0x6
 1323 0492 A4       		.byte	0xa4
 1324 0493 91020000 		.4byte	0x291
 1325 0497 11       		.uleb128 0x11
 1326 0498 53020000 		.4byte	.LASF65
 1327 049c 06       		.byte	0x6
 1328 049d AB       		.byte	0xab
 1329 049e E8000000 		.4byte	0xe8
 1330 04a2 00       		.byte	0x0
 1331 04a3 09       		.uleb128 0x9
 1332 04a4 04       		.byte	0x4
 1333 04a5 A9040000 		.4byte	0x4a9
 1334 04a9 14       		.uleb128 0x14
 1335 04aa AE040000 		.4byte	0x4ae
 1336 04ae 04       		.uleb128 0x4
 1337 04af 01       		.byte	0x1
 1338 04b0 08       		.byte	0x8
 1339 04b1 A2020000 		.4byte	.LASF66
 1340 04b5 09       		.uleb128 0x9
 1341 04b6 04       		.byte	0x4
 1342 04b7 91030000 		.4byte	0x391
 1343 04bb 15       		.uleb128 0x15
 1344 04bc 01       		.byte	0x1
 1345 04bd 18030000 		.4byte	.LASF78
 1346 04c1 01       		.byte	0x1
 1347 04c2 44       		.byte	0x44
 1348 04c3 01       		.byte	0x1
 1349 04c4 00000000 		.4byte	.LFB7
 1350 04c8 1C000000 		.4byte	.LFE7
 1351 04cc 02       		.byte	0x2
 1352 04cd 7D       		.byte	0x7d
 1353 04ce 00       		.sleb128 0
 1354 04cf 16       		.uleb128 0x16
 1355 04d0 01       		.byte	0x1
 1356 04d1 57000000 		.4byte	.LASF68
ARM GAS  C:\Users\DNIEL~1\AppData\Local\Temp\ccinbw4Z.s 			page 25


 1357 04d5 01       		.byte	0x1
 1358 04d6 5C       		.byte	0x5c
 1359 04d7 01       		.byte	0x1
 1360 04d8 00000000 		.4byte	.LFB8
 1361 04dc 14000000 		.4byte	.LFE8
 1362 04e0 02       		.byte	0x2
 1363 04e1 7D       		.byte	0x7d
 1364 04e2 00       		.sleb128 0
 1365 04e3 1F050000 		.4byte	0x51f
 1366 04e7 17       		.uleb128 0x17
 1367 04e8 51000000 		.4byte	.LASF67
 1368 04ec 01       		.byte	0x1
 1369 04ed 5C       		.byte	0x5c
 1370 04ee 45040000 		.4byte	0x445
 1371 04f2 00000000 		.4byte	.LLST0
 1372 04f6 18       		.uleb128 0x18
 1373 04f7 62756600 		.ascii	"buf\000"
 1374 04fb 01       		.byte	0x1
 1375 04fc 5C       		.byte	0x5c
 1376 04fd 91020000 		.4byte	0x291
 1377 0501 01       		.byte	0x1
 1378 0502 51       		.byte	0x51
 1379 0503 17       		.uleb128 0x17
 1380 0504 52010000 		.4byte	.LASF61
 1381 0508 01       		.byte	0x1
 1382 0509 5C       		.byte	0x5c
 1383 050a 30000000 		.4byte	0x30
 1384 050e 20000000 		.4byte	.LLST1
 1385 0512 19       		.uleb128 0x19
 1386 0513 687000   		.ascii	"hp\000"
 1387 0516 01       		.byte	0x1
 1388 0517 5D       		.byte	0x5d
 1389 0518 3F040000 		.4byte	0x43f
 1390 051c 01       		.byte	0x1
 1391 051d 51       		.byte	0x51
 1392 051e 00       		.byte	0x0
 1393 051f 1A       		.uleb128 0x1a
 1394 0520 01       		.byte	0x1
 1395 0521 70020000 		.4byte	.LASF70
 1396 0525 01       		.byte	0x1
 1397 0526 7D       		.byte	0x7d
 1398 0527 01       		.byte	0x1
 1399 0528 91020000 		.4byte	0x291
 1400 052c 00000000 		.4byte	.LFB9
 1401 0530 88000000 		.4byte	.LFE9
 1402 0534 40000000 		.4byte	.LLST2
 1403 0538 85050000 		.4byte	0x585
 1404 053c 17       		.uleb128 0x17
 1405 053d 51000000 		.4byte	.LASF67
 1406 0541 01       		.byte	0x1
 1407 0542 7D       		.byte	0x7d
 1408 0543 45040000 		.4byte	0x445
 1409 0547 60000000 		.4byte	.LLST3
 1410 054b 17       		.uleb128 0x17
 1411 054c 52010000 		.4byte	.LASF61
 1412 0550 01       		.byte	0x1
 1413 0551 7D       		.byte	0x7d
ARM GAS  C:\Users\DNIEL~1\AppData\Local\Temp\ccinbw4Z.s 			page 26


 1414 0552 30000000 		.4byte	0x30
 1415 0556 73000000 		.4byte	.LLST4
 1416 055a 1B       		.uleb128 0x1b
 1417 055b 717000   		.ascii	"qp\000"
 1418 055e 01       		.byte	0x1
 1419 055f 7E       		.byte	0x7e
 1420 0560 3F040000 		.4byte	0x43f
 1421 0564 9E000000 		.4byte	.LLST5
 1422 0568 1B       		.uleb128 0x1b
 1423 0569 687000   		.ascii	"hp\000"
 1424 056c 01       		.byte	0x1
 1425 056d 7E       		.byte	0x7e
 1426 056e 3F040000 		.4byte	0x43f
 1427 0572 C7000000 		.4byte	.LLST6
 1428 0576 1B       		.uleb128 0x1b
 1429 0577 667000   		.ascii	"fp\000"
 1430 057a 01       		.byte	0x1
 1431 057b 7E       		.byte	0x7e
 1432 057c 3F040000 		.4byte	0x43f
 1433 0580 1F010000 		.4byte	.LLST7
 1434 0584 00       		.byte	0x0
 1435 0585 1C       		.uleb128 0x1c
 1436 0586 01       		.byte	0x1
 1437 0587 9E000000 		.4byte	.LASF69
 1438 058b 01       		.byte	0x1
 1439 058c BB       		.byte	0xbb
 1440 058d 01       		.byte	0x1
 1441 058e 00000000 		.4byte	.LFB10
 1442 0592 88000000 		.4byte	.LFE10
 1443 0596 32010000 		.4byte	.LLST8
 1444 059a D5050000 		.4byte	0x5d5
 1445 059e 1D       		.uleb128 0x1d
 1446 059f 7000     		.ascii	"p\000"
 1447 05a1 01       		.byte	0x1
 1448 05a2 BB       		.byte	0xbb
 1449 05a3 91020000 		.4byte	0x291
 1450 05a7 52010000 		.4byte	.LLST9
 1451 05ab 1B       		.uleb128 0x1b
 1452 05ac 717000   		.ascii	"qp\000"
 1453 05af 01       		.byte	0x1
 1454 05b0 BC       		.byte	0xbc
 1455 05b1 3F040000 		.4byte	0x43f
 1456 05b5 70010000 		.4byte	.LLST10
 1457 05b9 19       		.uleb128 0x19
 1458 05ba 687000   		.ascii	"hp\000"
 1459 05bd 01       		.byte	0x1
 1460 05be BC       		.byte	0xbc
 1461 05bf 3F040000 		.4byte	0x43f
 1462 05c3 01       		.byte	0x1
 1463 05c4 54       		.byte	0x54
 1464 05c5 1E       		.uleb128 0x1e
 1465 05c6 51000000 		.4byte	.LASF67
 1466 05ca 01       		.byte	0x1
 1467 05cb BD       		.byte	0xbd
 1468 05cc 45040000 		.4byte	0x445
 1469 05d0 AF010000 		.4byte	.LLST11
 1470 05d4 00       		.byte	0x0
ARM GAS  C:\Users\DNIEL~1\AppData\Local\Temp\ccinbw4Z.s 			page 27


 1471 05d5 1A       		.uleb128 0x1a
 1472 05d6 01       		.byte	0x1
 1473 05d7 A7020000 		.4byte	.LASF71
 1474 05db 01       		.byte	0x1
 1475 05dc F3       		.byte	0xf3
 1476 05dd 01       		.byte	0x1
 1477 05de 30000000 		.4byte	0x30
 1478 05e2 00000000 		.4byte	.LFB11
 1479 05e6 40000000 		.4byte	.LFE11
 1480 05ea D0010000 		.4byte	.LLST12
 1481 05ee 36060000 		.4byte	0x636
 1482 05f2 17       		.uleb128 0x17
 1483 05f3 51000000 		.4byte	.LASF67
 1484 05f7 01       		.byte	0x1
 1485 05f8 F3       		.byte	0xf3
 1486 05f9 45040000 		.4byte	0x445
 1487 05fd F0010000 		.4byte	.LLST13
 1488 0601 17       		.uleb128 0x17
 1489 0602 E9020000 		.4byte	.LASF72
 1490 0606 01       		.byte	0x1
 1491 0607 F3       		.byte	0xf3
 1492 0608 36060000 		.4byte	0x636
 1493 060c 03020000 		.4byte	.LLST14
 1494 0610 1F       		.uleb128 0x1f
 1495 0611 717000   		.ascii	"qp\000"
 1496 0614 01       		.byte	0x1
 1497 0615 F4       		.byte	0xf4
 1498 0616 3F040000 		.4byte	0x43f
 1499 061a 1B       		.uleb128 0x1b
 1500 061b 6E00     		.ascii	"n\000"
 1501 061d 01       		.byte	0x1
 1502 061e F5       		.byte	0xf5
 1503 061f 30000000 		.4byte	0x30
 1504 0623 21020000 		.4byte	.LLST15
 1505 0627 1B       		.uleb128 0x1b
 1506 0628 737A00   		.ascii	"sz\000"
 1507 062b 01       		.byte	0x1
 1508 062c F5       		.byte	0xf5
 1509 062d 30000000 		.4byte	0x30
 1510 0631 4C020000 		.4byte	.LLST16
 1511 0635 00       		.byte	0x0
 1512 0636 09       		.uleb128 0x9
 1513 0637 04       		.byte	0x4
 1514 0638 30000000 		.4byte	0x30
 1515 063c 20       		.uleb128 0x20
 1516 063d 95020000 		.4byte	.LASF73
 1517 0641 01       		.byte	0x1
 1518 0642 3D       		.byte	0x3d
 1519 0643 BD030000 		.4byte	0x3bd
 1520 0647 05       		.byte	0x5
 1521 0648 03       		.byte	0x3
 1522 0649 00000000 		.4byte	default_heap
 1523 064d 00       		.byte	0x0
 1524              		.section	.debug_abbrev
 1525 0000 01       		.uleb128 0x1
 1526 0001 11       		.uleb128 0x11
 1527 0002 01       		.byte	0x1
ARM GAS  C:\Users\DNIEL~1\AppData\Local\Temp\ccinbw4Z.s 			page 28


 1528 0003 25       		.uleb128 0x25
 1529 0004 0E       		.uleb128 0xe
 1530 0005 13       		.uleb128 0x13
 1531 0006 0B       		.uleb128 0xb
 1532 0007 03       		.uleb128 0x3
 1533 0008 0E       		.uleb128 0xe
 1534 0009 1B       		.uleb128 0x1b
 1535 000a 0E       		.uleb128 0xe
 1536 000b 11       		.uleb128 0x11
 1537 000c 01       		.uleb128 0x1
 1538 000d 52       		.uleb128 0x52
 1539 000e 01       		.uleb128 0x1
 1540 000f 55       		.uleb128 0x55
 1541 0010 06       		.uleb128 0x6
 1542 0011 10       		.uleb128 0x10
 1543 0012 06       		.uleb128 0x6
 1544 0013 00       		.byte	0x0
 1545 0014 00       		.byte	0x0
 1546 0015 02       		.uleb128 0x2
 1547 0016 24       		.uleb128 0x24
 1548 0017 00       		.byte	0x0
 1549 0018 0B       		.uleb128 0xb
 1550 0019 0B       		.uleb128 0xb
 1551 001a 3E       		.uleb128 0x3e
 1552 001b 0B       		.uleb128 0xb
 1553 001c 03       		.uleb128 0x3
 1554 001d 08       		.uleb128 0x8
 1555 001e 00       		.byte	0x0
 1556 001f 00       		.byte	0x0
 1557 0020 03       		.uleb128 0x3
 1558 0021 16       		.uleb128 0x16
 1559 0022 00       		.byte	0x0
 1560 0023 03       		.uleb128 0x3
 1561 0024 0E       		.uleb128 0xe
 1562 0025 3A       		.uleb128 0x3a
 1563 0026 0B       		.uleb128 0xb
 1564 0027 3B       		.uleb128 0x3b
 1565 0028 0B       		.uleb128 0xb
 1566 0029 49       		.uleb128 0x49
 1567 002a 13       		.uleb128 0x13
 1568 002b 00       		.byte	0x0
 1569 002c 00       		.byte	0x0
 1570 002d 04       		.uleb128 0x4
 1571 002e 24       		.uleb128 0x24
 1572 002f 00       		.byte	0x0
 1573 0030 0B       		.uleb128 0xb
 1574 0031 0B       		.uleb128 0xb
 1575 0032 3E       		.uleb128 0x3e
 1576 0033 0B       		.uleb128 0xb
 1577 0034 03       		.uleb128 0x3
 1578 0035 0E       		.uleb128 0xe
 1579 0036 00       		.byte	0x0
 1580 0037 00       		.byte	0x0
 1581 0038 05       		.uleb128 0x5
 1582 0039 13       		.uleb128 0x13
 1583 003a 01       		.byte	0x1
 1584 003b 03       		.uleb128 0x3
ARM GAS  C:\Users\DNIEL~1\AppData\Local\Temp\ccinbw4Z.s 			page 29


 1585 003c 0E       		.uleb128 0xe
 1586 003d 0B       		.uleb128 0xb
 1587 003e 0B       		.uleb128 0xb
 1588 003f 3A       		.uleb128 0x3a
 1589 0040 0B       		.uleb128 0xb
 1590 0041 3B       		.uleb128 0x3b
 1591 0042 0B       		.uleb128 0xb
 1592 0043 01       		.uleb128 0x1
 1593 0044 13       		.uleb128 0x13
 1594 0045 00       		.byte	0x0
 1595 0046 00       		.byte	0x0
 1596 0047 06       		.uleb128 0x6
 1597 0048 0D       		.uleb128 0xd
 1598 0049 00       		.byte	0x0
 1599 004a 03       		.uleb128 0x3
 1600 004b 0E       		.uleb128 0xe
 1601 004c 3A       		.uleb128 0x3a
 1602 004d 0B       		.uleb128 0xb
 1603 004e 3B       		.uleb128 0x3b
 1604 004f 0B       		.uleb128 0xb
 1605 0050 49       		.uleb128 0x49
 1606 0051 13       		.uleb128 0x13
 1607 0052 38       		.uleb128 0x38
 1608 0053 0A       		.uleb128 0xa
 1609 0054 00       		.byte	0x0
 1610 0055 00       		.byte	0x0
 1611 0056 07       		.uleb128 0x7
 1612 0057 0D       		.uleb128 0xd
 1613 0058 00       		.byte	0x0
 1614 0059 03       		.uleb128 0x3
 1615 005a 08       		.uleb128 0x8
 1616 005b 3A       		.uleb128 0x3a
 1617 005c 0B       		.uleb128 0xb
 1618 005d 3B       		.uleb128 0x3b
 1619 005e 0B       		.uleb128 0xb
 1620 005f 49       		.uleb128 0x49
 1621 0060 13       		.uleb128 0x13
 1622 0061 38       		.uleb128 0x38
 1623 0062 0A       		.uleb128 0xa
 1624 0063 00       		.byte	0x0
 1625 0064 00       		.byte	0x0
 1626 0065 08       		.uleb128 0x8
 1627 0066 13       		.uleb128 0x13
 1628 0067 01       		.byte	0x1
 1629 0068 0B       		.uleb128 0xb
 1630 0069 0B       		.uleb128 0xb
 1631 006a 3A       		.uleb128 0x3a
 1632 006b 0B       		.uleb128 0xb
 1633 006c 3B       		.uleb128 0x3b
 1634 006d 0B       		.uleb128 0xb
 1635 006e 01       		.uleb128 0x1
 1636 006f 13       		.uleb128 0x13
 1637 0070 00       		.byte	0x0
 1638 0071 00       		.byte	0x0
 1639 0072 09       		.uleb128 0x9
 1640 0073 0F       		.uleb128 0xf
 1641 0074 00       		.byte	0x0
ARM GAS  C:\Users\DNIEL~1\AppData\Local\Temp\ccinbw4Z.s 			page 30


 1642 0075 0B       		.uleb128 0xb
 1643 0076 0B       		.uleb128 0xb
 1644 0077 49       		.uleb128 0x49
 1645 0078 13       		.uleb128 0x13
 1646 0079 00       		.byte	0x0
 1647 007a 00       		.byte	0x0
 1648 007b 0A       		.uleb128 0xa
 1649 007c 0F       		.uleb128 0xf
 1650 007d 00       		.byte	0x0
 1651 007e 0B       		.uleb128 0xb
 1652 007f 0B       		.uleb128 0xb
 1653 0080 00       		.byte	0x0
 1654 0081 00       		.byte	0x0
 1655 0082 0B       		.uleb128 0xb
 1656 0083 13       		.uleb128 0x13
 1657 0084 01       		.byte	0x1
 1658 0085 03       		.uleb128 0x3
 1659 0086 0E       		.uleb128 0xe
 1660 0087 0B       		.uleb128 0xb
 1661 0088 0B       		.uleb128 0xb
 1662 0089 3A       		.uleb128 0x3a
 1663 008a 0B       		.uleb128 0xb
 1664 008b 3B       		.uleb128 0x3b
 1665 008c 05       		.uleb128 0x5
 1666 008d 01       		.uleb128 0x1
 1667 008e 13       		.uleb128 0x13
 1668 008f 00       		.byte	0x0
 1669 0090 00       		.byte	0x0
 1670 0091 0C       		.uleb128 0xc
 1671 0092 0D       		.uleb128 0xd
 1672 0093 00       		.byte	0x0
 1673 0094 03       		.uleb128 0x3
 1674 0095 08       		.uleb128 0x8
 1675 0096 3A       		.uleb128 0x3a
 1676 0097 0B       		.uleb128 0xb
 1677 0098 3B       		.uleb128 0x3b
 1678 0099 05       		.uleb128 0x5
 1679 009a 49       		.uleb128 0x49
 1680 009b 13       		.uleb128 0x13
 1681 009c 38       		.uleb128 0x38
 1682 009d 0A       		.uleb128 0xa
 1683 009e 00       		.byte	0x0
 1684 009f 00       		.byte	0x0
 1685 00a0 0D       		.uleb128 0xd
 1686 00a1 35       		.uleb128 0x35
 1687 00a2 00       		.byte	0x0
 1688 00a3 49       		.uleb128 0x49
 1689 00a4 13       		.uleb128 0x13
 1690 00a5 00       		.byte	0x0
 1691 00a6 00       		.byte	0x0
 1692 00a7 0E       		.uleb128 0xe
 1693 00a8 15       		.uleb128 0x15
 1694 00a9 01       		.byte	0x1
 1695 00aa 27       		.uleb128 0x27
 1696 00ab 0C       		.uleb128 0xc
 1697 00ac 49       		.uleb128 0x49
 1698 00ad 13       		.uleb128 0x13
ARM GAS  C:\Users\DNIEL~1\AppData\Local\Temp\ccinbw4Z.s 			page 31


 1699 00ae 01       		.uleb128 0x1
 1700 00af 13       		.uleb128 0x13
 1701 00b0 00       		.byte	0x0
 1702 00b1 00       		.byte	0x0
 1703 00b2 0F       		.uleb128 0xf
 1704 00b3 05       		.uleb128 0x5
 1705 00b4 00       		.byte	0x0
 1706 00b5 49       		.uleb128 0x49
 1707 00b6 13       		.uleb128 0x13
 1708 00b7 00       		.byte	0x0
 1709 00b8 00       		.byte	0x0
 1710 00b9 10       		.uleb128 0x10
 1711 00ba 17       		.uleb128 0x17
 1712 00bb 01       		.byte	0x1
 1713 00bc 0B       		.uleb128 0xb
 1714 00bd 0B       		.uleb128 0xb
 1715 00be 3A       		.uleb128 0x3a
 1716 00bf 0B       		.uleb128 0xb
 1717 00c0 3B       		.uleb128 0x3b
 1718 00c1 0B       		.uleb128 0xb
 1719 00c2 01       		.uleb128 0x1
 1720 00c3 13       		.uleb128 0x13
 1721 00c4 00       		.byte	0x0
 1722 00c5 00       		.byte	0x0
 1723 00c6 11       		.uleb128 0x11
 1724 00c7 0D       		.uleb128 0xd
 1725 00c8 00       		.byte	0x0
 1726 00c9 03       		.uleb128 0x3
 1727 00ca 0E       		.uleb128 0xe
 1728 00cb 3A       		.uleb128 0x3a
 1729 00cc 0B       		.uleb128 0xb
 1730 00cd 3B       		.uleb128 0x3b
 1731 00ce 0B       		.uleb128 0xb
 1732 00cf 49       		.uleb128 0x49
 1733 00d0 13       		.uleb128 0x13
 1734 00d1 00       		.byte	0x0
 1735 00d2 00       		.byte	0x0
 1736 00d3 12       		.uleb128 0x12
 1737 00d4 17       		.uleb128 0x17
 1738 00d5 01       		.byte	0x1
 1739 00d6 03       		.uleb128 0x3
 1740 00d7 0E       		.uleb128 0xe
 1741 00d8 0B       		.uleb128 0xb
 1742 00d9 0B       		.uleb128 0xb
 1743 00da 3A       		.uleb128 0x3a
 1744 00db 0B       		.uleb128 0xb
 1745 00dc 3B       		.uleb128 0x3b
 1746 00dd 0B       		.uleb128 0xb
 1747 00de 01       		.uleb128 0x1
 1748 00df 13       		.uleb128 0x13
 1749 00e0 00       		.byte	0x0
 1750 00e1 00       		.byte	0x0
 1751 00e2 13       		.uleb128 0x13
 1752 00e3 0D       		.uleb128 0xd
 1753 00e4 00       		.byte	0x0
 1754 00e5 03       		.uleb128 0x3
 1755 00e6 08       		.uleb128 0x8
ARM GAS  C:\Users\DNIEL~1\AppData\Local\Temp\ccinbw4Z.s 			page 32


 1756 00e7 3A       		.uleb128 0x3a
 1757 00e8 0B       		.uleb128 0xb
 1758 00e9 3B       		.uleb128 0x3b
 1759 00ea 0B       		.uleb128 0xb
 1760 00eb 49       		.uleb128 0x49
 1761 00ec 13       		.uleb128 0x13
 1762 00ed 00       		.byte	0x0
 1763 00ee 00       		.byte	0x0
 1764 00ef 14       		.uleb128 0x14
 1765 00f0 26       		.uleb128 0x26
 1766 00f1 00       		.byte	0x0
 1767 00f2 49       		.uleb128 0x49
 1768 00f3 13       		.uleb128 0x13
 1769 00f4 00       		.byte	0x0
 1770 00f5 00       		.byte	0x0
 1771 00f6 15       		.uleb128 0x15
 1772 00f7 2E       		.uleb128 0x2e
 1773 00f8 00       		.byte	0x0
 1774 00f9 3F       		.uleb128 0x3f
 1775 00fa 0C       		.uleb128 0xc
 1776 00fb 03       		.uleb128 0x3
 1777 00fc 0E       		.uleb128 0xe
 1778 00fd 3A       		.uleb128 0x3a
 1779 00fe 0B       		.uleb128 0xb
 1780 00ff 3B       		.uleb128 0x3b
 1781 0100 0B       		.uleb128 0xb
 1782 0101 27       		.uleb128 0x27
 1783 0102 0C       		.uleb128 0xc
 1784 0103 11       		.uleb128 0x11
 1785 0104 01       		.uleb128 0x1
 1786 0105 12       		.uleb128 0x12
 1787 0106 01       		.uleb128 0x1
 1788 0107 40       		.uleb128 0x40
 1789 0108 0A       		.uleb128 0xa
 1790 0109 00       		.byte	0x0
 1791 010a 00       		.byte	0x0
 1792 010b 16       		.uleb128 0x16
 1793 010c 2E       		.uleb128 0x2e
 1794 010d 01       		.byte	0x1
 1795 010e 3F       		.uleb128 0x3f
 1796 010f 0C       		.uleb128 0xc
 1797 0110 03       		.uleb128 0x3
 1798 0111 0E       		.uleb128 0xe
 1799 0112 3A       		.uleb128 0x3a
 1800 0113 0B       		.uleb128 0xb
 1801 0114 3B       		.uleb128 0x3b
 1802 0115 0B       		.uleb128 0xb
 1803 0116 27       		.uleb128 0x27
 1804 0117 0C       		.uleb128 0xc
 1805 0118 11       		.uleb128 0x11
 1806 0119 01       		.uleb128 0x1
 1807 011a 12       		.uleb128 0x12
 1808 011b 01       		.uleb128 0x1
 1809 011c 40       		.uleb128 0x40
 1810 011d 0A       		.uleb128 0xa
 1811 011e 01       		.uleb128 0x1
 1812 011f 13       		.uleb128 0x13
ARM GAS  C:\Users\DNIEL~1\AppData\Local\Temp\ccinbw4Z.s 			page 33


 1813 0120 00       		.byte	0x0
 1814 0121 00       		.byte	0x0
 1815 0122 17       		.uleb128 0x17
 1816 0123 05       		.uleb128 0x5
 1817 0124 00       		.byte	0x0
 1818 0125 03       		.uleb128 0x3
 1819 0126 0E       		.uleb128 0xe
 1820 0127 3A       		.uleb128 0x3a
 1821 0128 0B       		.uleb128 0xb
 1822 0129 3B       		.uleb128 0x3b
 1823 012a 0B       		.uleb128 0xb
 1824 012b 49       		.uleb128 0x49
 1825 012c 13       		.uleb128 0x13
 1826 012d 02       		.uleb128 0x2
 1827 012e 06       		.uleb128 0x6
 1828 012f 00       		.byte	0x0
 1829 0130 00       		.byte	0x0
 1830 0131 18       		.uleb128 0x18
 1831 0132 05       		.uleb128 0x5
 1832 0133 00       		.byte	0x0
 1833 0134 03       		.uleb128 0x3
 1834 0135 08       		.uleb128 0x8
 1835 0136 3A       		.uleb128 0x3a
 1836 0137 0B       		.uleb128 0xb
 1837 0138 3B       		.uleb128 0x3b
 1838 0139 0B       		.uleb128 0xb
 1839 013a 49       		.uleb128 0x49
 1840 013b 13       		.uleb128 0x13
 1841 013c 02       		.uleb128 0x2
 1842 013d 0A       		.uleb128 0xa
 1843 013e 00       		.byte	0x0
 1844 013f 00       		.byte	0x0
 1845 0140 19       		.uleb128 0x19
 1846 0141 34       		.uleb128 0x34
 1847 0142 00       		.byte	0x0
 1848 0143 03       		.uleb128 0x3
 1849 0144 08       		.uleb128 0x8
 1850 0145 3A       		.uleb128 0x3a
 1851 0146 0B       		.uleb128 0xb
 1852 0147 3B       		.uleb128 0x3b
 1853 0148 0B       		.uleb128 0xb
 1854 0149 49       		.uleb128 0x49
 1855 014a 13       		.uleb128 0x13
 1856 014b 02       		.uleb128 0x2
 1857 014c 0A       		.uleb128 0xa
 1858 014d 00       		.byte	0x0
 1859 014e 00       		.byte	0x0
 1860 014f 1A       		.uleb128 0x1a
 1861 0150 2E       		.uleb128 0x2e
 1862 0151 01       		.byte	0x1
 1863 0152 3F       		.uleb128 0x3f
 1864 0153 0C       		.uleb128 0xc
 1865 0154 03       		.uleb128 0x3
 1866 0155 0E       		.uleb128 0xe
 1867 0156 3A       		.uleb128 0x3a
 1868 0157 0B       		.uleb128 0xb
 1869 0158 3B       		.uleb128 0x3b
ARM GAS  C:\Users\DNIEL~1\AppData\Local\Temp\ccinbw4Z.s 			page 34


 1870 0159 0B       		.uleb128 0xb
 1871 015a 27       		.uleb128 0x27
 1872 015b 0C       		.uleb128 0xc
 1873 015c 49       		.uleb128 0x49
 1874 015d 13       		.uleb128 0x13
 1875 015e 11       		.uleb128 0x11
 1876 015f 01       		.uleb128 0x1
 1877 0160 12       		.uleb128 0x12
 1878 0161 01       		.uleb128 0x1
 1879 0162 40       		.uleb128 0x40
 1880 0163 06       		.uleb128 0x6
 1881 0164 01       		.uleb128 0x1
 1882 0165 13       		.uleb128 0x13
 1883 0166 00       		.byte	0x0
 1884 0167 00       		.byte	0x0
 1885 0168 1B       		.uleb128 0x1b
 1886 0169 34       		.uleb128 0x34
 1887 016a 00       		.byte	0x0
 1888 016b 03       		.uleb128 0x3
 1889 016c 08       		.uleb128 0x8
 1890 016d 3A       		.uleb128 0x3a
 1891 016e 0B       		.uleb128 0xb
 1892 016f 3B       		.uleb128 0x3b
 1893 0170 0B       		.uleb128 0xb
 1894 0171 49       		.uleb128 0x49
 1895 0172 13       		.uleb128 0x13
 1896 0173 02       		.uleb128 0x2
 1897 0174 06       		.uleb128 0x6
 1898 0175 00       		.byte	0x0
 1899 0176 00       		.byte	0x0
 1900 0177 1C       		.uleb128 0x1c
 1901 0178 2E       		.uleb128 0x2e
 1902 0179 01       		.byte	0x1
 1903 017a 3F       		.uleb128 0x3f
 1904 017b 0C       		.uleb128 0xc
 1905 017c 03       		.uleb128 0x3
 1906 017d 0E       		.uleb128 0xe
 1907 017e 3A       		.uleb128 0x3a
 1908 017f 0B       		.uleb128 0xb
 1909 0180 3B       		.uleb128 0x3b
 1910 0181 0B       		.uleb128 0xb
 1911 0182 27       		.uleb128 0x27
 1912 0183 0C       		.uleb128 0xc
 1913 0184 11       		.uleb128 0x11
 1914 0185 01       		.uleb128 0x1
 1915 0186 12       		.uleb128 0x12
 1916 0187 01       		.uleb128 0x1
 1917 0188 40       		.uleb128 0x40
 1918 0189 06       		.uleb128 0x6
 1919 018a 01       		.uleb128 0x1
 1920 018b 13       		.uleb128 0x13
 1921 018c 00       		.byte	0x0
 1922 018d 00       		.byte	0x0
 1923 018e 1D       		.uleb128 0x1d
 1924 018f 05       		.uleb128 0x5
 1925 0190 00       		.byte	0x0
 1926 0191 03       		.uleb128 0x3
ARM GAS  C:\Users\DNIEL~1\AppData\Local\Temp\ccinbw4Z.s 			page 35


 1927 0192 08       		.uleb128 0x8
 1928 0193 3A       		.uleb128 0x3a
 1929 0194 0B       		.uleb128 0xb
 1930 0195 3B       		.uleb128 0x3b
 1931 0196 0B       		.uleb128 0xb
 1932 0197 49       		.uleb128 0x49
 1933 0198 13       		.uleb128 0x13
 1934 0199 02       		.uleb128 0x2
 1935 019a 06       		.uleb128 0x6
 1936 019b 00       		.byte	0x0
 1937 019c 00       		.byte	0x0
 1938 019d 1E       		.uleb128 0x1e
 1939 019e 34       		.uleb128 0x34
 1940 019f 00       		.byte	0x0
 1941 01a0 03       		.uleb128 0x3
 1942 01a1 0E       		.uleb128 0xe
 1943 01a2 3A       		.uleb128 0x3a
 1944 01a3 0B       		.uleb128 0xb
 1945 01a4 3B       		.uleb128 0x3b
 1946 01a5 0B       		.uleb128 0xb
 1947 01a6 49       		.uleb128 0x49
 1948 01a7 13       		.uleb128 0x13
 1949 01a8 02       		.uleb128 0x2
 1950 01a9 06       		.uleb128 0x6
 1951 01aa 00       		.byte	0x0
 1952 01ab 00       		.byte	0x0
 1953 01ac 1F       		.uleb128 0x1f
 1954 01ad 34       		.uleb128 0x34
 1955 01ae 00       		.byte	0x0
 1956 01af 03       		.uleb128 0x3
 1957 01b0 08       		.uleb128 0x8
 1958 01b1 3A       		.uleb128 0x3a
 1959 01b2 0B       		.uleb128 0xb
 1960 01b3 3B       		.uleb128 0x3b
 1961 01b4 0B       		.uleb128 0xb
 1962 01b5 49       		.uleb128 0x49
 1963 01b6 13       		.uleb128 0x13
 1964 01b7 00       		.byte	0x0
 1965 01b8 00       		.byte	0x0
 1966 01b9 20       		.uleb128 0x20
 1967 01ba 34       		.uleb128 0x34
 1968 01bb 00       		.byte	0x0
 1969 01bc 03       		.uleb128 0x3
 1970 01bd 0E       		.uleb128 0xe
 1971 01be 3A       		.uleb128 0x3a
 1972 01bf 0B       		.uleb128 0xb
 1973 01c0 3B       		.uleb128 0x3b
 1974 01c1 0B       		.uleb128 0xb
 1975 01c2 49       		.uleb128 0x49
 1976 01c3 13       		.uleb128 0x13
 1977 01c4 02       		.uleb128 0x2
 1978 01c5 0A       		.uleb128 0xa
 1979 01c6 00       		.byte	0x0
 1980 01c7 00       		.byte	0x0
 1981 01c8 00       		.byte	0x0
 1982              		.section	.debug_pubnames,"",%progbits
 1983 0000 5C000000 		.4byte	0x5c
ARM GAS  C:\Users\DNIEL~1\AppData\Local\Temp\ccinbw4Z.s 			page 36


 1984 0004 0200     		.2byte	0x2
 1985 0006 00000000 		.4byte	.Ldebug_info0
 1986 000a 4E060000 		.4byte	0x64e
 1987 000e BB040000 		.4byte	0x4bb
 1988 0012 5F686561 		.ascii	"_heap_init\000"
 1988      705F696E 
 1988      697400
 1989 001d CF040000 		.4byte	0x4cf
 1990 0021 63684865 		.ascii	"chHeapInit\000"
 1990      6170496E 
 1990      697400
 1991 002c 1F050000 		.4byte	0x51f
 1992 0030 63684865 		.ascii	"chHeapAlloc\000"
 1992      6170416C 
 1992      6C6F6300 
 1993 003c 85050000 		.4byte	0x585
 1994 0040 63684865 		.ascii	"chHeapFree\000"
 1994      61704672 
 1994      656500
 1995 004b D5050000 		.4byte	0x5d5
 1996 004f 63684865 		.ascii	"chHeapStatus\000"
 1996      61705374 
 1996      61747573 
 1996      00
 1997 005c 00000000 		.4byte	0x0
 1998              		.section	.debug_pubtypes,"",%progbits
 1999 0000 70010000 		.4byte	0x170
 2000 0004 0200     		.2byte	0x2
 2001 0006 00000000 		.4byte	.Ldebug_info0
 2002 000a 4E060000 		.4byte	0x64e
 2003 000e 30000000 		.4byte	0x30
 2004 0012 73697A65 		.ascii	"size_t\000"
 2004      5F7400
 2005 0019 49000000 		.4byte	0x49
 2006 001d 75696E74 		.ascii	"uint8_t\000"
 2006      385F7400 
 2007 0025 69000000 		.4byte	0x69
 2008 0029 696E7433 		.ascii	"int32_t\000"
 2008      325F7400 
 2009 0031 7B000000 		.4byte	0x7b
 2010 0035 75696E74 		.ascii	"uint32_t\000"
 2010      33325F74 
 2010      00
 2011 003e 94000000 		.4byte	0x94
 2012 0042 75696E74 		.ascii	"uint64_t\000"
 2012      36345F74 
 2012      00
 2013 004b A6000000 		.4byte	0xa6
 2014 004f 746D6F64 		.ascii	"tmode_t\000"
 2014      655F7400 
 2015 0057 B1000000 		.4byte	0xb1
 2016 005b 74737461 		.ascii	"tstate_t\000"
 2016      74655F74 
 2016      00
 2017 0064 BC000000 		.4byte	0xbc
 2018 0068 74726566 		.ascii	"trefs_t\000"
 2018      735F7400 
ARM GAS  C:\Users\DNIEL~1\AppData\Local\Temp\ccinbw4Z.s 			page 37


 2019 0070 C7000000 		.4byte	0xc7
 2020 0074 74736C69 		.ascii	"tslices_t\000"
 2020      6365735F 
 2020      7400
 2021 007e D2000000 		.4byte	0xd2
 2022 0082 74707269 		.ascii	"tprio_t\000"
 2022      6F5F7400 
 2023 008a DD000000 		.4byte	0xdd
 2024 008e 6D73675F 		.ascii	"msg_t\000"
 2024      7400
 2025 0094 E8000000 		.4byte	0xe8
 2026 0098 6576656E 		.ascii	"eventmask_t\000"
 2026      746D6173 
 2026      6B5F7400 
 2027 00a4 F3000000 		.4byte	0xf3
 2028 00a8 73797374 		.ascii	"systime_t\000"
 2028      696D655F 
 2028      7400
 2029 00b2 FE000000 		.4byte	0xfe
 2030 00b6 54687265 		.ascii	"Thread\000"
 2030      616400
 2031 00bd 59020000 		.4byte	0x259
 2032 00c1 54687265 		.ascii	"ThreadsQueue\000"
 2032      61647351 
 2032      75657565 
 2032      00
 2033 00ce 7B020000 		.4byte	0x27b
 2034 00d2 54687265 		.ascii	"ThreadsList\000"
 2034      6164734C 
 2034      69737400 
 2035 00de 86020000 		.4byte	0x286
 2036 00e2 72656761 		.ascii	"regarm_t\000"
 2036      726D5F74 
 2036      00
 2037 00eb 93020000 		.4byte	0x293
 2038 00ef 73746B61 		.ascii	"stkalign_t\000"
 2038      6C69676E 
 2038      5F7400
 2039 00fa 9E020000 		.4byte	0x29e
 2040 00fe 696E7463 		.ascii	"intctx\000"
 2040      747800
 2041 0105 2C030000 		.4byte	0x32c
 2042 0109 636F6E74 		.ascii	"context\000"
 2042      65787400 
 2043 0111 54030000 		.4byte	0x354
 2044 0115 4D757465 		.ascii	"Mutex\000"
 2044      7800
 2045 011b 91030000 		.4byte	0x391
 2046 011f 4D757465 		.ascii	"Mutex\000"
 2046      7800
 2047 0125 9C030000 		.4byte	0x39c
 2048 0129 6D656D67 		.ascii	"memgetfunc_t\000"
 2048      65746675 
 2048      6E635F74 
 2048      00
 2049 0136 BD030000 		.4byte	0x3bd
 2050 013a 4D656D6F 		.ascii	"MemoryHeap\000"
ARM GAS  C:\Users\DNIEL~1\AppData\Local\Temp\ccinbw4Z.s 			page 38


 2050      72794865 
 2050      617000
 2051 0145 1E040000 		.4byte	0x41e
 2052 0149 68656170 		.ascii	"heap_header\000"
 2052      5F686561 
 2052      64657200 
 2053 0155 C8030000 		.4byte	0x3c8
 2054 0159 6D656D6F 		.ascii	"memory_heap\000"
 2054      72795F68 
 2054      65617000 
 2055 0165 09010000 		.4byte	0x109
 2056 0169 54687265 		.ascii	"Thread\000"
 2056      616400
 2057 0170 00000000 		.4byte	0x0
 2058              		.section	.debug_aranges,"",%progbits
 2059 0000 3C000000 		.4byte	0x3c
 2060 0004 0200     		.2byte	0x2
 2061 0006 00000000 		.4byte	.Ldebug_info0
 2062 000a 04       		.byte	0x4
 2063 000b 00       		.byte	0x0
 2064 000c 0000     		.2byte	0x0
 2065 000e 0000     		.2byte	0x0
 2066 0010 00000000 		.4byte	.LFB7
 2067 0014 1C000000 		.4byte	.LFE7-.LFB7
 2068 0018 00000000 		.4byte	.LFB8
 2069 001c 14000000 		.4byte	.LFE8-.LFB8
 2070 0020 00000000 		.4byte	.LFB9
 2071 0024 88000000 		.4byte	.LFE9-.LFB9
 2072 0028 00000000 		.4byte	.LFB10
 2073 002c 88000000 		.4byte	.LFE10-.LFB10
 2074 0030 00000000 		.4byte	.LFB11
 2075 0034 40000000 		.4byte	.LFE11-.LFB11
 2076 0038 00000000 		.4byte	0x0
 2077 003c 00000000 		.4byte	0x0
 2078              		.section	.debug_ranges,"",%progbits
 2079              	.Ldebug_ranges0:
 2080 0000 00000000 		.4byte	.LFB7
 2081 0004 1C000000 		.4byte	.LFE7
 2082 0008 00000000 		.4byte	.LFB8
 2083 000c 14000000 		.4byte	.LFE8
 2084 0010 00000000 		.4byte	.LFB9
 2085 0014 88000000 		.4byte	.LFE9
 2086 0018 00000000 		.4byte	.LFB10
 2087 001c 88000000 		.4byte	.LFE10
 2088 0020 00000000 		.4byte	.LFB11
 2089 0024 40000000 		.4byte	.LFE11
 2090 0028 00000000 		.4byte	0x0
 2091 002c 00000000 		.4byte	0x0
 2092              		.section	.debug_str,"MS",%progbits,1
 2093              	.LASF37:
 2094 0000 705F6D73 		.ascii	"p_msg\000"
 2094      6700
 2095              	.LASF2:
 2096 0006 73697A65 		.ascii	"size_t\000"
 2096      5F7400
 2097              	.LASF62:
 2098 000d 7264796D 		.ascii	"rdymsg\000"
ARM GAS  C:\Users\DNIEL~1\AppData\Local\Temp\ccinbw4Z.s 			page 39


 2098      736700
 2099              	.LASF12:
 2100 0014 75696E74 		.ascii	"uint64_t\000"
 2100      36345F74 
 2100      00
 2101              	.LASF52:
 2102 001d 6D656D67 		.ascii	"memgetfunc_t\000"
 2102      65746675 
 2102      6E635F74 
 2102      00
 2103              	.LASF13:
 2104 002a 6C6F6E67 		.ascii	"long long unsigned int\000"
 2104      206C6F6E 
 2104      6720756E 
 2104      7369676E 
 2104      65642069 
 2105              	.LASF63:
 2106 0041 65786974 		.ascii	"exitcode\000"
 2106      636F6465 
 2106      00
 2107              	.LASF56:
 2108 004a 685F6672 		.ascii	"h_free\000"
 2108      656500
 2109              	.LASF67:
 2110 0051 68656170 		.ascii	"heapp\000"
 2110      7000
 2111              	.LASF68:
 2112 0057 63684865 		.ascii	"chHeapInit\000"
 2112      6170496E 
 2112      697400
 2113              	.LASF58:
 2114 0062 6E657874 		.ascii	"next\000"
 2114      00
 2115              	.LASF25:
 2116 0067 705F7072 		.ascii	"p_prio\000"
 2116      696F00
 2117              	.LASF11:
 2118 006e 6C6F6E67 		.ascii	"long long int\000"
 2118      206C6F6E 
 2118      6720696E 
 2118      7400
 2119              	.LASF1:
 2120 007c 7369676E 		.ascii	"signed char\000"
 2120      65642063 
 2120      68617200 
 2121              	.LASF57:
 2122 0088 685F6D74 		.ascii	"h_mtx\000"
 2122      7800
 2123              	.LASF41:
 2124 008e 705F6D70 		.ascii	"p_mpool\000"
 2124      6F6F6C00 
 2125              	.LASF49:
 2126 0096 6D5F7175 		.ascii	"m_queue\000"
 2126      65756500 
 2127              	.LASF69:
 2128 009e 63684865 		.ascii	"chHeapFree\000"
 2128      61704672 
ARM GAS  C:\Users\DNIEL~1\AppData\Local\Temp\ccinbw4Z.s 			page 40


 2128      656500
 2129              	.LASF17:
 2130 00a9 74736C69 		.ascii	"tslices_t\000"
 2130      6365735F 
 2130      7400
 2131              	.LASF8:
 2132 00b3 6C6F6E67 		.ascii	"long int\000"
 2132      20696E74 
 2132      00
 2133              	.LASF15:
 2134 00bc 74737461 		.ascii	"tstate_t\000"
 2134      74655F74 
 2134      00
 2135              	.LASF27:
 2136 00c5 705F6E65 		.ascii	"p_newer\000"
 2136      77657200 
 2137              	.LASF44:
 2138 00cd 72656761 		.ascii	"regarm_t\000"
 2138      726D5F74 
 2138      00
 2139              	.LASF76:
 2140 00d6 433A5C55 		.ascii	"C:\\Users\\D\341niel\\Dropbox\\Solar Racing\\Szoftv"
 2140      73657273 
 2140      5C44E16E 
 2140      69656C5C 
 2140      44726F70 
 2141 0101 65725C53 		.ascii	"er\\Smarty\\Smarty_v6\\smarty\\firmware\000"
 2141      6D617274 
 2141      795C536D 
 2141      61727479 
 2141      5F76365C 
 2142              	.LASF60:
 2143 0125 616C6967 		.ascii	"align\000"
 2143      6E00
 2144              	.LASF0:
 2145 012b 756E7369 		.ascii	"unsigned int\000"
 2145      676E6564 
 2145      20696E74 
 2145      00
 2146              	.LASF10:
 2147 0138 6C6F6E67 		.ascii	"long unsigned int\000"
 2147      20756E73 
 2147      69676E65 
 2147      6420696E 
 2147      7400
 2148              	.LASF47:
 2149 014a 636F6E74 		.ascii	"context\000"
 2149      65787400 
 2150              	.LASF61:
 2151 0152 73697A65 		.ascii	"size\000"
 2151      00
 2152              	.LASF6:
 2153 0157 73686F72 		.ascii	"short unsigned int\000"
 2153      7420756E 
 2153      7369676E 
 2153      65642069 
 2153      6E7400
ARM GAS  C:\Users\DNIEL~1\AppData\Local\Temp\ccinbw4Z.s 			page 41


 2154              	.LASF19:
 2155 016a 6D73675F 		.ascii	"msg_t\000"
 2155      7400
 2156              	.LASF14:
 2157 0170 746D6F64 		.ascii	"tmode_t\000"
 2157      655F7400 
 2158              	.LASF43:
 2159 0178 54687265 		.ascii	"ThreadsList\000"
 2159      6164734C 
 2159      69737400 
 2160              	.LASF20:
 2161 0184 6576656E 		.ascii	"eventmask_t\000"
 2161      746D6173 
 2161      6B5F7400 
 2162              	.LASF48:
 2163 0190 4D757465 		.ascii	"Mutex\000"
 2163      7800
 2164              	.LASF45:
 2165 0196 73746B61 		.ascii	"stkalign_t\000"
 2165      6C69676E 
 2165      5F7400
 2166              	.LASF75:
 2167 01a1 2E2E2F2E 		.ascii	"../../../ChibiOS/os/kernel/src/chheap.c\000"
 2167      2E2F2E2E 
 2167      2F436869 
 2167      62694F53 
 2167      2F6F732F 
 2168              	.LASF28:
 2169 01c9 705F6F6C 		.ascii	"p_older\000"
 2169      64657200 
 2170              	.LASF42:
 2171 01d1 54687265 		.ascii	"ThreadsQueue\000"
 2171      61647351 
 2171      75657565 
 2171      00
 2172              	.LASF53:
 2173 01de 4D656D6F 		.ascii	"MemoryHeap\000"
 2173      72794865 
 2173      617000
 2174              	.LASF16:
 2175 01e9 74726566 		.ascii	"trefs_t\000"
 2175      735F7400 
 2176              	.LASF24:
 2177 01f1 705F7072 		.ascii	"p_prev\000"
 2177      657600
 2178              	.LASF18:
 2179 01f8 74707269 		.ascii	"tprio_t\000"
 2179      6F5F7400 
 2180              	.LASF7:
 2181 0200 696E7433 		.ascii	"int32_t\000"
 2181      325F7400 
 2182              	.LASF4:
 2183 0208 756E7369 		.ascii	"unsigned char\000"
 2183      676E6564 
 2183      20636861 
 2183      7200
 2184              	.LASF55:
ARM GAS  C:\Users\DNIEL~1\AppData\Local\Temp\ccinbw4Z.s 			page 42


 2185 0216 685F7072 		.ascii	"h_provider\000"
 2185      6F766964 
 2185      657200
 2186              	.LASF39:
 2187 0221 705F6D74 		.ascii	"p_mtxlist\000"
 2187      786C6973 
 2187      7400
 2188              	.LASF5:
 2189 022b 73686F72 		.ascii	"short int\000"
 2189      7420696E 
 2189      7400
 2190              	.LASF30:
 2191 0235 705F7374 		.ascii	"p_state\000"
 2191      61746500 
 2192              	.LASF33:
 2193 023d 705F7072 		.ascii	"p_preempt\000"
 2193      65656D70 
 2193      7400
 2194              	.LASF77:
 2195 0247 68656170 		.ascii	"heap_header\000"
 2195      5F686561 
 2195      64657200 
 2196              	.LASF65:
 2197 0253 65776D61 		.ascii	"ewmask\000"
 2197      736B00
 2198              	.LASF23:
 2199 025a 705F6E65 		.ascii	"p_next\000"
 2199      787400
 2200              	.LASF31:
 2201 0261 705F666C 		.ascii	"p_flags\000"
 2201      61677300 
 2202              	.LASF22:
 2203 0269 54687265 		.ascii	"Thread\000"
 2203      616400
 2204              	.LASF70:
 2205 0270 63684865 		.ascii	"chHeapAlloc\000"
 2205      6170416C 
 2205      6C6F6300 
 2206              	.LASF38:
 2207 027c 705F6570 		.ascii	"p_epending\000"
 2207      656E6469 
 2207      6E6700
 2208              	.LASF9:
 2209 0287 75696E74 		.ascii	"uint32_t\000"
 2209      33325F74 
 2209      00
 2210              	.LASF59:
 2211 0290 68656170 		.ascii	"heap\000"
 2211      00
 2212              	.LASF73:
 2213 0295 64656661 		.ascii	"default_heap\000"
 2213      756C745F 
 2213      68656170 
 2213      00
 2214              	.LASF66:
 2215 02a2 63686172 		.ascii	"char\000"
 2215      00
ARM GAS  C:\Users\DNIEL~1\AppData\Local\Temp\ccinbw4Z.s 			page 43


 2216              	.LASF71:
 2217 02a7 63684865 		.ascii	"chHeapStatus\000"
 2217      61705374 
 2217      61747573 
 2217      00
 2218              	.LASF51:
 2219 02b4 6D5F6E65 		.ascii	"m_next\000"
 2219      787400
 2220              	.LASF21:
 2221 02bb 73797374 		.ascii	"systime_t\000"
 2221      696D655F 
 2221      7400
 2222              	.LASF40:
 2223 02c5 705F7265 		.ascii	"p_realprio\000"
 2223      616C7072 
 2223      696F00
 2224              	.LASF34:
 2225 02d0 705F7469 		.ascii	"p_time\000"
 2225      6D6500
 2226              	.LASF46:
 2227 02d7 696E7463 		.ascii	"intctx\000"
 2227      747800
 2228              	.LASF36:
 2229 02de 705F6D73 		.ascii	"p_msgqueue\000"
 2229      67717565 
 2229      756500
 2230              	.LASF72:
 2231 02e9 73697A65 		.ascii	"sizep\000"
 2231      7000
 2232              	.LASF32:
 2233 02ef 705F7265 		.ascii	"p_refs\000"
 2233      667300
 2234              	.LASF3:
 2235 02f6 75696E74 		.ascii	"uint8_t\000"
 2235      385F7400 
 2236              	.LASF64:
 2237 02fe 77746F62 		.ascii	"wtobjp\000"
 2237      6A7000
 2238              	.LASF74:
 2239 0305 474E5520 		.ascii	"GNU C 4.5.2\000"
 2239      4320342E 
 2239      352E3200 
 2240              	.LASF29:
 2241 0311 705F6E61 		.ascii	"p_name\000"
 2241      6D6500
 2242              	.LASF78:
 2243 0318 5F686561 		.ascii	"_heap_init\000"
 2243      705F696E 
 2243      697400
 2244              	.LASF50:
 2245 0323 6D5F6F77 		.ascii	"m_owner\000"
 2245      6E657200 
 2246              	.LASF26:
 2247 032b 705F6374 		.ascii	"p_ctx\000"
 2247      7800
 2248              	.LASF35:
 2249 0331 705F7761 		.ascii	"p_waiting\000"
ARM GAS  C:\Users\DNIEL~1\AppData\Local\Temp\ccinbw4Z.s 			page 44


 2249      6974696E 
 2249      6700
 2250              	.LASF54:
 2251 033b 6D656D6F 		.ascii	"memory_heap\000"
 2251      72795F68 
 2251      65617000 
 2252              		.ident	"GCC: (Sourcery G++ Lite 2011.03-42) 4.5.2"
ARM GAS  C:\Users\DNIEL~1\AppData\Local\Temp\ccinbw4Z.s 			page 45


DEFINED SYMBOLS
                            *ABS*:00000000 chheap.c
C:\Users\DNIEL~1\AppData\Local\Temp\ccinbw4Z.s:24     .text._heap_init:00000000 $t
C:\Users\DNIEL~1\AppData\Local\Temp\ccinbw4Z.s:30     .text._heap_init:00000000 _heap_init
C:\Users\DNIEL~1\AppData\Local\Temp\ccinbw4Z.s:57     .text._heap_init:00000014 $d
C:\Users\DNIEL~1\AppData\Local\Temp\ccinbw4Z.s:63     .text.chHeapInit:00000000 $t
C:\Users\DNIEL~1\AppData\Local\Temp\ccinbw4Z.s:69     .text.chHeapInit:00000000 chHeapInit
C:\Users\DNIEL~1\AppData\Local\Temp\ccinbw4Z.s:102    .text.chHeapAlloc:00000000 $t
C:\Users\DNIEL~1\AppData\Local\Temp\ccinbw4Z.s:108    .text.chHeapAlloc:00000000 chHeapAlloc
C:\Users\DNIEL~1\AppData\Local\Temp\ccinbw4Z.s:232    .text.chHeapAlloc:00000084 $d
C:\Users\DNIEL~1\AppData\Local\Temp\ccinbw4Z.s:237    .text.chHeapFree:00000000 $t
C:\Users\DNIEL~1\AppData\Local\Temp\ccinbw4Z.s:243    .text.chHeapFree:00000000 chHeapFree
C:\Users\DNIEL~1\AppData\Local\Temp\ccinbw4Z.s:359    .text.chHeapStatus:00000000 $t
C:\Users\DNIEL~1\AppData\Local\Temp\ccinbw4Z.s:365    .text.chHeapStatus:00000000 chHeapStatus
C:\Users\DNIEL~1\AppData\Local\Temp\ccinbw4Z.s:434    .text.chHeapStatus:0000003c $d
C:\Users\DNIEL~1\AppData\Local\Temp\ccinbw4Z.s:439    .bss.default_heap:00000000 $d
C:\Users\DNIEL~1\AppData\Local\Temp\ccinbw4Z.s:443    .bss.default_heap:00000000 default_heap
                     .debug_frame:00000010 $d
C:\Users\DNIEL~1\AppData\Local\Temp\ccinbw4Z.s:62     .text._heap_init:0000001c $t
C:\Users\DNIEL~1\AppData\Local\Temp\ccinbw4Z.s:236    .text.chHeapAlloc:00000088 $t

UNDEFINED SYMBOLS
chMtxInit
chCoreAlloc
chMtxLock
chMtxUnlock
