ARM GAS  C:\Users\DNIEL~1\AppData\Local\Temp\ccDvWbkc.s 			page 1


   1              		.syntax unified
   2              		.cpu cortex-m4
   3              		.fpu softvfp
   4              		.eabi_attribute 20, 1
   5              		.eabi_attribute 21, 1
   6              		.eabi_attribute 23, 3
   7              		.eabi_attribute 24, 1
   8              		.eabi_attribute 25, 1
   9              		.eabi_attribute 26, 1
  10              		.eabi_attribute 30, 2
  11              		.eabi_attribute 18, 4
  12              		.thumb
  13              		.file	"chmempools.c"
  14              		.section	.debug_abbrev,"",%progbits
  15              	.Ldebug_abbrev0:
  16              		.section	.debug_info,"",%progbits
  17              	.Ldebug_info0:
  18              		.section	.debug_line,"",%progbits
  19              	.Ldebug_line0:
  20 0000 6D020000 		.text
  20      02007801 
  20      00000201 
  20      FB0E0D00 
  20      01010101 
  21              	.Ltext0:
  22              		.cfi_sections	.debug_frame
  23              		.section	.text.chPoolInit,"ax",%progbits
  24              		.align	2
  25              		.p2align 4,,15
  26              		.global	chPoolInit
  27              		.thumb
  28              		.thumb_func
  29              		.type	chPoolInit, %function
  30              	chPoolInit:
  31              	.LFB7:
  32              		.file 1 "../../../ChibiOS/os/kernel/src/chmempools.c"
  33              		.loc 1 57 0
  34              		.cfi_startproc
  35              		@ args = 0, pretend = 0, frame = 0
  36              		@ frame_needed = 0, uses_anonymous_args = 0
  37              		@ link register save eliminated.
  38              	.LVL0:
  39              		.loc 1 61 0
  40 0000 0023     		movs	r3, #0
  41 0002 0360     		str	r3, [r0, #0]
  42              		.loc 1 62 0
  43 0004 4160     		str	r1, [r0, #4]
  44              		.loc 1 63 0
  45 0006 8260     		str	r2, [r0, #8]
  46              		.loc 1 64 0
  47 0008 7047     		bx	lr
  48              		.cfi_endproc
  49              	.LFE7:
  50              		.size	chPoolInit, .-chPoolInit
  51 000a 00BFAFF3 		.section	.text.chPoolLoadArray,"ax",%progbits
  51      0080
  52              		.align	2
ARM GAS  C:\Users\DNIEL~1\AppData\Local\Temp\ccDvWbkc.s 			page 2


  53              		.p2align 4,,15
  54              		.global	chPoolLoadArray
  55              		.thumb
  56              		.thumb_func
  57              		.type	chPoolLoadArray, %function
  58              	chPoolLoadArray:
  59              	.LFB8:
  60              		.loc 1 79 0
  61              		.cfi_startproc
  62              		@ args = 0, pretend = 0, frame = 0
  63              		@ frame_needed = 0, uses_anonymous_args = 0
  64              		@ link register save eliminated.
  65              	.LVL1:
  66 0000 70B4     		push	{r4, r5, r6}
  67              	.LCFI0:
  68              		.cfi_def_cfa_offset 12
  69              		.loc 1 83 0
  70 0002 002A     		cmp	r2, #0
  71 0004 35D0     		beq	.L2
  72              		.cfi_offset 6, -4
  73              		.cfi_offset 5, -8
  74              		.cfi_offset 4, -12
  75 0006 013A     		subs	r2, r2, #1
  76              	.LVL2:
  77 0008 02F00105 		and	r5, r2, #1
  78              	.LVL3:
  79              	.LBB16:
  80              	.LBB34:
  81              		.loc 1 168 0
  82 000c 2023     		movs	r3, #32
  83              	.LVL4:
  84              	@ 168 "../../../ChibiOS/os/kernel/src/chmempools.c" 1
  85 000e 83F31188 		msr     BASEPRI, r3
  86              	@ 0 "" 2
  87              	.LVL5:
  88              		.thumb
  89              	.LBE34:
  90              	.LBB25:
  91              	.LBB29:
  92              		.loc 1 150 0
  93 0012 0468     		ldr	r4, [r0, #0]
  94              	.LBE29:
  95              	.LBE25:
  96              	.LBB24:
  97              		.loc 1 170 0
  98 0014 0023     		movs	r3, #0
  99              	.LVL6:
 100              	.LBE24:
 101              	.LBB23:
 102              	.LBB30:
 103              		.loc 1 150 0
 104 0016 0C60     		str	r4, [r1, #0]
 105              		.loc 1 151 0
 106 0018 0160     		str	r1, [r0, #0]
 107              	.LBE30:
 108              	.LBE23:
 109              	.LBB22:
ARM GAS  C:\Users\DNIEL~1\AppData\Local\Temp\ccDvWbkc.s 			page 3


 110              		.loc 1 170 0
 111              	@ 170 "../../../ChibiOS/os/kernel/src/chmempools.c" 1
 112 001a 83F31188 		msr     BASEPRI, r3
 113              	@ 0 "" 2
 114              	.LVL7:
 115              		.thumb
 116              	.LBE22:
 117              	.LBE16:
 118              		.loc 1 85 0
 119 001e 4368     		ldr	r3, [r0, #4]
 120              	.LVL8:
 121 0020 C918     		adds	r1, r1, r3
 122              	.LVL9:
 123              		.loc 1 83 0
 124 0022 32B3     		cbz	r2, .L2
 125              	.LVL10:
 126 0024 65B1     		cbz	r5, .L5
 127              	.LVL11:
 128              	.LBB45:
 129              	.LBB35:
 130              		.loc 1 168 0
 131 0026 2023     		movs	r3, #32
 132              	@ 168 "../../../ChibiOS/os/kernel/src/chmempools.c" 1
 133 0028 83F31188 		msr     BASEPRI, r3
 134              	@ 0 "" 2
 135              	.LVL12:
 136              		.thumb
 137              	.LBE35:
 138              	.LBB36:
 139              	.LBB28:
 140              		.loc 1 150 0
 141 002c 0468     		ldr	r4, [r0, #0]
 142              	.LBE28:
 143              	.LBE36:
 144              	.LBB37:
 145              		.loc 1 170 0
 146 002e 0023     		movs	r3, #0
 147              	.LVL13:
 148              	.LBE37:
 149              	.LBB38:
 150              	.LBB31:
 151              		.loc 1 150 0
 152 0030 0C60     		str	r4, [r1, #0]
 153              		.loc 1 151 0
 154 0032 0160     		str	r1, [r0, #0]
 155              	.LBE31:
 156              	.LBE38:
 157              	.LBB39:
 158              		.loc 1 170 0
 159              	@ 170 "../../../ChibiOS/os/kernel/src/chmempools.c" 1
 160 0034 83F31188 		msr     BASEPRI, r3
 161              	@ 0 "" 2
 162              	.LVL14:
 163              		.thumb
 164              	.LBE39:
 165              	.LBE45:
 166              		.loc 1 85 0
ARM GAS  C:\Users\DNIEL~1\AppData\Local\Temp\ccDvWbkc.s 			page 4


 167 0038 4368     		ldr	r3, [r0, #4]
 168              	.LVL15:
 169              		.loc 1 83 0
 170 003a 013A     		subs	r2, r2, #1
 171              		.loc 1 85 0
 172 003c 1944     		add	r1, r1, r3
 173              		.loc 1 83 0
 174 003e 18D0     		beq	.L2
 175              	.LVL16:
 176              	.L5:
 177              	.LBB46:
 178              	.LBB21:
 179              		.loc 1 168 0
 180 0040 2023     		movs	r3, #32
 181              	.LVL17:
 182              	@ 168 "../../../ChibiOS/os/kernel/src/chmempools.c" 1
 183 0042 83F31188 		msr     BASEPRI, r3
 184              	@ 0 "" 2
 185              	.LVL18:
 186              		.thumb
 187              	.LBE21:
 188              	.LBB20:
 189              	.LBB27:
 190              		.loc 1 150 0
 191 0046 0468     		ldr	r4, [r0, #0]
 192              	.LBE27:
 193              	.LBE20:
 194              	.LBB19:
 195              		.loc 1 170 0
 196 0048 0023     		movs	r3, #0
 197              	.LVL19:
 198              	.LBE19:
 199              	.LBB18:
 200              	.LBB32:
 201              		.loc 1 150 0
 202 004a 0C60     		str	r4, [r1, #0]
 203              		.loc 1 151 0
 204 004c 0160     		str	r1, [r0, #0]
 205              	.LBE32:
 206              	.LBE18:
 207              	.LBB17:
 208              		.loc 1 170 0
 209              	@ 170 "../../../ChibiOS/os/kernel/src/chmempools.c" 1
 210 004e 83F31188 		msr     BASEPRI, r3
 211              	@ 0 "" 2
 212              	.LVL20:
 213              		.thumb
 214              	.LBE17:
 215              	.LBE46:
 216              		.loc 1 85 0
 217 0052 4568     		ldr	r5, [r0, #4]
 218              		.loc 1 86 0
 219 0054 013A     		subs	r2, r2, #1
 220              		.loc 1 85 0
 221 0056 4C19     		adds	r4, r1, r5
 222              	.LBB47:
 223              	.LBB40:
ARM GAS  C:\Users\DNIEL~1\AppData\Local\Temp\ccDvWbkc.s 			page 5


 224              		.loc 1 168 0
 225 0058 2023     		movs	r3, #32
 226              	.LVL21:
 227              	@ 168 "../../../ChibiOS/os/kernel/src/chmempools.c" 1
 228 005a 83F31188 		msr     BASEPRI, r3
 229              	@ 0 "" 2
 230              	.LVL22:
 231              		.thumb
 232              	.LBE40:
 233              	.LBB41:
 234              	.LBB26:
 235              		.loc 1 150 0
 236 005e 0668     		ldr	r6, [r0, #0]
 237              	.LBE26:
 238              	.LBE41:
 239              	.LBB42:
 240              		.loc 1 170 0
 241 0060 0023     		movs	r3, #0
 242              	.LVL23:
 243              	.LBE42:
 244              	.LBB43:
 245              	.LBB33:
 246              		.loc 1 150 0
 247 0062 4E51     		str	r6, [r1, r5]
 248              		.loc 1 151 0
 249 0064 0460     		str	r4, [r0, #0]
 250              	.LBE33:
 251              	.LBE43:
 252              	.LBB44:
 253              		.loc 1 170 0
 254              	@ 170 "../../../ChibiOS/os/kernel/src/chmempools.c" 1
 255 0066 83F31188 		msr     BASEPRI, r3
 256              	@ 0 "" 2
 257              	.LVL24:
 258              		.thumb
 259              	.LBE44:
 260              	.LBE47:
 261              		.loc 1 85 0
 262 006a 4168     		ldr	r1, [r0, #4]
 263              		.loc 1 83 0
 264 006c 013A     		subs	r2, r2, #1
 265              		.loc 1 85 0
 266 006e 2144     		add	r1, r4, r1
 267              		.loc 1 83 0
 268 0070 E6D1     		bne	.L5
 269              	.LVL25:
 270              	.L2:
 271              		.loc 1 88 0
 272 0072 70BC     		pop	{r4, r5, r6}
 273 0074 7047     		bx	lr
 274              		.cfi_endproc
 275              	.LFE8:
 276              		.size	chPoolLoadArray, .-chPoolLoadArray
 277 0076 00BFAFF3 		.section	.text.chPoolAllocI,"ax",%progbits
 277      0080AFF3 
 277      0080
 278              		.align	2
ARM GAS  C:\Users\DNIEL~1\AppData\Local\Temp\ccDvWbkc.s 			page 6


 279              		.p2align 4,,15
 280              		.global	chPoolAllocI
 281              		.thumb
 282              		.thumb_func
 283              		.type	chPoolAllocI, %function
 284              	chPoolAllocI:
 285              	.LFB9:
 286              		.loc 1 100 0
 287              		.cfi_startproc
 288              		@ args = 0, pretend = 0, frame = 0
 289              		@ frame_needed = 0, uses_anonymous_args = 0
 290              	.LVL26:
 291 0000 0246     		mov	r2, r0
 292              		.loc 1 106 0
 293 0002 0068     		ldr	r0, [r0, #0]
 294              	.LVL27:
 295              		.loc 1 100 0
 296 0004 08B5     		push	{r3, lr}
 297              	.LCFI1:
 298              		.cfi_def_cfa_offset 8
 299              		.loc 1 106 0
 300 0006 10B1     		cbz	r0, .L14
 301              		.cfi_offset 14, -4
 302              		.cfi_offset 3, -8
 303              		.loc 1 107 0
 304 0008 0368     		ldr	r3, [r0, #0]
 305 000a 1360     		str	r3, [r2, #0]
 306 000c 08BD     		pop	{r3, pc}
 307              	.L14:
 308              		.loc 1 108 0
 309 000e 9368     		ldr	r3, [r2, #8]
 310 0010 0BB1     		cbz	r3, .L15
 311              		.loc 1 109 0
 312 0012 5068     		ldr	r0, [r2, #4]
 313 0014 9847     		blx	r3
 314              	.LVL28:
 315              	.L15:
 316              		.loc 1 111 0
 317 0016 08BD     		pop	{r3, pc}
 318              		.cfi_endproc
 319              	.LFE9:
 320              		.size	chPoolAllocI, .-chPoolAllocI
 321 0018 AFF30080 		.section	.text.chPoolAlloc,"ax",%progbits
 321      AFF30080 
 322              		.align	2
 323              		.p2align 4,,15
 324              		.global	chPoolAlloc
 325              		.thumb
 326              		.thumb_func
 327              		.type	chPoolAlloc, %function
 328              	chPoolAlloc:
 329              	.LFB10:
 330              		.loc 1 123 0
 331              		.cfi_startproc
 332              		@ args = 0, pretend = 0, frame = 0
 333              		@ frame_needed = 0, uses_anonymous_args = 0
 334              	.LVL29:
ARM GAS  C:\Users\DNIEL~1\AppData\Local\Temp\ccDvWbkc.s 			page 7


 335 0000 08B5     		push	{r3, lr}
 336              	.LCFI2:
 337              		.cfi_def_cfa_offset 8
 338              		.loc 1 123 0
 339 0002 0246     		mov	r2, r0
 340              	.LBB48:
 341              		.loc 1 126 0
 342 0004 2023     		movs	r3, #32
 343              		.cfi_offset 14, -4
 344              		.cfi_offset 3, -8
 345              	.LVL30:
 346              	@ 126 "../../../ChibiOS/os/kernel/src/chmempools.c" 1
 347 0006 83F31188 		msr     BASEPRI, r3
 348              	@ 0 "" 2
 349              	.LVL31:
 350              		.thumb
 351              	.LBE48:
 352              	.LBB49:
 353              	.LBB50:
 354              		.loc 1 106 0
 355 000a 0068     		ldr	r0, [r0, #0]
 356              	.LVL32:
 357 000c 28B1     		cbz	r0, .L17
 358              		.loc 1 107 0
 359 000e 0368     		ldr	r3, [r0, #0]
 360              	.LVL33:
 361 0010 1360     		str	r3, [r2, #0]
 362              	.LVL34:
 363              	.L18:
 364              	.LBE50:
 365              	.LBE49:
 366              	.LBB52:
 367              		.loc 1 128 0
 368 0012 0023     		movs	r3, #0
 369              	.LVL35:
 370              	@ 128 "../../../ChibiOS/os/kernel/src/chmempools.c" 1
 371 0014 83F31188 		msr     BASEPRI, r3
 372              	@ 0 "" 2
 373              	.LVL36:
 374              		.thumb
 375              	.LBE52:
 376              		.loc 1 130 0
 377 0018 08BD     		pop	{r3, pc}
 378              	.LVL37:
 379              	.L17:
 380              	.LBB53:
 381              	.LBB51:
 382              		.loc 1 108 0
 383 001a 9368     		ldr	r3, [r2, #8]
 384              	.LVL38:
 385 001c 002B     		cmp	r3, #0
 386 001e F8D0     		beq	.L18
 387              		.loc 1 109 0
 388 0020 5068     		ldr	r0, [r2, #4]
 389 0022 9847     		blx	r3
 390              	.LVL39:
 391              	.LBE51:
ARM GAS  C:\Users\DNIEL~1\AppData\Local\Temp\ccDvWbkc.s 			page 8


 392              	.LBE53:
 393              	.LBB54:
 394              		.loc 1 128 0
 395 0024 0023     		movs	r3, #0
 396              	@ 128 "../../../ChibiOS/os/kernel/src/chmempools.c" 1
 397 0026 83F31188 		msr     BASEPRI, r3
 398              	@ 0 "" 2
 399              	.LVL40:
 400              		.thumb
 401              	.LBE54:
 402              		.loc 1 130 0
 403 002a 08BD     		pop	{r3, pc}
 404              		.cfi_endproc
 405              	.LFE10:
 406              		.size	chPoolAlloc, .-chPoolAlloc
 407 002c AFF30080 		.section	.text.chPoolFreeI,"ax",%progbits
 408              		.align	2
 409              		.p2align 4,,15
 410              		.global	chPoolFreeI
 411              		.thumb
 412              		.thumb_func
 413              		.type	chPoolFreeI, %function
 414              	chPoolFreeI:
 415              	.LFB11:
 416              		.loc 1 144 0
 417              		.cfi_startproc
 418              		@ args = 0, pretend = 0, frame = 0
 419              		@ frame_needed = 0, uses_anonymous_args = 0
 420              		@ link register save eliminated.
 421              	.LVL41:
 422              		.loc 1 150 0
 423 0000 0368     		ldr	r3, [r0, #0]
 424 0002 0B60     		str	r3, [r1, #0]
 425              		.loc 1 151 0
 426 0004 0160     		str	r1, [r0, #0]
 427              		.loc 1 152 0
 428 0006 7047     		bx	lr
 429              		.cfi_endproc
 430              	.LFE11:
 431              		.size	chPoolFreeI, .-chPoolFreeI
 432 0008 AFF30080 		.section	.text.chPoolFree,"ax",%progbits
 432      AFF30080 
 433              		.align	2
 434              		.p2align 4,,15
 435              		.global	chPoolFree
 436              		.thumb
 437              		.thumb_func
 438              		.type	chPoolFree, %function
 439              	chPoolFree:
 440              	.LFB12:
 441              		.loc 1 166 0
 442              		.cfi_startproc
 443              		@ args = 0, pretend = 0, frame = 0
 444              		@ frame_needed = 0, uses_anonymous_args = 0
 445              		@ link register save eliminated.
 446              	.LVL42:
 447              	.LBB55:
ARM GAS  C:\Users\DNIEL~1\AppData\Local\Temp\ccDvWbkc.s 			page 9


 448              		.loc 1 168 0
 449 0000 2023     		movs	r3, #32
 450              	.LVL43:
 451              	@ 168 "../../../ChibiOS/os/kernel/src/chmempools.c" 1
 452 0002 83F31188 		msr     BASEPRI, r3
 453              	@ 0 "" 2
 454              	.LVL44:
 455              		.thumb
 456              	.LBE55:
 457              	.LBB56:
 458              	.LBB57:
 459              		.loc 1 150 0
 460 0006 0268     		ldr	r2, [r0, #0]
 461              	.LBE57:
 462              	.LBE56:
 463              	.LBB59:
 464              		.loc 1 170 0
 465 0008 0023     		movs	r3, #0
 466              	.LVL45:
 467              	.LBE59:
 468              	.LBB60:
 469              	.LBB58:
 470              		.loc 1 150 0
 471 000a 0A60     		str	r2, [r1, #0]
 472              		.loc 1 151 0
 473 000c 0160     		str	r1, [r0, #0]
 474              	.LBE58:
 475              	.LBE60:
 476              	.LBB61:
 477              		.loc 1 170 0
 478              	@ 170 "../../../ChibiOS/os/kernel/src/chmempools.c" 1
 479 000e 83F31188 		msr     BASEPRI, r3
 480              	@ 0 "" 2
 481              	.LVL46:
 482              		.thumb
 483              	.LBE61:
 484              		.loc 1 171 0
 485 0012 7047     		bx	lr
 486              		.cfi_endproc
 487              	.LFE12:
 488              		.size	chPoolFree, .-chPoolFree
 489 0014 AFF30080 		.text
 489      AFF30080 
 489      AFF30080 
 490              	.Letext0:
 491              		.section	.debug_loc,"",%progbits
 492              	.Ldebug_loc0:
 493              	.LLST0:
 494 0000 00000000 		.4byte	.LFB8
 495 0004 02000000 		.4byte	.LCFI0
 496 0008 0200     		.2byte	0x2
 497 000a 7D       		.byte	0x7d
 498 000b 00       		.sleb128 0
 499 000c 02000000 		.4byte	.LCFI0
 500 0010 76000000 		.4byte	.LFE8
 501 0014 0200     		.2byte	0x2
 502 0016 7D       		.byte	0x7d
ARM GAS  C:\Users\DNIEL~1\AppData\Local\Temp\ccDvWbkc.s 			page 10


 503 0017 0C       		.sleb128 12
 504 0018 00000000 		.4byte	0x0
 505 001c 00000000 		.4byte	0x0
 506              	.LLST1:
 507 0020 00000000 		.4byte	.LVL1
 508 0024 24000000 		.4byte	.LVL10
 509 0028 0100     		.2byte	0x1
 510 002a 50       		.byte	0x50
 511 002b 40000000 		.4byte	.LVL16
 512 002f 76000000 		.4byte	.LFE8
 513 0033 0100     		.2byte	0x1
 514 0035 50       		.byte	0x50
 515 0036 00000000 		.4byte	0x0
 516 003a 00000000 		.4byte	0x0
 517              	.LLST2:
 518 003e 00000000 		.4byte	.LVL1
 519 0042 22000000 		.4byte	.LVL9
 520 0046 0100     		.2byte	0x1
 521 0048 51       		.byte	0x51
 522 0049 00000000 		.4byte	0x0
 523 004d 00000000 		.4byte	0x0
 524              	.LLST3:
 525 0051 00000000 		.4byte	.LVL1
 526 0055 08000000 		.4byte	.LVL2
 527 0059 0100     		.2byte	0x1
 528 005b 52       		.byte	0x52
 529 005c 08000000 		.4byte	.LVL2
 530 0060 22000000 		.4byte	.LVL9
 531 0064 0300     		.2byte	0x3
 532 0066 72       		.byte	0x72
 533 0067 01       		.sleb128 1
 534 0068 9F       		.byte	0x9f
 535 0069 00000000 		.4byte	0x0
 536 006d 00000000 		.4byte	0x0
 537              	.LLST4:
 538 0071 0C000000 		.4byte	.LVL3
 539 0075 22000000 		.4byte	.LVL9
 540 0079 0100     		.2byte	0x1
 541 007b 51       		.byte	0x51
 542 007c 22000000 		.4byte	.LVL9
 543 0080 26000000 		.4byte	.LVL11
 544 0084 0200     		.2byte	0x2
 545 0086 70       		.byte	0x70
 546 0087 00       		.sleb128 0
 547 0088 00000000 		.4byte	0x0
 548 008c 00000000 		.4byte	0x0
 549              	.LLST5:
 550 0090 0C000000 		.4byte	.LVL3
 551 0094 72000000 		.4byte	.LVL25
 552 0098 0100     		.2byte	0x1
 553 009a 50       		.byte	0x50
 554 009b 00000000 		.4byte	0x0
 555 009f 00000000 		.4byte	0x0
 556              	.LLST6:
 557 00a3 1E000000 		.4byte	.LVL7
 558 00a7 20000000 		.4byte	.LVL8
 559 00ab 0100     		.2byte	0x1
ARM GAS  C:\Users\DNIEL~1\AppData\Local\Temp\ccDvWbkc.s 			page 11


 560 00ad 53       		.byte	0x53
 561 00ae 38000000 		.4byte	.LVL14
 562 00b2 3A000000 		.4byte	.LVL15
 563 00b6 0100     		.2byte	0x1
 564 00b8 53       		.byte	0x53
 565 00b9 40000000 		.4byte	.LVL16
 566 00bd 42000000 		.4byte	.LVL17
 567 00c1 0100     		.2byte	0x1
 568 00c3 53       		.byte	0x53
 569 00c4 52000000 		.4byte	.LVL20
 570 00c8 5A000000 		.4byte	.LVL21
 571 00cc 0100     		.2byte	0x1
 572 00ce 53       		.byte	0x53
 573 00cf 6A000000 		.4byte	.LVL24
 574 00d3 76000000 		.4byte	.LFE8
 575 00d7 0100     		.2byte	0x1
 576 00d9 53       		.byte	0x53
 577 00da 00000000 		.4byte	0x0
 578 00de 00000000 		.4byte	0x0
 579              	.LLST7:
 580 00e2 12000000 		.4byte	.LVL5
 581 00e6 22000000 		.4byte	.LVL9
 582 00ea 0100     		.2byte	0x1
 583 00ec 51       		.byte	0x51
 584 00ed 22000000 		.4byte	.LVL9
 585 00f1 2C000000 		.4byte	.LVL12
 586 00f5 0200     		.2byte	0x2
 587 00f7 70       		.byte	0x70
 588 00f8 00       		.sleb128 0
 589 00f9 00000000 		.4byte	0x0
 590 00fd 00000000 		.4byte	0x0
 591              	.LLST8:
 592 0101 12000000 		.4byte	.LVL5
 593 0105 72000000 		.4byte	.LVL25
 594 0109 0100     		.2byte	0x1
 595 010b 50       		.byte	0x50
 596 010c 00000000 		.4byte	0x0
 597 0110 00000000 		.4byte	0x0
 598              	.LLST9:
 599 0114 12000000 		.4byte	.LVL5
 600 0118 22000000 		.4byte	.LVL9
 601 011c 0100     		.2byte	0x1
 602 011e 51       		.byte	0x51
 603 011f 22000000 		.4byte	.LVL9
 604 0123 2C000000 		.4byte	.LVL12
 605 0127 0200     		.2byte	0x2
 606 0129 70       		.byte	0x70
 607 012a 00       		.sleb128 0
 608 012b 00000000 		.4byte	0x0
 609 012f 00000000 		.4byte	0x0
 610              	.LLST10:
 611 0133 12000000 		.4byte	.LVL5
 612 0137 16000000 		.4byte	.LVL6
 613 013b 0100     		.2byte	0x1
 614 013d 53       		.byte	0x53
 615 013e 2C000000 		.4byte	.LVL12
 616 0142 30000000 		.4byte	.LVL13
ARM GAS  C:\Users\DNIEL~1\AppData\Local\Temp\ccDvWbkc.s 			page 12


 617 0146 0100     		.2byte	0x1
 618 0148 53       		.byte	0x53
 619 0149 46000000 		.4byte	.LVL18
 620 014d 4A000000 		.4byte	.LVL19
 621 0151 0100     		.2byte	0x1
 622 0153 53       		.byte	0x53
 623 0154 5E000000 		.4byte	.LVL22
 624 0158 62000000 		.4byte	.LVL23
 625 015c 0100     		.2byte	0x1
 626 015e 53       		.byte	0x53
 627 015f 00000000 		.4byte	0x0
 628 0163 00000000 		.4byte	0x0
 629              	.LLST11:
 630 0167 00000000 		.4byte	.LFB9
 631 016b 06000000 		.4byte	.LCFI1
 632 016f 0200     		.2byte	0x2
 633 0171 7D       		.byte	0x7d
 634 0172 00       		.sleb128 0
 635 0173 06000000 		.4byte	.LCFI1
 636 0177 18000000 		.4byte	.LFE9
 637 017b 0200     		.2byte	0x2
 638 017d 7D       		.byte	0x7d
 639 017e 08       		.sleb128 8
 640 017f 00000000 		.4byte	0x0
 641 0183 00000000 		.4byte	0x0
 642              	.LLST12:
 643 0187 00000000 		.4byte	.LVL26
 644 018b 04000000 		.4byte	.LVL27
 645 018f 0100     		.2byte	0x1
 646 0191 50       		.byte	0x50
 647 0192 04000000 		.4byte	.LVL27
 648 0196 15000000 		.4byte	.LVL28-1
 649 019a 0100     		.2byte	0x1
 650 019c 52       		.byte	0x52
 651 019d 00000000 		.4byte	0x0
 652 01a1 00000000 		.4byte	0x0
 653              	.LLST13:
 654 01a5 04000000 		.4byte	.LVL27
 655 01a9 15000000 		.4byte	.LVL28-1
 656 01ad 0200     		.2byte	0x2
 657 01af 72       		.byte	0x72
 658 01b0 00       		.sleb128 0
 659 01b1 16000000 		.4byte	.LVL28
 660 01b5 18000000 		.4byte	.LFE9
 661 01b9 0100     		.2byte	0x1
 662 01bb 50       		.byte	0x50
 663 01bc 00000000 		.4byte	0x0
 664 01c0 00000000 		.4byte	0x0
 665              	.LLST14:
 666 01c4 00000000 		.4byte	.LFB10
 667 01c8 02000000 		.4byte	.LCFI2
 668 01cc 0200     		.2byte	0x2
 669 01ce 7D       		.byte	0x7d
 670 01cf 00       		.sleb128 0
 671 01d0 02000000 		.4byte	.LCFI2
 672 01d4 2C000000 		.4byte	.LFE10
 673 01d8 0200     		.2byte	0x2
ARM GAS  C:\Users\DNIEL~1\AppData\Local\Temp\ccDvWbkc.s 			page 13


 674 01da 7D       		.byte	0x7d
 675 01db 08       		.sleb128 8
 676 01dc 00000000 		.4byte	0x0
 677 01e0 00000000 		.4byte	0x0
 678              	.LLST15:
 679 01e4 00000000 		.4byte	.LVL29
 680 01e8 0C000000 		.4byte	.LVL32
 681 01ec 0100     		.2byte	0x1
 682 01ee 50       		.byte	0x50
 683 01ef 12000000 		.4byte	.LVL34
 684 01f3 1A000000 		.4byte	.LVL37
 685 01f7 0100     		.2byte	0x1
 686 01f9 52       		.byte	0x52
 687 01fa 1A000000 		.4byte	.LVL37
 688 01fe 23000000 		.4byte	.LVL39-1
 689 0202 0100     		.2byte	0x1
 690 0204 52       		.byte	0x52
 691 0205 00000000 		.4byte	0x0
 692 0209 00000000 		.4byte	0x0
 693              	.LLST16:
 694 020d 0A000000 		.4byte	.LVL31
 695 0211 10000000 		.4byte	.LVL33
 696 0215 0100     		.2byte	0x1
 697 0217 53       		.byte	0x53
 698 0218 1A000000 		.4byte	.LVL37
 699 021c 1C000000 		.4byte	.LVL38
 700 0220 0100     		.2byte	0x1
 701 0222 53       		.byte	0x53
 702 0223 00000000 		.4byte	0x0
 703 0227 00000000 		.4byte	0x0
 704              	.LLST17:
 705 022b 0A000000 		.4byte	.LVL31
 706 022f 0C000000 		.4byte	.LVL32
 707 0233 0100     		.2byte	0x1
 708 0235 50       		.byte	0x50
 709 0236 0C000000 		.4byte	.LVL32
 710 023a 23000000 		.4byte	.LVL39-1
 711 023e 0100     		.2byte	0x1
 712 0240 52       		.byte	0x52
 713 0241 00000000 		.4byte	0x0
 714 0245 00000000 		.4byte	0x0
 715              	.LLST18:
 716 0249 0C000000 		.4byte	.LVL32
 717 024d 23000000 		.4byte	.LVL39-1
 718 0251 0200     		.2byte	0x2
 719 0253 72       		.byte	0x72
 720 0254 00       		.sleb128 0
 721 0255 24000000 		.4byte	.LVL39
 722 0259 2C000000 		.4byte	.LFE10
 723 025d 0100     		.2byte	0x1
 724 025f 50       		.byte	0x50
 725 0260 00000000 		.4byte	0x0
 726 0264 00000000 		.4byte	0x0
 727              	.LLST19:
 728 0268 18000000 		.4byte	.LVL36
 729 026c 1A000000 		.4byte	.LVL37
 730 0270 0100     		.2byte	0x1
ARM GAS  C:\Users\DNIEL~1\AppData\Local\Temp\ccDvWbkc.s 			page 14


 731 0272 53       		.byte	0x53
 732 0273 2A000000 		.4byte	.LVL40
 733 0277 2C000000 		.4byte	.LFE10
 734 027b 0100     		.2byte	0x1
 735 027d 53       		.byte	0x53
 736 027e 00000000 		.4byte	0x0
 737 0282 00000000 		.4byte	0x0
 738              	.LLST20:
 739 0286 06000000 		.4byte	.LVL44
 740 028a 0A000000 		.4byte	.LVL45
 741 028e 0100     		.2byte	0x1
 742 0290 53       		.byte	0x53
 743 0291 00000000 		.4byte	0x0
 744 0295 00000000 		.4byte	0x0
 745              	.LLST21:
 746 0299 12000000 		.4byte	.LVL46
 747 029d 14000000 		.4byte	.LFE12
 748 02a1 0100     		.2byte	0x1
 749 02a3 53       		.byte	0x53
 750 02a4 00000000 		.4byte	0x0
 751 02a8 00000000 		.4byte	0x0
 752              		.file 2 "c:\\program files (x86)\\codesourcery\\sourcery g++ lite\\bin\\../lib/gcc/arm-none-eabi/4
 753              		.file 3 "c:\\program files (x86)\\codesourcery\\sourcery g++ lite\\bin\\../lib/gcc/arm-none-eabi/4
 754              		.file 4 "../../../ChibiOS/os/kernel/include/chmemcore.h"
 755              		.file 5 "../../../ChibiOS/os/kernel/include/chmempools.h"
 756              		.section	.debug_info
 757 0000 0C040000 		.4byte	0x40c
 758 0004 0200     		.2byte	0x2
 759 0006 00000000 		.4byte	.Ldebug_abbrev0
 760 000a 04       		.byte	0x4
 761 000b 01       		.uleb128 0x1
 762 000c 07000000 		.4byte	.LASF26
 763 0010 01       		.byte	0x1
 764 0011 E7000000 		.4byte	.LASF27
 765 0015 13010000 		.4byte	.LASF28
 766 0019 00000000 		.4byte	0x0
 767 001d 00000000 		.4byte	0x0
 768 0021 B8010000 		.4byte	.Ldebug_ranges0+0x1b8
 769 0025 00000000 		.4byte	.Ldebug_line0
 770 0029 02       		.uleb128 0x2
 771 002a 04       		.byte	0x4
 772 002b 05       		.byte	0x5
 773 002c 696E7400 		.ascii	"int\000"
 774 0030 03       		.uleb128 0x3
 775 0031 00000000 		.4byte	.LASF2
 776 0035 02       		.byte	0x2
 777 0036 D3       		.byte	0xd3
 778 0037 3B000000 		.4byte	0x3b
 779 003b 04       		.uleb128 0x4
 780 003c 04       		.byte	0x4
 781 003d 07       		.byte	0x7
 782 003e B3000000 		.4byte	.LASF0
 783 0042 04       		.uleb128 0x4
 784 0043 01       		.byte	0x1
 785 0044 06       		.byte	0x6
 786 0045 B6010000 		.4byte	.LASF1
 787 0049 03       		.uleb128 0x3
ARM GAS  C:\Users\DNIEL~1\AppData\Local\Temp\ccDvWbkc.s 			page 15


 788 004a D7000000 		.4byte	.LASF3
 789 004e 03       		.byte	0x3
 790 004f 2A       		.byte	0x2a
 791 0050 54000000 		.4byte	0x54
 792 0054 04       		.uleb128 0x4
 793 0055 01       		.byte	0x1
 794 0056 08       		.byte	0x8
 795 0057 7D000000 		.4byte	.LASF4
 796 005b 04       		.uleb128 0x4
 797 005c 02       		.byte	0x2
 798 005d 05       		.byte	0x5
 799 005e 8E010000 		.4byte	.LASF5
 800 0062 04       		.uleb128 0x4
 801 0063 02       		.byte	0x2
 802 0064 07       		.byte	0x7
 803 0065 55000000 		.4byte	.LASF6
 804 0069 04       		.uleb128 0x4
 805 006a 04       		.byte	0x4
 806 006b 05       		.byte	0x5
 807 006c AD010000 		.4byte	.LASF7
 808 0070 03       		.uleb128 0x3
 809 0071 A4010000 		.4byte	.LASF8
 810 0075 03       		.byte	0x3
 811 0076 50       		.byte	0x50
 812 0077 7B000000 		.4byte	0x7b
 813 007b 04       		.uleb128 0x4
 814 007c 04       		.byte	0x4
 815 007d 07       		.byte	0x7
 816 007e 43000000 		.4byte	.LASF9
 817 0082 04       		.uleb128 0x4
 818 0083 08       		.byte	0x8
 819 0084 05       		.byte	0x5
 820 0085 62010000 		.4byte	.LASF10
 821 0089 04       		.uleb128 0x4
 822 008a 08       		.byte	0x8
 823 008b 07       		.byte	0x7
 824 008c C0000000 		.4byte	.LASF11
 825 0090 05       		.uleb128 0x5
 826 0091 04       		.byte	0x4
 827 0092 03       		.uleb128 0x3
 828 0093 75010000 		.4byte	.LASF12
 829 0097 04       		.byte	0x4
 830 0098 25       		.byte	0x25
 831 0099 9D000000 		.4byte	0x9d
 832 009d 06       		.uleb128 0x6
 833 009e 04       		.byte	0x4
 834 009f A3000000 		.4byte	0xa3
 835 00a3 07       		.uleb128 0x7
 836 00a4 01       		.byte	0x1
 837 00a5 90000000 		.4byte	0x90
 838 00a9 B3000000 		.4byte	0xb3
 839 00ad 08       		.uleb128 0x8
 840 00ae 30000000 		.4byte	0x30
 841 00b2 00       		.byte	0x0
 842 00b3 09       		.uleb128 0x9
 843 00b4 32000000 		.4byte	.LASF29
 844 00b8 04       		.byte	0x4
ARM GAS  C:\Users\DNIEL~1\AppData\Local\Temp\ccDvWbkc.s 			page 16


 845 00b9 05       		.byte	0x5
 846 00ba 25       		.byte	0x25
 847 00bb CE000000 		.4byte	0xce
 848 00bf 0A       		.uleb128 0xa
 849 00c0 DF000000 		.4byte	.LASF13
 850 00c4 05       		.byte	0x5
 851 00c5 26       		.byte	0x26
 852 00c6 CE000000 		.4byte	0xce
 853 00ca 02       		.byte	0x2
 854 00cb 23       		.byte	0x23
 855 00cc 00       		.uleb128 0x0
 856 00cd 00       		.byte	0x0
 857 00ce 06       		.uleb128 0x6
 858 00cf 04       		.byte	0x4
 859 00d0 B3000000 		.4byte	0xb3
 860 00d4 0B       		.uleb128 0xb
 861 00d5 0C       		.byte	0xc
 862 00d6 05       		.byte	0x5
 863 00d7 2D       		.byte	0x2d
 864 00d8 07010000 		.4byte	0x107
 865 00dc 0A       		.uleb128 0xa
 866 00dd C2010000 		.4byte	.LASF14
 867 00e1 05       		.byte	0x5
 868 00e2 2E       		.byte	0x2e
 869 00e3 CE000000 		.4byte	0xce
 870 00e7 02       		.byte	0x2
 871 00e8 23       		.byte	0x23
 872 00e9 00       		.uleb128 0x0
 873 00ea 0A       		.uleb128 0xa
 874 00eb 13000000 		.4byte	.LASF15
 875 00ef 05       		.byte	0x5
 876 00f0 2F       		.byte	0x2f
 877 00f1 30000000 		.4byte	0x30
 878 00f5 02       		.byte	0x2
 879 00f6 23       		.byte	0x23
 880 00f7 04       		.uleb128 0x4
 881 00f8 0A       		.uleb128 0xa
 882 00f9 82010000 		.4byte	.LASF16
 883 00fd 05       		.byte	0x5
 884 00fe 31       		.byte	0x31
 885 00ff 92000000 		.4byte	0x92
 886 0103 02       		.byte	0x2
 887 0104 23       		.byte	0x23
 888 0105 08       		.uleb128 0x8
 889 0106 00       		.byte	0x0
 890 0107 03       		.uleb128 0x3
 891 0108 96000000 		.4byte	.LASF17
 892 010c 05       		.byte	0x5
 893 010d 33       		.byte	0x33
 894 010e D4000000 		.4byte	0xd4
 895 0112 04       		.uleb128 0x4
 896 0113 01       		.byte	0x1
 897 0114 08       		.byte	0x8
 898 0115 70010000 		.4byte	.LASF18
 899 0119 0C       		.uleb128 0xc
 900 011a 01       		.byte	0x1
 901 011b A6000000 		.4byte	.LASF30
ARM GAS  C:\Users\DNIEL~1\AppData\Local\Temp\ccDvWbkc.s 			page 17


 902 011f 01       		.byte	0x1
 903 0120 64       		.byte	0x64
 904 0121 01       		.byte	0x1
 905 0122 90000000 		.4byte	0x90
 906 0126 01       		.byte	0x1
 907 0127 41010000 		.4byte	0x141
 908 012b 0D       		.uleb128 0xd
 909 012c 6D7000   		.ascii	"mp\000"
 910 012f 01       		.byte	0x1
 911 0130 64       		.byte	0x64
 912 0131 41010000 		.4byte	0x141
 913 0135 0E       		.uleb128 0xe
 914 0136 A1000000 		.4byte	.LASF19
 915 013a 01       		.byte	0x1
 916 013b 65       		.byte	0x65
 917 013c 90000000 		.4byte	0x90
 918 0140 00       		.byte	0x0
 919 0141 06       		.uleb128 0x6
 920 0142 04       		.byte	0x4
 921 0143 07010000 		.4byte	0x107
 922 0147 0F       		.uleb128 0xf
 923 0148 01       		.byte	0x1
 924 0149 71000000 		.4byte	.LASF20
 925 014d 01       		.byte	0x1
 926 014e 90       		.byte	0x90
 927 014f 01       		.byte	0x1
 928 0150 01       		.byte	0x1
 929 0151 76010000 		.4byte	0x176
 930 0155 0D       		.uleb128 0xd
 931 0156 6D7000   		.ascii	"mp\000"
 932 0159 01       		.byte	0x1
 933 015a 90       		.byte	0x90
 934 015b 41010000 		.4byte	0x141
 935 015f 10       		.uleb128 0x10
 936 0160 A1000000 		.4byte	.LASF19
 937 0164 01       		.byte	0x1
 938 0165 90       		.byte	0x90
 939 0166 90000000 		.4byte	0x90
 940 016a 11       		.uleb128 0x11
 941 016b 70687000 		.ascii	"php\000"
 942 016f 01       		.byte	0x1
 943 0170 91       		.byte	0x91
 944 0171 CE000000 		.4byte	0xce
 945 0175 00       		.byte	0x0
 946 0176 0F       		.uleb128 0xf
 947 0177 01       		.byte	0x1
 948 0178 8B000000 		.4byte	.LASF21
 949 017c 01       		.byte	0x1
 950 017d A6       		.byte	0xa6
 951 017e 01       		.byte	0x1
 952 017f 01       		.byte	0x1
 953 0180 B8010000 		.4byte	0x1b8
 954 0184 0D       		.uleb128 0xd
 955 0185 6D7000   		.ascii	"mp\000"
 956 0188 01       		.byte	0x1
 957 0189 A6       		.byte	0xa6
 958 018a 41010000 		.4byte	0x141
ARM GAS  C:\Users\DNIEL~1\AppData\Local\Temp\ccDvWbkc.s 			page 18


 959 018e 10       		.uleb128 0x10
 960 018f A1000000 		.4byte	.LASF19
 961 0193 01       		.byte	0x1
 962 0194 A6       		.byte	0xa6
 963 0195 90000000 		.4byte	0x90
 964 0199 12       		.uleb128 0x12
 965 019a AA010000 		.4byte	0x1aa
 966 019e 11       		.uleb128 0x11
 967 019f 746D7000 		.ascii	"tmp\000"
 968 01a3 01       		.byte	0x1
 969 01a4 A8       		.byte	0xa8
 970 01a5 70000000 		.4byte	0x70
 971 01a9 00       		.byte	0x0
 972 01aa 13       		.uleb128 0x13
 973 01ab 11       		.uleb128 0x11
 974 01ac 746D7000 		.ascii	"tmp\000"
 975 01b0 01       		.byte	0x1
 976 01b1 AA       		.byte	0xaa
 977 01b2 70000000 		.4byte	0x70
 978 01b6 00       		.byte	0x0
 979 01b7 00       		.byte	0x0
 980 01b8 14       		.uleb128 0x14
 981 01b9 01       		.byte	0x1
 982 01ba CA010000 		.4byte	.LASF24
 983 01be 01       		.byte	0x1
 984 01bf 39       		.byte	0x39
 985 01c0 01       		.byte	0x1
 986 01c1 00000000 		.4byte	.LFB7
 987 01c5 0A000000 		.4byte	.LFE7
 988 01c9 02       		.byte	0x2
 989 01ca 7D       		.byte	0x7d
 990 01cb 00       		.sleb128 0
 991 01cc F7010000 		.4byte	0x1f7
 992 01d0 15       		.uleb128 0x15
 993 01d1 6D7000   		.ascii	"mp\000"
 994 01d4 01       		.byte	0x1
 995 01d5 39       		.byte	0x39
 996 01d6 41010000 		.4byte	0x141
 997 01da 01       		.byte	0x1
 998 01db 50       		.byte	0x50
 999 01dc 16       		.uleb128 0x16
 1000 01dd 3E000000 		.4byte	.LASF22
 1001 01e1 01       		.byte	0x1
 1002 01e2 39       		.byte	0x39
 1003 01e3 30000000 		.4byte	0x30
 1004 01e7 01       		.byte	0x1
 1005 01e8 51       		.byte	0x51
 1006 01e9 16       		.uleb128 0x16
 1007 01ea 68000000 		.4byte	.LASF23
 1008 01ee 01       		.byte	0x1
 1009 01ef 39       		.byte	0x39
 1010 01f0 92000000 		.4byte	0x92
 1011 01f4 01       		.byte	0x1
 1012 01f5 52       		.byte	0x52
 1013 01f6 00       		.byte	0x0
 1014 01f7 17       		.uleb128 0x17
 1015 01f8 01       		.byte	0x1
ARM GAS  C:\Users\DNIEL~1\AppData\Local\Temp\ccDvWbkc.s 			page 19


 1016 01f9 22000000 		.4byte	.LASF25
 1017 01fd 01       		.byte	0x1
 1018 01fe 4F       		.byte	0x4f
 1019 01ff 01       		.byte	0x1
 1020 0200 00000000 		.4byte	.LFB8
 1021 0204 76000000 		.4byte	.LFE8
 1022 0208 00000000 		.4byte	.LLST0
 1023 020c B2020000 		.4byte	0x2b2
 1024 0210 18       		.uleb128 0x18
 1025 0211 6D7000   		.ascii	"mp\000"
 1026 0214 01       		.byte	0x1
 1027 0215 4F       		.byte	0x4f
 1028 0216 41010000 		.4byte	0x141
 1029 021a 20000000 		.4byte	.LLST1
 1030 021e 18       		.uleb128 0x18
 1031 021f 7000     		.ascii	"p\000"
 1032 0221 01       		.byte	0x1
 1033 0222 4F       		.byte	0x4f
 1034 0223 90000000 		.4byte	0x90
 1035 0227 3E000000 		.4byte	.LLST2
 1036 022b 18       		.uleb128 0x18
 1037 022c 6E00     		.ascii	"n\000"
 1038 022e 01       		.byte	0x1
 1039 022f 4F       		.byte	0x4f
 1040 0230 30000000 		.4byte	0x30
 1041 0234 51000000 		.4byte	.LLST3
 1042 0238 19       		.uleb128 0x19
 1043 0239 76010000 		.4byte	0x176
 1044 023d 0C000000 		.4byte	.LBB16
 1045 0241 00000000 		.4byte	.Ldebug_ranges0+0x0
 1046 0245 01       		.byte	0x1
 1047 0246 54       		.byte	0x54
 1048 0247 1A       		.uleb128 0x1a
 1049 0248 8E010000 		.4byte	0x18e
 1050 024c 71000000 		.4byte	.LLST4
 1051 0250 1A       		.uleb128 0x1a
 1052 0251 84010000 		.4byte	0x184
 1053 0255 90000000 		.4byte	.LLST5
 1054 0259 1B       		.uleb128 0x1b
 1055 025a 28000000 		.4byte	.Ldebug_ranges0+0x28
 1056 025e 6C020000 		.4byte	0x26c
 1057 0262 1C       		.uleb128 0x1c
 1058 0263 AB010000 		.4byte	0x1ab
 1059 0267 A3000000 		.4byte	.LLST6
 1060 026b 00       		.byte	0x0
 1061 026c 1D       		.uleb128 0x1d
 1062 026d 47010000 		.4byte	0x147
 1063 0271 12000000 		.4byte	.LBB25
 1064 0275 70000000 		.4byte	.Ldebug_ranges0+0x70
 1065 0279 01       		.byte	0x1
 1066 027a A9       		.byte	0xa9
 1067 027b A1020000 		.4byte	0x2a1
 1068 027f 1A       		.uleb128 0x1a
 1069 0280 5F010000 		.4byte	0x15f
 1070 0284 E2000000 		.4byte	.LLST7
 1071 0288 1A       		.uleb128 0x1a
 1072 0289 55010000 		.4byte	0x155
ARM GAS  C:\Users\DNIEL~1\AppData\Local\Temp\ccDvWbkc.s 			page 20


 1073 028d 01010000 		.4byte	.LLST8
 1074 0291 1E       		.uleb128 0x1e
 1075 0292 B8000000 		.4byte	.Ldebug_ranges0+0xb8
 1076 0296 1C       		.uleb128 0x1c
 1077 0297 6A010000 		.4byte	0x16a
 1078 029b 14010000 		.4byte	.LLST9
 1079 029f 00       		.byte	0x0
 1080 02a0 00       		.byte	0x0
 1081 02a1 1E       		.uleb128 0x1e
 1082 02a2 00010000 		.4byte	.Ldebug_ranges0+0x100
 1083 02a6 1C       		.uleb128 0x1c
 1084 02a7 9E010000 		.4byte	0x19e
 1085 02ab 33010000 		.4byte	.LLST10
 1086 02af 00       		.byte	0x0
 1087 02b0 00       		.byte	0x0
 1088 02b1 00       		.byte	0x0
 1089 02b2 1F       		.uleb128 0x1f
 1090 02b3 19010000 		.4byte	0x119
 1091 02b7 00000000 		.4byte	.LFB9
 1092 02bb 18000000 		.4byte	.LFE9
 1093 02bf 67010000 		.4byte	.LLST11
 1094 02c3 DA020000 		.4byte	0x2da
 1095 02c7 1A       		.uleb128 0x1a
 1096 02c8 2B010000 		.4byte	0x12b
 1097 02cc 87010000 		.4byte	.LLST12
 1098 02d0 1C       		.uleb128 0x1c
 1099 02d1 35010000 		.4byte	0x135
 1100 02d5 A5010000 		.4byte	.LLST13
 1101 02d9 00       		.byte	0x0
 1102 02da 20       		.uleb128 0x20
 1103 02db 01       		.byte	0x1
 1104 02dc 98010000 		.4byte	.LASF31
 1105 02e0 01       		.byte	0x1
 1106 02e1 7B       		.byte	0x7b
 1107 02e2 01       		.byte	0x1
 1108 02e3 90000000 		.4byte	0x90
 1109 02e7 00000000 		.4byte	.LFB10
 1110 02eb 2C000000 		.4byte	.LFE10
 1111 02ef C4010000 		.4byte	.LLST14
 1112 02f3 71030000 		.4byte	0x371
 1113 02f7 18       		.uleb128 0x18
 1114 02f8 6D7000   		.ascii	"mp\000"
 1115 02fb 01       		.byte	0x1
 1116 02fc 7B       		.byte	0x7b
 1117 02fd 41010000 		.4byte	0x141
 1118 0301 E4010000 		.4byte	.LLST15
 1119 0305 21       		.uleb128 0x21
 1120 0306 A1000000 		.4byte	.LASF19
 1121 030a 01       		.byte	0x1
 1122 030b 7C       		.byte	0x7c
 1123 030c 90000000 		.4byte	0x90
 1124 0310 01       		.byte	0x1
 1125 0311 50       		.byte	0x50
 1126 0312 22       		.uleb128 0x22
 1127 0313 04000000 		.4byte	.LBB48
 1128 0317 0A000000 		.4byte	.LBE48
 1129 031b 2F030000 		.4byte	0x32f
ARM GAS  C:\Users\DNIEL~1\AppData\Local\Temp\ccDvWbkc.s 			page 21


 1130 031f 23       		.uleb128 0x23
 1131 0320 746D7000 		.ascii	"tmp\000"
 1132 0324 01       		.byte	0x1
 1133 0325 7E       		.byte	0x7e
 1134 0326 70000000 		.4byte	0x70
 1135 032a 0D020000 		.4byte	.LLST16
 1136 032e 00       		.byte	0x0
 1137 032f 1D       		.uleb128 0x1d
 1138 0330 19010000 		.4byte	0x119
 1139 0334 0A000000 		.4byte	.LBB49
 1140 0338 28010000 		.4byte	.Ldebug_ranges0+0x128
 1141 033c 01       		.byte	0x1
 1142 033d 7F       		.byte	0x7f
 1143 033e 5B030000 		.4byte	0x35b
 1144 0342 1A       		.uleb128 0x1a
 1145 0343 2B010000 		.4byte	0x12b
 1146 0347 2B020000 		.4byte	.LLST17
 1147 034b 1E       		.uleb128 0x1e
 1148 034c 40010000 		.4byte	.Ldebug_ranges0+0x140
 1149 0350 1C       		.uleb128 0x1c
 1150 0351 35010000 		.4byte	0x135
 1151 0355 49020000 		.4byte	.LLST18
 1152 0359 00       		.byte	0x0
 1153 035a 00       		.byte	0x0
 1154 035b 1E       		.uleb128 0x1e
 1155 035c 58010000 		.4byte	.Ldebug_ranges0+0x158
 1156 0360 23       		.uleb128 0x23
 1157 0361 746D7000 		.ascii	"tmp\000"
 1158 0365 01       		.byte	0x1
 1159 0366 80       		.byte	0x80
 1160 0367 70000000 		.4byte	0x70
 1161 036b 68020000 		.4byte	.LLST19
 1162 036f 00       		.byte	0x0
 1163 0370 00       		.byte	0x0
 1164 0371 24       		.uleb128 0x24
 1165 0372 47010000 		.4byte	0x147
 1166 0376 00000000 		.4byte	.LFB11
 1167 037a 08000000 		.4byte	.LFE11
 1168 037e 02       		.byte	0x2
 1169 037f 7D       		.byte	0x7d
 1170 0380 00       		.sleb128 0
 1171 0381 9B030000 		.4byte	0x39b
 1172 0385 25       		.uleb128 0x25
 1173 0386 55010000 		.4byte	0x155
 1174 038a 01       		.byte	0x1
 1175 038b 50       		.byte	0x50
 1176 038c 25       		.uleb128 0x25
 1177 038d 5F010000 		.4byte	0x15f
 1178 0391 01       		.byte	0x1
 1179 0392 51       		.byte	0x51
 1180 0393 26       		.uleb128 0x26
 1181 0394 6A010000 		.4byte	0x16a
 1182 0398 01       		.byte	0x1
 1183 0399 51       		.byte	0x51
 1184 039a 00       		.byte	0x0
 1185 039b 27       		.uleb128 0x27
 1186 039c 76010000 		.4byte	0x176
ARM GAS  C:\Users\DNIEL~1\AppData\Local\Temp\ccDvWbkc.s 			page 22


 1187 03a0 00000000 		.4byte	.LFB12
 1188 03a4 14000000 		.4byte	.LFE12
 1189 03a8 02       		.byte	0x2
 1190 03a9 7D       		.byte	0x7d
 1191 03aa 00       		.sleb128 0
 1192 03ab 25       		.uleb128 0x25
 1193 03ac 84010000 		.4byte	0x184
 1194 03b0 01       		.byte	0x1
 1195 03b1 50       		.byte	0x50
 1196 03b2 25       		.uleb128 0x25
 1197 03b3 8E010000 		.4byte	0x18e
 1198 03b7 01       		.byte	0x1
 1199 03b8 51       		.byte	0x51
 1200 03b9 22       		.uleb128 0x22
 1201 03ba 00000000 		.4byte	.LBB55
 1202 03be 06000000 		.4byte	.LBE55
 1203 03c2 D0030000 		.4byte	0x3d0
 1204 03c6 1C       		.uleb128 0x1c
 1205 03c7 9E010000 		.4byte	0x19e
 1206 03cb 86020000 		.4byte	.LLST20
 1207 03cf 00       		.byte	0x0
 1208 03d0 1D       		.uleb128 0x1d
 1209 03d1 47010000 		.4byte	0x147
 1210 03d5 06000000 		.4byte	.LBB56
 1211 03d9 70010000 		.4byte	.Ldebug_ranges0+0x170
 1212 03dd 01       		.byte	0x1
 1213 03de A9       		.byte	0xa9
 1214 03df FF030000 		.4byte	0x3ff
 1215 03e3 25       		.uleb128 0x25
 1216 03e4 5F010000 		.4byte	0x15f
 1217 03e8 01       		.byte	0x1
 1218 03e9 51       		.byte	0x51
 1219 03ea 25       		.uleb128 0x25
 1220 03eb 55010000 		.4byte	0x155
 1221 03ef 01       		.byte	0x1
 1222 03f0 50       		.byte	0x50
 1223 03f1 1E       		.uleb128 0x1e
 1224 03f2 88010000 		.4byte	.Ldebug_ranges0+0x188
 1225 03f6 26       		.uleb128 0x26
 1226 03f7 6A010000 		.4byte	0x16a
 1227 03fb 01       		.byte	0x1
 1228 03fc 51       		.byte	0x51
 1229 03fd 00       		.byte	0x0
 1230 03fe 00       		.byte	0x0
 1231 03ff 1E       		.uleb128 0x1e
 1232 0400 A0010000 		.4byte	.Ldebug_ranges0+0x1a0
 1233 0404 1C       		.uleb128 0x1c
 1234 0405 AB010000 		.4byte	0x1ab
 1235 0409 99020000 		.4byte	.LLST21
 1236 040d 00       		.byte	0x0
 1237 040e 00       		.byte	0x0
 1238 040f 00       		.byte	0x0
 1239              		.section	.debug_abbrev
 1240 0000 01       		.uleb128 0x1
 1241 0001 11       		.uleb128 0x11
 1242 0002 01       		.byte	0x1
 1243 0003 25       		.uleb128 0x25
ARM GAS  C:\Users\DNIEL~1\AppData\Local\Temp\ccDvWbkc.s 			page 23


 1244 0004 0E       		.uleb128 0xe
 1245 0005 13       		.uleb128 0x13
 1246 0006 0B       		.uleb128 0xb
 1247 0007 03       		.uleb128 0x3
 1248 0008 0E       		.uleb128 0xe
 1249 0009 1B       		.uleb128 0x1b
 1250 000a 0E       		.uleb128 0xe
 1251 000b 11       		.uleb128 0x11
 1252 000c 01       		.uleb128 0x1
 1253 000d 52       		.uleb128 0x52
 1254 000e 01       		.uleb128 0x1
 1255 000f 55       		.uleb128 0x55
 1256 0010 06       		.uleb128 0x6
 1257 0011 10       		.uleb128 0x10
 1258 0012 06       		.uleb128 0x6
 1259 0013 00       		.byte	0x0
 1260 0014 00       		.byte	0x0
 1261 0015 02       		.uleb128 0x2
 1262 0016 24       		.uleb128 0x24
 1263 0017 00       		.byte	0x0
 1264 0018 0B       		.uleb128 0xb
 1265 0019 0B       		.uleb128 0xb
 1266 001a 3E       		.uleb128 0x3e
 1267 001b 0B       		.uleb128 0xb
 1268 001c 03       		.uleb128 0x3
 1269 001d 08       		.uleb128 0x8
 1270 001e 00       		.byte	0x0
 1271 001f 00       		.byte	0x0
 1272 0020 03       		.uleb128 0x3
 1273 0021 16       		.uleb128 0x16
 1274 0022 00       		.byte	0x0
 1275 0023 03       		.uleb128 0x3
 1276 0024 0E       		.uleb128 0xe
 1277 0025 3A       		.uleb128 0x3a
 1278 0026 0B       		.uleb128 0xb
 1279 0027 3B       		.uleb128 0x3b
 1280 0028 0B       		.uleb128 0xb
 1281 0029 49       		.uleb128 0x49
 1282 002a 13       		.uleb128 0x13
 1283 002b 00       		.byte	0x0
 1284 002c 00       		.byte	0x0
 1285 002d 04       		.uleb128 0x4
 1286 002e 24       		.uleb128 0x24
 1287 002f 00       		.byte	0x0
 1288 0030 0B       		.uleb128 0xb
 1289 0031 0B       		.uleb128 0xb
 1290 0032 3E       		.uleb128 0x3e
 1291 0033 0B       		.uleb128 0xb
 1292 0034 03       		.uleb128 0x3
 1293 0035 0E       		.uleb128 0xe
 1294 0036 00       		.byte	0x0
 1295 0037 00       		.byte	0x0
 1296 0038 05       		.uleb128 0x5
 1297 0039 0F       		.uleb128 0xf
 1298 003a 00       		.byte	0x0
 1299 003b 0B       		.uleb128 0xb
 1300 003c 0B       		.uleb128 0xb
ARM GAS  C:\Users\DNIEL~1\AppData\Local\Temp\ccDvWbkc.s 			page 24


 1301 003d 00       		.byte	0x0
 1302 003e 00       		.byte	0x0
 1303 003f 06       		.uleb128 0x6
 1304 0040 0F       		.uleb128 0xf
 1305 0041 00       		.byte	0x0
 1306 0042 0B       		.uleb128 0xb
 1307 0043 0B       		.uleb128 0xb
 1308 0044 49       		.uleb128 0x49
 1309 0045 13       		.uleb128 0x13
 1310 0046 00       		.byte	0x0
 1311 0047 00       		.byte	0x0
 1312 0048 07       		.uleb128 0x7
 1313 0049 15       		.uleb128 0x15
 1314 004a 01       		.byte	0x1
 1315 004b 27       		.uleb128 0x27
 1316 004c 0C       		.uleb128 0xc
 1317 004d 49       		.uleb128 0x49
 1318 004e 13       		.uleb128 0x13
 1319 004f 01       		.uleb128 0x1
 1320 0050 13       		.uleb128 0x13
 1321 0051 00       		.byte	0x0
 1322 0052 00       		.byte	0x0
 1323 0053 08       		.uleb128 0x8
 1324 0054 05       		.uleb128 0x5
 1325 0055 00       		.byte	0x0
 1326 0056 49       		.uleb128 0x49
 1327 0057 13       		.uleb128 0x13
 1328 0058 00       		.byte	0x0
 1329 0059 00       		.byte	0x0
 1330 005a 09       		.uleb128 0x9
 1331 005b 13       		.uleb128 0x13
 1332 005c 01       		.byte	0x1
 1333 005d 03       		.uleb128 0x3
 1334 005e 0E       		.uleb128 0xe
 1335 005f 0B       		.uleb128 0xb
 1336 0060 0B       		.uleb128 0xb
 1337 0061 3A       		.uleb128 0x3a
 1338 0062 0B       		.uleb128 0xb
 1339 0063 3B       		.uleb128 0x3b
 1340 0064 0B       		.uleb128 0xb
 1341 0065 01       		.uleb128 0x1
 1342 0066 13       		.uleb128 0x13
 1343 0067 00       		.byte	0x0
 1344 0068 00       		.byte	0x0
 1345 0069 0A       		.uleb128 0xa
 1346 006a 0D       		.uleb128 0xd
 1347 006b 00       		.byte	0x0
 1348 006c 03       		.uleb128 0x3
 1349 006d 0E       		.uleb128 0xe
 1350 006e 3A       		.uleb128 0x3a
 1351 006f 0B       		.uleb128 0xb
 1352 0070 3B       		.uleb128 0x3b
 1353 0071 0B       		.uleb128 0xb
 1354 0072 49       		.uleb128 0x49
 1355 0073 13       		.uleb128 0x13
 1356 0074 38       		.uleb128 0x38
 1357 0075 0A       		.uleb128 0xa
ARM GAS  C:\Users\DNIEL~1\AppData\Local\Temp\ccDvWbkc.s 			page 25


 1358 0076 00       		.byte	0x0
 1359 0077 00       		.byte	0x0
 1360 0078 0B       		.uleb128 0xb
 1361 0079 13       		.uleb128 0x13
 1362 007a 01       		.byte	0x1
 1363 007b 0B       		.uleb128 0xb
 1364 007c 0B       		.uleb128 0xb
 1365 007d 3A       		.uleb128 0x3a
 1366 007e 0B       		.uleb128 0xb
 1367 007f 3B       		.uleb128 0x3b
 1368 0080 0B       		.uleb128 0xb
 1369 0081 01       		.uleb128 0x1
 1370 0082 13       		.uleb128 0x13
 1371 0083 00       		.byte	0x0
 1372 0084 00       		.byte	0x0
 1373 0085 0C       		.uleb128 0xc
 1374 0086 2E       		.uleb128 0x2e
 1375 0087 01       		.byte	0x1
 1376 0088 3F       		.uleb128 0x3f
 1377 0089 0C       		.uleb128 0xc
 1378 008a 03       		.uleb128 0x3
 1379 008b 0E       		.uleb128 0xe
 1380 008c 3A       		.uleb128 0x3a
 1381 008d 0B       		.uleb128 0xb
 1382 008e 3B       		.uleb128 0x3b
 1383 008f 0B       		.uleb128 0xb
 1384 0090 27       		.uleb128 0x27
 1385 0091 0C       		.uleb128 0xc
 1386 0092 49       		.uleb128 0x49
 1387 0093 13       		.uleb128 0x13
 1388 0094 20       		.uleb128 0x20
 1389 0095 0B       		.uleb128 0xb
 1390 0096 01       		.uleb128 0x1
 1391 0097 13       		.uleb128 0x13
 1392 0098 00       		.byte	0x0
 1393 0099 00       		.byte	0x0
 1394 009a 0D       		.uleb128 0xd
 1395 009b 05       		.uleb128 0x5
 1396 009c 00       		.byte	0x0
 1397 009d 03       		.uleb128 0x3
 1398 009e 08       		.uleb128 0x8
 1399 009f 3A       		.uleb128 0x3a
 1400 00a0 0B       		.uleb128 0xb
 1401 00a1 3B       		.uleb128 0x3b
 1402 00a2 0B       		.uleb128 0xb
 1403 00a3 49       		.uleb128 0x49
 1404 00a4 13       		.uleb128 0x13
 1405 00a5 00       		.byte	0x0
 1406 00a6 00       		.byte	0x0
 1407 00a7 0E       		.uleb128 0xe
 1408 00a8 34       		.uleb128 0x34
 1409 00a9 00       		.byte	0x0
 1410 00aa 03       		.uleb128 0x3
 1411 00ab 0E       		.uleb128 0xe
 1412 00ac 3A       		.uleb128 0x3a
 1413 00ad 0B       		.uleb128 0xb
 1414 00ae 3B       		.uleb128 0x3b
ARM GAS  C:\Users\DNIEL~1\AppData\Local\Temp\ccDvWbkc.s 			page 26


 1415 00af 0B       		.uleb128 0xb
 1416 00b0 49       		.uleb128 0x49
 1417 00b1 13       		.uleb128 0x13
 1418 00b2 00       		.byte	0x0
 1419 00b3 00       		.byte	0x0
 1420 00b4 0F       		.uleb128 0xf
 1421 00b5 2E       		.uleb128 0x2e
 1422 00b6 01       		.byte	0x1
 1423 00b7 3F       		.uleb128 0x3f
 1424 00b8 0C       		.uleb128 0xc
 1425 00b9 03       		.uleb128 0x3
 1426 00ba 0E       		.uleb128 0xe
 1427 00bb 3A       		.uleb128 0x3a
 1428 00bc 0B       		.uleb128 0xb
 1429 00bd 3B       		.uleb128 0x3b
 1430 00be 0B       		.uleb128 0xb
 1431 00bf 27       		.uleb128 0x27
 1432 00c0 0C       		.uleb128 0xc
 1433 00c1 20       		.uleb128 0x20
 1434 00c2 0B       		.uleb128 0xb
 1435 00c3 01       		.uleb128 0x1
 1436 00c4 13       		.uleb128 0x13
 1437 00c5 00       		.byte	0x0
 1438 00c6 00       		.byte	0x0
 1439 00c7 10       		.uleb128 0x10
 1440 00c8 05       		.uleb128 0x5
 1441 00c9 00       		.byte	0x0
 1442 00ca 03       		.uleb128 0x3
 1443 00cb 0E       		.uleb128 0xe
 1444 00cc 3A       		.uleb128 0x3a
 1445 00cd 0B       		.uleb128 0xb
 1446 00ce 3B       		.uleb128 0x3b
 1447 00cf 0B       		.uleb128 0xb
 1448 00d0 49       		.uleb128 0x49
 1449 00d1 13       		.uleb128 0x13
 1450 00d2 00       		.byte	0x0
 1451 00d3 00       		.byte	0x0
 1452 00d4 11       		.uleb128 0x11
 1453 00d5 34       		.uleb128 0x34
 1454 00d6 00       		.byte	0x0
 1455 00d7 03       		.uleb128 0x3
 1456 00d8 08       		.uleb128 0x8
 1457 00d9 3A       		.uleb128 0x3a
 1458 00da 0B       		.uleb128 0xb
 1459 00db 3B       		.uleb128 0x3b
 1460 00dc 0B       		.uleb128 0xb
 1461 00dd 49       		.uleb128 0x49
 1462 00de 13       		.uleb128 0x13
 1463 00df 00       		.byte	0x0
 1464 00e0 00       		.byte	0x0
 1465 00e1 12       		.uleb128 0x12
 1466 00e2 0B       		.uleb128 0xb
 1467 00e3 01       		.byte	0x1
 1468 00e4 01       		.uleb128 0x1
 1469 00e5 13       		.uleb128 0x13
 1470 00e6 00       		.byte	0x0
 1471 00e7 00       		.byte	0x0
ARM GAS  C:\Users\DNIEL~1\AppData\Local\Temp\ccDvWbkc.s 			page 27


 1472 00e8 13       		.uleb128 0x13
 1473 00e9 0B       		.uleb128 0xb
 1474 00ea 01       		.byte	0x1
 1475 00eb 00       		.byte	0x0
 1476 00ec 00       		.byte	0x0
 1477 00ed 14       		.uleb128 0x14
 1478 00ee 2E       		.uleb128 0x2e
 1479 00ef 01       		.byte	0x1
 1480 00f0 3F       		.uleb128 0x3f
 1481 00f1 0C       		.uleb128 0xc
 1482 00f2 03       		.uleb128 0x3
 1483 00f3 0E       		.uleb128 0xe
 1484 00f4 3A       		.uleb128 0x3a
 1485 00f5 0B       		.uleb128 0xb
 1486 00f6 3B       		.uleb128 0x3b
 1487 00f7 0B       		.uleb128 0xb
 1488 00f8 27       		.uleb128 0x27
 1489 00f9 0C       		.uleb128 0xc
 1490 00fa 11       		.uleb128 0x11
 1491 00fb 01       		.uleb128 0x1
 1492 00fc 12       		.uleb128 0x12
 1493 00fd 01       		.uleb128 0x1
 1494 00fe 40       		.uleb128 0x40
 1495 00ff 0A       		.uleb128 0xa
 1496 0100 01       		.uleb128 0x1
 1497 0101 13       		.uleb128 0x13
 1498 0102 00       		.byte	0x0
 1499 0103 00       		.byte	0x0
 1500 0104 15       		.uleb128 0x15
 1501 0105 05       		.uleb128 0x5
 1502 0106 00       		.byte	0x0
 1503 0107 03       		.uleb128 0x3
 1504 0108 08       		.uleb128 0x8
 1505 0109 3A       		.uleb128 0x3a
 1506 010a 0B       		.uleb128 0xb
 1507 010b 3B       		.uleb128 0x3b
 1508 010c 0B       		.uleb128 0xb
 1509 010d 49       		.uleb128 0x49
 1510 010e 13       		.uleb128 0x13
 1511 010f 02       		.uleb128 0x2
 1512 0110 0A       		.uleb128 0xa
 1513 0111 00       		.byte	0x0
 1514 0112 00       		.byte	0x0
 1515 0113 16       		.uleb128 0x16
 1516 0114 05       		.uleb128 0x5
 1517 0115 00       		.byte	0x0
 1518 0116 03       		.uleb128 0x3
 1519 0117 0E       		.uleb128 0xe
 1520 0118 3A       		.uleb128 0x3a
 1521 0119 0B       		.uleb128 0xb
 1522 011a 3B       		.uleb128 0x3b
 1523 011b 0B       		.uleb128 0xb
 1524 011c 49       		.uleb128 0x49
 1525 011d 13       		.uleb128 0x13
 1526 011e 02       		.uleb128 0x2
 1527 011f 0A       		.uleb128 0xa
 1528 0120 00       		.byte	0x0
ARM GAS  C:\Users\DNIEL~1\AppData\Local\Temp\ccDvWbkc.s 			page 28


 1529 0121 00       		.byte	0x0
 1530 0122 17       		.uleb128 0x17
 1531 0123 2E       		.uleb128 0x2e
 1532 0124 01       		.byte	0x1
 1533 0125 3F       		.uleb128 0x3f
 1534 0126 0C       		.uleb128 0xc
 1535 0127 03       		.uleb128 0x3
 1536 0128 0E       		.uleb128 0xe
 1537 0129 3A       		.uleb128 0x3a
 1538 012a 0B       		.uleb128 0xb
 1539 012b 3B       		.uleb128 0x3b
 1540 012c 0B       		.uleb128 0xb
 1541 012d 27       		.uleb128 0x27
 1542 012e 0C       		.uleb128 0xc
 1543 012f 11       		.uleb128 0x11
 1544 0130 01       		.uleb128 0x1
 1545 0131 12       		.uleb128 0x12
 1546 0132 01       		.uleb128 0x1
 1547 0133 40       		.uleb128 0x40
 1548 0134 06       		.uleb128 0x6
 1549 0135 01       		.uleb128 0x1
 1550 0136 13       		.uleb128 0x13
 1551 0137 00       		.byte	0x0
 1552 0138 00       		.byte	0x0
 1553 0139 18       		.uleb128 0x18
 1554 013a 05       		.uleb128 0x5
 1555 013b 00       		.byte	0x0
 1556 013c 03       		.uleb128 0x3
 1557 013d 08       		.uleb128 0x8
 1558 013e 3A       		.uleb128 0x3a
 1559 013f 0B       		.uleb128 0xb
 1560 0140 3B       		.uleb128 0x3b
 1561 0141 0B       		.uleb128 0xb
 1562 0142 49       		.uleb128 0x49
 1563 0143 13       		.uleb128 0x13
 1564 0144 02       		.uleb128 0x2
 1565 0145 06       		.uleb128 0x6
 1566 0146 00       		.byte	0x0
 1567 0147 00       		.byte	0x0
 1568 0148 19       		.uleb128 0x19
 1569 0149 1D       		.uleb128 0x1d
 1570 014a 01       		.byte	0x1
 1571 014b 31       		.uleb128 0x31
 1572 014c 13       		.uleb128 0x13
 1573 014d 52       		.uleb128 0x52
 1574 014e 01       		.uleb128 0x1
 1575 014f 55       		.uleb128 0x55
 1576 0150 06       		.uleb128 0x6
 1577 0151 58       		.uleb128 0x58
 1578 0152 0B       		.uleb128 0xb
 1579 0153 59       		.uleb128 0x59
 1580 0154 0B       		.uleb128 0xb
 1581 0155 00       		.byte	0x0
 1582 0156 00       		.byte	0x0
 1583 0157 1A       		.uleb128 0x1a
 1584 0158 05       		.uleb128 0x5
 1585 0159 00       		.byte	0x0
ARM GAS  C:\Users\DNIEL~1\AppData\Local\Temp\ccDvWbkc.s 			page 29


 1586 015a 31       		.uleb128 0x31
 1587 015b 13       		.uleb128 0x13
 1588 015c 02       		.uleb128 0x2
 1589 015d 06       		.uleb128 0x6
 1590 015e 00       		.byte	0x0
 1591 015f 00       		.byte	0x0
 1592 0160 1B       		.uleb128 0x1b
 1593 0161 0B       		.uleb128 0xb
 1594 0162 01       		.byte	0x1
 1595 0163 55       		.uleb128 0x55
 1596 0164 06       		.uleb128 0x6
 1597 0165 01       		.uleb128 0x1
 1598 0166 13       		.uleb128 0x13
 1599 0167 00       		.byte	0x0
 1600 0168 00       		.byte	0x0
 1601 0169 1C       		.uleb128 0x1c
 1602 016a 34       		.uleb128 0x34
 1603 016b 00       		.byte	0x0
 1604 016c 31       		.uleb128 0x31
 1605 016d 13       		.uleb128 0x13
 1606 016e 02       		.uleb128 0x2
 1607 016f 06       		.uleb128 0x6
 1608 0170 00       		.byte	0x0
 1609 0171 00       		.byte	0x0
 1610 0172 1D       		.uleb128 0x1d
 1611 0173 1D       		.uleb128 0x1d
 1612 0174 01       		.byte	0x1
 1613 0175 31       		.uleb128 0x31
 1614 0176 13       		.uleb128 0x13
 1615 0177 52       		.uleb128 0x52
 1616 0178 01       		.uleb128 0x1
 1617 0179 55       		.uleb128 0x55
 1618 017a 06       		.uleb128 0x6
 1619 017b 58       		.uleb128 0x58
 1620 017c 0B       		.uleb128 0xb
 1621 017d 59       		.uleb128 0x59
 1622 017e 0B       		.uleb128 0xb
 1623 017f 01       		.uleb128 0x1
 1624 0180 13       		.uleb128 0x13
 1625 0181 00       		.byte	0x0
 1626 0182 00       		.byte	0x0
 1627 0183 1E       		.uleb128 0x1e
 1628 0184 0B       		.uleb128 0xb
 1629 0185 01       		.byte	0x1
 1630 0186 55       		.uleb128 0x55
 1631 0187 06       		.uleb128 0x6
 1632 0188 00       		.byte	0x0
 1633 0189 00       		.byte	0x0
 1634 018a 1F       		.uleb128 0x1f
 1635 018b 2E       		.uleb128 0x2e
 1636 018c 01       		.byte	0x1
 1637 018d 31       		.uleb128 0x31
 1638 018e 13       		.uleb128 0x13
 1639 018f 11       		.uleb128 0x11
 1640 0190 01       		.uleb128 0x1
 1641 0191 12       		.uleb128 0x12
 1642 0192 01       		.uleb128 0x1
ARM GAS  C:\Users\DNIEL~1\AppData\Local\Temp\ccDvWbkc.s 			page 30


 1643 0193 40       		.uleb128 0x40
 1644 0194 06       		.uleb128 0x6
 1645 0195 01       		.uleb128 0x1
 1646 0196 13       		.uleb128 0x13
 1647 0197 00       		.byte	0x0
 1648 0198 00       		.byte	0x0
 1649 0199 20       		.uleb128 0x20
 1650 019a 2E       		.uleb128 0x2e
 1651 019b 01       		.byte	0x1
 1652 019c 3F       		.uleb128 0x3f
 1653 019d 0C       		.uleb128 0xc
 1654 019e 03       		.uleb128 0x3
 1655 019f 0E       		.uleb128 0xe
 1656 01a0 3A       		.uleb128 0x3a
 1657 01a1 0B       		.uleb128 0xb
 1658 01a2 3B       		.uleb128 0x3b
 1659 01a3 0B       		.uleb128 0xb
 1660 01a4 27       		.uleb128 0x27
 1661 01a5 0C       		.uleb128 0xc
 1662 01a6 49       		.uleb128 0x49
 1663 01a7 13       		.uleb128 0x13
 1664 01a8 11       		.uleb128 0x11
 1665 01a9 01       		.uleb128 0x1
 1666 01aa 12       		.uleb128 0x12
 1667 01ab 01       		.uleb128 0x1
 1668 01ac 40       		.uleb128 0x40
 1669 01ad 06       		.uleb128 0x6
 1670 01ae 01       		.uleb128 0x1
 1671 01af 13       		.uleb128 0x13
 1672 01b0 00       		.byte	0x0
 1673 01b1 00       		.byte	0x0
 1674 01b2 21       		.uleb128 0x21
 1675 01b3 34       		.uleb128 0x34
 1676 01b4 00       		.byte	0x0
 1677 01b5 03       		.uleb128 0x3
 1678 01b6 0E       		.uleb128 0xe
 1679 01b7 3A       		.uleb128 0x3a
 1680 01b8 0B       		.uleb128 0xb
 1681 01b9 3B       		.uleb128 0x3b
 1682 01ba 0B       		.uleb128 0xb
 1683 01bb 49       		.uleb128 0x49
 1684 01bc 13       		.uleb128 0x13
 1685 01bd 02       		.uleb128 0x2
 1686 01be 0A       		.uleb128 0xa
 1687 01bf 00       		.byte	0x0
 1688 01c0 00       		.byte	0x0
 1689 01c1 22       		.uleb128 0x22
 1690 01c2 0B       		.uleb128 0xb
 1691 01c3 01       		.byte	0x1
 1692 01c4 11       		.uleb128 0x11
 1693 01c5 01       		.uleb128 0x1
 1694 01c6 12       		.uleb128 0x12
 1695 01c7 01       		.uleb128 0x1
 1696 01c8 01       		.uleb128 0x1
 1697 01c9 13       		.uleb128 0x13
 1698 01ca 00       		.byte	0x0
 1699 01cb 00       		.byte	0x0
ARM GAS  C:\Users\DNIEL~1\AppData\Local\Temp\ccDvWbkc.s 			page 31


 1700 01cc 23       		.uleb128 0x23
 1701 01cd 34       		.uleb128 0x34
 1702 01ce 00       		.byte	0x0
 1703 01cf 03       		.uleb128 0x3
 1704 01d0 08       		.uleb128 0x8
 1705 01d1 3A       		.uleb128 0x3a
 1706 01d2 0B       		.uleb128 0xb
 1707 01d3 3B       		.uleb128 0x3b
 1708 01d4 0B       		.uleb128 0xb
 1709 01d5 49       		.uleb128 0x49
 1710 01d6 13       		.uleb128 0x13
 1711 01d7 02       		.uleb128 0x2
 1712 01d8 06       		.uleb128 0x6
 1713 01d9 00       		.byte	0x0
 1714 01da 00       		.byte	0x0
 1715 01db 24       		.uleb128 0x24
 1716 01dc 2E       		.uleb128 0x2e
 1717 01dd 01       		.byte	0x1
 1718 01de 31       		.uleb128 0x31
 1719 01df 13       		.uleb128 0x13
 1720 01e0 11       		.uleb128 0x11
 1721 01e1 01       		.uleb128 0x1
 1722 01e2 12       		.uleb128 0x12
 1723 01e3 01       		.uleb128 0x1
 1724 01e4 40       		.uleb128 0x40
 1725 01e5 0A       		.uleb128 0xa
 1726 01e6 01       		.uleb128 0x1
 1727 01e7 13       		.uleb128 0x13
 1728 01e8 00       		.byte	0x0
 1729 01e9 00       		.byte	0x0
 1730 01ea 25       		.uleb128 0x25
 1731 01eb 05       		.uleb128 0x5
 1732 01ec 00       		.byte	0x0
 1733 01ed 31       		.uleb128 0x31
 1734 01ee 13       		.uleb128 0x13
 1735 01ef 02       		.uleb128 0x2
 1736 01f0 0A       		.uleb128 0xa
 1737 01f1 00       		.byte	0x0
 1738 01f2 00       		.byte	0x0
 1739 01f3 26       		.uleb128 0x26
 1740 01f4 34       		.uleb128 0x34
 1741 01f5 00       		.byte	0x0
 1742 01f6 31       		.uleb128 0x31
 1743 01f7 13       		.uleb128 0x13
 1744 01f8 02       		.uleb128 0x2
 1745 01f9 0A       		.uleb128 0xa
 1746 01fa 00       		.byte	0x0
 1747 01fb 00       		.byte	0x0
 1748 01fc 27       		.uleb128 0x27
 1749 01fd 2E       		.uleb128 0x2e
 1750 01fe 01       		.byte	0x1
 1751 01ff 31       		.uleb128 0x31
 1752 0200 13       		.uleb128 0x13
 1753 0201 11       		.uleb128 0x11
 1754 0202 01       		.uleb128 0x1
 1755 0203 12       		.uleb128 0x12
 1756 0204 01       		.uleb128 0x1
ARM GAS  C:\Users\DNIEL~1\AppData\Local\Temp\ccDvWbkc.s 			page 32


 1757 0205 40       		.uleb128 0x40
 1758 0206 0A       		.uleb128 0xa
 1759 0207 00       		.byte	0x0
 1760 0208 00       		.byte	0x0
 1761 0209 00       		.byte	0x0
 1762              		.section	.debug_pubnames,"",%progbits
 1763 0000 71000000 		.4byte	0x71
 1764 0004 0200     		.2byte	0x2
 1765 0006 00000000 		.4byte	.Ldebug_info0
 1766 000a 10040000 		.4byte	0x410
 1767 000e B8010000 		.4byte	0x1b8
 1768 0012 6368506F 		.ascii	"chPoolInit\000"
 1768      6F6C496E 
 1768      697400
 1769 001d F7010000 		.4byte	0x1f7
 1770 0021 6368506F 		.ascii	"chPoolLoadArray\000"
 1770      6F6C4C6F 
 1770      61644172 
 1770      72617900 
 1771 0031 B2020000 		.4byte	0x2b2
 1772 0035 6368506F 		.ascii	"chPoolAllocI\000"
 1772      6F6C416C 
 1772      6C6F6349 
 1772      00
 1773 0042 DA020000 		.4byte	0x2da
 1774 0046 6368506F 		.ascii	"chPoolAlloc\000"
 1774      6F6C416C 
 1774      6C6F6300 
 1775 0052 71030000 		.4byte	0x371
 1776 0056 6368506F 		.ascii	"chPoolFreeI\000"
 1776      6F6C4672 
 1776      65654900 
 1777 0062 9B030000 		.4byte	0x39b
 1778 0066 6368506F 		.ascii	"chPoolFree\000"
 1778      6F6C4672 
 1778      656500
 1779 0071 00000000 		.4byte	0x0
 1780              		.section	.debug_pubtypes,"",%progbits
 1781 0000 62000000 		.4byte	0x62
 1782 0004 0200     		.2byte	0x2
 1783 0006 00000000 		.4byte	.Ldebug_info0
 1784 000a 10040000 		.4byte	0x410
 1785 000e 30000000 		.4byte	0x30
 1786 0012 73697A65 		.ascii	"size_t\000"
 1786      5F7400
 1787 0019 49000000 		.4byte	0x49
 1788 001d 75696E74 		.ascii	"uint8_t\000"
 1788      385F7400 
 1789 0025 70000000 		.4byte	0x70
 1790 0029 75696E74 		.ascii	"uint32_t\000"
 1790      33325F74 
 1790      00
 1791 0032 92000000 		.4byte	0x92
 1792 0036 6D656D67 		.ascii	"memgetfunc_t\000"
 1792      65746675 
 1792      6E635F74 
 1792      00
ARM GAS  C:\Users\DNIEL~1\AppData\Local\Temp\ccDvWbkc.s 			page 33


 1793 0043 B3000000 		.4byte	0xb3
 1794 0047 706F6F6C 		.ascii	"pool_header\000"
 1794      5F686561 
 1794      64657200 
 1795 0053 07010000 		.4byte	0x107
 1796 0057 4D656D6F 		.ascii	"MemoryPool\000"
 1796      7279506F 
 1796      6F6C00
 1797 0062 00000000 		.4byte	0x0
 1798              		.section	.debug_aranges,"",%progbits
 1799 0000 44000000 		.4byte	0x44
 1800 0004 0200     		.2byte	0x2
 1801 0006 00000000 		.4byte	.Ldebug_info0
 1802 000a 04       		.byte	0x4
 1803 000b 00       		.byte	0x0
 1804 000c 0000     		.2byte	0x0
 1805 000e 0000     		.2byte	0x0
 1806 0010 00000000 		.4byte	.LFB7
 1807 0014 0A000000 		.4byte	.LFE7-.LFB7
 1808 0018 00000000 		.4byte	.LFB8
 1809 001c 76000000 		.4byte	.LFE8-.LFB8
 1810 0020 00000000 		.4byte	.LFB9
 1811 0024 18000000 		.4byte	.LFE9-.LFB9
 1812 0028 00000000 		.4byte	.LFB10
 1813 002c 2C000000 		.4byte	.LFE10-.LFB10
 1814 0030 00000000 		.4byte	.LFB11
 1815 0034 08000000 		.4byte	.LFE11-.LFB11
 1816 0038 00000000 		.4byte	.LFB12
 1817 003c 14000000 		.4byte	.LFE12-.LFB12
 1818 0040 00000000 		.4byte	0x0
 1819 0044 00000000 		.4byte	0x0
 1820              		.section	.debug_ranges,"",%progbits
 1821              	.Ldebug_ranges0:
 1822 0000 0C000000 		.4byte	.LBB16
 1823 0004 1E000000 		.4byte	.LBE16
 1824 0008 58000000 		.4byte	.LBB47
 1825 000c 6A000000 		.4byte	.LBE47
 1826 0010 40000000 		.4byte	.LBB46
 1827 0014 52000000 		.4byte	.LBE46
 1828 0018 26000000 		.4byte	.LBB45
 1829 001c 38000000 		.4byte	.LBE45
 1830 0020 00000000 		.4byte	0x0
 1831 0024 00000000 		.4byte	0x0
 1832 0028 14000000 		.4byte	.LBB24
 1833 002c 16000000 		.4byte	.LBE24
 1834 0030 66000000 		.4byte	.LBB44
 1835 0034 6A000000 		.4byte	.LBE44
 1836 0038 60000000 		.4byte	.LBB42
 1837 003c 62000000 		.4byte	.LBE42
 1838 0040 4E000000 		.4byte	.LBB17
 1839 0044 52000000 		.4byte	.LBE17
 1840 0048 48000000 		.4byte	.LBB19
 1841 004c 4A000000 		.4byte	.LBE19
 1842 0050 34000000 		.4byte	.LBB39
 1843 0054 38000000 		.4byte	.LBE39
 1844 0058 2E000000 		.4byte	.LBB37
 1845 005c 30000000 		.4byte	.LBE37
ARM GAS  C:\Users\DNIEL~1\AppData\Local\Temp\ccDvWbkc.s 			page 34


 1846 0060 1A000000 		.4byte	.LBB22
 1847 0064 1E000000 		.4byte	.LBE22
 1848 0068 00000000 		.4byte	0x0
 1849 006c 00000000 		.4byte	0x0
 1850 0070 12000000 		.4byte	.LBB25
 1851 0074 14000000 		.4byte	.LBE25
 1852 0078 62000000 		.4byte	.LBB43
 1853 007c 66000000 		.4byte	.LBE43
 1854 0080 5E000000 		.4byte	.LBB41
 1855 0084 60000000 		.4byte	.LBE41
 1856 0088 4A000000 		.4byte	.LBB18
 1857 008c 4E000000 		.4byte	.LBE18
 1858 0090 46000000 		.4byte	.LBB20
 1859 0094 48000000 		.4byte	.LBE20
 1860 0098 30000000 		.4byte	.LBB38
 1861 009c 34000000 		.4byte	.LBE38
 1862 00a0 2C000000 		.4byte	.LBB36
 1863 00a4 2E000000 		.4byte	.LBE36
 1864 00a8 16000000 		.4byte	.LBB23
 1865 00ac 1A000000 		.4byte	.LBE23
 1866 00b0 00000000 		.4byte	0x0
 1867 00b4 00000000 		.4byte	0x0
 1868 00b8 12000000 		.4byte	.LBB29
 1869 00bc 14000000 		.4byte	.LBE29
 1870 00c0 62000000 		.4byte	.LBB33
 1871 00c4 66000000 		.4byte	.LBE33
 1872 00c8 5E000000 		.4byte	.LBB26
 1873 00cc 60000000 		.4byte	.LBE26
 1874 00d0 4A000000 		.4byte	.LBB32
 1875 00d4 4E000000 		.4byte	.LBE32
 1876 00d8 46000000 		.4byte	.LBB27
 1877 00dc 48000000 		.4byte	.LBE27
 1878 00e0 30000000 		.4byte	.LBB31
 1879 00e4 34000000 		.4byte	.LBE31
 1880 00e8 2C000000 		.4byte	.LBB28
 1881 00ec 2E000000 		.4byte	.LBE28
 1882 00f0 16000000 		.4byte	.LBB30
 1883 00f4 1A000000 		.4byte	.LBE30
 1884 00f8 00000000 		.4byte	0x0
 1885 00fc 00000000 		.4byte	0x0
 1886 0100 0C000000 		.4byte	.LBB34
 1887 0104 12000000 		.4byte	.LBE34
 1888 0108 58000000 		.4byte	.LBB40
 1889 010c 5E000000 		.4byte	.LBE40
 1890 0110 40000000 		.4byte	.LBB21
 1891 0114 46000000 		.4byte	.LBE21
 1892 0118 26000000 		.4byte	.LBB35
 1893 011c 2C000000 		.4byte	.LBE35
 1894 0120 00000000 		.4byte	0x0
 1895 0124 00000000 		.4byte	0x0
 1896 0128 0A000000 		.4byte	.LBB49
 1897 012c 12000000 		.4byte	.LBE49
 1898 0130 1A000000 		.4byte	.LBB53
 1899 0134 24000000 		.4byte	.LBE53
 1900 0138 00000000 		.4byte	0x0
 1901 013c 00000000 		.4byte	0x0
 1902 0140 0A000000 		.4byte	.LBB50
ARM GAS  C:\Users\DNIEL~1\AppData\Local\Temp\ccDvWbkc.s 			page 35


 1903 0144 12000000 		.4byte	.LBE50
 1904 0148 1A000000 		.4byte	.LBB51
 1905 014c 24000000 		.4byte	.LBE51
 1906 0150 00000000 		.4byte	0x0
 1907 0154 00000000 		.4byte	0x0
 1908 0158 12000000 		.4byte	.LBB52
 1909 015c 18000000 		.4byte	.LBE52
 1910 0160 24000000 		.4byte	.LBB54
 1911 0164 2A000000 		.4byte	.LBE54
 1912 0168 00000000 		.4byte	0x0
 1913 016c 00000000 		.4byte	0x0
 1914 0170 06000000 		.4byte	.LBB56
 1915 0174 08000000 		.4byte	.LBE56
 1916 0178 0A000000 		.4byte	.LBB60
 1917 017c 0E000000 		.4byte	.LBE60
 1918 0180 00000000 		.4byte	0x0
 1919 0184 00000000 		.4byte	0x0
 1920 0188 06000000 		.4byte	.LBB57
 1921 018c 08000000 		.4byte	.LBE57
 1922 0190 0A000000 		.4byte	.LBB58
 1923 0194 0E000000 		.4byte	.LBE58
 1924 0198 00000000 		.4byte	0x0
 1925 019c 00000000 		.4byte	0x0
 1926 01a0 08000000 		.4byte	.LBB59
 1927 01a4 0A000000 		.4byte	.LBE59
 1928 01a8 0E000000 		.4byte	.LBB61
 1929 01ac 12000000 		.4byte	.LBE61
 1930 01b0 00000000 		.4byte	0x0
 1931 01b4 00000000 		.4byte	0x0
 1932 01b8 00000000 		.4byte	.LFB7
 1933 01bc 0A000000 		.4byte	.LFE7
 1934 01c0 00000000 		.4byte	.LFB8
 1935 01c4 76000000 		.4byte	.LFE8
 1936 01c8 00000000 		.4byte	.LFB9
 1937 01cc 18000000 		.4byte	.LFE9
 1938 01d0 00000000 		.4byte	.LFB10
 1939 01d4 2C000000 		.4byte	.LFE10
 1940 01d8 00000000 		.4byte	.LFB11
 1941 01dc 08000000 		.4byte	.LFE11
 1942 01e0 00000000 		.4byte	.LFB12
 1943 01e4 14000000 		.4byte	.LFE12
 1944 01e8 00000000 		.4byte	0x0
 1945 01ec 00000000 		.4byte	0x0
 1946              		.section	.debug_str,"MS",%progbits,1
 1947              	.LASF2:
 1948 0000 73697A65 		.ascii	"size_t\000"
 1948      5F7400
 1949              	.LASF26:
 1950 0007 474E5520 		.ascii	"GNU C 4.5.2\000"
 1950      4320342E 
 1950      352E3200 
 1951              	.LASF15:
 1952 0013 6D705F6F 		.ascii	"mp_object_size\000"
 1952      626A6563 
 1952      745F7369 
 1952      7A6500
 1953              	.LASF25:
ARM GAS  C:\Users\DNIEL~1\AppData\Local\Temp\ccDvWbkc.s 			page 36


 1954 0022 6368506F 		.ascii	"chPoolLoadArray\000"
 1954      6F6C4C6F 
 1954      61644172 
 1954      72617900 
 1955              	.LASF29:
 1956 0032 706F6F6C 		.ascii	"pool_header\000"
 1956      5F686561 
 1956      64657200 
 1957              	.LASF22:
 1958 003e 73697A65 		.ascii	"size\000"
 1958      00
 1959              	.LASF9:
 1960 0043 6C6F6E67 		.ascii	"long unsigned int\000"
 1960      20756E73 
 1960      69676E65 
 1960      6420696E 
 1960      7400
 1961              	.LASF6:
 1962 0055 73686F72 		.ascii	"short unsigned int\000"
 1962      7420756E 
 1962      7369676E 
 1962      65642069 
 1962      6E7400
 1963              	.LASF23:
 1964 0068 70726F76 		.ascii	"provider\000"
 1964      69646572 
 1964      00
 1965              	.LASF20:
 1966 0071 6368506F 		.ascii	"chPoolFreeI\000"
 1966      6F6C4672 
 1966      65654900 
 1967              	.LASF4:
 1968 007d 756E7369 		.ascii	"unsigned char\000"
 1968      676E6564 
 1968      20636861 
 1968      7200
 1969              	.LASF21:
 1970 008b 6368506F 		.ascii	"chPoolFree\000"
 1970      6F6C4672 
 1970      656500
 1971              	.LASF17:
 1972 0096 4D656D6F 		.ascii	"MemoryPool\000"
 1972      7279506F 
 1972      6F6C00
 1973              	.LASF19:
 1974 00a1 6F626A70 		.ascii	"objp\000"
 1974      00
 1975              	.LASF30:
 1976 00a6 6368506F 		.ascii	"chPoolAllocI\000"
 1976      6F6C416C 
 1976      6C6F6349 
 1976      00
 1977              	.LASF0:
 1978 00b3 756E7369 		.ascii	"unsigned int\000"
 1978      676E6564 
 1978      20696E74 
 1978      00
ARM GAS  C:\Users\DNIEL~1\AppData\Local\Temp\ccDvWbkc.s 			page 37


 1979              	.LASF11:
 1980 00c0 6C6F6E67 		.ascii	"long long unsigned int\000"
 1980      206C6F6E 
 1980      6720756E 
 1980      7369676E 
 1980      65642069 
 1981              	.LASF3:
 1982 00d7 75696E74 		.ascii	"uint8_t\000"
 1982      385F7400 
 1983              	.LASF13:
 1984 00df 70685F6E 		.ascii	"ph_next\000"
 1984      65787400 
 1985              	.LASF27:
 1986 00e7 2E2E2F2E 		.ascii	"../../../ChibiOS/os/kernel/src/chmempools.c\000"
 1986      2E2F2E2E 
 1986      2F436869 
 1986      62694F53 
 1986      2F6F732F 
 1987              	.LASF28:
 1988 0113 433A5C55 		.ascii	"C:\\Users\\D\341niel\\Dropbox\\Solar Racing\\Szoftv"
 1988      73657273 
 1988      5C44E16E 
 1988      69656C5C 
 1988      44726F70 
 1989 013e 65725C53 		.ascii	"er\\Smarty\\Smarty_v6\\smarty\\firmware\000"
 1989      6D617274 
 1989      795C536D 
 1989      61727479 
 1989      5F76365C 
 1990              	.LASF10:
 1991 0162 6C6F6E67 		.ascii	"long long int\000"
 1991      206C6F6E 
 1991      6720696E 
 1991      7400
 1992              	.LASF18:
 1993 0170 63686172 		.ascii	"char\000"
 1993      00
 1994              	.LASF12:
 1995 0175 6D656D67 		.ascii	"memgetfunc_t\000"
 1995      65746675 
 1995      6E635F74 
 1995      00
 1996              	.LASF16:
 1997 0182 6D705F70 		.ascii	"mp_provider\000"
 1997      726F7669 
 1997      64657200 
 1998              	.LASF5:
 1999 018e 73686F72 		.ascii	"short int\000"
 1999      7420696E 
 1999      7400
 2000              	.LASF31:
 2001 0198 6368506F 		.ascii	"chPoolAlloc\000"
 2001      6F6C416C 
 2001      6C6F6300 
 2002              	.LASF8:
 2003 01a4 75696E74 		.ascii	"uint32_t\000"
 2003      33325F74 
ARM GAS  C:\Users\DNIEL~1\AppData\Local\Temp\ccDvWbkc.s 			page 38


 2003      00
 2004              	.LASF7:
 2005 01ad 6C6F6E67 		.ascii	"long int\000"
 2005      20696E74 
 2005      00
 2006              	.LASF1:
 2007 01b6 7369676E 		.ascii	"signed char\000"
 2007      65642063 
 2007      68617200 
 2008              	.LASF14:
 2009 01c2 6D705F6E 		.ascii	"mp_next\000"
 2009      65787400 
 2010              	.LASF24:
 2011 01ca 6368506F 		.ascii	"chPoolInit\000"
 2011      6F6C496E 
 2011      697400
 2012              		.ident	"GCC: (Sourcery G++ Lite 2011.03-42) 4.5.2"
ARM GAS  C:\Users\DNIEL~1\AppData\Local\Temp\ccDvWbkc.s 			page 39


DEFINED SYMBOLS
                            *ABS*:00000000 chmempools.c
C:\Users\DNIEL~1\AppData\Local\Temp\ccDvWbkc.s:24     .text.chPoolInit:00000000 $t
C:\Users\DNIEL~1\AppData\Local\Temp\ccDvWbkc.s:30     .text.chPoolInit:00000000 chPoolInit
C:\Users\DNIEL~1\AppData\Local\Temp\ccDvWbkc.s:52     .text.chPoolLoadArray:00000000 $t
C:\Users\DNIEL~1\AppData\Local\Temp\ccDvWbkc.s:58     .text.chPoolLoadArray:00000000 chPoolLoadArray
C:\Users\DNIEL~1\AppData\Local\Temp\ccDvWbkc.s:278    .text.chPoolAllocI:00000000 $t
C:\Users\DNIEL~1\AppData\Local\Temp\ccDvWbkc.s:284    .text.chPoolAllocI:00000000 chPoolAllocI
C:\Users\DNIEL~1\AppData\Local\Temp\ccDvWbkc.s:322    .text.chPoolAlloc:00000000 $t
C:\Users\DNIEL~1\AppData\Local\Temp\ccDvWbkc.s:328    .text.chPoolAlloc:00000000 chPoolAlloc
C:\Users\DNIEL~1\AppData\Local\Temp\ccDvWbkc.s:408    .text.chPoolFreeI:00000000 $t
C:\Users\DNIEL~1\AppData\Local\Temp\ccDvWbkc.s:414    .text.chPoolFreeI:00000000 chPoolFreeI
C:\Users\DNIEL~1\AppData\Local\Temp\ccDvWbkc.s:433    .text.chPoolFree:00000000 $t
C:\Users\DNIEL~1\AppData\Local\Temp\ccDvWbkc.s:439    .text.chPoolFree:00000000 chPoolFree
                     .debug_frame:00000010 $d

NO UNDEFINED SYMBOLS
