ARM GAS  C:\Users\DNIEL~1\AppData\Local\Temp\cc0eYSBd.s 			page 1


   1              		.syntax unified
   2              		.cpu cortex-m4
   3              		.fpu softvfp
   4              		.eabi_attribute 20, 1
   5              		.eabi_attribute 21, 1
   6              		.eabi_attribute 23, 3
   7              		.eabi_attribute 24, 1
   8              		.eabi_attribute 25, 1
   9              		.eabi_attribute 26, 1
  10              		.eabi_attribute 30, 2
  11              		.eabi_attribute 34, 1
  12              		.eabi_attribute 18, 4
  13              		.thumb
  14              		.file	"chmemcore.c"
  15              		.text
  16              	.Ltext0:
  17              		.cfi_sections	.debug_frame
  18              		.section	.text._core_init,"ax",%progbits
  19              		.align	2
  20              		.p2align 4,,15
  21              		.global	_core_init
  22              		.thumb
  23              		.thumb_func
  24              		.type	_core_init, %function
  25              	_core_init:
  26              	.LFB7:
  27              		.file 1 "../../../ChibiOS/os/kernel/src/chmemcore.c"
  28              		.loc 1 66 0
  29              		.cfi_startproc
  30              		@ args = 0, pretend = 0, frame = 0
  31              		@ frame_needed = 0, uses_anonymous_args = 0
  32              		@ link register save eliminated.
  33              		.loc 1 70 0
  34 0000 40F20002 		movw	r2, #:lower16:.LANCHOR0
  35              		.loc 1 71 0
  36 0004 40F20003 		movw	r3, #:lower16:.LANCHOR1
  37 0008 40F20001 		movw	r1, #:lower16:__heap_end__
  38              		.loc 1 70 0
  39 000c 0648     		ldr	r0, .L2
  40 000e C0F20002 		movt	r2, #:upper16:.LANCHOR0
  41              		.loc 1 71 0
  42 0012 C0F20003 		movt	r3, #:upper16:.LANCHOR1
  43 0016 C0F20001 		movt	r1, #:upper16:__heap_end__
  44              		.loc 1 70 0
  45 001a 20F00700 		bic	r0, r0, #7
  46              		.loc 1 71 0
  47 001e 21F00701 		bic	r1, r1, #7
  48              		.loc 1 70 0
  49 0022 1060     		str	r0, [r2, #0]
  50              		.loc 1 71 0
  51 0024 1960     		str	r1, [r3, #0]
  52 0026 7047     		bx	lr
  53              	.L3:
  54              		.align	2
  55              	.L2:
  56 0028 07000000 		.word	__heap_base__+7
  57              		.cfi_endproc
ARM GAS  C:\Users\DNIEL~1\AppData\Local\Temp\cc0eYSBd.s 			page 2


  58              	.LFE7:
  59              		.size	_core_init, .-_core_init
  60 002c AFF30080 		.section	.text.chCoreAlloc,"ax",%progbits
  61              		.align	2
  62              		.p2align 4,,15
  63              		.global	chCoreAlloc
  64              		.thumb
  65              		.thumb_func
  66              		.type	chCoreAlloc, %function
  67              	chCoreAlloc:
  68              	.LFB8:
  69              		.loc 1 91 0
  70              		.cfi_startproc
  71              		@ args = 0, pretend = 0, frame = 0
  72              		@ frame_needed = 0, uses_anonymous_args = 0
  73              		@ link register save eliminated.
  74              	.LVL0:
  75              	.LBB6:
  76              		.loc 1 94 0
  77 0000 2023     		movs	r3, #32
  78              	.LVL1:
  79              	@ 94 "../../../ChibiOS/os/kernel/src/chmemcore.c" 1
  80 0002 83F31188 		msr     BASEPRI, r3
  81              	@ 0 "" 2
  82              	.LVL2:
  83              		.thumb
  84              	.LBE6:
  85              	.LBB7:
  86              	.LBB8:
  87              		.loc 1 118 0
  88 0006 094B     		ldr	r3, .L7
  89              	.LVL3:
  90 0008 0949     		ldr	r1, .L7+4
  91 000a 1A68     		ldr	r2, [r3, #0]
  92 000c 0968     		ldr	r1, [r1, #0]
  93              		.loc 1 117 0
  94 000e 0730     		adds	r0, r0, #7
  95              	.LVL4:
  96 0010 20F00700 		bic	r0, r0, #7
  97              	.LVL5:
  98              		.loc 1 118 0
  99 0014 891A     		subs	r1, r1, r2
 100 0016 8842     		cmp	r0, r1
 101              	.LVL6:
 102              		.loc 1 121 0
 103 0018 9ABF     		itte	ls
 104 001a 1018     		addls	r0, r2, r0
 105              	.LVL7:
 106 001c 1860     		strls	r0, [r3, #0]
 107              		.loc 1 119 0
 108 001e 0022     		movhi	r2, #0
 109              	.LVL8:
 110              	.LBE8:
 111              	.LBE7:
 112              	.LBB9:
 113              		.loc 1 96 0
 114 0020 0023     		movs	r3, #0
ARM GAS  C:\Users\DNIEL~1\AppData\Local\Temp\cc0eYSBd.s 			page 3


 115              	.LVL9:
 116              	@ 96 "../../../ChibiOS/os/kernel/src/chmemcore.c" 1
 117 0022 83F31188 		msr     BASEPRI, r3
 118              	@ 0 "" 2
 119              	.LVL10:
 120              		.thumb
 121              	.LBE9:
 122              		.loc 1 98 0
 123 0026 1046     		mov	r0, r2
 124 0028 7047     		bx	lr
 125              	.L8:
 126 002a 00BF     		.align	2
 127              	.L7:
 128 002c 00000000 		.word	.LANCHOR0
 129 0030 00000000 		.word	.LANCHOR1
 130              		.cfi_endproc
 131              	.LFE8:
 132              		.size	chCoreAlloc, .-chCoreAlloc
 133 0034 AFF30080 		.section	.text.chCoreAllocI,"ax",%progbits
 133      AFF30080 
 133      AFF30080 
 134              		.align	2
 135              		.p2align 4,,15
 136              		.global	chCoreAllocI
 137              		.thumb
 138              		.thumb_func
 139              		.type	chCoreAllocI, %function
 140              	chCoreAllocI:
 141              	.LFB9:
 142              		.loc 1 112 0
 143              		.cfi_startproc
 144              		@ args = 0, pretend = 0, frame = 0
 145              		@ frame_needed = 0, uses_anonymous_args = 0
 146              		@ link register save eliminated.
 147              	.LVL11:
 148              		.loc 1 118 0
 149 0000 074A     		ldr	r2, .L12
 150 0002 0849     		ldr	r1, .L12+4
 151 0004 1368     		ldr	r3, [r2, #0]
 152 0006 0968     		ldr	r1, [r1, #0]
 153              		.loc 1 117 0
 154 0008 0730     		adds	r0, r0, #7
 155              	.LVL12:
 156 000a 20F00700 		bic	r0, r0, #7
 157              	.LVL13:
 158              		.loc 1 118 0
 159 000e C91A     		subs	r1, r1, r3
 160 0010 8842     		cmp	r0, r1
 161              	.LVL14:
 162              		.loc 1 121 0
 163 0012 9ABF     		itte	ls
 164 0014 1818     		addls	r0, r3, r0
 165              	.LVL15:
 166 0016 1060     		strls	r0, [r2, #0]
 167              		.loc 1 119 0
 168 0018 0023     		movhi	r3, #0
 169              	.LVL16:
ARM GAS  C:\Users\DNIEL~1\AppData\Local\Temp\cc0eYSBd.s 			page 4


 170              		.loc 1 123 0
 171 001a 1846     		mov	r0, r3
 172 001c 7047     		bx	lr
 173              	.L13:
 174 001e 00BF     		.align	2
 175              	.L12:
 176 0020 00000000 		.word	.LANCHOR0
 177 0024 00000000 		.word	.LANCHOR1
 178              		.cfi_endproc
 179              	.LFE9:
 180              		.size	chCoreAllocI, .-chCoreAllocI
 181 0028 AFF30080 		.section	.text.chCoreStatus,"ax",%progbits
 181      AFF30080 
 182              		.align	2
 183              		.p2align 4,,15
 184              		.global	chCoreStatus
 185              		.thumb
 186              		.thumb_func
 187              		.type	chCoreStatus, %function
 188              	chCoreStatus:
 189              	.LFB10:
 190              		.loc 1 132 0
 191              		.cfi_startproc
 192              		@ args = 0, pretend = 0, frame = 0
 193              		@ frame_needed = 0, uses_anonymous_args = 0
 194              		@ link register save eliminated.
 195              		.loc 1 134 0
 196 0000 40F20002 		movw	r2, #:lower16:.LANCHOR1
 197 0004 40F20003 		movw	r3, #:lower16:.LANCHOR0
 198 0008 C0F20002 		movt	r2, #:upper16:.LANCHOR1
 199 000c C0F20003 		movt	r3, #:upper16:.LANCHOR0
 200 0010 1068     		ldr	r0, [r2, #0]
 201 0012 1968     		ldr	r1, [r3, #0]
 202              		.loc 1 135 0
 203 0014 401A     		subs	r0, r0, r1
 204 0016 7047     		bx	lr
 205              		.cfi_endproc
 206              	.LFE10:
 207              		.size	chCoreStatus, .-chCoreStatus
 208 0018 AFF30080 		.section	.bss.endmem,"aw",%nobits
 208      AFF30080 
 209              		.align	2
 210              		.set	.LANCHOR1,. + 0
 211              		.type	endmem, %object
 212              		.size	endmem, 4
 213              	endmem:
 214 0000 00000000 		.space	4
 215              		.section	.bss.nextmem,"aw",%nobits
 216              		.align	2
 217              		.set	.LANCHOR0,. + 0
 218              		.type	nextmem, %object
 219              		.size	nextmem, 4
 220              	nextmem:
 221 0000 00000000 		.space	4
 222              		.text
 223              	.Letext0:
 224              		.file 2 "c:\\chibistudio\\tools\\gnu tools arm embedded\\4.7 2014q2\\bin\\../lib/gcc/arm-none-eabi
ARM GAS  C:\Users\DNIEL~1\AppData\Local\Temp\cc0eYSBd.s 			page 5


 225              		.file 3 "c:\\chibistudio\\tools\\gnu tools arm embedded\\4.7 2014q2\\bin\\../lib/gcc/arm-none-eabi
 226              		.section	.debug_info,"",%progbits
 227              	.Ldebug_info0:
 228 0000 2B020000 		.4byte	0x22b
 229 0004 0200     		.2byte	0x2
 230 0006 00000000 		.4byte	.Ldebug_abbrev0
 231 000a 04       		.byte	0x4
 232 000b 01       		.uleb128 0x1
 233 000c 3D000000 		.4byte	.LASF19
 234 0010 01       		.byte	0x1
 235 0011 BD000000 		.4byte	.LASF20
 236 0015 4C010000 		.4byte	.LASF21
 237 0019 00000000 		.4byte	.Ldebug_ranges0+0
 238 001d 00000000 		.4byte	0
 239 0021 00000000 		.4byte	0
 240 0025 00000000 		.4byte	.Ldebug_line0
 241 0029 02       		.uleb128 0x2
 242 002a 04       		.byte	0x4
 243 002b 05       		.byte	0x5
 244 002c 696E7400 		.ascii	"int\000"
 245 0030 03       		.uleb128 0x3
 246 0031 21000000 		.4byte	.LASF2
 247 0035 02       		.byte	0x2
 248 0036 D5       		.byte	0xd5
 249 0037 3B000000 		.4byte	0x3b
 250 003b 04       		.uleb128 0x4
 251 003c 04       		.byte	0x4
 252 003d 07       		.byte	0x7
 253 003e 8C010000 		.4byte	.LASF0
 254 0042 04       		.uleb128 0x4
 255 0043 01       		.byte	0x1
 256 0044 06       		.byte	0x6
 257 0045 3B010000 		.4byte	.LASF1
 258 0049 03       		.uleb128 0x3
 259 004a E8000000 		.4byte	.LASF3
 260 004e 03       		.byte	0x3
 261 004f 2A       		.byte	0x2a
 262 0050 54000000 		.4byte	0x54
 263 0054 04       		.uleb128 0x4
 264 0055 01       		.byte	0x1
 265 0056 08       		.byte	0x8
 266 0057 F0000000 		.4byte	.LASF4
 267 005b 04       		.uleb128 0x4
 268 005c 02       		.byte	0x2
 269 005d 05       		.byte	0x5
 270 005e 82010000 		.4byte	.LASF5
 271 0062 04       		.uleb128 0x4
 272 0063 02       		.byte	0x2
 273 0064 07       		.byte	0x7
 274 0065 0E000000 		.4byte	.LASF6
 275 0069 04       		.uleb128 0x4
 276 006a 04       		.byte	0x4
 277 006b 05       		.byte	0x5
 278 006c 18010000 		.4byte	.LASF7
 279 0070 03       		.uleb128 0x3
 280 0071 0F010000 		.4byte	.LASF8
 281 0075 03       		.byte	0x3
ARM GAS  C:\Users\DNIEL~1\AppData\Local\Temp\cc0eYSBd.s 			page 6


 282 0076 50       		.byte	0x50
 283 0077 7B000000 		.4byte	0x7b
 284 007b 04       		.uleb128 0x4
 285 007c 04       		.byte	0x4
 286 007d 07       		.byte	0x7
 287 007e 94000000 		.4byte	.LASF9
 288 0082 04       		.uleb128 0x4
 289 0083 08       		.byte	0x8
 290 0084 05       		.byte	0x5
 291 0085 00000000 		.4byte	.LASF10
 292 0089 04       		.uleb128 0x4
 293 008a 08       		.byte	0x8
 294 008b 07       		.byte	0x7
 295 008c A6000000 		.4byte	.LASF11
 296 0090 04       		.uleb128 0x4
 297 0091 01       		.byte	0x1
 298 0092 02       		.byte	0x2
 299 0093 21010000 		.4byte	.LASF12
 300 0097 05       		.uleb128 0x5
 301 0098 04       		.byte	0x4
 302 0099 04       		.uleb128 0x4
 303 009a 04       		.byte	0x4
 304 009b 07       		.byte	0x7
 305 009c 99010000 		.4byte	.LASF13
 306 00a0 04       		.uleb128 0x4
 307 00a1 01       		.byte	0x1
 308 00a2 08       		.byte	0x8
 309 00a3 FE000000 		.4byte	.LASF14
 310 00a7 06       		.uleb128 0x6
 311 00a8 04       		.byte	0x4
 312 00a9 49000000 		.4byte	0x49
 313 00ad 07       		.uleb128 0x7
 314 00ae 01       		.byte	0x1
 315 00af 2E010000 		.4byte	.LASF22
 316 00b3 01       		.byte	0x1
 317 00b4 70       		.byte	0x70
 318 00b5 01       		.byte	0x1
 319 00b6 97000000 		.4byte	0x97
 320 00ba 01       		.byte	0x1
 321 00bb D4000000 		.4byte	0xd4
 322 00bf 08       		.uleb128 0x8
 323 00c0 47010000 		.4byte	.LASF23
 324 00c4 01       		.byte	0x1
 325 00c5 70       		.byte	0x70
 326 00c6 30000000 		.4byte	0x30
 327 00ca 09       		.uleb128 0x9
 328 00cb 7000     		.ascii	"p\000"
 329 00cd 01       		.byte	0x1
 330 00ce 71       		.byte	0x71
 331 00cf 97000000 		.4byte	0x97
 332 00d3 00       		.byte	0
 333 00d4 0A       		.uleb128 0xa
 334 00d5 01       		.byte	0x1
 335 00d6 77010000 		.4byte	.LASF24
 336 00da 01       		.byte	0x1
 337 00db 42       		.byte	0x42
 338 00dc 01       		.byte	0x1
ARM GAS  C:\Users\DNIEL~1\AppData\Local\Temp\cc0eYSBd.s 			page 7


 339 00dd 00000000 		.4byte	.LFB7
 340 00e1 2C000000 		.4byte	.LFE7
 341 00e5 02       		.byte	0x2
 342 00e6 7D       		.byte	0x7d
 343 00e7 00       		.sleb128 0
 344 00e8 01       		.byte	0x1
 345 00e9 08010000 		.4byte	0x108
 346 00ed 0B       		.uleb128 0xb
 347 00ee 86000000 		.4byte	.LASF15
 348 00f2 01       		.byte	0x1
 349 00f3 44       		.byte	0x44
 350 00f4 08010000 		.4byte	0x108
 351 00f8 01       		.byte	0x1
 352 00f9 01       		.byte	0x1
 353 00fa 0B       		.uleb128 0xb
 354 00fb 30000000 		.4byte	.LASF16
 355 00ff 01       		.byte	0x1
 356 0100 45       		.byte	0x45
 357 0101 08010000 		.4byte	0x108
 358 0105 01       		.byte	0x1
 359 0106 01       		.byte	0x1
 360 0107 00       		.byte	0
 361 0108 0C       		.uleb128 0xc
 362 0109 49000000 		.4byte	0x49
 363 010d 13010000 		.4byte	0x113
 364 0111 0D       		.uleb128 0xd
 365 0112 00       		.byte	0
 366 0113 0E       		.uleb128 0xe
 367 0114 01       		.byte	0x1
 368 0115 03010000 		.4byte	.LASF25
 369 0119 01       		.byte	0x1
 370 011a 5B       		.byte	0x5b
 371 011b 01       		.byte	0x1
 372 011c 97000000 		.4byte	0x97
 373 0120 00000000 		.4byte	.LFB8
 374 0124 34000000 		.4byte	.LFE8
 375 0128 02       		.byte	0x2
 376 0129 7D       		.byte	0x7d
 377 012a 00       		.sleb128 0
 378 012b 01       		.byte	0x1
 379 012c B1010000 		.4byte	0x1b1
 380 0130 0F       		.uleb128 0xf
 381 0131 47010000 		.4byte	.LASF23
 382 0135 01       		.byte	0x1
 383 0136 5B       		.byte	0x5b
 384 0137 30000000 		.4byte	0x30
 385 013b 00000000 		.4byte	.LLST0
 386 013f 10       		.uleb128 0x10
 387 0140 7000     		.ascii	"p\000"
 388 0142 01       		.byte	0x1
 389 0143 5C       		.byte	0x5c
 390 0144 97000000 		.4byte	0x97
 391 0148 01       		.byte	0x1
 392 0149 52       		.byte	0x52
 393 014a 11       		.uleb128 0x11
 394 014b 00000000 		.4byte	.LBB6
 395 014f 06000000 		.4byte	.LBE6
ARM GAS  C:\Users\DNIEL~1\AppData\Local\Temp\cc0eYSBd.s 			page 8


 396 0153 67010000 		.4byte	0x167
 397 0157 12       		.uleb128 0x12
 398 0158 746D7000 		.ascii	"tmp\000"
 399 015c 01       		.byte	0x1
 400 015d 5E       		.byte	0x5e
 401 015e 70000000 		.4byte	0x70
 402 0162 2E000000 		.4byte	.LLST1
 403 0166 00       		.byte	0
 404 0167 13       		.uleb128 0x13
 405 0168 AD000000 		.4byte	0xad
 406 016c 06000000 		.4byte	.LBB7
 407 0170 20000000 		.4byte	.LBE7
 408 0174 01       		.byte	0x1
 409 0175 5F       		.byte	0x5f
 410 0176 97010000 		.4byte	0x197
 411 017a 14       		.uleb128 0x14
 412 017b BF000000 		.4byte	0xbf
 413 017f 41000000 		.4byte	.LLST2
 414 0183 15       		.uleb128 0x15
 415 0184 06000000 		.4byte	.LBB8
 416 0188 20000000 		.4byte	.LBE8
 417 018c 16       		.uleb128 0x16
 418 018d CA000000 		.4byte	0xca
 419 0191 7F000000 		.4byte	.LLST3
 420 0195 00       		.byte	0
 421 0196 00       		.byte	0
 422 0197 15       		.uleb128 0x15
 423 0198 20000000 		.4byte	.LBB9
 424 019c 26000000 		.4byte	.LBE9
 425 01a0 12       		.uleb128 0x12
 426 01a1 746D7000 		.ascii	"tmp\000"
 427 01a5 01       		.byte	0x1
 428 01a6 60       		.byte	0x60
 429 01a7 70000000 		.4byte	0x70
 430 01ab A1000000 		.4byte	.LLST4
 431 01af 00       		.byte	0
 432 01b0 00       		.byte	0
 433 01b1 17       		.uleb128 0x17
 434 01b2 AD000000 		.4byte	0xad
 435 01b6 00000000 		.4byte	.LFB9
 436 01ba 28000000 		.4byte	.LFE9
 437 01be 02       		.byte	0x2
 438 01bf 7D       		.byte	0x7d
 439 01c0 00       		.sleb128 0
 440 01c1 01       		.byte	0x1
 441 01c2 D9010000 		.4byte	0x1d9
 442 01c6 14       		.uleb128 0x14
 443 01c7 BF000000 		.4byte	0xbf
 444 01cb B4000000 		.4byte	.LLST5
 445 01cf 16       		.uleb128 0x16
 446 01d0 CA000000 		.4byte	0xca
 447 01d4 F2000000 		.4byte	.LLST6
 448 01d8 00       		.byte	0
 449 01d9 18       		.uleb128 0x18
 450 01da 01       		.byte	0x1
 451 01db A2010000 		.4byte	.LASF26
 452 01df 01       		.byte	0x1
ARM GAS  C:\Users\DNIEL~1\AppData\Local\Temp\cc0eYSBd.s 			page 9


 453 01e0 84       		.byte	0x84
 454 01e1 01       		.byte	0x1
 455 01e2 30000000 		.4byte	0x30
 456 01e6 00000000 		.4byte	.LFB10
 457 01ea 18000000 		.4byte	.LFE10
 458 01ee 02       		.byte	0x2
 459 01ef 7D       		.byte	0x7d
 460 01f0 00       		.sleb128 0
 461 01f1 01       		.byte	0x1
 462 01f2 19       		.uleb128 0x19
 463 01f3 28000000 		.4byte	.LASF17
 464 01f7 01       		.byte	0x1
 465 01f8 3A       		.byte	0x3a
 466 01f9 A7000000 		.4byte	0xa7
 467 01fd 05       		.byte	0x5
 468 01fe 03       		.byte	0x3
 469 01ff 00000000 		.4byte	nextmem
 470 0203 19       		.uleb128 0x19
 471 0204 27010000 		.4byte	.LASF18
 472 0208 01       		.byte	0x1
 473 0209 3B       		.byte	0x3b
 474 020a A7000000 		.4byte	0xa7
 475 020e 05       		.byte	0x5
 476 020f 03       		.byte	0x3
 477 0210 00000000 		.4byte	endmem
 478 0214 0B       		.uleb128 0xb
 479 0215 86000000 		.4byte	.LASF15
 480 0219 01       		.byte	0x1
 481 021a 44       		.byte	0x44
 482 021b 08010000 		.4byte	0x108
 483 021f 01       		.byte	0x1
 484 0220 01       		.byte	0x1
 485 0221 0B       		.uleb128 0xb
 486 0222 30000000 		.4byte	.LASF16
 487 0226 01       		.byte	0x1
 488 0227 45       		.byte	0x45
 489 0228 08010000 		.4byte	0x108
 490 022c 01       		.byte	0x1
 491 022d 01       		.byte	0x1
 492 022e 00       		.byte	0
 493              		.section	.debug_abbrev,"",%progbits
 494              	.Ldebug_abbrev0:
 495 0000 01       		.uleb128 0x1
 496 0001 11       		.uleb128 0x11
 497 0002 01       		.byte	0x1
 498 0003 25       		.uleb128 0x25
 499 0004 0E       		.uleb128 0xe
 500 0005 13       		.uleb128 0x13
 501 0006 0B       		.uleb128 0xb
 502 0007 03       		.uleb128 0x3
 503 0008 0E       		.uleb128 0xe
 504 0009 1B       		.uleb128 0x1b
 505 000a 0E       		.uleb128 0xe
 506 000b 55       		.uleb128 0x55
 507 000c 06       		.uleb128 0x6
 508 000d 11       		.uleb128 0x11
 509 000e 01       		.uleb128 0x1
ARM GAS  C:\Users\DNIEL~1\AppData\Local\Temp\cc0eYSBd.s 			page 10


 510 000f 52       		.uleb128 0x52
 511 0010 01       		.uleb128 0x1
 512 0011 10       		.uleb128 0x10
 513 0012 06       		.uleb128 0x6
 514 0013 00       		.byte	0
 515 0014 00       		.byte	0
 516 0015 02       		.uleb128 0x2
 517 0016 24       		.uleb128 0x24
 518 0017 00       		.byte	0
 519 0018 0B       		.uleb128 0xb
 520 0019 0B       		.uleb128 0xb
 521 001a 3E       		.uleb128 0x3e
 522 001b 0B       		.uleb128 0xb
 523 001c 03       		.uleb128 0x3
 524 001d 08       		.uleb128 0x8
 525 001e 00       		.byte	0
 526 001f 00       		.byte	0
 527 0020 03       		.uleb128 0x3
 528 0021 16       		.uleb128 0x16
 529 0022 00       		.byte	0
 530 0023 03       		.uleb128 0x3
 531 0024 0E       		.uleb128 0xe
 532 0025 3A       		.uleb128 0x3a
 533 0026 0B       		.uleb128 0xb
 534 0027 3B       		.uleb128 0x3b
 535 0028 0B       		.uleb128 0xb
 536 0029 49       		.uleb128 0x49
 537 002a 13       		.uleb128 0x13
 538 002b 00       		.byte	0
 539 002c 00       		.byte	0
 540 002d 04       		.uleb128 0x4
 541 002e 24       		.uleb128 0x24
 542 002f 00       		.byte	0
 543 0030 0B       		.uleb128 0xb
 544 0031 0B       		.uleb128 0xb
 545 0032 3E       		.uleb128 0x3e
 546 0033 0B       		.uleb128 0xb
 547 0034 03       		.uleb128 0x3
 548 0035 0E       		.uleb128 0xe
 549 0036 00       		.byte	0
 550 0037 00       		.byte	0
 551 0038 05       		.uleb128 0x5
 552 0039 0F       		.uleb128 0xf
 553 003a 00       		.byte	0
 554 003b 0B       		.uleb128 0xb
 555 003c 0B       		.uleb128 0xb
 556 003d 00       		.byte	0
 557 003e 00       		.byte	0
 558 003f 06       		.uleb128 0x6
 559 0040 0F       		.uleb128 0xf
 560 0041 00       		.byte	0
 561 0042 0B       		.uleb128 0xb
 562 0043 0B       		.uleb128 0xb
 563 0044 49       		.uleb128 0x49
 564 0045 13       		.uleb128 0x13
 565 0046 00       		.byte	0
 566 0047 00       		.byte	0
ARM GAS  C:\Users\DNIEL~1\AppData\Local\Temp\cc0eYSBd.s 			page 11


 567 0048 07       		.uleb128 0x7
 568 0049 2E       		.uleb128 0x2e
 569 004a 01       		.byte	0x1
 570 004b 3F       		.uleb128 0x3f
 571 004c 0C       		.uleb128 0xc
 572 004d 03       		.uleb128 0x3
 573 004e 0E       		.uleb128 0xe
 574 004f 3A       		.uleb128 0x3a
 575 0050 0B       		.uleb128 0xb
 576 0051 3B       		.uleb128 0x3b
 577 0052 0B       		.uleb128 0xb
 578 0053 27       		.uleb128 0x27
 579 0054 0C       		.uleb128 0xc
 580 0055 49       		.uleb128 0x49
 581 0056 13       		.uleb128 0x13
 582 0057 20       		.uleb128 0x20
 583 0058 0B       		.uleb128 0xb
 584 0059 01       		.uleb128 0x1
 585 005a 13       		.uleb128 0x13
 586 005b 00       		.byte	0
 587 005c 00       		.byte	0
 588 005d 08       		.uleb128 0x8
 589 005e 05       		.uleb128 0x5
 590 005f 00       		.byte	0
 591 0060 03       		.uleb128 0x3
 592 0061 0E       		.uleb128 0xe
 593 0062 3A       		.uleb128 0x3a
 594 0063 0B       		.uleb128 0xb
 595 0064 3B       		.uleb128 0x3b
 596 0065 0B       		.uleb128 0xb
 597 0066 49       		.uleb128 0x49
 598 0067 13       		.uleb128 0x13
 599 0068 00       		.byte	0
 600 0069 00       		.byte	0
 601 006a 09       		.uleb128 0x9
 602 006b 34       		.uleb128 0x34
 603 006c 00       		.byte	0
 604 006d 03       		.uleb128 0x3
 605 006e 08       		.uleb128 0x8
 606 006f 3A       		.uleb128 0x3a
 607 0070 0B       		.uleb128 0xb
 608 0071 3B       		.uleb128 0x3b
 609 0072 0B       		.uleb128 0xb
 610 0073 49       		.uleb128 0x49
 611 0074 13       		.uleb128 0x13
 612 0075 00       		.byte	0
 613 0076 00       		.byte	0
 614 0077 0A       		.uleb128 0xa
 615 0078 2E       		.uleb128 0x2e
 616 0079 01       		.byte	0x1
 617 007a 3F       		.uleb128 0x3f
 618 007b 0C       		.uleb128 0xc
 619 007c 03       		.uleb128 0x3
 620 007d 0E       		.uleb128 0xe
 621 007e 3A       		.uleb128 0x3a
 622 007f 0B       		.uleb128 0xb
 623 0080 3B       		.uleb128 0x3b
ARM GAS  C:\Users\DNIEL~1\AppData\Local\Temp\cc0eYSBd.s 			page 12


 624 0081 0B       		.uleb128 0xb
 625 0082 27       		.uleb128 0x27
 626 0083 0C       		.uleb128 0xc
 627 0084 11       		.uleb128 0x11
 628 0085 01       		.uleb128 0x1
 629 0086 12       		.uleb128 0x12
 630 0087 01       		.uleb128 0x1
 631 0088 40       		.uleb128 0x40
 632 0089 0A       		.uleb128 0xa
 633 008a 9742     		.uleb128 0x2117
 634 008c 0C       		.uleb128 0xc
 635 008d 01       		.uleb128 0x1
 636 008e 13       		.uleb128 0x13
 637 008f 00       		.byte	0
 638 0090 00       		.byte	0
 639 0091 0B       		.uleb128 0xb
 640 0092 34       		.uleb128 0x34
 641 0093 00       		.byte	0
 642 0094 03       		.uleb128 0x3
 643 0095 0E       		.uleb128 0xe
 644 0096 3A       		.uleb128 0x3a
 645 0097 0B       		.uleb128 0xb
 646 0098 3B       		.uleb128 0x3b
 647 0099 0B       		.uleb128 0xb
 648 009a 49       		.uleb128 0x49
 649 009b 13       		.uleb128 0x13
 650 009c 3F       		.uleb128 0x3f
 651 009d 0C       		.uleb128 0xc
 652 009e 3C       		.uleb128 0x3c
 653 009f 0C       		.uleb128 0xc
 654 00a0 00       		.byte	0
 655 00a1 00       		.byte	0
 656 00a2 0C       		.uleb128 0xc
 657 00a3 01       		.uleb128 0x1
 658 00a4 01       		.byte	0x1
 659 00a5 49       		.uleb128 0x49
 660 00a6 13       		.uleb128 0x13
 661 00a7 01       		.uleb128 0x1
 662 00a8 13       		.uleb128 0x13
 663 00a9 00       		.byte	0
 664 00aa 00       		.byte	0
 665 00ab 0D       		.uleb128 0xd
 666 00ac 21       		.uleb128 0x21
 667 00ad 00       		.byte	0
 668 00ae 00       		.byte	0
 669 00af 00       		.byte	0
 670 00b0 0E       		.uleb128 0xe
 671 00b1 2E       		.uleb128 0x2e
 672 00b2 01       		.byte	0x1
 673 00b3 3F       		.uleb128 0x3f
 674 00b4 0C       		.uleb128 0xc
 675 00b5 03       		.uleb128 0x3
 676 00b6 0E       		.uleb128 0xe
 677 00b7 3A       		.uleb128 0x3a
 678 00b8 0B       		.uleb128 0xb
 679 00b9 3B       		.uleb128 0x3b
 680 00ba 0B       		.uleb128 0xb
ARM GAS  C:\Users\DNIEL~1\AppData\Local\Temp\cc0eYSBd.s 			page 13


 681 00bb 27       		.uleb128 0x27
 682 00bc 0C       		.uleb128 0xc
 683 00bd 49       		.uleb128 0x49
 684 00be 13       		.uleb128 0x13
 685 00bf 11       		.uleb128 0x11
 686 00c0 01       		.uleb128 0x1
 687 00c1 12       		.uleb128 0x12
 688 00c2 01       		.uleb128 0x1
 689 00c3 40       		.uleb128 0x40
 690 00c4 0A       		.uleb128 0xa
 691 00c5 9742     		.uleb128 0x2117
 692 00c7 0C       		.uleb128 0xc
 693 00c8 01       		.uleb128 0x1
 694 00c9 13       		.uleb128 0x13
 695 00ca 00       		.byte	0
 696 00cb 00       		.byte	0
 697 00cc 0F       		.uleb128 0xf
 698 00cd 05       		.uleb128 0x5
 699 00ce 00       		.byte	0
 700 00cf 03       		.uleb128 0x3
 701 00d0 0E       		.uleb128 0xe
 702 00d1 3A       		.uleb128 0x3a
 703 00d2 0B       		.uleb128 0xb
 704 00d3 3B       		.uleb128 0x3b
 705 00d4 0B       		.uleb128 0xb
 706 00d5 49       		.uleb128 0x49
 707 00d6 13       		.uleb128 0x13
 708 00d7 02       		.uleb128 0x2
 709 00d8 06       		.uleb128 0x6
 710 00d9 00       		.byte	0
 711 00da 00       		.byte	0
 712 00db 10       		.uleb128 0x10
 713 00dc 34       		.uleb128 0x34
 714 00dd 00       		.byte	0
 715 00de 03       		.uleb128 0x3
 716 00df 08       		.uleb128 0x8
 717 00e0 3A       		.uleb128 0x3a
 718 00e1 0B       		.uleb128 0xb
 719 00e2 3B       		.uleb128 0x3b
 720 00e3 0B       		.uleb128 0xb
 721 00e4 49       		.uleb128 0x49
 722 00e5 13       		.uleb128 0x13
 723 00e6 02       		.uleb128 0x2
 724 00e7 0A       		.uleb128 0xa
 725 00e8 00       		.byte	0
 726 00e9 00       		.byte	0
 727 00ea 11       		.uleb128 0x11
 728 00eb 0B       		.uleb128 0xb
 729 00ec 01       		.byte	0x1
 730 00ed 11       		.uleb128 0x11
 731 00ee 01       		.uleb128 0x1
 732 00ef 12       		.uleb128 0x12
 733 00f0 01       		.uleb128 0x1
 734 00f1 01       		.uleb128 0x1
 735 00f2 13       		.uleb128 0x13
 736 00f3 00       		.byte	0
 737 00f4 00       		.byte	0
ARM GAS  C:\Users\DNIEL~1\AppData\Local\Temp\cc0eYSBd.s 			page 14


 738 00f5 12       		.uleb128 0x12
 739 00f6 34       		.uleb128 0x34
 740 00f7 00       		.byte	0
 741 00f8 03       		.uleb128 0x3
 742 00f9 08       		.uleb128 0x8
 743 00fa 3A       		.uleb128 0x3a
 744 00fb 0B       		.uleb128 0xb
 745 00fc 3B       		.uleb128 0x3b
 746 00fd 0B       		.uleb128 0xb
 747 00fe 49       		.uleb128 0x49
 748 00ff 13       		.uleb128 0x13
 749 0100 02       		.uleb128 0x2
 750 0101 06       		.uleb128 0x6
 751 0102 00       		.byte	0
 752 0103 00       		.byte	0
 753 0104 13       		.uleb128 0x13
 754 0105 1D       		.uleb128 0x1d
 755 0106 01       		.byte	0x1
 756 0107 31       		.uleb128 0x31
 757 0108 13       		.uleb128 0x13
 758 0109 11       		.uleb128 0x11
 759 010a 01       		.uleb128 0x1
 760 010b 12       		.uleb128 0x12
 761 010c 01       		.uleb128 0x1
 762 010d 58       		.uleb128 0x58
 763 010e 0B       		.uleb128 0xb
 764 010f 59       		.uleb128 0x59
 765 0110 0B       		.uleb128 0xb
 766 0111 01       		.uleb128 0x1
 767 0112 13       		.uleb128 0x13
 768 0113 00       		.byte	0
 769 0114 00       		.byte	0
 770 0115 14       		.uleb128 0x14
 771 0116 05       		.uleb128 0x5
 772 0117 00       		.byte	0
 773 0118 31       		.uleb128 0x31
 774 0119 13       		.uleb128 0x13
 775 011a 02       		.uleb128 0x2
 776 011b 06       		.uleb128 0x6
 777 011c 00       		.byte	0
 778 011d 00       		.byte	0
 779 011e 15       		.uleb128 0x15
 780 011f 0B       		.uleb128 0xb
 781 0120 01       		.byte	0x1
 782 0121 11       		.uleb128 0x11
 783 0122 01       		.uleb128 0x1
 784 0123 12       		.uleb128 0x12
 785 0124 01       		.uleb128 0x1
 786 0125 00       		.byte	0
 787 0126 00       		.byte	0
 788 0127 16       		.uleb128 0x16
 789 0128 34       		.uleb128 0x34
 790 0129 00       		.byte	0
 791 012a 31       		.uleb128 0x31
 792 012b 13       		.uleb128 0x13
 793 012c 02       		.uleb128 0x2
 794 012d 06       		.uleb128 0x6
ARM GAS  C:\Users\DNIEL~1\AppData\Local\Temp\cc0eYSBd.s 			page 15


 795 012e 00       		.byte	0
 796 012f 00       		.byte	0
 797 0130 17       		.uleb128 0x17
 798 0131 2E       		.uleb128 0x2e
 799 0132 01       		.byte	0x1
 800 0133 31       		.uleb128 0x31
 801 0134 13       		.uleb128 0x13
 802 0135 11       		.uleb128 0x11
 803 0136 01       		.uleb128 0x1
 804 0137 12       		.uleb128 0x12
 805 0138 01       		.uleb128 0x1
 806 0139 40       		.uleb128 0x40
 807 013a 0A       		.uleb128 0xa
 808 013b 9742     		.uleb128 0x2117
 809 013d 0C       		.uleb128 0xc
 810 013e 01       		.uleb128 0x1
 811 013f 13       		.uleb128 0x13
 812 0140 00       		.byte	0
 813 0141 00       		.byte	0
 814 0142 18       		.uleb128 0x18
 815 0143 2E       		.uleb128 0x2e
 816 0144 00       		.byte	0
 817 0145 3F       		.uleb128 0x3f
 818 0146 0C       		.uleb128 0xc
 819 0147 03       		.uleb128 0x3
 820 0148 0E       		.uleb128 0xe
 821 0149 3A       		.uleb128 0x3a
 822 014a 0B       		.uleb128 0xb
 823 014b 3B       		.uleb128 0x3b
 824 014c 0B       		.uleb128 0xb
 825 014d 27       		.uleb128 0x27
 826 014e 0C       		.uleb128 0xc
 827 014f 49       		.uleb128 0x49
 828 0150 13       		.uleb128 0x13
 829 0151 11       		.uleb128 0x11
 830 0152 01       		.uleb128 0x1
 831 0153 12       		.uleb128 0x12
 832 0154 01       		.uleb128 0x1
 833 0155 40       		.uleb128 0x40
 834 0156 0A       		.uleb128 0xa
 835 0157 9742     		.uleb128 0x2117
 836 0159 0C       		.uleb128 0xc
 837 015a 00       		.byte	0
 838 015b 00       		.byte	0
 839 015c 19       		.uleb128 0x19
 840 015d 34       		.uleb128 0x34
 841 015e 00       		.byte	0
 842 015f 03       		.uleb128 0x3
 843 0160 0E       		.uleb128 0xe
 844 0161 3A       		.uleb128 0x3a
 845 0162 0B       		.uleb128 0xb
 846 0163 3B       		.uleb128 0x3b
 847 0164 0B       		.uleb128 0xb
 848 0165 49       		.uleb128 0x49
 849 0166 13       		.uleb128 0x13
 850 0167 02       		.uleb128 0x2
 851 0168 0A       		.uleb128 0xa
ARM GAS  C:\Users\DNIEL~1\AppData\Local\Temp\cc0eYSBd.s 			page 16


 852 0169 00       		.byte	0
 853 016a 00       		.byte	0
 854 016b 00       		.byte	0
 855              		.section	.debug_loc,"",%progbits
 856              	.Ldebug_loc0:
 857              	.LLST0:
 858 0000 00000000 		.4byte	.LVL0
 859 0004 10000000 		.4byte	.LVL4
 860 0008 0100     		.2byte	0x1
 861 000a 50       		.byte	0x50
 862 000b 10000000 		.4byte	.LVL4
 863 000f 14000000 		.4byte	.LVL5
 864 0013 0300     		.2byte	0x3
 865 0015 70       		.byte	0x70
 866 0016 79       		.sleb128 -7
 867 0017 9F       		.byte	0x9f
 868 0018 14000000 		.4byte	.LVL5
 869 001c 34000000 		.4byte	.LFE8
 870 0020 0400     		.2byte	0x4
 871 0022 F3       		.byte	0xf3
 872 0023 01       		.uleb128 0x1
 873 0024 50       		.byte	0x50
 874 0025 9F       		.byte	0x9f
 875 0026 00000000 		.4byte	0
 876 002a 00000000 		.4byte	0
 877              	.LLST1:
 878 002e 06000000 		.4byte	.LVL2
 879 0032 08000000 		.4byte	.LVL3
 880 0036 0100     		.2byte	0x1
 881 0038 53       		.byte	0x53
 882 0039 00000000 		.4byte	0
 883 003d 00000000 		.4byte	0
 884              	.LLST2:
 885 0041 06000000 		.4byte	.LVL2
 886 0045 10000000 		.4byte	.LVL4
 887 0049 0100     		.2byte	0x1
 888 004b 50       		.byte	0x50
 889 004c 10000000 		.4byte	.LVL4
 890 0050 14000000 		.4byte	.LVL5
 891 0054 0300     		.2byte	0x3
 892 0056 70       		.byte	0x70
 893 0057 79       		.sleb128 -7
 894 0058 9F       		.byte	0x9f
 895 0059 14000000 		.4byte	.LVL5
 896 005d 1C000000 		.4byte	.LVL7
 897 0061 0100     		.2byte	0x1
 898 0063 50       		.byte	0x50
 899 0064 1C000000 		.4byte	.LVL7
 900 0068 34000000 		.4byte	.LFE8
 901 006c 0900     		.2byte	0x9
 902 006e F3       		.byte	0xf3
 903 006f 01       		.uleb128 0x1
 904 0070 50       		.byte	0x50
 905 0071 23       		.byte	0x23
 906 0072 07       		.uleb128 0x7
 907 0073 09       		.byte	0x9
 908 0074 F8       		.byte	0xf8
ARM GAS  C:\Users\DNIEL~1\AppData\Local\Temp\cc0eYSBd.s 			page 17


 909 0075 1A       		.byte	0x1a
 910 0076 9F       		.byte	0x9f
 911 0077 00000000 		.4byte	0
 912 007b 00000000 		.4byte	0
 913              	.LLST3:
 914 007f 18000000 		.4byte	.LVL6
 915 0083 20000000 		.4byte	.LVL8
 916 0087 0100     		.2byte	0x1
 917 0089 52       		.byte	0x52
 918 008a 20000000 		.4byte	.LVL8
 919 008e 34000000 		.4byte	.LFE8
 920 0092 0500     		.2byte	0x5
 921 0094 03       		.byte	0x3
 922 0095 00000000 		.4byte	nextmem
 923 0099 00000000 		.4byte	0
 924 009d 00000000 		.4byte	0
 925              	.LLST4:
 926 00a1 26000000 		.4byte	.LVL10
 927 00a5 34000000 		.4byte	.LFE8
 928 00a9 0100     		.2byte	0x1
 929 00ab 53       		.byte	0x53
 930 00ac 00000000 		.4byte	0
 931 00b0 00000000 		.4byte	0
 932              	.LLST5:
 933 00b4 00000000 		.4byte	.LVL11
 934 00b8 0A000000 		.4byte	.LVL12
 935 00bc 0100     		.2byte	0x1
 936 00be 50       		.byte	0x50
 937 00bf 0A000000 		.4byte	.LVL12
 938 00c3 0E000000 		.4byte	.LVL13
 939 00c7 0300     		.2byte	0x3
 940 00c9 70       		.byte	0x70
 941 00ca 79       		.sleb128 -7
 942 00cb 9F       		.byte	0x9f
 943 00cc 0E000000 		.4byte	.LVL13
 944 00d0 16000000 		.4byte	.LVL15
 945 00d4 0100     		.2byte	0x1
 946 00d6 50       		.byte	0x50
 947 00d7 16000000 		.4byte	.LVL15
 948 00db 28000000 		.4byte	.LFE9
 949 00df 0900     		.2byte	0x9
 950 00e1 F3       		.byte	0xf3
 951 00e2 01       		.uleb128 0x1
 952 00e3 50       		.byte	0x50
 953 00e4 23       		.byte	0x23
 954 00e5 07       		.uleb128 0x7
 955 00e6 09       		.byte	0x9
 956 00e7 F8       		.byte	0xf8
 957 00e8 1A       		.byte	0x1a
 958 00e9 9F       		.byte	0x9f
 959 00ea 00000000 		.4byte	0
 960 00ee 00000000 		.4byte	0
 961              	.LLST6:
 962 00f2 12000000 		.4byte	.LVL14
 963 00f6 1A000000 		.4byte	.LVL16
 964 00fa 0100     		.2byte	0x1
 965 00fc 53       		.byte	0x53
ARM GAS  C:\Users\DNIEL~1\AppData\Local\Temp\cc0eYSBd.s 			page 18


 966 00fd 1A000000 		.4byte	.LVL16
 967 0101 28000000 		.4byte	.LFE9
 968 0105 0500     		.2byte	0x5
 969 0107 03       		.byte	0x3
 970 0108 00000000 		.4byte	nextmem
 971 010c 00000000 		.4byte	0
 972 0110 00000000 		.4byte	0
 973              		.section	.debug_aranges,"",%progbits
 974 0000 34000000 		.4byte	0x34
 975 0004 0200     		.2byte	0x2
 976 0006 00000000 		.4byte	.Ldebug_info0
 977 000a 04       		.byte	0x4
 978 000b 00       		.byte	0
 979 000c 0000     		.2byte	0
 980 000e 0000     		.2byte	0
 981 0010 00000000 		.4byte	.LFB7
 982 0014 2C000000 		.4byte	.LFE7-.LFB7
 983 0018 00000000 		.4byte	.LFB8
 984 001c 34000000 		.4byte	.LFE8-.LFB8
 985 0020 00000000 		.4byte	.LFB9
 986 0024 28000000 		.4byte	.LFE9-.LFB9
 987 0028 00000000 		.4byte	.LFB10
 988 002c 18000000 		.4byte	.LFE10-.LFB10
 989 0030 00000000 		.4byte	0
 990 0034 00000000 		.4byte	0
 991              		.section	.debug_ranges,"",%progbits
 992              	.Ldebug_ranges0:
 993 0000 00000000 		.4byte	.LFB7
 994 0004 2C000000 		.4byte	.LFE7
 995 0008 00000000 		.4byte	.LFB8
 996 000c 34000000 		.4byte	.LFE8
 997 0010 00000000 		.4byte	.LFB9
 998 0014 28000000 		.4byte	.LFE9
 999 0018 00000000 		.4byte	.LFB10
 1000 001c 18000000 		.4byte	.LFE10
 1001 0020 00000000 		.4byte	0
 1002 0024 00000000 		.4byte	0
 1003              		.section	.debug_line,"",%progbits
 1004              	.Ldebug_line0:
 1005 0000 99010000 		.section	.debug_str,"MS",%progbits,1
 1005      02003701 
 1005      00000201 
 1005      FB0E0D00 
 1005      01010101 
 1006              	.LASF10:
 1007 0000 6C6F6E67 		.ascii	"long long int\000"
 1007      206C6F6E 
 1007      6720696E 
 1007      7400
 1008              	.LASF6:
 1009 000e 73686F72 		.ascii	"short unsigned int\000"
 1009      7420756E 
 1009      7369676E 
 1009      65642069 
 1009      6E7400
 1010              	.LASF2:
 1011 0021 73697A65 		.ascii	"size_t\000"
ARM GAS  C:\Users\DNIEL~1\AppData\Local\Temp\cc0eYSBd.s 			page 19


 1011      5F7400
 1012              	.LASF17:
 1013 0028 6E657874 		.ascii	"nextmem\000"
 1013      6D656D00 
 1014              	.LASF16:
 1015 0030 5F5F6865 		.ascii	"__heap_end__\000"
 1015      61705F65 
 1015      6E645F5F 
 1015      00
 1016              	.LASF19:
 1017 003d 474E5520 		.ascii	"GNU C 4.7.4 20140401 (release) [ARM/embedded-4_7-br"
 1017      4320342E 
 1017      372E3420 
 1017      32303134 
 1017      30343031 
 1018 0070 616E6368 		.ascii	"anch revision 209195]\000"
 1018      20726576 
 1018      6973696F 
 1018      6E203230 
 1018      39313935 
 1019              	.LASF15:
 1020 0086 5F5F6865 		.ascii	"__heap_base__\000"
 1020      61705F62 
 1020      6173655F 
 1020      5F00
 1021              	.LASF9:
 1022 0094 6C6F6E67 		.ascii	"long unsigned int\000"
 1022      20756E73 
 1022      69676E65 
 1022      6420696E 
 1022      7400
 1023              	.LASF11:
 1024 00a6 6C6F6E67 		.ascii	"long long unsigned int\000"
 1024      206C6F6E 
 1024      6720756E 
 1024      7369676E 
 1024      65642069 
 1025              	.LASF20:
 1026 00bd 2E2E2F2E 		.ascii	"../../../ChibiOS/os/kernel/src/chmemcore.c\000"
 1026      2E2F2E2E 
 1026      2F436869 
 1026      62694F53 
 1026      2F6F732F 
 1027              	.LASF3:
 1028 00e8 75696E74 		.ascii	"uint8_t\000"
 1028      385F7400 
 1029              	.LASF4:
 1030 00f0 756E7369 		.ascii	"unsigned char\000"
 1030      676E6564 
 1030      20636861 
 1030      7200
 1031              	.LASF14:
 1032 00fe 63686172 		.ascii	"char\000"
 1032      00
 1033              	.LASF25:
 1034 0103 6368436F 		.ascii	"chCoreAlloc\000"
 1034      7265416C 
ARM GAS  C:\Users\DNIEL~1\AppData\Local\Temp\cc0eYSBd.s 			page 20


 1034      6C6F6300 
 1035              	.LASF8:
 1036 010f 75696E74 		.ascii	"uint32_t\000"
 1036      33325F74 
 1036      00
 1037              	.LASF7:
 1038 0118 6C6F6E67 		.ascii	"long int\000"
 1038      20696E74 
 1038      00
 1039              	.LASF12:
 1040 0121 5F426F6F 		.ascii	"_Bool\000"
 1040      6C00
 1041              	.LASF18:
 1042 0127 656E646D 		.ascii	"endmem\000"
 1042      656D00
 1043              	.LASF22:
 1044 012e 6368436F 		.ascii	"chCoreAllocI\000"
 1044      7265416C 
 1044      6C6F6349 
 1044      00
 1045              	.LASF1:
 1046 013b 7369676E 		.ascii	"signed char\000"
 1046      65642063 
 1046      68617200 
 1047              	.LASF23:
 1048 0147 73697A65 		.ascii	"size\000"
 1048      00
 1049              	.LASF21:
 1050 014c 433A5C55 		.ascii	"C:\\Users\\D\341niel\\git\\Smarty\\smarty\\firmware"
 1050      73657273 
 1050      5C44E16E 
 1050      69656C5C 
 1050      6769745C 
 1051 0176 00       		.ascii	"\000"
 1052              	.LASF24:
 1053 0177 5F636F72 		.ascii	"_core_init\000"
 1053      655F696E 
 1053      697400
 1054              	.LASF5:
 1055 0182 73686F72 		.ascii	"short int\000"
 1055      7420696E 
 1055      7400
 1056              	.LASF0:
 1057 018c 756E7369 		.ascii	"unsigned int\000"
 1057      676E6564 
 1057      20696E74 
 1057      00
 1058              	.LASF13:
 1059 0199 73697A65 		.ascii	"sizetype\000"
 1059      74797065 
 1059      00
 1060              	.LASF26:
 1061 01a2 6368436F 		.ascii	"chCoreStatus\000"
 1061      72655374 
 1061      61747573 
 1061      00
 1062              		.ident	"GCC: (GNU Tools for ARM Embedded Processors) 4.7.4 20140401 (release) [ARM/embedded-4_7-br
ARM GAS  C:\Users\DNIEL~1\AppData\Local\Temp\cc0eYSBd.s 			page 21


ARM GAS  C:\Users\DNIEL~1\AppData\Local\Temp\cc0eYSBd.s 			page 22


DEFINED SYMBOLS
                            *ABS*:00000000 chmemcore.c
C:\Users\DNIEL~1\AppData\Local\Temp\cc0eYSBd.s:19     .text._core_init:00000000 $t
C:\Users\DNIEL~1\AppData\Local\Temp\cc0eYSBd.s:25     .text._core_init:00000000 _core_init
C:\Users\DNIEL~1\AppData\Local\Temp\cc0eYSBd.s:217    .bss.nextmem:00000000 .LANCHOR0
C:\Users\DNIEL~1\AppData\Local\Temp\cc0eYSBd.s:210    .bss.endmem:00000000 .LANCHOR1
C:\Users\DNIEL~1\AppData\Local\Temp\cc0eYSBd.s:56     .text._core_init:00000028 $d
C:\Users\DNIEL~1\AppData\Local\Temp\cc0eYSBd.s:61     .text.chCoreAlloc:00000000 $t
C:\Users\DNIEL~1\AppData\Local\Temp\cc0eYSBd.s:67     .text.chCoreAlloc:00000000 chCoreAlloc
C:\Users\DNIEL~1\AppData\Local\Temp\cc0eYSBd.s:128    .text.chCoreAlloc:0000002c $d
C:\Users\DNIEL~1\AppData\Local\Temp\cc0eYSBd.s:134    .text.chCoreAllocI:00000000 $t
C:\Users\DNIEL~1\AppData\Local\Temp\cc0eYSBd.s:140    .text.chCoreAllocI:00000000 chCoreAllocI
C:\Users\DNIEL~1\AppData\Local\Temp\cc0eYSBd.s:176    .text.chCoreAllocI:00000020 $d
C:\Users\DNIEL~1\AppData\Local\Temp\cc0eYSBd.s:182    .text.chCoreStatus:00000000 $t
C:\Users\DNIEL~1\AppData\Local\Temp\cc0eYSBd.s:188    .text.chCoreStatus:00000000 chCoreStatus
C:\Users\DNIEL~1\AppData\Local\Temp\cc0eYSBd.s:209    .bss.endmem:00000000 $d
C:\Users\DNIEL~1\AppData\Local\Temp\cc0eYSBd.s:213    .bss.endmem:00000000 endmem
C:\Users\DNIEL~1\AppData\Local\Temp\cc0eYSBd.s:216    .bss.nextmem:00000000 $d
C:\Users\DNIEL~1\AppData\Local\Temp\cc0eYSBd.s:220    .bss.nextmem:00000000 nextmem
                     .debug_frame:00000010 $d
C:\Users\DNIEL~1\AppData\Local\Temp\cc0eYSBd.s:60     .text._core_init:0000002c $t
C:\Users\DNIEL~1\AppData\Local\Temp\cc0eYSBd.s:133    .text.chCoreAlloc:00000034 $t
C:\Users\DNIEL~1\AppData\Local\Temp\cc0eYSBd.s:181    .text.chCoreAllocI:00000028 $t

UNDEFINED SYMBOLS
__heap_end__
__heap_base__
