ARM GAS  C:\Users\DNIEL~1\AppData\Local\Temp\ccGQZSre.s 			page 1


   1              		.syntax unified
   2              		.cpu cortex-m4
   3              		.fpu softvfp
   4              		.eabi_attribute 20, 1
   5              		.eabi_attribute 21, 1
   6              		.eabi_attribute 23, 3
   7              		.eabi_attribute 24, 1
   8              		.eabi_attribute 25, 1
   9              		.eabi_attribute 26, 1
  10              		.eabi_attribute 30, 2
  11              		.eabi_attribute 18, 4
  12              		.thumb
  13              		.file	"chregistry.c"
  14              		.section	.debug_abbrev,"",%progbits
  15              	.Ldebug_abbrev0:
  16              		.section	.debug_info,"",%progbits
  17              	.Ldebug_info0:
  18              		.section	.debug_line,"",%progbits
  19              	.Ldebug_line0:
  20 0000 17020000 		.text
  20      0200DE01 
  20      00000201 
  20      FB0E0D00 
  20      01010101 
  21              	.Ltext0:
  22              		.cfi_sections	.debug_frame
  23              		.section	.text.chRegFirstThread,"ax",%progbits
  24              		.align	2
  25              		.p2align 4,,15
  26              		.global	chRegFirstThread
  27              		.thumb
  28              		.thumb_func
  29              		.type	chRegFirstThread, %function
  30              	chRegFirstThread:
  31              	.LFB7:
  32              		.file 1 "../../../ChibiOS/os/kernel/src/chregistry.c"
  33              		.loc 1 110 0
  34              		.cfi_startproc
  35              		@ args = 0, pretend = 0, frame = 0
  36              		@ frame_needed = 0, uses_anonymous_args = 0
  37              		@ link register save eliminated.
  38              	.LBB2:
  39              		.loc 1 113 0
  40 0000 2023     		movs	r3, #32
  41              	.LVL0:
  42              	@ 113 "../../../ChibiOS/os/kernel/src/chregistry.c" 1
  43 0002 83F31188 		msr     BASEPRI, r3
  44              	@ 0 "" 2
  45              	.LVL1:
  46              		.thumb
  47              	.LBE2:
  48              		.loc 1 114 0
  49 0006 0448     		ldr	r0, .L2
  50 0008 0069     		ldr	r0, [r0, #16]
  51              	.LVL2:
  52              		.loc 1 116 0
  53 000a 817F     		ldrb	r1, [r0, #30]	@ zero_extendqisi2
ARM GAS  C:\Users\DNIEL~1\AppData\Local\Temp\ccGQZSre.s 			page 2


  54 000c 4B1C     		adds	r3, r1, #1
  55              	.LVL3:
  56 000e 8377     		strb	r3, [r0, #30]
  57              	.LBB3:
  58              		.loc 1 118 0
  59 0010 0023     		movs	r3, #0
  60              	.LVL4:
  61              	@ 118 "../../../ChibiOS/os/kernel/src/chregistry.c" 1
  62 0012 83F31188 		msr     BASEPRI, r3
  63              	@ 0 "" 2
  64              	.LVL5:
  65              		.thumb
  66              	.LBE3:
  67              		.loc 1 120 0
  68 0016 7047     		bx	lr
  69              	.L3:
  70              		.align	2
  71              	.L2:
  72 0018 00000000 		.word	rlist
  73              		.cfi_endproc
  74              	.LFE7:
  75              		.size	chRegFirstThread, .-chRegFirstThread
  76 001c AFF30080 		.section	.text.chRegNextThread,"ax",%progbits
  77              		.align	2
  78              		.p2align 4,,15
  79              		.global	chRegNextThread
  80              		.thumb
  81              		.thumb_func
  82              		.type	chRegNextThread, %function
  83              	chRegNextThread:
  84              	.LFB8:
  85              		.loc 1 133 0
  86              		.cfi_startproc
  87              		@ args = 0, pretend = 0, frame = 0
  88              		@ frame_needed = 0, uses_anonymous_args = 0
  89              	.LVL6:
  90 0000 10B5     		push	{r4, lr}
  91              	.LCFI0:
  92              		.cfi_def_cfa_offset 8
  93              	.LBB4:
  94              		.loc 1 136 0
  95 0002 2023     		movs	r3, #32
  96              	.LVL7:
  97              	@ 136 "../../../ChibiOS/os/kernel/src/chregistry.c" 1
  98 0004 83F31188 		msr     BASEPRI, r3
  99              	@ 0 "" 2
 100              	.LVL8:
 101              		.thumb
 102              	.LBE4:
 103              		.loc 1 138 0
 104 0008 0A4B     		ldr	r3, .L8
 105              	.LVL9:
 106              		.loc 1 137 0
 107 000a 0469     		ldr	r4, [r0, #16]
 108              		.cfi_offset 14, -4
 109              		.cfi_offset 4, -8
 110              	.LVL10:
ARM GAS  C:\Users\DNIEL~1\AppData\Local\Temp\ccGQZSre.s 			page 3


 111              		.loc 1 138 0
 112 000c 9C42     		cmp	r4, r3
 113 000e 09D0     		beq	.L6
 114              		.loc 1 144 0
 115 0010 A27F     		ldrb	r2, [r4, #30]	@ zero_extendqisi2
 116 0012 511C     		adds	r1, r2, #1
 117 0014 A177     		strb	r1, [r4, #30]
 118              	.LBB5:
 119              		.loc 1 147 0
 120 0016 0023     		movs	r3, #0
 121              	.LVL11:
 122              	@ 147 "../../../ChibiOS/os/kernel/src/chregistry.c" 1
 123 0018 83F31188 		msr     BASEPRI, r3
 124              	@ 0 "" 2
 125              	.LVL12:
 126              		.thumb
 127              	.LBE5:
 128              		.loc 1 149 0
 129 001c FFF7FEFF 		bl	chThdRelease
 130              	.LVL13:
 131              		.loc 1 152 0
 132 0020 2046     		mov	r0, r4
 133 0022 10BD     		pop	{r4, pc}
 134              	.LVL14:
 135              	.L6:
 136              		.loc 1 139 0
 137 0024 0024     		movs	r4, #0
 138              	.LVL15:
 139              	.LBB6:
 140              		.loc 1 147 0
 141 0026 0023     		movs	r3, #0
 142              	@ 147 "../../../ChibiOS/os/kernel/src/chregistry.c" 1
 143 0028 83F31188 		msr     BASEPRI, r3
 144              	@ 0 "" 2
 145              	.LVL16:
 146              		.thumb
 147              	.LBE6:
 148              		.loc 1 149 0
 149 002c FFF7FEFF 		bl	chThdRelease
 150              	.LVL17:
 151              		.loc 1 152 0
 152 0030 2046     		mov	r0, r4
 153 0032 10BD     		pop	{r4, pc}
 154              	.L9:
 155              		.align	2
 156              	.L8:
 157 0034 00000000 		.word	rlist
 158              		.cfi_endproc
 159              	.LFE8:
 160              		.size	chRegNextThread, .-chRegNextThread
 161              		.global	ch_debug
 162 0038 AFF30080 		.section	.rodata.ch_debug,"a",%progbits
 162      AFF30080 
 163              		.align	2
 164              		.type	ch_debug, %object
 165              		.size	ch_debug, 22
 166              	ch_debug:
ARM GAS  C:\Users\DNIEL~1\AppData\Local\Temp\ccGQZSre.s 			page 4


 167 0000 6D61696E 		.ascii	"main"
 168 0004 00       		.byte	0
 169 0005 16       		.byte	22
 170 0006 4111     		.short	4417
 171 0008 04       		.byte	4
 172 0009 04       		.byte	4
 173 000a 48       		.byte	72
 174 000b 08       		.byte	8
 175 000c 0C       		.byte	12
 176 000d 10       		.byte	16
 177 000e 14       		.byte	20
 178 000f 18       		.byte	24
 179 0010 00       		.byte	0
 180 0011 1C       		.byte	28
 181 0012 1D       		.byte	29
 182 0013 1E       		.byte	30
 183 0014 1F       		.byte	31
 184 0015 20       		.byte	32
 185 0016 0000     		.text
 186              	.Letext0:
 187              		.section	.debug_loc,"",%progbits
 188              	.Ldebug_loc0:
 189              	.LLST0:
 190 0000 06000000 		.4byte	.LVL1
 191 0004 0E000000 		.4byte	.LVL3
 192 0008 0100     		.2byte	0x1
 193 000a 53       		.byte	0x53
 194 000b 00000000 		.4byte	0x0
 195 000f 00000000 		.4byte	0x0
 196              	.LLST1:
 197 0013 16000000 		.4byte	.LVL5
 198 0017 1C000000 		.4byte	.LFE7
 199 001b 0100     		.2byte	0x1
 200 001d 53       		.byte	0x53
 201 001e 00000000 		.4byte	0x0
 202 0022 00000000 		.4byte	0x0
 203              	.LLST2:
 204 0026 00000000 		.4byte	.LFB8
 205 002a 02000000 		.4byte	.LCFI0
 206 002e 0200     		.2byte	0x2
 207 0030 7D       		.byte	0x7d
 208 0031 00       		.sleb128 0
 209 0032 02000000 		.4byte	.LCFI0
 210 0036 38000000 		.4byte	.LFE8
 211 003a 0200     		.2byte	0x2
 212 003c 7D       		.byte	0x7d
 213 003d 08       		.sleb128 8
 214 003e 00000000 		.4byte	0x0
 215 0042 00000000 		.4byte	0x0
 216              	.LLST3:
 217 0046 00000000 		.4byte	.LVL6
 218 004a 1F000000 		.4byte	.LVL13-1
 219 004e 0100     		.2byte	0x1
 220 0050 50       		.byte	0x50
 221 0051 24000000 		.4byte	.LVL14
 222 0055 2F000000 		.4byte	.LVL17-1
 223 0059 0100     		.2byte	0x1
ARM GAS  C:\Users\DNIEL~1\AppData\Local\Temp\ccGQZSre.s 			page 5


 224 005b 50       		.byte	0x50
 225 005c 00000000 		.4byte	0x0
 226 0060 00000000 		.4byte	0x0
 227              	.LLST4:
 228 0064 0C000000 		.4byte	.LVL10
 229 0068 1F000000 		.4byte	.LVL13-1
 230 006c 0200     		.2byte	0x2
 231 006e 70       		.byte	0x70
 232 006f 10       		.sleb128 16
 233 0070 1F000000 		.4byte	.LVL13-1
 234 0074 26000000 		.4byte	.LVL15
 235 0078 0100     		.2byte	0x1
 236 007a 54       		.byte	0x54
 237 007b 26000000 		.4byte	.LVL15
 238 007f 38000000 		.4byte	.LFE8
 239 0083 0100     		.2byte	0x1
 240 0085 54       		.byte	0x54
 241 0086 00000000 		.4byte	0x0
 242 008a 00000000 		.4byte	0x0
 243              	.LLST5:
 244 008e 08000000 		.4byte	.LVL8
 245 0092 0A000000 		.4byte	.LVL9
 246 0096 0100     		.2byte	0x1
 247 0098 53       		.byte	0x53
 248 0099 00000000 		.4byte	0x0
 249 009d 00000000 		.4byte	0x0
 250              	.LLST6:
 251 00a1 1C000000 		.4byte	.LVL12
 252 00a5 1F000000 		.4byte	.LVL13-1
 253 00a9 0100     		.2byte	0x1
 254 00ab 53       		.byte	0x53
 255 00ac 2C000000 		.4byte	.LVL16
 256 00b0 2F000000 		.4byte	.LVL17-1
 257 00b4 0100     		.2byte	0x1
 258 00b6 53       		.byte	0x53
 259 00b7 00000000 		.4byte	0x0
 260 00bb 00000000 		.4byte	0x0
 261              		.file 2 "c:\\program files (x86)\\codesourcery\\sourcery g++ lite\\bin\\../lib/gcc/arm-none-eabi/4
 262              		.file 3 "c:\\program files (x86)\\codesourcery\\sourcery g++ lite\\bin\\../lib/gcc/arm-none-eabi/4
 263              		.file 4 "../../../ChibiOS/os/ports/GCC/ARMCMx/chtypes.h"
 264              		.file 5 "../../../ChibiOS/os/kernel/include/chlists.h"
 265              		.file 6 "../../../ChibiOS/os/kernel/include/chthreads.h"
 266              		.file 7 "../../../ChibiOS/os/ports/GCC/ARMCMx/chcore_v7m.h"
 267              		.file 8 "../../../ChibiOS/os/kernel/include/chschd.h"
 268              		.file 9 "../../../ChibiOS/os/kernel/include/chmtx.h"
 269              		.file 10 "../../../ChibiOS/os/kernel/include/chregistry.h"
 270              		.section	.debug_info
 271 0000 5E060000 		.4byte	0x65e
 272 0004 0200     		.2byte	0x2
 273 0006 00000000 		.4byte	.Ldebug_abbrev0
 274 000a 04       		.byte	0x4
 275 000b 01       		.uleb128 0x1
 276 000c A9030000 		.4byte	.LASF86
 277 0010 01       		.byte	0x1
 278 0011 CF010000 		.4byte	.LASF87
 279 0015 03010000 		.4byte	.LASF88
 280 0019 00000000 		.4byte	0x0
ARM GAS  C:\Users\DNIEL~1\AppData\Local\Temp\ccGQZSre.s 			page 6


 281 001d 00000000 		.4byte	0x0
 282 0021 18000000 		.4byte	.Ldebug_ranges0+0x18
 283 0025 00000000 		.4byte	.Ldebug_line0
 284 0029 02       		.uleb128 0x2
 285 002a 04       		.byte	0x4
 286 002b 05       		.byte	0x5
 287 002c 696E7400 		.ascii	"int\000"
 288 0030 03       		.uleb128 0x3
 289 0031 13000000 		.4byte	.LASF2
 290 0035 02       		.byte	0x2
 291 0036 D3       		.byte	0xd3
 292 0037 3B000000 		.4byte	0x3b
 293 003b 04       		.uleb128 0x4
 294 003c 04       		.byte	0x4
 295 003d 07       		.byte	0x7
 296 003e 52010000 		.4byte	.LASF0
 297 0042 04       		.uleb128 0x4
 298 0043 01       		.byte	0x1
 299 0044 06       		.byte	0x6
 300 0045 82000000 		.4byte	.LASF1
 301 0049 03       		.uleb128 0x3
 302 004a 9A030000 		.4byte	.LASF3
 303 004e 03       		.byte	0x3
 304 004f 2A       		.byte	0x2a
 305 0050 54000000 		.4byte	0x54
 306 0054 04       		.uleb128 0x4
 307 0055 01       		.byte	0x1
 308 0056 08       		.byte	0x8
 309 0057 86020000 		.4byte	.LASF4
 310 005b 04       		.uleb128 0x4
 311 005c 02       		.byte	0x2
 312 005d 05       		.byte	0x5
 313 005e 9E020000 		.4byte	.LASF5
 314 0062 03       		.uleb128 0x3
 315 0063 D7000000 		.4byte	.LASF6
 316 0067 03       		.byte	0x3
 317 0068 36       		.byte	0x36
 318 0069 6D000000 		.4byte	0x6d
 319 006d 04       		.uleb128 0x4
 320 006e 02       		.byte	0x2
 321 006f 07       		.byte	0x7
 322 0070 90010000 		.4byte	.LASF7
 323 0074 03       		.uleb128 0x3
 324 0075 7E020000 		.4byte	.LASF8
 325 0079 03       		.byte	0x3
 326 007a 4F       		.byte	0x4f
 327 007b 7F000000 		.4byte	0x7f
 328 007f 04       		.uleb128 0x4
 329 0080 04       		.byte	0x4
 330 0081 05       		.byte	0x5
 331 0082 C5000000 		.4byte	.LASF9
 332 0086 03       		.uleb128 0x3
 333 0087 11030000 		.4byte	.LASF10
 334 008b 03       		.byte	0x3
 335 008c 50       		.byte	0x50
 336 008d 91000000 		.4byte	0x91
 337 0091 04       		.uleb128 0x4
ARM GAS  C:\Users\DNIEL~1\AppData\Local\Temp\ccGQZSre.s 			page 7


 338 0092 04       		.byte	0x4
 339 0093 07       		.byte	0x7
 340 0094 5F010000 		.4byte	.LASF11
 341 0098 04       		.uleb128 0x4
 342 0099 08       		.byte	0x8
 343 009a 05       		.byte	0x5
 344 009b 74000000 		.4byte	.LASF12
 345 009f 04       		.uleb128 0x4
 346 00a0 08       		.byte	0x8
 347 00a1 07       		.byte	0x7
 348 00a2 21000000 		.4byte	.LASF13
 349 00a6 03       		.uleb128 0x3
 350 00a7 A9010000 		.4byte	.LASF14
 351 00ab 04       		.byte	0x4
 352 00ac 28       		.byte	0x28
 353 00ad 49000000 		.4byte	0x49
 354 00b1 03       		.uleb128 0x3
 355 00b2 CE000000 		.4byte	.LASF15
 356 00b6 04       		.byte	0x4
 357 00b7 29       		.byte	0x29
 358 00b8 49000000 		.4byte	0x49
 359 00bc 03       		.uleb128 0x3
 360 00bd 5C020000 		.4byte	.LASF16
 361 00c1 04       		.byte	0x4
 362 00c2 2A       		.byte	0x2a
 363 00c3 49000000 		.4byte	0x49
 364 00c7 03       		.uleb128 0x3
 365 00c8 BB000000 		.4byte	.LASF17
 366 00cc 04       		.byte	0x4
 367 00cd 2B       		.byte	0x2b
 368 00ce 49000000 		.4byte	0x49
 369 00d2 03       		.uleb128 0x3
 370 00d3 76020000 		.4byte	.LASF18
 371 00d7 04       		.byte	0x4
 372 00d8 2C       		.byte	0x2c
 373 00d9 86000000 		.4byte	0x86
 374 00dd 03       		.uleb128 0x3
 375 00de A3010000 		.4byte	.LASF19
 376 00e2 04       		.byte	0x4
 377 00e3 2D       		.byte	0x2d
 378 00e4 74000000 		.4byte	0x74
 379 00e8 03       		.uleb128 0x3
 380 00e9 BD010000 		.4byte	.LASF20
 381 00ed 04       		.byte	0x4
 382 00ee 2F       		.byte	0x2f
 383 00ef 86000000 		.4byte	0x86
 384 00f3 03       		.uleb128 0x3
 385 00f4 4A030000 		.4byte	.LASF21
 386 00f8 04       		.byte	0x4
 387 00f9 31       		.byte	0x31
 388 00fa 86000000 		.4byte	0x86
 389 00fe 03       		.uleb128 0x3
 390 00ff F2020000 		.4byte	.LASF22
 391 0103 05       		.byte	0x5
 392 0104 23       		.byte	0x23
 393 0105 09010000 		.4byte	0x109
 394 0109 05       		.uleb128 0x5
ARM GAS  C:\Users\DNIEL~1\AppData\Local\Temp\ccGQZSre.s 			page 8


 395 010a F2020000 		.4byte	.LASF22
 396 010e 48       		.byte	0x48
 397 010f 06       		.byte	0x6
 398 0110 57       		.byte	0x57
 399 0111 2E020000 		.4byte	0x22e
 400 0115 06       		.uleb128 0x6
 401 0116 D4020000 		.4byte	.LASF23
 402 011a 06       		.byte	0x6
 403 011b 58       		.byte	0x58
 404 011c 53020000 		.4byte	0x253
 405 0120 02       		.byte	0x2
 406 0121 23       		.byte	0x23
 407 0122 00       		.uleb128 0x0
 408 0123 06       		.uleb128 0x6
 409 0124 6F020000 		.4byte	.LASF24
 410 0128 06       		.byte	0x6
 411 0129 5A       		.byte	0x5a
 412 012a 53020000 		.4byte	0x253
 413 012e 02       		.byte	0x2
 414 012f 23       		.byte	0x23
 415 0130 04       		.uleb128 0x4
 416 0131 06       		.uleb128 0x6
 417 0132 60000000 		.4byte	.LASF25
 418 0136 06       		.byte	0x6
 419 0137 5C       		.byte	0x5c
 420 0138 D2000000 		.4byte	0xd2
 421 013c 02       		.byte	0x2
 422 013d 23       		.byte	0x23
 423 013e 08       		.uleb128 0x8
 424 013f 06       		.uleb128 0x6
 425 0140 CF030000 		.4byte	.LASF26
 426 0144 06       		.byte	0x6
 427 0145 5D       		.byte	0x5d
 428 0146 21030000 		.4byte	0x321
 429 014a 02       		.byte	0x2
 430 014b 23       		.byte	0x23
 431 014c 0C       		.uleb128 0xc
 432 014d 06       		.uleb128 0x6
 433 014e EA000000 		.4byte	.LASF27
 434 0152 06       		.byte	0x6
 435 0153 5F       		.byte	0x5f
 436 0154 53020000 		.4byte	0x253
 437 0158 02       		.byte	0x2
 438 0159 23       		.byte	0x23
 439 015a 10       		.uleb128 0x10
 440 015b 06       		.uleb128 0x6
 441 015c 27020000 		.4byte	.LASF28
 442 0160 06       		.byte	0x6
 443 0161 60       		.byte	0x60
 444 0162 53020000 		.4byte	0x253
 445 0166 02       		.byte	0x2
 446 0167 23       		.byte	0x23
 447 0168 14       		.uleb128 0x14
 448 0169 06       		.uleb128 0x6
 449 016a B5030000 		.4byte	.LASF29
 450 016e 06       		.byte	0x6
 451 016f 67       		.byte	0x67
ARM GAS  C:\Users\DNIEL~1\AppData\Local\Temp\ccGQZSre.s 			page 9


 452 0170 2E040000 		.4byte	0x42e
 453 0174 02       		.byte	0x2
 454 0175 23       		.byte	0x23
 455 0176 18       		.uleb128 0x18
 456 0177 06       		.uleb128 0x6
 457 0178 A8020000 		.4byte	.LASF30
 458 017c 06       		.byte	0x6
 459 017d 72       		.byte	0x72
 460 017e B1000000 		.4byte	0xb1
 461 0182 02       		.byte	0x2
 462 0183 23       		.byte	0x23
 463 0184 1C       		.uleb128 0x1c
 464 0185 06       		.uleb128 0x6
 465 0186 EA020000 		.4byte	.LASF31
 466 018a 06       		.byte	0x6
 467 018b 76       		.byte	0x76
 468 018c A6000000 		.4byte	0xa6
 469 0190 02       		.byte	0x2
 470 0191 23       		.byte	0x23
 471 0192 1D       		.uleb128 0x1d
 472 0193 06       		.uleb128 0x6
 473 0194 83030000 		.4byte	.LASF32
 474 0198 06       		.byte	0x6
 475 0199 7B       		.byte	0x7b
 476 019a BC000000 		.4byte	0xbc
 477 019e 02       		.byte	0x2
 478 019f 23       		.byte	0x23
 479 01a0 1E       		.uleb128 0x1e
 480 01a1 06       		.uleb128 0x6
 481 01a2 B0020000 		.4byte	.LASF33
 482 01a6 06       		.byte	0x6
 483 01a7 81       		.byte	0x81
 484 01a8 C7000000 		.4byte	0xc7
 485 01ac 02       		.byte	0x2
 486 01ad 23       		.byte	0x23
 487 01ae 1F       		.uleb128 0x1f
 488 01af 06       		.uleb128 0x6
 489 01b0 5F030000 		.4byte	.LASF34
 490 01b4 06       		.byte	0x6
 491 01b5 88       		.byte	0x88
 492 01b6 44030000 		.4byte	0x344
 493 01ba 02       		.byte	0x2
 494 01bb 23       		.byte	0x23
 495 01bc 20       		.uleb128 0x20
 496 01bd 07       		.uleb128 0x7
 497 01be 705F7500 		.ascii	"p_u\000"
 498 01c2 06       		.byte	0x6
 499 01c3 AD       		.byte	0xad
 500 01c4 F9030000 		.4byte	0x3f9
 501 01c8 02       		.byte	0x2
 502 01c9 23       		.byte	0x23
 503 01ca 24       		.uleb128 0x24
 504 01cb 06       		.uleb128 0x6
 505 01cc D5030000 		.4byte	.LASF35
 506 01d0 06       		.byte	0x6
 507 01d1 B2       		.byte	0xb2
 508 01d2 7B020000 		.4byte	0x27b
ARM GAS  C:\Users\DNIEL~1\AppData\Local\Temp\ccGQZSre.s 			page 10


 509 01d6 02       		.byte	0x2
 510 01d7 23       		.byte	0x23
 511 01d8 28       		.uleb128 0x28
 512 01d9 06       		.uleb128 0x6
 513 01da 6D030000 		.4byte	.LASF36
 514 01de 06       		.byte	0x6
 515 01df B8       		.byte	0xb8
 516 01e0 59020000 		.4byte	0x259
 517 01e4 02       		.byte	0x2
 518 01e5 23       		.byte	0x23
 519 01e6 2C       		.uleb128 0x2c
 520 01e7 06       		.uleb128 0x6
 521 01e8 0D000000 		.4byte	.LASF37
 522 01ec 06       		.byte	0x6
 523 01ed BC       		.byte	0xbc
 524 01ee DD000000 		.4byte	0xdd
 525 01f2 02       		.byte	0x2
 526 01f3 23       		.byte	0x23
 527 01f4 34       		.uleb128 0x34
 528 01f5 06       		.uleb128 0x6
 529 01f6 06030000 		.4byte	.LASF38
 530 01fa 06       		.byte	0x6
 531 01fb C2       		.byte	0xc2
 532 01fc E8000000 		.4byte	0xe8
 533 0200 02       		.byte	0x2
 534 0201 23       		.byte	0x23
 535 0202 38       		.uleb128 0x38
 536 0203 06       		.uleb128 0x6
 537 0204 94020000 		.4byte	.LASF39
 538 0208 06       		.byte	0x6
 539 0209 C9       		.byte	0xc9
 540 020a 40040000 		.4byte	0x440
 541 020e 02       		.byte	0x2
 542 020f 23       		.byte	0x23
 543 0210 3C       		.uleb128 0x3c
 544 0211 06       		.uleb128 0x6
 545 0212 54030000 		.4byte	.LASF40
 546 0216 06       		.byte	0x6
 547 0217 CD       		.byte	0xcd
 548 0218 D2000000 		.4byte	0xd2
 549 021c 02       		.byte	0x2
 550 021d 23       		.byte	0x23
 551 021e 40       		.uleb128 0x40
 552 021f 06       		.uleb128 0x6
 553 0220 AB000000 		.4byte	.LASF41
 554 0224 06       		.byte	0x6
 555 0225 D3       		.byte	0xd3
 556 0226 91020000 		.4byte	0x291
 557 022a 02       		.byte	0x2
 558 022b 23       		.byte	0x23
 559 022c 44       		.uleb128 0x44
 560 022d 00       		.byte	0x0
 561 022e 08       		.uleb128 0x8
 562 022f 08       		.byte	0x8
 563 0230 05       		.byte	0x5
 564 0231 5A       		.byte	0x5a
 565 0232 53020000 		.4byte	0x253
ARM GAS  C:\Users\DNIEL~1\AppData\Local\Temp\ccGQZSre.s 			page 11


 566 0236 06       		.uleb128 0x6
 567 0237 D4020000 		.4byte	.LASF23
 568 023b 05       		.byte	0x5
 569 023c 5B       		.byte	0x5b
 570 023d 53020000 		.4byte	0x253
 571 0241 02       		.byte	0x2
 572 0242 23       		.byte	0x23
 573 0243 00       		.uleb128 0x0
 574 0244 06       		.uleb128 0x6
 575 0245 6F020000 		.4byte	.LASF24
 576 0249 05       		.byte	0x5
 577 024a 5D       		.byte	0x5d
 578 024b 53020000 		.4byte	0x253
 579 024f 02       		.byte	0x2
 580 0250 23       		.byte	0x23
 581 0251 04       		.uleb128 0x4
 582 0252 00       		.byte	0x0
 583 0253 09       		.uleb128 0x9
 584 0254 04       		.byte	0x4
 585 0255 FE000000 		.4byte	0xfe
 586 0259 03       		.uleb128 0x3
 587 025a 35020000 		.4byte	.LASF42
 588 025e 05       		.byte	0x5
 589 025f 5F       		.byte	0x5f
 590 0260 2E020000 		.4byte	0x22e
 591 0264 08       		.uleb128 0x8
 592 0265 04       		.byte	0x4
 593 0266 05       		.byte	0x5
 594 0267 64       		.byte	0x64
 595 0268 7B020000 		.4byte	0x27b
 596 026c 06       		.uleb128 0x6
 597 026d D4020000 		.4byte	.LASF23
 598 0271 05       		.byte	0x5
 599 0272 66       		.byte	0x66
 600 0273 53020000 		.4byte	0x253
 601 0277 02       		.byte	0x2
 602 0278 23       		.byte	0x23
 603 0279 00       		.uleb128 0x0
 604 027a 00       		.byte	0x0
 605 027b 03       		.uleb128 0x3
 606 027c B1010000 		.4byte	.LASF43
 607 0280 05       		.byte	0x5
 608 0281 69       		.byte	0x69
 609 0282 64020000 		.4byte	0x264
 610 0286 03       		.uleb128 0x3
 611 0287 FA000000 		.4byte	.LASF44
 612 028b 07       		.byte	0x7
 613 028c DE       		.byte	0xde
 614 028d 91020000 		.4byte	0x291
 615 0291 0A       		.uleb128 0xa
 616 0292 04       		.byte	0x4
 617 0293 0B       		.uleb128 0xb
 618 0294 66030000 		.4byte	.LASF45
 619 0298 24       		.byte	0x24
 620 0299 07       		.byte	0x7
 621 029a 0501     		.2byte	0x105
 622 029c 21030000 		.4byte	0x321
ARM GAS  C:\Users\DNIEL~1\AppData\Local\Temp\ccGQZSre.s 			page 12


 623 02a0 0C       		.uleb128 0xc
 624 02a1 723400   		.ascii	"r4\000"
 625 02a4 07       		.byte	0x7
 626 02a5 1801     		.2byte	0x118
 627 02a7 86020000 		.4byte	0x286
 628 02ab 02       		.byte	0x2
 629 02ac 23       		.byte	0x23
 630 02ad 00       		.uleb128 0x0
 631 02ae 0C       		.uleb128 0xc
 632 02af 723500   		.ascii	"r5\000"
 633 02b2 07       		.byte	0x7
 634 02b3 1901     		.2byte	0x119
 635 02b5 86020000 		.4byte	0x286
 636 02b9 02       		.byte	0x2
 637 02ba 23       		.byte	0x23
 638 02bb 04       		.uleb128 0x4
 639 02bc 0C       		.uleb128 0xc
 640 02bd 723600   		.ascii	"r6\000"
 641 02c0 07       		.byte	0x7
 642 02c1 1A01     		.2byte	0x11a
 643 02c3 86020000 		.4byte	0x286
 644 02c7 02       		.byte	0x2
 645 02c8 23       		.byte	0x23
 646 02c9 08       		.uleb128 0x8
 647 02ca 0C       		.uleb128 0xc
 648 02cb 723700   		.ascii	"r7\000"
 649 02ce 07       		.byte	0x7
 650 02cf 1B01     		.2byte	0x11b
 651 02d1 86020000 		.4byte	0x286
 652 02d5 02       		.byte	0x2
 653 02d6 23       		.byte	0x23
 654 02d7 0C       		.uleb128 0xc
 655 02d8 0C       		.uleb128 0xc
 656 02d9 723800   		.ascii	"r8\000"
 657 02dc 07       		.byte	0x7
 658 02dd 1C01     		.2byte	0x11c
 659 02df 86020000 		.4byte	0x286
 660 02e3 02       		.byte	0x2
 661 02e4 23       		.byte	0x23
 662 02e5 10       		.uleb128 0x10
 663 02e6 0C       		.uleb128 0xc
 664 02e7 723900   		.ascii	"r9\000"
 665 02ea 07       		.byte	0x7
 666 02eb 1D01     		.2byte	0x11d
 667 02ed 86020000 		.4byte	0x286
 668 02f1 02       		.byte	0x2
 669 02f2 23       		.byte	0x23
 670 02f3 14       		.uleb128 0x14
 671 02f4 0C       		.uleb128 0xc
 672 02f5 72313000 		.ascii	"r10\000"
 673 02f9 07       		.byte	0x7
 674 02fa 1E01     		.2byte	0x11e
 675 02fc 86020000 		.4byte	0x286
 676 0300 02       		.byte	0x2
 677 0301 23       		.byte	0x23
 678 0302 18       		.uleb128 0x18
 679 0303 0C       		.uleb128 0xc
ARM GAS  C:\Users\DNIEL~1\AppData\Local\Temp\ccGQZSre.s 			page 13


 680 0304 72313100 		.ascii	"r11\000"
 681 0308 07       		.byte	0x7
 682 0309 1F01     		.2byte	0x11f
 683 030b 86020000 		.4byte	0x286
 684 030f 02       		.byte	0x2
 685 0310 23       		.byte	0x23
 686 0311 1C       		.uleb128 0x1c
 687 0312 0C       		.uleb128 0xc
 688 0313 6C7200   		.ascii	"lr\000"
 689 0316 07       		.byte	0x7
 690 0317 2001     		.2byte	0x120
 691 0319 86020000 		.4byte	0x286
 692 031d 02       		.byte	0x2
 693 031e 23       		.byte	0x23
 694 031f 20       		.uleb128 0x20
 695 0320 00       		.byte	0x0
 696 0321 0B       		.uleb128 0xb
 697 0322 88010000 		.4byte	.LASF46
 698 0326 04       		.byte	0x4
 699 0327 07       		.byte	0x7
 700 0328 2A01     		.2byte	0x12a
 701 032a 3E030000 		.4byte	0x33e
 702 032e 0C       		.uleb128 0xc
 703 032f 72313300 		.ascii	"r13\000"
 704 0333 07       		.byte	0x7
 705 0334 2B01     		.2byte	0x12b
 706 0336 3E030000 		.4byte	0x33e
 707 033a 02       		.byte	0x2
 708 033b 23       		.byte	0x23
 709 033c 00       		.uleb128 0x0
 710 033d 00       		.byte	0x0
 711 033e 09       		.uleb128 0x9
 712 033f 04       		.byte	0x4
 713 0340 93020000 		.4byte	0x293
 714 0344 0D       		.uleb128 0xd
 715 0345 F3000000 		.4byte	0xf3
 716 0349 08       		.uleb128 0x8
 717 034a 1C       		.byte	0x1c
 718 034b 08       		.byte	0x8
 719 034c 57       		.byte	0x57
 720 034d A6030000 		.4byte	0x3a6
 721 0351 06       		.uleb128 0x6
 722 0352 26030000 		.4byte	.LASF47
 723 0356 08       		.byte	0x8
 724 0357 58       		.byte	0x58
 725 0358 59020000 		.4byte	0x259
 726 035c 02       		.byte	0x2
 727 035d 23       		.byte	0x23
 728 035e 00       		.uleb128 0x0
 729 035f 06       		.uleb128 0x6
 730 0360 C6020000 		.4byte	.LASF48
 731 0364 08       		.byte	0x8
 732 0365 59       		.byte	0x59
 733 0366 D2000000 		.4byte	0xd2
 734 036a 02       		.byte	0x2
 735 036b 23       		.byte	0x23
 736 036c 08       		.uleb128 0x8
ARM GAS  C:\Users\DNIEL~1\AppData\Local\Temp\ccGQZSre.s 			page 14


 737 036d 06       		.uleb128 0x6
 738 036e 2F020000 		.4byte	.LASF49
 739 0372 08       		.byte	0x8
 740 0373 5B       		.byte	0x5b
 741 0374 21030000 		.4byte	0x321
 742 0378 02       		.byte	0x2
 743 0379 23       		.byte	0x23
 744 037a 0C       		.uleb128 0xc
 745 037b 06       		.uleb128 0x6
 746 037c F2000000 		.4byte	.LASF50
 747 0380 08       		.byte	0x8
 748 0381 5E       		.byte	0x5e
 749 0382 53020000 		.4byte	0x253
 750 0386 02       		.byte	0x2
 751 0387 23       		.byte	0x23
 752 0388 10       		.uleb128 0x10
 753 0389 06       		.uleb128 0x6
 754 038a 54020000 		.4byte	.LASF51
 755 038e 08       		.byte	0x8
 756 038f 5F       		.byte	0x5f
 757 0390 53020000 		.4byte	0x253
 758 0394 02       		.byte	0x2
 759 0395 23       		.byte	0x23
 760 0396 14       		.uleb128 0x14
 761 0397 06       		.uleb128 0x6
 762 0398 4A020000 		.4byte	.LASF52
 763 039c 08       		.byte	0x8
 764 039d 62       		.byte	0x62
 765 039e 53020000 		.4byte	0x253
 766 03a2 02       		.byte	0x2
 767 03a3 23       		.byte	0x23
 768 03a4 18       		.uleb128 0x18
 769 03a5 00       		.byte	0x0
 770 03a6 03       		.uleb128 0x3
 771 03a7 8A030000 		.4byte	.LASF53
 772 03ab 08       		.byte	0x8
 773 03ac 64       		.byte	0x64
 774 03ad 49030000 		.4byte	0x349
 775 03b1 05       		.uleb128 0x5
 776 03b2 C9010000 		.4byte	.LASF54
 777 03b6 10       		.byte	0x10
 778 03b7 09       		.byte	0x9
 779 03b8 25       		.byte	0x25
 780 03b9 E8030000 		.4byte	0x3e8
 781 03bd 06       		.uleb128 0x6
 782 03be B3000000 		.4byte	.LASF55
 783 03c2 09       		.byte	0x9
 784 03c3 26       		.byte	0x26
 785 03c4 59020000 		.4byte	0x259
 786 03c8 02       		.byte	0x2
 787 03c9 23       		.byte	0x23
 788 03ca 00       		.uleb128 0x0
 789 03cb 06       		.uleb128 0x6
 790 03cc C7030000 		.4byte	.LASF56
 791 03d0 09       		.byte	0x9
 792 03d1 28       		.byte	0x28
 793 03d2 53020000 		.4byte	0x253
ARM GAS  C:\Users\DNIEL~1\AppData\Local\Temp\ccGQZSre.s 			page 15


 794 03d6 02       		.byte	0x2
 795 03d7 23       		.byte	0x23
 796 03d8 08       		.uleb128 0x8
 797 03d9 06       		.uleb128 0x6
 798 03da 43030000 		.4byte	.LASF57
 799 03de 09       		.byte	0x9
 800 03df 2A       		.byte	0x2a
 801 03e0 E8030000 		.4byte	0x3e8
 802 03e4 02       		.byte	0x2
 803 03e5 23       		.byte	0x23
 804 03e6 0C       		.uleb128 0xc
 805 03e7 00       		.byte	0x0
 806 03e8 09       		.uleb128 0x9
 807 03e9 04       		.byte	0x4
 808 03ea B1030000 		.4byte	0x3b1
 809 03ee 03       		.uleb128 0x3
 810 03ef C9010000 		.4byte	.LASF54
 811 03f3 09       		.byte	0x9
 812 03f4 2C       		.byte	0x2c
 813 03f5 B1030000 		.4byte	0x3b1
 814 03f9 0E       		.uleb128 0xe
 815 03fa 04       		.byte	0x4
 816 03fb 06       		.byte	0x6
 817 03fc 8F       		.byte	0x8f
 818 03fd 2E040000 		.4byte	0x42e
 819 0401 0F       		.uleb128 0xf
 820 0402 1A000000 		.4byte	.LASF58
 821 0406 06       		.byte	0x6
 822 0407 96       		.byte	0x96
 823 0408 DD000000 		.4byte	0xdd
 824 040c 0F       		.uleb128 0xf
 825 040d 46000000 		.4byte	.LASF59
 826 0411 06       		.byte	0x6
 827 0412 9D       		.byte	0x9d
 828 0413 DD000000 		.4byte	0xdd
 829 0417 0F       		.uleb128 0xf
 830 0418 A2030000 		.4byte	.LASF60
 831 041c 06       		.byte	0x6
 832 041d A4       		.byte	0xa4
 833 041e 91020000 		.4byte	0x291
 834 0422 0F       		.uleb128 0xf
 835 0423 CD020000 		.4byte	.LASF61
 836 0427 06       		.byte	0x6
 837 0428 AB       		.byte	0xab
 838 0429 E8000000 		.4byte	0xe8
 839 042d 00       		.byte	0x0
 840 042e 09       		.uleb128 0x9
 841 042f 04       		.byte	0x4
 842 0430 34040000 		.4byte	0x434
 843 0434 10       		.uleb128 0x10
 844 0435 39040000 		.4byte	0x439
 845 0439 04       		.uleb128 0x4
 846 043a 01       		.byte	0x1
 847 043b 08       		.byte	0x8
 848 043c 2E030000 		.4byte	.LASF62
 849 0440 09       		.uleb128 0x9
 850 0441 04       		.byte	0x4
ARM GAS  C:\Users\DNIEL~1\AppData\Local\Temp\ccGQZSre.s 			page 16


 851 0442 EE030000 		.4byte	0x3ee
 852 0446 08       		.uleb128 0x8
 853 0447 16       		.byte	0x16
 854 0448 0A       		.byte	0xa
 855 0449 25       		.byte	0x25
 856 044a 4B050000 		.4byte	0x54b
 857 044e 06       		.uleb128 0x6
 858 044f 7A010000 		.4byte	.LASF63
 859 0453 0A       		.byte	0xa
 860 0454 26       		.byte	0x26
 861 0455 4B050000 		.4byte	0x54b
 862 0459 02       		.byte	0x2
 863 045a 23       		.byte	0x23
 864 045b 00       		.uleb128 0x0
 865 045c 06       		.uleb128 0x6
 866 045d FB010000 		.4byte	.LASF64
 867 0461 0A       		.byte	0xa
 868 0462 27       		.byte	0x27
 869 0463 49000000 		.4byte	0x49
 870 0467 02       		.byte	0x2
 871 0468 23       		.byte	0x23
 872 0469 04       		.uleb128 0x4
 873 046a 06       		.uleb128 0x6
 874 046b 42020000 		.4byte	.LASF65
 875 046f 0A       		.byte	0xa
 876 0470 28       		.byte	0x28
 877 0471 49000000 		.4byte	0x49
 878 0475 02       		.byte	0x2
 879 0476 23       		.byte	0x23
 880 0477 05       		.uleb128 0x5
 881 0478 06       		.uleb128 0x6
 882 0479 BC030000 		.4byte	.LASF66
 883 047d 0A       		.byte	0xa
 884 047e 29       		.byte	0x29
 885 047f 62000000 		.4byte	0x62
 886 0483 02       		.byte	0x2
 887 0484 23       		.byte	0x23
 888 0485 06       		.uleb128 0x6
 889 0486 06       		.uleb128 0x6
 890 0487 64020000 		.4byte	.LASF67
 891 048b 0A       		.byte	0xa
 892 048c 2A       		.byte	0x2a
 893 048d 49000000 		.4byte	0x49
 894 0491 02       		.byte	0x2
 895 0492 23       		.byte	0x23
 896 0493 08       		.uleb128 0x8
 897 0494 06       		.uleb128 0x6
 898 0495 0F020000 		.4byte	.LASF68
 899 0499 0A       		.byte	0xa
 900 049a 2B       		.byte	0x2b
 901 049b 49000000 		.4byte	0x49
 902 049f 02       		.byte	0x2
 903 04a0 23       		.byte	0x23
 904 04a1 09       		.uleb128 0x9
 905 04a2 06       		.uleb128 0x6
 906 04a3 38000000 		.4byte	.LASF69
 907 04a7 0A       		.byte	0xa
ARM GAS  C:\Users\DNIEL~1\AppData\Local\Temp\ccGQZSre.s 			page 17


 908 04a8 2C       		.byte	0x2c
 909 04a9 49000000 		.4byte	0x49
 910 04ad 02       		.byte	0x2
 911 04ae 23       		.byte	0x23
 912 04af 0A       		.uleb128 0xa
 913 04b0 06       		.uleb128 0x6
 914 04b1 1A030000 		.4byte	.LASF70
 915 04b5 0A       		.byte	0xa
 916 04b6 2D       		.byte	0x2d
 917 04b7 49000000 		.4byte	0x49
 918 04bb 02       		.byte	0x2
 919 04bc 23       		.byte	0x23
 920 04bd 0B       		.uleb128 0xb
 921 04be 06       		.uleb128 0x6
 922 04bf 78030000 		.4byte	.LASF71
 923 04c3 0A       		.byte	0xa
 924 04c4 2E       		.byte	0x2e
 925 04c5 49000000 		.4byte	0x49
 926 04c9 02       		.byte	0x2
 927 04ca 23       		.byte	0x23
 928 04cb 0C       		.uleb128 0xc
 929 04cc 06       		.uleb128 0x6
 930 04cd F9020000 		.4byte	.LASF72
 931 04d1 0A       		.byte	0xa
 932 04d2 2F       		.byte	0x2f
 933 04d3 49000000 		.4byte	0x49
 934 04d7 02       		.byte	0x2
 935 04d8 23       		.byte	0x23
 936 04d9 0D       		.uleb128 0xd
 937 04da 06       		.uleb128 0x6
 938 04db 00000000 		.4byte	.LASF73
 939 04df 0A       		.byte	0xa
 940 04e0 30       		.byte	0x30
 941 04e1 49000000 		.4byte	0x49
 942 04e5 02       		.byte	0x2
 943 04e6 23       		.byte	0x23
 944 04e7 0E       		.uleb128 0xe
 945 04e8 06       		.uleb128 0x6
 946 04e9 1B020000 		.4byte	.LASF74
 947 04ed 0A       		.byte	0xa
 948 04ee 31       		.byte	0x31
 949 04ef 49000000 		.4byte	0x49
 950 04f3 02       		.byte	0x2
 951 04f4 23       		.byte	0x23
 952 04f5 0F       		.uleb128 0xf
 953 04f6 06       		.uleb128 0x6
 954 04f7 8E000000 		.4byte	.LASF75
 955 04fb 0A       		.byte	0xa
 956 04fc 32       		.byte	0x32
 957 04fd 49000000 		.4byte	0x49
 958 0501 02       		.byte	0x2
 959 0502 23       		.byte	0x23
 960 0503 10       		.uleb128 0x10
 961 0504 06       		.uleb128 0x6
 962 0505 67000000 		.4byte	.LASF76
 963 0509 0A       		.byte	0xa
 964 050a 34       		.byte	0x34
ARM GAS  C:\Users\DNIEL~1\AppData\Local\Temp\ccGQZSre.s 			page 18


 965 050b 49000000 		.4byte	0x49
 966 050f 02       		.byte	0x2
 967 0510 23       		.byte	0x23
 968 0511 11       		.uleb128 0x11
 969 0512 06       		.uleb128 0x6
 970 0513 9E000000 		.4byte	.LASF77
 971 0517 0A       		.byte	0xa
 972 0518 35       		.byte	0x35
 973 0519 49000000 		.4byte	0x49
 974 051d 02       		.byte	0x2
 975 051e 23       		.byte	0x23
 976 051f 12       		.uleb128 0x12
 977 0520 06       		.uleb128 0x6
 978 0521 03020000 		.4byte	.LASF78
 979 0525 0A       		.byte	0xa
 980 0526 36       		.byte	0x36
 981 0527 49000000 		.4byte	0x49
 982 052b 02       		.byte	0x2
 983 052c 23       		.byte	0x23
 984 052d 13       		.uleb128 0x13
 985 052e 06       		.uleb128 0x6
 986 052f DB020000 		.4byte	.LASF79
 987 0533 0A       		.byte	0xa
 988 0534 37       		.byte	0x37
 989 0535 49000000 		.4byte	0x49
 990 0539 02       		.byte	0x2
 991 053a 23       		.byte	0x23
 992 053b 14       		.uleb128 0x14
 993 053c 06       		.uleb128 0x6
 994 053d BA020000 		.4byte	.LASF80
 995 0541 0A       		.byte	0xa
 996 0542 39       		.byte	0x39
 997 0543 49000000 		.4byte	0x49
 998 0547 02       		.byte	0x2
 999 0548 23       		.byte	0x23
 1000 0549 15       		.uleb128 0x15
 1001 054a 00       		.byte	0x0
 1002 054b 11       		.uleb128 0x11
 1003 054c 39040000 		.4byte	0x439
 1004 0550 5B050000 		.4byte	0x55b
 1005 0554 12       		.uleb128 0x12
 1006 0555 3B000000 		.4byte	0x3b
 1007 0559 03       		.byte	0x3
 1008 055a 00       		.byte	0x0
 1009 055b 03       		.uleb128 0x3
 1010 055c E0000000 		.4byte	.LASF81
 1011 0560 0A       		.byte	0xa
 1012 0561 3A       		.byte	0x3a
 1013 0562 46040000 		.4byte	0x446
 1014 0566 13       		.uleb128 0x13
 1015 0567 01       		.byte	0x1
 1016 0568 4F000000 		.4byte	.LASF82
 1017 056c 01       		.byte	0x1
 1018 056d 6E       		.byte	0x6e
 1019 056e 01       		.byte	0x1
 1020 056f 53020000 		.4byte	0x253
 1021 0573 00000000 		.4byte	.LFB7
ARM GAS  C:\Users\DNIEL~1\AppData\Local\Temp\ccGQZSre.s 			page 19


 1022 0577 1C000000 		.4byte	.LFE7
 1023 057b 02       		.byte	0x2
 1024 057c 7D       		.byte	0x7d
 1025 057d 00       		.sleb128 0
 1026 057e C3050000 		.4byte	0x5c3
 1027 0582 14       		.uleb128 0x14
 1028 0583 747000   		.ascii	"tp\000"
 1029 0586 01       		.byte	0x1
 1030 0587 6F       		.byte	0x6f
 1031 0588 53020000 		.4byte	0x253
 1032 058c 15       		.uleb128 0x15
 1033 058d 00000000 		.4byte	.LBB2
 1034 0591 06000000 		.4byte	.LBE2
 1035 0595 A9050000 		.4byte	0x5a9
 1036 0599 16       		.uleb128 0x16
 1037 059a 746D7000 		.ascii	"tmp\000"
 1038 059e 01       		.byte	0x1
 1039 059f 71       		.byte	0x71
 1040 05a0 86000000 		.4byte	0x86
 1041 05a4 00000000 		.4byte	.LLST0
 1042 05a8 00       		.byte	0x0
 1043 05a9 17       		.uleb128 0x17
 1044 05aa 10000000 		.4byte	.LBB3
 1045 05ae 16000000 		.4byte	.LBE3
 1046 05b2 16       		.uleb128 0x16
 1047 05b3 746D7000 		.ascii	"tmp\000"
 1048 05b7 01       		.byte	0x1
 1049 05b8 76       		.byte	0x76
 1050 05b9 86000000 		.4byte	0x86
 1051 05bd 13000000 		.4byte	.LLST1
 1052 05c1 00       		.byte	0x0
 1053 05c2 00       		.byte	0x0
 1054 05c3 18       		.uleb128 0x18
 1055 05c4 01       		.byte	0x1
 1056 05c5 33030000 		.4byte	.LASF83
 1057 05c9 01       		.byte	0x1
 1058 05ca 85       		.byte	0x85
 1059 05cb 01       		.byte	0x1
 1060 05cc 53020000 		.4byte	0x253
 1061 05d0 00000000 		.4byte	.LFB8
 1062 05d4 38000000 		.4byte	.LFE8
 1063 05d8 26000000 		.4byte	.LLST2
 1064 05dc 30060000 		.4byte	0x630
 1065 05e0 19       		.uleb128 0x19
 1066 05e1 747000   		.ascii	"tp\000"
 1067 05e4 01       		.byte	0x1
 1068 05e5 85       		.byte	0x85
 1069 05e6 53020000 		.4byte	0x253
 1070 05ea 46000000 		.4byte	.LLST3
 1071 05ee 16       		.uleb128 0x16
 1072 05ef 6E747000 		.ascii	"ntp\000"
 1073 05f3 01       		.byte	0x1
 1074 05f4 86       		.byte	0x86
 1075 05f5 53020000 		.4byte	0x253
 1076 05f9 64000000 		.4byte	.LLST4
 1077 05fd 15       		.uleb128 0x15
 1078 05fe 02000000 		.4byte	.LBB4
ARM GAS  C:\Users\DNIEL~1\AppData\Local\Temp\ccGQZSre.s 			page 20


 1079 0602 08000000 		.4byte	.LBE4
 1080 0606 1A060000 		.4byte	0x61a
 1081 060a 16       		.uleb128 0x16
 1082 060b 746D7000 		.ascii	"tmp\000"
 1083 060f 01       		.byte	0x1
 1084 0610 88       		.byte	0x88
 1085 0611 86000000 		.4byte	0x86
 1086 0615 8E000000 		.4byte	.LLST5
 1087 0619 00       		.byte	0x0
 1088 061a 1A       		.uleb128 0x1a
 1089 061b 00000000 		.4byte	.Ldebug_ranges0+0x0
 1090 061f 16       		.uleb128 0x16
 1091 0620 746D7000 		.ascii	"tmp\000"
 1092 0624 01       		.byte	0x1
 1093 0625 93       		.byte	0x93
 1094 0626 86000000 		.4byte	0x86
 1095 062a A1000000 		.4byte	.LLST6
 1096 062e 00       		.byte	0x0
 1097 062f 00       		.byte	0x0
 1098 0630 1B       		.uleb128 0x1b
 1099 0631 94030000 		.4byte	.LASF84
 1100 0635 08       		.byte	0x8
 1101 0636 68       		.byte	0x68
 1102 0637 A6030000 		.4byte	0x3a6
 1103 063b 01       		.byte	0x1
 1104 063c 01       		.byte	0x1
 1105 063d 1B       		.uleb128 0x1b
 1106 063e 94030000 		.4byte	.LASF84
 1107 0642 08       		.byte	0x8
 1108 0643 68       		.byte	0x68
 1109 0644 A6030000 		.4byte	0x3a6
 1110 0648 01       		.byte	0x1
 1111 0649 01       		.byte	0x1
 1112 064a 1C       		.uleb128 0x1c
 1113 064b 71010000 		.4byte	.LASF85
 1114 064f 01       		.byte	0x1
 1115 0650 3B       		.byte	0x3b
 1116 0651 5C060000 		.4byte	0x65c
 1117 0655 01       		.byte	0x1
 1118 0656 05       		.byte	0x5
 1119 0657 03       		.byte	0x3
 1120 0658 00000000 		.4byte	ch_debug
 1121 065c 10       		.uleb128 0x10
 1122 065d 5B050000 		.4byte	0x55b
 1123 0661 00       		.byte	0x0
 1124              		.section	.debug_abbrev
 1125 0000 01       		.uleb128 0x1
 1126 0001 11       		.uleb128 0x11
 1127 0002 01       		.byte	0x1
 1128 0003 25       		.uleb128 0x25
 1129 0004 0E       		.uleb128 0xe
 1130 0005 13       		.uleb128 0x13
 1131 0006 0B       		.uleb128 0xb
 1132 0007 03       		.uleb128 0x3
 1133 0008 0E       		.uleb128 0xe
 1134 0009 1B       		.uleb128 0x1b
 1135 000a 0E       		.uleb128 0xe
ARM GAS  C:\Users\DNIEL~1\AppData\Local\Temp\ccGQZSre.s 			page 21


 1136 000b 11       		.uleb128 0x11
 1137 000c 01       		.uleb128 0x1
 1138 000d 52       		.uleb128 0x52
 1139 000e 01       		.uleb128 0x1
 1140 000f 55       		.uleb128 0x55
 1141 0010 06       		.uleb128 0x6
 1142 0011 10       		.uleb128 0x10
 1143 0012 06       		.uleb128 0x6
 1144 0013 00       		.byte	0x0
 1145 0014 00       		.byte	0x0
 1146 0015 02       		.uleb128 0x2
 1147 0016 24       		.uleb128 0x24
 1148 0017 00       		.byte	0x0
 1149 0018 0B       		.uleb128 0xb
 1150 0019 0B       		.uleb128 0xb
 1151 001a 3E       		.uleb128 0x3e
 1152 001b 0B       		.uleb128 0xb
 1153 001c 03       		.uleb128 0x3
 1154 001d 08       		.uleb128 0x8
 1155 001e 00       		.byte	0x0
 1156 001f 00       		.byte	0x0
 1157 0020 03       		.uleb128 0x3
 1158 0021 16       		.uleb128 0x16
 1159 0022 00       		.byte	0x0
 1160 0023 03       		.uleb128 0x3
 1161 0024 0E       		.uleb128 0xe
 1162 0025 3A       		.uleb128 0x3a
 1163 0026 0B       		.uleb128 0xb
 1164 0027 3B       		.uleb128 0x3b
 1165 0028 0B       		.uleb128 0xb
 1166 0029 49       		.uleb128 0x49
 1167 002a 13       		.uleb128 0x13
 1168 002b 00       		.byte	0x0
 1169 002c 00       		.byte	0x0
 1170 002d 04       		.uleb128 0x4
 1171 002e 24       		.uleb128 0x24
 1172 002f 00       		.byte	0x0
 1173 0030 0B       		.uleb128 0xb
 1174 0031 0B       		.uleb128 0xb
 1175 0032 3E       		.uleb128 0x3e
 1176 0033 0B       		.uleb128 0xb
 1177 0034 03       		.uleb128 0x3
 1178 0035 0E       		.uleb128 0xe
 1179 0036 00       		.byte	0x0
 1180 0037 00       		.byte	0x0
 1181 0038 05       		.uleb128 0x5
 1182 0039 13       		.uleb128 0x13
 1183 003a 01       		.byte	0x1
 1184 003b 03       		.uleb128 0x3
 1185 003c 0E       		.uleb128 0xe
 1186 003d 0B       		.uleb128 0xb
 1187 003e 0B       		.uleb128 0xb
 1188 003f 3A       		.uleb128 0x3a
 1189 0040 0B       		.uleb128 0xb
 1190 0041 3B       		.uleb128 0x3b
 1191 0042 0B       		.uleb128 0xb
 1192 0043 01       		.uleb128 0x1
ARM GAS  C:\Users\DNIEL~1\AppData\Local\Temp\ccGQZSre.s 			page 22


 1193 0044 13       		.uleb128 0x13
 1194 0045 00       		.byte	0x0
 1195 0046 00       		.byte	0x0
 1196 0047 06       		.uleb128 0x6
 1197 0048 0D       		.uleb128 0xd
 1198 0049 00       		.byte	0x0
 1199 004a 03       		.uleb128 0x3
 1200 004b 0E       		.uleb128 0xe
 1201 004c 3A       		.uleb128 0x3a
 1202 004d 0B       		.uleb128 0xb
 1203 004e 3B       		.uleb128 0x3b
 1204 004f 0B       		.uleb128 0xb
 1205 0050 49       		.uleb128 0x49
 1206 0051 13       		.uleb128 0x13
 1207 0052 38       		.uleb128 0x38
 1208 0053 0A       		.uleb128 0xa
 1209 0054 00       		.byte	0x0
 1210 0055 00       		.byte	0x0
 1211 0056 07       		.uleb128 0x7
 1212 0057 0D       		.uleb128 0xd
 1213 0058 00       		.byte	0x0
 1214 0059 03       		.uleb128 0x3
 1215 005a 08       		.uleb128 0x8
 1216 005b 3A       		.uleb128 0x3a
 1217 005c 0B       		.uleb128 0xb
 1218 005d 3B       		.uleb128 0x3b
 1219 005e 0B       		.uleb128 0xb
 1220 005f 49       		.uleb128 0x49
 1221 0060 13       		.uleb128 0x13
 1222 0061 38       		.uleb128 0x38
 1223 0062 0A       		.uleb128 0xa
 1224 0063 00       		.byte	0x0
 1225 0064 00       		.byte	0x0
 1226 0065 08       		.uleb128 0x8
 1227 0066 13       		.uleb128 0x13
 1228 0067 01       		.byte	0x1
 1229 0068 0B       		.uleb128 0xb
 1230 0069 0B       		.uleb128 0xb
 1231 006a 3A       		.uleb128 0x3a
 1232 006b 0B       		.uleb128 0xb
 1233 006c 3B       		.uleb128 0x3b
 1234 006d 0B       		.uleb128 0xb
 1235 006e 01       		.uleb128 0x1
 1236 006f 13       		.uleb128 0x13
 1237 0070 00       		.byte	0x0
 1238 0071 00       		.byte	0x0
 1239 0072 09       		.uleb128 0x9
 1240 0073 0F       		.uleb128 0xf
 1241 0074 00       		.byte	0x0
 1242 0075 0B       		.uleb128 0xb
 1243 0076 0B       		.uleb128 0xb
 1244 0077 49       		.uleb128 0x49
 1245 0078 13       		.uleb128 0x13
 1246 0079 00       		.byte	0x0
 1247 007a 00       		.byte	0x0
 1248 007b 0A       		.uleb128 0xa
 1249 007c 0F       		.uleb128 0xf
ARM GAS  C:\Users\DNIEL~1\AppData\Local\Temp\ccGQZSre.s 			page 23


 1250 007d 00       		.byte	0x0
 1251 007e 0B       		.uleb128 0xb
 1252 007f 0B       		.uleb128 0xb
 1253 0080 00       		.byte	0x0
 1254 0081 00       		.byte	0x0
 1255 0082 0B       		.uleb128 0xb
 1256 0083 13       		.uleb128 0x13
 1257 0084 01       		.byte	0x1
 1258 0085 03       		.uleb128 0x3
 1259 0086 0E       		.uleb128 0xe
 1260 0087 0B       		.uleb128 0xb
 1261 0088 0B       		.uleb128 0xb
 1262 0089 3A       		.uleb128 0x3a
 1263 008a 0B       		.uleb128 0xb
 1264 008b 3B       		.uleb128 0x3b
 1265 008c 05       		.uleb128 0x5
 1266 008d 01       		.uleb128 0x1
 1267 008e 13       		.uleb128 0x13
 1268 008f 00       		.byte	0x0
 1269 0090 00       		.byte	0x0
 1270 0091 0C       		.uleb128 0xc
 1271 0092 0D       		.uleb128 0xd
 1272 0093 00       		.byte	0x0
 1273 0094 03       		.uleb128 0x3
 1274 0095 08       		.uleb128 0x8
 1275 0096 3A       		.uleb128 0x3a
 1276 0097 0B       		.uleb128 0xb
 1277 0098 3B       		.uleb128 0x3b
 1278 0099 05       		.uleb128 0x5
 1279 009a 49       		.uleb128 0x49
 1280 009b 13       		.uleb128 0x13
 1281 009c 38       		.uleb128 0x38
 1282 009d 0A       		.uleb128 0xa
 1283 009e 00       		.byte	0x0
 1284 009f 00       		.byte	0x0
 1285 00a0 0D       		.uleb128 0xd
 1286 00a1 35       		.uleb128 0x35
 1287 00a2 00       		.byte	0x0
 1288 00a3 49       		.uleb128 0x49
 1289 00a4 13       		.uleb128 0x13
 1290 00a5 00       		.byte	0x0
 1291 00a6 00       		.byte	0x0
 1292 00a7 0E       		.uleb128 0xe
 1293 00a8 17       		.uleb128 0x17
 1294 00a9 01       		.byte	0x1
 1295 00aa 0B       		.uleb128 0xb
 1296 00ab 0B       		.uleb128 0xb
 1297 00ac 3A       		.uleb128 0x3a
 1298 00ad 0B       		.uleb128 0xb
 1299 00ae 3B       		.uleb128 0x3b
 1300 00af 0B       		.uleb128 0xb
 1301 00b0 01       		.uleb128 0x1
 1302 00b1 13       		.uleb128 0x13
 1303 00b2 00       		.byte	0x0
 1304 00b3 00       		.byte	0x0
 1305 00b4 0F       		.uleb128 0xf
 1306 00b5 0D       		.uleb128 0xd
ARM GAS  C:\Users\DNIEL~1\AppData\Local\Temp\ccGQZSre.s 			page 24


 1307 00b6 00       		.byte	0x0
 1308 00b7 03       		.uleb128 0x3
 1309 00b8 0E       		.uleb128 0xe
 1310 00b9 3A       		.uleb128 0x3a
 1311 00ba 0B       		.uleb128 0xb
 1312 00bb 3B       		.uleb128 0x3b
 1313 00bc 0B       		.uleb128 0xb
 1314 00bd 49       		.uleb128 0x49
 1315 00be 13       		.uleb128 0x13
 1316 00bf 00       		.byte	0x0
 1317 00c0 00       		.byte	0x0
 1318 00c1 10       		.uleb128 0x10
 1319 00c2 26       		.uleb128 0x26
 1320 00c3 00       		.byte	0x0
 1321 00c4 49       		.uleb128 0x49
 1322 00c5 13       		.uleb128 0x13
 1323 00c6 00       		.byte	0x0
 1324 00c7 00       		.byte	0x0
 1325 00c8 11       		.uleb128 0x11
 1326 00c9 01       		.uleb128 0x1
 1327 00ca 01       		.byte	0x1
 1328 00cb 49       		.uleb128 0x49
 1329 00cc 13       		.uleb128 0x13
 1330 00cd 01       		.uleb128 0x1
 1331 00ce 13       		.uleb128 0x13
 1332 00cf 00       		.byte	0x0
 1333 00d0 00       		.byte	0x0
 1334 00d1 12       		.uleb128 0x12
 1335 00d2 21       		.uleb128 0x21
 1336 00d3 00       		.byte	0x0
 1337 00d4 49       		.uleb128 0x49
 1338 00d5 13       		.uleb128 0x13
 1339 00d6 2F       		.uleb128 0x2f
 1340 00d7 0B       		.uleb128 0xb
 1341 00d8 00       		.byte	0x0
 1342 00d9 00       		.byte	0x0
 1343 00da 13       		.uleb128 0x13
 1344 00db 2E       		.uleb128 0x2e
 1345 00dc 01       		.byte	0x1
 1346 00dd 3F       		.uleb128 0x3f
 1347 00de 0C       		.uleb128 0xc
 1348 00df 03       		.uleb128 0x3
 1349 00e0 0E       		.uleb128 0xe
 1350 00e1 3A       		.uleb128 0x3a
 1351 00e2 0B       		.uleb128 0xb
 1352 00e3 3B       		.uleb128 0x3b
 1353 00e4 0B       		.uleb128 0xb
 1354 00e5 27       		.uleb128 0x27
 1355 00e6 0C       		.uleb128 0xc
 1356 00e7 49       		.uleb128 0x49
 1357 00e8 13       		.uleb128 0x13
 1358 00e9 11       		.uleb128 0x11
 1359 00ea 01       		.uleb128 0x1
 1360 00eb 12       		.uleb128 0x12
 1361 00ec 01       		.uleb128 0x1
 1362 00ed 40       		.uleb128 0x40
 1363 00ee 0A       		.uleb128 0xa
ARM GAS  C:\Users\DNIEL~1\AppData\Local\Temp\ccGQZSre.s 			page 25


 1364 00ef 01       		.uleb128 0x1
 1365 00f0 13       		.uleb128 0x13
 1366 00f1 00       		.byte	0x0
 1367 00f2 00       		.byte	0x0
 1368 00f3 14       		.uleb128 0x14
 1369 00f4 34       		.uleb128 0x34
 1370 00f5 00       		.byte	0x0
 1371 00f6 03       		.uleb128 0x3
 1372 00f7 08       		.uleb128 0x8
 1373 00f8 3A       		.uleb128 0x3a
 1374 00f9 0B       		.uleb128 0xb
 1375 00fa 3B       		.uleb128 0x3b
 1376 00fb 0B       		.uleb128 0xb
 1377 00fc 49       		.uleb128 0x49
 1378 00fd 13       		.uleb128 0x13
 1379 00fe 00       		.byte	0x0
 1380 00ff 00       		.byte	0x0
 1381 0100 15       		.uleb128 0x15
 1382 0101 0B       		.uleb128 0xb
 1383 0102 01       		.byte	0x1
 1384 0103 11       		.uleb128 0x11
 1385 0104 01       		.uleb128 0x1
 1386 0105 12       		.uleb128 0x12
 1387 0106 01       		.uleb128 0x1
 1388 0107 01       		.uleb128 0x1
 1389 0108 13       		.uleb128 0x13
 1390 0109 00       		.byte	0x0
 1391 010a 00       		.byte	0x0
 1392 010b 16       		.uleb128 0x16
 1393 010c 34       		.uleb128 0x34
 1394 010d 00       		.byte	0x0
 1395 010e 03       		.uleb128 0x3
 1396 010f 08       		.uleb128 0x8
 1397 0110 3A       		.uleb128 0x3a
 1398 0111 0B       		.uleb128 0xb
 1399 0112 3B       		.uleb128 0x3b
 1400 0113 0B       		.uleb128 0xb
 1401 0114 49       		.uleb128 0x49
 1402 0115 13       		.uleb128 0x13
 1403 0116 02       		.uleb128 0x2
 1404 0117 06       		.uleb128 0x6
 1405 0118 00       		.byte	0x0
 1406 0119 00       		.byte	0x0
 1407 011a 17       		.uleb128 0x17
 1408 011b 0B       		.uleb128 0xb
 1409 011c 01       		.byte	0x1
 1410 011d 11       		.uleb128 0x11
 1411 011e 01       		.uleb128 0x1
 1412 011f 12       		.uleb128 0x12
 1413 0120 01       		.uleb128 0x1
 1414 0121 00       		.byte	0x0
 1415 0122 00       		.byte	0x0
 1416 0123 18       		.uleb128 0x18
 1417 0124 2E       		.uleb128 0x2e
 1418 0125 01       		.byte	0x1
 1419 0126 3F       		.uleb128 0x3f
 1420 0127 0C       		.uleb128 0xc
ARM GAS  C:\Users\DNIEL~1\AppData\Local\Temp\ccGQZSre.s 			page 26


 1421 0128 03       		.uleb128 0x3
 1422 0129 0E       		.uleb128 0xe
 1423 012a 3A       		.uleb128 0x3a
 1424 012b 0B       		.uleb128 0xb
 1425 012c 3B       		.uleb128 0x3b
 1426 012d 0B       		.uleb128 0xb
 1427 012e 27       		.uleb128 0x27
 1428 012f 0C       		.uleb128 0xc
 1429 0130 49       		.uleb128 0x49
 1430 0131 13       		.uleb128 0x13
 1431 0132 11       		.uleb128 0x11
 1432 0133 01       		.uleb128 0x1
 1433 0134 12       		.uleb128 0x12
 1434 0135 01       		.uleb128 0x1
 1435 0136 40       		.uleb128 0x40
 1436 0137 06       		.uleb128 0x6
 1437 0138 01       		.uleb128 0x1
 1438 0139 13       		.uleb128 0x13
 1439 013a 00       		.byte	0x0
 1440 013b 00       		.byte	0x0
 1441 013c 19       		.uleb128 0x19
 1442 013d 05       		.uleb128 0x5
 1443 013e 00       		.byte	0x0
 1444 013f 03       		.uleb128 0x3
 1445 0140 08       		.uleb128 0x8
 1446 0141 3A       		.uleb128 0x3a
 1447 0142 0B       		.uleb128 0xb
 1448 0143 3B       		.uleb128 0x3b
 1449 0144 0B       		.uleb128 0xb
 1450 0145 49       		.uleb128 0x49
 1451 0146 13       		.uleb128 0x13
 1452 0147 02       		.uleb128 0x2
 1453 0148 06       		.uleb128 0x6
 1454 0149 00       		.byte	0x0
 1455 014a 00       		.byte	0x0
 1456 014b 1A       		.uleb128 0x1a
 1457 014c 0B       		.uleb128 0xb
 1458 014d 01       		.byte	0x1
 1459 014e 55       		.uleb128 0x55
 1460 014f 06       		.uleb128 0x6
 1461 0150 00       		.byte	0x0
 1462 0151 00       		.byte	0x0
 1463 0152 1B       		.uleb128 0x1b
 1464 0153 34       		.uleb128 0x34
 1465 0154 00       		.byte	0x0
 1466 0155 03       		.uleb128 0x3
 1467 0156 0E       		.uleb128 0xe
 1468 0157 3A       		.uleb128 0x3a
 1469 0158 0B       		.uleb128 0xb
 1470 0159 3B       		.uleb128 0x3b
 1471 015a 0B       		.uleb128 0xb
 1472 015b 49       		.uleb128 0x49
 1473 015c 13       		.uleb128 0x13
 1474 015d 3F       		.uleb128 0x3f
 1475 015e 0C       		.uleb128 0xc
 1476 015f 3C       		.uleb128 0x3c
 1477 0160 0C       		.uleb128 0xc
ARM GAS  C:\Users\DNIEL~1\AppData\Local\Temp\ccGQZSre.s 			page 27


 1478 0161 00       		.byte	0x0
 1479 0162 00       		.byte	0x0
 1480 0163 1C       		.uleb128 0x1c
 1481 0164 34       		.uleb128 0x34
 1482 0165 00       		.byte	0x0
 1483 0166 03       		.uleb128 0x3
 1484 0167 0E       		.uleb128 0xe
 1485 0168 3A       		.uleb128 0x3a
 1486 0169 0B       		.uleb128 0xb
 1487 016a 3B       		.uleb128 0x3b
 1488 016b 0B       		.uleb128 0xb
 1489 016c 49       		.uleb128 0x49
 1490 016d 13       		.uleb128 0x13
 1491 016e 3F       		.uleb128 0x3f
 1492 016f 0C       		.uleb128 0xc
 1493 0170 02       		.uleb128 0x2
 1494 0171 0A       		.uleb128 0xa
 1495 0172 00       		.byte	0x0
 1496 0173 00       		.byte	0x0
 1497 0174 00       		.byte	0x0
 1498              		.section	.debug_pubnames,"",%progbits
 1499 0000 44000000 		.4byte	0x44
 1500 0004 0200     		.2byte	0x2
 1501 0006 00000000 		.4byte	.Ldebug_info0
 1502 000a 62060000 		.4byte	0x662
 1503 000e 66050000 		.4byte	0x566
 1504 0012 63685265 		.ascii	"chRegFirstThread\000"
 1504      67466972 
 1504      73745468 
 1504      72656164 
 1504      00
 1505 0023 C3050000 		.4byte	0x5c3
 1506 0027 63685265 		.ascii	"chRegNextThread\000"
 1506      674E6578 
 1506      74546872 
 1506      65616400 
 1507 0037 4A060000 		.4byte	0x64a
 1508 003b 63685F64 		.ascii	"ch_debug\000"
 1508      65627567 
 1508      00
 1509 0044 00000000 		.4byte	0x0
 1510              		.section	.debug_pubtypes,"",%progbits
 1511 0000 3D010000 		.4byte	0x13d
 1512 0004 0200     		.2byte	0x2
 1513 0006 00000000 		.4byte	.Ldebug_info0
 1514 000a 62060000 		.4byte	0x662
 1515 000e 30000000 		.4byte	0x30
 1516 0012 73697A65 		.ascii	"size_t\000"
 1516      5F7400
 1517 0019 49000000 		.4byte	0x49
 1518 001d 75696E74 		.ascii	"uint8_t\000"
 1518      385F7400 
 1519 0025 62000000 		.4byte	0x62
 1520 0029 75696E74 		.ascii	"uint16_t\000"
 1520      31365F74 
 1520      00
 1521 0032 74000000 		.4byte	0x74
ARM GAS  C:\Users\DNIEL~1\AppData\Local\Temp\ccGQZSre.s 			page 28


 1522 0036 696E7433 		.ascii	"int32_t\000"
 1522      325F7400 
 1523 003e 86000000 		.4byte	0x86
 1524 0042 75696E74 		.ascii	"uint32_t\000"
 1524      33325F74 
 1524      00
 1525 004b A6000000 		.4byte	0xa6
 1526 004f 746D6F64 		.ascii	"tmode_t\000"
 1526      655F7400 
 1527 0057 B1000000 		.4byte	0xb1
 1528 005b 74737461 		.ascii	"tstate_t\000"
 1528      74655F74 
 1528      00
 1529 0064 BC000000 		.4byte	0xbc
 1530 0068 74726566 		.ascii	"trefs_t\000"
 1530      735F7400 
 1531 0070 C7000000 		.4byte	0xc7
 1532 0074 74736C69 		.ascii	"tslices_t\000"
 1532      6365735F 
 1532      7400
 1533 007e D2000000 		.4byte	0xd2
 1534 0082 74707269 		.ascii	"tprio_t\000"
 1534      6F5F7400 
 1535 008a DD000000 		.4byte	0xdd
 1536 008e 6D73675F 		.ascii	"msg_t\000"
 1536      7400
 1537 0094 E8000000 		.4byte	0xe8
 1538 0098 6576656E 		.ascii	"eventmask_t\000"
 1538      746D6173 
 1538      6B5F7400 
 1539 00a4 F3000000 		.4byte	0xf3
 1540 00a8 73797374 		.ascii	"systime_t\000"
 1540      696D655F 
 1540      7400
 1541 00b2 FE000000 		.4byte	0xfe
 1542 00b6 54687265 		.ascii	"Thread\000"
 1542      616400
 1543 00bd 59020000 		.4byte	0x259
 1544 00c1 54687265 		.ascii	"ThreadsQueue\000"
 1544      61647351 
 1544      75657565 
 1544      00
 1545 00ce 7B020000 		.4byte	0x27b
 1546 00d2 54687265 		.ascii	"ThreadsList\000"
 1546      6164734C 
 1546      69737400 
 1547 00de 86020000 		.4byte	0x286
 1548 00e2 72656761 		.ascii	"regarm_t\000"
 1548      726D5F74 
 1548      00
 1549 00eb 93020000 		.4byte	0x293
 1550 00ef 696E7463 		.ascii	"intctx\000"
 1550      747800
 1551 00f6 21030000 		.4byte	0x321
 1552 00fa 636F6E74 		.ascii	"context\000"
 1552      65787400 
 1553 0102 A6030000 		.4byte	0x3a6
ARM GAS  C:\Users\DNIEL~1\AppData\Local\Temp\ccGQZSre.s 			page 29


 1554 0106 52656164 		.ascii	"ReadyList\000"
 1554      794C6973 
 1554      7400
 1555 0110 B1030000 		.4byte	0x3b1
 1556 0114 4D757465 		.ascii	"Mutex\000"
 1556      7800
 1557 011a EE030000 		.4byte	0x3ee
 1558 011e 4D757465 		.ascii	"Mutex\000"
 1558      7800
 1559 0124 09010000 		.4byte	0x109
 1560 0128 54687265 		.ascii	"Thread\000"
 1560      616400
 1561 012f 5B050000 		.4byte	0x55b
 1562 0133 63686465 		.ascii	"chdebug_t\000"
 1562      6275675F 
 1562      7400
 1563 013d 00000000 		.4byte	0x0
 1564              		.section	.debug_aranges,"",%progbits
 1565 0000 24000000 		.4byte	0x24
 1566 0004 0200     		.2byte	0x2
 1567 0006 00000000 		.4byte	.Ldebug_info0
 1568 000a 04       		.byte	0x4
 1569 000b 00       		.byte	0x0
 1570 000c 0000     		.2byte	0x0
 1571 000e 0000     		.2byte	0x0
 1572 0010 00000000 		.4byte	.LFB7
 1573 0014 1C000000 		.4byte	.LFE7-.LFB7
 1574 0018 00000000 		.4byte	.LFB8
 1575 001c 38000000 		.4byte	.LFE8-.LFB8
 1576 0020 00000000 		.4byte	0x0
 1577 0024 00000000 		.4byte	0x0
 1578              		.section	.debug_ranges,"",%progbits
 1579              	.Ldebug_ranges0:
 1580 0000 16000000 		.4byte	.LBB5
 1581 0004 1C000000 		.4byte	.LBE5
 1582 0008 26000000 		.4byte	.LBB6
 1583 000c 2C000000 		.4byte	.LBE6
 1584 0010 00000000 		.4byte	0x0
 1585 0014 00000000 		.4byte	0x0
 1586 0018 00000000 		.4byte	.LFB7
 1587 001c 1C000000 		.4byte	.LFE7
 1588 0020 00000000 		.4byte	.LFB8
 1589 0024 38000000 		.4byte	.LFE8
 1590 0028 00000000 		.4byte	0x0
 1591 002c 00000000 		.4byte	0x0
 1592              		.section	.debug_str,"MS",%progbits,1
 1593              	.LASF73:
 1594 0000 63665F6F 		.ascii	"cf_off_older\000"
 1594      66665F6F 
 1594      6C646572 
 1594      00
 1595              	.LASF37:
 1596 000d 705F6D73 		.ascii	"p_msg\000"
 1596      6700
 1597              	.LASF2:
 1598 0013 73697A65 		.ascii	"size_t\000"
 1598      5F7400
ARM GAS  C:\Users\DNIEL~1\AppData\Local\Temp\ccGQZSre.s 			page 30


 1599              	.LASF58:
 1600 001a 7264796D 		.ascii	"rdymsg\000"
 1600      736700
 1601              	.LASF13:
 1602 0021 6C6F6E67 		.ascii	"long long unsigned int\000"
 1602      206C6F6E 
 1602      6720756E 
 1602      7369676E 
 1602      65642069 
 1603              	.LASF69:
 1604 0038 63685F74 		.ascii	"ch_threadsize\000"
 1604      68726561 
 1604      6473697A 
 1604      6500
 1605              	.LASF59:
 1606 0046 65786974 		.ascii	"exitcode\000"
 1606      636F6465 
 1606      00
 1607              	.LASF82:
 1608 004f 63685265 		.ascii	"chRegFirstThread\000"
 1608      67466972 
 1608      73745468 
 1608      72656164 
 1608      00
 1609              	.LASF25:
 1610 0060 705F7072 		.ascii	"p_prio\000"
 1610      696F00
 1611              	.LASF76:
 1612 0067 63665F6F 		.ascii	"cf_off_state\000"
 1612      66665F73 
 1612      74617465 
 1612      00
 1613              	.LASF12:
 1614 0074 6C6F6E67 		.ascii	"long long int\000"
 1614      206C6F6E 
 1614      6720696E 
 1614      7400
 1615              	.LASF1:
 1616 0082 7369676E 		.ascii	"signed char\000"
 1616      65642063 
 1616      68617200 
 1617              	.LASF75:
 1618 008e 63665F6F 		.ascii	"cf_off_stklimit\000"
 1618      66665F73 
 1618      746B6C69 
 1618      6D697400 
 1619              	.LASF77:
 1620 009e 63665F6F 		.ascii	"cf_off_flags\000"
 1620      66665F66 
 1620      6C616773 
 1620      00
 1621              	.LASF41:
 1622 00ab 705F6D70 		.ascii	"p_mpool\000"
 1622      6F6F6C00 
 1623              	.LASF55:
 1624 00b3 6D5F7175 		.ascii	"m_queue\000"
 1624      65756500 
ARM GAS  C:\Users\DNIEL~1\AppData\Local\Temp\ccGQZSre.s 			page 31


 1625              	.LASF17:
 1626 00bb 74736C69 		.ascii	"tslices_t\000"
 1626      6365735F 
 1626      7400
 1627              	.LASF9:
 1628 00c5 6C6F6E67 		.ascii	"long int\000"
 1628      20696E74 
 1628      00
 1629              	.LASF15:
 1630 00ce 74737461 		.ascii	"tstate_t\000"
 1630      74655F74 
 1630      00
 1631              	.LASF6:
 1632 00d7 75696E74 		.ascii	"uint16_t\000"
 1632      31365F74 
 1632      00
 1633              	.LASF81:
 1634 00e0 63686465 		.ascii	"chdebug_t\000"
 1634      6275675F 
 1634      7400
 1635              	.LASF27:
 1636 00ea 705F6E65 		.ascii	"p_newer\000"
 1636      77657200 
 1637              	.LASF50:
 1638 00f2 725F6E65 		.ascii	"r_newer\000"
 1638      77657200 
 1639              	.LASF44:
 1640 00fa 72656761 		.ascii	"regarm_t\000"
 1640      726D5F74 
 1640      00
 1641              	.LASF88:
 1642 0103 433A5C55 		.ascii	"C:\\Users\\D\341niel\\Dropbox\\Solar Racing\\Szoftv"
 1642      73657273 
 1642      5C44E16E 
 1642      69656C5C 
 1642      44726F70 
 1643 012e 65725C53 		.ascii	"er\\Smarty\\Smarty_v6\\smarty\\firmware\000"
 1643      6D617274 
 1643      795C536D 
 1643      61727479 
 1643      5F76365C 
 1644              	.LASF0:
 1645 0152 756E7369 		.ascii	"unsigned int\000"
 1645      676E6564 
 1645      20696E74 
 1645      00
 1646              	.LASF11:
 1647 015f 6C6F6E67 		.ascii	"long unsigned int\000"
 1647      20756E73 
 1647      69676E65 
 1647      6420696E 
 1647      7400
 1648              	.LASF85:
 1649 0171 63685F64 		.ascii	"ch_debug\000"
 1649      65627567 
 1649      00
 1650              	.LASF63:
ARM GAS  C:\Users\DNIEL~1\AppData\Local\Temp\ccGQZSre.s 			page 32


 1651 017a 63685F69 		.ascii	"ch_identifier\000"
 1651      64656E74 
 1651      69666965 
 1651      7200
 1652              	.LASF46:
 1653 0188 636F6E74 		.ascii	"context\000"
 1653      65787400 
 1654              	.LASF7:
 1655 0190 73686F72 		.ascii	"short unsigned int\000"
 1655      7420756E 
 1655      7369676E 
 1655      65642069 
 1655      6E7400
 1656              	.LASF19:
 1657 01a3 6D73675F 		.ascii	"msg_t\000"
 1657      7400
 1658              	.LASF14:
 1659 01a9 746D6F64 		.ascii	"tmode_t\000"
 1659      655F7400 
 1660              	.LASF43:
 1661 01b1 54687265 		.ascii	"ThreadsList\000"
 1661      6164734C 
 1661      69737400 
 1662              	.LASF20:
 1663 01bd 6576656E 		.ascii	"eventmask_t\000"
 1663      746D6173 
 1663      6B5F7400 
 1664              	.LASF54:
 1665 01c9 4D757465 		.ascii	"Mutex\000"
 1665      7800
 1666              	.LASF87:
 1667 01cf 2E2E2F2E 		.ascii	"../../../ChibiOS/os/kernel/src/chregistry.c\000"
 1667      2E2F2E2E 
 1667      2F436869 
 1667      62694F53 
 1667      2F6F732F 
 1668              	.LASF64:
 1669 01fb 63685F7A 		.ascii	"ch_zero\000"
 1669      65726F00 
 1670              	.LASF78:
 1671 0203 63665F6F 		.ascii	"cf_off_refs\000"
 1671      66665F72 
 1671      65667300 
 1672              	.LASF68:
 1673 020f 63685F74 		.ascii	"ch_timesize\000"
 1673      696D6573 
 1673      697A6500 
 1674              	.LASF74:
 1675 021b 63665F6F 		.ascii	"cf_off_name\000"
 1675      66665F6E 
 1675      616D6500 
 1676              	.LASF28:
 1677 0227 705F6F6C 		.ascii	"p_older\000"
 1677      64657200 
 1678              	.LASF49:
 1679 022f 725F6374 		.ascii	"r_ctx\000"
 1679      7800
ARM GAS  C:\Users\DNIEL~1\AppData\Local\Temp\ccGQZSre.s 			page 33


 1680              	.LASF42:
 1681 0235 54687265 		.ascii	"ThreadsQueue\000"
 1681      61647351 
 1681      75657565 
 1681      00
 1682              	.LASF65:
 1683 0242 63685F73 		.ascii	"ch_size\000"
 1683      697A6500 
 1684              	.LASF52:
 1685 024a 725F6375 		.ascii	"r_current\000"
 1685      7272656E 
 1685      7400
 1686              	.LASF51:
 1687 0254 725F6F6C 		.ascii	"r_older\000"
 1687      64657200 
 1688              	.LASF16:
 1689 025c 74726566 		.ascii	"trefs_t\000"
 1689      735F7400 
 1690              	.LASF67:
 1691 0264 63685F70 		.ascii	"ch_ptrsize\000"
 1691      74727369 
 1691      7A6500
 1692              	.LASF24:
 1693 026f 705F7072 		.ascii	"p_prev\000"
 1693      657600
 1694              	.LASF18:
 1695 0276 74707269 		.ascii	"tprio_t\000"
 1695      6F5F7400 
 1696              	.LASF8:
 1697 027e 696E7433 		.ascii	"int32_t\000"
 1697      325F7400 
 1698              	.LASF4:
 1699 0286 756E7369 		.ascii	"unsigned char\000"
 1699      676E6564 
 1699      20636861 
 1699      7200
 1700              	.LASF39:
 1701 0294 705F6D74 		.ascii	"p_mtxlist\000"
 1701      786C6973 
 1701      7400
 1702              	.LASF5:
 1703 029e 73686F72 		.ascii	"short int\000"
 1703      7420696E 
 1703      7400
 1704              	.LASF30:
 1705 02a8 705F7374 		.ascii	"p_state\000"
 1705      61746500 
 1706              	.LASF33:
 1707 02b0 705F7072 		.ascii	"p_preempt\000"
 1707      65656D70 
 1707      7400
 1708              	.LASF80:
 1709 02ba 63665F6F 		.ascii	"cf_off_time\000"
 1709      66665F74 
 1709      696D6500 
 1710              	.LASF48:
 1711 02c6 725F7072 		.ascii	"r_prio\000"
ARM GAS  C:\Users\DNIEL~1\AppData\Local\Temp\ccGQZSre.s 			page 34


 1711      696F00
 1712              	.LASF61:
 1713 02cd 65776D61 		.ascii	"ewmask\000"
 1713      736B00
 1714              	.LASF23:
 1715 02d4 705F6E65 		.ascii	"p_next\000"
 1715      787400
 1716              	.LASF79:
 1717 02db 63665F6F 		.ascii	"cf_off_preempt\000"
 1717      66665F70 
 1717      7265656D 
 1717      707400
 1718              	.LASF31:
 1719 02ea 705F666C 		.ascii	"p_flags\000"
 1719      61677300 
 1720              	.LASF22:
 1721 02f2 54687265 		.ascii	"Thread\000"
 1721      616400
 1722              	.LASF72:
 1723 02f9 63665F6F 		.ascii	"cf_off_newer\000"
 1723      66665F6E 
 1723      65776572 
 1723      00
 1724              	.LASF38:
 1725 0306 705F6570 		.ascii	"p_epending\000"
 1725      656E6469 
 1725      6E6700
 1726              	.LASF10:
 1727 0311 75696E74 		.ascii	"uint32_t\000"
 1727      33325F74 
 1727      00
 1728              	.LASF70:
 1729 031a 63665F6F 		.ascii	"cf_off_prio\000"
 1729      66665F70 
 1729      72696F00 
 1730              	.LASF47:
 1731 0326 725F7175 		.ascii	"r_queue\000"
 1731      65756500 
 1732              	.LASF62:
 1733 032e 63686172 		.ascii	"char\000"
 1733      00
 1734              	.LASF83:
 1735 0333 63685265 		.ascii	"chRegNextThread\000"
 1735      674E6578 
 1735      74546872 
 1735      65616400 
 1736              	.LASF57:
 1737 0343 6D5F6E65 		.ascii	"m_next\000"
 1737      787400
 1738              	.LASF21:
 1739 034a 73797374 		.ascii	"systime_t\000"
 1739      696D655F 
 1739      7400
 1740              	.LASF40:
 1741 0354 705F7265 		.ascii	"p_realprio\000"
 1741      616C7072 
 1741      696F00
ARM GAS  C:\Users\DNIEL~1\AppData\Local\Temp\ccGQZSre.s 			page 35


 1742              	.LASF34:
 1743 035f 705F7469 		.ascii	"p_time\000"
 1743      6D6500
 1744              	.LASF45:
 1745 0366 696E7463 		.ascii	"intctx\000"
 1745      747800
 1746              	.LASF36:
 1747 036d 705F6D73 		.ascii	"p_msgqueue\000"
 1747      67717565 
 1747      756500
 1748              	.LASF71:
 1749 0378 63665F6F 		.ascii	"cf_off_ctx\000"
 1749      66665F63 
 1749      747800
 1750              	.LASF32:
 1751 0383 705F7265 		.ascii	"p_refs\000"
 1751      667300
 1752              	.LASF53:
 1753 038a 52656164 		.ascii	"ReadyList\000"
 1753      794C6973 
 1753      7400
 1754              	.LASF84:
 1755 0394 726C6973 		.ascii	"rlist\000"
 1755      7400
 1756              	.LASF3:
 1757 039a 75696E74 		.ascii	"uint8_t\000"
 1757      385F7400 
 1758              	.LASF60:
 1759 03a2 77746F62 		.ascii	"wtobjp\000"
 1759      6A7000
 1760              	.LASF86:
 1761 03a9 474E5520 		.ascii	"GNU C 4.5.2\000"
 1761      4320342E 
 1761      352E3200 
 1762              	.LASF29:
 1763 03b5 705F6E61 		.ascii	"p_name\000"
 1763      6D6500
 1764              	.LASF66:
 1765 03bc 63685F76 		.ascii	"ch_version\000"
 1765      65727369 
 1765      6F6E00
 1766              	.LASF56:
 1767 03c7 6D5F6F77 		.ascii	"m_owner\000"
 1767      6E657200 
 1768              	.LASF26:
 1769 03cf 705F6374 		.ascii	"p_ctx\000"
 1769      7800
 1770              	.LASF35:
 1771 03d5 705F7761 		.ascii	"p_waiting\000"
 1771      6974696E 
 1771      6700
 1772              		.ident	"GCC: (Sourcery G++ Lite 2011.03-42) 4.5.2"
ARM GAS  C:\Users\DNIEL~1\AppData\Local\Temp\ccGQZSre.s 			page 36


DEFINED SYMBOLS
                            *ABS*:00000000 chregistry.c
C:\Users\DNIEL~1\AppData\Local\Temp\ccGQZSre.s:24     .text.chRegFirstThread:00000000 $t
C:\Users\DNIEL~1\AppData\Local\Temp\ccGQZSre.s:30     .text.chRegFirstThread:00000000 chRegFirstThread
C:\Users\DNIEL~1\AppData\Local\Temp\ccGQZSre.s:72     .text.chRegFirstThread:00000018 $d
C:\Users\DNIEL~1\AppData\Local\Temp\ccGQZSre.s:77     .text.chRegNextThread:00000000 $t
C:\Users\DNIEL~1\AppData\Local\Temp\ccGQZSre.s:83     .text.chRegNextThread:00000000 chRegNextThread
C:\Users\DNIEL~1\AppData\Local\Temp\ccGQZSre.s:157    .text.chRegNextThread:00000034 $d
C:\Users\DNIEL~1\AppData\Local\Temp\ccGQZSre.s:166    .rodata.ch_debug:00000000 ch_debug
C:\Users\DNIEL~1\AppData\Local\Temp\ccGQZSre.s:163    .rodata.ch_debug:00000000 $d
                     .debug_frame:00000010 $d
C:\Users\DNIEL~1\AppData\Local\Temp\ccGQZSre.s:76     .text.chRegFirstThread:0000001c $t
C:\Users\DNIEL~1\AppData\Local\Temp\ccGQZSre.s:162    .text.chRegNextThread:00000038 $t

UNDEFINED SYMBOLS
rlist
chThdRelease
