ARM GAS  C:\Users\DNIEL~1\AppData\Local\Temp\cc3DQvJo.s 			page 1


   1              		.syntax unified
   2              		.cpu cortex-m4
   3              		.fpu softvfp
   4              		.eabi_attribute 20, 1
   5              		.eabi_attribute 21, 1
   6              		.eabi_attribute 23, 3
   7              		.eabi_attribute 24, 1
   8              		.eabi_attribute 25, 1
   9              		.eabi_attribute 26, 1
  10              		.eabi_attribute 30, 2
  11              		.eabi_attribute 18, 4
  12              		.thumb
  13              		.file	"chrtclib.c"
  14              		.section	.debug_abbrev,"",%progbits
  15              	.Ldebug_abbrev0:
  16              		.section	.debug_info,"",%progbits
  17              	.Ldebug_info0:
  18              		.section	.debug_line,"",%progbits
  19              	.Ldebug_line0:
  20 0000 D9030000 		.text
  20      02006D02 
  20      00000201 
  20      FB0E0D00 
  20      01010101 
  21              	.Ltext0:
  22              		.cfi_sections	.debug_frame
  23              		.section	.text.stm32_rtc_bcd2tm.clone.0,"ax",%progbits
  24              		.align	2
  25              		.p2align 4,,15
  26              		.thumb
  27              		.thumb_func
  28              		.type	stm32_rtc_bcd2tm.clone.0, %function
  29              	stm32_rtc_bcd2tm.clone.0:
  30              	.LFB125:
  31              		.file 1 "../../../ChibiOS/os/various/chrtclib.c"
  32              		.loc 1 52 0
  33              		.cfi_startproc
  34              		@ args = 0, pretend = 0, frame = 0
  35              		@ frame_needed = 0, uses_anonymous_args = 0
  36              		@ link register save eliminated.
  37              	.LVL0:
  38              		.loc 1 70 0
  39 0000 C1F34233 		ubfx	r3, r1, #13, #3
  40              		.loc 1 52 0
  41 0004 2DE9F00F 		push	{r4, r5, r6, r7, r8, r9, sl, fp}
  42              	.LCFI0:
  43              		.cfi_def_cfa_offset 32
  44              		.loc 1 71 0
  45 0008 072B     		cmp	r3, #7
  46              		.loc 1 68 0
  47 000a 4FF0FF34 		mov	r4, #-1
  48              		.cfi_offset 11, -4
  49              		.cfi_offset 10, -8
  50              		.cfi_offset 9, -12
  51              		.cfi_offset 8, -16
  52              		.cfi_offset 7, -20
  53              		.cfi_offset 6, -24
ARM GAS  C:\Users\DNIEL~1\AppData\Local\Temp\cc3DQvJo.s 			page 2


  54              		.cfi_offset 5, -28
  55              		.cfi_offset 4, -32
  56 000e 0462     		str	r4, [r0, #32]
  57              		.loc 1 70 0
  58 0010 8361     		str	r3, [r0, #24]
  59              	.LVL1:
  60              		.loc 1 71 0
  61 0012 01D1     		bne	.L2
  62              		.loc 1 72 0
  63 0014 0025     		movs	r5, #0
  64 0016 8561     		str	r5, [r0, #24]
  65              	.L2:
  66              		.loc 1 93 0
  67 0018 C2F38055 		ubfx	r5, r2, #22, #1
  68              		.loc 1 78 0
  69 001c C1F30033 		ubfx	r3, r1, #12, #1
  70              		.loc 1 93 0
  71 0020 6F00     		lsls	r7, r5, #1
  72              		.loc 1 78 0
  73 0022 4FEA830B 		lsl	fp, r3, #2
  74              		.loc 1 93 0
  75 0026 07EB0508 		add	r8, r7, r5
  76              		.loc 1 82 0
  77 002a C1F3035A 		ubfx	sl, r1, #20, #4
  78              		.loc 1 92 0
  79 002e C2F30156 		ubfx	r6, r2, #20, #2
  80              		.loc 1 78 0
  81 0032 0BEB0309 		add	r9, fp, r3
  82              		.loc 1 75 0
  83 0036 C1F3011C 		ubfx	ip, r1, #4, #2
  84              		.loc 1 77 0
  85 003a C1F30324 		ubfx	r4, r1, #8, #4
  86              		.loc 1 86 0
  87 003e C2F30213 		ubfx	r3, r2, #4, #3
  88              		.loc 1 89 0
  89 0042 C2F3023B 		ubfx	fp, r2, #12, #3
  90              		.loc 1 81 0
  91 0046 C1F30347 		ubfx	r7, r1, #16, #4
  92              		.loc 1 82 0
  93 004a 0AEB8A0A 		add	sl, sl, sl, lsl #2
  94              		.loc 1 92 0
  95 004e 06EB8606 		add	r6, r6, r6, lsl #2
  96              		.loc 1 93 0
  97 0052 4FEA8808 		lsl	r8, r8, #2
  98              		.loc 1 75 0
  99 0056 0CEB8C05 		add	r5, ip, ip, lsl #2
 100              		.loc 1 74 0
 101 005a 01F00F01 		and	r1, r1, #15
 102              	.LVL2:
 103              		.loc 1 78 0
 104 005e 04EB490C 		add	ip, r4, r9, lsl #1
 105              		.loc 1 82 0
 106 0062 07EB4A07 		add	r7, r7, sl, lsl #1
 107              		.loc 1 86 0
 108 0066 03EB8304 		add	r4, r3, r3, lsl #2
 109              		.loc 1 85 0
 110 006a 02F00F09 		and	r9, r2, #15
ARM GAS  C:\Users\DNIEL~1\AppData\Local\Temp\cc3DQvJo.s 			page 3


 111              		.loc 1 89 0
 112 006e 0BEB8B03 		add	r3, fp, fp, lsl #2
 113              		.loc 1 92 0
 114 0072 08EB4606 		add	r6, r8, r6, lsl #1
 115              		.loc 1 88 0
 116 0076 C2F3032B 		ubfx	fp, r2, #8, #4
 117              		.loc 1 91 0
 118 007a C2F30342 		ubfx	r2, r2, #16, #4
 119              	.LVL3:
 120              		.loc 1 75 0
 121 007e 01EB4505 		add	r5, r1, r5, lsl #1
 122              		.loc 1 83 0
 123 0082 6437     		adds	r7, r7, #100
 124              		.loc 1 79 0
 125 0084 0CF1FF31 		add	r1, ip, #-1
 126              		.loc 1 86 0
 127 0088 09EB4404 		add	r4, r9, r4, lsl #1
 128              		.loc 1 89 0
 129 008c 0BEB4303 		add	r3, fp, r3, lsl #1
 130              		.loc 1 93 0
 131 0090 B218     		adds	r2, r6, r2
 132              		.loc 1 75 0
 133 0092 C560     		str	r5, [r0, #12]
 134              		.loc 1 79 0
 135 0094 0161     		str	r1, [r0, #16]
 136              		.loc 1 83 0
 137 0096 4761     		str	r7, [r0, #20]
 138              		.loc 1 86 0
 139 0098 0460     		str	r4, [r0, #0]
 140              		.loc 1 89 0
 141 009a 4360     		str	r3, [r0, #4]
 142              		.loc 1 93 0
 143 009c 8260     		str	r2, [r0, #8]
 144              		.loc 1 94 0
 145 009e BDE8F00F 		pop	{r4, r5, r6, r7, r8, r9, sl, fp}
 146 00a2 7047     		bx	lr
 147              		.cfi_endproc
 148              	.LFE125:
 149              		.size	stm32_rtc_bcd2tm.clone.0, .-stm32_rtc_bcd2tm.clone.0
 150 00a4 AFF30080 		.section	.text.stm32_rtc_tm2bcd.clone.1,"ax",%progbits
 150      AFF30080 
 150      AFF30080 
 151              		.align	2
 152              		.p2align 4,,15
 153              		.thumb
 154              		.thumb_func
 155              		.type	stm32_rtc_tm2bcd.clone.1, %function
 156              	stm32_rtc_tm2bcd.clone.1:
 157              	.LFB126:
 158              		.loc 1 104 0
 159              		.cfi_startproc
 160              		@ args = 0, pretend = 0, frame = 16
 161              		@ frame_needed = 0, uses_anonymous_args = 0
 162              		@ link register save eliminated.
 163              	.LVL4:
 164 0000 2DE9F00F 		push	{r4, r5, r6, r7, r8, r9, sl, fp}
 165              	.LCFI1:
ARM GAS  C:\Users\DNIEL~1\AppData\Local\Temp\cc3DQvJo.s 			page 4


 166              		.cfi_def_cfa_offset 32
 167              		.loc 1 110 0
 168 0004 4769     		ldr	r7, [r0, #20]
 169              		.cfi_offset 11, -4
 170              		.cfi_offset 10, -8
 171              		.cfi_offset 9, -12
 172              		.cfi_offset 8, -16
 173              		.cfi_offset 7, -20
 174              		.cfi_offset 6, -24
 175              		.cfi_offset 5, -28
 176              		.cfi_offset 4, -32
 177              		.loc 1 111 0
 178 0006 444D     		ldr	r5, .L7
 179              		.loc 1 114 0
 180 0008 8369     		ldr	r3, [r0, #24]
 181              		.loc 1 110 0
 182 000a 643F     		subs	r7, r7, #100
 183              	.LVL5:
 184              		.loc 1 111 0
 185 000c A5FB0756 		umull	r5, r6, r5, r7
 186 0010 F408     		lsrs	r4, r6, #3
 187              		.loc 1 112 0
 188 0012 04EB8409 		add	r9, r4, r4, lsl #2
 189              		.loc 1 107 0
 190 0016 0025     		movs	r5, #0
 191              		.loc 1 104 0
 192 0018 84B0     		sub	sp, sp, #16
 193              	.LCFI2:
 194              		.cfi_def_cfa_offset 48
 195              		.loc 1 111 0
 196 001a 2605     		lsls	r6, r4, #20
 197              		.loc 1 107 0
 198 001c 0D60     		str	r5, [r1, #0]
 199              		.loc 1 112 0
 200 001e A7EB490B 		sub	fp, r7, r9, lsl #1
 201              		.loc 1 108 0
 202 0022 1560     		str	r5, [r2, #0]
 203              		.loc 1 111 0
 204 0024 06F47004 		and	r4, r6, #15728640
 205 0028 D1F80090 		ldr	r9, [r1, #0]
 206 002c 0194     		str	r4, [sp, #4]
 207              		.loc 1 112 0
 208 002e 4FEA0B4B 		lsl	fp, fp, #16
 209              		.loc 1 114 0
 210 0032 002B     		cmp	r3, #0
 211 0034 6AD0     		beq	.L6
 212              	.LVL6:
 213 0036 5C07     		lsls	r4, r3, #29
 214 0038 230C     		lsrs	r3, r4, #16
 215 003a 0293     		str	r3, [sp, #8]
 216              	.LVL7:
 217              	.L5:
 218              		.loc 1 126 0
 219 003c 364B     		ldr	r3, .L7
 220              		.loc 1 124 0
 221 003e D0F80C80 		ldr	r8, [r0, #12]
 222              		.loc 1 120 0
ARM GAS  C:\Users\DNIEL~1\AppData\Local\Temp\cc3DQvJo.s 			page 5


 223 0042 0469     		ldr	r4, [r0, #16]
 224              		.loc 1 136 0
 225 0044 0568     		ldr	r5, [r0, #0]
 226              		.loc 1 132 0
 227 0046 4768     		ldr	r7, [r0, #4]
 228              		.loc 1 128 0
 229 0048 8668     		ldr	r6, [r0, #8]
 230              		.loc 1 120 0
 231 004a 04F1010C 		add	ip, r4, #1
 232              	.LVL8:
 233              		.loc 1 126 0
 234 004e A3FB0804 		umull	r0, r4, r3, r8
 235              	.LVL9:
 236              		.loc 1 111 0
 237 0052 49EA0B0B 		orr	fp, r9, fp
 238              		.loc 1 126 0
 239 0056 E408     		lsrs	r4, r4, #3
 240              		.loc 1 122 0
 241 0058 A3FB0CA0 		umull	sl, r0, r3, ip
 242              		.loc 1 111 0
 243 005c CDF80CB0 		str	fp, [sp, #12]
 244              		.loc 1 126 0
 245 0060 04EB840A 		add	sl, r4, r4, lsl #2
 246 0064 A8EB4A08 		sub	r8, r8, sl, lsl #1
 247              		.loc 1 122 0
 248 0068 C008     		lsrs	r0, r0, #3
 249              		.loc 1 134 0
 250 006a A3FB07A9 		umull	sl, r9, r3, r7
 251              		.loc 1 112 0
 252 006e DDF80CA0 		ldr	sl, [sp, #12]
 253              		.loc 1 122 0
 254 0072 00EB800B 		add	fp, r0, r0, lsl #2
 255 0076 ACEB4B0C 		sub	ip, ip, fp, lsl #1
 256              		.loc 1 134 0
 257 007a 4FEAD909 		lsr	r9, r9, #3
 258              		.loc 1 112 0
 259 007e 4AEA0808 		orr	r8, sl, r8
 260              		.loc 1 125 0
 261 0082 2401     		lsls	r4, r4, #4
 262              		.loc 1 130 0
 263 0084 A3FB06BA 		umull	fp, sl, r3, r6
 264              		.loc 1 118 0
 265 0088 48EA0C28 		orr	r8, r8, ip, lsl #8
 266              		.loc 1 125 0
 267 008c 04F0300C 		and	ip, r4, #48
 268              		.loc 1 134 0
 269 0090 09EB8904 		add	r4, r9, r9, lsl #2
 270              		.loc 1 138 0
 271 0094 A3FB05B3 		umull	fp, r3, r3, r5
 272              		.loc 1 130 0
 273 0098 4FEADA0A 		lsr	sl, sl, #3
 274              		.loc 1 134 0
 275 009c A7EB4407 		sub	r7, r7, r4, lsl #1
 276              		.loc 1 122 0
 277 00a0 019C     		ldr	r4, [sp, #4]
 278              		.loc 1 138 0
 279 00a2 DB08     		lsrs	r3, r3, #3
ARM GAS  C:\Users\DNIEL~1\AppData\Local\Temp\cc3DQvJo.s 			page 6


 280              		.loc 1 130 0
 281 00a4 0AEB8A0B 		add	fp, sl, sl, lsl #2
 282              		.loc 1 121 0
 283 00a8 48EA0C08 		orr	r8, r8, ip
 284 00ac 0003     		lsls	r0, r0, #12
 285 00ae 00F4805C 		and	ip, r0, #4096
 286              		.loc 1 130 0
 287 00b2 A6EB4B06 		sub	r6, r6, fp, lsl #1
 288              		.loc 1 122 0
 289 00b6 48EA0408 		orr	r8, r8, r4
 290              		.loc 1 138 0
 291 00ba 03EB830B 		add	fp, r3, r3, lsl #2
 292              		.loc 1 125 0
 293 00be 48EA0C00 		orr	r0, r8, ip
 294              		.loc 1 134 0
 295 00c2 3F02     		lsls	r7, r7, #8
 296              		.loc 1 138 0
 297 00c4 A5EB4B0C 		sub	ip, r5, fp, lsl #1
 298              		.loc 1 126 0
 299 00c8 DDF808B0 		ldr	fp, [sp, #8]
 300              		.loc 1 129 0
 301 00cc 47EA0646 		orr	r6, r7, r6, lsl #16
 302 00d0 4FEA0A5A 		lsl	sl, sl, #20
 303              		.loc 1 126 0
 304 00d4 40EA0B00 		orr	r0, r0, fp
 305              		.loc 1 130 0
 306 00d8 46EA0C05 		orr	r5, r6, ip
 307              	.LVL10:
 308              		.loc 1 129 0
 309 00dc 0AF4401A 		and	sl, sl, #3145728
 310              		.loc 1 133 0
 311 00e0 4FEA093C 		lsl	ip, r9, #12
 312              		.loc 1 126 0
 313 00e4 0860     		str	r0, [r1, #0]
 314              		.loc 1 133 0
 315 00e6 0CF4E049 		and	r9, ip, #28672
 316              		.loc 1 137 0
 317 00ea 1801     		lsls	r0, r3, #4
 318              		.loc 1 133 0
 319 00ec 45EA0A05 		orr	r5, r5, sl
 320              		.loc 1 138 0
 321 00f0 1168     		ldr	r1, [r2, #0]
 322              		.loc 1 137 0
 323 00f2 00F07003 		and	r3, r0, #112
 324              		.loc 1 134 0
 325 00f6 45EA0909 		orr	r9, r5, r9
 326              		.loc 1 137 0
 327 00fa 49EA030C 		orr	ip, r9, r3
 328              		.loc 1 138 0
 329 00fe 41EA0C00 		orr	r0, r1, ip
 330 0102 1060     		str	r0, [r2, #0]
 331              		.loc 1 139 0
 332 0104 04B0     		add	sp, sp, #16
 333 0106 BDE8F00F 		pop	{r4, r5, r6, r7, r8, r9, sl, fp}
 334 010a 7047     		bx	lr
 335              	.LVL11:
 336              	.L6:
ARM GAS  C:\Users\DNIEL~1\AppData\Local\Temp\cc3DQvJo.s 			page 7


 337              		.loc 1 114 0
 338 010c 4FF4604A 		mov	sl, #57344
 339 0110 CDF808A0 		str	sl, [sp, #8]
 340 0114 92E7     		b	.L5
 341              	.L8:
 342 0116 00BF     		.align	2
 343              	.L7:
 344 0118 CDCCCCCC 		.word	-858993459
 345              		.cfi_endproc
 346              	.LFE126:
 347              		.size	stm32_rtc_tm2bcd.clone.1, .-stm32_rtc_tm2bcd.clone.1
 348 011c AFF30080 		.section	.text.rtcGetTimeTm,"ax",%progbits
 349              		.align	2
 350              		.p2align 4,,15
 351              		.global	rtcGetTimeTm
 352              		.thumb
 353              		.thumb_func
 354              		.type	rtcGetTimeTm, %function
 355              	rtcGetTimeTm:
 356              	.LFB120:
 357              		.loc 1 149 0
 358              		.cfi_startproc
 359              		@ args = 0, pretend = 0, frame = 16
 360              		@ frame_needed = 0, uses_anonymous_args = 0
 361              	.LVL12:
 362 0000 10B5     		push	{r4, lr}
 363              	.LCFI3:
 364              		.cfi_def_cfa_offset 8
 365 0002 84B0     		sub	sp, sp, #16
 366              	.LCFI4:
 367              		.cfi_def_cfa_offset 24
 368              		.loc 1 151 0
 369 0004 0023     		movs	r3, #0
 370              		.loc 1 149 0
 371 0006 0C46     		mov	r4, r1
 372              		.cfi_offset 14, -4
 373              		.cfi_offset 4, -8
 374              		.loc 1 156 0
 375 0008 6946     		mov	r1, sp
 376              	.LVL13:
 377              		.loc 1 151 0
 378 000a 0093     		str	r3, [sp, #0]
 379 000c 0193     		str	r3, [sp, #4]
 380 000e 0293     		str	r3, [sp, #8]
 381 0010 0393     		str	r3, [sp, #12]
 382              		.loc 1 156 0
 383 0012 FFF7FEFF 		bl	rtcGetTime
 384              	.LVL14:
 385              		.loc 1 157 0
 386 0016 2046     		mov	r0, r4
 387 0018 0099     		ldr	r1, [sp, #0]
 388 001a 019A     		ldr	r2, [sp, #4]
 389 001c FFF7FEFF 		bl	stm32_rtc_bcd2tm.clone.0
 390              		.loc 1 158 0
 391 0020 04B0     		add	sp, sp, #16
 392 0022 10BD     		pop	{r4, pc}
 393              		.cfi_endproc
ARM GAS  C:\Users\DNIEL~1\AppData\Local\Temp\cc3DQvJo.s 			page 8


 394              	.LFE120:
 395              		.size	rtcGetTimeTm, .-rtcGetTimeTm
 396 0024 AFF30080 		.section	.text.rtcSetTimeTm,"ax",%progbits
 396      AFF30080 
 396      AFF30080 
 397              		.align	2
 398              		.p2align 4,,15
 399              		.global	rtcSetTimeTm
 400              		.thumb
 401              		.thumb_func
 402              		.type	rtcSetTimeTm, %function
 403              	rtcSetTimeTm:
 404              	.LFB121:
 405              		.loc 1 168 0
 406              		.cfi_startproc
 407              		@ args = 0, pretend = 0, frame = 16
 408              		@ frame_needed = 0, uses_anonymous_args = 0
 409              	.LVL15:
 410 0000 10B5     		push	{r4, lr}
 411              	.LCFI5:
 412              		.cfi_def_cfa_offset 8
 413              		.loc 1 170 0
 414 0002 0023     		movs	r3, #0
 415              		.loc 1 168 0
 416 0004 84B0     		sub	sp, sp, #16
 417              	.LCFI6:
 418              		.cfi_def_cfa_offset 24
 419              		.loc 1 168 0
 420 0006 0446     		mov	r4, r0
 421              		.cfi_offset 14, -4
 422              		.cfi_offset 4, -8
 423              		.loc 1 175 0
 424 0008 0DEB0300 		add	r0, sp, r3
 425              	.LVL16:
 426 000c 021D     		adds	r2, r0, #4
 427 000e 0846     		mov	r0, r1
 428 0010 6946     		mov	r1, sp
 429              	.LVL17:
 430              		.loc 1 170 0
 431 0012 0093     		str	r3, [sp, #0]
 432 0014 0193     		str	r3, [sp, #4]
 433 0016 0293     		str	r3, [sp, #8]
 434 0018 0393     		str	r3, [sp, #12]
 435              		.loc 1 175 0
 436 001a FFF7FEFF 		bl	stm32_rtc_tm2bcd.clone.1
 437              	.LVL18:
 438              		.loc 1 176 0
 439 001e 2046     		mov	r0, r4
 440 0020 6946     		mov	r1, sp
 441 0022 FFF7FEFF 		bl	rtcSetTime
 442              		.loc 1 177 0
 443 0026 04B0     		add	sp, sp, #16
 444 0028 10BD     		pop	{r4, pc}
 445              		.cfi_endproc
 446              	.LFE121:
 447              		.size	rtcSetTimeTm, .-rtcSetTimeTm
 448 002a 00BFAFF3 		.section	.text.rtcGetTimeUnixSec,"ax",%progbits
ARM GAS  C:\Users\DNIEL~1\AppData\Local\Temp\cc3DQvJo.s 			page 9


 448      0080
 449              		.align	2
 450              		.p2align 4,,15
 451              		.global	rtcGetTimeUnixSec
 452              		.thumb
 453              		.thumb_func
 454              		.type	rtcGetTimeUnixSec, %function
 455              	rtcGetTimeUnixSec:
 456              	.LFB122:
 457              		.loc 1 187 0
 458              		.cfi_startproc
 459              		@ args = 0, pretend = 0, frame = 64
 460              		@ frame_needed = 0, uses_anonymous_args = 0
 461              	.LVL19:
 462 0000 00B5     		push	{lr}
 463              	.LCFI7:
 464              		.cfi_def_cfa_offset 4
 465 0002 91B0     		sub	sp, sp, #68
 466              	.LCFI8:
 467              		.cfi_def_cfa_offset 72
 468              		.loc 1 189 0
 469 0004 0023     		movs	r3, #0
 470              		.loc 1 195 0
 471 0006 0CA9     		add	r1, sp, #48
 472              		.loc 1 189 0
 473 0008 0C93     		str	r3, [sp, #48]
 474 000a 0D93     		str	r3, [sp, #52]
 475 000c 0E93     		str	r3, [sp, #56]
 476 000e 0F93     		str	r3, [sp, #60]
 477              		.loc 1 195 0
 478              		.cfi_offset 14, -4
 479 0010 FFF7FEFF 		bl	rtcGetTime
 480              	.LVL20:
 481              		.loc 1 196 0
 482 0014 01A8     		add	r0, sp, #4
 483 0016 0C99     		ldr	r1, [sp, #48]
 484 0018 0D9A     		ldr	r2, [sp, #52]
 485 001a FFF7FEFF 		bl	stm32_rtc_bcd2tm.clone.0
 486              		.loc 1 198 0
 487 001e 01A8     		add	r0, sp, #4
 488 0020 FFF7FEFF 		bl	mktime
 489              		.loc 1 199 0
 490 0024 11B0     		add	sp, sp, #68
 491 0026 00BD     		pop	{pc}
 492              		.cfi_endproc
 493              	.LFE122:
 494              		.size	rtcGetTimeUnixSec, .-rtcGetTimeUnixSec
 495 0028 AFF30080 		.section	.text.rtcSetTimeUnixSec,"ax",%progbits
 495      AFF30080 
 496              		.align	2
 497              		.p2align 4,,15
 498              		.global	rtcSetTimeUnixSec
 499              		.thumb
 500              		.thumb_func
 501              		.type	rtcSetTimeUnixSec, %function
 502              	rtcSetTimeUnixSec:
 503              	.LFB123:
ARM GAS  C:\Users\DNIEL~1\AppData\Local\Temp\cc3DQvJo.s 			page 10


 504              		.loc 1 210 0
 505              		.cfi_startproc
 506              		@ args = 0, pretend = 0, frame = 72
 507              		@ frame_needed = 0, uses_anonymous_args = 0
 508              	.LVL21:
 509 0000 10B5     		push	{r4, lr}
 510              	.LCFI9:
 511              		.cfi_def_cfa_offset 8
 512 0002 92B0     		sub	sp, sp, #72
 513              	.LCFI10:
 514              		.cfi_def_cfa_offset 80
 515              		.loc 1 212 0
 516 0004 0023     		movs	r3, #0
 517              		.loc 1 210 0
 518 0006 0446     		mov	r4, r0
 519              		.cfi_offset 14, -4
 520              		.cfi_offset 4, -8
 521 0008 0191     		str	r1, [sp, #4]
 522              		.loc 1 218 0
 523 000a 01A8     		add	r0, sp, #4
 524              	.LVL22:
 525 000c 03A9     		add	r1, sp, #12
 526              	.LVL23:
 527              		.loc 1 212 0
 528 000e 0E93     		str	r3, [sp, #56]
 529 0010 0F93     		str	r3, [sp, #60]
 530 0012 1093     		str	r3, [sp, #64]
 531 0014 1193     		str	r3, [sp, #68]
 532              		.loc 1 218 0
 533 0016 FFF7FEFF 		bl	localtime_r
 534              		.loc 1 219 0
 535 001a 0EA9     		add	r1, sp, #56
 536 001c 03A8     		add	r0, sp, #12
 537 001e 0A1D     		adds	r2, r1, #4
 538 0020 FFF7FEFF 		bl	stm32_rtc_tm2bcd.clone.1
 539              		.loc 1 220 0
 540 0024 2046     		mov	r0, r4
 541 0026 0EA9     		add	r1, sp, #56
 542 0028 FFF7FEFF 		bl	rtcSetTime
 543              		.loc 1 221 0
 544 002c 12B0     		add	sp, sp, #72
 545 002e 10BD     		pop	{r4, pc}
 546              		.cfi_endproc
 547              	.LFE123:
 548              		.size	rtcSetTimeUnixSec, .-rtcSetTimeUnixSec
 549              		.section	.text.rtcGetTimeUnixUsec,"ax",%progbits
 550              		.align	2
 551              		.p2align 4,,15
 552              		.global	rtcGetTimeUnixUsec
 553              		.thumb
 554              		.thumb_func
 555              		.type	rtcGetTimeUnixUsec, %function
 556              	rtcGetTimeUnixUsec:
 557              	.LFB124:
 558              		.loc 1 231 0
 559              		.cfi_startproc
 560              		@ args = 0, pretend = 0, frame = 64
ARM GAS  C:\Users\DNIEL~1\AppData\Local\Temp\cc3DQvJo.s 			page 11


 561              		@ frame_needed = 0, uses_anonymous_args = 0
 562              	.LVL24:
 563 0000 00B5     		push	{lr}
 564              	.LCFI11:
 565              		.cfi_def_cfa_offset 4
 566 0002 91B0     		sub	sp, sp, #68
 567              	.LCFI12:
 568              		.cfi_def_cfa_offset 72
 569              		.loc 1 234 0
 570 0004 0023     		movs	r3, #0
 571              		.loc 1 237 0
 572 0006 0CA9     		add	r1, sp, #48
 573              		.loc 1 234 0
 574 0008 0C93     		str	r3, [sp, #48]
 575 000a 0D93     		str	r3, [sp, #52]
 576 000c 0E93     		str	r3, [sp, #56]
 577 000e 0F93     		str	r3, [sp, #60]
 578              		.loc 1 237 0
 579              		.cfi_offset 14, -4
 580 0010 FFF7FEFF 		bl	rtcGetTime
 581              	.LVL25:
 582              		.loc 1 238 0
 583 0014 0C99     		ldr	r1, [sp, #48]
 584 0016 0D9A     		ldr	r2, [sp, #52]
 585 0018 01A8     		add	r0, sp, #4
 586 001a FFF7FEFF 		bl	stm32_rtc_bcd2tm.clone.0
 587              		.loc 1 240 0
 588 001e 01A8     		add	r0, sp, #4
 589 0020 FFF7FEFF 		bl	mktime
 590              	.LVL26:
 591              		.loc 1 241 0
 592 0024 0F9B     		ldr	r3, [sp, #60]
 593 0026 0649     		ldr	r1, .L14
 594 0028 4FF47A72 		mov	r2, #1000
 595 002c 02FB03F2 		mul	r2, r2, r3
 596 0030 0023     		movs	r3, #0
 597 0032 C1FB0023 		smlal	r2, r3, r1, r0
 598              		.loc 1 245 0
 599 0036 1046     		mov	r0, r2
 600 0038 1946     		mov	r1, r3
 601 003a 11B0     		add	sp, sp, #68
 602 003c 00BD     		pop	{pc}
 603              	.L15:
 604 003e 00BF     		.align	2
 605              	.L14:
 606 0040 40420F00 		.word	1000000
 607              		.cfi_endproc
 608              	.LFE124:
 609              		.size	rtcGetTimeUnixUsec, .-rtcGetTimeUnixUsec
 610 0044 AFF30080 		.text
 610      AFF30080 
 610      AFF30080 
 611              	.Letext0:
 612              		.section	.debug_loc,"",%progbits
 613              	.Ldebug_loc0:
 614              	.LLST0:
 615 0000 00000000 		.4byte	.LFB125
ARM GAS  C:\Users\DNIEL~1\AppData\Local\Temp\cc3DQvJo.s 			page 12


 616 0004 08000000 		.4byte	.LCFI0
 617 0008 0200     		.2byte	0x2
 618 000a 7D       		.byte	0x7d
 619 000b 00       		.sleb128 0
 620 000c 08000000 		.4byte	.LCFI0
 621 0010 A4000000 		.4byte	.LFE125
 622 0014 0200     		.2byte	0x2
 623 0016 7D       		.byte	0x7d
 624 0017 20       		.sleb128 32
 625 0018 00000000 		.4byte	0x0
 626 001c 00000000 		.4byte	0x0
 627              	.LLST1:
 628 0020 12000000 		.4byte	.LVL1
 629 0024 7E000000 		.4byte	.LVL3
 630 0028 0100     		.2byte	0x1
 631 002a 52       		.byte	0x52
 632 002b 00000000 		.4byte	0x0
 633 002f 00000000 		.4byte	0x0
 634              	.LLST2:
 635 0033 12000000 		.4byte	.LVL1
 636 0037 5E000000 		.4byte	.LVL2
 637 003b 0100     		.2byte	0x1
 638 003d 51       		.byte	0x51
 639 003e 00000000 		.4byte	0x0
 640 0042 00000000 		.4byte	0x0
 641              	.LLST3:
 642 0046 00000000 		.4byte	.LFB126
 643 004a 04000000 		.4byte	.LCFI1
 644 004e 0200     		.2byte	0x2
 645 0050 7D       		.byte	0x7d
 646 0051 00       		.sleb128 0
 647 0052 04000000 		.4byte	.LCFI1
 648 0056 1A000000 		.4byte	.LCFI2
 649 005a 0200     		.2byte	0x2
 650 005c 7D       		.byte	0x7d
 651 005d 20       		.sleb128 32
 652 005e 1A000000 		.4byte	.LCFI2
 653 0062 1C010000 		.4byte	.LFE126
 654 0066 0200     		.2byte	0x2
 655 0068 7D       		.byte	0x7d
 656 0069 30       		.sleb128 48
 657 006a 00000000 		.4byte	0x0
 658 006e 00000000 		.4byte	0x0
 659              	.LLST4:
 660 0072 00000000 		.4byte	.LVL4
 661 0076 52000000 		.4byte	.LVL9
 662 007a 0100     		.2byte	0x1
 663 007c 50       		.byte	0x50
 664 007d 0C010000 		.4byte	.LVL11
 665 0081 1C010000 		.4byte	.LFE126
 666 0085 0100     		.2byte	0x1
 667 0087 50       		.byte	0x50
 668 0088 00000000 		.4byte	0x0
 669 008c 00000000 		.4byte	0x0
 670              	.LLST5:
 671 0090 00000000 		.4byte	.LVL4
 672 0094 0C000000 		.4byte	.LVL5
ARM GAS  C:\Users\DNIEL~1\AppData\Local\Temp\cc3DQvJo.s 			page 13


 673 0098 0200     		.2byte	0x2
 674 009a 30       		.byte	0x30
 675 009b 9F       		.byte	0x9f
 676 009c 0C000000 		.4byte	.LVL5
 677 00a0 36000000 		.4byte	.LVL6
 678 00a4 0100     		.2byte	0x1
 679 00a6 57       		.byte	0x57
 680 00a7 36000000 		.4byte	.LVL6
 681 00ab 3C000000 		.4byte	.LVL7
 682 00af 0200     		.2byte	0x2
 683 00b1 70       		.byte	0x70
 684 00b2 18       		.sleb128 24
 685 00b3 4E000000 		.4byte	.LVL8
 686 00b7 52000000 		.4byte	.LVL9
 687 00bb 0200     		.2byte	0x2
 688 00bd 70       		.byte	0x70
 689 00be 00       		.sleb128 0
 690 00bf 52000000 		.4byte	.LVL9
 691 00c3 DC000000 		.4byte	.LVL10
 692 00c7 0100     		.2byte	0x1
 693 00c9 55       		.byte	0x55
 694 00ca 0C010000 		.4byte	.LVL11
 695 00ce 1C010000 		.4byte	.LFE126
 696 00d2 0100     		.2byte	0x1
 697 00d4 57       		.byte	0x57
 698 00d5 00000000 		.4byte	0x0
 699 00d9 00000000 		.4byte	0x0
 700              	.LLST6:
 701 00dd 00000000 		.4byte	.LFB120
 702 00e1 02000000 		.4byte	.LCFI3
 703 00e5 0200     		.2byte	0x2
 704 00e7 7D       		.byte	0x7d
 705 00e8 00       		.sleb128 0
 706 00e9 02000000 		.4byte	.LCFI3
 707 00ed 04000000 		.4byte	.LCFI4
 708 00f1 0200     		.2byte	0x2
 709 00f3 7D       		.byte	0x7d
 710 00f4 08       		.sleb128 8
 711 00f5 04000000 		.4byte	.LCFI4
 712 00f9 24000000 		.4byte	.LFE120
 713 00fd 0200     		.2byte	0x2
 714 00ff 7D       		.byte	0x7d
 715 0100 18       		.sleb128 24
 716 0101 00000000 		.4byte	0x0
 717 0105 00000000 		.4byte	0x0
 718              	.LLST7:
 719 0109 00000000 		.4byte	.LVL12
 720 010d 15000000 		.4byte	.LVL14-1
 721 0111 0100     		.2byte	0x1
 722 0113 50       		.byte	0x50
 723 0114 00000000 		.4byte	0x0
 724 0118 00000000 		.4byte	0x0
 725              	.LLST8:
 726 011c 00000000 		.4byte	.LVL12
 727 0120 0A000000 		.4byte	.LVL13
 728 0124 0100     		.2byte	0x1
 729 0126 51       		.byte	0x51
ARM GAS  C:\Users\DNIEL~1\AppData\Local\Temp\cc3DQvJo.s 			page 14


 730 0127 0A000000 		.4byte	.LVL13
 731 012b 24000000 		.4byte	.LFE120
 732 012f 0100     		.2byte	0x1
 733 0131 54       		.byte	0x54
 734 0132 00000000 		.4byte	0x0
 735 0136 00000000 		.4byte	0x0
 736              	.LLST9:
 737 013a 00000000 		.4byte	.LFB121
 738 013e 02000000 		.4byte	.LCFI5
 739 0142 0200     		.2byte	0x2
 740 0144 7D       		.byte	0x7d
 741 0145 00       		.sleb128 0
 742 0146 02000000 		.4byte	.LCFI5
 743 014a 06000000 		.4byte	.LCFI6
 744 014e 0200     		.2byte	0x2
 745 0150 7D       		.byte	0x7d
 746 0151 08       		.sleb128 8
 747 0152 06000000 		.4byte	.LCFI6
 748 0156 2A000000 		.4byte	.LFE121
 749 015a 0200     		.2byte	0x2
 750 015c 7D       		.byte	0x7d
 751 015d 18       		.sleb128 24
 752 015e 00000000 		.4byte	0x0
 753 0162 00000000 		.4byte	0x0
 754              	.LLST10:
 755 0166 00000000 		.4byte	.LVL15
 756 016a 0C000000 		.4byte	.LVL16
 757 016e 0100     		.2byte	0x1
 758 0170 50       		.byte	0x50
 759 0171 0C000000 		.4byte	.LVL16
 760 0175 2A000000 		.4byte	.LFE121
 761 0179 0100     		.2byte	0x1
 762 017b 54       		.byte	0x54
 763 017c 00000000 		.4byte	0x0
 764 0180 00000000 		.4byte	0x0
 765              	.LLST11:
 766 0184 00000000 		.4byte	.LVL15
 767 0188 12000000 		.4byte	.LVL17
 768 018c 0100     		.2byte	0x1
 769 018e 51       		.byte	0x51
 770 018f 12000000 		.4byte	.LVL17
 771 0193 1D000000 		.4byte	.LVL18-1
 772 0197 0100     		.2byte	0x1
 773 0199 50       		.byte	0x50
 774 019a 00000000 		.4byte	0x0
 775 019e 00000000 		.4byte	0x0
 776              	.LLST12:
 777 01a2 00000000 		.4byte	.LFB122
 778 01a6 02000000 		.4byte	.LCFI7
 779 01aa 0200     		.2byte	0x2
 780 01ac 7D       		.byte	0x7d
 781 01ad 00       		.sleb128 0
 782 01ae 02000000 		.4byte	.LCFI7
 783 01b2 04000000 		.4byte	.LCFI8
 784 01b6 0200     		.2byte	0x2
 785 01b8 7D       		.byte	0x7d
 786 01b9 04       		.sleb128 4
ARM GAS  C:\Users\DNIEL~1\AppData\Local\Temp\cc3DQvJo.s 			page 15


 787 01ba 04000000 		.4byte	.LCFI8
 788 01be 28000000 		.4byte	.LFE122
 789 01c2 0300     		.2byte	0x3
 790 01c4 7D       		.byte	0x7d
 791 01c5 C800     		.sleb128 72
 792 01c7 00000000 		.4byte	0x0
 793 01cb 00000000 		.4byte	0x0
 794              	.LLST13:
 795 01cf 00000000 		.4byte	.LVL19
 796 01d3 13000000 		.4byte	.LVL20-1
 797 01d7 0100     		.2byte	0x1
 798 01d9 50       		.byte	0x50
 799 01da 00000000 		.4byte	0x0
 800 01de 00000000 		.4byte	0x0
 801              	.LLST14:
 802 01e2 00000000 		.4byte	.LFB123
 803 01e6 02000000 		.4byte	.LCFI9
 804 01ea 0200     		.2byte	0x2
 805 01ec 7D       		.byte	0x7d
 806 01ed 00       		.sleb128 0
 807 01ee 02000000 		.4byte	.LCFI9
 808 01f2 04000000 		.4byte	.LCFI10
 809 01f6 0200     		.2byte	0x2
 810 01f8 7D       		.byte	0x7d
 811 01f9 08       		.sleb128 8
 812 01fa 04000000 		.4byte	.LCFI10
 813 01fe 30000000 		.4byte	.LFE123
 814 0202 0300     		.2byte	0x3
 815 0204 7D       		.byte	0x7d
 816 0205 D000     		.sleb128 80
 817 0207 00000000 		.4byte	0x0
 818 020b 00000000 		.4byte	0x0
 819              	.LLST15:
 820 020f 00000000 		.4byte	.LVL21
 821 0213 0C000000 		.4byte	.LVL22
 822 0217 0100     		.2byte	0x1
 823 0219 50       		.byte	0x50
 824 021a 0C000000 		.4byte	.LVL22
 825 021e 30000000 		.4byte	.LFE123
 826 0222 0100     		.2byte	0x1
 827 0224 54       		.byte	0x54
 828 0225 00000000 		.4byte	0x0
 829 0229 00000000 		.4byte	0x0
 830              	.LLST16:
 831 022d 00000000 		.4byte	.LVL21
 832 0231 0E000000 		.4byte	.LVL23
 833 0235 0100     		.2byte	0x1
 834 0237 51       		.byte	0x51
 835 0238 0E000000 		.4byte	.LVL23
 836 023c 30000000 		.4byte	.LFE123
 837 0240 0300     		.2byte	0x3
 838 0242 91       		.byte	0x91
 839 0243 B47F     		.sleb128 -76
 840 0245 00000000 		.4byte	0x0
 841 0249 00000000 		.4byte	0x0
 842              	.LLST17:
 843 024d 00000000 		.4byte	.LFB124
ARM GAS  C:\Users\DNIEL~1\AppData\Local\Temp\cc3DQvJo.s 			page 16


 844 0251 02000000 		.4byte	.LCFI11
 845 0255 0200     		.2byte	0x2
 846 0257 7D       		.byte	0x7d
 847 0258 00       		.sleb128 0
 848 0259 02000000 		.4byte	.LCFI11
 849 025d 04000000 		.4byte	.LCFI12
 850 0261 0200     		.2byte	0x2
 851 0263 7D       		.byte	0x7d
 852 0264 04       		.sleb128 4
 853 0265 04000000 		.4byte	.LCFI12
 854 0269 44000000 		.4byte	.LFE124
 855 026d 0300     		.2byte	0x3
 856 026f 7D       		.byte	0x7d
 857 0270 C800     		.sleb128 72
 858 0272 00000000 		.4byte	0x0
 859 0276 00000000 		.4byte	0x0
 860              	.LLST18:
 861 027a 00000000 		.4byte	.LVL24
 862 027e 13000000 		.4byte	.LVL25-1
 863 0282 0100     		.2byte	0x1
 864 0284 50       		.byte	0x50
 865 0285 00000000 		.4byte	0x0
 866 0289 00000000 		.4byte	0x0
 867              	.LLST19:
 868 028d 00000000 		.4byte	.LVL24
 869 0291 24000000 		.4byte	.LVL26
 870 0295 0A00     		.2byte	0xa
 871 0297 9E       		.byte	0x9e
 872 0298 08       		.uleb128 0x8
 873 0299 00000000 		.8byte	0x0
 873      00000000 
 874 02a1 00000000 		.4byte	0x0
 875 02a5 00000000 		.4byte	0x0
 876              		.file 2 "c:\\program files (x86)\\codesourcery\\sourcery g++ lite\\bin\\../lib/gcc/arm-none-eabi/4
 877              		.file 3 "c:\\program files (x86)\\codesourcery\\sourcery g++ lite\\bin\\../lib/gcc/arm-none-eabi/4
 878              		.file 4 "c:\\program files (x86)\\codesourcery\\sourcery g++ lite\\bin\\../lib/gcc/arm-none-eabi/4
 879              		.file 5 "../../../ChibiOS/os/ports/GCC/ARMCMx/chtypes.h"
 880              		.file 6 "../../../ChibiOS/os/hal/platforms/STM32F4xx/stm32f4xx.h"
 881              		.file 7 "../../../ChibiOS/os/hal/include/rtc.h"
 882              		.file 8 "../../../ChibiOS/os/hal/platforms/STM32/RTCv2/rtc_lld.h"
 883              		.file 9 "../../../ChibiOS/os/ports/common/ARMCMx/CMSIS/include/core_cm4.h"
 884              		.section	.debug_info
 885 0000 B9060000 		.4byte	0x6b9
 886 0004 0200     		.2byte	0x2
 887 0006 00000000 		.4byte	.Ldebug_abbrev0
 888 000a 04       		.byte	0x4
 889 000b 01       		.uleb128 0x1
 890 000c 56020000 		.4byte	.LASF80
 891 0010 01       		.byte	0x1
 892 0011 08030000 		.4byte	.LASF81
 893 0015 7E020000 		.4byte	.LASF82
 894 0019 00000000 		.4byte	0x0
 895 001d 00000000 		.4byte	0x0
 896 0021 00000000 		.4byte	.Ldebug_ranges0+0x0
 897 0025 00000000 		.4byte	.Ldebug_line0
 898 0029 02       		.uleb128 0x2
 899 002a 01       		.byte	0x1
ARM GAS  C:\Users\DNIEL~1\AppData\Local\Temp\cc3DQvJo.s 			page 17


 900 002b 06       		.byte	0x6
 901 002c 28010000 		.4byte	.LASF0
 902 0030 02       		.uleb128 0x2
 903 0031 01       		.byte	0x1
 904 0032 08       		.byte	0x8
 905 0033 02010000 		.4byte	.LASF1
 906 0037 02       		.uleb128 0x2
 907 0038 02       		.byte	0x2
 908 0039 05       		.byte	0x5
 909 003a 1D000000 		.4byte	.LASF2
 910 003e 02       		.uleb128 0x2
 911 003f 02       		.byte	0x2
 912 0040 07       		.byte	0x7
 913 0041 80010000 		.4byte	.LASF3
 914 0045 03       		.uleb128 0x3
 915 0046 04       		.byte	0x4
 916 0047 05       		.byte	0x5
 917 0048 696E7400 		.ascii	"int\000"
 918 004c 02       		.uleb128 0x2
 919 004d 04       		.byte	0x4
 920 004e 07       		.byte	0x7
 921 004f 63010000 		.4byte	.LASF4
 922 0053 02       		.uleb128 0x2
 923 0054 08       		.byte	0x8
 924 0055 05       		.byte	0x5
 925 0056 A5000000 		.4byte	.LASF5
 926 005a 02       		.uleb128 0x2
 927 005b 08       		.byte	0x8
 928 005c 07       		.byte	0x7
 929 005d 3C010000 		.4byte	.LASF6
 930 0061 02       		.uleb128 0x2
 931 0062 04       		.byte	0x4
 932 0063 05       		.byte	0x5
 933 0064 BA000000 		.4byte	.LASF7
 934 0068 02       		.uleb128 0x2
 935 0069 04       		.byte	0x4
 936 006a 07       		.byte	0x7
 937 006b 1D020000 		.4byte	.LASF8
 938 006f 02       		.uleb128 0x2
 939 0070 01       		.byte	0x1
 940 0071 08       		.byte	0x8
 941 0072 A0010000 		.4byte	.LASF9
 942 0076 04       		.uleb128 0x4
 943 0077 6C000000 		.4byte	.LASF21
 944 007b 03       		.byte	0x3
 945 007c 6D       		.byte	0x6d
 946 007d 61000000 		.4byte	0x61
 947 0081 05       		.uleb128 0x5
 948 0082 746D00   		.ascii	"tm\000"
 949 0085 2C       		.byte	0x2c
 950 0086 02       		.byte	0x2
 951 0087 2C       		.byte	0x2c
 952 0088 27010000 		.4byte	0x127
 953 008c 06       		.uleb128 0x6
 954 008d F0020000 		.4byte	.LASF10
 955 0091 02       		.byte	0x2
 956 0092 2E       		.byte	0x2e
ARM GAS  C:\Users\DNIEL~1\AppData\Local\Temp\cc3DQvJo.s 			page 18


 957 0093 45000000 		.4byte	0x45
 958 0097 02       		.byte	0x2
 959 0098 23       		.byte	0x23
 960 0099 00       		.uleb128 0x0
 961 009a 06       		.uleb128 0x6
 962 009b 05020000 		.4byte	.LASF11
 963 009f 02       		.byte	0x2
 964 00a0 2F       		.byte	0x2f
 965 00a1 45000000 		.4byte	0x45
 966 00a5 02       		.byte	0x2
 967 00a6 23       		.byte	0x23
 968 00a7 04       		.uleb128 0x4
 969 00a8 06       		.uleb128 0x6
 970 00a9 90000000 		.4byte	.LASF12
 971 00ad 02       		.byte	0x2
 972 00ae 30       		.byte	0x30
 973 00af 45000000 		.4byte	0x45
 974 00b3 02       		.byte	0x2
 975 00b4 23       		.byte	0x23
 976 00b5 08       		.uleb128 0x8
 977 00b6 06       		.uleb128 0x6
 978 00b7 34010000 		.4byte	.LASF13
 979 00bb 02       		.byte	0x2
 980 00bc 31       		.byte	0x31
 981 00bd 45000000 		.4byte	0x45
 982 00c1 02       		.byte	0x2
 983 00c2 23       		.byte	0x23
 984 00c3 0C       		.uleb128 0xc
 985 00c4 06       		.uleb128 0x6
 986 00c5 9E000000 		.4byte	.LASF14
 987 00c9 02       		.byte	0x2
 988 00ca 32       		.byte	0x32
 989 00cb 45000000 		.4byte	0x45
 990 00cf 02       		.byte	0x2
 991 00d0 23       		.byte	0x23
 992 00d1 10       		.uleb128 0x10
 993 00d2 06       		.uleb128 0x6
 994 00d3 93010000 		.4byte	.LASF15
 995 00d7 02       		.byte	0x2
 996 00d8 33       		.byte	0x33
 997 00d9 45000000 		.4byte	0x45
 998 00dd 02       		.byte	0x2
 999 00de 23       		.byte	0x23
 1000 00df 14       		.uleb128 0x14
 1001 00e0 06       		.uleb128 0x6
 1002 00e1 56000000 		.4byte	.LASF16
 1003 00e5 02       		.byte	0x2
 1004 00e6 34       		.byte	0x34
 1005 00e7 45000000 		.4byte	0x45
 1006 00eb 02       		.byte	0x2
 1007 00ec 23       		.byte	0x23
 1008 00ed 18       		.uleb128 0x18
 1009 00ee 06       		.uleb128 0x6
 1010 00ef C7010000 		.4byte	.LASF17
 1011 00f3 02       		.byte	0x2
 1012 00f4 35       		.byte	0x35
 1013 00f5 45000000 		.4byte	0x45
ARM GAS  C:\Users\DNIEL~1\AppData\Local\Temp\cc3DQvJo.s 			page 19


 1014 00f9 02       		.byte	0x2
 1015 00fa 23       		.byte	0x23
 1016 00fb 1C       		.uleb128 0x1c
 1017 00fc 06       		.uleb128 0x6
 1018 00fd 0C020000 		.4byte	.LASF18
 1019 0101 02       		.byte	0x2
 1020 0102 36       		.byte	0x36
 1021 0103 45000000 		.4byte	0x45
 1022 0107 02       		.byte	0x2
 1023 0108 23       		.byte	0x23
 1024 0109 20       		.uleb128 0x20
 1025 010a 06       		.uleb128 0x6
 1026 010b E5010000 		.4byte	.LASF19
 1027 010f 02       		.byte	0x2
 1028 0110 37       		.byte	0x37
 1029 0111 45000000 		.4byte	0x45
 1030 0115 02       		.byte	0x2
 1031 0116 23       		.byte	0x23
 1032 0117 24       		.uleb128 0x24
 1033 0118 06       		.uleb128 0x6
 1034 0119 EF010000 		.4byte	.LASF20
 1035 011d 02       		.byte	0x2
 1036 011e 38       		.byte	0x38
 1037 011f 45000000 		.4byte	0x45
 1038 0123 02       		.byte	0x2
 1039 0124 23       		.byte	0x23
 1040 0125 28       		.uleb128 0x28
 1041 0126 00       		.byte	0x0
 1042 0127 04       		.uleb128 0x4
 1043 0128 B8010000 		.4byte	.LASF22
 1044 012c 04       		.byte	0x4
 1045 012d 4F       		.byte	0x4f
 1046 012e 61000000 		.4byte	0x61
 1047 0132 04       		.uleb128 0x4
 1048 0133 53010000 		.4byte	.LASF23
 1049 0137 04       		.byte	0x4
 1050 0138 50       		.byte	0x50
 1051 0139 68000000 		.4byte	0x68
 1052 013d 04       		.uleb128 0x4
 1053 013e 14000000 		.4byte	.LASF24
 1054 0142 04       		.byte	0x4
 1055 0143 78       		.byte	0x78
 1056 0144 5A000000 		.4byte	0x5a
 1057 0148 04       		.uleb128 0x4
 1058 0149 C0010000 		.4byte	.LASF25
 1059 014d 05       		.byte	0x5
 1060 014e 27       		.byte	0x27
 1061 014f 27010000 		.4byte	0x127
 1062 0153 07       		.uleb128 0x7
 1063 0154 32010000 		.4byte	0x132
 1064 0158 07       		.uleb128 0x7
 1065 0159 27010000 		.4byte	0x127
 1066 015d 08       		.uleb128 0x8
 1067 015e A0       		.byte	0xa0
 1068 015f 06       		.byte	0x6
 1069 0160 0103     		.2byte	0x301
 1070 0162 C4030000 		.4byte	0x3c4
ARM GAS  C:\Users\DNIEL~1\AppData\Local\Temp\cc3DQvJo.s 			page 20


 1071 0166 09       		.uleb128 0x9
 1072 0167 545200   		.ascii	"TR\000"
 1073 016a 06       		.byte	0x6
 1074 016b 0303     		.2byte	0x303
 1075 016d 53010000 		.4byte	0x153
 1076 0171 02       		.byte	0x2
 1077 0172 23       		.byte	0x23
 1078 0173 00       		.uleb128 0x0
 1079 0174 09       		.uleb128 0x9
 1080 0175 445200   		.ascii	"DR\000"
 1081 0178 06       		.byte	0x6
 1082 0179 0403     		.2byte	0x304
 1083 017b 53010000 		.4byte	0x153
 1084 017f 02       		.byte	0x2
 1085 0180 23       		.byte	0x23
 1086 0181 04       		.uleb128 0x4
 1087 0182 09       		.uleb128 0x9
 1088 0183 435200   		.ascii	"CR\000"
 1089 0186 06       		.byte	0x6
 1090 0187 0503     		.2byte	0x305
 1091 0189 53010000 		.4byte	0x153
 1092 018d 02       		.byte	0x2
 1093 018e 23       		.byte	0x23
 1094 018f 08       		.uleb128 0x8
 1095 0190 09       		.uleb128 0x9
 1096 0191 49535200 		.ascii	"ISR\000"
 1097 0195 06       		.byte	0x6
 1098 0196 0603     		.2byte	0x306
 1099 0198 53010000 		.4byte	0x153
 1100 019c 02       		.byte	0x2
 1101 019d 23       		.byte	0x23
 1102 019e 0C       		.uleb128 0xc
 1103 019f 0A       		.uleb128 0xa
 1104 01a0 2F030000 		.4byte	.LASF26
 1105 01a4 06       		.byte	0x6
 1106 01a5 0703     		.2byte	0x307
 1107 01a7 53010000 		.4byte	0x153
 1108 01ab 02       		.byte	0x2
 1109 01ac 23       		.byte	0x23
 1110 01ad 10       		.uleb128 0x10
 1111 01ae 0A       		.uleb128 0xa
 1112 01af 51000000 		.4byte	.LASF27
 1113 01b3 06       		.byte	0x6
 1114 01b4 0803     		.2byte	0x308
 1115 01b6 53010000 		.4byte	0x153
 1116 01ba 02       		.byte	0x2
 1117 01bb 23       		.byte	0x23
 1118 01bc 14       		.uleb128 0x14
 1119 01bd 0A       		.uleb128 0xa
 1120 01be B3000000 		.4byte	.LASF28
 1121 01c2 06       		.byte	0x6
 1122 01c3 0903     		.2byte	0x309
 1123 01c5 53010000 		.4byte	0x153
 1124 01c9 02       		.byte	0x2
 1125 01ca 23       		.byte	0x23
 1126 01cb 18       		.uleb128 0x18
 1127 01cc 0A       		.uleb128 0xa
ARM GAS  C:\Users\DNIEL~1\AppData\Local\Temp\cc3DQvJo.s 			page 21


 1128 01cd 5C010000 		.4byte	.LASF29
 1129 01d1 06       		.byte	0x6
 1130 01d2 0A03     		.2byte	0x30a
 1131 01d4 53010000 		.4byte	0x153
 1132 01d8 02       		.byte	0x2
 1133 01d9 23       		.byte	0x23
 1134 01da 1C       		.uleb128 0x1c
 1135 01db 0A       		.uleb128 0xa
 1136 01dc 62020000 		.4byte	.LASF30
 1137 01e0 06       		.byte	0x6
 1138 01e1 0B03     		.2byte	0x30b
 1139 01e3 53010000 		.4byte	0x153
 1140 01e7 02       		.byte	0x2
 1141 01e8 23       		.byte	0x23
 1142 01e9 20       		.uleb128 0x20
 1143 01ea 09       		.uleb128 0x9
 1144 01eb 57505200 		.ascii	"WPR\000"
 1145 01ef 06       		.byte	0x6
 1146 01f0 0C03     		.2byte	0x30c
 1147 01f2 53010000 		.4byte	0x153
 1148 01f6 02       		.byte	0x2
 1149 01f7 23       		.byte	0x23
 1150 01f8 24       		.uleb128 0x24
 1151 01f9 09       		.uleb128 0x9
 1152 01fa 53535200 		.ascii	"SSR\000"
 1153 01fe 06       		.byte	0x6
 1154 01ff 0D03     		.2byte	0x30d
 1155 0201 53010000 		.4byte	0x153
 1156 0205 02       		.byte	0x2
 1157 0206 23       		.byte	0x23
 1158 0207 28       		.uleb128 0x28
 1159 0208 0A       		.uleb128 0xa
 1160 0209 E3020000 		.4byte	.LASF31
 1161 020d 06       		.byte	0x6
 1162 020e 0E03     		.2byte	0x30e
 1163 0210 53010000 		.4byte	0x153
 1164 0214 02       		.byte	0x2
 1165 0215 23       		.byte	0x23
 1166 0216 2C       		.uleb128 0x2c
 1167 0217 0A       		.uleb128 0xa
 1168 0218 7B010000 		.4byte	.LASF32
 1169 021c 06       		.byte	0x6
 1170 021d 0F03     		.2byte	0x30f
 1171 021f 53010000 		.4byte	0x153
 1172 0223 02       		.byte	0x2
 1173 0224 23       		.byte	0x23
 1174 0225 30       		.uleb128 0x30
 1175 0226 0A       		.uleb128 0xa
 1176 0227 8B000000 		.4byte	.LASF33
 1177 022b 06       		.byte	0x6
 1178 022c 1003     		.2byte	0x310
 1179 022e 53010000 		.4byte	0x153
 1180 0232 02       		.byte	0x2
 1181 0233 23       		.byte	0x23
 1182 0234 34       		.uleb128 0x34
 1183 0235 0A       		.uleb128 0xa
 1184 0236 D6020000 		.4byte	.LASF34
ARM GAS  C:\Users\DNIEL~1\AppData\Local\Temp\cc3DQvJo.s 			page 22


 1185 023a 06       		.byte	0x6
 1186 023b 1103     		.2byte	0x311
 1187 023d 53010000 		.4byte	0x153
 1188 0241 02       		.byte	0x2
 1189 0242 23       		.byte	0x23
 1190 0243 38       		.uleb128 0x38
 1191 0244 0A       		.uleb128 0xa
 1192 0245 4C000000 		.4byte	.LASF35
 1193 0249 06       		.byte	0x6
 1194 024a 1203     		.2byte	0x312
 1195 024c 53010000 		.4byte	0x153
 1196 0250 02       		.byte	0x2
 1197 0251 23       		.byte	0x23
 1198 0252 3C       		.uleb128 0x3c
 1199 0253 0A       		.uleb128 0xa
 1200 0254 FC000000 		.4byte	.LASF36
 1201 0258 06       		.byte	0x6
 1202 0259 1303     		.2byte	0x313
 1203 025b 53010000 		.4byte	0x153
 1204 025f 02       		.byte	0x2
 1205 0260 23       		.byte	0x23
 1206 0261 40       		.uleb128 0x40
 1207 0262 0A       		.uleb128 0xa
 1208 0263 10010000 		.4byte	.LASF37
 1209 0267 06       		.byte	0x6
 1210 0268 1403     		.2byte	0x314
 1211 026a 53010000 		.4byte	0x153
 1212 026e 02       		.byte	0x2
 1213 026f 23       		.byte	0x23
 1214 0270 44       		.uleb128 0x44
 1215 0271 0A       		.uleb128 0xa
 1216 0272 CF010000 		.4byte	.LASF38
 1217 0276 06       		.byte	0x6
 1218 0277 1503     		.2byte	0x315
 1219 0279 53010000 		.4byte	0x153
 1220 027d 02       		.byte	0x2
 1221 027e 23       		.byte	0x23
 1222 027f 48       		.uleb128 0x48
 1223 0280 0A       		.uleb128 0xa
 1224 0281 2F020000 		.4byte	.LASF39
 1225 0285 06       		.byte	0x6
 1226 0286 1603     		.2byte	0x316
 1227 0288 32010000 		.4byte	0x132
 1228 028c 02       		.byte	0x2
 1229 028d 23       		.byte	0x23
 1230 028e 4C       		.uleb128 0x4c
 1231 028f 0A       		.uleb128 0xa
 1232 0290 50020000 		.4byte	.LASF40
 1233 0294 06       		.byte	0x6
 1234 0295 1703     		.2byte	0x317
 1235 0297 53010000 		.4byte	0x153
 1236 029b 02       		.byte	0x2
 1237 029c 23       		.byte	0x23
 1238 029d 50       		.uleb128 0x50
 1239 029e 0A       		.uleb128 0xa
 1240 029f 4A020000 		.4byte	.LASF41
 1241 02a3 06       		.byte	0x6
ARM GAS  C:\Users\DNIEL~1\AppData\Local\Temp\cc3DQvJo.s 			page 23


 1242 02a4 1803     		.2byte	0x318
 1243 02a6 53010000 		.4byte	0x153
 1244 02aa 02       		.byte	0x2
 1245 02ab 23       		.byte	0x23
 1246 02ac 54       		.uleb128 0x54
 1247 02ad 0A       		.uleb128 0xa
 1248 02ae 07000000 		.4byte	.LASF42
 1249 02b2 06       		.byte	0x6
 1250 02b3 1903     		.2byte	0x319
 1251 02b5 53010000 		.4byte	0x153
 1252 02b9 02       		.byte	0x2
 1253 02ba 23       		.byte	0x23
 1254 02bb 58       		.uleb128 0x58
 1255 02bc 0A       		.uleb128 0xa
 1256 02bd 98000000 		.4byte	.LASF43
 1257 02c1 06       		.byte	0x6
 1258 02c2 1A03     		.2byte	0x31a
 1259 02c4 53010000 		.4byte	0x153
 1260 02c8 02       		.byte	0x2
 1261 02c9 23       		.byte	0x23
 1262 02ca 5C       		.uleb128 0x5c
 1263 02cb 0A       		.uleb128 0xa
 1264 02cc 75010000 		.4byte	.LASF44
 1265 02d0 06       		.byte	0x6
 1266 02d1 1B03     		.2byte	0x31b
 1267 02d3 53010000 		.4byte	0x153
 1268 02d7 02       		.byte	0x2
 1269 02d8 23       		.byte	0x23
 1270 02d9 60       		.uleb128 0x60
 1271 02da 0A       		.uleb128 0xa
 1272 02db 70020000 		.4byte	.LASF45
 1273 02df 06       		.byte	0x6
 1274 02e0 1C03     		.2byte	0x31c
 1275 02e2 53010000 		.4byte	0x153
 1276 02e6 02       		.byte	0x2
 1277 02e7 23       		.byte	0x23
 1278 02e8 64       		.uleb128 0x64
 1279 02e9 0A       		.uleb128 0xa
 1280 02ea 34000000 		.4byte	.LASF46
 1281 02ee 06       		.byte	0x6
 1282 02ef 1D03     		.2byte	0x31d
 1283 02f1 53010000 		.4byte	0x153
 1284 02f5 02       		.byte	0x2
 1285 02f6 23       		.byte	0x23
 1286 02f7 68       		.uleb128 0x68
 1287 02f8 0A       		.uleb128 0xa
 1288 02f9 DC000000 		.4byte	.LASF47
 1289 02fd 06       		.byte	0x6
 1290 02fe 1E03     		.2byte	0x31e
 1291 0300 53010000 		.4byte	0x153
 1292 0304 02       		.byte	0x2
 1293 0305 23       		.byte	0x23
 1294 0306 6C       		.uleb128 0x6c
 1295 0307 0A       		.uleb128 0xa
 1296 0308 B2010000 		.4byte	.LASF48
 1297 030c 06       		.byte	0x6
 1298 030d 1F03     		.2byte	0x31f
ARM GAS  C:\Users\DNIEL~1\AppData\Local\Temp\cc3DQvJo.s 			page 24


 1299 030f 53010000 		.4byte	0x153
 1300 0313 02       		.byte	0x2
 1301 0314 23       		.byte	0x23
 1302 0315 70       		.uleb128 0x70
 1303 0316 0A       		.uleb128 0xa
 1304 0317 EA020000 		.4byte	.LASF49
 1305 031b 06       		.byte	0x6
 1306 031c 2003     		.2byte	0x320
 1307 031e 53010000 		.4byte	0x153
 1308 0322 02       		.byte	0x2
 1309 0323 23       		.byte	0x23
 1310 0324 74       		.uleb128 0x74
 1311 0325 0A       		.uleb128 0xa
 1312 0326 C3000000 		.4byte	.LASF50
 1313 032a 06       		.byte	0x6
 1314 032b 2103     		.2byte	0x321
 1315 032d 53010000 		.4byte	0x153
 1316 0331 02       		.byte	0x2
 1317 0332 23       		.byte	0x23
 1318 0333 78       		.uleb128 0x78
 1319 0334 0A       		.uleb128 0xa
 1320 0335 69020000 		.4byte	.LASF51
 1321 0339 06       		.byte	0x6
 1322 033a 2203     		.2byte	0x322
 1323 033c 53010000 		.4byte	0x153
 1324 0340 02       		.byte	0x2
 1325 0341 23       		.byte	0x23
 1326 0342 7C       		.uleb128 0x7c
 1327 0343 0A       		.uleb128 0xa
 1328 0344 DC020000 		.4byte	.LASF52
 1329 0348 06       		.byte	0x6
 1330 0349 2303     		.2byte	0x323
 1331 034b 53010000 		.4byte	0x153
 1332 034f 03       		.byte	0x3
 1333 0350 23       		.byte	0x23
 1334 0351 8001     		.uleb128 0x80
 1335 0353 0A       		.uleb128 0xa
 1336 0354 5E000000 		.4byte	.LASF53
 1337 0358 06       		.byte	0x6
 1338 0359 2403     		.2byte	0x324
 1339 035b 53010000 		.4byte	0x153
 1340 035f 03       		.byte	0x3
 1341 0360 23       		.byte	0x23
 1342 0361 8401     		.uleb128 0x84
 1343 0363 0A       		.uleb128 0xa
 1344 0364 F5000000 		.4byte	.LASF54
 1345 0368 06       		.byte	0x6
 1346 0369 2503     		.2byte	0x325
 1347 036b 53010000 		.4byte	0x153
 1348 036f 03       		.byte	0x3
 1349 0370 23       		.byte	0x23
 1350 0371 8801     		.uleb128 0x88
 1351 0373 0A       		.uleb128 0xa
 1352 0374 65000000 		.4byte	.LASF55
 1353 0378 06       		.byte	0x6
 1354 0379 2603     		.2byte	0x326
 1355 037b 53010000 		.4byte	0x153
ARM GAS  C:\Users\DNIEL~1\AppData\Local\Temp\cc3DQvJo.s 			page 25


 1356 037f 03       		.byte	0x3
 1357 0380 23       		.byte	0x23
 1358 0381 8C01     		.uleb128 0x8c
 1359 0383 0A       		.uleb128 0xa
 1360 0384 3B030000 		.4byte	.LASF56
 1361 0388 06       		.byte	0x6
 1362 0389 2703     		.2byte	0x327
 1363 038b 53010000 		.4byte	0x153
 1364 038f 03       		.byte	0x3
 1365 0390 23       		.byte	0x23
 1366 0391 9001     		.uleb128 0x90
 1367 0393 0A       		.uleb128 0xa
 1368 0394 73000000 		.4byte	.LASF57
 1369 0398 06       		.byte	0x6
 1370 0399 2803     		.2byte	0x328
 1371 039b 53010000 		.4byte	0x153
 1372 039f 03       		.byte	0x3
 1373 03a0 23       		.byte	0x23
 1374 03a1 9401     		.uleb128 0x94
 1375 03a3 0A       		.uleb128 0xa
 1376 03a4 19010000 		.4byte	.LASF58
 1377 03a8 06       		.byte	0x6
 1378 03a9 2903     		.2byte	0x329
 1379 03ab 53010000 		.4byte	0x153
 1380 03af 03       		.byte	0x3
 1381 03b0 23       		.byte	0x23
 1382 03b1 9801     		.uleb128 0x98
 1383 03b3 0A       		.uleb128 0xa
 1384 03b4 43020000 		.4byte	.LASF59
 1385 03b8 06       		.byte	0x6
 1386 03b9 2A03     		.2byte	0x32a
 1387 03bb 53010000 		.4byte	0x153
 1388 03bf 03       		.byte	0x3
 1389 03c0 23       		.byte	0x23
 1390 03c1 9C01     		.uleb128 0x9c
 1391 03c3 00       		.byte	0x0
 1392 03c4 0B       		.uleb128 0xb
 1393 03c5 F9010000 		.4byte	.LASF60
 1394 03c9 06       		.byte	0x6
 1395 03ca 2B03     		.2byte	0x32b
 1396 03cc 5D010000 		.4byte	0x15d
 1397 03d0 04       		.uleb128 0x4
 1398 03d1 39020000 		.4byte	.LASF61
 1399 03d5 07       		.byte	0x7
 1400 03d6 45       		.byte	0x45
 1401 03d7 DB030000 		.4byte	0x3db
 1402 03db 0C       		.uleb128 0xc
 1403 03dc 39020000 		.4byte	.LASF61
 1404 03e0 04       		.byte	0x4
 1405 03e1 08       		.byte	0x8
 1406 03e2 A8       		.byte	0xa8
 1407 03e3 F6030000 		.4byte	0x3f6
 1408 03e7 06       		.uleb128 0x6
 1409 03e8 34030000 		.4byte	.LASF62
 1410 03ec 08       		.byte	0x8
 1411 03ed AC       		.byte	0xac
 1412 03ee 46040000 		.4byte	0x446
ARM GAS  C:\Users\DNIEL~1\AppData\Local\Temp\cc3DQvJo.s 			page 26


 1413 03f2 02       		.byte	0x2
 1414 03f3 23       		.byte	0x23
 1415 03f4 00       		.uleb128 0x0
 1416 03f5 00       		.byte	0x0
 1417 03f6 04       		.uleb128 0x4
 1418 03f7 42030000 		.4byte	.LASF63
 1419 03fb 07       		.byte	0x7
 1420 03fc 4A       		.byte	0x4a
 1421 03fd 01040000 		.4byte	0x401
 1422 0401 0C       		.uleb128 0xc
 1423 0402 42030000 		.4byte	.LASF63
 1424 0406 10       		.byte	0x10
 1425 0407 08       		.byte	0x8
 1426 0408 78       		.byte	0x78
 1427 0409 46040000 		.4byte	0x446
 1428 040d 06       		.uleb128 0x6
 1429 040e 20010000 		.4byte	.LASF64
 1430 0412 08       		.byte	0x8
 1431 0413 7C       		.byte	0x7c
 1432 0414 32010000 		.4byte	0x132
 1433 0418 02       		.byte	0x2
 1434 0419 23       		.byte	0x23
 1435 041a 00       		.uleb128 0x0
 1436 041b 06       		.uleb128 0x6
 1437 041c 76020000 		.4byte	.LASF65
 1438 0420 08       		.byte	0x8
 1439 0421 80       		.byte	0x80
 1440 0422 32010000 		.4byte	0x132
 1441 0426 02       		.byte	0x2
 1442 0427 23       		.byte	0x23
 1443 0428 04       		.uleb128 0x4
 1444 0429 0D       		.uleb128 0xd
 1445 042a 68313200 		.ascii	"h12\000"
 1446 042e 08       		.byte	0x8
 1447 042f 84       		.byte	0x84
 1448 0430 48010000 		.4byte	0x148
 1449 0434 02       		.byte	0x2
 1450 0435 23       		.byte	0x23
 1451 0436 08       		.uleb128 0x8
 1452 0437 06       		.uleb128 0x6
 1453 0438 15020000 		.4byte	.LASF66
 1454 043c 08       		.byte	0x8
 1455 043d 89       		.byte	0x89
 1456 043e 32010000 		.4byte	0x132
 1457 0442 02       		.byte	0x2
 1458 0443 23       		.byte	0x23
 1459 0444 0C       		.uleb128 0xc
 1460 0445 00       		.byte	0x0
 1461 0446 0E       		.uleb128 0xe
 1462 0447 04       		.byte	0x4
 1463 0448 C4030000 		.4byte	0x3c4
 1464 044c 0F       		.uleb128 0xf
 1465 044d F7020000 		.4byte	.LASF69
 1466 0451 01       		.byte	0x1
 1467 0452 34       		.byte	0x34
 1468 0453 01       		.byte	0x1
 1469 0454 01       		.byte	0x1
ARM GAS  C:\Users\DNIEL~1\AppData\Local\Temp\cc3DQvJo.s 			page 27


 1470 0455 86040000 		.4byte	0x486
 1471 0459 10       		.uleb128 0x10
 1472 045a 9B010000 		.4byte	.LASF67
 1473 045e 01       		.byte	0x1
 1474 045f 34       		.byte	0x34
 1475 0460 86040000 		.4byte	0x486
 1476 0464 10       		.uleb128 0x10
 1477 0465 CD020000 		.4byte	.LASF68
 1478 0469 01       		.byte	0x1
 1479 046a 34       		.byte	0x34
 1480 046b 8C040000 		.4byte	0x48c
 1481 046f 11       		.uleb128 0x11
 1482 0470 76020000 		.4byte	.LASF65
 1483 0474 01       		.byte	0x1
 1484 0475 35       		.byte	0x35
 1485 0476 32010000 		.4byte	0x132
 1486 047a 11       		.uleb128 0x11
 1487 047b 20010000 		.4byte	.LASF64
 1488 047f 01       		.byte	0x1
 1489 0480 36       		.byte	0x36
 1490 0481 32010000 		.4byte	0x132
 1491 0485 00       		.byte	0x0
 1492 0486 0E       		.uleb128 0xe
 1493 0487 04       		.byte	0x4
 1494 0488 81000000 		.4byte	0x81
 1495 048c 0E       		.uleb128 0xe
 1496 048d 04       		.byte	0x4
 1497 048e F6030000 		.4byte	0x3f6
 1498 0492 0F       		.uleb128 0xf
 1499 0493 7A000000 		.4byte	.LASF70
 1500 0497 01       		.byte	0x1
 1501 0498 68       		.byte	0x68
 1502 0499 01       		.byte	0x1
 1503 049a 01       		.byte	0x1
 1504 049b BF040000 		.4byte	0x4bf
 1505 049f 10       		.uleb128 0x10
 1506 04a0 9B010000 		.4byte	.LASF67
 1507 04a4 01       		.byte	0x1
 1508 04a5 68       		.byte	0x68
 1509 04a6 86040000 		.4byte	0x486
 1510 04aa 10       		.uleb128 0x10
 1511 04ab CD020000 		.4byte	.LASF68
 1512 04af 01       		.byte	0x1
 1513 04b0 68       		.byte	0x68
 1514 04b1 8C040000 		.4byte	0x48c
 1515 04b5 12       		.uleb128 0x12
 1516 04b6 7600     		.ascii	"v\000"
 1517 04b8 01       		.byte	0x1
 1518 04b9 69       		.byte	0x69
 1519 04ba 32010000 		.4byte	0x132
 1520 04be 00       		.byte	0x0
 1521 04bf 13       		.uleb128 0x13
 1522 04c0 4C040000 		.4byte	0x44c
 1523 04c4 00000000 		.4byte	.LFB125
 1524 04c8 A4000000 		.4byte	.LFE125
 1525 04cc 00000000 		.4byte	.LLST0
 1526 04d0 EE040000 		.4byte	0x4ee
ARM GAS  C:\Users\DNIEL~1\AppData\Local\Temp\cc3DQvJo.s 			page 28


 1527 04d4 14       		.uleb128 0x14
 1528 04d5 59040000 		.4byte	0x459
 1529 04d9 01       		.byte	0x1
 1530 04da 50       		.byte	0x50
 1531 04db 15       		.uleb128 0x15
 1532 04dc 6F040000 		.4byte	0x46f
 1533 04e0 20000000 		.4byte	.LLST1
 1534 04e4 15       		.uleb128 0x15
 1535 04e5 7A040000 		.4byte	0x47a
 1536 04e9 33000000 		.4byte	.LLST2
 1537 04ed 00       		.byte	0x0
 1538 04ee 13       		.uleb128 0x13
 1539 04ef 92040000 		.4byte	0x492
 1540 04f3 00000000 		.4byte	.LFB126
 1541 04f7 1C010000 		.4byte	.LFE126
 1542 04fb 46000000 		.4byte	.LLST3
 1543 04ff 16050000 		.4byte	0x516
 1544 0503 16       		.uleb128 0x16
 1545 0504 9F040000 		.4byte	0x49f
 1546 0508 72000000 		.4byte	.LLST4
 1547 050c 15       		.uleb128 0x15
 1548 050d B5040000 		.4byte	0x4b5
 1549 0511 90000000 		.4byte	.LLST5
 1550 0515 00       		.byte	0x0
 1551 0516 17       		.uleb128 0x17
 1552 0517 01       		.byte	0x1
 1553 0518 27000000 		.4byte	.LASF72
 1554 051c 01       		.byte	0x1
 1555 051d 95       		.byte	0x95
 1556 051e 01       		.byte	0x1
 1557 051f 00000000 		.4byte	.LFB120
 1558 0523 24000000 		.4byte	.LFE120
 1559 0527 DD000000 		.4byte	.LLST6
 1560 052b 5C050000 		.4byte	0x55c
 1561 052f 18       		.uleb128 0x18
 1562 0530 70010000 		.4byte	.LASF71
 1563 0534 01       		.byte	0x1
 1564 0535 95       		.byte	0x95
 1565 0536 5C050000 		.4byte	0x55c
 1566 053a 09010000 		.4byte	.LLST7
 1567 053e 18       		.uleb128 0x18
 1568 053f 9B010000 		.4byte	.LASF67
 1569 0543 01       		.byte	0x1
 1570 0544 95       		.byte	0x95
 1571 0545 86040000 		.4byte	0x486
 1572 0549 1C010000 		.4byte	.LLST8
 1573 054d 19       		.uleb128 0x19
 1574 054e CD020000 		.4byte	.LASF68
 1575 0552 01       		.byte	0x1
 1576 0553 97       		.byte	0x97
 1577 0554 F6030000 		.4byte	0x3f6
 1578 0558 02       		.byte	0x2
 1579 0559 91       		.byte	0x91
 1580 055a 68       		.sleb128 -24
 1581 055b 00       		.byte	0x0
 1582 055c 0E       		.uleb128 0xe
 1583 055d 04       		.byte	0x4
ARM GAS  C:\Users\DNIEL~1\AppData\Local\Temp\cc3DQvJo.s 			page 29


 1584 055e D0030000 		.4byte	0x3d0
 1585 0562 17       		.uleb128 0x17
 1586 0563 01       		.byte	0x1
 1587 0564 D8010000 		.4byte	.LASF73
 1588 0568 01       		.byte	0x1
 1589 0569 A8       		.byte	0xa8
 1590 056a 01       		.byte	0x1
 1591 056b 00000000 		.4byte	.LFB121
 1592 056f 2A000000 		.4byte	.LFE121
 1593 0573 3A010000 		.4byte	.LLST9
 1594 0577 A8050000 		.4byte	0x5a8
 1595 057b 18       		.uleb128 0x18
 1596 057c 70010000 		.4byte	.LASF71
 1597 0580 01       		.byte	0x1
 1598 0581 A8       		.byte	0xa8
 1599 0582 5C050000 		.4byte	0x55c
 1600 0586 66010000 		.4byte	.LLST10
 1601 058a 18       		.uleb128 0x18
 1602 058b 9B010000 		.4byte	.LASF67
 1603 058f 01       		.byte	0x1
 1604 0590 A8       		.byte	0xa8
 1605 0591 86040000 		.4byte	0x486
 1606 0595 84010000 		.4byte	.LLST11
 1607 0599 19       		.uleb128 0x19
 1608 059a CD020000 		.4byte	.LASF68
 1609 059e 01       		.byte	0x1
 1610 059f AA       		.byte	0xaa
 1611 05a0 F6030000 		.4byte	0x3f6
 1612 05a4 02       		.byte	0x2
 1613 05a5 91       		.byte	0x91
 1614 05a6 68       		.sleb128 -24
 1615 05a7 00       		.byte	0x0
 1616 05a8 1A       		.uleb128 0x1a
 1617 05a9 01       		.byte	0x1
 1618 05aa 3A000000 		.4byte	.LASF76
 1619 05ae 01       		.byte	0x1
 1620 05af BB       		.byte	0xbb
 1621 05b0 01       		.byte	0x1
 1622 05b1 76000000 		.4byte	0x76
 1623 05b5 00000000 		.4byte	.LFB122
 1624 05b9 28000000 		.4byte	.LFE122
 1625 05bd A2010000 		.4byte	.LLST12
 1626 05c1 F2050000 		.4byte	0x5f2
 1627 05c5 18       		.uleb128 0x18
 1628 05c6 70010000 		.4byte	.LASF71
 1629 05ca 01       		.byte	0x1
 1630 05cb BB       		.byte	0xbb
 1631 05cc 5C050000 		.4byte	0x55c
 1632 05d0 CF010000 		.4byte	.LLST13
 1633 05d4 19       		.uleb128 0x19
 1634 05d5 CD020000 		.4byte	.LASF68
 1635 05d9 01       		.byte	0x1
 1636 05da BD       		.byte	0xbd
 1637 05db F6030000 		.4byte	0x3f6
 1638 05df 02       		.byte	0x2
 1639 05e0 91       		.byte	0x91
 1640 05e1 68       		.sleb128 -24
ARM GAS  C:\Users\DNIEL~1\AppData\Local\Temp\cc3DQvJo.s 			page 30


 1641 05e2 19       		.uleb128 0x19
 1642 05e3 9B010000 		.4byte	.LASF67
 1643 05e7 01       		.byte	0x1
 1644 05e8 C1       		.byte	0xc1
 1645 05e9 81000000 		.4byte	0x81
 1646 05ed 03       		.byte	0x3
 1647 05ee 91       		.byte	0x91
 1648 05ef BC7F     		.sleb128 -68
 1649 05f1 00       		.byte	0x0
 1650 05f2 17       		.uleb128 0x17
 1651 05f3 01       		.byte	0x1
 1652 05f4 CA000000 		.4byte	.LASF74
 1653 05f8 01       		.byte	0x1
 1654 05f9 D2       		.byte	0xd2
 1655 05fa 01       		.byte	0x1
 1656 05fb 00000000 		.4byte	.LFB123
 1657 05ff 30000000 		.4byte	.LFE123
 1658 0603 E2010000 		.4byte	.LLST14
 1659 0607 47060000 		.4byte	0x647
 1660 060b 18       		.uleb128 0x18
 1661 060c 70010000 		.4byte	.LASF71
 1662 0610 01       		.byte	0x1
 1663 0611 D2       		.byte	0xd2
 1664 0612 5C050000 		.4byte	0x55c
 1665 0616 0F020000 		.4byte	.LLST15
 1666 061a 18       		.uleb128 0x18
 1667 061b 0D000000 		.4byte	.LASF75
 1668 061f 01       		.byte	0x1
 1669 0620 D2       		.byte	0xd2
 1670 0621 76000000 		.4byte	0x76
 1671 0625 2D020000 		.4byte	.LLST16
 1672 0629 19       		.uleb128 0x19
 1673 062a CD020000 		.4byte	.LASF68
 1674 062e 01       		.byte	0x1
 1675 062f D4       		.byte	0xd4
 1676 0630 F6030000 		.4byte	0x3f6
 1677 0634 02       		.byte	0x2
 1678 0635 91       		.byte	0x91
 1679 0636 68       		.sleb128 -24
 1680 0637 19       		.uleb128 0x19
 1681 0638 9B010000 		.4byte	.LASF67
 1682 063c 01       		.byte	0x1
 1683 063d D8       		.byte	0xd8
 1684 063e 81000000 		.4byte	0x81
 1685 0642 03       		.byte	0x3
 1686 0643 91       		.byte	0x91
 1687 0644 BC7F     		.sleb128 -68
 1688 0646 00       		.byte	0x0
 1689 0647 1A       		.uleb128 0x1a
 1690 0648 01       		.byte	0x1
 1691 0649 E2000000 		.4byte	.LASF77
 1692 064d 01       		.byte	0x1
 1693 064e E7       		.byte	0xe7
 1694 064f 01       		.byte	0x1
 1695 0650 3D010000 		.4byte	0x13d
 1696 0654 00000000 		.4byte	.LFB124
 1697 0658 44000000 		.4byte	.LFE124
ARM GAS  C:\Users\DNIEL~1\AppData\Local\Temp\cc3DQvJo.s 			page 31


 1698 065c 4D020000 		.4byte	.LLST17
 1699 0660 A0060000 		.4byte	0x6a0
 1700 0664 18       		.uleb128 0x18
 1701 0665 70010000 		.4byte	.LASF71
 1702 0669 01       		.byte	0x1
 1703 066a E7       		.byte	0xe7
 1704 066b 5C050000 		.4byte	0x55c
 1705 066f 7A020000 		.4byte	.LLST18
 1706 0673 1B       		.uleb128 0x1b
 1707 0674 00000000 		.4byte	.LASF78
 1708 0678 01       		.byte	0x1
 1709 0679 E9       		.byte	0xe9
 1710 067a 3D010000 		.4byte	0x13d
 1711 067e 8D020000 		.4byte	.LLST19
 1712 0682 19       		.uleb128 0x19
 1713 0683 CD020000 		.4byte	.LASF68
 1714 0687 01       		.byte	0x1
 1715 0688 EA       		.byte	0xea
 1716 0689 F6030000 		.4byte	0x3f6
 1717 068d 02       		.byte	0x2
 1718 068e 91       		.byte	0x91
 1719 068f 68       		.sleb128 -24
 1720 0690 19       		.uleb128 0x19
 1721 0691 9B010000 		.4byte	.LASF67
 1722 0695 01       		.byte	0x1
 1723 0696 EB       		.byte	0xeb
 1724 0697 81000000 		.4byte	0x81
 1725 069b 03       		.byte	0x3
 1726 069c 91       		.byte	0x91
 1727 069d BC7F     		.sleb128 -68
 1728 069f 00       		.byte	0x0
 1729 06a0 1C       		.uleb128 0x1c
 1730 06a1 A5010000 		.4byte	.LASF79
 1731 06a5 09       		.byte	0x9
 1732 06a6 9806     		.2byte	0x698
 1733 06a8 58010000 		.4byte	0x158
 1734 06ac 01       		.byte	0x1
 1735 06ad 01       		.byte	0x1
 1736 06ae 1C       		.uleb128 0x1c
 1737 06af A5010000 		.4byte	.LASF79
 1738 06b3 09       		.byte	0x9
 1739 06b4 9806     		.2byte	0x698
 1740 06b6 58010000 		.4byte	0x158
 1741 06ba 01       		.byte	0x1
 1742 06bb 01       		.byte	0x1
 1743 06bc 00       		.byte	0x0
 1744              		.section	.debug_abbrev
 1745 0000 01       		.uleb128 0x1
 1746 0001 11       		.uleb128 0x11
 1747 0002 01       		.byte	0x1
 1748 0003 25       		.uleb128 0x25
 1749 0004 0E       		.uleb128 0xe
 1750 0005 13       		.uleb128 0x13
 1751 0006 0B       		.uleb128 0xb
 1752 0007 03       		.uleb128 0x3
 1753 0008 0E       		.uleb128 0xe
 1754 0009 1B       		.uleb128 0x1b
ARM GAS  C:\Users\DNIEL~1\AppData\Local\Temp\cc3DQvJo.s 			page 32


 1755 000a 0E       		.uleb128 0xe
 1756 000b 11       		.uleb128 0x11
 1757 000c 01       		.uleb128 0x1
 1758 000d 52       		.uleb128 0x52
 1759 000e 01       		.uleb128 0x1
 1760 000f 55       		.uleb128 0x55
 1761 0010 06       		.uleb128 0x6
 1762 0011 10       		.uleb128 0x10
 1763 0012 06       		.uleb128 0x6
 1764 0013 00       		.byte	0x0
 1765 0014 00       		.byte	0x0
 1766 0015 02       		.uleb128 0x2
 1767 0016 24       		.uleb128 0x24
 1768 0017 00       		.byte	0x0
 1769 0018 0B       		.uleb128 0xb
 1770 0019 0B       		.uleb128 0xb
 1771 001a 3E       		.uleb128 0x3e
 1772 001b 0B       		.uleb128 0xb
 1773 001c 03       		.uleb128 0x3
 1774 001d 0E       		.uleb128 0xe
 1775 001e 00       		.byte	0x0
 1776 001f 00       		.byte	0x0
 1777 0020 03       		.uleb128 0x3
 1778 0021 24       		.uleb128 0x24
 1779 0022 00       		.byte	0x0
 1780 0023 0B       		.uleb128 0xb
 1781 0024 0B       		.uleb128 0xb
 1782 0025 3E       		.uleb128 0x3e
 1783 0026 0B       		.uleb128 0xb
 1784 0027 03       		.uleb128 0x3
 1785 0028 08       		.uleb128 0x8
 1786 0029 00       		.byte	0x0
 1787 002a 00       		.byte	0x0
 1788 002b 04       		.uleb128 0x4
 1789 002c 16       		.uleb128 0x16
 1790 002d 00       		.byte	0x0
 1791 002e 03       		.uleb128 0x3
 1792 002f 0E       		.uleb128 0xe
 1793 0030 3A       		.uleb128 0x3a
 1794 0031 0B       		.uleb128 0xb
 1795 0032 3B       		.uleb128 0x3b
 1796 0033 0B       		.uleb128 0xb
 1797 0034 49       		.uleb128 0x49
 1798 0035 13       		.uleb128 0x13
 1799 0036 00       		.byte	0x0
 1800 0037 00       		.byte	0x0
 1801 0038 05       		.uleb128 0x5
 1802 0039 13       		.uleb128 0x13
 1803 003a 01       		.byte	0x1
 1804 003b 03       		.uleb128 0x3
 1805 003c 08       		.uleb128 0x8
 1806 003d 0B       		.uleb128 0xb
 1807 003e 0B       		.uleb128 0xb
 1808 003f 3A       		.uleb128 0x3a
 1809 0040 0B       		.uleb128 0xb
 1810 0041 3B       		.uleb128 0x3b
 1811 0042 0B       		.uleb128 0xb
ARM GAS  C:\Users\DNIEL~1\AppData\Local\Temp\cc3DQvJo.s 			page 33


 1812 0043 01       		.uleb128 0x1
 1813 0044 13       		.uleb128 0x13
 1814 0045 00       		.byte	0x0
 1815 0046 00       		.byte	0x0
 1816 0047 06       		.uleb128 0x6
 1817 0048 0D       		.uleb128 0xd
 1818 0049 00       		.byte	0x0
 1819 004a 03       		.uleb128 0x3
 1820 004b 0E       		.uleb128 0xe
 1821 004c 3A       		.uleb128 0x3a
 1822 004d 0B       		.uleb128 0xb
 1823 004e 3B       		.uleb128 0x3b
 1824 004f 0B       		.uleb128 0xb
 1825 0050 49       		.uleb128 0x49
 1826 0051 13       		.uleb128 0x13
 1827 0052 38       		.uleb128 0x38
 1828 0053 0A       		.uleb128 0xa
 1829 0054 00       		.byte	0x0
 1830 0055 00       		.byte	0x0
 1831 0056 07       		.uleb128 0x7
 1832 0057 35       		.uleb128 0x35
 1833 0058 00       		.byte	0x0
 1834 0059 49       		.uleb128 0x49
 1835 005a 13       		.uleb128 0x13
 1836 005b 00       		.byte	0x0
 1837 005c 00       		.byte	0x0
 1838 005d 08       		.uleb128 0x8
 1839 005e 13       		.uleb128 0x13
 1840 005f 01       		.byte	0x1
 1841 0060 0B       		.uleb128 0xb
 1842 0061 0B       		.uleb128 0xb
 1843 0062 3A       		.uleb128 0x3a
 1844 0063 0B       		.uleb128 0xb
 1845 0064 3B       		.uleb128 0x3b
 1846 0065 05       		.uleb128 0x5
 1847 0066 01       		.uleb128 0x1
 1848 0067 13       		.uleb128 0x13
 1849 0068 00       		.byte	0x0
 1850 0069 00       		.byte	0x0
 1851 006a 09       		.uleb128 0x9
 1852 006b 0D       		.uleb128 0xd
 1853 006c 00       		.byte	0x0
 1854 006d 03       		.uleb128 0x3
 1855 006e 08       		.uleb128 0x8
 1856 006f 3A       		.uleb128 0x3a
 1857 0070 0B       		.uleb128 0xb
 1858 0071 3B       		.uleb128 0x3b
 1859 0072 05       		.uleb128 0x5
 1860 0073 49       		.uleb128 0x49
 1861 0074 13       		.uleb128 0x13
 1862 0075 38       		.uleb128 0x38
 1863 0076 0A       		.uleb128 0xa
 1864 0077 00       		.byte	0x0
 1865 0078 00       		.byte	0x0
 1866 0079 0A       		.uleb128 0xa
 1867 007a 0D       		.uleb128 0xd
 1868 007b 00       		.byte	0x0
ARM GAS  C:\Users\DNIEL~1\AppData\Local\Temp\cc3DQvJo.s 			page 34


 1869 007c 03       		.uleb128 0x3
 1870 007d 0E       		.uleb128 0xe
 1871 007e 3A       		.uleb128 0x3a
 1872 007f 0B       		.uleb128 0xb
 1873 0080 3B       		.uleb128 0x3b
 1874 0081 05       		.uleb128 0x5
 1875 0082 49       		.uleb128 0x49
 1876 0083 13       		.uleb128 0x13
 1877 0084 38       		.uleb128 0x38
 1878 0085 0A       		.uleb128 0xa
 1879 0086 00       		.byte	0x0
 1880 0087 00       		.byte	0x0
 1881 0088 0B       		.uleb128 0xb
 1882 0089 16       		.uleb128 0x16
 1883 008a 00       		.byte	0x0
 1884 008b 03       		.uleb128 0x3
 1885 008c 0E       		.uleb128 0xe
 1886 008d 3A       		.uleb128 0x3a
 1887 008e 0B       		.uleb128 0xb
 1888 008f 3B       		.uleb128 0x3b
 1889 0090 05       		.uleb128 0x5
 1890 0091 49       		.uleb128 0x49
 1891 0092 13       		.uleb128 0x13
 1892 0093 00       		.byte	0x0
 1893 0094 00       		.byte	0x0
 1894 0095 0C       		.uleb128 0xc
 1895 0096 13       		.uleb128 0x13
 1896 0097 01       		.byte	0x1
 1897 0098 03       		.uleb128 0x3
 1898 0099 0E       		.uleb128 0xe
 1899 009a 0B       		.uleb128 0xb
 1900 009b 0B       		.uleb128 0xb
 1901 009c 3A       		.uleb128 0x3a
 1902 009d 0B       		.uleb128 0xb
 1903 009e 3B       		.uleb128 0x3b
 1904 009f 0B       		.uleb128 0xb
 1905 00a0 01       		.uleb128 0x1
 1906 00a1 13       		.uleb128 0x13
 1907 00a2 00       		.byte	0x0
 1908 00a3 00       		.byte	0x0
 1909 00a4 0D       		.uleb128 0xd
 1910 00a5 0D       		.uleb128 0xd
 1911 00a6 00       		.byte	0x0
 1912 00a7 03       		.uleb128 0x3
 1913 00a8 08       		.uleb128 0x8
 1914 00a9 3A       		.uleb128 0x3a
 1915 00aa 0B       		.uleb128 0xb
 1916 00ab 3B       		.uleb128 0x3b
 1917 00ac 0B       		.uleb128 0xb
 1918 00ad 49       		.uleb128 0x49
 1919 00ae 13       		.uleb128 0x13
 1920 00af 38       		.uleb128 0x38
 1921 00b0 0A       		.uleb128 0xa
 1922 00b1 00       		.byte	0x0
 1923 00b2 00       		.byte	0x0
 1924 00b3 0E       		.uleb128 0xe
 1925 00b4 0F       		.uleb128 0xf
ARM GAS  C:\Users\DNIEL~1\AppData\Local\Temp\cc3DQvJo.s 			page 35


 1926 00b5 00       		.byte	0x0
 1927 00b6 0B       		.uleb128 0xb
 1928 00b7 0B       		.uleb128 0xb
 1929 00b8 49       		.uleb128 0x49
 1930 00b9 13       		.uleb128 0x13
 1931 00ba 00       		.byte	0x0
 1932 00bb 00       		.byte	0x0
 1933 00bc 0F       		.uleb128 0xf
 1934 00bd 2E       		.uleb128 0x2e
 1935 00be 01       		.byte	0x1
 1936 00bf 03       		.uleb128 0x3
 1937 00c0 0E       		.uleb128 0xe
 1938 00c1 3A       		.uleb128 0x3a
 1939 00c2 0B       		.uleb128 0xb
 1940 00c3 3B       		.uleb128 0x3b
 1941 00c4 0B       		.uleb128 0xb
 1942 00c5 27       		.uleb128 0x27
 1943 00c6 0C       		.uleb128 0xc
 1944 00c7 20       		.uleb128 0x20
 1945 00c8 0B       		.uleb128 0xb
 1946 00c9 01       		.uleb128 0x1
 1947 00ca 13       		.uleb128 0x13
 1948 00cb 00       		.byte	0x0
 1949 00cc 00       		.byte	0x0
 1950 00cd 10       		.uleb128 0x10
 1951 00ce 05       		.uleb128 0x5
 1952 00cf 00       		.byte	0x0
 1953 00d0 03       		.uleb128 0x3
 1954 00d1 0E       		.uleb128 0xe
 1955 00d2 3A       		.uleb128 0x3a
 1956 00d3 0B       		.uleb128 0xb
 1957 00d4 3B       		.uleb128 0x3b
 1958 00d5 0B       		.uleb128 0xb
 1959 00d6 49       		.uleb128 0x49
 1960 00d7 13       		.uleb128 0x13
 1961 00d8 00       		.byte	0x0
 1962 00d9 00       		.byte	0x0
 1963 00da 11       		.uleb128 0x11
 1964 00db 34       		.uleb128 0x34
 1965 00dc 00       		.byte	0x0
 1966 00dd 03       		.uleb128 0x3
 1967 00de 0E       		.uleb128 0xe
 1968 00df 3A       		.uleb128 0x3a
 1969 00e0 0B       		.uleb128 0xb
 1970 00e1 3B       		.uleb128 0x3b
 1971 00e2 0B       		.uleb128 0xb
 1972 00e3 49       		.uleb128 0x49
 1973 00e4 13       		.uleb128 0x13
 1974 00e5 00       		.byte	0x0
 1975 00e6 00       		.byte	0x0
 1976 00e7 12       		.uleb128 0x12
 1977 00e8 34       		.uleb128 0x34
 1978 00e9 00       		.byte	0x0
 1979 00ea 03       		.uleb128 0x3
 1980 00eb 08       		.uleb128 0x8
 1981 00ec 3A       		.uleb128 0x3a
 1982 00ed 0B       		.uleb128 0xb
ARM GAS  C:\Users\DNIEL~1\AppData\Local\Temp\cc3DQvJo.s 			page 36


 1983 00ee 3B       		.uleb128 0x3b
 1984 00ef 0B       		.uleb128 0xb
 1985 00f0 49       		.uleb128 0x49
 1986 00f1 13       		.uleb128 0x13
 1987 00f2 00       		.byte	0x0
 1988 00f3 00       		.byte	0x0
 1989 00f4 13       		.uleb128 0x13
 1990 00f5 2E       		.uleb128 0x2e
 1991 00f6 01       		.byte	0x1
 1992 00f7 31       		.uleb128 0x31
 1993 00f8 13       		.uleb128 0x13
 1994 00f9 11       		.uleb128 0x11
 1995 00fa 01       		.uleb128 0x1
 1996 00fb 12       		.uleb128 0x12
 1997 00fc 01       		.uleb128 0x1
 1998 00fd 40       		.uleb128 0x40
 1999 00fe 06       		.uleb128 0x6
 2000 00ff 01       		.uleb128 0x1
 2001 0100 13       		.uleb128 0x13
 2002 0101 00       		.byte	0x0
 2003 0102 00       		.byte	0x0
 2004 0103 14       		.uleb128 0x14
 2005 0104 05       		.uleb128 0x5
 2006 0105 00       		.byte	0x0
 2007 0106 31       		.uleb128 0x31
 2008 0107 13       		.uleb128 0x13
 2009 0108 02       		.uleb128 0x2
 2010 0109 0A       		.uleb128 0xa
 2011 010a 00       		.byte	0x0
 2012 010b 00       		.byte	0x0
 2013 010c 15       		.uleb128 0x15
 2014 010d 34       		.uleb128 0x34
 2015 010e 00       		.byte	0x0
 2016 010f 31       		.uleb128 0x31
 2017 0110 13       		.uleb128 0x13
 2018 0111 02       		.uleb128 0x2
 2019 0112 06       		.uleb128 0x6
 2020 0113 00       		.byte	0x0
 2021 0114 00       		.byte	0x0
 2022 0115 16       		.uleb128 0x16
 2023 0116 05       		.uleb128 0x5
 2024 0117 00       		.byte	0x0
 2025 0118 31       		.uleb128 0x31
 2026 0119 13       		.uleb128 0x13
 2027 011a 02       		.uleb128 0x2
 2028 011b 06       		.uleb128 0x6
 2029 011c 00       		.byte	0x0
 2030 011d 00       		.byte	0x0
 2031 011e 17       		.uleb128 0x17
 2032 011f 2E       		.uleb128 0x2e
 2033 0120 01       		.byte	0x1
 2034 0121 3F       		.uleb128 0x3f
 2035 0122 0C       		.uleb128 0xc
 2036 0123 03       		.uleb128 0x3
 2037 0124 0E       		.uleb128 0xe
 2038 0125 3A       		.uleb128 0x3a
 2039 0126 0B       		.uleb128 0xb
ARM GAS  C:\Users\DNIEL~1\AppData\Local\Temp\cc3DQvJo.s 			page 37


 2040 0127 3B       		.uleb128 0x3b
 2041 0128 0B       		.uleb128 0xb
 2042 0129 27       		.uleb128 0x27
 2043 012a 0C       		.uleb128 0xc
 2044 012b 11       		.uleb128 0x11
 2045 012c 01       		.uleb128 0x1
 2046 012d 12       		.uleb128 0x12
 2047 012e 01       		.uleb128 0x1
 2048 012f 40       		.uleb128 0x40
 2049 0130 06       		.uleb128 0x6
 2050 0131 01       		.uleb128 0x1
 2051 0132 13       		.uleb128 0x13
 2052 0133 00       		.byte	0x0
 2053 0134 00       		.byte	0x0
 2054 0135 18       		.uleb128 0x18
 2055 0136 05       		.uleb128 0x5
 2056 0137 00       		.byte	0x0
 2057 0138 03       		.uleb128 0x3
 2058 0139 0E       		.uleb128 0xe
 2059 013a 3A       		.uleb128 0x3a
 2060 013b 0B       		.uleb128 0xb
 2061 013c 3B       		.uleb128 0x3b
 2062 013d 0B       		.uleb128 0xb
 2063 013e 49       		.uleb128 0x49
 2064 013f 13       		.uleb128 0x13
 2065 0140 02       		.uleb128 0x2
 2066 0141 06       		.uleb128 0x6
 2067 0142 00       		.byte	0x0
 2068 0143 00       		.byte	0x0
 2069 0144 19       		.uleb128 0x19
 2070 0145 34       		.uleb128 0x34
 2071 0146 00       		.byte	0x0
 2072 0147 03       		.uleb128 0x3
 2073 0148 0E       		.uleb128 0xe
 2074 0149 3A       		.uleb128 0x3a
 2075 014a 0B       		.uleb128 0xb
 2076 014b 3B       		.uleb128 0x3b
 2077 014c 0B       		.uleb128 0xb
 2078 014d 49       		.uleb128 0x49
 2079 014e 13       		.uleb128 0x13
 2080 014f 02       		.uleb128 0x2
 2081 0150 0A       		.uleb128 0xa
 2082 0151 00       		.byte	0x0
 2083 0152 00       		.byte	0x0
 2084 0153 1A       		.uleb128 0x1a
 2085 0154 2E       		.uleb128 0x2e
 2086 0155 01       		.byte	0x1
 2087 0156 3F       		.uleb128 0x3f
 2088 0157 0C       		.uleb128 0xc
 2089 0158 03       		.uleb128 0x3
 2090 0159 0E       		.uleb128 0xe
 2091 015a 3A       		.uleb128 0x3a
 2092 015b 0B       		.uleb128 0xb
 2093 015c 3B       		.uleb128 0x3b
 2094 015d 0B       		.uleb128 0xb
 2095 015e 27       		.uleb128 0x27
 2096 015f 0C       		.uleb128 0xc
ARM GAS  C:\Users\DNIEL~1\AppData\Local\Temp\cc3DQvJo.s 			page 38


 2097 0160 49       		.uleb128 0x49
 2098 0161 13       		.uleb128 0x13
 2099 0162 11       		.uleb128 0x11
 2100 0163 01       		.uleb128 0x1
 2101 0164 12       		.uleb128 0x12
 2102 0165 01       		.uleb128 0x1
 2103 0166 40       		.uleb128 0x40
 2104 0167 06       		.uleb128 0x6
 2105 0168 01       		.uleb128 0x1
 2106 0169 13       		.uleb128 0x13
 2107 016a 00       		.byte	0x0
 2108 016b 00       		.byte	0x0
 2109 016c 1B       		.uleb128 0x1b
 2110 016d 34       		.uleb128 0x34
 2111 016e 00       		.byte	0x0
 2112 016f 03       		.uleb128 0x3
 2113 0170 0E       		.uleb128 0xe
 2114 0171 3A       		.uleb128 0x3a
 2115 0172 0B       		.uleb128 0xb
 2116 0173 3B       		.uleb128 0x3b
 2117 0174 0B       		.uleb128 0xb
 2118 0175 49       		.uleb128 0x49
 2119 0176 13       		.uleb128 0x13
 2120 0177 02       		.uleb128 0x2
 2121 0178 06       		.uleb128 0x6
 2122 0179 00       		.byte	0x0
 2123 017a 00       		.byte	0x0
 2124 017b 1C       		.uleb128 0x1c
 2125 017c 34       		.uleb128 0x34
 2126 017d 00       		.byte	0x0
 2127 017e 03       		.uleb128 0x3
 2128 017f 0E       		.uleb128 0xe
 2129 0180 3A       		.uleb128 0x3a
 2130 0181 0B       		.uleb128 0xb
 2131 0182 3B       		.uleb128 0x3b
 2132 0183 05       		.uleb128 0x5
 2133 0184 49       		.uleb128 0x49
 2134 0185 13       		.uleb128 0x13
 2135 0186 3F       		.uleb128 0x3f
 2136 0187 0C       		.uleb128 0xc
 2137 0188 3C       		.uleb128 0x3c
 2138 0189 0C       		.uleb128 0xc
 2139 018a 00       		.byte	0x0
 2140 018b 00       		.byte	0x0
 2141 018c 00       		.byte	0x0
 2142              		.section	.debug_pubnames,"",%progbits
 2143 0000 73000000 		.4byte	0x73
 2144 0004 0200     		.2byte	0x2
 2145 0006 00000000 		.4byte	.Ldebug_info0
 2146 000a BD060000 		.4byte	0x6bd
 2147 000e 16050000 		.4byte	0x516
 2148 0012 72746347 		.ascii	"rtcGetTimeTm\000"
 2148      65745469 
 2148      6D65546D 
 2148      00
 2149 001f 62050000 		.4byte	0x562
 2150 0023 72746353 		.ascii	"rtcSetTimeTm\000"
ARM GAS  C:\Users\DNIEL~1\AppData\Local\Temp\cc3DQvJo.s 			page 39


 2150      65745469 
 2150      6D65546D 
 2150      00
 2151 0030 A8050000 		.4byte	0x5a8
 2152 0034 72746347 		.ascii	"rtcGetTimeUnixSec\000"
 2152      65745469 
 2152      6D65556E 
 2152      69785365 
 2152      6300
 2153 0046 F2050000 		.4byte	0x5f2
 2154 004a 72746353 		.ascii	"rtcSetTimeUnixSec\000"
 2154      65745469 
 2154      6D65556E 
 2154      69785365 
 2154      6300
 2155 005c 47060000 		.4byte	0x647
 2156 0060 72746347 		.ascii	"rtcGetTimeUnixUsec\000"
 2156      65745469 
 2156      6D65556E 
 2156      69785573 
 2156      656300
 2157 0073 00000000 		.4byte	0x0
 2158              		.section	.debug_pubtypes,"",%progbits
 2159 0000 95000000 		.4byte	0x95
 2160 0004 0200     		.2byte	0x2
 2161 0006 00000000 		.4byte	.Ldebug_info0
 2162 000a BD060000 		.4byte	0x6bd
 2163 000e 76000000 		.4byte	0x76
 2164 0012 74696D65 		.ascii	"time_t\000"
 2164      5F7400
 2165 0019 81000000 		.4byte	0x81
 2166 001d 746D00   		.ascii	"tm\000"
 2167 0020 27010000 		.4byte	0x127
 2168 0024 696E7433 		.ascii	"int32_t\000"
 2168      325F7400 
 2169 002c 32010000 		.4byte	0x132
 2170 0030 75696E74 		.ascii	"uint32_t\000"
 2170      33325F74 
 2170      00
 2171 0039 3D010000 		.4byte	0x13d
 2172 003d 75696E74 		.ascii	"uint64_t\000"
 2172      36345F74 
 2172      00
 2173 0046 48010000 		.4byte	0x148
 2174 004a 626F6F6C 		.ascii	"bool_t\000"
 2174      5F7400
 2175 0051 C4030000 		.4byte	0x3c4
 2176 0055 5254435F 		.ascii	"RTC_TypeDef\000"
 2176      54797065 
 2176      44656600 
 2177 0061 D0030000 		.4byte	0x3d0
 2178 0065 52544344 		.ascii	"RTCDriver\000"
 2178      72697665 
 2178      7200
 2179 006f F6030000 		.4byte	0x3f6
 2180 0073 52544354 		.ascii	"RTCTime\000"
 2180      696D6500 
ARM GAS  C:\Users\DNIEL~1\AppData\Local\Temp\cc3DQvJo.s 			page 40


 2181 007b 01040000 		.4byte	0x401
 2182 007f 52544354 		.ascii	"RTCTime\000"
 2182      696D6500 
 2183 0087 DB030000 		.4byte	0x3db
 2184 008b 52544344 		.ascii	"RTCDriver\000"
 2184      72697665 
 2184      7200
 2185 0095 00000000 		.4byte	0x0
 2186              		.section	.debug_aranges,"",%progbits
 2187 0000 4C000000 		.4byte	0x4c
 2188 0004 0200     		.2byte	0x2
 2189 0006 00000000 		.4byte	.Ldebug_info0
 2190 000a 04       		.byte	0x4
 2191 000b 00       		.byte	0x0
 2192 000c 0000     		.2byte	0x0
 2193 000e 0000     		.2byte	0x0
 2194 0010 00000000 		.4byte	.LFB125
 2195 0014 A4000000 		.4byte	.LFE125-.LFB125
 2196 0018 00000000 		.4byte	.LFB126
 2197 001c 1C010000 		.4byte	.LFE126-.LFB126
 2198 0020 00000000 		.4byte	.LFB120
 2199 0024 24000000 		.4byte	.LFE120-.LFB120
 2200 0028 00000000 		.4byte	.LFB121
 2201 002c 2A000000 		.4byte	.LFE121-.LFB121
 2202 0030 00000000 		.4byte	.LFB122
 2203 0034 28000000 		.4byte	.LFE122-.LFB122
 2204 0038 00000000 		.4byte	.LFB123
 2205 003c 30000000 		.4byte	.LFE123-.LFB123
 2206 0040 00000000 		.4byte	.LFB124
 2207 0044 44000000 		.4byte	.LFE124-.LFB124
 2208 0048 00000000 		.4byte	0x0
 2209 004c 00000000 		.4byte	0x0
 2210              		.section	.debug_ranges,"",%progbits
 2211              	.Ldebug_ranges0:
 2212 0000 00000000 		.4byte	.LFB125
 2213 0004 A4000000 		.4byte	.LFE125
 2214 0008 00000000 		.4byte	.LFB126
 2215 000c 1C010000 		.4byte	.LFE126
 2216 0010 00000000 		.4byte	.LFB120
 2217 0014 24000000 		.4byte	.LFE120
 2218 0018 00000000 		.4byte	.LFB121
 2219 001c 2A000000 		.4byte	.LFE121
 2220 0020 00000000 		.4byte	.LFB122
 2221 0024 28000000 		.4byte	.LFE122
 2222 0028 00000000 		.4byte	.LFB123
 2223 002c 30000000 		.4byte	.LFE123
 2224 0030 00000000 		.4byte	.LFB124
 2225 0034 44000000 		.4byte	.LFE124
 2226 0038 00000000 		.4byte	0x0
 2227 003c 00000000 		.4byte	0x0
 2228              		.section	.debug_str,"MS",%progbits,1
 2229              	.LASF78:
 2230 0000 72657375 		.ascii	"result\000"
 2230      6C7400
 2231              	.LASF42:
 2232 0007 424B5032 		.ascii	"BKP2R\000"
 2232      5200
ARM GAS  C:\Users\DNIEL~1\AppData\Local\Temp\cc3DQvJo.s 			page 41


 2233              	.LASF75:
 2234 000d 74765F73 		.ascii	"tv_sec\000"
 2234      656300
 2235              	.LASF24:
 2236 0014 75696E74 		.ascii	"uint64_t\000"
 2236      36345F74 
 2236      00
 2237              	.LASF2:
 2238 001d 73686F72 		.ascii	"short int\000"
 2238      7420696E 
 2238      7400
 2239              	.LASF72:
 2240 0027 72746347 		.ascii	"rtcGetTimeTm\000"
 2240      65745469 
 2240      6D65546D 
 2240      00
 2241              	.LASF46:
 2242 0034 424B5036 		.ascii	"BKP6R\000"
 2242      5200
 2243              	.LASF76:
 2244 003a 72746347 		.ascii	"rtcGetTimeUnixSec\000"
 2244      65745469 
 2244      6D65556E 
 2244      69785365 
 2244      6300
 2245              	.LASF35:
 2246 004c 43414C52 		.ascii	"CALR\000"
 2246      00
 2247              	.LASF27:
 2248 0051 57555452 		.ascii	"WUTR\000"
 2248      00
 2249              	.LASF16:
 2250 0056 746D5F77 		.ascii	"tm_wday\000"
 2250      64617900 
 2251              	.LASF53:
 2252 005e 424B5031 		.ascii	"BKP13R\000"
 2252      335200
 2253              	.LASF55:
 2254 0065 424B5031 		.ascii	"BKP15R\000"
 2254      355200
 2255              	.LASF21:
 2256 006c 74696D65 		.ascii	"time_t\000"
 2256      5F7400
 2257              	.LASF57:
 2258 0073 424B5031 		.ascii	"BKP17R\000"
 2258      375200
 2259              	.LASF70:
 2260 007a 73746D33 		.ascii	"stm32_rtc_tm2bcd\000"
 2260      325F7274 
 2260      635F746D 
 2260      32626364 
 2260      00
 2261              	.LASF33:
 2262 008b 54534452 		.ascii	"TSDR\000"
 2262      00
 2263              	.LASF12:
 2264 0090 746D5F68 		.ascii	"tm_hour\000"
ARM GAS  C:\Users\DNIEL~1\AppData\Local\Temp\cc3DQvJo.s 			page 42


 2264      6F757200 
 2265              	.LASF43:
 2266 0098 424B5033 		.ascii	"BKP3R\000"
 2266      5200
 2267              	.LASF14:
 2268 009e 746D5F6D 		.ascii	"tm_mon\000"
 2268      6F6E00
 2269              	.LASF5:
 2270 00a5 6C6F6E67 		.ascii	"long long int\000"
 2270      206C6F6E 
 2270      6720696E 
 2270      7400
 2271              	.LASF28:
 2272 00b3 43414C49 		.ascii	"CALIBR\000"
 2272      425200
 2273              	.LASF7:
 2274 00ba 6C6F6E67 		.ascii	"long int\000"
 2274      20696E74 
 2274      00
 2275              	.LASF50:
 2276 00c3 424B5031 		.ascii	"BKP10R\000"
 2276      305200
 2277              	.LASF74:
 2278 00ca 72746353 		.ascii	"rtcSetTimeUnixSec\000"
 2278      65745469 
 2278      6D65556E 
 2278      69785365 
 2278      6300
 2279              	.LASF47:
 2280 00dc 424B5037 		.ascii	"BKP7R\000"
 2280      5200
 2281              	.LASF77:
 2282 00e2 72746347 		.ascii	"rtcGetTimeUnixUsec\000"
 2282      65745469 
 2282      6D65556E 
 2282      69785573 
 2282      656300
 2283              	.LASF54:
 2284 00f5 424B5031 		.ascii	"BKP14R\000"
 2284      345200
 2285              	.LASF36:
 2286 00fc 54414643 		.ascii	"TAFCR\000"
 2286      5200
 2287              	.LASF1:
 2288 0102 756E7369 		.ascii	"unsigned char\000"
 2288      676E6564 
 2288      20636861 
 2288      7200
 2289              	.LASF37:
 2290 0110 414C524D 		.ascii	"ALRMASSR\000"
 2290      41535352 
 2290      00
 2291              	.LASF58:
 2292 0119 424B5031 		.ascii	"BKP18R\000"
 2292      385200
 2293              	.LASF64:
 2294 0120 74765F64 		.ascii	"tv_date\000"
ARM GAS  C:\Users\DNIEL~1\AppData\Local\Temp\cc3DQvJo.s 			page 43


 2294      61746500 
 2295              	.LASF0:
 2296 0128 7369676E 		.ascii	"signed char\000"
 2296      65642063 
 2296      68617200 
 2297              	.LASF13:
 2298 0134 746D5F6D 		.ascii	"tm_mday\000"
 2298      64617900 
 2299              	.LASF6:
 2300 013c 6C6F6E67 		.ascii	"long long unsigned int\000"
 2300      206C6F6E 
 2300      6720756E 
 2300      7369676E 
 2300      65642069 
 2301              	.LASF23:
 2302 0153 75696E74 		.ascii	"uint32_t\000"
 2302      33325F74 
 2302      00
 2303              	.LASF29:
 2304 015c 414C524D 		.ascii	"ALRMAR\000"
 2304      415200
 2305              	.LASF4:
 2306 0163 756E7369 		.ascii	"unsigned int\000"
 2306      676E6564 
 2306      20696E74 
 2306      00
 2307              	.LASF71:
 2308 0170 72746370 		.ascii	"rtcp\000"
 2308      00
 2309              	.LASF44:
 2310 0175 424B5034 		.ascii	"BKP4R\000"
 2310      5200
 2311              	.LASF32:
 2312 017b 54535452 		.ascii	"TSTR\000"
 2312      00
 2313              	.LASF3:
 2314 0180 73686F72 		.ascii	"short unsigned int\000"
 2314      7420756E 
 2314      7369676E 
 2314      65642069 
 2314      6E7400
 2315              	.LASF15:
 2316 0193 746D5F79 		.ascii	"tm_year\000"
 2316      65617200 
 2317              	.LASF67:
 2318 019b 74696D70 		.ascii	"timp\000"
 2318      00
 2319              	.LASF9:
 2320 01a0 63686172 		.ascii	"char\000"
 2320      00
 2321              	.LASF79:
 2322 01a5 49544D5F 		.ascii	"ITM_RxBuffer\000"
 2322      52784275 
 2322      66666572 
 2322      00
 2323              	.LASF48:
 2324 01b2 424B5038 		.ascii	"BKP8R\000"
ARM GAS  C:\Users\DNIEL~1\AppData\Local\Temp\cc3DQvJo.s 			page 44


 2324      5200
 2325              	.LASF22:
 2326 01b8 696E7433 		.ascii	"int32_t\000"
 2326      325F7400 
 2327              	.LASF25:
 2328 01c0 626F6F6C 		.ascii	"bool_t\000"
 2328      5F7400
 2329              	.LASF17:
 2330 01c7 746D5F79 		.ascii	"tm_yday\000"
 2330      64617900 
 2331              	.LASF38:
 2332 01cf 414C524D 		.ascii	"ALRMBSSR\000"
 2332      42535352 
 2332      00
 2333              	.LASF73:
 2334 01d8 72746353 		.ascii	"rtcSetTimeTm\000"
 2334      65745469 
 2334      6D65546D 
 2334      00
 2335              	.LASF19:
 2336 01e5 5F5F6578 		.ascii	"__extra_1\000"
 2336      7472615F 
 2336      3100
 2337              	.LASF20:
 2338 01ef 5F5F6578 		.ascii	"__extra_2\000"
 2338      7472615F 
 2338      3200
 2339              	.LASF60:
 2340 01f9 5254435F 		.ascii	"RTC_TypeDef\000"
 2340      54797065 
 2340      44656600 
 2341              	.LASF11:
 2342 0205 746D5F6D 		.ascii	"tm_min\000"
 2342      696E00
 2343              	.LASF18:
 2344 020c 746D5F69 		.ascii	"tm_isdst\000"
 2344      73647374 
 2344      00
 2345              	.LASF66:
 2346 0215 74765F6D 		.ascii	"tv_msec\000"
 2346      73656300 
 2347              	.LASF8:
 2348 021d 6C6F6E67 		.ascii	"long unsigned int\000"
 2348      20756E73 
 2348      69676E65 
 2348      6420696E 
 2348      7400
 2349              	.LASF39:
 2350 022f 52455345 		.ascii	"RESERVED7\000"
 2350      52564544 
 2350      3700
 2351              	.LASF61:
 2352 0239 52544344 		.ascii	"RTCDriver\000"
 2352      72697665 
 2352      7200
 2353              	.LASF59:
 2354 0243 424B5031 		.ascii	"BKP19R\000"
ARM GAS  C:\Users\DNIEL~1\AppData\Local\Temp\cc3DQvJo.s 			page 45


 2354      395200
 2355              	.LASF41:
 2356 024a 424B5031 		.ascii	"BKP1R\000"
 2356      5200
 2357              	.LASF40:
 2358 0250 424B5030 		.ascii	"BKP0R\000"
 2358      5200
 2359              	.LASF80:
 2360 0256 474E5520 		.ascii	"GNU C 4.5.2\000"
 2360      4320342E 
 2360      352E3200 
 2361              	.LASF30:
 2362 0262 414C524D 		.ascii	"ALRMBR\000"
 2362      425200
 2363              	.LASF51:
 2364 0269 424B5031 		.ascii	"BKP11R\000"
 2364      315200
 2365              	.LASF45:
 2366 0270 424B5035 		.ascii	"BKP5R\000"
 2366      5200
 2367              	.LASF65:
 2368 0276 74765F74 		.ascii	"tv_time\000"
 2368      696D6500 
 2369              	.LASF82:
 2370 027e 433A5C55 		.ascii	"C:\\Users\\D\341niel\\Dropbox\\Solar Racing\\Szoftv"
 2370      73657273 
 2370      5C44E16E 
 2370      69656C5C 
 2370      44726F70 
 2371 02a9 65725C53 		.ascii	"er\\Smarty\\Smarty_v6\\smarty\\firmware\000"
 2371      6D617274 
 2371      795C536D 
 2371      61727479 
 2371      5F76365C 
 2372              	.LASF68:
 2373 02cd 74696D65 		.ascii	"timespec\000"
 2373      73706563 
 2373      00
 2374              	.LASF34:
 2375 02d6 54535353 		.ascii	"TSSSR\000"
 2375      5200
 2376              	.LASF52:
 2377 02dc 424B5031 		.ascii	"BKP12R\000"
 2377      325200
 2378              	.LASF31:
 2379 02e3 53484946 		.ascii	"SHIFTR\000"
 2379      545200
 2380              	.LASF49:
 2381 02ea 424B5039 		.ascii	"BKP9R\000"
 2381      5200
 2382              	.LASF10:
 2383 02f0 746D5F73 		.ascii	"tm_sec\000"
 2383      656300
 2384              	.LASF69:
 2385 02f7 73746D33 		.ascii	"stm32_rtc_bcd2tm\000"
 2385      325F7274 
 2385      635F6263 
ARM GAS  C:\Users\DNIEL~1\AppData\Local\Temp\cc3DQvJo.s 			page 46


 2385      6432746D 
 2385      00
 2386              	.LASF81:
 2387 0308 2E2E2F2E 		.ascii	"../../../ChibiOS/os/various/chrtclib.c\000"
 2387      2E2F2E2E 
 2387      2F436869 
 2387      62694F53 
 2387      2F6F732F 
 2388              	.LASF26:
 2389 032f 50524552 		.ascii	"PRER\000"
 2389      00
 2390              	.LASF62:
 2391 0334 69645F72 		.ascii	"id_rtc\000"
 2391      746300
 2392              	.LASF56:
 2393 033b 424B5031 		.ascii	"BKP16R\000"
 2393      365200
 2394              	.LASF63:
 2395 0342 52544354 		.ascii	"RTCTime\000"
 2395      696D6500 
 2396              		.ident	"GCC: (Sourcery G++ Lite 2011.03-42) 4.5.2"
ARM GAS  C:\Users\DNIEL~1\AppData\Local\Temp\cc3DQvJo.s 			page 47


DEFINED SYMBOLS
                            *ABS*:00000000 chrtclib.c
C:\Users\DNIEL~1\AppData\Local\Temp\cc3DQvJo.s:24     .text.stm32_rtc_bcd2tm.clone.0:00000000 $t
C:\Users\DNIEL~1\AppData\Local\Temp\cc3DQvJo.s:29     .text.stm32_rtc_bcd2tm.clone.0:00000000 stm32_rtc_bcd2tm.clone.0
C:\Users\DNIEL~1\AppData\Local\Temp\cc3DQvJo.s:151    .text.stm32_rtc_tm2bcd.clone.1:00000000 $t
C:\Users\DNIEL~1\AppData\Local\Temp\cc3DQvJo.s:156    .text.stm32_rtc_tm2bcd.clone.1:00000000 stm32_rtc_tm2bcd.clone.1
C:\Users\DNIEL~1\AppData\Local\Temp\cc3DQvJo.s:344    .text.stm32_rtc_tm2bcd.clone.1:00000118 $d
C:\Users\DNIEL~1\AppData\Local\Temp\cc3DQvJo.s:349    .text.rtcGetTimeTm:00000000 $t
C:\Users\DNIEL~1\AppData\Local\Temp\cc3DQvJo.s:355    .text.rtcGetTimeTm:00000000 rtcGetTimeTm
C:\Users\DNIEL~1\AppData\Local\Temp\cc3DQvJo.s:397    .text.rtcSetTimeTm:00000000 $t
C:\Users\DNIEL~1\AppData\Local\Temp\cc3DQvJo.s:403    .text.rtcSetTimeTm:00000000 rtcSetTimeTm
C:\Users\DNIEL~1\AppData\Local\Temp\cc3DQvJo.s:449    .text.rtcGetTimeUnixSec:00000000 $t
C:\Users\DNIEL~1\AppData\Local\Temp\cc3DQvJo.s:455    .text.rtcGetTimeUnixSec:00000000 rtcGetTimeUnixSec
C:\Users\DNIEL~1\AppData\Local\Temp\cc3DQvJo.s:496    .text.rtcSetTimeUnixSec:00000000 $t
C:\Users\DNIEL~1\AppData\Local\Temp\cc3DQvJo.s:502    .text.rtcSetTimeUnixSec:00000000 rtcSetTimeUnixSec
C:\Users\DNIEL~1\AppData\Local\Temp\cc3DQvJo.s:550    .text.rtcGetTimeUnixUsec:00000000 $t
C:\Users\DNIEL~1\AppData\Local\Temp\cc3DQvJo.s:556    .text.rtcGetTimeUnixUsec:00000000 rtcGetTimeUnixUsec
C:\Users\DNIEL~1\AppData\Local\Temp\cc3DQvJo.s:606    .text.rtcGetTimeUnixUsec:00000040 $d
                     .debug_frame:00000010 $d
C:\Users\DNIEL~1\AppData\Local\Temp\cc3DQvJo.s:348    .text.stm32_rtc_tm2bcd.clone.1:0000011c $t
C:\Users\DNIEL~1\AppData\Local\Temp\cc3DQvJo.s:610    .text.rtcGetTimeUnixUsec:00000044 $t

UNDEFINED SYMBOLS
rtcGetTime
rtcSetTime
mktime
localtime_r
