ARM GAS  C:\Users\DNIEL~1\AppData\Local\Temp\ccYYZ8pn.s 			page 1


   1              		.syntax unified
   2              		.cpu cortex-m4
   3              		.fpu softvfp
   4              		.eabi_attribute 20, 1
   5              		.eabi_attribute 21, 1
   6              		.eabi_attribute 23, 3
   7              		.eabi_attribute 24, 1
   8              		.eabi_attribute 25, 1
   9              		.eabi_attribute 26, 1
  10              		.eabi_attribute 30, 2
  11              		.eabi_attribute 18, 4
  12              		.thumb
  13              		.file	"chsys.c"
  14              		.section	.debug_abbrev,"",%progbits
  15              	.Ldebug_abbrev0:
  16              		.section	.debug_info,"",%progbits
  17              	.Ldebug_info0:
  18              		.section	.debug_line,"",%progbits
  19              	.Ldebug_line0:
  20 0000 D7010000 		.text
  20      02007E01 
  20      00000201 
  20      FB0E0D00 
  20      01010101 
  21              	.Ltext0:
  22              		.cfi_sections	.debug_frame
  23              		.section	.text._idle_thread,"ax",%progbits
  24              		.align	2
  25              		.p2align 4,,15
  26              		.global	_idle_thread
  27              		.thumb
  28              		.thumb_func
  29              		.type	_idle_thread, %function
  30              	_idle_thread:
  31              	.LFB7:
  32              		.file 1 "../../../ChibiOS/os/kernel/src/chsys.c"
  33              		.loc 1 54 0
  34              		.cfi_startproc
  35              		@ args = 0, pretend = 0, frame = 0
  36              		@ frame_needed = 0, uses_anonymous_args = 0
  37              		@ link register save eliminated.
  38              	.LVL0:
  39              		.loc 1 57 0
  40 0000 0248     		ldr	r0, .L4
  41              	.LVL1:
  42 0002 034A     		ldr	r2, .L4+4
  43 0004 8369     		ldr	r3, [r0, #24]
  44 0006 9A61     		str	r2, [r3, #24]
  45              	.L2:
  46 0008 FEE7     		b	.L2
  47              	.L5:
  48 000a 00BF     		.align	2
  49              	.L4:
  50 000c 00000000 		.word	rlist
  51 0010 00000000 		.word	.LC0
  52              		.cfi_endproc
  53              	.LFE7:
ARM GAS  C:\Users\DNIEL~1\AppData\Local\Temp\ccYYZ8pn.s 			page 2


  54              		.size	_idle_thread, .-_idle_thread
  55 0014 AFF30080 		.section	.text.chSysInit,"ax",%progbits
  55      AFF30080 
  55      AFF30080 
  56              		.align	2
  57              		.p2align 4,,15
  58              		.global	chSysInit
  59              		.thumb
  60              		.thumb_func
  61              		.type	chSysInit, %function
  62              	chSysInit:
  63              	.LFB8:
  64              		.loc 1 77 0
  65              		.cfi_startproc
  66              		@ args = 0, pretend = 0, frame = 0
  67              		@ frame_needed = 0, uses_anonymous_args = 0
  68 0000 10B5     		push	{r4, lr}
  69              	.LCFI0:
  70              		.cfi_def_cfa_offset 8
  71 0002 82B0     		sub	sp, sp, #8
  72              	.LCFI1:
  73              		.cfi_def_cfa_offset 16
  74              		.loc 1 83 0
  75              		.cfi_offset 14, -4
  76              		.cfi_offset 4, -8
  77 0004 FFF7FEFF 		bl	_port_init
  78              		.loc 1 84 0
  79 0008 FFF7FEFF 		bl	_scheduler_init
  80              		.loc 1 85 0
  81 000c FFF7FEFF 		bl	_vt_init
  82              		.loc 1 87 0
  83 0010 FFF7FEFF 		bl	_core_init
  84              		.loc 1 90 0
  85 0014 FFF7FEFF 		bl	_heap_init
  86              		.loc 1 97 0
  87 0018 4021     		movs	r1, #64
  88 001a 0B48     		ldr	r0, .L7
  89 001c FFF7FEFF 		bl	_thread_init
  90 0020 0A49     		ldr	r1, .L7+4
  91              		.loc 1 98 0
  92 0022 0122     		movs	r2, #1
  93              		.loc 1 97 0
  94 0024 8861     		str	r0, [r1, #24]
  95              		.loc 1 98 0
  96 0026 0277     		strb	r2, [r0, #28]
  97              	.LBB2:
  98              		.loc 1 104 0
  99 0028 0023     		movs	r3, #0
 100              	.LVL2:
 101              	@ 104 "../../../ChibiOS/os/kernel/src/chsys.c" 1
 102 002a 83F31188 		msr     BASEPRI, r3                    
 103 002e 62B6     		cpsie   i
 104              	@ 0 "" 2
 105              	.LVL3:
 106              		.thumb
 107              	.LBE2:
 108              		.loc 1 108 0
ARM GAS  C:\Users\DNIEL~1\AppData\Local\Temp\ccYYZ8pn.s 			page 3


 109 0030 074C     		ldr	r4, .L7+8
 110 0032 8969     		ldr	r1, [r1, #24]
 111              		.loc 1 114 0
 112 0034 0748     		ldr	r0, .L7+12
 113              		.loc 1 108 0
 114 0036 8C61     		str	r4, [r1, #24]
 115              		.loc 1 114 0
 116 0038 1C46     		mov	r4, r3
 117 003a C021     		movs	r1, #192
 118 003c 064B     		ldr	r3, .L7+16
 119              	.LVL4:
 120 003e 0094     		str	r4, [sp, #0]
 121              	.LVL5:
 122 0040 FFF7FEFF 		bl	chThdCreateStatic
 123              		.loc 1 117 0
 124 0044 02B0     		add	sp, sp, #8
 125 0046 10BD     		pop	{r4, pc}
 126              	.L8:
 127              		.align	2
 128              	.L7:
 129 0048 00000000 		.word	.LANCHOR0
 130 004c 00000000 		.word	rlist
 131 0050 00000000 		.word	ch_debug
 132 0054 00000000 		.word	.LANCHOR1
 133 0058 00000000 		.word	_idle_thread
 134              		.cfi_endproc
 135              	.LFE8:
 136              		.size	chSysInit, .-chSysInit
 137 005c AFF30080 		.section	.text.chSysTimerHandlerI,"ax",%progbits
 138              		.align	2
 139              		.p2align 4,,15
 140              		.global	chSysTimerHandlerI
 141              		.thumb
 142              		.thumb_func
 143              		.type	chSysTimerHandlerI, %function
 144              	chSysTimerHandlerI:
 145              	.LFB9:
 146              		.loc 1 130 0
 147              		.cfi_startproc
 148              		@ args = 0, pretend = 0, frame = 0
 149              		@ frame_needed = 0, uses_anonymous_args = 0
 150 0000 70B5     		push	{r4, r5, r6, lr}
 151              	.LCFI2:
 152              		.cfi_def_cfa_offset 16
 153              		.loc 1 136 0
 154 0002 134B     		ldr	r3, .L14
 155 0004 9B69     		ldr	r3, [r3, #24]
 156 0006 DA7F     		ldrb	r2, [r3, #31]	@ zero_extendqisi2
 157 0008 0AB1     		cbz	r2, .L10
 158              		.cfi_offset 14, -4
 159              		.cfi_offset 6, -8
 160              		.cfi_offset 5, -12
 161              		.cfi_offset 4, -16
 162              		.loc 1 138 0
 163 000a 013A     		subs	r2, r2, #1
 164 000c DA77     		strb	r2, [r3, #31]
 165              	.L10:
ARM GAS  C:\Users\DNIEL~1\AppData\Local\Temp\ccYYZ8pn.s 			page 4


 166              		.loc 1 141 0
 167 000e 1A6A     		ldr	r2, [r3, #32]
 168              		.loc 1 143 0
 169 0010 104C     		ldr	r4, .L14+4
 170              		.loc 1 141 0
 171 0012 511C     		adds	r1, r2, #1
 172 0014 1962     		str	r1, [r3, #32]
 173              		.loc 1 143 0
 174 0016 E368     		ldr	r3, [r4, #12]
 175 0018 2168     		ldr	r1, [r4, #0]
 176 001a 581C     		adds	r0, r3, #1
 177 001c A142     		cmp	r1, r4
 178 001e E060     		str	r0, [r4, #12]
 179 0020 15D0     		beq	.L9
 180              	.LBB3:
 181              		.loc 1 143 0 is_stmt 0 discriminator 1
 182 0022 8D68     		ldr	r5, [r1, #8]
 183 0024 013D     		subs	r5, r5, #1
 184 0026 8D60     		str	r5, [r1, #8]
 185              	.LVL6:
 186 0028 8DB9     		cbnz	r5, .L9
 187              		.loc 1 143 0
 188 002a 2646     		mov	r6, r4
 189              	.LVL7:
 190              	.L12:
 191              	.LBB4:
 192              		.loc 1 143 0 discriminator 3
 193 002c 0B68     		ldr	r3, [r1, #0]
 194              	.LVL8:
 195 002e CA68     		ldr	r2, [r1, #12]
 196              	.LVL9:
 197 0030 5E60     		str	r6, [r3, #4]
 198 0032 2360     		str	r3, [r4, #0]
 199 0034 CD60     		str	r5, [r1, #12]
 200              	.LBB5:
 201 0036 2B46     		mov	r3, r5
 202              	.LVL10:
 203              	@ 143 "../../../ChibiOS/os/kernel/src/chsys.c" 1
 204 0038 83F31188 		msr     BASEPRI, r3
 205              	@ 0 "" 2
 206              	.LVL11:
 207              		.thumb
 208              	.LBE5:
 209 003c 0869     		ldr	r0, [r1, #16]
 210 003e 9047     		blx	r2
 211              	.LVL12:
 212              	.LBB6:
 213 0040 2023     		movs	r3, #32
 214              	@ 143 "../../../ChibiOS/os/kernel/src/chsys.c" 1
 215 0042 83F31188 		msr     BASEPRI, r3
 216              	@ 0 "" 2
 217              	.LVL13:
 218              		.thumb
 219              	.LBE6:
 220              	.LBE4:
 221 0046 2168     		ldr	r1, [r4, #0]
 222              	.LVL14:
ARM GAS  C:\Users\DNIEL~1\AppData\Local\Temp\ccYYZ8pn.s 			page 5


 223 0048 8868     		ldr	r0, [r1, #8]
 224 004a 0028     		cmp	r0, #0
 225 004c EED0     		beq	.L12
 226              	.LVL15:
 227              	.L9:
 228 004e 70BD     		pop	{r4, r5, r6, pc}
 229              	.L15:
 230              		.align	2
 231              	.L14:
 232 0050 00000000 		.word	rlist
 233 0054 00000000 		.word	vtlist
 234              	.LBE3:
 235              		.cfi_endproc
 236              	.LFE9:
 237              		.size	chSysTimerHandlerI, .-chSysTimerHandlerI
 238              		.global	_idle_thread_wa
 239 0058 AFF30080 		.section	.bss.mainthread.4644,"aw",%nobits
 239      AFF30080 
 240              		.align	2
 241              		.set	.LANCHOR0,. + 0
 242              		.type	mainthread.4644, %object
 243              		.size	mainthread.4644, 72
 244              	mainthread.4644:
 245 0000 00000000 		.space	72
 245      00000000 
 245      00000000 
 245      00000000 
 245      00000000 
 246              		.section	.rodata.str1.4,"aMS",%progbits,1
 247              		.align	2
 248              	.LC0:
 249 0000 69646C65 		.ascii	"idle\000"
 249      00
 250 0005 000000   		.section	.bss._idle_thread_wa,"aw",%nobits
 251              		.align	3
 252              		.set	.LANCHOR1,. + 0
 253              		.type	_idle_thread_wa, %object
 254              		.size	_idle_thread_wa, 192
 255              	_idle_thread_wa:
 256 0000 00000000 		.space	192
 256      00000000 
 256      00000000 
 256      00000000 
 256      00000000 
 257              		.text
 258              	.Letext0:
 259              		.section	.debug_loc,"",%progbits
 260              	.Ldebug_loc0:
 261              	.LLST0:
 262 0000 00000000 		.4byte	.LVL0
 263 0004 02000000 		.4byte	.LVL1
 264 0008 0100     		.2byte	0x1
 265 000a 50       		.byte	0x50
 266 000b 00000000 		.4byte	0x0
 267 000f 00000000 		.4byte	0x0
 268              	.LLST1:
 269 0013 00000000 		.4byte	.LFB8
ARM GAS  C:\Users\DNIEL~1\AppData\Local\Temp\ccYYZ8pn.s 			page 6


 270 0017 02000000 		.4byte	.LCFI0
 271 001b 0200     		.2byte	0x2
 272 001d 7D       		.byte	0x7d
 273 001e 00       		.sleb128 0
 274 001f 02000000 		.4byte	.LCFI0
 275 0023 04000000 		.4byte	.LCFI1
 276 0027 0200     		.2byte	0x2
 277 0029 7D       		.byte	0x7d
 278 002a 08       		.sleb128 8
 279 002b 04000000 		.4byte	.LCFI1
 280 002f 5C000000 		.4byte	.LFE8
 281 0033 0200     		.2byte	0x2
 282 0035 7D       		.byte	0x7d
 283 0036 10       		.sleb128 16
 284 0037 00000000 		.4byte	0x0
 285 003b 00000000 		.4byte	0x0
 286              	.LLST2:
 287 003f 30000000 		.4byte	.LVL3
 288 0043 3E000000 		.4byte	.LVL4
 289 0047 0100     		.2byte	0x1
 290 0049 53       		.byte	0x53
 291 004a 40000000 		.4byte	.LVL5
 292 004e 5C000000 		.4byte	.LFE8
 293 0052 0100     		.2byte	0x1
 294 0054 54       		.byte	0x54
 295 0055 00000000 		.4byte	0x0
 296 0059 00000000 		.4byte	0x0
 297              	.LLST3:
 298 005d 00000000 		.4byte	.LFB9
 299 0061 02000000 		.4byte	.LCFI2
 300 0065 0200     		.2byte	0x2
 301 0067 7D       		.byte	0x7d
 302 0068 00       		.sleb128 0
 303 0069 02000000 		.4byte	.LCFI2
 304 006d 58000000 		.4byte	.LFE9
 305 0071 0200     		.2byte	0x2
 306 0073 7D       		.byte	0x7d
 307 0074 10       		.sleb128 16
 308 0075 00000000 		.4byte	0x0
 309 0079 00000000 		.4byte	0x0
 310              	.LLST4:
 311 007d 28000000 		.4byte	.LVL6
 312 0081 2C000000 		.4byte	.LVL7
 313 0085 0200     		.2byte	0x2
 314 0087 74       		.byte	0x74
 315 0088 00       		.sleb128 0
 316 0089 2C000000 		.4byte	.LVL7
 317 008d 3F000000 		.4byte	.LVL12-1
 318 0091 0100     		.2byte	0x1
 319 0093 51       		.byte	0x51
 320 0094 48000000 		.4byte	.LVL14
 321 0098 4E000000 		.4byte	.LVL15
 322 009c 0200     		.2byte	0x2
 323 009e 74       		.byte	0x74
 324 009f 00       		.sleb128 0
 325 00a0 00000000 		.4byte	0x0
 326 00a4 00000000 		.4byte	0x0
ARM GAS  C:\Users\DNIEL~1\AppData\Local\Temp\ccYYZ8pn.s 			page 7


 327              	.LLST5:
 328 00a8 30000000 		.4byte	.LVL9
 329 00ac 3F000000 		.4byte	.LVL12-1
 330 00b0 0200     		.2byte	0x2
 331 00b2 71       		.byte	0x71
 332 00b3 0C       		.sleb128 12
 333 00b4 00000000 		.4byte	0x0
 334 00b8 00000000 		.4byte	0x0
 335              	.LLST6:
 336 00bc 3C000000 		.4byte	.LVL11
 337 00c0 3F000000 		.4byte	.LVL12-1
 338 00c4 0100     		.2byte	0x1
 339 00c6 53       		.byte	0x53
 340 00c7 00000000 		.4byte	0x0
 341 00cb 00000000 		.4byte	0x0
 342              	.LLST7:
 343 00cf 2C000000 		.4byte	.LVL7
 344 00d3 2E000000 		.4byte	.LVL8
 345 00d7 0100     		.2byte	0x1
 346 00d9 53       		.byte	0x53
 347 00da 46000000 		.4byte	.LVL13
 348 00de 58000000 		.4byte	.LFE9
 349 00e2 0100     		.2byte	0x1
 350 00e4 53       		.byte	0x53
 351 00e5 00000000 		.4byte	0x0
 352 00e9 00000000 		.4byte	0x0
 353              		.file 2 "c:\\program files (x86)\\codesourcery\\sourcery g++ lite\\bin\\../lib/gcc/arm-none-eabi/4
 354              		.file 3 "../../../ChibiOS/os/ports/GCC/ARMCMx/chtypes.h"
 355              		.file 4 "../../../ChibiOS/os/kernel/include/chlists.h"
 356              		.file 5 "../../../ChibiOS/os/kernel/include/chthreads.h"
 357              		.file 6 "../../../ChibiOS/os/ports/GCC/ARMCMx/chcore_v7m.h"
 358              		.file 7 "../../../ChibiOS/os/kernel/include/chvt.h"
 359              		.file 8 "../../../ChibiOS/os/kernel/include/chschd.h"
 360              		.file 9 "../../../ChibiOS/os/kernel/include/chmtx.h"
 361              		.file 10 "../../../ChibiOS/os/kernel/include/chregistry.h"
 362              		.file 11 "../../../ChibiOS/os/kernel/include/ch.h"
 363              		.section	.debug_info
 364 0000 C9070000 		.4byte	0x7c9
 365 0004 0200     		.2byte	0x2
 366 0006 00000000 		.4byte	.Ldebug_abbrev0
 367 000a 04       		.byte	0x4
 368 000b 01       		.uleb128 0x1
 369 000c 21040000 		.4byte	.LASF101
 370 0010 01       		.byte	0x1
 371 0011 D8010000 		.4byte	.LASF102
 372 0015 43010000 		.4byte	.LASF103
 373 0019 00000000 		.4byte	0x0
 374 001d 00000000 		.4byte	0x0
 375 0021 00000000 		.4byte	.Ldebug_ranges0+0x0
 376 0025 00000000 		.4byte	.Ldebug_line0
 377 0029 02       		.uleb128 0x2
 378 002a 04       		.byte	0x4
 379 002b 05       		.byte	0x5
 380 002c 696E7400 		.ascii	"int\000"
 381 0030 03       		.uleb128 0x3
 382 0031 04       		.byte	0x4
 383 0032 07       		.byte	0x7
ARM GAS  C:\Users\DNIEL~1\AppData\Local\Temp\ccYYZ8pn.s 			page 8


 384 0033 92010000 		.4byte	.LASF0
 385 0037 03       		.uleb128 0x3
 386 0038 01       		.byte	0x1
 387 0039 06       		.byte	0x6
 388 003a A0000000 		.4byte	.LASF1
 389 003e 04       		.uleb128 0x4
 390 003f 12040000 		.4byte	.LASF4
 391 0043 02       		.byte	0x2
 392 0044 2A       		.byte	0x2a
 393 0045 49000000 		.4byte	0x49
 394 0049 03       		.uleb128 0x3
 395 004a 01       		.byte	0x1
 396 004b 08       		.byte	0x8
 397 004c F1020000 		.4byte	.LASF2
 398 0050 03       		.uleb128 0x3
 399 0051 02       		.byte	0x2
 400 0052 05       		.byte	0x5
 401 0053 09030000 		.4byte	.LASF3
 402 0057 04       		.uleb128 0x4
 403 0058 F5000000 		.4byte	.LASF5
 404 005c 02       		.byte	0x2
 405 005d 36       		.byte	0x36
 406 005e 62000000 		.4byte	0x62
 407 0062 03       		.uleb128 0x3
 408 0063 02       		.byte	0x2
 409 0064 07       		.byte	0x7
 410 0065 FF010000 		.4byte	.LASF6
 411 0069 04       		.uleb128 0x4
 412 006a E9020000 		.4byte	.LASF7
 413 006e 02       		.byte	0x2
 414 006f 4F       		.byte	0x4f
 415 0070 74000000 		.4byte	0x74
 416 0074 03       		.uleb128 0x3
 417 0075 04       		.byte	0x4
 418 0076 05       		.byte	0x5
 419 0077 E3000000 		.4byte	.LASF8
 420 007b 04       		.uleb128 0x4
 421 007c 7C030000 		.4byte	.LASF9
 422 0080 02       		.byte	0x2
 423 0081 50       		.byte	0x50
 424 0082 86000000 		.4byte	0x86
 425 0086 03       		.uleb128 0x3
 426 0087 04       		.byte	0x4
 427 0088 07       		.byte	0x7
 428 0089 A7010000 		.4byte	.LASF10
 429 008d 03       		.uleb128 0x3
 430 008e 08       		.byte	0x8
 431 008f 05       		.byte	0x5
 432 0090 92000000 		.4byte	.LASF11
 433 0094 04       		.uleb128 0x4
 434 0095 22000000 		.4byte	.LASF12
 435 0099 02       		.byte	0x2
 436 009a 78       		.byte	0x78
 437 009b 9F000000 		.4byte	0x9f
 438 009f 03       		.uleb128 0x3
 439 00a0 08       		.byte	0x8
 440 00a1 07       		.byte	0x7
ARM GAS  C:\Users\DNIEL~1\AppData\Local\Temp\ccYYZ8pn.s 			page 9


 441 00a2 45000000 		.4byte	.LASF13
 442 00a6 04       		.uleb128 0x4
 443 00a7 18020000 		.4byte	.LASF14
 444 00ab 03       		.byte	0x3
 445 00ac 28       		.byte	0x28
 446 00ad 3E000000 		.4byte	0x3e
 447 00b1 04       		.uleb128 0x4
 448 00b2 EC000000 		.4byte	.LASF15
 449 00b6 03       		.byte	0x3
 450 00b7 29       		.byte	0x29
 451 00b8 3E000000 		.4byte	0x3e
 452 00bc 04       		.uleb128 0x4
 453 00bd C7020000 		.4byte	.LASF16
 454 00c1 03       		.byte	0x3
 455 00c2 2A       		.byte	0x2a
 456 00c3 3E000000 		.4byte	0x3e
 457 00c7 04       		.uleb128 0x4
 458 00c8 D9000000 		.4byte	.LASF17
 459 00cc 03       		.byte	0x3
 460 00cd 2B       		.byte	0x2b
 461 00ce 3E000000 		.4byte	0x3e
 462 00d2 04       		.uleb128 0x4
 463 00d3 E1020000 		.4byte	.LASF18
 464 00d7 03       		.byte	0x3
 465 00d8 2C       		.byte	0x2c
 466 00d9 7B000000 		.4byte	0x7b
 467 00dd 04       		.uleb128 0x4
 468 00de 12020000 		.4byte	.LASF19
 469 00e2 03       		.byte	0x3
 470 00e3 2D       		.byte	0x2d
 471 00e4 69000000 		.4byte	0x69
 472 00e8 04       		.uleb128 0x4
 473 00e9 2C020000 		.4byte	.LASF20
 474 00ed 03       		.byte	0x3
 475 00ee 2F       		.byte	0x2f
 476 00ef 7B000000 		.4byte	0x7b
 477 00f3 04       		.uleb128 0x4
 478 00f4 B2030000 		.4byte	.LASF21
 479 00f8 03       		.byte	0x3
 480 00f9 31       		.byte	0x31
 481 00fa 7B000000 		.4byte	0x7b
 482 00fe 04       		.uleb128 0x4
 483 00ff 5D030000 		.4byte	.LASF22
 484 0103 04       		.byte	0x4
 485 0104 23       		.byte	0x23
 486 0105 09010000 		.4byte	0x109
 487 0109 05       		.uleb128 0x5
 488 010a 5D030000 		.4byte	.LASF22
 489 010e 48       		.byte	0x48
 490 010f 05       		.byte	0x5
 491 0110 57       		.byte	0x57
 492 0111 2E020000 		.4byte	0x22e
 493 0115 06       		.uleb128 0x6
 494 0116 3F030000 		.4byte	.LASF23
 495 011a 05       		.byte	0x5
 496 011b 58       		.byte	0x58
 497 011c 53020000 		.4byte	0x253
ARM GAS  C:\Users\DNIEL~1\AppData\Local\Temp\ccYYZ8pn.s 			page 10


 498 0120 02       		.byte	0x2
 499 0121 23       		.byte	0x23
 500 0122 00       		.uleb128 0x0
 501 0123 06       		.uleb128 0x6
 502 0124 DA020000 		.4byte	.LASF24
 503 0128 05       		.byte	0x5
 504 0129 5A       		.byte	0x5a
 505 012a 53020000 		.4byte	0x253
 506 012e 02       		.byte	0x2
 507 012f 23       		.byte	0x23
 508 0130 04       		.uleb128 0x4
 509 0131 06       		.uleb128 0x6
 510 0132 7E000000 		.4byte	.LASF25
 511 0136 05       		.byte	0x5
 512 0137 5C       		.byte	0x5c
 513 0138 D2000000 		.4byte	0xd2
 514 013c 02       		.byte	0x2
 515 013d 23       		.byte	0x23
 516 013e 08       		.uleb128 0x8
 517 013f 06       		.uleb128 0x6
 518 0140 59040000 		.4byte	.LASF26
 519 0144 05       		.byte	0x5
 520 0145 5D       		.byte	0x5d
 521 0146 2C030000 		.4byte	0x32c
 522 014a 02       		.byte	0x2
 523 014b 23       		.byte	0x23
 524 014c 0C       		.uleb128 0xc
 525 014d 06       		.uleb128 0x6
 526 014e 08010000 		.4byte	.LASF27
 527 0152 05       		.byte	0x5
 528 0153 5F       		.byte	0x5f
 529 0154 53020000 		.4byte	0x253
 530 0158 02       		.byte	0x2
 531 0159 23       		.byte	0x23
 532 015a 10       		.uleb128 0x10
 533 015b 06       		.uleb128 0x6
 534 015c 85020000 		.4byte	.LASF28
 535 0160 05       		.byte	0x5
 536 0161 60       		.byte	0x60
 537 0162 53020000 		.4byte	0x253
 538 0166 02       		.byte	0x2
 539 0167 23       		.byte	0x23
 540 0168 14       		.uleb128 0x14
 541 0169 06       		.uleb128 0x6
 542 016a 2D040000 		.4byte	.LASF29
 543 016e 05       		.byte	0x5
 544 016f 67       		.byte	0x67
 545 0170 06050000 		.4byte	0x506
 546 0174 02       		.byte	0x2
 547 0175 23       		.byte	0x23
 548 0176 18       		.uleb128 0x18
 549 0177 06       		.uleb128 0x6
 550 0178 13030000 		.4byte	.LASF30
 551 017c 05       		.byte	0x5
 552 017d 72       		.byte	0x72
 553 017e B1000000 		.4byte	0xb1
 554 0182 02       		.byte	0x2
ARM GAS  C:\Users\DNIEL~1\AppData\Local\Temp\ccYYZ8pn.s 			page 11


 555 0183 23       		.byte	0x23
 556 0184 1C       		.uleb128 0x1c
 557 0185 06       		.uleb128 0x6
 558 0186 55030000 		.4byte	.LASF31
 559 018a 05       		.byte	0x5
 560 018b 76       		.byte	0x76
 561 018c A6000000 		.4byte	0xa6
 562 0190 02       		.byte	0x2
 563 0191 23       		.byte	0x23
 564 0192 1D       		.uleb128 0x1d
 565 0193 06       		.uleb128 0x6
 566 0194 FB030000 		.4byte	.LASF32
 567 0198 05       		.byte	0x5
 568 0199 7B       		.byte	0x7b
 569 019a BC000000 		.4byte	0xbc
 570 019e 02       		.byte	0x2
 571 019f 23       		.byte	0x23
 572 01a0 1E       		.uleb128 0x1e
 573 01a1 06       		.uleb128 0x6
 574 01a2 1B030000 		.4byte	.LASF33
 575 01a6 05       		.byte	0x5
 576 01a7 81       		.byte	0x81
 577 01a8 C7000000 		.4byte	0xc7
 578 01ac 02       		.byte	0x2
 579 01ad 23       		.byte	0x23
 580 01ae 1F       		.uleb128 0x1f
 581 01af 06       		.uleb128 0x6
 582 01b0 D0030000 		.4byte	.LASF34
 583 01b4 05       		.byte	0x5
 584 01b5 88       		.byte	0x88
 585 01b6 11040000 		.4byte	0x411
 586 01ba 02       		.byte	0x2
 587 01bb 23       		.byte	0x23
 588 01bc 20       		.uleb128 0x20
 589 01bd 07       		.uleb128 0x7
 590 01be 705F7500 		.ascii	"p_u\000"
 591 01c2 05       		.byte	0x5
 592 01c3 AD       		.byte	0xad
 593 01c4 D1040000 		.4byte	0x4d1
 594 01c8 02       		.byte	0x2
 595 01c9 23       		.byte	0x23
 596 01ca 24       		.uleb128 0x24
 597 01cb 06       		.uleb128 0x6
 598 01cc 5F040000 		.4byte	.LASF35
 599 01d0 05       		.byte	0x5
 600 01d1 B2       		.byte	0xb2
 601 01d2 7B020000 		.4byte	0x27b
 602 01d6 02       		.byte	0x2
 603 01d7 23       		.byte	0x23
 604 01d8 28       		.uleb128 0x28
 605 01d9 06       		.uleb128 0x6
 606 01da DE030000 		.4byte	.LASF36
 607 01de 05       		.byte	0x5
 608 01df B8       		.byte	0xb8
 609 01e0 59020000 		.4byte	0x259
 610 01e4 02       		.byte	0x2
 611 01e5 23       		.byte	0x23
ARM GAS  C:\Users\DNIEL~1\AppData\Local\Temp\ccYYZ8pn.s 			page 12


 612 01e6 2C       		.uleb128 0x2c
 613 01e7 06       		.uleb128 0x6
 614 01e8 15000000 		.4byte	.LASF37
 615 01ec 05       		.byte	0x5
 616 01ed BC       		.byte	0xbc
 617 01ee DD000000 		.4byte	0xdd
 618 01f2 02       		.byte	0x2
 619 01f3 23       		.byte	0x23
 620 01f4 34       		.uleb128 0x34
 621 01f5 06       		.uleb128 0x6
 622 01f6 71030000 		.4byte	.LASF38
 623 01fa 05       		.byte	0x5
 624 01fb C2       		.byte	0xc2
 625 01fc E8000000 		.4byte	0xe8
 626 0200 02       		.byte	0x2
 627 0201 23       		.byte	0x23
 628 0202 38       		.uleb128 0x38
 629 0203 06       		.uleb128 0x6
 630 0204 FF020000 		.4byte	.LASF39
 631 0208 05       		.byte	0x5
 632 0209 C9       		.byte	0xc9
 633 020a 18050000 		.4byte	0x518
 634 020e 02       		.byte	0x2
 635 020f 23       		.byte	0x23
 636 0210 3C       		.uleb128 0x3c
 637 0211 06       		.uleb128 0x6
 638 0212 BC030000 		.4byte	.LASF40
 639 0216 05       		.byte	0x5
 640 0217 CD       		.byte	0xcd
 641 0218 D2000000 		.4byte	0xd2
 642 021c 02       		.byte	0x2
 643 021d 23       		.byte	0x23
 644 021e 40       		.uleb128 0x40
 645 021f 06       		.uleb128 0x6
 646 0220 C9000000 		.4byte	.LASF41
 647 0224 05       		.byte	0x5
 648 0225 D3       		.byte	0xd3
 649 0226 91020000 		.4byte	0x291
 650 022a 02       		.byte	0x2
 651 022b 23       		.byte	0x23
 652 022c 44       		.uleb128 0x44
 653 022d 00       		.byte	0x0
 654 022e 08       		.uleb128 0x8
 655 022f 08       		.byte	0x8
 656 0230 04       		.byte	0x4
 657 0231 5A       		.byte	0x5a
 658 0232 53020000 		.4byte	0x253
 659 0236 06       		.uleb128 0x6
 660 0237 3F030000 		.4byte	.LASF23
 661 023b 04       		.byte	0x4
 662 023c 5B       		.byte	0x5b
 663 023d 53020000 		.4byte	0x253
 664 0241 02       		.byte	0x2
 665 0242 23       		.byte	0x23
 666 0243 00       		.uleb128 0x0
 667 0244 06       		.uleb128 0x6
 668 0245 DA020000 		.4byte	.LASF24
ARM GAS  C:\Users\DNIEL~1\AppData\Local\Temp\ccYYZ8pn.s 			page 13


 669 0249 04       		.byte	0x4
 670 024a 5D       		.byte	0x5d
 671 024b 53020000 		.4byte	0x253
 672 024f 02       		.byte	0x2
 673 0250 23       		.byte	0x23
 674 0251 04       		.uleb128 0x4
 675 0252 00       		.byte	0x0
 676 0253 09       		.uleb128 0x9
 677 0254 04       		.byte	0x4
 678 0255 FE000000 		.4byte	0xfe
 679 0259 04       		.uleb128 0x4
 680 025a 93020000 		.4byte	.LASF42
 681 025e 04       		.byte	0x4
 682 025f 5F       		.byte	0x5f
 683 0260 2E020000 		.4byte	0x22e
 684 0264 08       		.uleb128 0x8
 685 0265 04       		.byte	0x4
 686 0266 04       		.byte	0x4
 687 0267 64       		.byte	0x64
 688 0268 7B020000 		.4byte	0x27b
 689 026c 06       		.uleb128 0x6
 690 026d 3F030000 		.4byte	.LASF23
 691 0271 04       		.byte	0x4
 692 0272 66       		.byte	0x66
 693 0273 53020000 		.4byte	0x253
 694 0277 02       		.byte	0x2
 695 0278 23       		.byte	0x23
 696 0279 00       		.uleb128 0x0
 697 027a 00       		.byte	0x0
 698 027b 04       		.uleb128 0x4
 699 027c 20020000 		.4byte	.LASF43
 700 0280 04       		.byte	0x4
 701 0281 69       		.byte	0x69
 702 0282 64020000 		.4byte	0x264
 703 0286 04       		.uleb128 0x4
 704 0287 28010000 		.4byte	.LASF44
 705 028b 06       		.byte	0x6
 706 028c DE       		.byte	0xde
 707 028d 91020000 		.4byte	0x291
 708 0291 0A       		.uleb128 0xa
 709 0292 04       		.byte	0x4
 710 0293 04       		.uleb128 0x4
 711 0294 3E020000 		.4byte	.LASF45
 712 0298 06       		.byte	0x6
 713 0299 E4       		.byte	0xe4
 714 029a 94000000 		.4byte	0x94
 715 029e 0B       		.uleb128 0xb
 716 029f D7030000 		.4byte	.LASF46
 717 02a3 24       		.byte	0x24
 718 02a4 06       		.byte	0x6
 719 02a5 0501     		.2byte	0x105
 720 02a7 2C030000 		.4byte	0x32c
 721 02ab 0C       		.uleb128 0xc
 722 02ac 723400   		.ascii	"r4\000"
 723 02af 06       		.byte	0x6
 724 02b0 1801     		.2byte	0x118
 725 02b2 86020000 		.4byte	0x286
ARM GAS  C:\Users\DNIEL~1\AppData\Local\Temp\ccYYZ8pn.s 			page 14


 726 02b6 02       		.byte	0x2
 727 02b7 23       		.byte	0x23
 728 02b8 00       		.uleb128 0x0
 729 02b9 0C       		.uleb128 0xc
 730 02ba 723500   		.ascii	"r5\000"
 731 02bd 06       		.byte	0x6
 732 02be 1901     		.2byte	0x119
 733 02c0 86020000 		.4byte	0x286
 734 02c4 02       		.byte	0x2
 735 02c5 23       		.byte	0x23
 736 02c6 04       		.uleb128 0x4
 737 02c7 0C       		.uleb128 0xc
 738 02c8 723600   		.ascii	"r6\000"
 739 02cb 06       		.byte	0x6
 740 02cc 1A01     		.2byte	0x11a
 741 02ce 86020000 		.4byte	0x286
 742 02d2 02       		.byte	0x2
 743 02d3 23       		.byte	0x23
 744 02d4 08       		.uleb128 0x8
 745 02d5 0C       		.uleb128 0xc
 746 02d6 723700   		.ascii	"r7\000"
 747 02d9 06       		.byte	0x6
 748 02da 1B01     		.2byte	0x11b
 749 02dc 86020000 		.4byte	0x286
 750 02e0 02       		.byte	0x2
 751 02e1 23       		.byte	0x23
 752 02e2 0C       		.uleb128 0xc
 753 02e3 0C       		.uleb128 0xc
 754 02e4 723800   		.ascii	"r8\000"
 755 02e7 06       		.byte	0x6
 756 02e8 1C01     		.2byte	0x11c
 757 02ea 86020000 		.4byte	0x286
 758 02ee 02       		.byte	0x2
 759 02ef 23       		.byte	0x23
 760 02f0 10       		.uleb128 0x10
 761 02f1 0C       		.uleb128 0xc
 762 02f2 723900   		.ascii	"r9\000"
 763 02f5 06       		.byte	0x6
 764 02f6 1D01     		.2byte	0x11d
 765 02f8 86020000 		.4byte	0x286
 766 02fc 02       		.byte	0x2
 767 02fd 23       		.byte	0x23
 768 02fe 14       		.uleb128 0x14
 769 02ff 0C       		.uleb128 0xc
 770 0300 72313000 		.ascii	"r10\000"
 771 0304 06       		.byte	0x6
 772 0305 1E01     		.2byte	0x11e
 773 0307 86020000 		.4byte	0x286
 774 030b 02       		.byte	0x2
 775 030c 23       		.byte	0x23
 776 030d 18       		.uleb128 0x18
 777 030e 0C       		.uleb128 0xc
 778 030f 72313100 		.ascii	"r11\000"
 779 0313 06       		.byte	0x6
 780 0314 1F01     		.2byte	0x11f
 781 0316 86020000 		.4byte	0x286
 782 031a 02       		.byte	0x2
ARM GAS  C:\Users\DNIEL~1\AppData\Local\Temp\ccYYZ8pn.s 			page 15


 783 031b 23       		.byte	0x23
 784 031c 1C       		.uleb128 0x1c
 785 031d 0C       		.uleb128 0xc
 786 031e 6C7200   		.ascii	"lr\000"
 787 0321 06       		.byte	0x6
 788 0322 2001     		.2byte	0x120
 789 0324 86020000 		.4byte	0x286
 790 0328 02       		.byte	0x2
 791 0329 23       		.byte	0x23
 792 032a 20       		.uleb128 0x20
 793 032b 00       		.byte	0x0
 794 032c 0B       		.uleb128 0xb
 795 032d D0010000 		.4byte	.LASF47
 796 0331 04       		.byte	0x4
 797 0332 06       		.byte	0x6
 798 0333 2A01     		.2byte	0x12a
 799 0335 49030000 		.4byte	0x349
 800 0339 0C       		.uleb128 0xc
 801 033a 72313300 		.ascii	"r13\000"
 802 033e 06       		.byte	0x6
 803 033f 2B01     		.2byte	0x12b
 804 0341 49030000 		.4byte	0x349
 805 0345 02       		.byte	0x2
 806 0346 23       		.byte	0x23
 807 0347 00       		.uleb128 0x0
 808 0348 00       		.byte	0x0
 809 0349 09       		.uleb128 0x9
 810 034a 04       		.byte	0x4
 811 034b 9E020000 		.4byte	0x29e
 812 034f 04       		.uleb128 0x4
 813 0350 C7030000 		.4byte	.LASF48
 814 0354 07       		.byte	0x7
 815 0355 4E       		.byte	0x4e
 816 0356 5A030000 		.4byte	0x35a
 817 035a 09       		.uleb128 0x9
 818 035b 04       		.byte	0x4
 819 035c 60030000 		.4byte	0x360
 820 0360 0D       		.uleb128 0xd
 821 0361 01       		.byte	0x1
 822 0362 6C030000 		.4byte	0x36c
 823 0366 0E       		.uleb128 0xe
 824 0367 91020000 		.4byte	0x291
 825 036b 00       		.byte	0x0
 826 036c 04       		.uleb128 0x4
 827 036d 99030000 		.4byte	.LASF49
 828 0371 07       		.byte	0x7
 829 0372 53       		.byte	0x53
 830 0373 77030000 		.4byte	0x377
 831 0377 05       		.uleb128 0x5
 832 0378 99030000 		.4byte	.LASF49
 833 037c 14       		.byte	0x14
 834 037d 07       		.byte	0x7
 835 037e 5A       		.byte	0x5a
 836 037f CA030000 		.4byte	0x3ca
 837 0383 06       		.uleb128 0x6
 838 0384 9F010000 		.4byte	.LASF50
 839 0388 07       		.byte	0x7
ARM GAS  C:\Users\DNIEL~1\AppData\Local\Temp\ccYYZ8pn.s 			page 16


 840 0389 5B       		.byte	0x5b
 841 038a CA030000 		.4byte	0x3ca
 842 038e 02       		.byte	0x2
 843 038f 23       		.byte	0x23
 844 0390 00       		.uleb128 0x0
 845 0391 06       		.uleb128 0x6
 846 0392 31010000 		.4byte	.LASF51
 847 0396 07       		.byte	0x7
 848 0397 5D       		.byte	0x5d
 849 0398 CA030000 		.4byte	0x3ca
 850 039c 02       		.byte	0x2
 851 039d 23       		.byte	0x23
 852 039e 04       		.uleb128 0x4
 853 039f 06       		.uleb128 0x6
 854 03a0 5D020000 		.4byte	.LASF52
 855 03a4 07       		.byte	0x7
 856 03a5 5F       		.byte	0x5f
 857 03a6 F3000000 		.4byte	0xf3
 858 03aa 02       		.byte	0x2
 859 03ab 23       		.byte	0x23
 860 03ac 08       		.uleb128 0x8
 861 03ad 06       		.uleb128 0x6
 862 03ae 65020000 		.4byte	.LASF53
 863 03b2 07       		.byte	0x7
 864 03b3 60       		.byte	0x60
 865 03b4 4F030000 		.4byte	0x34f
 866 03b8 02       		.byte	0x2
 867 03b9 23       		.byte	0x23
 868 03ba 0C       		.uleb128 0xc
 869 03bb 06       		.uleb128 0x6
 870 03bc E9030000 		.4byte	.LASF54
 871 03c0 07       		.byte	0x7
 872 03c1 62       		.byte	0x62
 873 03c2 91020000 		.4byte	0x291
 874 03c6 02       		.byte	0x2
 875 03c7 23       		.byte	0x23
 876 03c8 10       		.uleb128 0x10
 877 03c9 00       		.byte	0x0
 878 03ca 09       		.uleb128 0x9
 879 03cb 04       		.byte	0x4
 880 03cc 6C030000 		.4byte	0x36c
 881 03d0 08       		.uleb128 0x8
 882 03d1 10       		.byte	0x10
 883 03d2 07       		.byte	0x7
 884 03d3 6C       		.byte	0x6c
 885 03d4 11040000 		.4byte	0x411
 886 03d8 06       		.uleb128 0x6
 887 03d9 9F010000 		.4byte	.LASF50
 888 03dd 07       		.byte	0x7
 889 03de 6D       		.byte	0x6d
 890 03df CA030000 		.4byte	0x3ca
 891 03e3 02       		.byte	0x2
 892 03e4 23       		.byte	0x23
 893 03e5 00       		.uleb128 0x0
 894 03e6 06       		.uleb128 0x6
 895 03e7 31010000 		.4byte	.LASF51
 896 03eb 07       		.byte	0x7
ARM GAS  C:\Users\DNIEL~1\AppData\Local\Temp\ccYYZ8pn.s 			page 17


 897 03ec 6F       		.byte	0x6f
 898 03ed CA030000 		.4byte	0x3ca
 899 03f1 02       		.byte	0x2
 900 03f2 23       		.byte	0x23
 901 03f3 04       		.uleb128 0x4
 902 03f4 06       		.uleb128 0x6
 903 03f5 5D020000 		.4byte	.LASF52
 904 03f9 07       		.byte	0x7
 905 03fa 71       		.byte	0x71
 906 03fb F3000000 		.4byte	0xf3
 907 03ff 02       		.byte	0x2
 908 0400 23       		.byte	0x23
 909 0401 08       		.uleb128 0x8
 910 0402 06       		.uleb128 0x6
 911 0403 34040000 		.4byte	.LASF55
 912 0407 07       		.byte	0x7
 913 0408 72       		.byte	0x72
 914 0409 11040000 		.4byte	0x411
 915 040d 02       		.byte	0x2
 916 040e 23       		.byte	0x23
 917 040f 0C       		.uleb128 0xc
 918 0410 00       		.byte	0x0
 919 0411 0F       		.uleb128 0xf
 920 0412 F3000000 		.4byte	0xf3
 921 0416 04       		.uleb128 0x4
 922 0417 4A040000 		.4byte	.LASF56
 923 041b 07       		.byte	0x7
 924 041c 73       		.byte	0x73
 925 041d D0030000 		.4byte	0x3d0
 926 0421 08       		.uleb128 0x8
 927 0422 1C       		.byte	0x1c
 928 0423 08       		.byte	0x8
 929 0424 57       		.byte	0x57
 930 0425 7E040000 		.4byte	0x47e
 931 0429 06       		.uleb128 0x6
 932 042a 91030000 		.4byte	.LASF57
 933 042e 08       		.byte	0x8
 934 042f 58       		.byte	0x58
 935 0430 59020000 		.4byte	0x259
 936 0434 02       		.byte	0x2
 937 0435 23       		.byte	0x23
 938 0436 00       		.uleb128 0x0
 939 0437 06       		.uleb128 0x6
 940 0438 31030000 		.4byte	.LASF58
 941 043c 08       		.byte	0x8
 942 043d 59       		.byte	0x59
 943 043e D2000000 		.4byte	0xd2
 944 0442 02       		.byte	0x2
 945 0443 23       		.byte	0x23
 946 0444 08       		.uleb128 0x8
 947 0445 06       		.uleb128 0x6
 948 0446 8D020000 		.4byte	.LASF59
 949 044a 08       		.byte	0x8
 950 044b 5B       		.byte	0x5b
 951 044c 2C030000 		.4byte	0x32c
 952 0450 02       		.byte	0x2
 953 0451 23       		.byte	0x23
ARM GAS  C:\Users\DNIEL~1\AppData\Local\Temp\ccYYZ8pn.s 			page 18


 954 0452 0C       		.uleb128 0xc
 955 0453 06       		.uleb128 0x6
 956 0454 20010000 		.4byte	.LASF60
 957 0458 08       		.byte	0x8
 958 0459 5E       		.byte	0x5e
 959 045a 53020000 		.4byte	0x253
 960 045e 02       		.byte	0x2
 961 045f 23       		.byte	0x23
 962 0460 10       		.uleb128 0x10
 963 0461 06       		.uleb128 0x6
 964 0462 B2020000 		.4byte	.LASF61
 965 0466 08       		.byte	0x8
 966 0467 5F       		.byte	0x5f
 967 0468 53020000 		.4byte	0x253
 968 046c 02       		.byte	0x2
 969 046d 23       		.byte	0x23
 970 046e 14       		.uleb128 0x14
 971 046f 06       		.uleb128 0x6
 972 0470 A8020000 		.4byte	.LASF62
 973 0474 08       		.byte	0x8
 974 0475 62       		.byte	0x62
 975 0476 53020000 		.4byte	0x253
 976 047a 02       		.byte	0x2
 977 047b 23       		.byte	0x23
 978 047c 18       		.uleb128 0x18
 979 047d 00       		.byte	0x0
 980 047e 04       		.uleb128 0x4
 981 047f 02040000 		.4byte	.LASF63
 982 0483 08       		.byte	0x8
 983 0484 64       		.byte	0x64
 984 0485 21040000 		.4byte	0x421
 985 0489 05       		.uleb128 0x5
 986 048a 38020000 		.4byte	.LASF64
 987 048e 10       		.byte	0x10
 988 048f 09       		.byte	0x9
 989 0490 25       		.byte	0x25
 990 0491 C0040000 		.4byte	0x4c0
 991 0495 06       		.uleb128 0x6
 992 0496 D1000000 		.4byte	.LASF65
 993 049a 09       		.byte	0x9
 994 049b 26       		.byte	0x26
 995 049c 59020000 		.4byte	0x259
 996 04a0 02       		.byte	0x2
 997 04a1 23       		.byte	0x23
 998 04a2 00       		.uleb128 0x0
 999 04a3 06       		.uleb128 0x6
 1000 04a4 51040000 		.4byte	.LASF66
 1001 04a8 09       		.byte	0x9
 1002 04a9 28       		.byte	0x28
 1003 04aa 53020000 		.4byte	0x253
 1004 04ae 02       		.byte	0x2
 1005 04af 23       		.byte	0x23
 1006 04b0 08       		.uleb128 0x8
 1007 04b1 06       		.uleb128 0x6
 1008 04b2 AB030000 		.4byte	.LASF67
 1009 04b6 09       		.byte	0x9
 1010 04b7 2A       		.byte	0x2a
ARM GAS  C:\Users\DNIEL~1\AppData\Local\Temp\ccYYZ8pn.s 			page 19


 1011 04b8 C0040000 		.4byte	0x4c0
 1012 04bc 02       		.byte	0x2
 1013 04bd 23       		.byte	0x23
 1014 04be 0C       		.uleb128 0xc
 1015 04bf 00       		.byte	0x0
 1016 04c0 09       		.uleb128 0x9
 1017 04c1 04       		.byte	0x4
 1018 04c2 89040000 		.4byte	0x489
 1019 04c6 04       		.uleb128 0x4
 1020 04c7 38020000 		.4byte	.LASF64
 1021 04cb 09       		.byte	0x9
 1022 04cc 2C       		.byte	0x2c
 1023 04cd 89040000 		.4byte	0x489
 1024 04d1 10       		.uleb128 0x10
 1025 04d2 04       		.byte	0x4
 1026 04d3 05       		.byte	0x5
 1027 04d4 8F       		.byte	0x8f
 1028 04d5 06050000 		.4byte	0x506
 1029 04d9 11       		.uleb128 0x11
 1030 04da 1B000000 		.4byte	.LASF68
 1031 04de 05       		.byte	0x5
 1032 04df 96       		.byte	0x96
 1033 04e0 DD000000 		.4byte	0xdd
 1034 04e4 11       		.uleb128 0x11
 1035 04e5 6A000000 		.4byte	.LASF69
 1036 04e9 05       		.byte	0x5
 1037 04ea 9D       		.byte	0x9d
 1038 04eb DD000000 		.4byte	0xdd
 1039 04ef 11       		.uleb128 0x11
 1040 04f0 1A040000 		.4byte	.LASF70
 1041 04f4 05       		.byte	0x5
 1042 04f5 A4       		.byte	0xa4
 1043 04f6 91020000 		.4byte	0x291
 1044 04fa 11       		.uleb128 0x11
 1045 04fb 38030000 		.4byte	.LASF71
 1046 04ff 05       		.byte	0x5
 1047 0500 AB       		.byte	0xab
 1048 0501 E8000000 		.4byte	0xe8
 1049 0505 00       		.byte	0x0
 1050 0506 09       		.uleb128 0x9
 1051 0507 04       		.byte	0x4
 1052 0508 0C050000 		.4byte	0x50c
 1053 050c 12       		.uleb128 0x12
 1054 050d 11050000 		.4byte	0x511
 1055 0511 03       		.uleb128 0x3
 1056 0512 01       		.byte	0x1
 1057 0513 08       		.byte	0x8
 1058 0514 A6030000 		.4byte	.LASF72
 1059 0518 09       		.uleb128 0x9
 1060 0519 04       		.byte	0x4
 1061 051a C6040000 		.4byte	0x4c6
 1062 051e 04       		.uleb128 0x4
 1063 051f 00000000 		.4byte	.LASF73
 1064 0523 05       		.byte	0x5
 1065 0524 DE       		.byte	0xde
 1066 0525 29050000 		.4byte	0x529
 1067 0529 09       		.uleb128 0x9
ARM GAS  C:\Users\DNIEL~1\AppData\Local\Temp\ccYYZ8pn.s 			page 20


 1068 052a 04       		.byte	0x4
 1069 052b 2F050000 		.4byte	0x52f
 1070 052f 13       		.uleb128 0x13
 1071 0530 01       		.byte	0x1
 1072 0531 DD000000 		.4byte	0xdd
 1073 0535 3F050000 		.4byte	0x53f
 1074 0539 0E       		.uleb128 0xe
 1075 053a 91020000 		.4byte	0x291
 1076 053e 00       		.byte	0x0
 1077 053f 08       		.uleb128 0x8
 1078 0540 16       		.byte	0x16
 1079 0541 0A       		.byte	0xa
 1080 0542 25       		.byte	0x25
 1081 0543 44060000 		.4byte	0x644
 1082 0547 06       		.uleb128 0x6
 1083 0548 C2010000 		.4byte	.LASF74
 1084 054c 0A       		.byte	0xa
 1085 054d 26       		.byte	0x26
 1086 054e 44060000 		.4byte	0x644
 1087 0552 02       		.byte	0x2
 1088 0553 23       		.byte	0x23
 1089 0554 00       		.uleb128 0x0
 1090 0555 06       		.uleb128 0x6
 1091 0556 49020000 		.4byte	.LASF75
 1092 055a 0A       		.byte	0xa
 1093 055b 27       		.byte	0x27
 1094 055c 3E000000 		.4byte	0x3e
 1095 0560 02       		.byte	0x2
 1096 0561 23       		.byte	0x23
 1097 0562 04       		.uleb128 0x4
 1098 0563 06       		.uleb128 0x6
 1099 0564 A0020000 		.4byte	.LASF76
 1100 0568 0A       		.byte	0xa
 1101 0569 28       		.byte	0x28
 1102 056a 3E000000 		.4byte	0x3e
 1103 056e 02       		.byte	0x2
 1104 056f 23       		.byte	0x23
 1105 0570 05       		.uleb128 0x5
 1106 0571 06       		.uleb128 0x6
 1107 0572 3F040000 		.4byte	.LASF77
 1108 0576 0A       		.byte	0xa
 1109 0577 29       		.byte	0x29
 1110 0578 57000000 		.4byte	0x57
 1111 057c 02       		.byte	0x2
 1112 057d 23       		.byte	0x23
 1113 057e 06       		.uleb128 0x6
 1114 057f 06       		.uleb128 0x6
 1115 0580 CF020000 		.4byte	.LASF78
 1116 0584 0A       		.byte	0xa
 1117 0585 2A       		.byte	0x2a
 1118 0586 3E000000 		.4byte	0x3e
 1119 058a 02       		.byte	0x2
 1120 058b 23       		.byte	0x23
 1121 058c 08       		.uleb128 0x8
 1122 058d 06       		.uleb128 0x6
 1123 058e 6D020000 		.4byte	.LASF79
 1124 0592 0A       		.byte	0xa
ARM GAS  C:\Users\DNIEL~1\AppData\Local\Temp\ccYYZ8pn.s 			page 21


 1125 0593 2B       		.byte	0x2b
 1126 0594 3E000000 		.4byte	0x3e
 1127 0598 02       		.byte	0x2
 1128 0599 23       		.byte	0x23
 1129 059a 09       		.uleb128 0x9
 1130 059b 06       		.uleb128 0x6
 1131 059c 5C000000 		.4byte	.LASF80
 1132 05a0 0A       		.byte	0xa
 1133 05a1 2C       		.byte	0x2c
 1134 05a2 3E000000 		.4byte	0x3e
 1135 05a6 02       		.byte	0x2
 1136 05a7 23       		.byte	0x23
 1137 05a8 0A       		.uleb128 0xa
 1138 05a9 06       		.uleb128 0x6
 1139 05aa 85030000 		.4byte	.LASF81
 1140 05ae 0A       		.byte	0xa
 1141 05af 2D       		.byte	0x2d
 1142 05b0 3E000000 		.4byte	0x3e
 1143 05b4 02       		.byte	0x2
 1144 05b5 23       		.byte	0x23
 1145 05b6 0B       		.uleb128 0xb
 1146 05b7 06       		.uleb128 0x6
 1147 05b8 F0030000 		.4byte	.LASF82
 1148 05bc 0A       		.byte	0xa
 1149 05bd 2E       		.byte	0x2e
 1150 05be 3E000000 		.4byte	0x3e
 1151 05c2 02       		.byte	0x2
 1152 05c3 23       		.byte	0x23
 1153 05c4 0C       		.uleb128 0xc
 1154 05c5 06       		.uleb128 0x6
 1155 05c6 64030000 		.4byte	.LASF83
 1156 05ca 0A       		.byte	0xa
 1157 05cb 2F       		.byte	0x2f
 1158 05cc 3E000000 		.4byte	0x3e
 1159 05d0 02       		.byte	0x2
 1160 05d1 23       		.byte	0x23
 1161 05d2 0D       		.uleb128 0xd
 1162 05d3 06       		.uleb128 0x6
 1163 05d4 08000000 		.4byte	.LASF84
 1164 05d8 0A       		.byte	0xa
 1165 05d9 30       		.byte	0x30
 1166 05da 3E000000 		.4byte	0x3e
 1167 05de 02       		.byte	0x2
 1168 05df 23       		.byte	0x23
 1169 05e0 0E       		.uleb128 0xe
 1170 05e1 06       		.uleb128 0x6
 1171 05e2 79020000 		.4byte	.LASF85
 1172 05e6 0A       		.byte	0xa
 1173 05e7 31       		.byte	0x31
 1174 05e8 3E000000 		.4byte	0x3e
 1175 05ec 02       		.byte	0x2
 1176 05ed 23       		.byte	0x23
 1177 05ee 0F       		.uleb128 0xf
 1178 05ef 06       		.uleb128 0x6
 1179 05f0 AC000000 		.4byte	.LASF86
 1180 05f4 0A       		.byte	0xa
 1181 05f5 32       		.byte	0x32
ARM GAS  C:\Users\DNIEL~1\AppData\Local\Temp\ccYYZ8pn.s 			page 22


 1182 05f6 3E000000 		.4byte	0x3e
 1183 05fa 02       		.byte	0x2
 1184 05fb 23       		.byte	0x23
 1185 05fc 10       		.uleb128 0x10
 1186 05fd 06       		.uleb128 0x6
 1187 05fe 85000000 		.4byte	.LASF87
 1188 0602 0A       		.byte	0xa
 1189 0603 34       		.byte	0x34
 1190 0604 3E000000 		.4byte	0x3e
 1191 0608 02       		.byte	0x2
 1192 0609 23       		.byte	0x23
 1193 060a 11       		.uleb128 0x11
 1194 060b 06       		.uleb128 0x6
 1195 060c BC000000 		.4byte	.LASF88
 1196 0610 0A       		.byte	0xa
 1197 0611 35       		.byte	0x35
 1198 0612 3E000000 		.4byte	0x3e
 1199 0616 02       		.byte	0x2
 1200 0617 23       		.byte	0x23
 1201 0618 12       		.uleb128 0x12
 1202 0619 06       		.uleb128 0x6
 1203 061a 51020000 		.4byte	.LASF89
 1204 061e 0A       		.byte	0xa
 1205 061f 36       		.byte	0x36
 1206 0620 3E000000 		.4byte	0x3e
 1207 0624 02       		.byte	0x2
 1208 0625 23       		.byte	0x23
 1209 0626 13       		.uleb128 0x13
 1210 0627 06       		.uleb128 0x6
 1211 0628 46030000 		.4byte	.LASF90
 1212 062c 0A       		.byte	0xa
 1213 062d 37       		.byte	0x37
 1214 062e 3E000000 		.4byte	0x3e
 1215 0632 02       		.byte	0x2
 1216 0633 23       		.byte	0x23
 1217 0634 14       		.uleb128 0x14
 1218 0635 06       		.uleb128 0x6
 1219 0636 25030000 		.4byte	.LASF91
 1220 063a 0A       		.byte	0xa
 1221 063b 39       		.byte	0x39
 1222 063c 3E000000 		.4byte	0x3e
 1223 0640 02       		.byte	0x2
 1224 0641 23       		.byte	0x23
 1225 0642 15       		.uleb128 0x15
 1226 0643 00       		.byte	0x0
 1227 0644 14       		.uleb128 0x14
 1228 0645 11050000 		.4byte	0x511
 1229 0649 54060000 		.4byte	0x654
 1230 064d 15       		.uleb128 0x15
 1231 064e 30000000 		.4byte	0x30
 1232 0652 03       		.byte	0x3
 1233 0653 00       		.byte	0x0
 1234 0654 04       		.uleb128 0x4
 1235 0655 FE000000 		.4byte	.LASF92
 1236 0659 0A       		.byte	0xa
 1237 065a 3A       		.byte	0x3a
 1238 065b 3F050000 		.4byte	0x53f
ARM GAS  C:\Users\DNIEL~1\AppData\Local\Temp\ccYYZ8pn.s 			page 23


 1239 065f 16       		.uleb128 0x16
 1240 0660 01       		.byte	0x1
 1241 0661 BA020000 		.4byte	.LASF93
 1242 0665 01       		.byte	0x1
 1243 0666 36       		.byte	0x36
 1244 0667 01       		.byte	0x1
 1245 0668 00000000 		.4byte	.LFB7
 1246 066c 14000000 		.4byte	.LFE7
 1247 0670 02       		.byte	0x2
 1248 0671 7D       		.byte	0x7d
 1249 0672 00       		.sleb128 0
 1250 0673 85060000 		.4byte	0x685
 1251 0677 17       		.uleb128 0x17
 1252 0678 7000     		.ascii	"p\000"
 1253 067a 01       		.byte	0x1
 1254 067b 36       		.byte	0x36
 1255 067c 91020000 		.4byte	0x291
 1256 0680 00000000 		.4byte	.LLST0
 1257 0684 00       		.byte	0x0
 1258 0685 18       		.uleb128 0x18
 1259 0686 01       		.byte	0x1
 1260 0687 39010000 		.4byte	.LASF94
 1261 068b 01       		.byte	0x1
 1262 068c 4D       		.byte	0x4d
 1263 068d 01       		.byte	0x1
 1264 068e 00000000 		.4byte	.LFB8
 1265 0692 5C000000 		.4byte	.LFE8
 1266 0696 13000000 		.4byte	.LLST1
 1267 069a C9060000 		.4byte	0x6c9
 1268 069e 19       		.uleb128 0x19
 1269 069f 73000000 		.4byte	.LASF95
 1270 06a3 01       		.byte	0x1
 1271 06a4 4E       		.byte	0x4e
 1272 06a5 FE000000 		.4byte	0xfe
 1273 06a9 05       		.byte	0x5
 1274 06aa 03       		.byte	0x3
 1275 06ab 00000000 		.4byte	mainthread.4644
 1276 06af 1A       		.uleb128 0x1a
 1277 06b0 28000000 		.4byte	.LBB2
 1278 06b4 30000000 		.4byte	.LBE2
 1279 06b8 1B       		.uleb128 0x1b
 1280 06b9 746D7000 		.ascii	"tmp\000"
 1281 06bd 01       		.byte	0x1
 1282 06be 68       		.byte	0x68
 1283 06bf 7B000000 		.4byte	0x7b
 1284 06c3 3F000000 		.4byte	.LLST2
 1285 06c7 00       		.byte	0x0
 1286 06c8 00       		.byte	0x0
 1287 06c9 18       		.uleb128 0x18
 1288 06ca 01       		.byte	0x1
 1289 06cb 32000000 		.4byte	.LASF96
 1290 06cf 01       		.byte	0x1
 1291 06d0 82       		.byte	0x82
 1292 06d1 01       		.byte	0x1
 1293 06d2 00000000 		.4byte	.LFB9
 1294 06d6 58000000 		.4byte	.LFE9
 1295 06da 5D000000 		.4byte	.LLST3
ARM GAS  C:\Users\DNIEL~1\AppData\Local\Temp\ccYYZ8pn.s 			page 24


 1296 06de 4A070000 		.4byte	0x74a
 1297 06e2 1A       		.uleb128 0x1a
 1298 06e3 22000000 		.4byte	.LBB3
 1299 06e7 58000000 		.4byte	.LBE3
 1300 06eb 1B       		.uleb128 0x1b
 1301 06ec 76747000 		.ascii	"vtp\000"
 1302 06f0 01       		.byte	0x1
 1303 06f1 8F       		.byte	0x8f
 1304 06f2 CA030000 		.4byte	0x3ca
 1305 06f6 7D000000 		.4byte	.LLST4
 1306 06fa 1A       		.uleb128 0x1a
 1307 06fb 2C000000 		.4byte	.LBB4
 1308 06ff 46000000 		.4byte	.LBE4
 1309 0703 1B       		.uleb128 0x1b
 1310 0704 666E00   		.ascii	"fn\000"
 1311 0707 01       		.byte	0x1
 1312 0708 8F       		.byte	0x8f
 1313 0709 4F030000 		.4byte	0x34f
 1314 070d A8000000 		.4byte	.LLST5
 1315 0711 1C       		.uleb128 0x1c
 1316 0712 36000000 		.4byte	.LBB5
 1317 0716 3C000000 		.4byte	.LBE5
 1318 071a 2E070000 		.4byte	0x72e
 1319 071e 1B       		.uleb128 0x1b
 1320 071f 746D7000 		.ascii	"tmp\000"
 1321 0723 01       		.byte	0x1
 1322 0724 8F       		.byte	0x8f
 1323 0725 7B000000 		.4byte	0x7b
 1324 0729 BC000000 		.4byte	.LLST6
 1325 072d 00       		.byte	0x0
 1326 072e 1A       		.uleb128 0x1a
 1327 072f 40000000 		.4byte	.LBB6
 1328 0733 46000000 		.4byte	.LBE6
 1329 0737 1B       		.uleb128 0x1b
 1330 0738 746D7000 		.ascii	"tmp\000"
 1331 073c 01       		.byte	0x1
 1332 073d 8F       		.byte	0x8f
 1333 073e 7B000000 		.4byte	0x7b
 1334 0742 CF000000 		.4byte	.LLST7
 1335 0746 00       		.byte	0x0
 1336 0747 00       		.byte	0x0
 1337 0748 00       		.byte	0x0
 1338 0749 00       		.byte	0x0
 1339 074a 1D       		.uleb128 0x1d
 1340 074b 2B000000 		.4byte	.LASF97
 1341 074f 07       		.byte	0x7
 1342 0750 D1       		.byte	0xd1
 1343 0751 16040000 		.4byte	0x416
 1344 0755 01       		.byte	0x1
 1345 0756 01       		.byte	0x1
 1346 0757 1D       		.uleb128 0x1d
 1347 0758 0C040000 		.4byte	.LASF98
 1348 075c 08       		.byte	0x8
 1349 075d 68       		.byte	0x68
 1350 075e 7E040000 		.4byte	0x47e
 1351 0762 01       		.byte	0x1
 1352 0763 01       		.byte	0x1
ARM GAS  C:\Users\DNIEL~1\AppData\Local\Temp\ccYYZ8pn.s 			page 25


 1353 0764 1D       		.uleb128 0x1d
 1354 0765 B9010000 		.4byte	.LASF99
 1355 0769 0A       		.byte	0xa
 1356 076a 77       		.byte	0x77
 1357 076b 71070000 		.4byte	0x771
 1358 076f 01       		.byte	0x1
 1359 0770 01       		.byte	0x1
 1360 0771 12       		.uleb128 0x12
 1361 0772 54060000 		.4byte	0x654
 1362 0776 14       		.uleb128 0x14
 1363 0777 93020000 		.4byte	0x293
 1364 077b 86070000 		.4byte	0x786
 1365 077f 15       		.uleb128 0x15
 1366 0780 30000000 		.4byte	0x30
 1367 0784 17       		.byte	0x17
 1368 0785 00       		.byte	0x0
 1369 0786 1D       		.uleb128 0x1d
 1370 0787 10010000 		.4byte	.LASF100
 1371 078b 0B       		.byte	0xb
 1372 078c 82       		.byte	0x82
 1373 078d 76070000 		.4byte	0x776
 1374 0791 01       		.byte	0x1
 1375 0792 01       		.byte	0x1
 1376 0793 1D       		.uleb128 0x1d
 1377 0794 2B000000 		.4byte	.LASF97
 1378 0798 07       		.byte	0x7
 1379 0799 D1       		.byte	0xd1
 1380 079a 16040000 		.4byte	0x416
 1381 079e 01       		.byte	0x1
 1382 079f 01       		.byte	0x1
 1383 07a0 1D       		.uleb128 0x1d
 1384 07a1 0C040000 		.4byte	.LASF98
 1385 07a5 08       		.byte	0x8
 1386 07a6 68       		.byte	0x68
 1387 07a7 7E040000 		.4byte	0x47e
 1388 07ab 01       		.byte	0x1
 1389 07ac 01       		.byte	0x1
 1390 07ad 1D       		.uleb128 0x1d
 1391 07ae B9010000 		.4byte	.LASF99
 1392 07b2 0A       		.byte	0xa
 1393 07b3 77       		.byte	0x77
 1394 07b4 71070000 		.4byte	0x771
 1395 07b8 01       		.byte	0x1
 1396 07b9 01       		.byte	0x1
 1397 07ba 1E       		.uleb128 0x1e
 1398 07bb 10010000 		.4byte	.LASF100
 1399 07bf 01       		.byte	0x1
 1400 07c0 2A       		.byte	0x2a
 1401 07c1 76070000 		.4byte	0x776
 1402 07c5 01       		.byte	0x1
 1403 07c6 05       		.byte	0x5
 1404 07c7 03       		.byte	0x3
 1405 07c8 00000000 		.4byte	_idle_thread_wa
 1406 07cc 00       		.byte	0x0
 1407              		.section	.debug_abbrev
 1408 0000 01       		.uleb128 0x1
 1409 0001 11       		.uleb128 0x11
ARM GAS  C:\Users\DNIEL~1\AppData\Local\Temp\ccYYZ8pn.s 			page 26


 1410 0002 01       		.byte	0x1
 1411 0003 25       		.uleb128 0x25
 1412 0004 0E       		.uleb128 0xe
 1413 0005 13       		.uleb128 0x13
 1414 0006 0B       		.uleb128 0xb
 1415 0007 03       		.uleb128 0x3
 1416 0008 0E       		.uleb128 0xe
 1417 0009 1B       		.uleb128 0x1b
 1418 000a 0E       		.uleb128 0xe
 1419 000b 11       		.uleb128 0x11
 1420 000c 01       		.uleb128 0x1
 1421 000d 52       		.uleb128 0x52
 1422 000e 01       		.uleb128 0x1
 1423 000f 55       		.uleb128 0x55
 1424 0010 06       		.uleb128 0x6
 1425 0011 10       		.uleb128 0x10
 1426 0012 06       		.uleb128 0x6
 1427 0013 00       		.byte	0x0
 1428 0014 00       		.byte	0x0
 1429 0015 02       		.uleb128 0x2
 1430 0016 24       		.uleb128 0x24
 1431 0017 00       		.byte	0x0
 1432 0018 0B       		.uleb128 0xb
 1433 0019 0B       		.uleb128 0xb
 1434 001a 3E       		.uleb128 0x3e
 1435 001b 0B       		.uleb128 0xb
 1436 001c 03       		.uleb128 0x3
 1437 001d 08       		.uleb128 0x8
 1438 001e 00       		.byte	0x0
 1439 001f 00       		.byte	0x0
 1440 0020 03       		.uleb128 0x3
 1441 0021 24       		.uleb128 0x24
 1442 0022 00       		.byte	0x0
 1443 0023 0B       		.uleb128 0xb
 1444 0024 0B       		.uleb128 0xb
 1445 0025 3E       		.uleb128 0x3e
 1446 0026 0B       		.uleb128 0xb
 1447 0027 03       		.uleb128 0x3
 1448 0028 0E       		.uleb128 0xe
 1449 0029 00       		.byte	0x0
 1450 002a 00       		.byte	0x0
 1451 002b 04       		.uleb128 0x4
 1452 002c 16       		.uleb128 0x16
 1453 002d 00       		.byte	0x0
 1454 002e 03       		.uleb128 0x3
 1455 002f 0E       		.uleb128 0xe
 1456 0030 3A       		.uleb128 0x3a
 1457 0031 0B       		.uleb128 0xb
 1458 0032 3B       		.uleb128 0x3b
 1459 0033 0B       		.uleb128 0xb
 1460 0034 49       		.uleb128 0x49
 1461 0035 13       		.uleb128 0x13
 1462 0036 00       		.byte	0x0
 1463 0037 00       		.byte	0x0
 1464 0038 05       		.uleb128 0x5
 1465 0039 13       		.uleb128 0x13
 1466 003a 01       		.byte	0x1
ARM GAS  C:\Users\DNIEL~1\AppData\Local\Temp\ccYYZ8pn.s 			page 27


 1467 003b 03       		.uleb128 0x3
 1468 003c 0E       		.uleb128 0xe
 1469 003d 0B       		.uleb128 0xb
 1470 003e 0B       		.uleb128 0xb
 1471 003f 3A       		.uleb128 0x3a
 1472 0040 0B       		.uleb128 0xb
 1473 0041 3B       		.uleb128 0x3b
 1474 0042 0B       		.uleb128 0xb
 1475 0043 01       		.uleb128 0x1
 1476 0044 13       		.uleb128 0x13
 1477 0045 00       		.byte	0x0
 1478 0046 00       		.byte	0x0
 1479 0047 06       		.uleb128 0x6
 1480 0048 0D       		.uleb128 0xd
 1481 0049 00       		.byte	0x0
 1482 004a 03       		.uleb128 0x3
 1483 004b 0E       		.uleb128 0xe
 1484 004c 3A       		.uleb128 0x3a
 1485 004d 0B       		.uleb128 0xb
 1486 004e 3B       		.uleb128 0x3b
 1487 004f 0B       		.uleb128 0xb
 1488 0050 49       		.uleb128 0x49
 1489 0051 13       		.uleb128 0x13
 1490 0052 38       		.uleb128 0x38
 1491 0053 0A       		.uleb128 0xa
 1492 0054 00       		.byte	0x0
 1493 0055 00       		.byte	0x0
 1494 0056 07       		.uleb128 0x7
 1495 0057 0D       		.uleb128 0xd
 1496 0058 00       		.byte	0x0
 1497 0059 03       		.uleb128 0x3
 1498 005a 08       		.uleb128 0x8
 1499 005b 3A       		.uleb128 0x3a
 1500 005c 0B       		.uleb128 0xb
 1501 005d 3B       		.uleb128 0x3b
 1502 005e 0B       		.uleb128 0xb
 1503 005f 49       		.uleb128 0x49
 1504 0060 13       		.uleb128 0x13
 1505 0061 38       		.uleb128 0x38
 1506 0062 0A       		.uleb128 0xa
 1507 0063 00       		.byte	0x0
 1508 0064 00       		.byte	0x0
 1509 0065 08       		.uleb128 0x8
 1510 0066 13       		.uleb128 0x13
 1511 0067 01       		.byte	0x1
 1512 0068 0B       		.uleb128 0xb
 1513 0069 0B       		.uleb128 0xb
 1514 006a 3A       		.uleb128 0x3a
 1515 006b 0B       		.uleb128 0xb
 1516 006c 3B       		.uleb128 0x3b
 1517 006d 0B       		.uleb128 0xb
 1518 006e 01       		.uleb128 0x1
 1519 006f 13       		.uleb128 0x13
 1520 0070 00       		.byte	0x0
 1521 0071 00       		.byte	0x0
 1522 0072 09       		.uleb128 0x9
 1523 0073 0F       		.uleb128 0xf
ARM GAS  C:\Users\DNIEL~1\AppData\Local\Temp\ccYYZ8pn.s 			page 28


 1524 0074 00       		.byte	0x0
 1525 0075 0B       		.uleb128 0xb
 1526 0076 0B       		.uleb128 0xb
 1527 0077 49       		.uleb128 0x49
 1528 0078 13       		.uleb128 0x13
 1529 0079 00       		.byte	0x0
 1530 007a 00       		.byte	0x0
 1531 007b 0A       		.uleb128 0xa
 1532 007c 0F       		.uleb128 0xf
 1533 007d 00       		.byte	0x0
 1534 007e 0B       		.uleb128 0xb
 1535 007f 0B       		.uleb128 0xb
 1536 0080 00       		.byte	0x0
 1537 0081 00       		.byte	0x0
 1538 0082 0B       		.uleb128 0xb
 1539 0083 13       		.uleb128 0x13
 1540 0084 01       		.byte	0x1
 1541 0085 03       		.uleb128 0x3
 1542 0086 0E       		.uleb128 0xe
 1543 0087 0B       		.uleb128 0xb
 1544 0088 0B       		.uleb128 0xb
 1545 0089 3A       		.uleb128 0x3a
 1546 008a 0B       		.uleb128 0xb
 1547 008b 3B       		.uleb128 0x3b
 1548 008c 05       		.uleb128 0x5
 1549 008d 01       		.uleb128 0x1
 1550 008e 13       		.uleb128 0x13
 1551 008f 00       		.byte	0x0
 1552 0090 00       		.byte	0x0
 1553 0091 0C       		.uleb128 0xc
 1554 0092 0D       		.uleb128 0xd
 1555 0093 00       		.byte	0x0
 1556 0094 03       		.uleb128 0x3
 1557 0095 08       		.uleb128 0x8
 1558 0096 3A       		.uleb128 0x3a
 1559 0097 0B       		.uleb128 0xb
 1560 0098 3B       		.uleb128 0x3b
 1561 0099 05       		.uleb128 0x5
 1562 009a 49       		.uleb128 0x49
 1563 009b 13       		.uleb128 0x13
 1564 009c 38       		.uleb128 0x38
 1565 009d 0A       		.uleb128 0xa
 1566 009e 00       		.byte	0x0
 1567 009f 00       		.byte	0x0
 1568 00a0 0D       		.uleb128 0xd
 1569 00a1 15       		.uleb128 0x15
 1570 00a2 01       		.byte	0x1
 1571 00a3 27       		.uleb128 0x27
 1572 00a4 0C       		.uleb128 0xc
 1573 00a5 01       		.uleb128 0x1
 1574 00a6 13       		.uleb128 0x13
 1575 00a7 00       		.byte	0x0
 1576 00a8 00       		.byte	0x0
 1577 00a9 0E       		.uleb128 0xe
 1578 00aa 05       		.uleb128 0x5
 1579 00ab 00       		.byte	0x0
 1580 00ac 49       		.uleb128 0x49
ARM GAS  C:\Users\DNIEL~1\AppData\Local\Temp\ccYYZ8pn.s 			page 29


 1581 00ad 13       		.uleb128 0x13
 1582 00ae 00       		.byte	0x0
 1583 00af 00       		.byte	0x0
 1584 00b0 0F       		.uleb128 0xf
 1585 00b1 35       		.uleb128 0x35
 1586 00b2 00       		.byte	0x0
 1587 00b3 49       		.uleb128 0x49
 1588 00b4 13       		.uleb128 0x13
 1589 00b5 00       		.byte	0x0
 1590 00b6 00       		.byte	0x0
 1591 00b7 10       		.uleb128 0x10
 1592 00b8 17       		.uleb128 0x17
 1593 00b9 01       		.byte	0x1
 1594 00ba 0B       		.uleb128 0xb
 1595 00bb 0B       		.uleb128 0xb
 1596 00bc 3A       		.uleb128 0x3a
 1597 00bd 0B       		.uleb128 0xb
 1598 00be 3B       		.uleb128 0x3b
 1599 00bf 0B       		.uleb128 0xb
 1600 00c0 01       		.uleb128 0x1
 1601 00c1 13       		.uleb128 0x13
 1602 00c2 00       		.byte	0x0
 1603 00c3 00       		.byte	0x0
 1604 00c4 11       		.uleb128 0x11
 1605 00c5 0D       		.uleb128 0xd
 1606 00c6 00       		.byte	0x0
 1607 00c7 03       		.uleb128 0x3
 1608 00c8 0E       		.uleb128 0xe
 1609 00c9 3A       		.uleb128 0x3a
 1610 00ca 0B       		.uleb128 0xb
 1611 00cb 3B       		.uleb128 0x3b
 1612 00cc 0B       		.uleb128 0xb
 1613 00cd 49       		.uleb128 0x49
 1614 00ce 13       		.uleb128 0x13
 1615 00cf 00       		.byte	0x0
 1616 00d0 00       		.byte	0x0
 1617 00d1 12       		.uleb128 0x12
 1618 00d2 26       		.uleb128 0x26
 1619 00d3 00       		.byte	0x0
 1620 00d4 49       		.uleb128 0x49
 1621 00d5 13       		.uleb128 0x13
 1622 00d6 00       		.byte	0x0
 1623 00d7 00       		.byte	0x0
 1624 00d8 13       		.uleb128 0x13
 1625 00d9 15       		.uleb128 0x15
 1626 00da 01       		.byte	0x1
 1627 00db 27       		.uleb128 0x27
 1628 00dc 0C       		.uleb128 0xc
 1629 00dd 49       		.uleb128 0x49
 1630 00de 13       		.uleb128 0x13
 1631 00df 01       		.uleb128 0x1
 1632 00e0 13       		.uleb128 0x13
 1633 00e1 00       		.byte	0x0
 1634 00e2 00       		.byte	0x0
 1635 00e3 14       		.uleb128 0x14
 1636 00e4 01       		.uleb128 0x1
 1637 00e5 01       		.byte	0x1
ARM GAS  C:\Users\DNIEL~1\AppData\Local\Temp\ccYYZ8pn.s 			page 30


 1638 00e6 49       		.uleb128 0x49
 1639 00e7 13       		.uleb128 0x13
 1640 00e8 01       		.uleb128 0x1
 1641 00e9 13       		.uleb128 0x13
 1642 00ea 00       		.byte	0x0
 1643 00eb 00       		.byte	0x0
 1644 00ec 15       		.uleb128 0x15
 1645 00ed 21       		.uleb128 0x21
 1646 00ee 00       		.byte	0x0
 1647 00ef 49       		.uleb128 0x49
 1648 00f0 13       		.uleb128 0x13
 1649 00f1 2F       		.uleb128 0x2f
 1650 00f2 0B       		.uleb128 0xb
 1651 00f3 00       		.byte	0x0
 1652 00f4 00       		.byte	0x0
 1653 00f5 16       		.uleb128 0x16
 1654 00f6 2E       		.uleb128 0x2e
 1655 00f7 01       		.byte	0x1
 1656 00f8 3F       		.uleb128 0x3f
 1657 00f9 0C       		.uleb128 0xc
 1658 00fa 03       		.uleb128 0x3
 1659 00fb 0E       		.uleb128 0xe
 1660 00fc 3A       		.uleb128 0x3a
 1661 00fd 0B       		.uleb128 0xb
 1662 00fe 3B       		.uleb128 0x3b
 1663 00ff 0B       		.uleb128 0xb
 1664 0100 27       		.uleb128 0x27
 1665 0101 0C       		.uleb128 0xc
 1666 0102 11       		.uleb128 0x11
 1667 0103 01       		.uleb128 0x1
 1668 0104 12       		.uleb128 0x12
 1669 0105 01       		.uleb128 0x1
 1670 0106 40       		.uleb128 0x40
 1671 0107 0A       		.uleb128 0xa
 1672 0108 01       		.uleb128 0x1
 1673 0109 13       		.uleb128 0x13
 1674 010a 00       		.byte	0x0
 1675 010b 00       		.byte	0x0
 1676 010c 17       		.uleb128 0x17
 1677 010d 05       		.uleb128 0x5
 1678 010e 00       		.byte	0x0
 1679 010f 03       		.uleb128 0x3
 1680 0110 08       		.uleb128 0x8
 1681 0111 3A       		.uleb128 0x3a
 1682 0112 0B       		.uleb128 0xb
 1683 0113 3B       		.uleb128 0x3b
 1684 0114 0B       		.uleb128 0xb
 1685 0115 49       		.uleb128 0x49
 1686 0116 13       		.uleb128 0x13
 1687 0117 02       		.uleb128 0x2
 1688 0118 06       		.uleb128 0x6
 1689 0119 00       		.byte	0x0
 1690 011a 00       		.byte	0x0
 1691 011b 18       		.uleb128 0x18
 1692 011c 2E       		.uleb128 0x2e
 1693 011d 01       		.byte	0x1
 1694 011e 3F       		.uleb128 0x3f
ARM GAS  C:\Users\DNIEL~1\AppData\Local\Temp\ccYYZ8pn.s 			page 31


 1695 011f 0C       		.uleb128 0xc
 1696 0120 03       		.uleb128 0x3
 1697 0121 0E       		.uleb128 0xe
 1698 0122 3A       		.uleb128 0x3a
 1699 0123 0B       		.uleb128 0xb
 1700 0124 3B       		.uleb128 0x3b
 1701 0125 0B       		.uleb128 0xb
 1702 0126 27       		.uleb128 0x27
 1703 0127 0C       		.uleb128 0xc
 1704 0128 11       		.uleb128 0x11
 1705 0129 01       		.uleb128 0x1
 1706 012a 12       		.uleb128 0x12
 1707 012b 01       		.uleb128 0x1
 1708 012c 40       		.uleb128 0x40
 1709 012d 06       		.uleb128 0x6
 1710 012e 01       		.uleb128 0x1
 1711 012f 13       		.uleb128 0x13
 1712 0130 00       		.byte	0x0
 1713 0131 00       		.byte	0x0
 1714 0132 19       		.uleb128 0x19
 1715 0133 34       		.uleb128 0x34
 1716 0134 00       		.byte	0x0
 1717 0135 03       		.uleb128 0x3
 1718 0136 0E       		.uleb128 0xe
 1719 0137 3A       		.uleb128 0x3a
 1720 0138 0B       		.uleb128 0xb
 1721 0139 3B       		.uleb128 0x3b
 1722 013a 0B       		.uleb128 0xb
 1723 013b 49       		.uleb128 0x49
 1724 013c 13       		.uleb128 0x13
 1725 013d 02       		.uleb128 0x2
 1726 013e 0A       		.uleb128 0xa
 1727 013f 00       		.byte	0x0
 1728 0140 00       		.byte	0x0
 1729 0141 1A       		.uleb128 0x1a
 1730 0142 0B       		.uleb128 0xb
 1731 0143 01       		.byte	0x1
 1732 0144 11       		.uleb128 0x11
 1733 0145 01       		.uleb128 0x1
 1734 0146 12       		.uleb128 0x12
 1735 0147 01       		.uleb128 0x1
 1736 0148 00       		.byte	0x0
 1737 0149 00       		.byte	0x0
 1738 014a 1B       		.uleb128 0x1b
 1739 014b 34       		.uleb128 0x34
 1740 014c 00       		.byte	0x0
 1741 014d 03       		.uleb128 0x3
 1742 014e 08       		.uleb128 0x8
 1743 014f 3A       		.uleb128 0x3a
 1744 0150 0B       		.uleb128 0xb
 1745 0151 3B       		.uleb128 0x3b
 1746 0152 0B       		.uleb128 0xb
 1747 0153 49       		.uleb128 0x49
 1748 0154 13       		.uleb128 0x13
 1749 0155 02       		.uleb128 0x2
 1750 0156 06       		.uleb128 0x6
 1751 0157 00       		.byte	0x0
ARM GAS  C:\Users\DNIEL~1\AppData\Local\Temp\ccYYZ8pn.s 			page 32


 1752 0158 00       		.byte	0x0
 1753 0159 1C       		.uleb128 0x1c
 1754 015a 0B       		.uleb128 0xb
 1755 015b 01       		.byte	0x1
 1756 015c 11       		.uleb128 0x11
 1757 015d 01       		.uleb128 0x1
 1758 015e 12       		.uleb128 0x12
 1759 015f 01       		.uleb128 0x1
 1760 0160 01       		.uleb128 0x1
 1761 0161 13       		.uleb128 0x13
 1762 0162 00       		.byte	0x0
 1763 0163 00       		.byte	0x0
 1764 0164 1D       		.uleb128 0x1d
 1765 0165 34       		.uleb128 0x34
 1766 0166 00       		.byte	0x0
 1767 0167 03       		.uleb128 0x3
 1768 0168 0E       		.uleb128 0xe
 1769 0169 3A       		.uleb128 0x3a
 1770 016a 0B       		.uleb128 0xb
 1771 016b 3B       		.uleb128 0x3b
 1772 016c 0B       		.uleb128 0xb
 1773 016d 49       		.uleb128 0x49
 1774 016e 13       		.uleb128 0x13
 1775 016f 3F       		.uleb128 0x3f
 1776 0170 0C       		.uleb128 0xc
 1777 0171 3C       		.uleb128 0x3c
 1778 0172 0C       		.uleb128 0xc
 1779 0173 00       		.byte	0x0
 1780 0174 00       		.byte	0x0
 1781 0175 1E       		.uleb128 0x1e
 1782 0176 34       		.uleb128 0x34
 1783 0177 00       		.byte	0x0
 1784 0178 03       		.uleb128 0x3
 1785 0179 0E       		.uleb128 0xe
 1786 017a 3A       		.uleb128 0x3a
 1787 017b 0B       		.uleb128 0xb
 1788 017c 3B       		.uleb128 0x3b
 1789 017d 0B       		.uleb128 0xb
 1790 017e 49       		.uleb128 0x49
 1791 017f 13       		.uleb128 0x13
 1792 0180 3F       		.uleb128 0x3f
 1793 0181 0C       		.uleb128 0xc
 1794 0182 02       		.uleb128 0x2
 1795 0183 0A       		.uleb128 0xa
 1796 0184 00       		.byte	0x0
 1797 0185 00       		.byte	0x0
 1798 0186 00       		.byte	0x0
 1799              		.section	.debug_pubnames,"",%progbits
 1800 0000 58000000 		.4byte	0x58
 1801 0004 0200     		.2byte	0x2
 1802 0006 00000000 		.4byte	.Ldebug_info0
 1803 000a CD070000 		.4byte	0x7cd
 1804 000e 5F060000 		.4byte	0x65f
 1805 0012 5F69646C 		.ascii	"_idle_thread\000"
 1805      655F7468 
 1805      72656164 
 1805      00
ARM GAS  C:\Users\DNIEL~1\AppData\Local\Temp\ccYYZ8pn.s 			page 33


 1806 001f 85060000 		.4byte	0x685
 1807 0023 63685379 		.ascii	"chSysInit\000"
 1807      73496E69 
 1807      7400
 1808 002d C9060000 		.4byte	0x6c9
 1809 0031 63685379 		.ascii	"chSysTimerHandlerI\000"
 1809      7354696D 
 1809      65724861 
 1809      6E646C65 
 1809      724900
 1810 0044 BA070000 		.4byte	0x7ba
 1811 0048 5F69646C 		.ascii	"_idle_thread_wa\000"
 1811      655F7468 
 1811      72656164 
 1811      5F776100 
 1812 0058 00000000 		.4byte	0x0
 1813              		.section	.debug_pubtypes,"",%progbits
 1814 0000 94010000 		.4byte	0x194
 1815 0004 0200     		.2byte	0x2
 1816 0006 00000000 		.4byte	.Ldebug_info0
 1817 000a CD070000 		.4byte	0x7cd
 1818 000e 3E000000 		.4byte	0x3e
 1819 0012 75696E74 		.ascii	"uint8_t\000"
 1819      385F7400 
 1820 001a 57000000 		.4byte	0x57
 1821 001e 75696E74 		.ascii	"uint16_t\000"
 1821      31365F74 
 1821      00
 1822 0027 69000000 		.4byte	0x69
 1823 002b 696E7433 		.ascii	"int32_t\000"
 1823      325F7400 
 1824 0033 7B000000 		.4byte	0x7b
 1825 0037 75696E74 		.ascii	"uint32_t\000"
 1825      33325F74 
 1825      00
 1826 0040 94000000 		.4byte	0x94
 1827 0044 75696E74 		.ascii	"uint64_t\000"
 1827      36345F74 
 1827      00
 1828 004d A6000000 		.4byte	0xa6
 1829 0051 746D6F64 		.ascii	"tmode_t\000"
 1829      655F7400 
 1830 0059 B1000000 		.4byte	0xb1
 1831 005d 74737461 		.ascii	"tstate_t\000"
 1831      74655F74 
 1831      00
 1832 0066 BC000000 		.4byte	0xbc
 1833 006a 74726566 		.ascii	"trefs_t\000"
 1833      735F7400 
 1834 0072 C7000000 		.4byte	0xc7
 1835 0076 74736C69 		.ascii	"tslices_t\000"
 1835      6365735F 
 1835      7400
 1836 0080 D2000000 		.4byte	0xd2
 1837 0084 74707269 		.ascii	"tprio_t\000"
 1837      6F5F7400 
 1838 008c DD000000 		.4byte	0xdd
ARM GAS  C:\Users\DNIEL~1\AppData\Local\Temp\ccYYZ8pn.s 			page 34


 1839 0090 6D73675F 		.ascii	"msg_t\000"
 1839      7400
 1840 0096 E8000000 		.4byte	0xe8
 1841 009a 6576656E 		.ascii	"eventmask_t\000"
 1841      746D6173 
 1841      6B5F7400 
 1842 00a6 F3000000 		.4byte	0xf3
 1843 00aa 73797374 		.ascii	"systime_t\000"
 1843      696D655F 
 1843      7400
 1844 00b4 FE000000 		.4byte	0xfe
 1845 00b8 54687265 		.ascii	"Thread\000"
 1845      616400
 1846 00bf 59020000 		.4byte	0x259
 1847 00c3 54687265 		.ascii	"ThreadsQueue\000"
 1847      61647351 
 1847      75657565 
 1847      00
 1848 00d0 7B020000 		.4byte	0x27b
 1849 00d4 54687265 		.ascii	"ThreadsList\000"
 1849      6164734C 
 1849      69737400 
 1850 00e0 86020000 		.4byte	0x286
 1851 00e4 72656761 		.ascii	"regarm_t\000"
 1851      726D5F74 
 1851      00
 1852 00ed 93020000 		.4byte	0x293
 1853 00f1 73746B61 		.ascii	"stkalign_t\000"
 1853      6C69676E 
 1853      5F7400
 1854 00fc 9E020000 		.4byte	0x29e
 1855 0100 696E7463 		.ascii	"intctx\000"
 1855      747800
 1856 0107 2C030000 		.4byte	0x32c
 1857 010b 636F6E74 		.ascii	"context\000"
 1857      65787400 
 1858 0113 4F030000 		.4byte	0x34f
 1859 0117 76746675 		.ascii	"vtfunc_t\000"
 1859      6E635F74 
 1859      00
 1860 0120 6C030000 		.4byte	0x36c
 1861 0124 56697274 		.ascii	"VirtualTimer\000"
 1861      75616C54 
 1861      696D6572 
 1861      00
 1862 0131 77030000 		.4byte	0x377
 1863 0135 56697274 		.ascii	"VirtualTimer\000"
 1863      75616C54 
 1863      696D6572 
 1863      00
 1864 0142 16040000 		.4byte	0x416
 1865 0146 56544C69 		.ascii	"VTList\000"
 1865      737400
 1866 014d 7E040000 		.4byte	0x47e
 1867 0151 52656164 		.ascii	"ReadyList\000"
 1867      794C6973 
 1867      7400
ARM GAS  C:\Users\DNIEL~1\AppData\Local\Temp\ccYYZ8pn.s 			page 35


 1868 015b 89040000 		.4byte	0x489
 1869 015f 4D757465 		.ascii	"Mutex\000"
 1869      7800
 1870 0165 C6040000 		.4byte	0x4c6
 1871 0169 4D757465 		.ascii	"Mutex\000"
 1871      7800
 1872 016f 09010000 		.4byte	0x109
 1873 0173 54687265 		.ascii	"Thread\000"
 1873      616400
 1874 017a 1E050000 		.4byte	0x51e
 1875 017e 7466756E 		.ascii	"tfunc_t\000"
 1875      635F7400 
 1876 0186 54060000 		.4byte	0x654
 1877 018a 63686465 		.ascii	"chdebug_t\000"
 1877      6275675F 
 1877      7400
 1878 0194 00000000 		.4byte	0x0
 1879              		.section	.debug_aranges,"",%progbits
 1880 0000 2C000000 		.4byte	0x2c
 1881 0004 0200     		.2byte	0x2
 1882 0006 00000000 		.4byte	.Ldebug_info0
 1883 000a 04       		.byte	0x4
 1884 000b 00       		.byte	0x0
 1885 000c 0000     		.2byte	0x0
 1886 000e 0000     		.2byte	0x0
 1887 0010 00000000 		.4byte	.LFB7
 1888 0014 14000000 		.4byte	.LFE7-.LFB7
 1889 0018 00000000 		.4byte	.LFB8
 1890 001c 5C000000 		.4byte	.LFE8-.LFB8
 1891 0020 00000000 		.4byte	.LFB9
 1892 0024 58000000 		.4byte	.LFE9-.LFB9
 1893 0028 00000000 		.4byte	0x0
 1894 002c 00000000 		.4byte	0x0
 1895              		.section	.debug_ranges,"",%progbits
 1896              	.Ldebug_ranges0:
 1897 0000 00000000 		.4byte	.LFB7
 1898 0004 14000000 		.4byte	.LFE7
 1899 0008 00000000 		.4byte	.LFB8
 1900 000c 5C000000 		.4byte	.LFE8
 1901 0010 00000000 		.4byte	.LFB9
 1902 0014 58000000 		.4byte	.LFE9
 1903 0018 00000000 		.4byte	0x0
 1904 001c 00000000 		.4byte	0x0
 1905              		.section	.debug_str,"MS",%progbits,1
 1906              	.LASF73:
 1907 0000 7466756E 		.ascii	"tfunc_t\000"
 1907      635F7400 
 1908              	.LASF84:
 1909 0008 63665F6F 		.ascii	"cf_off_older\000"
 1909      66665F6F 
 1909      6C646572 
 1909      00
 1910              	.LASF37:
 1911 0015 705F6D73 		.ascii	"p_msg\000"
 1911      6700
 1912              	.LASF68:
 1913 001b 7264796D 		.ascii	"rdymsg\000"
ARM GAS  C:\Users\DNIEL~1\AppData\Local\Temp\ccYYZ8pn.s 			page 36


 1913      736700
 1914              	.LASF12:
 1915 0022 75696E74 		.ascii	"uint64_t\000"
 1915      36345F74 
 1915      00
 1916              	.LASF97:
 1917 002b 76746C69 		.ascii	"vtlist\000"
 1917      737400
 1918              	.LASF96:
 1919 0032 63685379 		.ascii	"chSysTimerHandlerI\000"
 1919      7354696D 
 1919      65724861 
 1919      6E646C65 
 1919      724900
 1920              	.LASF13:
 1921 0045 6C6F6E67 		.ascii	"long long unsigned int\000"
 1921      206C6F6E 
 1921      6720756E 
 1921      7369676E 
 1921      65642069 
 1922              	.LASF80:
 1923 005c 63685F74 		.ascii	"ch_threadsize\000"
 1923      68726561 
 1923      6473697A 
 1923      6500
 1924              	.LASF69:
 1925 006a 65786974 		.ascii	"exitcode\000"
 1925      636F6465 
 1925      00
 1926              	.LASF95:
 1927 0073 6D61696E 		.ascii	"mainthread\000"
 1927      74687265 
 1927      616400
 1928              	.LASF25:
 1929 007e 705F7072 		.ascii	"p_prio\000"
 1929      696F00
 1930              	.LASF87:
 1931 0085 63665F6F 		.ascii	"cf_off_state\000"
 1931      66665F73 
 1931      74617465 
 1931      00
 1932              	.LASF11:
 1933 0092 6C6F6E67 		.ascii	"long long int\000"
 1933      206C6F6E 
 1933      6720696E 
 1933      7400
 1934              	.LASF1:
 1935 00a0 7369676E 		.ascii	"signed char\000"
 1935      65642063 
 1935      68617200 
 1936              	.LASF86:
 1937 00ac 63665F6F 		.ascii	"cf_off_stklimit\000"
 1937      66665F73 
 1937      746B6C69 
 1937      6D697400 
 1938              	.LASF88:
 1939 00bc 63665F6F 		.ascii	"cf_off_flags\000"
ARM GAS  C:\Users\DNIEL~1\AppData\Local\Temp\ccYYZ8pn.s 			page 37


 1939      66665F66 
 1939      6C616773 
 1939      00
 1940              	.LASF41:
 1941 00c9 705F6D70 		.ascii	"p_mpool\000"
 1941      6F6F6C00 
 1942              	.LASF65:
 1943 00d1 6D5F7175 		.ascii	"m_queue\000"
 1943      65756500 
 1944              	.LASF17:
 1945 00d9 74736C69 		.ascii	"tslices_t\000"
 1945      6365735F 
 1945      7400
 1946              	.LASF8:
 1947 00e3 6C6F6E67 		.ascii	"long int\000"
 1947      20696E74 
 1947      00
 1948              	.LASF15:
 1949 00ec 74737461 		.ascii	"tstate_t\000"
 1949      74655F74 
 1949      00
 1950              	.LASF5:
 1951 00f5 75696E74 		.ascii	"uint16_t\000"
 1951      31365F74 
 1951      00
 1952              	.LASF92:
 1953 00fe 63686465 		.ascii	"chdebug_t\000"
 1953      6275675F 
 1953      7400
 1954              	.LASF27:
 1955 0108 705F6E65 		.ascii	"p_newer\000"
 1955      77657200 
 1956              	.LASF100:
 1957 0110 5F69646C 		.ascii	"_idle_thread_wa\000"
 1957      655F7468 
 1957      72656164 
 1957      5F776100 
 1958              	.LASF60:
 1959 0120 725F6E65 		.ascii	"r_newer\000"
 1959      77657200 
 1960              	.LASF44:
 1961 0128 72656761 		.ascii	"regarm_t\000"
 1961      726D5F74 
 1961      00
 1962              	.LASF51:
 1963 0131 76745F70 		.ascii	"vt_prev\000"
 1963      72657600 
 1964              	.LASF94:
 1965 0139 63685379 		.ascii	"chSysInit\000"
 1965      73496E69 
 1965      7400
 1966              	.LASF103:
 1967 0143 433A5C55 		.ascii	"C:\\Users\\D\341niel\\Dropbox\\Solar Racing\\Szoftv"
 1967      73657273 
 1967      5C44E16E 
 1967      69656C5C 
 1967      44726F70 
ARM GAS  C:\Users\DNIEL~1\AppData\Local\Temp\ccYYZ8pn.s 			page 38


 1968 016e 65725C53 		.ascii	"er\\Smarty\\Smarty_v6\\smarty\\firmware\000"
 1968      6D617274 
 1968      795C536D 
 1968      61727479 
 1968      5F76365C 
 1969              	.LASF0:
 1970 0192 756E7369 		.ascii	"unsigned int\000"
 1970      676E6564 
 1970      20696E74 
 1970      00
 1971              	.LASF50:
 1972 019f 76745F6E 		.ascii	"vt_next\000"
 1972      65787400 
 1973              	.LASF10:
 1974 01a7 6C6F6E67 		.ascii	"long unsigned int\000"
 1974      20756E73 
 1974      69676E65 
 1974      6420696E 
 1974      7400
 1975              	.LASF99:
 1976 01b9 63685F64 		.ascii	"ch_debug\000"
 1976      65627567 
 1976      00
 1977              	.LASF74:
 1978 01c2 63685F69 		.ascii	"ch_identifier\000"
 1978      64656E74 
 1978      69666965 
 1978      7200
 1979              	.LASF47:
 1980 01d0 636F6E74 		.ascii	"context\000"
 1980      65787400 
 1981              	.LASF102:
 1982 01d8 2E2E2F2E 		.ascii	"../../../ChibiOS/os/kernel/src/chsys.c\000"
 1982      2E2F2E2E 
 1982      2F436869 
 1982      62694F53 
 1982      2F6F732F 
 1983              	.LASF6:
 1984 01ff 73686F72 		.ascii	"short unsigned int\000"
 1984      7420756E 
 1984      7369676E 
 1984      65642069 
 1984      6E7400
 1985              	.LASF19:
 1986 0212 6D73675F 		.ascii	"msg_t\000"
 1986      7400
 1987              	.LASF14:
 1988 0218 746D6F64 		.ascii	"tmode_t\000"
 1988      655F7400 
 1989              	.LASF43:
 1990 0220 54687265 		.ascii	"ThreadsList\000"
 1990      6164734C 
 1990      69737400 
 1991              	.LASF20:
 1992 022c 6576656E 		.ascii	"eventmask_t\000"
 1992      746D6173 
 1992      6B5F7400 
ARM GAS  C:\Users\DNIEL~1\AppData\Local\Temp\ccYYZ8pn.s 			page 39


 1993              	.LASF64:
 1994 0238 4D757465 		.ascii	"Mutex\000"
 1994      7800
 1995              	.LASF45:
 1996 023e 73746B61 		.ascii	"stkalign_t\000"
 1996      6C69676E 
 1996      5F7400
 1997              	.LASF75:
 1998 0249 63685F7A 		.ascii	"ch_zero\000"
 1998      65726F00 
 1999              	.LASF89:
 2000 0251 63665F6F 		.ascii	"cf_off_refs\000"
 2000      66665F72 
 2000      65667300 
 2001              	.LASF52:
 2002 025d 76745F74 		.ascii	"vt_time\000"
 2002      696D6500 
 2003              	.LASF53:
 2004 0265 76745F66 		.ascii	"vt_func\000"
 2004      756E6300 
 2005              	.LASF79:
 2006 026d 63685F74 		.ascii	"ch_timesize\000"
 2006      696D6573 
 2006      697A6500 
 2007              	.LASF85:
 2008 0279 63665F6F 		.ascii	"cf_off_name\000"
 2008      66665F6E 
 2008      616D6500 
 2009              	.LASF28:
 2010 0285 705F6F6C 		.ascii	"p_older\000"
 2010      64657200 
 2011              	.LASF59:
 2012 028d 725F6374 		.ascii	"r_ctx\000"
 2012      7800
 2013              	.LASF42:
 2014 0293 54687265 		.ascii	"ThreadsQueue\000"
 2014      61647351 
 2014      75657565 
 2014      00
 2015              	.LASF76:
 2016 02a0 63685F73 		.ascii	"ch_size\000"
 2016      697A6500 
 2017              	.LASF62:
 2018 02a8 725F6375 		.ascii	"r_current\000"
 2018      7272656E 
 2018      7400
 2019              	.LASF61:
 2020 02b2 725F6F6C 		.ascii	"r_older\000"
 2020      64657200 
 2021              	.LASF93:
 2022 02ba 5F69646C 		.ascii	"_idle_thread\000"
 2022      655F7468 
 2022      72656164 
 2022      00
 2023              	.LASF16:
 2024 02c7 74726566 		.ascii	"trefs_t\000"
 2024      735F7400 
ARM GAS  C:\Users\DNIEL~1\AppData\Local\Temp\ccYYZ8pn.s 			page 40


 2025              	.LASF78:
 2026 02cf 63685F70 		.ascii	"ch_ptrsize\000"
 2026      74727369 
 2026      7A6500
 2027              	.LASF24:
 2028 02da 705F7072 		.ascii	"p_prev\000"
 2028      657600
 2029              	.LASF18:
 2030 02e1 74707269 		.ascii	"tprio_t\000"
 2030      6F5F7400 
 2031              	.LASF7:
 2032 02e9 696E7433 		.ascii	"int32_t\000"
 2032      325F7400 
 2033              	.LASF2:
 2034 02f1 756E7369 		.ascii	"unsigned char\000"
 2034      676E6564 
 2034      20636861 
 2034      7200
 2035              	.LASF39:
 2036 02ff 705F6D74 		.ascii	"p_mtxlist\000"
 2036      786C6973 
 2036      7400
 2037              	.LASF3:
 2038 0309 73686F72 		.ascii	"short int\000"
 2038      7420696E 
 2038      7400
 2039              	.LASF30:
 2040 0313 705F7374 		.ascii	"p_state\000"
 2040      61746500 
 2041              	.LASF33:
 2042 031b 705F7072 		.ascii	"p_preempt\000"
 2042      65656D70 
 2042      7400
 2043              	.LASF91:
 2044 0325 63665F6F 		.ascii	"cf_off_time\000"
 2044      66665F74 
 2044      696D6500 
 2045              	.LASF58:
 2046 0331 725F7072 		.ascii	"r_prio\000"
 2046      696F00
 2047              	.LASF71:
 2048 0338 65776D61 		.ascii	"ewmask\000"
 2048      736B00
 2049              	.LASF23:
 2050 033f 705F6E65 		.ascii	"p_next\000"
 2050      787400
 2051              	.LASF90:
 2052 0346 63665F6F 		.ascii	"cf_off_preempt\000"
 2052      66665F70 
 2052      7265656D 
 2052      707400
 2053              	.LASF31:
 2054 0355 705F666C 		.ascii	"p_flags\000"
 2054      61677300 
 2055              	.LASF22:
 2056 035d 54687265 		.ascii	"Thread\000"
 2056      616400
ARM GAS  C:\Users\DNIEL~1\AppData\Local\Temp\ccYYZ8pn.s 			page 41


 2057              	.LASF83:
 2058 0364 63665F6F 		.ascii	"cf_off_newer\000"
 2058      66665F6E 
 2058      65776572 
 2058      00
 2059              	.LASF38:
 2060 0371 705F6570 		.ascii	"p_epending\000"
 2060      656E6469 
 2060      6E6700
 2061              	.LASF9:
 2062 037c 75696E74 		.ascii	"uint32_t\000"
 2062      33325F74 
 2062      00
 2063              	.LASF81:
 2064 0385 63665F6F 		.ascii	"cf_off_prio\000"
 2064      66665F70 
 2064      72696F00 
 2065              	.LASF57:
 2066 0391 725F7175 		.ascii	"r_queue\000"
 2066      65756500 
 2067              	.LASF49:
 2068 0399 56697274 		.ascii	"VirtualTimer\000"
 2068      75616C54 
 2068      696D6572 
 2068      00
 2069              	.LASF72:
 2070 03a6 63686172 		.ascii	"char\000"
 2070      00
 2071              	.LASF67:
 2072 03ab 6D5F6E65 		.ascii	"m_next\000"
 2072      787400
 2073              	.LASF21:
 2074 03b2 73797374 		.ascii	"systime_t\000"
 2074      696D655F 
 2074      7400
 2075              	.LASF40:
 2076 03bc 705F7265 		.ascii	"p_realprio\000"
 2076      616C7072 
 2076      696F00
 2077              	.LASF48:
 2078 03c7 76746675 		.ascii	"vtfunc_t\000"
 2078      6E635F74 
 2078      00
 2079              	.LASF34:
 2080 03d0 705F7469 		.ascii	"p_time\000"
 2080      6D6500
 2081              	.LASF46:
 2082 03d7 696E7463 		.ascii	"intctx\000"
 2082      747800
 2083              	.LASF36:
 2084 03de 705F6D73 		.ascii	"p_msgqueue\000"
 2084      67717565 
 2084      756500
 2085              	.LASF54:
 2086 03e9 76745F70 		.ascii	"vt_par\000"
 2086      617200
 2087              	.LASF82:
ARM GAS  C:\Users\DNIEL~1\AppData\Local\Temp\ccYYZ8pn.s 			page 42


 2088 03f0 63665F6F 		.ascii	"cf_off_ctx\000"
 2088      66665F63 
 2088      747800
 2089              	.LASF32:
 2090 03fb 705F7265 		.ascii	"p_refs\000"
 2090      667300
 2091              	.LASF63:
 2092 0402 52656164 		.ascii	"ReadyList\000"
 2092      794C6973 
 2092      7400
 2093              	.LASF98:
 2094 040c 726C6973 		.ascii	"rlist\000"
 2094      7400
 2095              	.LASF4:
 2096 0412 75696E74 		.ascii	"uint8_t\000"
 2096      385F7400 
 2097              	.LASF70:
 2098 041a 77746F62 		.ascii	"wtobjp\000"
 2098      6A7000
 2099              	.LASF101:
 2100 0421 474E5520 		.ascii	"GNU C 4.5.2\000"
 2100      4320342E 
 2100      352E3200 
 2101              	.LASF29:
 2102 042d 705F6E61 		.ascii	"p_name\000"
 2102      6D6500
 2103              	.LASF55:
 2104 0434 76745F73 		.ascii	"vt_systime\000"
 2104      79737469 
 2104      6D6500
 2105              	.LASF77:
 2106 043f 63685F76 		.ascii	"ch_version\000"
 2106      65727369 
 2106      6F6E00
 2107              	.LASF56:
 2108 044a 56544C69 		.ascii	"VTList\000"
 2108      737400
 2109              	.LASF66:
 2110 0451 6D5F6F77 		.ascii	"m_owner\000"
 2110      6E657200 
 2111              	.LASF26:
 2112 0459 705F6374 		.ascii	"p_ctx\000"
 2112      7800
 2113              	.LASF35:
 2114 045f 705F7761 		.ascii	"p_waiting\000"
 2114      6974696E 
 2114      6700
 2115              		.ident	"GCC: (Sourcery G++ Lite 2011.03-42) 4.5.2"
ARM GAS  C:\Users\DNIEL~1\AppData\Local\Temp\ccYYZ8pn.s 			page 43


DEFINED SYMBOLS
                            *ABS*:00000000 chsys.c
C:\Users\DNIEL~1\AppData\Local\Temp\ccYYZ8pn.s:24     .text._idle_thread:00000000 $t
C:\Users\DNIEL~1\AppData\Local\Temp\ccYYZ8pn.s:30     .text._idle_thread:00000000 _idle_thread
C:\Users\DNIEL~1\AppData\Local\Temp\ccYYZ8pn.s:50     .text._idle_thread:0000000c $d
C:\Users\DNIEL~1\AppData\Local\Temp\ccYYZ8pn.s:56     .text.chSysInit:00000000 $t
C:\Users\DNIEL~1\AppData\Local\Temp\ccYYZ8pn.s:62     .text.chSysInit:00000000 chSysInit
C:\Users\DNIEL~1\AppData\Local\Temp\ccYYZ8pn.s:129    .text.chSysInit:00000048 $d
C:\Users\DNIEL~1\AppData\Local\Temp\ccYYZ8pn.s:138    .text.chSysTimerHandlerI:00000000 $t
C:\Users\DNIEL~1\AppData\Local\Temp\ccYYZ8pn.s:144    .text.chSysTimerHandlerI:00000000 chSysTimerHandlerI
C:\Users\DNIEL~1\AppData\Local\Temp\ccYYZ8pn.s:232    .text.chSysTimerHandlerI:00000050 $d
C:\Users\DNIEL~1\AppData\Local\Temp\ccYYZ8pn.s:255    .bss._idle_thread_wa:00000000 _idle_thread_wa
C:\Users\DNIEL~1\AppData\Local\Temp\ccYYZ8pn.s:240    .bss.mainthread.4644:00000000 $d
C:\Users\DNIEL~1\AppData\Local\Temp\ccYYZ8pn.s:244    .bss.mainthread.4644:00000000 mainthread.4644
C:\Users\DNIEL~1\AppData\Local\Temp\ccYYZ8pn.s:247    .rodata.str1.4:00000000 $d
C:\Users\DNIEL~1\AppData\Local\Temp\ccYYZ8pn.s:251    .bss._idle_thread_wa:00000000 $d
                     .debug_frame:00000010 $d
C:\Users\DNIEL~1\AppData\Local\Temp\ccYYZ8pn.s:55     .text._idle_thread:00000014 $t
C:\Users\DNIEL~1\AppData\Local\Temp\ccYYZ8pn.s:137    .text.chSysInit:0000005c $t
C:\Users\DNIEL~1\AppData\Local\Temp\ccYYZ8pn.s:239    .text.chSysTimerHandlerI:00000058 $t

UNDEFINED SYMBOLS
rlist
_port_init
_scheduler_init
_vt_init
_core_init
_heap_init
_thread_init
chThdCreateStatic
ch_debug
vtlist
