ARM GAS  C:\Users\DNIEL~1\AppData\Local\Temp\cc7RJ9Ik.s 			page 1


   1              		.syntax unified
   2              		.cpu cortex-m4
   3              		.fpu softvfp
   4              		.eabi_attribute 20, 1
   5              		.eabi_attribute 21, 1
   6              		.eabi_attribute 23, 3
   7              		.eabi_attribute 24, 1
   8              		.eabi_attribute 25, 1
   9              		.eabi_attribute 26, 1
  10              		.eabi_attribute 30, 2
  11              		.eabi_attribute 34, 1
  12              		.eabi_attribute 18, 4
  13              		.thumb
  14              		.file	"chvt.c"
  15              		.text
  16              	.Ltext0:
  17              		.cfi_sections	.debug_frame
  18              		.section	.text._vt_init,"ax",%progbits
  19              		.align	2
  20              		.p2align 4,,15
  21              		.global	_vt_init
  22              		.thumb
  23              		.thumb_func
  24              		.type	_vt_init, %function
  25              	_vt_init:
  26              	.LFB7:
  27              		.file 1 "../../../ChibiOS/os/kernel/src/chvt.c"
  28              		.loc 1 50 0
  29              		.cfi_startproc
  30              		@ args = 0, pretend = 0, frame = 0
  31              		@ frame_needed = 0, uses_anonymous_args = 0
  32              		@ link register save eliminated.
  33              		.loc 1 52 0
  34 0000 40F20003 		movw	r3, #:lower16:.LANCHOR0
  35 0004 C0F20003 		movt	r3, #:upper16:.LANCHOR0
  36              		.loc 1 53 0
  37 0008 4FF0FF32 		mov	r2, #-1
  38              		.loc 1 54 0
  39 000c 0020     		movs	r0, #0
  40              		.loc 1 52 0
  41 000e 5B60     		str	r3, [r3, #4]
  42 0010 1B60     		str	r3, [r3, #0]
  43              		.loc 1 53 0
  44 0012 9A60     		str	r2, [r3, #8]
  45              		.loc 1 54 0
  46 0014 D860     		str	r0, [r3, #12]
  47 0016 7047     		bx	lr
  48              		.cfi_endproc
  49              	.LFE7:
  50              		.size	_vt_init, .-_vt_init
  51 0018 AFF30080 		.section	.text.chVTSetI,"ax",%progbits
  51      AFF30080 
  52              		.align	2
  53              		.p2align 4,,15
  54              		.global	chVTSetI
  55              		.thumb
  56              		.thumb_func
ARM GAS  C:\Users\DNIEL~1\AppData\Local\Temp\cc7RJ9Ik.s 			page 2


  57              		.type	chVTSetI, %function
  58              	chVTSetI:
  59              	.LFB8:
  60              		.loc 1 76 0
  61              		.cfi_startproc
  62              		@ args = 0, pretend = 0, frame = 0
  63              		@ frame_needed = 0, uses_anonymous_args = 0
  64              		@ link register save eliminated.
  65              	.LVL0:
  66 0000 70B4     		push	{r4, r5, r6}
  67              	.LCFI0:
  68              		.cfi_def_cfa_offset 12
  69              		.cfi_offset 4, -12
  70              		.cfi_offset 5, -8
  71              		.cfi_offset 6, -4
  72              		.loc 1 85 0
  73 0002 0C4E     		ldr	r6, .L9
  74              		.loc 1 83 0
  75 0004 0361     		str	r3, [r0, #16]
  76              		.loc 1 85 0
  77 0006 3468     		ldr	r4, [r6, #0]
  78              	.LVL1:
  79              		.loc 1 84 0
  80 0008 C260     		str	r2, [r0, #12]
  81              		.loc 1 86 0
  82 000a A568     		ldr	r5, [r4, #8]
  83 000c A942     		cmp	r1, r5
  84 000e 04D9     		bls	.L3
  85              	.L6:
  86              		.loc 1 88 0
  87 0010 2468     		ldr	r4, [r4, #0]
  88              	.LVL2:
  89              		.loc 1 87 0
  90 0012 491B     		subs	r1, r1, r5
  91              	.LVL3:
  92              		.loc 1 86 0
  93 0014 A568     		ldr	r5, [r4, #8]
  94 0016 8D42     		cmp	r5, r1
  95 0018 FAD3     		bcc	.L6
  96              	.L3:
  97              		.loc 1 91 0
  98 001a 6368     		ldr	r3, [r4, #4]
  99              	.LVL4:
 100 001c 0460     		str	r4, [r0, #0]
 101              		.loc 1 94 0
 102 001e B442     		cmp	r4, r6
 103              		.loc 1 91 0
 104 0020 4360     		str	r3, [r0, #4]
 105              		.loc 1 92 0
 106 0022 1860     		str	r0, [r3, #0]
 107 0024 6060     		str	r0, [r4, #4]
 108              		.loc 1 93 0
 109 0026 8160     		str	r1, [r0, #8]
 110              		.loc 1 94 0
 111 0028 02D0     		beq	.L2
 112              		.loc 1 95 0
 113 002a A068     		ldr	r0, [r4, #8]
ARM GAS  C:\Users\DNIEL~1\AppData\Local\Temp\cc7RJ9Ik.s 			page 3


 114              	.LVL5:
 115 002c 411A     		subs	r1, r0, r1
 116              	.LVL6:
 117 002e A160     		str	r1, [r4, #8]
 118              	.L2:
 119              		.loc 1 96 0
 120 0030 70BC     		pop	{r4, r5, r6}
 121 0032 7047     		bx	lr
 122              	.L10:
 123              		.align	2
 124              	.L9:
 125 0034 00000000 		.word	.LANCHOR0
 126              		.cfi_endproc
 127              	.LFE8:
 128              		.size	chVTSetI, .-chVTSetI
 129 0038 AFF30080 		.section	.text.chVTResetI,"ax",%progbits
 129      AFF30080 
 130              		.align	2
 131              		.p2align 4,,15
 132              		.global	chVTResetI
 133              		.thumb
 134              		.thumb_func
 135              		.type	chVTResetI, %function
 136              	chVTResetI:
 137              	.LFB9:
 138              		.loc 1 106 0
 139              		.cfi_startproc
 140              		@ args = 0, pretend = 0, frame = 0
 141              		@ frame_needed = 0, uses_anonymous_args = 0
 142              		@ link register save eliminated.
 143              	.LVL7:
 144              		.loc 1 114 0
 145 0000 0368     		ldr	r3, [r0, #0]
 146 0002 074A     		ldr	r2, .L13
 147 0004 9342     		cmp	r3, r2
 148 0006 03D0     		beq	.L12
 149              		.loc 1 115 0
 150 0008 9968     		ldr	r1, [r3, #8]
 151 000a 8268     		ldr	r2, [r0, #8]
 152 000c 8918     		adds	r1, r1, r2
 153 000e 9960     		str	r1, [r3, #8]
 154              	.L12:
 155              		.loc 1 116 0
 156 0010 4268     		ldr	r2, [r0, #4]
 157 0012 1360     		str	r3, [r2, #0]
 158              		.loc 1 117 0
 159 0014 0368     		ldr	r3, [r0, #0]
 160              		.loc 1 118 0
 161 0016 0021     		movs	r1, #0
 162              		.loc 1 117 0
 163 0018 5A60     		str	r2, [r3, #4]
 164              		.loc 1 118 0
 165 001a C160     		str	r1, [r0, #12]
 166 001c 7047     		bx	lr
 167              	.L14:
 168 001e 00BF     		.align	2
 169              	.L13:
ARM GAS  C:\Users\DNIEL~1\AppData\Local\Temp\cc7RJ9Ik.s 			page 4


 170 0020 00000000 		.word	.LANCHOR0
 171              		.cfi_endproc
 172              	.LFE9:
 173              		.size	chVTResetI, .-chVTResetI
 174              		.global	vtlist
 175 0024 AFF30080 		.section	.bss.vtlist,"aw",%nobits
 175      AFF30080 
 175      AFF30080 
 176              		.align	2
 177              		.set	.LANCHOR0,. + 0
 178              		.type	vtlist, %object
 179              		.size	vtlist, 16
 180              	vtlist:
 181 0000 00000000 		.space	16
 181      00000000 
 181      00000000 
 181      00000000 
 182              		.text
 183              	.Letext0:
 184              		.file 2 "c:\\chibistudio\\tools\\gnu tools arm embedded\\4.7 2014q2\\bin\\../lib/gcc/arm-none-eabi
 185              		.file 3 "../../../ChibiOS/os/ports/GCC/ARMCMx/chtypes.h"
 186              		.file 4 "../../../ChibiOS/os/kernel/include/chvt.h"
 187              		.section	.debug_info,"",%progbits
 188              	.Ldebug_info0:
 189 0000 1B020000 		.4byte	0x21b
 190 0004 0200     		.2byte	0x2
 191 0006 00000000 		.4byte	.Ldebug_abbrev0
 192 000a 04       		.byte	0x4
 193 000b 01       		.uleb128 0x1
 194 000c 74000000 		.4byte	.LASF27
 195 0010 01       		.byte	0x1
 196 0011 13000000 		.4byte	.LASF28
 197 0015 C6000000 		.4byte	.LASF29
 198 0019 00000000 		.4byte	.Ldebug_ranges0+0
 199 001d 00000000 		.4byte	0
 200 0021 00000000 		.4byte	0
 201 0025 00000000 		.4byte	.Ldebug_line0
 202 0029 02       		.uleb128 0x2
 203 002a 04       		.byte	0x4
 204 002b 05       		.byte	0x5
 205 002c 696E7400 		.ascii	"int\000"
 206 0030 03       		.uleb128 0x3
 207 0031 04       		.byte	0x4
 208 0032 07       		.byte	0x7
 209 0033 FF000000 		.4byte	.LASF0
 210 0037 03       		.uleb128 0x3
 211 0038 01       		.byte	0x1
 212 0039 06       		.byte	0x6
 213 003a 98010000 		.4byte	.LASF1
 214 003e 03       		.uleb128 0x3
 215 003f 01       		.byte	0x1
 216 0040 08       		.byte	0x8
 217 0041 F1000000 		.4byte	.LASF2
 218 0045 03       		.uleb128 0x3
 219 0046 02       		.byte	0x2
 220 0047 05       		.byte	0x5
 221 0048 74010000 		.4byte	.LASF3
ARM GAS  C:\Users\DNIEL~1\AppData\Local\Temp\cc7RJ9Ik.s 			page 5


 222 004c 03       		.uleb128 0x3
 223 004d 02       		.byte	0x2
 224 004e 07       		.byte	0x7
 225 004f 54000000 		.4byte	.LASF4
 226 0053 03       		.uleb128 0x3
 227 0054 04       		.byte	0x4
 228 0055 05       		.byte	0x5
 229 0056 8F010000 		.4byte	.LASF5
 230 005a 04       		.uleb128 0x4
 231 005b 86010000 		.4byte	.LASF10
 232 005f 02       		.byte	0x2
 233 0060 50       		.byte	0x50
 234 0061 65000000 		.4byte	0x65
 235 0065 03       		.uleb128 0x3
 236 0066 04       		.byte	0x4
 237 0067 07       		.byte	0x7
 238 0068 42000000 		.4byte	.LASF6
 239 006c 03       		.uleb128 0x3
 240 006d 08       		.byte	0x8
 241 006e 05       		.byte	0x5
 242 006f 4B010000 		.4byte	.LASF7
 243 0073 03       		.uleb128 0x3
 244 0074 08       		.byte	0x8
 245 0075 07       		.byte	0x7
 246 0076 0C010000 		.4byte	.LASF8
 247 007a 03       		.uleb128 0x3
 248 007b 01       		.byte	0x1
 249 007c 02       		.byte	0x2
 250 007d BE010000 		.4byte	.LASF9
 251 0081 04       		.uleb128 0x4
 252 0082 09000000 		.4byte	.LASF11
 253 0086 03       		.byte	0x3
 254 0087 35       		.byte	0x35
 255 0088 5A000000 		.4byte	0x5a
 256 008c 05       		.uleb128 0x5
 257 008d 04       		.byte	0x4
 258 008e 03       		.uleb128 0x3
 259 008f 04       		.byte	0x4
 260 0090 07       		.byte	0x7
 261 0091 37010000 		.4byte	.LASF12
 262 0095 04       		.uleb128 0x4
 263 0096 39000000 		.4byte	.LASF13
 264 009a 04       		.byte	0x4
 265 009b 58       		.byte	0x58
 266 009c A0000000 		.4byte	0xa0
 267 00a0 06       		.uleb128 0x6
 268 00a1 04       		.byte	0x4
 269 00a2 A6000000 		.4byte	0xa6
 270 00a6 07       		.uleb128 0x7
 271 00a7 01       		.byte	0x1
 272 00a8 B2000000 		.4byte	0xb2
 273 00ac 08       		.uleb128 0x8
 274 00ad 8C000000 		.4byte	0x8c
 275 00b1 00       		.byte	0
 276 00b2 04       		.uleb128 0x4
 277 00b3 67000000 		.4byte	.LASF14
 278 00b7 04       		.byte	0x4
ARM GAS  C:\Users\DNIEL~1\AppData\Local\Temp\cc7RJ9Ik.s 			page 6


 279 00b8 5D       		.byte	0x5d
 280 00b9 BD000000 		.4byte	0xbd
 281 00bd 09       		.uleb128 0x9
 282 00be 67000000 		.4byte	.LASF14
 283 00c2 14       		.byte	0x14
 284 00c3 04       		.byte	0x4
 285 00c4 64       		.byte	0x64
 286 00c5 10010000 		.4byte	0x110
 287 00c9 0A       		.uleb128 0xa
 288 00ca AB010000 		.4byte	.LASF15
 289 00ce 04       		.byte	0x4
 290 00cf 65       		.byte	0x65
 291 00d0 10010000 		.4byte	0x110
 292 00d4 02       		.byte	0x2
 293 00d5 23       		.byte	0x23
 294 00d6 00       		.uleb128 0
 295 00d7 0A       		.uleb128 0xa
 296 00d8 7E010000 		.4byte	.LASF16
 297 00dc 04       		.byte	0x4
 298 00dd 67       		.byte	0x67
 299 00de 10010000 		.4byte	0x110
 300 00e2 02       		.byte	0x2
 301 00e3 23       		.byte	0x23
 302 00e4 04       		.uleb128 0x4
 303 00e5 0A       		.uleb128 0xa
 304 00e6 2F010000 		.4byte	.LASF17
 305 00ea 04       		.byte	0x4
 306 00eb 69       		.byte	0x69
 307 00ec 81000000 		.4byte	0x81
 308 00f0 02       		.byte	0x2
 309 00f1 23       		.byte	0x23
 310 00f2 08       		.uleb128 0x8
 311 00f3 0A       		.uleb128 0xa
 312 00f4 59010000 		.4byte	.LASF18
 313 00f8 04       		.byte	0x4
 314 00f9 6A       		.byte	0x6a
 315 00fa 95000000 		.4byte	0x95
 316 00fe 02       		.byte	0x2
 317 00ff 23       		.byte	0x23
 318 0100 0C       		.uleb128 0xc
 319 0101 0A       		.uleb128 0xa
 320 0102 6D010000 		.4byte	.LASF19
 321 0106 04       		.byte	0x4
 322 0107 6C       		.byte	0x6c
 323 0108 8C000000 		.4byte	0x8c
 324 010c 02       		.byte	0x2
 325 010d 23       		.byte	0x23
 326 010e 10       		.uleb128 0x10
 327 010f 00       		.byte	0
 328 0110 06       		.uleb128 0x6
 329 0111 04       		.byte	0x4
 330 0112 B2000000 		.4byte	0xb2
 331 0116 0B       		.uleb128 0xb
 332 0117 10       		.byte	0x10
 333 0118 04       		.byte	0x4
 334 0119 76       		.byte	0x76
 335 011a 57010000 		.4byte	0x157
ARM GAS  C:\Users\DNIEL~1\AppData\Local\Temp\cc7RJ9Ik.s 			page 7


 336 011e 0A       		.uleb128 0xa
 337 011f AB010000 		.4byte	.LASF15
 338 0123 04       		.byte	0x4
 339 0124 77       		.byte	0x77
 340 0125 10010000 		.4byte	0x110
 341 0129 02       		.byte	0x2
 342 012a 23       		.byte	0x23
 343 012b 00       		.uleb128 0
 344 012c 0A       		.uleb128 0xa
 345 012d 7E010000 		.4byte	.LASF16
 346 0131 04       		.byte	0x4
 347 0132 79       		.byte	0x79
 348 0133 10010000 		.4byte	0x110
 349 0137 02       		.byte	0x2
 350 0138 23       		.byte	0x23
 351 0139 04       		.uleb128 0x4
 352 013a 0A       		.uleb128 0xa
 353 013b 2F010000 		.4byte	.LASF17
 354 013f 04       		.byte	0x4
 355 0140 7B       		.byte	0x7b
 356 0141 81000000 		.4byte	0x81
 357 0145 02       		.byte	0x2
 358 0146 23       		.byte	0x23
 359 0147 08       		.uleb128 0x8
 360 0148 0A       		.uleb128 0xa
 361 0149 40010000 		.4byte	.LASF20
 362 014d 04       		.byte	0x4
 363 014e 7C       		.byte	0x7c
 364 014f 57010000 		.4byte	0x157
 365 0153 02       		.byte	0x2
 366 0154 23       		.byte	0x23
 367 0155 0C       		.uleb128 0xc
 368 0156 00       		.byte	0
 369 0157 0C       		.uleb128 0xc
 370 0158 81000000 		.4byte	0x81
 371 015c 04       		.uleb128 0x4
 372 015d A4010000 		.4byte	.LASF21
 373 0161 04       		.byte	0x4
 374 0162 7D       		.byte	0x7d
 375 0163 16010000 		.4byte	0x116
 376 0167 03       		.uleb128 0x3
 377 0168 01       		.byte	0x1
 378 0169 08       		.byte	0x8
 379 016a 68010000 		.4byte	.LASF22
 380 016e 0D       		.uleb128 0xd
 381 016f 01       		.byte	0x1
 382 0170 BD000000 		.4byte	.LASF30
 383 0174 01       		.byte	0x1
 384 0175 32       		.byte	0x32
 385 0176 01       		.byte	0x1
 386 0177 00000000 		.4byte	.LFB7
 387 017b 18000000 		.4byte	.LFE7
 388 017f 02       		.byte	0x2
 389 0180 7D       		.byte	0x7d
 390 0181 00       		.sleb128 0
 391 0182 01       		.byte	0x1
 392 0183 0E       		.uleb128 0xe
ARM GAS  C:\Users\DNIEL~1\AppData\Local\Temp\cc7RJ9Ik.s 			page 8


 393 0184 01       		.byte	0x1
 394 0185 00000000 		.4byte	.LASF25
 395 0189 01       		.byte	0x1
 396 018a 4C       		.byte	0x4c
 397 018b 01       		.byte	0x1
 398 018c 00000000 		.4byte	.LFB8
 399 0190 38000000 		.4byte	.LFE8
 400 0194 00000000 		.4byte	.LLST0
 401 0198 01       		.byte	0x1
 402 0199 E5010000 		.4byte	0x1e5
 403 019d 0F       		.uleb128 0xf
 404 019e 76747000 		.ascii	"vtp\000"
 405 01a2 01       		.byte	0x1
 406 01a3 4C       		.byte	0x4c
 407 01a4 10010000 		.4byte	0x110
 408 01a8 20000000 		.4byte	.LLST1
 409 01ac 10       		.uleb128 0x10
 410 01ad 2A010000 		.4byte	.LASF23
 411 01b1 01       		.byte	0x1
 412 01b2 4C       		.byte	0x4c
 413 01b3 81000000 		.4byte	0x81
 414 01b7 3F000000 		.4byte	.LLST2
 415 01bb 11       		.uleb128 0x11
 416 01bc 61010000 		.4byte	.LASF24
 417 01c0 01       		.byte	0x1
 418 01c1 4C       		.byte	0x4c
 419 01c2 95000000 		.4byte	0x95
 420 01c6 01       		.byte	0x1
 421 01c7 52       		.byte	0x52
 422 01c8 0F       		.uleb128 0xf
 423 01c9 70617200 		.ascii	"par\000"
 424 01cd 01       		.byte	0x1
 425 01ce 4C       		.byte	0x4c
 426 01cf 8C000000 		.4byte	0x8c
 427 01d3 6C000000 		.4byte	.LLST3
 428 01d7 12       		.uleb128 0x12
 429 01d8 7000     		.ascii	"p\000"
 430 01da 01       		.byte	0x1
 431 01db 4D       		.byte	0x4d
 432 01dc 10010000 		.4byte	0x110
 433 01e0 9A000000 		.4byte	.LLST4
 434 01e4 00       		.byte	0
 435 01e5 13       		.uleb128 0x13
 436 01e6 01       		.byte	0x1
 437 01e7 B3010000 		.4byte	.LASF26
 438 01eb 01       		.byte	0x1
 439 01ec 6A       		.byte	0x6a
 440 01ed 01       		.byte	0x1
 441 01ee 00000000 		.4byte	.LFB9
 442 01f2 24000000 		.4byte	.LFE9
 443 01f6 02       		.byte	0x2
 444 01f7 7D       		.byte	0x7d
 445 01f8 00       		.sleb128 0
 446 01f9 01       		.byte	0x1
 447 01fa 0C020000 		.4byte	0x20c
 448 01fe 14       		.uleb128 0x14
 449 01ff 76747000 		.ascii	"vtp\000"
ARM GAS  C:\Users\DNIEL~1\AppData\Local\Temp\cc7RJ9Ik.s 			page 9


 450 0203 01       		.byte	0x1
 451 0204 6A       		.byte	0x6a
 452 0205 10010000 		.4byte	0x110
 453 0209 01       		.byte	0x1
 454 020a 50       		.byte	0x50
 455 020b 00       		.byte	0
 456 020c 15       		.uleb128 0x15
 457 020d 23010000 		.4byte	.LASF31
 458 0211 01       		.byte	0x1
 459 0212 2A       		.byte	0x2a
 460 0213 5C010000 		.4byte	0x15c
 461 0217 01       		.byte	0x1
 462 0218 05       		.byte	0x5
 463 0219 03       		.byte	0x3
 464 021a 00000000 		.4byte	vtlist
 465 021e 00       		.byte	0
 466              		.section	.debug_abbrev,"",%progbits
 467              	.Ldebug_abbrev0:
 468 0000 01       		.uleb128 0x1
 469 0001 11       		.uleb128 0x11
 470 0002 01       		.byte	0x1
 471 0003 25       		.uleb128 0x25
 472 0004 0E       		.uleb128 0xe
 473 0005 13       		.uleb128 0x13
 474 0006 0B       		.uleb128 0xb
 475 0007 03       		.uleb128 0x3
 476 0008 0E       		.uleb128 0xe
 477 0009 1B       		.uleb128 0x1b
 478 000a 0E       		.uleb128 0xe
 479 000b 55       		.uleb128 0x55
 480 000c 06       		.uleb128 0x6
 481 000d 11       		.uleb128 0x11
 482 000e 01       		.uleb128 0x1
 483 000f 52       		.uleb128 0x52
 484 0010 01       		.uleb128 0x1
 485 0011 10       		.uleb128 0x10
 486 0012 06       		.uleb128 0x6
 487 0013 00       		.byte	0
 488 0014 00       		.byte	0
 489 0015 02       		.uleb128 0x2
 490 0016 24       		.uleb128 0x24
 491 0017 00       		.byte	0
 492 0018 0B       		.uleb128 0xb
 493 0019 0B       		.uleb128 0xb
 494 001a 3E       		.uleb128 0x3e
 495 001b 0B       		.uleb128 0xb
 496 001c 03       		.uleb128 0x3
 497 001d 08       		.uleb128 0x8
 498 001e 00       		.byte	0
 499 001f 00       		.byte	0
 500 0020 03       		.uleb128 0x3
 501 0021 24       		.uleb128 0x24
 502 0022 00       		.byte	0
 503 0023 0B       		.uleb128 0xb
 504 0024 0B       		.uleb128 0xb
 505 0025 3E       		.uleb128 0x3e
 506 0026 0B       		.uleb128 0xb
ARM GAS  C:\Users\DNIEL~1\AppData\Local\Temp\cc7RJ9Ik.s 			page 10


 507 0027 03       		.uleb128 0x3
 508 0028 0E       		.uleb128 0xe
 509 0029 00       		.byte	0
 510 002a 00       		.byte	0
 511 002b 04       		.uleb128 0x4
 512 002c 16       		.uleb128 0x16
 513 002d 00       		.byte	0
 514 002e 03       		.uleb128 0x3
 515 002f 0E       		.uleb128 0xe
 516 0030 3A       		.uleb128 0x3a
 517 0031 0B       		.uleb128 0xb
 518 0032 3B       		.uleb128 0x3b
 519 0033 0B       		.uleb128 0xb
 520 0034 49       		.uleb128 0x49
 521 0035 13       		.uleb128 0x13
 522 0036 00       		.byte	0
 523 0037 00       		.byte	0
 524 0038 05       		.uleb128 0x5
 525 0039 0F       		.uleb128 0xf
 526 003a 00       		.byte	0
 527 003b 0B       		.uleb128 0xb
 528 003c 0B       		.uleb128 0xb
 529 003d 00       		.byte	0
 530 003e 00       		.byte	0
 531 003f 06       		.uleb128 0x6
 532 0040 0F       		.uleb128 0xf
 533 0041 00       		.byte	0
 534 0042 0B       		.uleb128 0xb
 535 0043 0B       		.uleb128 0xb
 536 0044 49       		.uleb128 0x49
 537 0045 13       		.uleb128 0x13
 538 0046 00       		.byte	0
 539 0047 00       		.byte	0
 540 0048 07       		.uleb128 0x7
 541 0049 15       		.uleb128 0x15
 542 004a 01       		.byte	0x1
 543 004b 27       		.uleb128 0x27
 544 004c 0C       		.uleb128 0xc
 545 004d 01       		.uleb128 0x1
 546 004e 13       		.uleb128 0x13
 547 004f 00       		.byte	0
 548 0050 00       		.byte	0
 549 0051 08       		.uleb128 0x8
 550 0052 05       		.uleb128 0x5
 551 0053 00       		.byte	0
 552 0054 49       		.uleb128 0x49
 553 0055 13       		.uleb128 0x13
 554 0056 00       		.byte	0
 555 0057 00       		.byte	0
 556 0058 09       		.uleb128 0x9
 557 0059 13       		.uleb128 0x13
 558 005a 01       		.byte	0x1
 559 005b 03       		.uleb128 0x3
 560 005c 0E       		.uleb128 0xe
 561 005d 0B       		.uleb128 0xb
 562 005e 0B       		.uleb128 0xb
 563 005f 3A       		.uleb128 0x3a
ARM GAS  C:\Users\DNIEL~1\AppData\Local\Temp\cc7RJ9Ik.s 			page 11


 564 0060 0B       		.uleb128 0xb
 565 0061 3B       		.uleb128 0x3b
 566 0062 0B       		.uleb128 0xb
 567 0063 01       		.uleb128 0x1
 568 0064 13       		.uleb128 0x13
 569 0065 00       		.byte	0
 570 0066 00       		.byte	0
 571 0067 0A       		.uleb128 0xa
 572 0068 0D       		.uleb128 0xd
 573 0069 00       		.byte	0
 574 006a 03       		.uleb128 0x3
 575 006b 0E       		.uleb128 0xe
 576 006c 3A       		.uleb128 0x3a
 577 006d 0B       		.uleb128 0xb
 578 006e 3B       		.uleb128 0x3b
 579 006f 0B       		.uleb128 0xb
 580 0070 49       		.uleb128 0x49
 581 0071 13       		.uleb128 0x13
 582 0072 38       		.uleb128 0x38
 583 0073 0A       		.uleb128 0xa
 584 0074 00       		.byte	0
 585 0075 00       		.byte	0
 586 0076 0B       		.uleb128 0xb
 587 0077 13       		.uleb128 0x13
 588 0078 01       		.byte	0x1
 589 0079 0B       		.uleb128 0xb
 590 007a 0B       		.uleb128 0xb
 591 007b 3A       		.uleb128 0x3a
 592 007c 0B       		.uleb128 0xb
 593 007d 3B       		.uleb128 0x3b
 594 007e 0B       		.uleb128 0xb
 595 007f 01       		.uleb128 0x1
 596 0080 13       		.uleb128 0x13
 597 0081 00       		.byte	0
 598 0082 00       		.byte	0
 599 0083 0C       		.uleb128 0xc
 600 0084 35       		.uleb128 0x35
 601 0085 00       		.byte	0
 602 0086 49       		.uleb128 0x49
 603 0087 13       		.uleb128 0x13
 604 0088 00       		.byte	0
 605 0089 00       		.byte	0
 606 008a 0D       		.uleb128 0xd
 607 008b 2E       		.uleb128 0x2e
 608 008c 00       		.byte	0
 609 008d 3F       		.uleb128 0x3f
 610 008e 0C       		.uleb128 0xc
 611 008f 03       		.uleb128 0x3
 612 0090 0E       		.uleb128 0xe
 613 0091 3A       		.uleb128 0x3a
 614 0092 0B       		.uleb128 0xb
 615 0093 3B       		.uleb128 0x3b
 616 0094 0B       		.uleb128 0xb
 617 0095 27       		.uleb128 0x27
 618 0096 0C       		.uleb128 0xc
 619 0097 11       		.uleb128 0x11
 620 0098 01       		.uleb128 0x1
ARM GAS  C:\Users\DNIEL~1\AppData\Local\Temp\cc7RJ9Ik.s 			page 12


 621 0099 12       		.uleb128 0x12
 622 009a 01       		.uleb128 0x1
 623 009b 40       		.uleb128 0x40
 624 009c 0A       		.uleb128 0xa
 625 009d 9742     		.uleb128 0x2117
 626 009f 0C       		.uleb128 0xc
 627 00a0 00       		.byte	0
 628 00a1 00       		.byte	0
 629 00a2 0E       		.uleb128 0xe
 630 00a3 2E       		.uleb128 0x2e
 631 00a4 01       		.byte	0x1
 632 00a5 3F       		.uleb128 0x3f
 633 00a6 0C       		.uleb128 0xc
 634 00a7 03       		.uleb128 0x3
 635 00a8 0E       		.uleb128 0xe
 636 00a9 3A       		.uleb128 0x3a
 637 00aa 0B       		.uleb128 0xb
 638 00ab 3B       		.uleb128 0x3b
 639 00ac 0B       		.uleb128 0xb
 640 00ad 27       		.uleb128 0x27
 641 00ae 0C       		.uleb128 0xc
 642 00af 11       		.uleb128 0x11
 643 00b0 01       		.uleb128 0x1
 644 00b1 12       		.uleb128 0x12
 645 00b2 01       		.uleb128 0x1
 646 00b3 40       		.uleb128 0x40
 647 00b4 06       		.uleb128 0x6
 648 00b5 9742     		.uleb128 0x2117
 649 00b7 0C       		.uleb128 0xc
 650 00b8 01       		.uleb128 0x1
 651 00b9 13       		.uleb128 0x13
 652 00ba 00       		.byte	0
 653 00bb 00       		.byte	0
 654 00bc 0F       		.uleb128 0xf
 655 00bd 05       		.uleb128 0x5
 656 00be 00       		.byte	0
 657 00bf 03       		.uleb128 0x3
 658 00c0 08       		.uleb128 0x8
 659 00c1 3A       		.uleb128 0x3a
 660 00c2 0B       		.uleb128 0xb
 661 00c3 3B       		.uleb128 0x3b
 662 00c4 0B       		.uleb128 0xb
 663 00c5 49       		.uleb128 0x49
 664 00c6 13       		.uleb128 0x13
 665 00c7 02       		.uleb128 0x2
 666 00c8 06       		.uleb128 0x6
 667 00c9 00       		.byte	0
 668 00ca 00       		.byte	0
 669 00cb 10       		.uleb128 0x10
 670 00cc 05       		.uleb128 0x5
 671 00cd 00       		.byte	0
 672 00ce 03       		.uleb128 0x3
 673 00cf 0E       		.uleb128 0xe
 674 00d0 3A       		.uleb128 0x3a
 675 00d1 0B       		.uleb128 0xb
 676 00d2 3B       		.uleb128 0x3b
 677 00d3 0B       		.uleb128 0xb
ARM GAS  C:\Users\DNIEL~1\AppData\Local\Temp\cc7RJ9Ik.s 			page 13


 678 00d4 49       		.uleb128 0x49
 679 00d5 13       		.uleb128 0x13
 680 00d6 02       		.uleb128 0x2
 681 00d7 06       		.uleb128 0x6
 682 00d8 00       		.byte	0
 683 00d9 00       		.byte	0
 684 00da 11       		.uleb128 0x11
 685 00db 05       		.uleb128 0x5
 686 00dc 00       		.byte	0
 687 00dd 03       		.uleb128 0x3
 688 00de 0E       		.uleb128 0xe
 689 00df 3A       		.uleb128 0x3a
 690 00e0 0B       		.uleb128 0xb
 691 00e1 3B       		.uleb128 0x3b
 692 00e2 0B       		.uleb128 0xb
 693 00e3 49       		.uleb128 0x49
 694 00e4 13       		.uleb128 0x13
 695 00e5 02       		.uleb128 0x2
 696 00e6 0A       		.uleb128 0xa
 697 00e7 00       		.byte	0
 698 00e8 00       		.byte	0
 699 00e9 12       		.uleb128 0x12
 700 00ea 34       		.uleb128 0x34
 701 00eb 00       		.byte	0
 702 00ec 03       		.uleb128 0x3
 703 00ed 08       		.uleb128 0x8
 704 00ee 3A       		.uleb128 0x3a
 705 00ef 0B       		.uleb128 0xb
 706 00f0 3B       		.uleb128 0x3b
 707 00f1 0B       		.uleb128 0xb
 708 00f2 49       		.uleb128 0x49
 709 00f3 13       		.uleb128 0x13
 710 00f4 02       		.uleb128 0x2
 711 00f5 06       		.uleb128 0x6
 712 00f6 00       		.byte	0
 713 00f7 00       		.byte	0
 714 00f8 13       		.uleb128 0x13
 715 00f9 2E       		.uleb128 0x2e
 716 00fa 01       		.byte	0x1
 717 00fb 3F       		.uleb128 0x3f
 718 00fc 0C       		.uleb128 0xc
 719 00fd 03       		.uleb128 0x3
 720 00fe 0E       		.uleb128 0xe
 721 00ff 3A       		.uleb128 0x3a
 722 0100 0B       		.uleb128 0xb
 723 0101 3B       		.uleb128 0x3b
 724 0102 0B       		.uleb128 0xb
 725 0103 27       		.uleb128 0x27
 726 0104 0C       		.uleb128 0xc
 727 0105 11       		.uleb128 0x11
 728 0106 01       		.uleb128 0x1
 729 0107 12       		.uleb128 0x12
 730 0108 01       		.uleb128 0x1
 731 0109 40       		.uleb128 0x40
 732 010a 0A       		.uleb128 0xa
 733 010b 9742     		.uleb128 0x2117
 734 010d 0C       		.uleb128 0xc
ARM GAS  C:\Users\DNIEL~1\AppData\Local\Temp\cc7RJ9Ik.s 			page 14


 735 010e 01       		.uleb128 0x1
 736 010f 13       		.uleb128 0x13
 737 0110 00       		.byte	0
 738 0111 00       		.byte	0
 739 0112 14       		.uleb128 0x14
 740 0113 05       		.uleb128 0x5
 741 0114 00       		.byte	0
 742 0115 03       		.uleb128 0x3
 743 0116 08       		.uleb128 0x8
 744 0117 3A       		.uleb128 0x3a
 745 0118 0B       		.uleb128 0xb
 746 0119 3B       		.uleb128 0x3b
 747 011a 0B       		.uleb128 0xb
 748 011b 49       		.uleb128 0x49
 749 011c 13       		.uleb128 0x13
 750 011d 02       		.uleb128 0x2
 751 011e 0A       		.uleb128 0xa
 752 011f 00       		.byte	0
 753 0120 00       		.byte	0
 754 0121 15       		.uleb128 0x15
 755 0122 34       		.uleb128 0x34
 756 0123 00       		.byte	0
 757 0124 03       		.uleb128 0x3
 758 0125 0E       		.uleb128 0xe
 759 0126 3A       		.uleb128 0x3a
 760 0127 0B       		.uleb128 0xb
 761 0128 3B       		.uleb128 0x3b
 762 0129 0B       		.uleb128 0xb
 763 012a 49       		.uleb128 0x49
 764 012b 13       		.uleb128 0x13
 765 012c 3F       		.uleb128 0x3f
 766 012d 0C       		.uleb128 0xc
 767 012e 02       		.uleb128 0x2
 768 012f 0A       		.uleb128 0xa
 769 0130 00       		.byte	0
 770 0131 00       		.byte	0
 771 0132 00       		.byte	0
 772              		.section	.debug_loc,"",%progbits
 773              	.Ldebug_loc0:
 774              	.LLST0:
 775 0000 00000000 		.4byte	.LFB8
 776 0004 02000000 		.4byte	.LCFI0
 777 0008 0200     		.2byte	0x2
 778 000a 7D       		.byte	0x7d
 779 000b 00       		.sleb128 0
 780 000c 02000000 		.4byte	.LCFI0
 781 0010 38000000 		.4byte	.LFE8
 782 0014 0200     		.2byte	0x2
 783 0016 7D       		.byte	0x7d
 784 0017 0C       		.sleb128 12
 785 0018 00000000 		.4byte	0
 786 001c 00000000 		.4byte	0
 787              	.LLST1:
 788 0020 00000000 		.4byte	.LVL0
 789 0024 2C000000 		.4byte	.LVL5
 790 0028 0100     		.2byte	0x1
 791 002a 50       		.byte	0x50
ARM GAS  C:\Users\DNIEL~1\AppData\Local\Temp\cc7RJ9Ik.s 			page 15


 792 002b 2C000000 		.4byte	.LVL5
 793 002f 38000000 		.4byte	.LFE8
 794 0033 0200     		.2byte	0x2
 795 0035 74       		.byte	0x74
 796 0036 04       		.sleb128 4
 797 0037 00000000 		.4byte	0
 798 003b 00000000 		.4byte	0
 799              	.LLST2:
 800 003f 00000000 		.4byte	.LVL0
 801 0043 14000000 		.4byte	.LVL3
 802 0047 0100     		.2byte	0x1
 803 0049 51       		.byte	0x51
 804 004a 14000000 		.4byte	.LVL3
 805 004e 2E000000 		.4byte	.LVL6
 806 0052 0100     		.2byte	0x1
 807 0054 51       		.byte	0x51
 808 0055 2E000000 		.4byte	.LVL6
 809 0059 38000000 		.4byte	.LFE8
 810 005d 0500     		.2byte	0x5
 811 005f 74       		.byte	0x74
 812 0060 04       		.sleb128 4
 813 0061 06       		.byte	0x6
 814 0062 23       		.byte	0x23
 815 0063 08       		.uleb128 0x8
 816 0064 00000000 		.4byte	0
 817 0068 00000000 		.4byte	0
 818              	.LLST3:
 819 006c 00000000 		.4byte	.LVL0
 820 0070 1C000000 		.4byte	.LVL4
 821 0074 0100     		.2byte	0x1
 822 0076 53       		.byte	0x53
 823 0077 1C000000 		.4byte	.LVL4
 824 007b 2C000000 		.4byte	.LVL5
 825 007f 0200     		.2byte	0x2
 826 0081 70       		.byte	0x70
 827 0082 10       		.sleb128 16
 828 0083 2C000000 		.4byte	.LVL5
 829 0087 38000000 		.4byte	.LFE8
 830 008b 0500     		.2byte	0x5
 831 008d 74       		.byte	0x74
 832 008e 04       		.sleb128 4
 833 008f 06       		.byte	0x6
 834 0090 23       		.byte	0x23
 835 0091 10       		.uleb128 0x10
 836 0092 00000000 		.4byte	0
 837 0096 00000000 		.4byte	0
 838              	.LLST4:
 839 009a 08000000 		.4byte	.LVL1
 840 009e 12000000 		.4byte	.LVL2
 841 00a2 0100     		.2byte	0x1
 842 00a4 54       		.byte	0x54
 843 00a5 14000000 		.4byte	.LVL3
 844 00a9 38000000 		.4byte	.LFE8
 845 00ad 0100     		.2byte	0x1
 846 00af 54       		.byte	0x54
 847 00b0 00000000 		.4byte	0
 848 00b4 00000000 		.4byte	0
ARM GAS  C:\Users\DNIEL~1\AppData\Local\Temp\cc7RJ9Ik.s 			page 16


 849              		.section	.debug_aranges,"",%progbits
 850 0000 2C000000 		.4byte	0x2c
 851 0004 0200     		.2byte	0x2
 852 0006 00000000 		.4byte	.Ldebug_info0
 853 000a 04       		.byte	0x4
 854 000b 00       		.byte	0
 855 000c 0000     		.2byte	0
 856 000e 0000     		.2byte	0
 857 0010 00000000 		.4byte	.LFB7
 858 0014 18000000 		.4byte	.LFE7-.LFB7
 859 0018 00000000 		.4byte	.LFB8
 860 001c 38000000 		.4byte	.LFE8-.LFB8
 861 0020 00000000 		.4byte	.LFB9
 862 0024 24000000 		.4byte	.LFE9-.LFB9
 863 0028 00000000 		.4byte	0
 864 002c 00000000 		.4byte	0
 865              		.section	.debug_ranges,"",%progbits
 866              	.Ldebug_ranges0:
 867 0000 00000000 		.4byte	.LFB7
 868 0004 18000000 		.4byte	.LFE7
 869 0008 00000000 		.4byte	.LFB8
 870 000c 38000000 		.4byte	.LFE8
 871 0010 00000000 		.4byte	.LFB9
 872 0014 24000000 		.4byte	.LFE9
 873 0018 00000000 		.4byte	0
 874 001c 00000000 		.4byte	0
 875              		.section	.debug_line,"",%progbits
 876              	.Ldebug_line0:
 877 0000 77010000 		.section	.debug_str,"MS",%progbits,1
 877      02002301 
 877      00000201 
 877      FB0E0D00 
 877      01010101 
 878              	.LASF25:
 879 0000 63685654 		.ascii	"chVTSetI\000"
 879      53657449 
 879      00
 880              	.LASF11:
 881 0009 73797374 		.ascii	"systime_t\000"
 881      696D655F 
 881      7400
 882              	.LASF28:
 883 0013 2E2E2F2E 		.ascii	"../../../ChibiOS/os/kernel/src/chvt.c\000"
 883      2E2F2E2E 
 883      2F436869 
 883      62694F53 
 883      2F6F732F 
 884              	.LASF13:
 885 0039 76746675 		.ascii	"vtfunc_t\000"
 885      6E635F74 
 885      00
 886              	.LASF6:
 887 0042 6C6F6E67 		.ascii	"long unsigned int\000"
 887      20756E73 
 887      69676E65 
 887      6420696E 
 887      7400
ARM GAS  C:\Users\DNIEL~1\AppData\Local\Temp\cc7RJ9Ik.s 			page 17


 888              	.LASF4:
 889 0054 73686F72 		.ascii	"short unsigned int\000"
 889      7420756E 
 889      7369676E 
 889      65642069 
 889      6E7400
 890              	.LASF14:
 891 0067 56697274 		.ascii	"VirtualTimer\000"
 891      75616C54 
 891      696D6572 
 891      00
 892              	.LASF27:
 893 0074 474E5520 		.ascii	"GNU C 4.7.4 20140401 (release) [ARM/embedded-4_7-br"
 893      4320342E 
 893      372E3420 
 893      32303134 
 893      30343031 
 894 00a7 616E6368 		.ascii	"anch revision 209195]\000"
 894      20726576 
 894      6973696F 
 894      6E203230 
 894      39313935 
 895              	.LASF30:
 896 00bd 5F76745F 		.ascii	"_vt_init\000"
 896      696E6974 
 896      00
 897              	.LASF29:
 898 00c6 433A5C55 		.ascii	"C:\\Users\\D\341niel\\git\\Smarty\\smarty\\firmware"
 898      73657273 
 898      5C44E16E 
 898      69656C5C 
 898      6769745C 
 899 00f0 00       		.ascii	"\000"
 900              	.LASF2:
 901 00f1 756E7369 		.ascii	"unsigned char\000"
 901      676E6564 
 901      20636861 
 901      7200
 902              	.LASF0:
 903 00ff 756E7369 		.ascii	"unsigned int\000"
 903      676E6564 
 903      20696E74 
 903      00
 904              	.LASF8:
 905 010c 6C6F6E67 		.ascii	"long long unsigned int\000"
 905      206C6F6E 
 905      6720756E 
 905      7369676E 
 905      65642069 
 906              	.LASF31:
 907 0123 76746C69 		.ascii	"vtlist\000"
 907      737400
 908              	.LASF23:
 909 012a 74696D65 		.ascii	"time\000"
 909      00
 910              	.LASF17:
 911 012f 76745F74 		.ascii	"vt_time\000"
ARM GAS  C:\Users\DNIEL~1\AppData\Local\Temp\cc7RJ9Ik.s 			page 18


 911      696D6500 
 912              	.LASF12:
 913 0137 73697A65 		.ascii	"sizetype\000"
 913      74797065 
 913      00
 914              	.LASF20:
 915 0140 76745F73 		.ascii	"vt_systime\000"
 915      79737469 
 915      6D6500
 916              	.LASF7:
 917 014b 6C6F6E67 		.ascii	"long long int\000"
 917      206C6F6E 
 917      6720696E 
 917      7400
 918              	.LASF18:
 919 0159 76745F66 		.ascii	"vt_func\000"
 919      756E6300 
 920              	.LASF24:
 921 0161 76746675 		.ascii	"vtfunc\000"
 921      6E6300
 922              	.LASF22:
 923 0168 63686172 		.ascii	"char\000"
 923      00
 924              	.LASF19:
 925 016d 76745F70 		.ascii	"vt_par\000"
 925      617200
 926              	.LASF3:
 927 0174 73686F72 		.ascii	"short int\000"
 927      7420696E 
 927      7400
 928              	.LASF16:
 929 017e 76745F70 		.ascii	"vt_prev\000"
 929      72657600 
 930              	.LASF10:
 931 0186 75696E74 		.ascii	"uint32_t\000"
 931      33325F74 
 931      00
 932              	.LASF5:
 933 018f 6C6F6E67 		.ascii	"long int\000"
 933      20696E74 
 933      00
 934              	.LASF1:
 935 0198 7369676E 		.ascii	"signed char\000"
 935      65642063 
 935      68617200 
 936              	.LASF21:
 937 01a4 56544C69 		.ascii	"VTList\000"
 937      737400
 938              	.LASF15:
 939 01ab 76745F6E 		.ascii	"vt_next\000"
 939      65787400 
 940              	.LASF26:
 941 01b3 63685654 		.ascii	"chVTResetI\000"
 941      52657365 
 941      744900
 942              	.LASF9:
 943 01be 5F426F6F 		.ascii	"_Bool\000"
ARM GAS  C:\Users\DNIEL~1\AppData\Local\Temp\cc7RJ9Ik.s 			page 19


 943      6C00
 944              		.ident	"GCC: (GNU Tools for ARM Embedded Processors) 4.7.4 20140401 (release) [ARM/embedded-4_7-br
ARM GAS  C:\Users\DNIEL~1\AppData\Local\Temp\cc7RJ9Ik.s 			page 20


DEFINED SYMBOLS
                            *ABS*:00000000 chvt.c
C:\Users\DNIEL~1\AppData\Local\Temp\cc7RJ9Ik.s:19     .text._vt_init:00000000 $t
C:\Users\DNIEL~1\AppData\Local\Temp\cc7RJ9Ik.s:25     .text._vt_init:00000000 _vt_init
C:\Users\DNIEL~1\AppData\Local\Temp\cc7RJ9Ik.s:177    .bss.vtlist:00000000 .LANCHOR0
C:\Users\DNIEL~1\AppData\Local\Temp\cc7RJ9Ik.s:52     .text.chVTSetI:00000000 $t
C:\Users\DNIEL~1\AppData\Local\Temp\cc7RJ9Ik.s:58     .text.chVTSetI:00000000 chVTSetI
C:\Users\DNIEL~1\AppData\Local\Temp\cc7RJ9Ik.s:125    .text.chVTSetI:00000034 $d
C:\Users\DNIEL~1\AppData\Local\Temp\cc7RJ9Ik.s:130    .text.chVTResetI:00000000 $t
C:\Users\DNIEL~1\AppData\Local\Temp\cc7RJ9Ik.s:136    .text.chVTResetI:00000000 chVTResetI
C:\Users\DNIEL~1\AppData\Local\Temp\cc7RJ9Ik.s:170    .text.chVTResetI:00000020 $d
C:\Users\DNIEL~1\AppData\Local\Temp\cc7RJ9Ik.s:180    .bss.vtlist:00000000 vtlist
C:\Users\DNIEL~1\AppData\Local\Temp\cc7RJ9Ik.s:176    .bss.vtlist:00000000 $d
                     .debug_frame:00000010 $d
C:\Users\DNIEL~1\AppData\Local\Temp\cc7RJ9Ik.s:129    .text.chVTSetI:00000038 $t
C:\Users\DNIEL~1\AppData\Local\Temp\cc7RJ9Ik.s:175    .text.chVTResetI:00000024 $t

NO UNDEFINED SYMBOLS
