ARM GAS  C:\Users\DNIEL~1\AppData\Local\Temp\ccyM1NLd.s 			page 1


   1              		.syntax unified
   2              		.cpu cortex-m4
   3              		.fpu softvfp
   4              		.eabi_attribute 20, 1
   5              		.eabi_attribute 21, 1
   6              		.eabi_attribute 23, 3
   7              		.eabi_attribute 24, 1
   8              		.eabi_attribute 25, 1
   9              		.eabi_attribute 26, 1
  10              		.eabi_attribute 30, 2
  11              		.eabi_attribute 18, 4
  12              		.thumb
  13              		.file	"crt0.c"
  14              		.section	.debug_abbrev,"",%progbits
  15              	.Ldebug_abbrev0:
  16              		.section	.debug_info,"",%progbits
  17              	.Ldebug_info0:
  18              		.section	.debug_line,"",%progbits
  19              	.Ldebug_line0:
  20 0000 7B010000 		.text
  20      0200C900 
  20      00000201 
  20      FB0E0D00 
  20      01010101 
  21              	.Ltext0:
  22              		.cfi_sections	.debug_frame
  23              		.section	.text.__early_init,"ax",%progbits
  24              		.align	2
  25              		.p2align 4,,15
  26              		.weak	__early_init
  27              		.thumb
  28              		.thumb_func
  29              		.type	__early_init, %function
  30              	__early_init:
  31              	.LFB7:
  32              		.file 1 "../../../ChibiOS/os/ports/GCC/ARMCMx/crt0.c"
  33              		.loc 1 213 0
  34              		.cfi_startproc
  35              		@ args = 0, pretend = 0, frame = 0
  36              		@ frame_needed = 0, uses_anonymous_args = 0
  37              		@ link register save eliminated.
  38              		.loc 1 213 0
  39 0000 7047     		bx	lr
  40              		.cfi_endproc
  41              	.LFE7:
  42              		.size	__early_init, .-__early_init
  43 0002 00BFAFF3 		.section	.text.__late_init,"ax",%progbits
  43      0080AFF3 
  43      0080AFF3 
  43      0080
  44              		.align	2
  45              		.p2align 4,,15
  46              		.weak	__late_init
  47              		.thumb
  48              		.thumb_func
  49              		.type	__late_init, %function
  50              	__late_init:
ARM GAS  C:\Users\DNIEL~1\AppData\Local\Temp\ccyM1NLd.s 			page 2


  51              	.LFB8:
  52              		.loc 1 225 0
  53              		.cfi_startproc
  54              		@ args = 0, pretend = 0, frame = 0
  55              		@ frame_needed = 0, uses_anonymous_args = 0
  56              		@ link register save eliminated.
  57              		.loc 1 225 0
  58 0000 7047     		bx	lr
  59              		.cfi_endproc
  60              	.LFE8:
  61              		.size	__late_init, .-__late_init
  62 0002 00BFAFF3 		.section	.text._default_exit,"ax",%progbits
  62      0080AFF3 
  62      0080AFF3 
  62      0080
  63              		.align	2
  64              		.p2align 4,,15
  65              		.weak	_default_exit
  66              		.thumb
  67              		.thumb_func
  68              		.type	_default_exit, %function
  69              	_default_exit:
  70              	.LFB9:
  71              		.loc 1 236 0
  72              		.cfi_startproc
  73              		@ Naked Function: prologue and epilogue provided by programmer.
  74              		@ args = 0, pretend = 0, frame = 0
  75              		@ frame_needed = 0, uses_anonymous_args = 0
  76              	.L4:
  77 0000 FEE7     		b	.L4
  78              		.cfi_endproc
  79              	.LFE9:
  80              		.size	_default_exit, .-_default_exit
  81 0002 00BFAFF3 		.section	.text.ResetHandler,"ax",%progbits
  81      0080AFF3 
  81      0080AFF3 
  81      0080
  82              		.align	2
  83              		.p2align 4,,15
  84              		.global	ResetHandler
  85              		.thumb
  86              		.thumb_func
  87              		.type	ResetHandler, %function
  88              	ResetHandler:
  89              	.LFB10:
  90              		.loc 1 247 0
  91              		.cfi_startproc
  92              		@ Naked Function: prologue and epilogue provided by programmer.
  93              		@ args = 0, pretend = 0, frame = 0
  94              		@ frame_needed = 0, uses_anonymous_args = 0
  95              		.loc 1 253 0
  96              	@ 253 "../../../ChibiOS/os/ports/GCC/ARMCMx/crt0.c" 1
  97 0000 72B6     		cpsid   i
  98              	@ 0 "" 2
  99              	.LVL0:
 100              		.loc 1 255 0
 101              		.thumb
ARM GAS  C:\Users\DNIEL~1\AppData\Local\Temp\ccyM1NLd.s 			page 3


 102 0002 6348     		ldr	r0, .L55
 103              	@ 255 "../../../ChibiOS/os/ports/GCC/ARMCMx/crt0.c" 1
 104 0004 80F30988 		msr     PSP, r0
 105              	@ 0 "" 2
 106              	.LVL1:
 107              		.loc 1 275 0
 108              		.thumb
 109 0008 0223     		movs	r3, #2
 110              	@ 275 "../../../ChibiOS/os/ports/GCC/ARMCMx/crt0.c" 1
 111 000a 83F31488 		msr     CONTROL, r3
 112              	@ 0 "" 2
 113              		.loc 1 276 0
 114              	@ 276 "../../../ChibiOS/os/ports/GCC/ARMCMx/crt0.c" 1
 115 000e BFF36F8F 		isb
 116              	@ 0 "" 2
 117              	.LVL2:
 118              		.thumb
 119              	.LBB2:
 120              		.loc 1 280 0
 121 0012 604A     		ldr	r2, .L55+4
 122 0014 604C     		ldr	r4, .L55+8
 123 0016 A242     		cmp	r2, r4
 124 0018 17D2     		bcs	.L6
 125              		.loc 1 280 0 is_stmt 0 discriminator 2
 126 001a 1346     		mov	r3, r2
 127 001c 4FF05531 		mov	r1, #1431655765
 128 0020 43F8041B 		str	r1, [r3], #4
 129              	.LVL3:
 130 0024 D643     		mvns	r6, r2
 131 0026 A519     		adds	r5, r4, r6
 132 0028 A342     		cmp	r3, r4
 133 002a C5F38005 		ubfx	r5, r5, #2, #1
 134 002e 0CD2     		bcs	.L6
 135 0030 25B1     		cbz	r5, .L7
 136              		.loc 1 280 0
 137 0032 1960     		str	r1, [r3, #0]
 138 0034 02F10803 		add	r3, r2, #8
 139              	.LVL4:
 140 0038 A342     		cmp	r3, r4
 141 003a 06D2     		bcs	.L6
 142              	.L7:
 143              		.loc 1 280 0 discriminator 2
 144 003c 1A46     		mov	r2, r3
 145 003e 42F8041B 		str	r1, [r2], #4
 146 0042 5960     		str	r1, [r3, #4]
 147 0044 131D     		adds	r3, r2, #4
 148 0046 A342     		cmp	r3, r4
 149 0048 F8D3     		bcc	.L7
 150              	.L6:
 151              	.LVL5:
 152              	.LBE2:
 153              	.LBB3:
 154              		.loc 1 283 0 is_stmt 1 discriminator 1
 155 004a 544A     		ldr	r2, .L55+12
 156 004c 8242     		cmp	r2, r0
 157 004e 17D2     		bcs	.L8
 158              		.loc 1 283 0 is_stmt 0 discriminator 2
ARM GAS  C:\Users\DNIEL~1\AppData\Local\Temp\ccyM1NLd.s 			page 4


 159 0050 1346     		mov	r3, r2
 160 0052 4FF05531 		mov	r1, #1431655765
 161 0056 43F8041B 		str	r1, [r3], #4
 162              	.LVL6:
 163 005a D543     		mvns	r5, r2
 164 005c 4419     		adds	r4, r0, r5
 165 005e 8342     		cmp	r3, r0
 166 0060 C4F38004 		ubfx	r4, r4, #2, #1
 167 0064 0CD2     		bcs	.L8
 168 0066 24B1     		cbz	r4, .L9
 169              		.loc 1 283 0
 170 0068 1960     		str	r1, [r3, #0]
 171 006a 02F10803 		add	r3, r2, #8
 172              	.LVL7:
 173 006e 8342     		cmp	r3, r0
 174 0070 06D2     		bcs	.L8
 175              	.L9:
 176              		.loc 1 283 0 discriminator 2
 177 0072 1E46     		mov	r6, r3
 178 0074 46F8041B 		str	r1, [r6], #4
 179 0078 5960     		str	r1, [r3, #4]
 180 007a 331D     		adds	r3, r6, #4
 181 007c 8342     		cmp	r3, r0
 182 007e F8D3     		bcc	.L9
 183              	.L8:
 184              	.LBE3:
 185              		.loc 1 289 0 is_stmt 1
 186 0080 FFF7FEFF 		bl	__early_init
 187              	.LVL8:
 188              	.LBB4:
 189              		.loc 1 298 0
 190 0084 464C     		ldr	r4, .L55+16
 191 0086 4749     		ldr	r1, .L55+20
 192 0088 A142     		cmp	r1, r4
 193 008a 22D2     		bcs	.L10
 194 008c 4648     		ldr	r0, .L55+24
 195              		.loc 1 299 0
 196 008e 0246     		mov	r2, r0
 197 0090 0B46     		mov	r3, r1
 198 0092 52F8046B 		ldr	r6, [r2], #4
 199 0096 43F8046B 		str	r6, [r3], #4
 200              	.LVL9:
 201 009a CD43     		mvns	r5, r1
 202 009c 04EB050C 		add	ip, r4, r5
 203              		.loc 1 298 0
 204 00a0 A342     		cmp	r3, r4
 205 00a2 CCF38005 		ubfx	r5, ip, #2, #1
 206 00a6 14D2     		bcs	.L10
 207 00a8 3DB1     		cbz	r5, .L11
 208              		.loc 1 299 0
 209 00aa 1668     		ldr	r6, [r2, #0]
 210 00ac 1E60     		str	r6, [r3, #0]
 211 00ae 01F10803 		add	r3, r1, #8
 212              	.LVL10:
 213              		.loc 1 298 0
 214 00b2 A342     		cmp	r3, r4
 215              		.loc 1 299 0
ARM GAS  C:\Users\DNIEL~1\AppData\Local\Temp\ccyM1NLd.s 			page 5


 216 00b4 00F10802 		add	r2, r0, #8
 217              		.loc 1 298 0
 218 00b8 0BD2     		bcs	.L10
 219              	.L11:
 220              		.loc 1 299 0
 221 00ba 1146     		mov	r1, r2
 222 00bc 1846     		mov	r0, r3
 223 00be 51F8045B 		ldr	r5, [r1], #4
 224 00c2 40F8045B 		str	r5, [r0], #4
 225 00c6 5268     		ldr	r2, [r2, #4]
 226 00c8 5A60     		str	r2, [r3, #4]
 227 00ca 031D     		adds	r3, r0, #4
 228 00cc 0A1D     		adds	r2, r1, #4
 229              		.loc 1 298 0
 230 00ce A342     		cmp	r3, r4
 231 00d0 F3D3     		bcc	.L11
 232              	.L10:
 233              	.LVL11:
 234              	.LBE4:
 235              	.LBB5:
 236              		.loc 1 305 0 discriminator 1
 237 00d2 364A     		ldr	r2, .L55+28
 238 00d4 3648     		ldr	r0, .L55+32
 239 00d6 8242     		cmp	r2, r0
 240 00d8 17D2     		bcs	.L12
 241              		.loc 1 305 0 is_stmt 0 discriminator 2
 242 00da 1346     		mov	r3, r2
 243 00dc 0021     		movs	r1, #0
 244 00de 43F8041B 		str	r1, [r3], #4
 245              	.LVL12:
 246 00e2 D443     		mvns	r4, r2
 247 00e4 00EB040E 		add	lr, r0, r4
 248 00e8 8342     		cmp	r3, r0
 249 00ea CEF38004 		ubfx	r4, lr, #2, #1
 250 00ee 0CD2     		bcs	.L12
 251 00f0 24B1     		cbz	r4, .L13
 252              		.loc 1 305 0
 253 00f2 1960     		str	r1, [r3, #0]
 254 00f4 02F10803 		add	r3, r2, #8
 255              	.LVL13:
 256 00f8 8342     		cmp	r3, r0
 257 00fa 06D2     		bcs	.L12
 258              	.L13:
 259              		.loc 1 305 0 discriminator 2
 260 00fc 1E46     		mov	r6, r3
 261 00fe 46F8041B 		str	r1, [r6], #4
 262 0102 5960     		str	r1, [r3, #4]
 263 0104 331D     		adds	r3, r6, #4
 264 0106 8342     		cmp	r3, r0
 265 0108 F8D3     		bcc	.L13
 266              	.L12:
 267              	.LBE5:
 268              	.LBB6:
 269              		.loc 1 315 0 is_stmt 1
 270 010a 2A4D     		ldr	r5, .L55+36
 271 010c 2A4E     		ldr	r6, .L55+40
 272              	.LBE6:
ARM GAS  C:\Users\DNIEL~1\AppData\Local\Temp\ccyM1NLd.s 			page 6


 273              		.loc 1 309 0
 274 010e FFF7FEFF 		bl	__late_init
 275              	.LVL14:
 276              	.LBB7:
 277              		.loc 1 315 0
 278 0112 B542     		cmp	r5, r6
 279 0114 19D2     		bcs	.L14
 280              		.loc 1 316 0
 281 0116 2C46     		mov	r4, r5
 282 0118 E943     		mvns	r1, r5
 283 011a 54F8043B 		ldr	r3, [r4], #4
 284 011e 7718     		adds	r7, r6, r1
 285 0120 9847     		blx	r3
 286              	.LVL15:
 287              		.loc 1 315 0
 288 0122 B442     		cmp	r4, r6
 289 0124 C7F38007 		ubfx	r7, r7, #2, #1
 290 0128 0FD2     		bcs	.L14
 291 012a 2FB1     		cbz	r7, .L15
 292              		.loc 1 316 0
 293 012c 2368     		ldr	r3, [r4, #0]
 294              		.loc 1 317 0
 295 012e 05F10804 		add	r4, r5, #8
 296              		.loc 1 316 0
 297 0132 9847     		blx	r3
 298              	.LVL16:
 299              		.loc 1 315 0
 300 0134 B442     		cmp	r4, r6
 301 0136 08D2     		bcs	.L14
 302              	.L15:
 303              		.loc 1 316 0
 304 0138 2546     		mov	r5, r4
 305 013a 55F8042B 		ldr	r2, [r5], #4
 306 013e 9047     		blx	r2
 307 0140 6068     		ldr	r0, [r4, #4]
 308              		.loc 1 317 0
 309 0142 2C1D     		adds	r4, r5, #4
 310              		.loc 1 316 0
 311 0144 8047     		blx	r0
 312              		.loc 1 315 0
 313 0146 B442     		cmp	r4, r6
 314 0148 F6D3     		bcc	.L15
 315              	.L14:
 316              	.LBE7:
 317              	.LBB8:
 318              		.loc 1 329 0
 319 014a 1C4D     		ldr	r5, .L55+44
 320 014c 1C4E     		ldr	r6, .L55+48
 321              	.LBE8:
 322              		.loc 1 323 0
 323 014e FFF7FEFF 		bl	main
 324              	.LVL17:
 325              	.LBB9:
 326              		.loc 1 329 0
 327 0152 B542     		cmp	r5, r6
 328 0154 1AD2     		bcs	.L16
 329              		.loc 1 330 0
ARM GAS  C:\Users\DNIEL~1\AppData\Local\Temp\ccyM1NLd.s 			page 7


 330 0156 2C46     		mov	r4, r5
 331 0158 EF43     		mvns	r7, r5
 332 015a 54F8043B 		ldr	r3, [r4], #4
 333 015e 06EB070C 		add	ip, r6, r7
 334 0162 CCF38007 		ubfx	r7, ip, #2, #1
 335 0166 9847     		blx	r3
 336              	.LVL18:
 337              		.loc 1 329 0
 338 0168 B442     		cmp	r4, r6
 339 016a 0FD2     		bcs	.L16
 340 016c 2FB1     		cbz	r7, .L17
 341              		.loc 1 330 0
 342 016e 2268     		ldr	r2, [r4, #0]
 343              		.loc 1 331 0
 344 0170 05F10804 		add	r4, r5, #8
 345              		.loc 1 330 0
 346 0174 9047     		blx	r2
 347              	.LVL19:
 348              		.loc 1 329 0
 349 0176 B442     		cmp	r4, r6
 350 0178 08D2     		bcs	.L16
 351              	.L17:
 352              		.loc 1 330 0
 353 017a 2546     		mov	r5, r4
 354 017c 55F8040B 		ldr	r0, [r5], #4
 355 0180 8047     		blx	r0
 356 0182 6168     		ldr	r1, [r4, #4]
 357              		.loc 1 331 0
 358 0184 2C1D     		adds	r4, r5, #4
 359              		.loc 1 330 0
 360 0186 8847     		blx	r1
 361              		.loc 1 329 0
 362 0188 B442     		cmp	r4, r6
 363 018a F6D3     		bcc	.L17
 364              	.L16:
 365              	.LBE9:
 366              		.loc 1 338 0
 367              		.loc 1 337 0
 368 018c FFF7FEBF 		b	_default_exit
 369              	.L56:
 370              		.align	2
 371              	.L55:
 372 0190 00000000 		.word	__process_stack_end__
 373 0194 00000000 		.word	__main_stack_base__
 374 0198 00000000 		.word	__main_stack_end__
 375 019c 00000000 		.word	__process_stack_base__
 376 01a0 00000000 		.word	_edata
 377 01a4 00000000 		.word	_data
 378 01a8 00000000 		.word	_textdata
 379 01ac 00000000 		.word	_bss_start
 380 01b0 00000000 		.word	_bss_end
 381 01b4 00000000 		.word	__init_array_start
 382 01b8 00000000 		.word	__init_array_end
 383 01bc 00000000 		.word	__fini_array_start
 384 01c0 00000000 		.word	__fini_array_end
 385              		.cfi_endproc
 386              	.LFE10:
ARM GAS  C:\Users\DNIEL~1\AppData\Local\Temp\ccyM1NLd.s 			page 8


 387              		.size	ResetHandler, .-ResetHandler
 388 01c4 AFF30080 		.text
 388      AFF30080 
 388      AFF30080 
 389              	.Letext0:
 390              		.section	.debug_loc,"",%progbits
 391              	.Ldebug_loc0:
 392              	.LLST0:
 393 0000 24000000 		.4byte	.LVL3
 394 0004 38000000 		.4byte	.LVL4
 395 0008 0100     		.2byte	0x1
 396 000a 52       		.byte	0x52
 397 000b 00000000 		.4byte	0x0
 398 000f 00000000 		.4byte	0x0
 399              	.LLST1:
 400 0013 5A000000 		.4byte	.LVL6
 401 0017 6E000000 		.4byte	.LVL7
 402 001b 0100     		.2byte	0x1
 403 001d 52       		.byte	0x52
 404 001e 00000000 		.4byte	0x0
 405 0022 00000000 		.4byte	0x0
 406              	.LLST2:
 407 0026 9A000000 		.4byte	.LVL9
 408 002a B2000000 		.4byte	.LVL10
 409 002e 0100     		.2byte	0x1
 410 0030 51       		.byte	0x51
 411 0031 00000000 		.4byte	0x0
 412 0035 00000000 		.4byte	0x0
 413              	.LLST3:
 414 0039 E2000000 		.4byte	.LVL12
 415 003d F8000000 		.4byte	.LVL13
 416 0041 0100     		.2byte	0x1
 417 0043 52       		.byte	0x52
 418 0044 00000000 		.4byte	0x0
 419 0048 00000000 		.4byte	0x0
 420              	.LLST4:
 421 004c 22010000 		.4byte	.LVL15
 422 0050 34010000 		.4byte	.LVL16
 423 0054 0100     		.2byte	0x1
 424 0056 55       		.byte	0x55
 425 0057 00000000 		.4byte	0x0
 426 005b 00000000 		.4byte	0x0
 427              	.LLST5:
 428 005f 68010000 		.4byte	.LVL18
 429 0063 76010000 		.4byte	.LVL19
 430 0067 0100     		.2byte	0x1
 431 0069 55       		.byte	0x55
 432 006a 00000000 		.4byte	0x0
 433 006e 00000000 		.4byte	0x0
 434              		.file 2 "c:\\program files (x86)\\codesourcery\\sourcery g++ lite\\bin\\../lib/gcc/arm-none-eabi/4
 435              		.section	.debug_info
 436 0000 41030000 		.4byte	0x341
 437 0004 0200     		.2byte	0x2
 438 0006 00000000 		.4byte	.Ldebug_abbrev0
 439 000a 04       		.byte	0x4
 440 000b 01       		.uleb128 0x1
 441 000c 23000000 		.4byte	.LASF30
ARM GAS  C:\Users\DNIEL~1\AppData\Local\Temp\ccyM1NLd.s 			page 9


 442 0010 01       		.byte	0x1
 443 0011 46000000 		.4byte	.LASF31
 444 0015 3D010000 		.4byte	.LASF32
 445 0019 00000000 		.4byte	0x0
 446 001d 00000000 		.4byte	0x0
 447 0021 30000000 		.4byte	.Ldebug_ranges0+0x30
 448 0025 00000000 		.4byte	.Ldebug_line0
 449 0029 02       		.uleb128 0x2
 450 002a 04       		.byte	0x4
 451 002b 05       		.byte	0x5
 452 002c 696E7400 		.ascii	"int\000"
 453 0030 03       		.uleb128 0x3
 454 0031 04       		.byte	0x4
 455 0032 07       		.byte	0x7
 456 0033 F9000000 		.4byte	.LASF0
 457 0037 03       		.uleb128 0x3
 458 0038 01       		.byte	0x1
 459 0039 06       		.byte	0x6
 460 003a E5010000 		.4byte	.LASF1
 461 003e 04       		.uleb128 0x4
 462 003f 8C010000 		.4byte	.LASF6
 463 0043 02       		.byte	0x2
 464 0044 2A       		.byte	0x2a
 465 0045 49000000 		.4byte	0x49
 466 0049 03       		.uleb128 0x3
 467 004a 01       		.byte	0x1
 468 004b 08       		.byte	0x8
 469 004c 89000000 		.4byte	.LASF2
 470 0050 03       		.uleb128 0x3
 471 0051 02       		.byte	0x2
 472 0052 05       		.byte	0x5
 473 0053 BB010000 		.4byte	.LASF3
 474 0057 03       		.uleb128 0x3
 475 0058 02       		.byte	0x2
 476 0059 07       		.byte	0x7
 477 005a C2000000 		.4byte	.LASF4
 478 005e 03       		.uleb128 0x3
 479 005f 04       		.byte	0x4
 480 0060 05       		.byte	0x5
 481 0061 D6010000 		.4byte	.LASF5
 482 0065 04       		.uleb128 0x4
 483 0066 CD010000 		.4byte	.LASF7
 484 006a 02       		.byte	0x2
 485 006b 50       		.byte	0x50
 486 006c 70000000 		.4byte	0x70
 487 0070 03       		.uleb128 0x3
 488 0071 04       		.byte	0x4
 489 0072 07       		.byte	0x7
 490 0073 A3000000 		.4byte	.LASF8
 491 0077 03       		.uleb128 0x3
 492 0078 08       		.byte	0x8
 493 0079 05       		.byte	0x5
 494 007a 94010000 		.4byte	.LASF9
 495 007e 03       		.uleb128 0x3
 496 007f 08       		.byte	0x8
 497 0080 07       		.byte	0x7
 498 0081 06010000 		.4byte	.LASF10
ARM GAS  C:\Users\DNIEL~1\AppData\Local\Temp\ccyM1NLd.s 			page 10


 499 0085 03       		.uleb128 0x3
 500 0086 01       		.byte	0x1
 501 0087 08       		.byte	0x8
 502 0088 A2010000 		.4byte	.LASF11
 503 008c 04       		.uleb128 0x4
 504 008d C5010000 		.4byte	.LASF12
 505 0091 01       		.byte	0x1
 506 0092 1F       		.byte	0x1f
 507 0093 97000000 		.4byte	0x97
 508 0097 05       		.uleb128 0x5
 509 0098 04       		.byte	0x4
 510 0099 9D000000 		.4byte	0x9d
 511 009d 06       		.uleb128 0x6
 512 009e 01       		.byte	0x1
 513 009f 04       		.uleb128 0x4
 514 00a0 72000000 		.4byte	.LASF13
 515 00a4 01       		.byte	0x1
 516 00a5 20       		.byte	0x20
 517 00a6 AA000000 		.4byte	0xaa
 518 00aa 05       		.uleb128 0x5
 519 00ab 04       		.byte	0x4
 520 00ac 8C000000 		.4byte	0x8c
 521 00b0 07       		.uleb128 0x7
 522 00b1 01       		.byte	0x1
 523 00b2 30010000 		.4byte	.LASF14
 524 00b6 01       		.byte	0x1
 525 00b7 D5       		.byte	0xd5
 526 00b8 01       		.byte	0x1
 527 00b9 00000000 		.4byte	.LFB7
 528 00bd 02000000 		.4byte	.LFE7
 529 00c1 02       		.byte	0x2
 530 00c2 7D       		.byte	0x7d
 531 00c3 00       		.sleb128 0
 532 00c4 07       		.uleb128 0x7
 533 00c5 01       		.byte	0x1
 534 00c6 97000000 		.4byte	.LASF15
 535 00ca 01       		.byte	0x1
 536 00cb E1       		.byte	0xe1
 537 00cc 01       		.byte	0x1
 538 00cd 00000000 		.4byte	.LFB8
 539 00d1 02000000 		.4byte	.LFE8
 540 00d5 02       		.byte	0x2
 541 00d6 7D       		.byte	0x7d
 542 00d7 00       		.sleb128 0
 543 00d8 07       		.uleb128 0x7
 544 00d9 01       		.byte	0x1
 545 00da 7B000000 		.4byte	.LASF16
 546 00de 01       		.byte	0x1
 547 00df EC       		.byte	0xec
 548 00e0 01       		.byte	0x1
 549 00e1 00000000 		.4byte	.LFB9
 550 00e5 02000000 		.4byte	.LFE9
 551 00e9 02       		.byte	0x2
 552 00ea 7D       		.byte	0x7d
 553 00eb 00       		.sleb128 0
 554 00ec 08       		.uleb128 0x8
 555 00ed 01       		.byte	0x1
ARM GAS  C:\Users\DNIEL~1\AppData\Local\Temp\ccyM1NLd.s 			page 11


 556 00ee B5000000 		.4byte	.LASF33
 557 00f2 01       		.byte	0x1
 558 00f3 F7       		.byte	0xf7
 559 00f4 01       		.byte	0x1
 560 00f5 00000000 		.4byte	.LFB10
 561 00f9 C4010000 		.4byte	.LFE10
 562 00fd 02       		.byte	0x2
 563 00fe 7D       		.byte	0x7d
 564 00ff 00       		.sleb128 0
 565 0100 EC010000 		.4byte	0x1ec
 566 0104 09       		.uleb128 0x9
 567 0105 70737000 		.ascii	"psp\000"
 568 0109 01       		.byte	0x1
 569 010a F8       		.byte	0xf8
 570 010b 65000000 		.4byte	0x65
 571 010f 0A       		.uleb128 0xa
 572 0110 72656700 		.ascii	"reg\000"
 573 0114 01       		.byte	0x1
 574 0115 F8       		.byte	0xf8
 575 0116 65000000 		.4byte	0x65
 576 011a 02       		.byte	0x2
 577 011b 0B       		.uleb128 0xb
 578 011c 12000000 		.4byte	.LBB2
 579 0120 4A000000 		.4byte	.LBE2
 580 0124 43010000 		.4byte	0x143
 581 0128 0C       		.uleb128 0xc
 582 0129 703100   		.ascii	"p1\000"
 583 012c 01       		.byte	0x1
 584 012d 1801     		.2byte	0x118
 585 012f EC010000 		.4byte	0x1ec
 586 0133 00000000 		.4byte	.LLST0
 587 0137 0D       		.uleb128 0xd
 588 0138 703200   		.ascii	"p2\000"
 589 013b 01       		.byte	0x1
 590 013c 1801     		.2byte	0x118
 591 013e EC010000 		.4byte	0x1ec
 592 0142 00       		.byte	0x0
 593 0143 0B       		.uleb128 0xb
 594 0144 4A000000 		.4byte	.LBB3
 595 0148 80000000 		.4byte	.LBE3
 596 014c 6B010000 		.4byte	0x16b
 597 0150 0C       		.uleb128 0xc
 598 0151 703100   		.ascii	"p1\000"
 599 0154 01       		.byte	0x1
 600 0155 1B01     		.2byte	0x11b
 601 0157 EC010000 		.4byte	0x1ec
 602 015b 13000000 		.4byte	.LLST1
 603 015f 0D       		.uleb128 0xd
 604 0160 703200   		.ascii	"p2\000"
 605 0163 01       		.byte	0x1
 606 0164 1B01     		.2byte	0x11b
 607 0166 EC010000 		.4byte	0x1ec
 608 016a 00       		.byte	0x0
 609 016b 0B       		.uleb128 0xb
 610 016c 84000000 		.4byte	.LBB4
 611 0170 D2000000 		.4byte	.LBE4
 612 0174 93010000 		.4byte	0x193
ARM GAS  C:\Users\DNIEL~1\AppData\Local\Temp\ccyM1NLd.s 			page 12


 613 0178 0D       		.uleb128 0xd
 614 0179 747000   		.ascii	"tp\000"
 615 017c 01       		.byte	0x1
 616 017d 2601     		.2byte	0x126
 617 017f EC010000 		.4byte	0x1ec
 618 0183 0C       		.uleb128 0xc
 619 0184 647000   		.ascii	"dp\000"
 620 0187 01       		.byte	0x1
 621 0188 2601     		.2byte	0x126
 622 018a EC010000 		.4byte	0x1ec
 623 018e 26000000 		.4byte	.LLST2
 624 0192 00       		.byte	0x0
 625 0193 0B       		.uleb128 0xb
 626 0194 D2000000 		.4byte	.LBB5
 627 0198 0A010000 		.4byte	.LBE5
 628 019c BB010000 		.4byte	0x1bb
 629 01a0 0C       		.uleb128 0xc
 630 01a1 703100   		.ascii	"p1\000"
 631 01a4 01       		.byte	0x1
 632 01a5 3101     		.2byte	0x131
 633 01a7 EC010000 		.4byte	0x1ec
 634 01ab 39000000 		.4byte	.LLST3
 635 01af 0D       		.uleb128 0xd
 636 01b0 703200   		.ascii	"p2\000"
 637 01b3 01       		.byte	0x1
 638 01b4 3101     		.2byte	0x131
 639 01b6 EC010000 		.4byte	0x1ec
 640 01ba 00       		.byte	0x0
 641 01bb 0E       		.uleb128 0xe
 642 01bc 00000000 		.4byte	.Ldebug_ranges0+0x0
 643 01c0 D5010000 		.4byte	0x1d5
 644 01c4 0C       		.uleb128 0xc
 645 01c5 66707000 		.ascii	"fpp\000"
 646 01c9 01       		.byte	0x1
 647 01ca 3A01     		.2byte	0x13a
 648 01cc 9F000000 		.4byte	0x9f
 649 01d0 4C000000 		.4byte	.LLST4
 650 01d4 00       		.byte	0x0
 651 01d5 0F       		.uleb128 0xf
 652 01d6 18000000 		.4byte	.Ldebug_ranges0+0x18
 653 01da 0C       		.uleb128 0xc
 654 01db 66707000 		.ascii	"fpp\000"
 655 01df 01       		.byte	0x1
 656 01e0 4801     		.2byte	0x148
 657 01e2 9F000000 		.4byte	0x9f
 658 01e6 5F000000 		.4byte	.LLST5
 659 01ea 00       		.byte	0x0
 660 01eb 00       		.byte	0x0
 661 01ec 05       		.uleb128 0x5
 662 01ed 04       		.byte	0x4
 663 01ee 65000000 		.4byte	0x65
 664 01f2 10       		.uleb128 0x10
 665 01f3 A7010000 		.4byte	.LASF17
 666 01f7 01       		.byte	0x1
 667 01f8 76       		.byte	0x76
 668 01f9 65000000 		.4byte	0x65
 669 01fd 01       		.byte	0x1
ARM GAS  C:\Users\DNIEL~1\AppData\Local\Temp\ccyM1NLd.s 			page 13


 670 01fe 01       		.byte	0x1
 671 01ff 10       		.uleb128 0x10
 672 0200 1A020000 		.4byte	.LASF18
 673 0204 01       		.byte	0x1
 674 0205 7E       		.byte	0x7e
 675 0206 65000000 		.4byte	0x65
 676 020a 01       		.byte	0x1
 677 020b 01       		.byte	0x1
 678 020c 10       		.uleb128 0x10
 679 020d 2F000000 		.4byte	.LASF19
 680 0211 01       		.byte	0x1
 681 0212 85       		.byte	0x85
 682 0213 65000000 		.4byte	0x65
 683 0217 01       		.byte	0x1
 684 0218 01       		.byte	0x1
 685 0219 10       		.uleb128 0x10
 686 021a F1010000 		.4byte	.LASF20
 687 021e 01       		.byte	0x1
 688 021f 8C       		.byte	0x8c
 689 0220 65000000 		.4byte	0x65
 690 0224 01       		.byte	0x1
 691 0225 01       		.byte	0x1
 692 0226 10       		.uleb128 0x10
 693 0227 26010000 		.4byte	.LASF21
 694 022b 01       		.byte	0x1
 695 022c 92       		.byte	0x92
 696 022d 65000000 		.4byte	0x65
 697 0231 01       		.byte	0x1
 698 0232 01       		.byte	0x1
 699 0233 10       		.uleb128 0x10
 700 0234 DF010000 		.4byte	.LASF22
 701 0238 01       		.byte	0x1
 702 0239 98       		.byte	0x98
 703 023a 65000000 		.4byte	0x65
 704 023e 01       		.byte	0x1
 705 023f 01       		.byte	0x1
 706 0240 10       		.uleb128 0x10
 707 0241 0B000000 		.4byte	.LASF23
 708 0245 01       		.byte	0x1
 709 0246 9E       		.byte	0x9e
 710 0247 65000000 		.4byte	0x65
 711 024b 01       		.byte	0x1
 712 024c 01       		.byte	0x1
 713 024d 10       		.uleb128 0x10
 714 024e 00000000 		.4byte	.LASF24
 715 0252 01       		.byte	0x1
 716 0253 A4       		.byte	0xa4
 717 0254 65000000 		.4byte	0x65
 718 0258 01       		.byte	0x1
 719 0259 01       		.byte	0x1
 720 025a 10       		.uleb128 0x10
 721 025b 1D010000 		.4byte	.LASF25
 722 025f 01       		.byte	0x1
 723 0260 AA       		.byte	0xaa
 724 0261 65000000 		.4byte	0x65
 725 0265 01       		.byte	0x1
 726 0266 01       		.byte	0x1
ARM GAS  C:\Users\DNIEL~1\AppData\Local\Temp\ccyM1NLd.s 			page 14


 727 0267 10       		.uleb128 0x10
 728 0268 07020000 		.4byte	.LASF26
 729 026c 01       		.byte	0x1
 730 026d B0       		.byte	0xb0
 731 026e 8C000000 		.4byte	0x8c
 732 0272 01       		.byte	0x1
 733 0273 01       		.byte	0x1
 734 0274 10       		.uleb128 0x10
 735 0275 E8000000 		.4byte	.LASF27
 736 0279 01       		.byte	0x1
 737 027a B6       		.byte	0xb6
 738 027b 8C000000 		.4byte	0x8c
 739 027f 01       		.byte	0x1
 740 0280 01       		.byte	0x1
 741 0281 10       		.uleb128 0x10
 742 0282 D5000000 		.4byte	.LASF28
 743 0286 01       		.byte	0x1
 744 0287 BC       		.byte	0xbc
 745 0288 8C000000 		.4byte	0x8c
 746 028c 01       		.byte	0x1
 747 028d 01       		.byte	0x1
 748 028e 10       		.uleb128 0x10
 749 028f 12000000 		.4byte	.LASF29
 750 0293 01       		.byte	0x1
 751 0294 C2       		.byte	0xc2
 752 0295 8C000000 		.4byte	0x8c
 753 0299 01       		.byte	0x1
 754 029a 01       		.byte	0x1
 755 029b 10       		.uleb128 0x10
 756 029c A7010000 		.4byte	.LASF17
 757 02a0 01       		.byte	0x1
 758 02a1 76       		.byte	0x76
 759 02a2 65000000 		.4byte	0x65
 760 02a6 01       		.byte	0x1
 761 02a7 01       		.byte	0x1
 762 02a8 10       		.uleb128 0x10
 763 02a9 1A020000 		.4byte	.LASF18
 764 02ad 01       		.byte	0x1
 765 02ae 7E       		.byte	0x7e
 766 02af 65000000 		.4byte	0x65
 767 02b3 01       		.byte	0x1
 768 02b4 01       		.byte	0x1
 769 02b5 10       		.uleb128 0x10
 770 02b6 2F000000 		.4byte	.LASF19
 771 02ba 01       		.byte	0x1
 772 02bb 85       		.byte	0x85
 773 02bc 65000000 		.4byte	0x65
 774 02c0 01       		.byte	0x1
 775 02c1 01       		.byte	0x1
 776 02c2 10       		.uleb128 0x10
 777 02c3 F1010000 		.4byte	.LASF20
 778 02c7 01       		.byte	0x1
 779 02c8 8C       		.byte	0x8c
 780 02c9 65000000 		.4byte	0x65
 781 02cd 01       		.byte	0x1
 782 02ce 01       		.byte	0x1
 783 02cf 10       		.uleb128 0x10
ARM GAS  C:\Users\DNIEL~1\AppData\Local\Temp\ccyM1NLd.s 			page 15


 784 02d0 26010000 		.4byte	.LASF21
 785 02d4 01       		.byte	0x1
 786 02d5 92       		.byte	0x92
 787 02d6 65000000 		.4byte	0x65
 788 02da 01       		.byte	0x1
 789 02db 01       		.byte	0x1
 790 02dc 10       		.uleb128 0x10
 791 02dd DF010000 		.4byte	.LASF22
 792 02e1 01       		.byte	0x1
 793 02e2 98       		.byte	0x98
 794 02e3 65000000 		.4byte	0x65
 795 02e7 01       		.byte	0x1
 796 02e8 01       		.byte	0x1
 797 02e9 10       		.uleb128 0x10
 798 02ea 0B000000 		.4byte	.LASF23
 799 02ee 01       		.byte	0x1
 800 02ef 9E       		.byte	0x9e
 801 02f0 65000000 		.4byte	0x65
 802 02f4 01       		.byte	0x1
 803 02f5 01       		.byte	0x1
 804 02f6 10       		.uleb128 0x10
 805 02f7 00000000 		.4byte	.LASF24
 806 02fb 01       		.byte	0x1
 807 02fc A4       		.byte	0xa4
 808 02fd 65000000 		.4byte	0x65
 809 0301 01       		.byte	0x1
 810 0302 01       		.byte	0x1
 811 0303 10       		.uleb128 0x10
 812 0304 1D010000 		.4byte	.LASF25
 813 0308 01       		.byte	0x1
 814 0309 AA       		.byte	0xaa
 815 030a 65000000 		.4byte	0x65
 816 030e 01       		.byte	0x1
 817 030f 01       		.byte	0x1
 818 0310 10       		.uleb128 0x10
 819 0311 07020000 		.4byte	.LASF26
 820 0315 01       		.byte	0x1
 821 0316 B0       		.byte	0xb0
 822 0317 8C000000 		.4byte	0x8c
 823 031b 01       		.byte	0x1
 824 031c 01       		.byte	0x1
 825 031d 10       		.uleb128 0x10
 826 031e E8000000 		.4byte	.LASF27
 827 0322 01       		.byte	0x1
 828 0323 B6       		.byte	0xb6
 829 0324 8C000000 		.4byte	0x8c
 830 0328 01       		.byte	0x1
 831 0329 01       		.byte	0x1
 832 032a 10       		.uleb128 0x10
 833 032b D5000000 		.4byte	.LASF28
 834 032f 01       		.byte	0x1
 835 0330 BC       		.byte	0xbc
 836 0331 8C000000 		.4byte	0x8c
 837 0335 01       		.byte	0x1
 838 0336 01       		.byte	0x1
 839 0337 10       		.uleb128 0x10
 840 0338 12000000 		.4byte	.LASF29
ARM GAS  C:\Users\DNIEL~1\AppData\Local\Temp\ccyM1NLd.s 			page 16


 841 033c 01       		.byte	0x1
 842 033d C2       		.byte	0xc2
 843 033e 8C000000 		.4byte	0x8c
 844 0342 01       		.byte	0x1
 845 0343 01       		.byte	0x1
 846 0344 00       		.byte	0x0
 847              		.section	.debug_abbrev
 848 0000 01       		.uleb128 0x1
 849 0001 11       		.uleb128 0x11
 850 0002 01       		.byte	0x1
 851 0003 25       		.uleb128 0x25
 852 0004 0E       		.uleb128 0xe
 853 0005 13       		.uleb128 0x13
 854 0006 0B       		.uleb128 0xb
 855 0007 03       		.uleb128 0x3
 856 0008 0E       		.uleb128 0xe
 857 0009 1B       		.uleb128 0x1b
 858 000a 0E       		.uleb128 0xe
 859 000b 11       		.uleb128 0x11
 860 000c 01       		.uleb128 0x1
 861 000d 52       		.uleb128 0x52
 862 000e 01       		.uleb128 0x1
 863 000f 55       		.uleb128 0x55
 864 0010 06       		.uleb128 0x6
 865 0011 10       		.uleb128 0x10
 866 0012 06       		.uleb128 0x6
 867 0013 00       		.byte	0x0
 868 0014 00       		.byte	0x0
 869 0015 02       		.uleb128 0x2
 870 0016 24       		.uleb128 0x24
 871 0017 00       		.byte	0x0
 872 0018 0B       		.uleb128 0xb
 873 0019 0B       		.uleb128 0xb
 874 001a 3E       		.uleb128 0x3e
 875 001b 0B       		.uleb128 0xb
 876 001c 03       		.uleb128 0x3
 877 001d 08       		.uleb128 0x8
 878 001e 00       		.byte	0x0
 879 001f 00       		.byte	0x0
 880 0020 03       		.uleb128 0x3
 881 0021 24       		.uleb128 0x24
 882 0022 00       		.byte	0x0
 883 0023 0B       		.uleb128 0xb
 884 0024 0B       		.uleb128 0xb
 885 0025 3E       		.uleb128 0x3e
 886 0026 0B       		.uleb128 0xb
 887 0027 03       		.uleb128 0x3
 888 0028 0E       		.uleb128 0xe
 889 0029 00       		.byte	0x0
 890 002a 00       		.byte	0x0
 891 002b 04       		.uleb128 0x4
 892 002c 16       		.uleb128 0x16
 893 002d 00       		.byte	0x0
 894 002e 03       		.uleb128 0x3
 895 002f 0E       		.uleb128 0xe
 896 0030 3A       		.uleb128 0x3a
 897 0031 0B       		.uleb128 0xb
ARM GAS  C:\Users\DNIEL~1\AppData\Local\Temp\ccyM1NLd.s 			page 17


 898 0032 3B       		.uleb128 0x3b
 899 0033 0B       		.uleb128 0xb
 900 0034 49       		.uleb128 0x49
 901 0035 13       		.uleb128 0x13
 902 0036 00       		.byte	0x0
 903 0037 00       		.byte	0x0
 904 0038 05       		.uleb128 0x5
 905 0039 0F       		.uleb128 0xf
 906 003a 00       		.byte	0x0
 907 003b 0B       		.uleb128 0xb
 908 003c 0B       		.uleb128 0xb
 909 003d 49       		.uleb128 0x49
 910 003e 13       		.uleb128 0x13
 911 003f 00       		.byte	0x0
 912 0040 00       		.byte	0x0
 913 0041 06       		.uleb128 0x6
 914 0042 15       		.uleb128 0x15
 915 0043 00       		.byte	0x0
 916 0044 27       		.uleb128 0x27
 917 0045 0C       		.uleb128 0xc
 918 0046 00       		.byte	0x0
 919 0047 00       		.byte	0x0
 920 0048 07       		.uleb128 0x7
 921 0049 2E       		.uleb128 0x2e
 922 004a 00       		.byte	0x0
 923 004b 3F       		.uleb128 0x3f
 924 004c 0C       		.uleb128 0xc
 925 004d 03       		.uleb128 0x3
 926 004e 0E       		.uleb128 0xe
 927 004f 3A       		.uleb128 0x3a
 928 0050 0B       		.uleb128 0xb
 929 0051 3B       		.uleb128 0x3b
 930 0052 0B       		.uleb128 0xb
 931 0053 27       		.uleb128 0x27
 932 0054 0C       		.uleb128 0xc
 933 0055 11       		.uleb128 0x11
 934 0056 01       		.uleb128 0x1
 935 0057 12       		.uleb128 0x12
 936 0058 01       		.uleb128 0x1
 937 0059 40       		.uleb128 0x40
 938 005a 0A       		.uleb128 0xa
 939 005b 00       		.byte	0x0
 940 005c 00       		.byte	0x0
 941 005d 08       		.uleb128 0x8
 942 005e 2E       		.uleb128 0x2e
 943 005f 01       		.byte	0x1
 944 0060 3F       		.uleb128 0x3f
 945 0061 0C       		.uleb128 0xc
 946 0062 03       		.uleb128 0x3
 947 0063 0E       		.uleb128 0xe
 948 0064 3A       		.uleb128 0x3a
 949 0065 0B       		.uleb128 0xb
 950 0066 3B       		.uleb128 0x3b
 951 0067 0B       		.uleb128 0xb
 952 0068 27       		.uleb128 0x27
 953 0069 0C       		.uleb128 0xc
 954 006a 11       		.uleb128 0x11
ARM GAS  C:\Users\DNIEL~1\AppData\Local\Temp\ccyM1NLd.s 			page 18


 955 006b 01       		.uleb128 0x1
 956 006c 12       		.uleb128 0x12
 957 006d 01       		.uleb128 0x1
 958 006e 40       		.uleb128 0x40
 959 006f 0A       		.uleb128 0xa
 960 0070 01       		.uleb128 0x1
 961 0071 13       		.uleb128 0x13
 962 0072 00       		.byte	0x0
 963 0073 00       		.byte	0x0
 964 0074 09       		.uleb128 0x9
 965 0075 34       		.uleb128 0x34
 966 0076 00       		.byte	0x0
 967 0077 03       		.uleb128 0x3
 968 0078 08       		.uleb128 0x8
 969 0079 3A       		.uleb128 0x3a
 970 007a 0B       		.uleb128 0xb
 971 007b 3B       		.uleb128 0x3b
 972 007c 0B       		.uleb128 0xb
 973 007d 49       		.uleb128 0x49
 974 007e 13       		.uleb128 0x13
 975 007f 00       		.byte	0x0
 976 0080 00       		.byte	0x0
 977 0081 0A       		.uleb128 0xa
 978 0082 34       		.uleb128 0x34
 979 0083 00       		.byte	0x0
 980 0084 03       		.uleb128 0x3
 981 0085 08       		.uleb128 0x8
 982 0086 3A       		.uleb128 0x3a
 983 0087 0B       		.uleb128 0xb
 984 0088 3B       		.uleb128 0x3b
 985 0089 0B       		.uleb128 0xb
 986 008a 49       		.uleb128 0x49
 987 008b 13       		.uleb128 0x13
 988 008c 1C       		.uleb128 0x1c
 989 008d 0B       		.uleb128 0xb
 990 008e 00       		.byte	0x0
 991 008f 00       		.byte	0x0
 992 0090 0B       		.uleb128 0xb
 993 0091 0B       		.uleb128 0xb
 994 0092 01       		.byte	0x1
 995 0093 11       		.uleb128 0x11
 996 0094 01       		.uleb128 0x1
 997 0095 12       		.uleb128 0x12
 998 0096 01       		.uleb128 0x1
 999 0097 01       		.uleb128 0x1
 1000 0098 13       		.uleb128 0x13
 1001 0099 00       		.byte	0x0
 1002 009a 00       		.byte	0x0
 1003 009b 0C       		.uleb128 0xc
 1004 009c 34       		.uleb128 0x34
 1005 009d 00       		.byte	0x0
 1006 009e 03       		.uleb128 0x3
 1007 009f 08       		.uleb128 0x8
 1008 00a0 3A       		.uleb128 0x3a
 1009 00a1 0B       		.uleb128 0xb
 1010 00a2 3B       		.uleb128 0x3b
 1011 00a3 05       		.uleb128 0x5
ARM GAS  C:\Users\DNIEL~1\AppData\Local\Temp\ccyM1NLd.s 			page 19


 1012 00a4 49       		.uleb128 0x49
 1013 00a5 13       		.uleb128 0x13
 1014 00a6 02       		.uleb128 0x2
 1015 00a7 06       		.uleb128 0x6
 1016 00a8 00       		.byte	0x0
 1017 00a9 00       		.byte	0x0
 1018 00aa 0D       		.uleb128 0xd
 1019 00ab 34       		.uleb128 0x34
 1020 00ac 00       		.byte	0x0
 1021 00ad 03       		.uleb128 0x3
 1022 00ae 08       		.uleb128 0x8
 1023 00af 3A       		.uleb128 0x3a
 1024 00b0 0B       		.uleb128 0xb
 1025 00b1 3B       		.uleb128 0x3b
 1026 00b2 05       		.uleb128 0x5
 1027 00b3 49       		.uleb128 0x49
 1028 00b4 13       		.uleb128 0x13
 1029 00b5 00       		.byte	0x0
 1030 00b6 00       		.byte	0x0
 1031 00b7 0E       		.uleb128 0xe
 1032 00b8 0B       		.uleb128 0xb
 1033 00b9 01       		.byte	0x1
 1034 00ba 55       		.uleb128 0x55
 1035 00bb 06       		.uleb128 0x6
 1036 00bc 01       		.uleb128 0x1
 1037 00bd 13       		.uleb128 0x13
 1038 00be 00       		.byte	0x0
 1039 00bf 00       		.byte	0x0
 1040 00c0 0F       		.uleb128 0xf
 1041 00c1 0B       		.uleb128 0xb
 1042 00c2 01       		.byte	0x1
 1043 00c3 55       		.uleb128 0x55
 1044 00c4 06       		.uleb128 0x6
 1045 00c5 00       		.byte	0x0
 1046 00c6 00       		.byte	0x0
 1047 00c7 10       		.uleb128 0x10
 1048 00c8 34       		.uleb128 0x34
 1049 00c9 00       		.byte	0x0
 1050 00ca 03       		.uleb128 0x3
 1051 00cb 0E       		.uleb128 0xe
 1052 00cc 3A       		.uleb128 0x3a
 1053 00cd 0B       		.uleb128 0xb
 1054 00ce 3B       		.uleb128 0x3b
 1055 00cf 0B       		.uleb128 0xb
 1056 00d0 49       		.uleb128 0x49
 1057 00d1 13       		.uleb128 0x13
 1058 00d2 3F       		.uleb128 0x3f
 1059 00d3 0C       		.uleb128 0xc
 1060 00d4 3C       		.uleb128 0x3c
 1061 00d5 0C       		.uleb128 0xc
 1062 00d6 00       		.byte	0x0
 1063 00d7 00       		.byte	0x0
 1064 00d8 00       		.byte	0x0
 1065              		.section	.debug_pubnames,"",%progbits
 1066 0000 52000000 		.4byte	0x52
 1067 0004 0200     		.2byte	0x2
 1068 0006 00000000 		.4byte	.Ldebug_info0
ARM GAS  C:\Users\DNIEL~1\AppData\Local\Temp\ccyM1NLd.s 			page 20


 1069 000a 45030000 		.4byte	0x345
 1070 000e B0000000 		.4byte	0xb0
 1071 0012 5F5F6561 		.ascii	"__early_init\000"
 1071      726C795F 
 1071      696E6974 
 1071      00
 1072 001f C4000000 		.4byte	0xc4
 1073 0023 5F5F6C61 		.ascii	"__late_init\000"
 1073      74655F69 
 1073      6E697400 
 1074 002f D8000000 		.4byte	0xd8
 1075 0033 5F646566 		.ascii	"_default_exit\000"
 1075      61756C74 
 1075      5F657869 
 1075      7400
 1076 0041 EC000000 		.4byte	0xec
 1077 0045 52657365 		.ascii	"ResetHandler\000"
 1077      7448616E 
 1077      646C6572 
 1077      00
 1078 0052 00000000 		.4byte	0x0
 1079              		.section	.debug_pubtypes,"",%progbits
 1080 0000 40000000 		.4byte	0x40
 1081 0004 0200     		.2byte	0x2
 1082 0006 00000000 		.4byte	.Ldebug_info0
 1083 000a 45030000 		.4byte	0x345
 1084 000e 3E000000 		.4byte	0x3e
 1085 0012 75696E74 		.ascii	"uint8_t\000"
 1085      385F7400 
 1086 001a 65000000 		.4byte	0x65
 1087 001e 75696E74 		.ascii	"uint32_t\000"
 1087      33325F74 
 1087      00
 1088 0027 8C000000 		.4byte	0x8c
 1089 002b 66756E63 		.ascii	"funcp_t\000"
 1089      705F7400 
 1090 0033 9F000000 		.4byte	0x9f
 1091 0037 66756E63 		.ascii	"funcpp_t\000"
 1091      70705F74 
 1091      00
 1092 0040 00000000 		.4byte	0x0
 1093              		.section	.debug_aranges,"",%progbits
 1094 0000 34000000 		.4byte	0x34
 1095 0004 0200     		.2byte	0x2
 1096 0006 00000000 		.4byte	.Ldebug_info0
 1097 000a 04       		.byte	0x4
 1098 000b 00       		.byte	0x0
 1099 000c 0000     		.2byte	0x0
 1100 000e 0000     		.2byte	0x0
 1101 0010 00000000 		.4byte	.LFB7
 1102 0014 02000000 		.4byte	.LFE7-.LFB7
 1103 0018 00000000 		.4byte	.LFB8
 1104 001c 02000000 		.4byte	.LFE8-.LFB8
 1105 0020 00000000 		.4byte	.LFB9
 1106 0024 02000000 		.4byte	.LFE9-.LFB9
 1107 0028 00000000 		.4byte	.LFB10
 1108 002c C4010000 		.4byte	.LFE10-.LFB10
ARM GAS  C:\Users\DNIEL~1\AppData\Local\Temp\ccyM1NLd.s 			page 21


 1109 0030 00000000 		.4byte	0x0
 1110 0034 00000000 		.4byte	0x0
 1111              		.section	.debug_ranges,"",%progbits
 1112              	.Ldebug_ranges0:
 1113 0000 0A010000 		.4byte	.LBB6
 1114 0004 0E010000 		.4byte	.LBE6
 1115 0008 12010000 		.4byte	.LBB7
 1116 000c 4A010000 		.4byte	.LBE7
 1117 0010 00000000 		.4byte	0x0
 1118 0014 00000000 		.4byte	0x0
 1119 0018 4A010000 		.4byte	.LBB8
 1120 001c 4E010000 		.4byte	.LBE8
 1121 0020 52010000 		.4byte	.LBB9
 1122 0024 8C010000 		.4byte	.LBE9
 1123 0028 00000000 		.4byte	0x0
 1124 002c 00000000 		.4byte	0x0
 1125 0030 00000000 		.4byte	.LFB7
 1126 0034 02000000 		.4byte	.LFE7
 1127 0038 00000000 		.4byte	.LFB8
 1128 003c 02000000 		.4byte	.LFE8
 1129 0040 00000000 		.4byte	.LFB9
 1130 0044 02000000 		.4byte	.LFE9
 1131 0048 00000000 		.4byte	.LFB10
 1132 004c C4010000 		.4byte	.LFE10
 1133 0050 00000000 		.4byte	0x0
 1134 0054 00000000 		.4byte	0x0
 1135              		.section	.debug_str,"MS",%progbits,1
 1136              	.LASF24:
 1137 0000 5F627373 		.ascii	"_bss_start\000"
 1137      5F737461 
 1137      727400
 1138              	.LASF23:
 1139 000b 5F656461 		.ascii	"_edata\000"
 1139      746100
 1140              	.LASF29:
 1141 0012 5F5F6669 		.ascii	"__fini_array_end\000"
 1141      6E695F61 
 1141      72726179 
 1141      5F656E64 
 1141      00
 1142              	.LASF30:
 1143 0023 474E5520 		.ascii	"GNU C 4.5.2\000"
 1143      4320342E 
 1143      352E3200 
 1144              	.LASF19:
 1145 002f 5F5F7072 		.ascii	"__process_stack_base__\000"
 1145      6F636573 
 1145      735F7374 
 1145      61636B5F 
 1145      62617365 
 1146              	.LASF31:
 1147 0046 2E2E2F2E 		.ascii	"../../../ChibiOS/os/ports/GCC/ARMCMx/crt0.c\000"
 1147      2E2F2E2E 
 1147      2F436869 
 1147      62694F53 
 1147      2F6F732F 
 1148              	.LASF13:
ARM GAS  C:\Users\DNIEL~1\AppData\Local\Temp\ccyM1NLd.s 			page 22


 1149 0072 66756E63 		.ascii	"funcpp_t\000"
 1149      70705F74 
 1149      00
 1150              	.LASF16:
 1151 007b 5F646566 		.ascii	"_default_exit\000"
 1151      61756C74 
 1151      5F657869 
 1151      7400
 1152              	.LASF2:
 1153 0089 756E7369 		.ascii	"unsigned char\000"
 1153      676E6564 
 1153      20636861 
 1153      7200
 1154              	.LASF15:
 1155 0097 5F5F6C61 		.ascii	"__late_init\000"
 1155      74655F69 
 1155      6E697400 
 1156              	.LASF8:
 1157 00a3 6C6F6E67 		.ascii	"long unsigned int\000"
 1157      20756E73 
 1157      69676E65 
 1157      6420696E 
 1157      7400
 1158              	.LASF33:
 1159 00b5 52657365 		.ascii	"ResetHandler\000"
 1159      7448616E 
 1159      646C6572 
 1159      00
 1160              	.LASF4:
 1161 00c2 73686F72 		.ascii	"short unsigned int\000"
 1161      7420756E 
 1161      7369676E 
 1161      65642069 
 1161      6E7400
 1162              	.LASF28:
 1163 00d5 5F5F6669 		.ascii	"__fini_array_start\000"
 1163      6E695F61 
 1163      72726179 
 1163      5F737461 
 1163      727400
 1164              	.LASF27:
 1165 00e8 5F5F696E 		.ascii	"__init_array_end\000"
 1165      69745F61 
 1165      72726179 
 1165      5F656E64 
 1165      00
 1166              	.LASF0:
 1167 00f9 756E7369 		.ascii	"unsigned int\000"
 1167      676E6564 
 1167      20696E74 
 1167      00
 1168              	.LASF10:
 1169 0106 6C6F6E67 		.ascii	"long long unsigned int\000"
 1169      206C6F6E 
 1169      6720756E 
 1169      7369676E 
 1169      65642069 
ARM GAS  C:\Users\DNIEL~1\AppData\Local\Temp\ccyM1NLd.s 			page 23


 1170              	.LASF25:
 1171 011d 5F627373 		.ascii	"_bss_end\000"
 1171      5F656E64 
 1171      00
 1172              	.LASF21:
 1173 0126 5F746578 		.ascii	"_textdata\000"
 1173      74646174 
 1173      6100
 1174              	.LASF14:
 1175 0130 5F5F6561 		.ascii	"__early_init\000"
 1175      726C795F 
 1175      696E6974 
 1175      00
 1176              	.LASF32:
 1177 013d 433A5C55 		.ascii	"C:\\Users\\D\341niel\\Dropbox\\Solar Racing\\Szoftv"
 1177      73657273 
 1177      5C44E16E 
 1177      69656C5C 
 1177      44726F70 
 1178 0168 65725C53 		.ascii	"er\\Smarty\\Smarty_v6\\smarty\\firmware\000"
 1178      6D617274 
 1178      795C536D 
 1178      61727479 
 1178      5F76365C 
 1179              	.LASF6:
 1180 018c 75696E74 		.ascii	"uint8_t\000"
 1180      385F7400 
 1181              	.LASF9:
 1182 0194 6C6F6E67 		.ascii	"long long int\000"
 1182      206C6F6E 
 1182      6720696E 
 1182      7400
 1183              	.LASF11:
 1184 01a2 63686172 		.ascii	"char\000"
 1184      00
 1185              	.LASF17:
 1186 01a7 5F5F6D61 		.ascii	"__main_stack_base__\000"
 1186      696E5F73 
 1186      7461636B 
 1186      5F626173 
 1186      655F5F00 
 1187              	.LASF3:
 1188 01bb 73686F72 		.ascii	"short int\000"
 1188      7420696E 
 1188      7400
 1189              	.LASF12:
 1190 01c5 66756E63 		.ascii	"funcp_t\000"
 1190      705F7400 
 1191              	.LASF7:
 1192 01cd 75696E74 		.ascii	"uint32_t\000"
 1192      33325F74 
 1192      00
 1193              	.LASF5:
 1194 01d6 6C6F6E67 		.ascii	"long int\000"
 1194      20696E74 
 1194      00
 1195              	.LASF22:
ARM GAS  C:\Users\DNIEL~1\AppData\Local\Temp\ccyM1NLd.s 			page 24


 1196 01df 5F646174 		.ascii	"_data\000"
 1196      6100
 1197              	.LASF1:
 1198 01e5 7369676E 		.ascii	"signed char\000"
 1198      65642063 
 1198      68617200 
 1199              	.LASF20:
 1200 01f1 5F5F7072 		.ascii	"__process_stack_end__\000"
 1200      6F636573 
 1200      735F7374 
 1200      61636B5F 
 1200      656E645F 
 1201              	.LASF26:
 1202 0207 5F5F696E 		.ascii	"__init_array_start\000"
 1202      69745F61 
 1202      72726179 
 1202      5F737461 
 1202      727400
 1203              	.LASF18:
 1204 021a 5F5F6D61 		.ascii	"__main_stack_end__\000"
 1204      696E5F73 
 1204      7461636B 
 1204      5F656E64 
 1204      5F5F00
 1205              		.ident	"GCC: (Sourcery G++ Lite 2011.03-42) 4.5.2"
ARM GAS  C:\Users\DNIEL~1\AppData\Local\Temp\ccyM1NLd.s 			page 25


DEFINED SYMBOLS
                            *ABS*:00000000 crt0.c
C:\Users\DNIEL~1\AppData\Local\Temp\ccyM1NLd.s:24     .text.__early_init:00000000 $t
C:\Users\DNIEL~1\AppData\Local\Temp\ccyM1NLd.s:30     .text.__early_init:00000000 __early_init
C:\Users\DNIEL~1\AppData\Local\Temp\ccyM1NLd.s:44     .text.__late_init:00000000 $t
C:\Users\DNIEL~1\AppData\Local\Temp\ccyM1NLd.s:50     .text.__late_init:00000000 __late_init
C:\Users\DNIEL~1\AppData\Local\Temp\ccyM1NLd.s:63     .text._default_exit:00000000 $t
C:\Users\DNIEL~1\AppData\Local\Temp\ccyM1NLd.s:69     .text._default_exit:00000000 _default_exit
C:\Users\DNIEL~1\AppData\Local\Temp\ccyM1NLd.s:82     .text.ResetHandler:00000000 $t
C:\Users\DNIEL~1\AppData\Local\Temp\ccyM1NLd.s:88     .text.ResetHandler:00000000 ResetHandler
C:\Users\DNIEL~1\AppData\Local\Temp\ccyM1NLd.s:372    .text.ResetHandler:00000190 $d
                     .debug_frame:00000010 $d
C:\Users\DNIEL~1\AppData\Local\Temp\ccyM1NLd.s:388    .text.ResetHandler:000001c4 $t

UNDEFINED SYMBOLS
main
__process_stack_end__
__main_stack_base__
__main_stack_end__
__process_stack_base__
_edata
_data
_textdata
_bss_start
_bss_end
__init_array_start
__init_array_end
__fini_array_start
__fini_array_end
