ARM GAS  C:\Users\DNIEL~1\AppData\Local\Temp\ccJXWK74.s 			page 1


   1              		.syntax unified
   2              		.cpu cortex-m4
   3              		.fpu softvfp
   4              		.eabi_attribute 20, 1
   5              		.eabi_attribute 21, 1
   6              		.eabi_attribute 23, 3
   7              		.eabi_attribute 24, 1
   8              		.eabi_attribute 25, 1
   9              		.eabi_attribute 26, 1
  10              		.eabi_attribute 30, 2
  11              		.eabi_attribute 18, 4
  12              		.thumb
  13              		.file	"dsp.c"
  14              		.section	.debug_abbrev,"",%progbits
  15              	.Ldebug_abbrev0:
  16              		.section	.debug_info,"",%progbits
  17              	.Ldebug_info0:
  18              		.section	.debug_line,"",%progbits
  19              	.Ldebug_line0:
  20 0000 13010000 		.text
  20      0200EB00 
  20      00000201 
  20      FB0E0D00 
  20      01010101 
  21              	.Ltext0:
  22              		.cfi_sections	.debug_frame
  23              		.section	.text.dspInit,"ax",%progbits
  24              		.align	2
  25              		.p2align 4,,15
  26              		.global	dspInit
  27              		.thumb
  28              		.thumb_func
  29              		.type	dspInit, %function
  30              	dspInit:
  31              	.LFB119:
  32              		.file 1 "src/dsp.c"
  33              		.loc 1 46 0
  34              		.cfi_startproc
  35              		@ args = 0, pretend = 0, frame = 0
  36              		@ frame_needed = 0, uses_anonymous_args = 0
  37              		@ link register save eliminated.
  38              		.loc 1 49 0
  39              		.loc 1 47 0
  40 0000 FFF7FEBF 		b	gfx_Cls
  41              		.cfi_endproc
  42              	.LFE119:
  43              		.size	dspInit, .-dspInit
  44 0004 AFF30080 		.section	.text.dspCalc,"ax",%progbits
  44      AFF30080 
  44      AFF30080 
  45              		.align	2
  46              		.p2align 4,,15
  47              		.global	dspCalc
  48              		.thumb
  49              		.thumb_func
  50              		.type	dspCalc, %function
  51              	dspCalc:
ARM GAS  C:\Users\DNIEL~1\AppData\Local\Temp\ccJXWK74.s 			page 2


  52              	.LFB120:
  53              		.loc 1 51 0
  54              		.cfi_startproc
  55              		@ args = 0, pretend = 0, frame = 0
  56              		@ frame_needed = 0, uses_anonymous_args = 0
  57              		@ link register save eliminated.
  58              		.loc 1 54 0
  59              		.loc 1 52 0
  60 0000 FFF7FEBF 		b	gfx_Cls
  61              		.cfi_endproc
  62              	.LFE120:
  63              		.size	dspCalc, .-dspCalc
  64              		.global	dspstate
  65              		.global	dspmessages
  66 0004 AFF30080 		.section	.bss.dspmessages,"aw",%nobits
  66      AFF30080 
  66      AFF30080 
  67              		.type	dspmessages, %object
  68              		.size	dspmessages, 1
  69              	dspmessages:
  70 0000 00       		.space	1
  71              		.section	.bss.dspstate,"aw",%nobits
  72              		.type	dspstate, %object
  73              		.size	dspstate, 1
  74              	dspstate:
  75 0000 00       		.space	1
  76              		.text
  77              	.Letext0:
  78              		.file 2 "../../../ChibiOS/os/ports/common/ARMCMx/CMSIS/include/core_cm4.h"
  79              		.file 3 "c:\\program files (x86)\\codesourcery\\sourcery g++ lite\\bin\\../lib/gcc/arm-none-eabi/4
  80              		.section	.debug_info
  81 0000 72010000 		.4byte	0x172
  82 0004 0200     		.2byte	0x2
  83 0006 00000000 		.4byte	.Ldebug_abbrev0
  84 000a 04       		.byte	0x4
  85 000b 01       		.uleb128 0x1
  86 000c 18000000 		.4byte	.LASF35
  87 0010 01       		.byte	0x1
  88 0011 34000000 		.4byte	.LASF36
  89 0015 5F010000 		.4byte	.LASF37
  90 0019 00000000 		.4byte	0x0
  91 001d 00000000 		.4byte	0x0
  92 0021 00000000 		.4byte	.Ldebug_ranges0+0x0
  93 0025 00000000 		.4byte	.Ldebug_line0
  94 0029 02       		.uleb128 0x2
  95 002a 04       		.byte	0x4
  96 002b 05       		.byte	0x5
  97 002c 696E7400 		.ascii	"int\000"
  98 0030 03       		.uleb128 0x3
  99 0031 04       		.byte	0x4
 100 0032 07       		.byte	0x7
 101 0033 0B010000 		.4byte	.LASF0
 102 0037 03       		.uleb128 0x3
 103 0038 01       		.byte	0x1
 104 0039 06       		.byte	0x6
 105 003a D1010000 		.4byte	.LASF1
 106 003e 03       		.uleb128 0x3
ARM GAS  C:\Users\DNIEL~1\AppData\Local\Temp\ccJXWK74.s 			page 3


 107 003f 01       		.byte	0x1
 108 0040 08       		.byte	0x8
 109 0041 78000000 		.4byte	.LASF2
 110 0045 03       		.uleb128 0x3
 111 0046 02       		.byte	0x2
 112 0047 05       		.byte	0x5
 113 0048 AD010000 		.4byte	.LASF3
 114 004c 03       		.uleb128 0x3
 115 004d 02       		.byte	0x2
 116 004e 07       		.byte	0x7
 117 004f BA000000 		.4byte	.LASF4
 118 0053 04       		.uleb128 0x4
 119 0054 3D010000 		.4byte	.LASF38
 120 0058 03       		.byte	0x3
 121 0059 4F       		.byte	0x4f
 122 005a 5E000000 		.4byte	0x5e
 123 005e 03       		.uleb128 0x3
 124 005f 04       		.byte	0x4
 125 0060 05       		.byte	0x5
 126 0061 C8010000 		.4byte	.LASF5
 127 0065 03       		.uleb128 0x3
 128 0066 04       		.byte	0x4
 129 0067 07       		.byte	0x7
 130 0068 A8000000 		.4byte	.LASF6
 131 006c 03       		.uleb128 0x3
 132 006d 08       		.byte	0x8
 133 006e 05       		.byte	0x5
 134 006f 51010000 		.4byte	.LASF7
 135 0073 03       		.uleb128 0x3
 136 0074 08       		.byte	0x8
 137 0075 07       		.byte	0x7
 138 0076 59000000 		.4byte	.LASF8
 139 007a 03       		.uleb128 0x3
 140 007b 01       		.byte	0x1
 141 007c 02       		.byte	0x2
 142 007d F9010000 		.4byte	.LASF9
 143 0081 03       		.uleb128 0x3
 144 0082 01       		.byte	0x1
 145 0083 08       		.byte	0x8
 146 0084 24010000 		.4byte	.LASF10
 147 0088 05       		.uleb128 0x5
 148 0089 53000000 		.4byte	0x53
 149 008d 06       		.uleb128 0x6
 150 008e 02010000 		.4byte	.LASF13
 151 0092 01       		.byte	0x1
 152 0093 01       		.byte	0x1
 153 0094 14       		.byte	0x14
 154 0095 A6000000 		.4byte	0xa6
 155 0099 07       		.uleb128 0x7
 156 009a A1010000 		.4byte	.LASF11
 157 009e 00       		.sleb128 0
 158 009f 07       		.uleb128 0x7
 159 00a0 18010000 		.4byte	.LASF12
 160 00a4 01       		.sleb128 1
 161 00a5 00       		.byte	0x0
 162 00a6 06       		.uleb128 0x6
 163 00a7 0C000000 		.4byte	.LASF14
ARM GAS  C:\Users\DNIEL~1\AppData\Local\Temp\ccJXWK74.s 			page 4


 164 00ab 01       		.byte	0x1
 165 00ac 01       		.byte	0x1
 166 00ad 1A       		.byte	0x1a
 167 00ae 0D010000 		.4byte	0x10d
 168 00b2 07       		.uleb128 0x7
 169 00b3 DD010000 		.4byte	.LASF15
 170 00b7 00       		.sleb128 0
 171 00b8 07       		.uleb128 0x7
 172 00b9 3E000000 		.4byte	.LASF16
 173 00bd 01       		.sleb128 1
 174 00be 07       		.uleb128 0x7
 175 00bf 8F000000 		.4byte	.LASF17
 176 00c3 02       		.sleb128 2
 177 00c4 07       		.uleb128 0x7
 178 00c5 E3000000 		.4byte	.LASF18
 179 00c9 03       		.sleb128 3
 180 00ca 07       		.uleb128 0x7
 181 00cb B7010000 		.4byte	.LASF19
 182 00cf 04       		.sleb128 4
 183 00d0 07       		.uleb128 0x7
 184 00d1 E7010000 		.4byte	.LASF20
 185 00d5 05       		.sleb128 5
 186 00d6 07       		.uleb128 0x7
 187 00d7 4C000000 		.4byte	.LASF21
 188 00db 06       		.sleb128 6
 189 00dc 07       		.uleb128 0x7
 190 00dd 45010000 		.4byte	.LASF22
 191 00e1 07       		.sleb128 7
 192 00e2 07       		.uleb128 0x7
 193 00e3 D8000000 		.4byte	.LASF23
 194 00e7 08       		.sleb128 8
 195 00e8 07       		.uleb128 0x7
 196 00e9 24000000 		.4byte	.LASF24
 197 00ed 09       		.sleb128 9
 198 00ee 07       		.uleb128 0x7
 199 00ef 92010000 		.4byte	.LASF25
 200 00f3 0A       		.sleb128 10
 201 00f4 07       		.uleb128 0x7
 202 00f5 FF010000 		.4byte	.LASF26
 203 00f9 0B       		.sleb128 11
 204 00fa 07       		.uleb128 0x7
 205 00fb 31010000 		.4byte	.LASF27
 206 00ff 0C       		.sleb128 12
 207 0100 07       		.uleb128 0x7
 208 0101 CD000000 		.4byte	.LASF28
 209 0105 0D       		.sleb128 13
 210 0106 07       		.uleb128 0x7
 211 0107 9C000000 		.4byte	.LASF29
 212 010b 0E       		.sleb128 14
 213 010c 00       		.byte	0x0
 214 010d 08       		.uleb128 0x8
 215 010e 01       		.byte	0x1
 216 010f 29010000 		.4byte	.LASF30
 217 0113 01       		.byte	0x1
 218 0114 2E       		.byte	0x2e
 219 0115 01       		.byte	0x1
 220 0116 00000000 		.4byte	.LFB119
ARM GAS  C:\Users\DNIEL~1\AppData\Local\Temp\ccJXWK74.s 			page 5


 221 011a 04000000 		.4byte	.LFE119
 222 011e 02       		.byte	0x2
 223 011f 7D       		.byte	0x7d
 224 0120 00       		.sleb128 0
 225 0121 08       		.uleb128 0x8
 226 0122 01       		.byte	0x1
 227 0123 70000000 		.4byte	.LASF31
 228 0127 01       		.byte	0x1
 229 0128 33       		.byte	0x33
 230 0129 01       		.byte	0x1
 231 012a 00000000 		.4byte	.LFB120
 232 012e 04000000 		.4byte	.LFE120
 233 0132 02       		.byte	0x2
 234 0133 7D       		.byte	0x7d
 235 0134 00       		.sleb128 0
 236 0135 09       		.uleb128 0x9
 237 0136 F5000000 		.4byte	.LASF32
 238 013a 02       		.byte	0x2
 239 013b 9806     		.2byte	0x698
 240 013d 88000000 		.4byte	0x88
 241 0141 01       		.byte	0x1
 242 0142 01       		.byte	0x1
 243 0143 09       		.uleb128 0x9
 244 0144 F5000000 		.4byte	.LASF32
 245 0148 02       		.byte	0x2
 246 0149 9806     		.2byte	0x698
 247 014b 88000000 		.4byte	0x88
 248 014f 01       		.byte	0x1
 249 0150 01       		.byte	0x1
 250 0151 0A       		.uleb128 0xa
 251 0152 86000000 		.4byte	.LASF33
 252 0156 01       		.byte	0x1
 253 0157 18       		.byte	0x18
 254 0158 8D000000 		.4byte	0x8d
 255 015c 01       		.byte	0x1
 256 015d 05       		.byte	0x5
 257 015e 03       		.byte	0x3
 258 015f 00000000 		.4byte	dspstate
 259 0163 0A       		.uleb128 0xa
 260 0164 00000000 		.4byte	.LASF34
 261 0168 01       		.byte	0x1
 262 0169 2B       		.byte	0x2b
 263 016a A6000000 		.4byte	0xa6
 264 016e 01       		.byte	0x1
 265 016f 05       		.byte	0x5
 266 0170 03       		.byte	0x3
 267 0171 00000000 		.4byte	dspmessages
 268 0175 00       		.byte	0x0
 269              		.section	.debug_abbrev
 270 0000 01       		.uleb128 0x1
 271 0001 11       		.uleb128 0x11
 272 0002 01       		.byte	0x1
 273 0003 25       		.uleb128 0x25
 274 0004 0E       		.uleb128 0xe
 275 0005 13       		.uleb128 0x13
 276 0006 0B       		.uleb128 0xb
 277 0007 03       		.uleb128 0x3
ARM GAS  C:\Users\DNIEL~1\AppData\Local\Temp\ccJXWK74.s 			page 6


 278 0008 0E       		.uleb128 0xe
 279 0009 1B       		.uleb128 0x1b
 280 000a 0E       		.uleb128 0xe
 281 000b 11       		.uleb128 0x11
 282 000c 01       		.uleb128 0x1
 283 000d 52       		.uleb128 0x52
 284 000e 01       		.uleb128 0x1
 285 000f 55       		.uleb128 0x55
 286 0010 06       		.uleb128 0x6
 287 0011 10       		.uleb128 0x10
 288 0012 06       		.uleb128 0x6
 289 0013 00       		.byte	0x0
 290 0014 00       		.byte	0x0
 291 0015 02       		.uleb128 0x2
 292 0016 24       		.uleb128 0x24
 293 0017 00       		.byte	0x0
 294 0018 0B       		.uleb128 0xb
 295 0019 0B       		.uleb128 0xb
 296 001a 3E       		.uleb128 0x3e
 297 001b 0B       		.uleb128 0xb
 298 001c 03       		.uleb128 0x3
 299 001d 08       		.uleb128 0x8
 300 001e 00       		.byte	0x0
 301 001f 00       		.byte	0x0
 302 0020 03       		.uleb128 0x3
 303 0021 24       		.uleb128 0x24
 304 0022 00       		.byte	0x0
 305 0023 0B       		.uleb128 0xb
 306 0024 0B       		.uleb128 0xb
 307 0025 3E       		.uleb128 0x3e
 308 0026 0B       		.uleb128 0xb
 309 0027 03       		.uleb128 0x3
 310 0028 0E       		.uleb128 0xe
 311 0029 00       		.byte	0x0
 312 002a 00       		.byte	0x0
 313 002b 04       		.uleb128 0x4
 314 002c 16       		.uleb128 0x16
 315 002d 00       		.byte	0x0
 316 002e 03       		.uleb128 0x3
 317 002f 0E       		.uleb128 0xe
 318 0030 3A       		.uleb128 0x3a
 319 0031 0B       		.uleb128 0xb
 320 0032 3B       		.uleb128 0x3b
 321 0033 0B       		.uleb128 0xb
 322 0034 49       		.uleb128 0x49
 323 0035 13       		.uleb128 0x13
 324 0036 00       		.byte	0x0
 325 0037 00       		.byte	0x0
 326 0038 05       		.uleb128 0x5
 327 0039 35       		.uleb128 0x35
 328 003a 00       		.byte	0x0
 329 003b 49       		.uleb128 0x49
 330 003c 13       		.uleb128 0x13
 331 003d 00       		.byte	0x0
 332 003e 00       		.byte	0x0
 333 003f 06       		.uleb128 0x6
 334 0040 04       		.uleb128 0x4
ARM GAS  C:\Users\DNIEL~1\AppData\Local\Temp\ccJXWK74.s 			page 7


 335 0041 01       		.byte	0x1
 336 0042 03       		.uleb128 0x3
 337 0043 0E       		.uleb128 0xe
 338 0044 0B       		.uleb128 0xb
 339 0045 0B       		.uleb128 0xb
 340 0046 3A       		.uleb128 0x3a
 341 0047 0B       		.uleb128 0xb
 342 0048 3B       		.uleb128 0x3b
 343 0049 0B       		.uleb128 0xb
 344 004a 01       		.uleb128 0x1
 345 004b 13       		.uleb128 0x13
 346 004c 00       		.byte	0x0
 347 004d 00       		.byte	0x0
 348 004e 07       		.uleb128 0x7
 349 004f 28       		.uleb128 0x28
 350 0050 00       		.byte	0x0
 351 0051 03       		.uleb128 0x3
 352 0052 0E       		.uleb128 0xe
 353 0053 1C       		.uleb128 0x1c
 354 0054 0D       		.uleb128 0xd
 355 0055 00       		.byte	0x0
 356 0056 00       		.byte	0x0
 357 0057 08       		.uleb128 0x8
 358 0058 2E       		.uleb128 0x2e
 359 0059 00       		.byte	0x0
 360 005a 3F       		.uleb128 0x3f
 361 005b 0C       		.uleb128 0xc
 362 005c 03       		.uleb128 0x3
 363 005d 0E       		.uleb128 0xe
 364 005e 3A       		.uleb128 0x3a
 365 005f 0B       		.uleb128 0xb
 366 0060 3B       		.uleb128 0x3b
 367 0061 0B       		.uleb128 0xb
 368 0062 27       		.uleb128 0x27
 369 0063 0C       		.uleb128 0xc
 370 0064 11       		.uleb128 0x11
 371 0065 01       		.uleb128 0x1
 372 0066 12       		.uleb128 0x12
 373 0067 01       		.uleb128 0x1
 374 0068 40       		.uleb128 0x40
 375 0069 0A       		.uleb128 0xa
 376 006a 00       		.byte	0x0
 377 006b 00       		.byte	0x0
 378 006c 09       		.uleb128 0x9
 379 006d 34       		.uleb128 0x34
 380 006e 00       		.byte	0x0
 381 006f 03       		.uleb128 0x3
 382 0070 0E       		.uleb128 0xe
 383 0071 3A       		.uleb128 0x3a
 384 0072 0B       		.uleb128 0xb
 385 0073 3B       		.uleb128 0x3b
 386 0074 05       		.uleb128 0x5
 387 0075 49       		.uleb128 0x49
 388 0076 13       		.uleb128 0x13
 389 0077 3F       		.uleb128 0x3f
 390 0078 0C       		.uleb128 0xc
 391 0079 3C       		.uleb128 0x3c
ARM GAS  C:\Users\DNIEL~1\AppData\Local\Temp\ccJXWK74.s 			page 8


 392 007a 0C       		.uleb128 0xc
 393 007b 00       		.byte	0x0
 394 007c 00       		.byte	0x0
 395 007d 0A       		.uleb128 0xa
 396 007e 34       		.uleb128 0x34
 397 007f 00       		.byte	0x0
 398 0080 03       		.uleb128 0x3
 399 0081 0E       		.uleb128 0xe
 400 0082 3A       		.uleb128 0x3a
 401 0083 0B       		.uleb128 0xb
 402 0084 3B       		.uleb128 0x3b
 403 0085 0B       		.uleb128 0xb
 404 0086 49       		.uleb128 0x49
 405 0087 13       		.uleb128 0x13
 406 0088 3F       		.uleb128 0x3f
 407 0089 0C       		.uleb128 0xc
 408 008a 02       		.uleb128 0x2
 409 008b 0A       		.uleb128 0xa
 410 008c 00       		.byte	0x0
 411 008d 00       		.byte	0x0
 412 008e 00       		.byte	0x0
 413              		.section	.debug_pubnames,"",%progbits
 414 0000 43000000 		.4byte	0x43
 415 0004 0200     		.2byte	0x2
 416 0006 00000000 		.4byte	.Ldebug_info0
 417 000a 76010000 		.4byte	0x176
 418 000e 0D010000 		.4byte	0x10d
 419 0012 64737049 		.ascii	"dspInit\000"
 419      6E697400 
 420 001a 21010000 		.4byte	0x121
 421 001e 64737043 		.ascii	"dspCalc\000"
 421      616C6300 
 422 0026 51010000 		.4byte	0x151
 423 002a 64737073 		.ascii	"dspstate\000"
 423      74617465 
 423      00
 424 0033 63010000 		.4byte	0x163
 425 0037 6473706D 		.ascii	"dspmessages\000"
 425      65737361 
 425      67657300 
 426 0043 00000000 		.4byte	0x0
 427              		.section	.debug_pubtypes,"",%progbits
 428 0000 37000000 		.4byte	0x37
 429 0004 0200     		.2byte	0x2
 430 0006 00000000 		.4byte	.Ldebug_info0
 431 000a 76010000 		.4byte	0x176
 432 000e 53000000 		.4byte	0x53
 433 0012 696E7433 		.ascii	"int32_t\000"
 433      325F7400 
 434 001a 8D000000 		.4byte	0x8d
 435 001e 64737053 		.ascii	"dspState\000"
 435      74617465 
 435      00
 436 0027 A6000000 		.4byte	0xa6
 437 002b 6473704D 		.ascii	"dspMessages\000"
 437      65737361 
 437      67657300 
ARM GAS  C:\Users\DNIEL~1\AppData\Local\Temp\ccJXWK74.s 			page 9


 438 0037 00000000 		.4byte	0x0
 439              		.section	.debug_aranges,"",%progbits
 440 0000 24000000 		.4byte	0x24
 441 0004 0200     		.2byte	0x2
 442 0006 00000000 		.4byte	.Ldebug_info0
 443 000a 04       		.byte	0x4
 444 000b 00       		.byte	0x0
 445 000c 0000     		.2byte	0x0
 446 000e 0000     		.2byte	0x0
 447 0010 00000000 		.4byte	.LFB119
 448 0014 04000000 		.4byte	.LFE119-.LFB119
 449 0018 00000000 		.4byte	.LFB120
 450 001c 04000000 		.4byte	.LFE120-.LFB120
 451 0020 00000000 		.4byte	0x0
 452 0024 00000000 		.4byte	0x0
 453              		.section	.debug_ranges,"",%progbits
 454              	.Ldebug_ranges0:
 455 0000 00000000 		.4byte	.LFB119
 456 0004 04000000 		.4byte	.LFE119
 457 0008 00000000 		.4byte	.LFB120
 458 000c 04000000 		.4byte	.LFE120
 459 0010 00000000 		.4byte	0x0
 460 0014 00000000 		.4byte	0x0
 461              		.section	.debug_str,"MS",%progbits,1
 462              	.LASF34:
 463 0000 6473706D 		.ascii	"dspmessages\000"
 463      65737361 
 463      67657300 
 464              	.LASF14:
 465 000c 6473704D 		.ascii	"dspMessages\000"
 465      65737361 
 465      67657300 
 466              	.LASF35:
 467 0018 474E5520 		.ascii	"GNU C 4.5.2\000"
 467      4320342E 
 467      352E3200 
 468              	.LASF24:
 469 0024 4453505F 		.ascii	"DSP_x10_VOLTAGE\000"
 469      7831305F 
 469      564F4C54 
 469      41474500 
 470              	.LASF36:
 471 0034 7372632F 		.ascii	"src/dsp.c\000"
 471      6473702E 
 471      6300
 472              	.LASF16:
 473 003e 4453505F 		.ascii	"DSP_x10_SPEED\000"
 473      7831305F 
 473      53504545 
 473      4400
 474              	.LASF21:
 475 004c 4453505F 		.ascii	"DSP_x100_CHT\000"
 475      78313030 
 475      5F434854 
 475      00
 476              	.LASF8:
 477 0059 6C6F6E67 		.ascii	"long long unsigned int\000"
ARM GAS  C:\Users\DNIEL~1\AppData\Local\Temp\ccJXWK74.s 			page 10


 477      206C6F6E 
 477      6720756E 
 477      7369676E 
 477      65642069 
 478              	.LASF31:
 479 0070 64737043 		.ascii	"dspCalc\000"
 479      616C6300 
 480              	.LASF2:
 481 0078 756E7369 		.ascii	"unsigned char\000"
 481      676E6564 
 481      20636861 
 481      7200
 482              	.LASF33:
 483 0086 64737073 		.ascii	"dspstate\000"
 483      74617465 
 483      00
 484              	.LASF17:
 485 008f 4453505F 		.ascii	"DSP_x1_SPEED\000"
 485      78315F53 
 485      50454544 
 485      00
 486              	.LASF29:
 487 009c 4453505F 		.ascii	"DSP_NUM_MSG\000"
 487      4E554D5F 
 487      4D534700 
 488              	.LASF6:
 489 00a8 6C6F6E67 		.ascii	"long unsigned int\000"
 489      20756E73 
 489      69676E65 
 489      6420696E 
 489      7400
 490              	.LASF4:
 491 00ba 73686F72 		.ascii	"short unsigned int\000"
 491      7420756E 
 491      7369676E 
 491      65642069 
 491      6E7400
 492              	.LASF28:
 493 00cd 4453505F 		.ascii	"DSP_x1_ETM\000"
 493      78315F45 
 493      544D00
 494              	.LASF23:
 495 00d8 4453505F 		.ascii	"DSP_x1_CHT\000"
 495      78315F43 
 495      485400
 496              	.LASF18:
 497 00e3 4453505F 		.ascii	"DSP_x10_AVG_SPEED\000"
 497      7831305F 
 497      4156475F 
 497      53504545 
 497      4400
 498              	.LASF32:
 499 00f5 49544D5F 		.ascii	"ITM_RxBuffer\000"
 499      52784275 
 499      66666572 
 499      00
 500              	.LASF13:
ARM GAS  C:\Users\DNIEL~1\AppData\Local\Temp\ccJXWK74.s 			page 11


 501 0102 64737053 		.ascii	"dspState\000"
 501      74617465 
 501      00
 502              	.LASF0:
 503 010b 756E7369 		.ascii	"unsigned int\000"
 503      676E6564 
 503      20696E74 
 503      00
 504              	.LASF12:
 505 0118 4453505F 		.ascii	"DSP_RUNNING\000"
 505      52554E4E 
 505      494E4700 
 506              	.LASF10:
 507 0124 63686172 		.ascii	"char\000"
 507      00
 508              	.LASF30:
 509 0129 64737049 		.ascii	"dspInit\000"
 509      6E697400 
 510              	.LASF27:
 511 0131 4453505F 		.ascii	"DSP_x10_ETM\000"
 511      7831305F 
 511      45544D00 
 512              	.LASF38:
 513 013d 696E7433 		.ascii	"int32_t\000"
 513      325F7400 
 514              	.LASF22:
 515 0145 4453505F 		.ascii	"DSP_x10_CHT\000"
 515      7831305F 
 515      43485400 
 516              	.LASF7:
 517 0151 6C6F6E67 		.ascii	"long long int\000"
 517      206C6F6E 
 517      6720696E 
 517      7400
 518              	.LASF37:
 519 015f 433A5C44 		.ascii	"C:\\Dani\\MegaLux\\Repo\\Smarty\\Smarty\\smarty\\fi"
 519      616E695C 
 519      4D656761 
 519      4C75785C 
 519      5265706F 
 520 018b 726D7761 		.ascii	"rmware\000"
 520      726500
 521              	.LASF25:
 522 0192 4453505F 		.ascii	"DSP_x1_VOLTAGE\000"
 522      78315F56 
 522      4F4C5441 
 522      474500
 523              	.LASF11:
 524 01a1 4453505F 		.ascii	"DSP_WAITING\000"
 524      57414954 
 524      494E4700 
 525              	.LASF3:
 526 01ad 73686F72 		.ascii	"short int\000"
 526      7420696E 
 526      7400
 527              	.LASF19:
 528 01b7 4453505F 		.ascii	"DSP_x1_AVG_SPEED\000"
ARM GAS  C:\Users\DNIEL~1\AppData\Local\Temp\ccJXWK74.s 			page 12


 528      78315F41 
 528      56475F53 
 528      50454544 
 528      00
 529              	.LASF5:
 530 01c8 6C6F6E67 		.ascii	"long int\000"
 530      20696E74 
 530      00
 531              	.LASF1:
 532 01d1 7369676E 		.ascii	"signed char\000"
 532      65642063 
 532      68617200 
 533              	.LASF15:
 534 01dd 4453505F 		.ascii	"DSP_SPEED\000"
 534      53504545 
 534      4400
 535              	.LASF20:
 536 01e7 4453505F 		.ascii	"DSP_x01_AVG_SPEED\000"
 536      7830315F 
 536      4156475F 
 536      53504545 
 536      4400
 537              	.LASF9:
 538 01f9 5F426F6F 		.ascii	"_Bool\000"
 538      6C00
 539              	.LASF26:
 540 01ff 4453505F 		.ascii	"DSP_x01_VOLTAGE\000"
 540      7830315F 
 540      564F4C54 
 540      41474500 
 541              		.ident	"GCC: (Sourcery G++ Lite 2011.03-42) 4.5.2"
ARM GAS  C:\Users\DNIEL~1\AppData\Local\Temp\ccJXWK74.s 			page 13


DEFINED SYMBOLS
                            *ABS*:00000000 dsp.c
C:\Users\DNIEL~1\AppData\Local\Temp\ccJXWK74.s:24     .text.dspInit:00000000 $t
C:\Users\DNIEL~1\AppData\Local\Temp\ccJXWK74.s:30     .text.dspInit:00000000 dspInit
C:\Users\DNIEL~1\AppData\Local\Temp\ccJXWK74.s:45     .text.dspCalc:00000000 $t
C:\Users\DNIEL~1\AppData\Local\Temp\ccJXWK74.s:51     .text.dspCalc:00000000 dspCalc
C:\Users\DNIEL~1\AppData\Local\Temp\ccJXWK74.s:74     .bss.dspstate:00000000 dspstate
C:\Users\DNIEL~1\AppData\Local\Temp\ccJXWK74.s:69     .bss.dspmessages:00000000 dspmessages
C:\Users\DNIEL~1\AppData\Local\Temp\ccJXWK74.s:70     .bss.dspmessages:00000000 $d
C:\Users\DNIEL~1\AppData\Local\Temp\ccJXWK74.s:75     .bss.dspstate:00000000 $d
                     .debug_frame:00000010 $d

UNDEFINED SYMBOLS
gfx_Cls
