ARM GAS  C:\Users\DNIEL~1\AppData\Local\Temp\cc1zzeyD.s 			page 1


   1              		.syntax unified
   2              		.cpu cortex-m4
   3              		.fpu softvfp
   4              		.eabi_attribute 20, 1
   5              		.eabi_attribute 21, 1
   6              		.eabi_attribute 23, 3
   7              		.eabi_attribute 24, 1
   8              		.eabi_attribute 25, 1
   9              		.eabi_attribute 26, 1
  10              		.eabi_attribute 30, 2
  11              		.eabi_attribute 34, 1
  12              		.eabi_attribute 18, 4
  13              		.thumb
  14              		.file	"evtimer.c"
  15              		.text
  16              	.Ltext0:
  17              		.cfi_sections	.debug_frame
  18              		.section	.text.tmrcb,"ax",%progbits
  19              		.align	2
  20              		.p2align 4,,15
  21              		.thumb
  22              		.thumb_func
  23              		.type	tmrcb, %function
  24              	tmrcb:
  25              	.LFB7:
  26              		.file 1 "../../../ChibiOS/os/various/evtimer.c"
  27              		.loc 1 32 0
  28              		.cfi_startproc
  29              		@ args = 0, pretend = 0, frame = 0
  30              		@ frame_needed = 0, uses_anonymous_args = 0
  31              	.LVL0:
  32 0000 10B5     		push	{r4, lr}
  33              	.LCFI0:
  34              		.cfi_def_cfa_offset 8
  35              		.cfi_offset 4, -8
  36              		.cfi_offset 14, -4
  37              	.LBB2:
  38              		.loc 1 35 0
  39 0002 2023     		movs	r3, #32
  40              	.LVL1:
  41              	.LBE2:
  42              		.loc 1 32 0
  43 0004 0446     		mov	r4, r0
  44              	.LVL2:
  45              	.LBB3:
  46              		.loc 1 35 0
  47              	@ 35 "../../../ChibiOS/os/various/evtimer.c" 1
  48 0006 83F31188 		msr     BASEPRI, r3
  49              	@ 0 "" 2
  50              	.LVL3:
  51              		.thumb
  52              	.LBE3:
  53              		.loc 1 36 0
  54 000a 0021     		movs	r1, #0
  55 000c 00F11400 		add	r0, r0, #20
  56              	.LVL4:
  57 0010 FFF7FEFF 		bl	chEvtBroadcastFlagsI
ARM GAS  C:\Users\DNIEL~1\AppData\Local\Temp\cc1zzeyD.s 			page 2


  58              	.LVL5:
  59              		.loc 1 37 0
  60 0014 40F20002 		movw	r2, #:lower16:tmrcb
  61 0018 2346     		mov	r3, r4
  62 001a 2046     		mov	r0, r4
  63 001c A169     		ldr	r1, [r4, #24]
  64 001e C0F20002 		movt	r2, #:upper16:tmrcb
  65 0022 FFF7FEFF 		bl	chVTSetI
  66              	.LVL6:
  67              	.LBB4:
  68              		.loc 1 38 0
  69 0026 0023     		movs	r3, #0
  70              	.LVL7:
  71              	@ 38 "../../../ChibiOS/os/various/evtimer.c" 1
  72 0028 83F31188 		msr     BASEPRI, r3
  73              	@ 0 "" 2
  74              	.LVL8:
  75              		.thumb
  76 002c 10BD     		pop	{r4, pc}
  77              	.LBE4:
  78              		.cfi_endproc
  79              	.LFE7:
  80              		.size	tmrcb, .-tmrcb
  81 002e 00BF     		.section	.text.evtStart,"ax",%progbits
  82              		.align	2
  83              		.p2align 4,,15
  84              		.global	evtStart
  85              		.thumb
  86              		.thumb_func
  87              		.type	evtStart, %function
  88              	evtStart:
  89              	.LFB8:
  90              		.loc 1 47 0
  91              		.cfi_startproc
  92              		@ args = 0, pretend = 0, frame = 0
  93              		@ frame_needed = 0, uses_anonymous_args = 0
  94              	.LVL9:
  95 0000 10B5     		push	{r4, lr}
  96              	.LCFI1:
  97              		.cfi_def_cfa_offset 8
  98              		.cfi_offset 4, -8
  99              		.cfi_offset 14, -4
 100              	.LBB5:
 101              		.loc 1 49 0
 102 0002 2023     		movs	r3, #32
 103              	.LVL10:
 104              	.LBE5:
 105              		.loc 1 47 0
 106 0004 0446     		mov	r4, r0
 107              	.LBB6:
 108              		.loc 1 49 0
 109              	@ 49 "../../../ChibiOS/os/various/evtimer.c" 1
 110 0006 83F31188 		msr     BASEPRI, r3
 111              	@ 0 "" 2
 112              	.LVL11:
 113              		.thumb
 114              	.LBE6:
ARM GAS  C:\Users\DNIEL~1\AppData\Local\Temp\cc1zzeyD.s 			page 3


 115              		.loc 1 51 0
 116 000a C368     		ldr	r3, [r0, #12]
 117              	.LVL12:
 118 000c 1BB1     		cbz	r3, .L5
 119              	.LVL13:
 120              	.L3:
 121              	.LBB7:
 122              		.loc 1 54 0
 123 000e 0023     		movs	r3, #0
 124              	.LVL14:
 125              	@ 54 "../../../ChibiOS/os/various/evtimer.c" 1
 126 0010 83F31188 		msr     BASEPRI, r3
 127              	@ 0 "" 2
 128              	.LVL15:
 129              		.thumb
 130 0014 10BD     		pop	{r4, pc}
 131              	.LVL16:
 132              	.L5:
 133              	.LBE7:
 134              		.loc 1 52 0
 135 0016 8169     		ldr	r1, [r0, #24]
 136 0018 024A     		ldr	r2, .L6
 137 001a 0346     		mov	r3, r0
 138 001c FFF7FEFF 		bl	chVTSetI
 139              	.LVL17:
 140 0020 F5E7     		b	.L3
 141              	.L7:
 142 0022 00BF     		.align	2
 143              	.L6:
 144 0024 00000000 		.word	tmrcb
 145              		.cfi_endproc
 146              	.LFE8:
 147              		.size	evtStart, .-evtStart
 148 0028 AFF30080 		.section	.text.evtStop,"ax",%progbits
 148      AFF30080 
 149              		.align	2
 150              		.p2align 4,,15
 151              		.global	evtStop
 152              		.thumb
 153              		.thumb_func
 154              		.type	evtStop, %function
 155              	evtStop:
 156              	.LFB9:
 157              		.loc 1 63 0
 158              		.cfi_startproc
 159              		@ args = 0, pretend = 0, frame = 0
 160              		@ frame_needed = 0, uses_anonymous_args = 0
 161              	.LVL18:
 162 0000 08B5     		push	{r3, lr}
 163              	.LCFI2:
 164              		.cfi_def_cfa_offset 8
 165              		.cfi_offset 3, -8
 166              		.cfi_offset 14, -4
 167              	.LBB8:
 168              		.loc 1 65 0
 169 0002 2023     		movs	r3, #32
 170              	.LVL19:
ARM GAS  C:\Users\DNIEL~1\AppData\Local\Temp\cc1zzeyD.s 			page 4


 171              	@ 65 "../../../ChibiOS/os/various/evtimer.c" 1
 172 0004 83F31188 		msr     BASEPRI, r3
 173              	@ 0 "" 2
 174              	.LVL20:
 175              		.thumb
 176              	.LBE8:
 177 0008 C368     		ldr	r3, [r0, #12]
 178              	.LVL21:
 179 000a 0BB1     		cbz	r3, .L9
 180              		.loc 1 65 0 is_stmt 0 discriminator 1
 181 000c FFF7FEFF 		bl	chVTResetI
 182              	.LVL22:
 183              	.L9:
 184              	.LBB9:
 185              		.loc 1 65 0 discriminator 2
 186 0010 0023     		movs	r3, #0
 187              	.LVL23:
 188              	@ 65 "../../../ChibiOS/os/various/evtimer.c" 1
 189 0012 83F31188 		msr     BASEPRI, r3
 190              	@ 0 "" 2
 191              	.LVL24:
 192              		.thumb
 193 0016 08BD     		pop	{r3, pc}
 194              	.LBE9:
 195              		.cfi_endproc
 196              	.LFE9:
 197              		.size	evtStop, .-evtStop
 198 0018 AFF30080 		.text
 198      AFF30080 
 199              	.Letext0:
 200              		.file 2 "c:\\chibistudio\\tools\\gnu tools arm embedded\\4.7 2014q2\\bin\\../lib/gcc/arm-none-eabi
 201              		.file 3 "../../../ChibiOS/os/ports/GCC/ARMCMx/chtypes.h"
 202              		.file 4 "../../../ChibiOS/os/kernel/include/chlists.h"
 203              		.file 5 "../../../ChibiOS/os/kernel/include/chthreads.h"
 204              		.file 6 "../../../ChibiOS/os/ports/GCC/ARMCMx/chcore_v7m.h"
 205              		.file 7 "../../../ChibiOS/os/kernel/include/chvt.h"
 206              		.file 8 "../../../ChibiOS/os/kernel/include/chmtx.h"
 207              		.file 9 "../../../ChibiOS/os/kernel/include/chevents.h"
 208              		.file 10 "../../../ChibiOS/os/various/evtimer.h"
 209              		.section	.debug_info,"",%progbits
 210              	.Ldebug_info0:
 211 0000 02070000 		.4byte	0x702
 212 0004 0200     		.2byte	0x2
 213 0006 00000000 		.4byte	.Ldebug_abbrev0
 214 000a 04       		.byte	0x4
 215 000b 01       		.uleb128 0x1
 216 000c 8C010000 		.4byte	.LASF78
 217 0010 01       		.byte	0x1
 218 0011 12000000 		.4byte	.LASF79
 219 0015 17030000 		.4byte	.LASF80
 220 0019 30000000 		.4byte	.Ldebug_ranges0+0x30
 221 001d 00000000 		.4byte	0
 222 0021 00000000 		.4byte	0
 223 0025 00000000 		.4byte	.Ldebug_line0
 224 0029 02       		.uleb128 0x2
 225 002a 04       		.byte	0x4
 226 002b 05       		.byte	0x5
ARM GAS  C:\Users\DNIEL~1\AppData\Local\Temp\cc1zzeyD.s 			page 5


 227 002c 696E7400 		.ascii	"int\000"
 228 0030 03       		.uleb128 0x3
 229 0031 04       		.byte	0x4
 230 0032 07       		.byte	0x7
 231 0033 F7000000 		.4byte	.LASF0
 232 0037 03       		.uleb128 0x3
 233 0038 01       		.byte	0x1
 234 0039 06       		.byte	0x6
 235 003a 7D000000 		.4byte	.LASF1
 236 003e 04       		.uleb128 0x4
 237 003f 42030000 		.4byte	.LASF5
 238 0043 02       		.byte	0x2
 239 0044 2A       		.byte	0x2a
 240 0045 49000000 		.4byte	0x49
 241 0049 03       		.uleb128 0x3
 242 004a 01       		.byte	0x1
 243 004b 08       		.byte	0x8
 244 004c 11020000 		.4byte	.LASF2
 245 0050 03       		.uleb128 0x3
 246 0051 02       		.byte	0x2
 247 0052 05       		.byte	0x5
 248 0053 3E020000 		.4byte	.LASF3
 249 0057 03       		.uleb128 0x3
 250 0058 02       		.byte	0x2
 251 0059 07       		.byte	0x7
 252 005a 26010000 		.4byte	.LASF4
 253 005e 04       		.uleb128 0x4
 254 005f 09020000 		.4byte	.LASF6
 255 0063 02       		.byte	0x2
 256 0064 4F       		.byte	0x4f
 257 0065 69000000 		.4byte	0x69
 258 0069 03       		.uleb128 0x3
 259 006a 04       		.byte	0x4
 260 006b 05       		.byte	0x5
 261 006c AB000000 		.4byte	.LASF7
 262 0070 04       		.uleb128 0x4
 263 0071 8D020000 		.4byte	.LASF8
 264 0075 02       		.byte	0x2
 265 0076 50       		.byte	0x50
 266 0077 7B000000 		.4byte	0x7b
 267 007b 03       		.uleb128 0x3
 268 007c 04       		.byte	0x4
 269 007d 07       		.byte	0x7
 270 007e 0C010000 		.4byte	.LASF9
 271 0082 03       		.uleb128 0x3
 272 0083 08       		.byte	0x8
 273 0084 05       		.byte	0x5
 274 0085 6F000000 		.4byte	.LASF10
 275 0089 03       		.uleb128 0x3
 276 008a 08       		.byte	0x8
 277 008b 07       		.byte	0x7
 278 008c 3F000000 		.4byte	.LASF11
 279 0090 04       		.uleb128 0x4
 280 0091 47010000 		.4byte	.LASF12
 281 0095 03       		.byte	0x3
 282 0096 28       		.byte	0x28
 283 0097 3E000000 		.4byte	0x3e
ARM GAS  C:\Users\DNIEL~1\AppData\Local\Temp\cc1zzeyD.s 			page 6


 284 009b 04       		.uleb128 0x4
 285 009c B4000000 		.4byte	.LASF13
 286 00a0 03       		.byte	0x3
 287 00a1 29       		.byte	0x29
 288 00a2 3E000000 		.4byte	0x3e
 289 00a6 04       		.uleb128 0x4
 290 00a7 F2010000 		.4byte	.LASF14
 291 00ab 03       		.byte	0x3
 292 00ac 2A       		.byte	0x2a
 293 00ad 3E000000 		.4byte	0x3e
 294 00b1 04       		.uleb128 0x4
 295 00b2 A1000000 		.4byte	.LASF15
 296 00b6 03       		.byte	0x3
 297 00b7 2B       		.byte	0x2b
 298 00b8 3E000000 		.4byte	0x3e
 299 00bc 04       		.uleb128 0x4
 300 00bd 01020000 		.4byte	.LASF16
 301 00c1 03       		.byte	0x3
 302 00c2 2C       		.byte	0x2c
 303 00c3 70000000 		.4byte	0x70
 304 00c7 04       		.uleb128 0x4
 305 00c8 39010000 		.4byte	.LASF17
 306 00cc 03       		.byte	0x3
 307 00cd 2D       		.byte	0x2d
 308 00ce 5E000000 		.4byte	0x5e
 309 00d2 04       		.uleb128 0x4
 310 00d3 5B010000 		.4byte	.LASF18
 311 00d7 03       		.byte	0x3
 312 00d8 2F       		.byte	0x2f
 313 00d9 70000000 		.4byte	0x70
 314 00dd 04       		.uleb128 0x4
 315 00de 04030000 		.4byte	.LASF19
 316 00e2 03       		.byte	0x3
 317 00e3 30       		.byte	0x30
 318 00e4 70000000 		.4byte	0x70
 319 00e8 04       		.uleb128 0x4
 320 00e9 B5020000 		.4byte	.LASF20
 321 00ed 03       		.byte	0x3
 322 00ee 31       		.byte	0x31
 323 00ef 70000000 		.4byte	0x70
 324 00f3 04       		.uleb128 0x4
 325 00f4 70020000 		.4byte	.LASF21
 326 00f8 04       		.byte	0x4
 327 00f9 23       		.byte	0x23
 328 00fa FE000000 		.4byte	0xfe
 329 00fe 05       		.uleb128 0x5
 330 00ff 70020000 		.4byte	.LASF21
 331 0103 48       		.byte	0x48
 332 0104 05       		.byte	0x5
 333 0105 57       		.byte	0x57
 334 0106 23020000 		.4byte	0x223
 335 010a 06       		.uleb128 0x6
 336 010b 61020000 		.4byte	.LASF22
 337 010f 05       		.byte	0x5
 338 0110 58       		.byte	0x58
 339 0111 48020000 		.4byte	0x248
 340 0115 02       		.byte	0x2
ARM GAS  C:\Users\DNIEL~1\AppData\Local\Temp\cc1zzeyD.s 			page 7


 341 0116 23       		.byte	0x23
 342 0117 00       		.uleb128 0
 343 0118 06       		.uleb128 0x6
 344 0119 FA010000 		.4byte	.LASF23
 345 011d 05       		.byte	0x5
 346 011e 5A       		.byte	0x5a
 347 011f 48020000 		.4byte	0x248
 348 0123 02       		.byte	0x2
 349 0124 23       		.byte	0x23
 350 0125 04       		.uleb128 0x4
 351 0126 06       		.uleb128 0x6
 352 0127 68000000 		.4byte	.LASF24
 353 012b 05       		.byte	0x5
 354 012c 5C       		.byte	0x5c
 355 012d BC000000 		.4byte	0xbc
 356 0131 02       		.byte	0x2
 357 0132 23       		.byte	0x23
 358 0133 08       		.uleb128 0x8
 359 0134 06       		.uleb128 0x6
 360 0135 7C030000 		.4byte	.LASF25
 361 0139 05       		.byte	0x5
 362 013a 5D       		.byte	0x5d
 363 013b 16030000 		.4byte	0x316
 364 013f 02       		.byte	0x2
 365 0140 23       		.byte	0x23
 366 0141 0C       		.uleb128 0xc
 367 0142 06       		.uleb128 0x6
 368 0143 D2000000 		.4byte	.LASF26
 369 0147 05       		.byte	0x5
 370 0148 5F       		.byte	0x5f
 371 0149 48020000 		.4byte	0x248
 372 014d 02       		.byte	0x2
 373 014e 23       		.byte	0x23
 374 014f 10       		.uleb128 0x10
 375 0150 06       		.uleb128 0x6
 376 0151 D5010000 		.4byte	.LASF27
 377 0155 05       		.byte	0x5
 378 0156 60       		.byte	0x60
 379 0157 48020000 		.4byte	0x248
 380 015b 02       		.byte	0x2
 381 015c 23       		.byte	0x23
 382 015d 14       		.uleb128 0x14
 383 015e 06       		.uleb128 0x6
 384 015f 5F030000 		.4byte	.LASF28
 385 0163 05       		.byte	0x5
 386 0164 67       		.byte	0x67
 387 0165 BF040000 		.4byte	0x4bf
 388 0169 02       		.byte	0x2
 389 016a 23       		.byte	0x23
 390 016b 18       		.uleb128 0x18
 391 016c 06       		.uleb128 0x6
 392 016d 48020000 		.4byte	.LASF29
 393 0171 05       		.byte	0x5
 394 0172 72       		.byte	0x72
 395 0173 9B000000 		.4byte	0x9b
 396 0177 02       		.byte	0x2
 397 0178 23       		.byte	0x23
ARM GAS  C:\Users\DNIEL~1\AppData\Local\Temp\cc1zzeyD.s 			page 8


 398 0179 1C       		.uleb128 0x1c
 399 017a 06       		.uleb128 0x6
 400 017b 68020000 		.4byte	.LASF30
 401 017f 05       		.byte	0x5
 402 0180 76       		.byte	0x76
 403 0181 90000000 		.4byte	0x90
 404 0185 02       		.byte	0x2
 405 0186 23       		.byte	0x23
 406 0187 1D       		.uleb128 0x1d
 407 0188 06       		.uleb128 0x6
 408 0189 10030000 		.4byte	.LASF31
 409 018d 05       		.byte	0x5
 410 018e 7B       		.byte	0x7b
 411 018f A6000000 		.4byte	0xa6
 412 0193 02       		.byte	0x2
 413 0194 23       		.byte	0x23
 414 0195 1E       		.uleb128 0x1e
 415 0196 06       		.uleb128 0x6
 416 0197 50020000 		.4byte	.LASF32
 417 019b 05       		.byte	0x5
 418 019c 81       		.byte	0x81
 419 019d B1000000 		.4byte	0xb1
 420 01a1 02       		.byte	0x2
 421 01a2 23       		.byte	0x23
 422 01a3 1F       		.uleb128 0x1f
 423 01a4 06       		.uleb128 0x6
 424 01a5 DB020000 		.4byte	.LASF33
 425 01a9 05       		.byte	0x5
 426 01aa 88       		.byte	0x88
 427 01ab C1030000 		.4byte	0x3c1
 428 01af 02       		.byte	0x2
 429 01b0 23       		.byte	0x23
 430 01b1 20       		.uleb128 0x20
 431 01b2 07       		.uleb128 0x7
 432 01b3 705F7500 		.ascii	"p_u\000"
 433 01b7 05       		.byte	0x5
 434 01b8 AD       		.byte	0xad
 435 01b9 8A040000 		.4byte	0x48a
 436 01bd 02       		.byte	0x2
 437 01be 23       		.byte	0x23
 438 01bf 24       		.uleb128 0x24
 439 01c0 06       		.uleb128 0x6
 440 01c1 82030000 		.4byte	.LASF34
 441 01c5 05       		.byte	0x5
 442 01c6 B2       		.byte	0xb2
 443 01c7 70020000 		.4byte	0x270
 444 01cb 02       		.byte	0x2
 445 01cc 23       		.byte	0x23
 446 01cd 28       		.uleb128 0x28
 447 01ce 06       		.uleb128 0x6
 448 01cf F2020000 		.4byte	.LASF35
 449 01d3 05       		.byte	0x5
 450 01d4 B8       		.byte	0xb8
 451 01d5 4E020000 		.4byte	0x24e
 452 01d9 02       		.byte	0x2
 453 01da 23       		.byte	0x23
 454 01db 2C       		.uleb128 0x2c
ARM GAS  C:\Users\DNIEL~1\AppData\Local\Temp\cc1zzeyD.s 			page 9


 455 01dc 06       		.uleb128 0x6
 456 01dd 0C000000 		.4byte	.LASF36
 457 01e1 05       		.byte	0x5
 458 01e2 BC       		.byte	0xbc
 459 01e3 C7000000 		.4byte	0xc7
 460 01e7 02       		.byte	0x2
 461 01e8 23       		.byte	0x23
 462 01e9 34       		.uleb128 0x34
 463 01ea 06       		.uleb128 0x6
 464 01eb 82020000 		.4byte	.LASF37
 465 01ef 05       		.byte	0x5
 466 01f0 C2       		.byte	0xc2
 467 01f1 D2000000 		.4byte	0xd2
 468 01f5 02       		.byte	0x2
 469 01f6 23       		.byte	0x23
 470 01f7 38       		.uleb128 0x38
 471 01f8 06       		.uleb128 0x6
 472 01f9 34020000 		.4byte	.LASF38
 473 01fd 05       		.byte	0x5
 474 01fe C9       		.byte	0xc9
 475 01ff D1040000 		.4byte	0x4d1
 476 0203 02       		.byte	0x2
 477 0204 23       		.byte	0x23
 478 0205 3C       		.uleb128 0x3c
 479 0206 06       		.uleb128 0x6
 480 0207 BF020000 		.4byte	.LASF39
 481 020b 05       		.byte	0x5
 482 020c CD       		.byte	0xcd
 483 020d BC000000 		.4byte	0xbc
 484 0211 02       		.byte	0x2
 485 0212 23       		.byte	0x23
 486 0213 40       		.uleb128 0x40
 487 0214 06       		.uleb128 0x6
 488 0215 91000000 		.4byte	.LASF40
 489 0219 05       		.byte	0x5
 490 021a D3       		.byte	0xd3
 491 021b 86020000 		.4byte	0x286
 492 021f 02       		.byte	0x2
 493 0220 23       		.byte	0x23
 494 0221 44       		.uleb128 0x44
 495 0222 00       		.byte	0
 496 0223 08       		.uleb128 0x8
 497 0224 08       		.byte	0x8
 498 0225 04       		.byte	0x4
 499 0226 5A       		.byte	0x5a
 500 0227 48020000 		.4byte	0x248
 501 022b 06       		.uleb128 0x6
 502 022c 61020000 		.4byte	.LASF22
 503 0230 04       		.byte	0x4
 504 0231 5B       		.byte	0x5b
 505 0232 48020000 		.4byte	0x248
 506 0236 02       		.byte	0x2
 507 0237 23       		.byte	0x23
 508 0238 00       		.uleb128 0
 509 0239 06       		.uleb128 0x6
 510 023a FA010000 		.4byte	.LASF23
 511 023e 04       		.byte	0x4
ARM GAS  C:\Users\DNIEL~1\AppData\Local\Temp\cc1zzeyD.s 			page 10


 512 023f 5D       		.byte	0x5d
 513 0240 48020000 		.4byte	0x248
 514 0244 02       		.byte	0x2
 515 0245 23       		.byte	0x23
 516 0246 04       		.uleb128 0x4
 517 0247 00       		.byte	0
 518 0248 09       		.uleb128 0x9
 519 0249 04       		.byte	0x4
 520 024a F3000000 		.4byte	0xf3
 521 024e 04       		.uleb128 0x4
 522 024f DD010000 		.4byte	.LASF41
 523 0253 04       		.byte	0x4
 524 0254 5F       		.byte	0x5f
 525 0255 23020000 		.4byte	0x223
 526 0259 08       		.uleb128 0x8
 527 025a 04       		.byte	0x4
 528 025b 04       		.byte	0x4
 529 025c 64       		.byte	0x64
 530 025d 70020000 		.4byte	0x270
 531 0261 06       		.uleb128 0x6
 532 0262 61020000 		.4byte	.LASF22
 533 0266 04       		.byte	0x4
 534 0267 66       		.byte	0x66
 535 0268 48020000 		.4byte	0x248
 536 026c 02       		.byte	0x2
 537 026d 23       		.byte	0x23
 538 026e 00       		.uleb128 0
 539 026f 00       		.byte	0
 540 0270 04       		.uleb128 0x4
 541 0271 4F010000 		.4byte	.LASF42
 542 0275 04       		.byte	0x4
 543 0276 69       		.byte	0x69
 544 0277 59020000 		.4byte	0x259
 545 027b 04       		.uleb128 0x4
 546 027c DA000000 		.4byte	.LASF43
 547 0280 06       		.byte	0x6
 548 0281 DE       		.byte	0xde
 549 0282 86020000 		.4byte	0x286
 550 0286 0A       		.uleb128 0xa
 551 0287 04       		.byte	0x4
 552 0288 0B       		.uleb128 0xb
 553 0289 EB020000 		.4byte	.LASF44
 554 028d 24       		.byte	0x24
 555 028e 06       		.byte	0x6
 556 028f 0501     		.2byte	0x105
 557 0291 16030000 		.4byte	0x316
 558 0295 0C       		.uleb128 0xc
 559 0296 723400   		.ascii	"r4\000"
 560 0299 06       		.byte	0x6
 561 029a 1801     		.2byte	0x118
 562 029c 7B020000 		.4byte	0x27b
 563 02a0 02       		.byte	0x2
 564 02a1 23       		.byte	0x23
 565 02a2 00       		.uleb128 0
 566 02a3 0C       		.uleb128 0xc
 567 02a4 723500   		.ascii	"r5\000"
 568 02a7 06       		.byte	0x6
ARM GAS  C:\Users\DNIEL~1\AppData\Local\Temp\cc1zzeyD.s 			page 11


 569 02a8 1901     		.2byte	0x119
 570 02aa 7B020000 		.4byte	0x27b
 571 02ae 02       		.byte	0x2
 572 02af 23       		.byte	0x23
 573 02b0 04       		.uleb128 0x4
 574 02b1 0C       		.uleb128 0xc
 575 02b2 723600   		.ascii	"r6\000"
 576 02b5 06       		.byte	0x6
 577 02b6 1A01     		.2byte	0x11a
 578 02b8 7B020000 		.4byte	0x27b
 579 02bc 02       		.byte	0x2
 580 02bd 23       		.byte	0x23
 581 02be 08       		.uleb128 0x8
 582 02bf 0C       		.uleb128 0xc
 583 02c0 723700   		.ascii	"r7\000"
 584 02c3 06       		.byte	0x6
 585 02c4 1B01     		.2byte	0x11b
 586 02c6 7B020000 		.4byte	0x27b
 587 02ca 02       		.byte	0x2
 588 02cb 23       		.byte	0x23
 589 02cc 0C       		.uleb128 0xc
 590 02cd 0C       		.uleb128 0xc
 591 02ce 723800   		.ascii	"r8\000"
 592 02d1 06       		.byte	0x6
 593 02d2 1C01     		.2byte	0x11c
 594 02d4 7B020000 		.4byte	0x27b
 595 02d8 02       		.byte	0x2
 596 02d9 23       		.byte	0x23
 597 02da 10       		.uleb128 0x10
 598 02db 0C       		.uleb128 0xc
 599 02dc 723900   		.ascii	"r9\000"
 600 02df 06       		.byte	0x6
 601 02e0 1D01     		.2byte	0x11d
 602 02e2 7B020000 		.4byte	0x27b
 603 02e6 02       		.byte	0x2
 604 02e7 23       		.byte	0x23
 605 02e8 14       		.uleb128 0x14
 606 02e9 0C       		.uleb128 0xc
 607 02ea 72313000 		.ascii	"r10\000"
 608 02ee 06       		.byte	0x6
 609 02ef 1E01     		.2byte	0x11e
 610 02f1 7B020000 		.4byte	0x27b
 611 02f5 02       		.byte	0x2
 612 02f6 23       		.byte	0x23
 613 02f7 18       		.uleb128 0x18
 614 02f8 0C       		.uleb128 0xc
 615 02f9 72313100 		.ascii	"r11\000"
 616 02fd 06       		.byte	0x6
 617 02fe 1F01     		.2byte	0x11f
 618 0300 7B020000 		.4byte	0x27b
 619 0304 02       		.byte	0x2
 620 0305 23       		.byte	0x23
 621 0306 1C       		.uleb128 0x1c
 622 0307 0C       		.uleb128 0xc
 623 0308 6C7200   		.ascii	"lr\000"
 624 030b 06       		.byte	0x6
 625 030c 2001     		.2byte	0x120
ARM GAS  C:\Users\DNIEL~1\AppData\Local\Temp\cc1zzeyD.s 			page 12


 626 030e 7B020000 		.4byte	0x27b
 627 0312 02       		.byte	0x2
 628 0313 23       		.byte	0x23
 629 0314 20       		.uleb128 0x20
 630 0315 00       		.byte	0
 631 0316 0B       		.uleb128 0xb
 632 0317 1E010000 		.4byte	.LASF45
 633 031b 04       		.byte	0x4
 634 031c 06       		.byte	0x6
 635 031d 2A01     		.2byte	0x12a
 636 031f 33030000 		.4byte	0x333
 637 0323 0C       		.uleb128 0xc
 638 0324 72313300 		.ascii	"r13\000"
 639 0328 06       		.byte	0x6
 640 0329 2B01     		.2byte	0x12b
 641 032b 33030000 		.4byte	0x333
 642 032f 02       		.byte	0x2
 643 0330 23       		.byte	0x23
 644 0331 00       		.uleb128 0
 645 0332 00       		.byte	0
 646 0333 09       		.uleb128 0x9
 647 0334 04       		.byte	0x4
 648 0335 88020000 		.4byte	0x288
 649 0339 03       		.uleb128 0x3
 650 033a 04       		.byte	0x4
 651 033b 07       		.byte	0x7
 652 033c 7B010000 		.4byte	.LASF46
 653 0340 04       		.uleb128 0x4
 654 0341 CA020000 		.4byte	.LASF47
 655 0345 07       		.byte	0x7
 656 0346 4E       		.byte	0x4e
 657 0347 4B030000 		.4byte	0x34b
 658 034b 09       		.uleb128 0x9
 659 034c 04       		.byte	0x4
 660 034d 51030000 		.4byte	0x351
 661 0351 0D       		.uleb128 0xd
 662 0352 01       		.byte	0x1
 663 0353 5D030000 		.4byte	0x35d
 664 0357 0E       		.uleb128 0xe
 665 0358 86020000 		.4byte	0x286
 666 035c 00       		.byte	0
 667 035d 04       		.uleb128 0x4
 668 035e 96020000 		.4byte	.LASF48
 669 0362 07       		.byte	0x7
 670 0363 53       		.byte	0x53
 671 0364 68030000 		.4byte	0x368
 672 0368 05       		.uleb128 0x5
 673 0369 96020000 		.4byte	.LASF48
 674 036d 14       		.byte	0x14
 675 036e 07       		.byte	0x7
 676 036f 5A       		.byte	0x5a
 677 0370 BB030000 		.4byte	0x3bb
 678 0374 06       		.uleb128 0x6
 679 0375 04010000 		.4byte	.LASF49
 680 0379 07       		.byte	0x7
 681 037a 5B       		.byte	0x5b
 682 037b BB030000 		.4byte	0x3bb
ARM GAS  C:\Users\DNIEL~1\AppData\Local\Temp\cc1zzeyD.s 			page 13


 683 037f 02       		.byte	0x2
 684 0380 23       		.byte	0x23
 685 0381 00       		.uleb128 0
 686 0382 06       		.uleb128 0x6
 687 0383 E3000000 		.4byte	.LASF50
 688 0387 07       		.byte	0x7
 689 0388 5D       		.byte	0x5d
 690 0389 BB030000 		.4byte	0x3bb
 691 038d 02       		.byte	0x2
 692 038e 23       		.byte	0x23
 693 038f 04       		.uleb128 0x4
 694 0390 06       		.uleb128 0x6
 695 0391 6D010000 		.4byte	.LASF51
 696 0395 07       		.byte	0x7
 697 0396 5F       		.byte	0x5f
 698 0397 E8000000 		.4byte	0xe8
 699 039b 02       		.byte	0x2
 700 039c 23       		.byte	0x23
 701 039d 08       		.uleb128 0x8
 702 039e 06       		.uleb128 0x6
 703 039f 84010000 		.4byte	.LASF52
 704 03a3 07       		.byte	0x7
 705 03a4 60       		.byte	0x60
 706 03a5 40030000 		.4byte	0x340
 707 03a9 02       		.byte	0x2
 708 03aa 23       		.byte	0x23
 709 03ab 0C       		.uleb128 0xc
 710 03ac 06       		.uleb128 0x6
 711 03ad FD020000 		.4byte	.LASF53
 712 03b1 07       		.byte	0x7
 713 03b2 62       		.byte	0x62
 714 03b3 86020000 		.4byte	0x286
 715 03b7 02       		.byte	0x2
 716 03b8 23       		.byte	0x23
 717 03b9 10       		.uleb128 0x10
 718 03ba 00       		.byte	0
 719 03bb 09       		.uleb128 0x9
 720 03bc 04       		.byte	0x4
 721 03bd 5D030000 		.4byte	0x35d
 722 03c1 0F       		.uleb128 0xf
 723 03c2 E8000000 		.4byte	0xe8
 724 03c6 05       		.uleb128 0x5
 725 03c7 67010000 		.4byte	.LASF54
 726 03cb 10       		.byte	0x10
 727 03cc 08       		.byte	0x8
 728 03cd 25       		.byte	0x25
 729 03ce FD030000 		.4byte	0x3fd
 730 03d2 06       		.uleb128 0x6
 731 03d3 99000000 		.4byte	.LASF55
 732 03d7 08       		.byte	0x8
 733 03d8 26       		.byte	0x26
 734 03d9 4E020000 		.4byte	0x24e
 735 03dd 02       		.byte	0x2
 736 03de 23       		.byte	0x23
 737 03df 00       		.uleb128 0
 738 03e0 06       		.uleb128 0x6
 739 03e1 74030000 		.4byte	.LASF56
ARM GAS  C:\Users\DNIEL~1\AppData\Local\Temp\cc1zzeyD.s 			page 14


 740 03e5 08       		.byte	0x8
 741 03e6 28       		.byte	0x28
 742 03e7 48020000 		.4byte	0x248
 743 03eb 02       		.byte	0x2
 744 03ec 23       		.byte	0x23
 745 03ed 08       		.uleb128 0x8
 746 03ee 06       		.uleb128 0x6
 747 03ef AE020000 		.4byte	.LASF57
 748 03f3 08       		.byte	0x8
 749 03f4 2A       		.byte	0x2a
 750 03f5 FD030000 		.4byte	0x3fd
 751 03f9 02       		.byte	0x2
 752 03fa 23       		.byte	0x23
 753 03fb 0C       		.uleb128 0xc
 754 03fc 00       		.byte	0
 755 03fd 09       		.uleb128 0x9
 756 03fe 04       		.byte	0x4
 757 03ff C6030000 		.4byte	0x3c6
 758 0403 04       		.uleb128 0x4
 759 0404 67010000 		.4byte	.LASF54
 760 0408 08       		.byte	0x8
 761 0409 2C       		.byte	0x2c
 762 040a C6030000 		.4byte	0x3c6
 763 040e 04       		.uleb128 0x4
 764 040f 4A030000 		.4byte	.LASF58
 765 0413 09       		.byte	0x9
 766 0414 25       		.byte	0x25
 767 0415 19040000 		.4byte	0x419
 768 0419 05       		.uleb128 0x5
 769 041a 4A030000 		.4byte	.LASF58
 770 041e 10       		.byte	0x10
 771 041f 09       		.byte	0x9
 772 0420 2A       		.byte	0x2a
 773 0421 5E040000 		.4byte	0x45e
 774 0425 06       		.uleb128 0x6
 775 0426 3F010000 		.4byte	.LASF59
 776 042a 09       		.byte	0x9
 777 042b 2B       		.byte	0x2b
 778 042c 5E040000 		.4byte	0x45e
 779 0430 02       		.byte	0x2
 780 0431 23       		.byte	0x23
 781 0432 00       		.uleb128 0
 782 0433 06       		.uleb128 0x6
 783 0434 1F020000 		.4byte	.LASF60
 784 0438 09       		.byte	0x9
 785 0439 2E       		.byte	0x2e
 786 043a 48020000 		.4byte	0x248
 787 043e 02       		.byte	0x2
 788 043f 23       		.byte	0x23
 789 0440 04       		.uleb128 0x4
 790 0441 06       		.uleb128 0x6
 791 0442 EA010000 		.4byte	.LASF61
 792 0446 09       		.byte	0x9
 793 0447 30       		.byte	0x30
 794 0448 D2000000 		.4byte	0xd2
 795 044c 02       		.byte	0x2
 796 044d 23       		.byte	0x23
ARM GAS  C:\Users\DNIEL~1\AppData\Local\Temp\cc1zzeyD.s 			page 15


 797 044e 08       		.uleb128 0x8
 798 044f 06       		.uleb128 0x6
 799 0450 2B020000 		.4byte	.LASF62
 800 0454 09       		.byte	0x9
 801 0455 33       		.byte	0x33
 802 0456 DD000000 		.4byte	0xdd
 803 045a 02       		.byte	0x2
 804 045b 23       		.byte	0x23
 805 045c 0C       		.uleb128 0xc
 806 045d 00       		.byte	0
 807 045e 09       		.uleb128 0x9
 808 045f 04       		.byte	0x4
 809 0460 0E040000 		.4byte	0x40e
 810 0464 05       		.uleb128 0x5
 811 0465 EB000000 		.4byte	.LASF63
 812 0469 04       		.byte	0x4
 813 046a 09       		.byte	0x9
 814 046b 3A       		.byte	0x3a
 815 046c 7F040000 		.4byte	0x47f
 816 0470 06       		.uleb128 0x6
 817 0471 66030000 		.4byte	.LASF64
 818 0475 09       		.byte	0x9
 819 0476 3B       		.byte	0x3b
 820 0477 5E040000 		.4byte	0x45e
 821 047b 02       		.byte	0x2
 822 047c 23       		.byte	0x23
 823 047d 00       		.uleb128 0
 824 047e 00       		.byte	0
 825 047f 04       		.uleb128 0x4
 826 0480 EB000000 		.4byte	.LASF63
 827 0484 09       		.byte	0x9
 828 0485 3E       		.byte	0x3e
 829 0486 64040000 		.4byte	0x464
 830 048a 10       		.uleb128 0x10
 831 048b 04       		.byte	0x4
 832 048c 05       		.byte	0x5
 833 048d 8F       		.byte	0x8f
 834 048e BF040000 		.4byte	0x4bf
 835 0492 11       		.uleb128 0x11
 836 0493 38000000 		.4byte	.LASF65
 837 0497 05       		.byte	0x5
 838 0498 96       		.byte	0x96
 839 0499 C7000000 		.4byte	0xc7
 840 049d 11       		.uleb128 0x11
 841 049e 56000000 		.4byte	.LASF66
 842 04a2 05       		.byte	0x5
 843 04a3 9D       		.byte	0x9d
 844 04a4 C7000000 		.4byte	0xc7
 845 04a8 11       		.uleb128 0x11
 846 04a9 58030000 		.4byte	.LASF67
 847 04ad 05       		.byte	0x5
 848 04ae A4       		.byte	0xa4
 849 04af 86020000 		.4byte	0x286
 850 04b3 11       		.uleb128 0x11
 851 04b4 5A020000 		.4byte	.LASF68
 852 04b8 05       		.byte	0x5
 853 04b9 AB       		.byte	0xab
ARM GAS  C:\Users\DNIEL~1\AppData\Local\Temp\cc1zzeyD.s 			page 16


 854 04ba D2000000 		.4byte	0xd2
 855 04be 00       		.byte	0
 856 04bf 09       		.uleb128 0x9
 857 04c0 04       		.byte	0x4
 858 04c1 C5040000 		.4byte	0x4c5
 859 04c5 12       		.uleb128 0x12
 860 04c6 CA040000 		.4byte	0x4ca
 861 04ca 03       		.uleb128 0x3
 862 04cb 01       		.byte	0x1
 863 04cc 08       		.byte	0x8
 864 04cd A3020000 		.4byte	.LASF69
 865 04d1 09       		.uleb128 0x9
 866 04d2 04       		.byte	0x4
 867 04d3 03040000 		.4byte	0x403
 868 04d7 08       		.uleb128 0x8
 869 04d8 1C       		.byte	0x1c
 870 04d9 0A       		.byte	0xa
 871 04da 2B       		.byte	0x2b
 872 04db 0A050000 		.4byte	0x50a
 873 04df 06       		.uleb128 0x6
 874 04e0 6E030000 		.4byte	.LASF70
 875 04e4 0A       		.byte	0xa
 876 04e5 2C       		.byte	0x2c
 877 04e6 5D030000 		.4byte	0x35d
 878 04ea 02       		.byte	0x2
 879 04eb 23       		.byte	0x23
 880 04ec 00       		.uleb128 0
 881 04ed 06       		.uleb128 0x6
 882 04ee 75010000 		.4byte	.LASF71
 883 04f2 0A       		.byte	0xa
 884 04f3 2D       		.byte	0x2d
 885 04f4 7F040000 		.4byte	0x47f
 886 04f8 02       		.byte	0x2
 887 04f9 23       		.byte	0x23
 888 04fa 14       		.uleb128 0x14
 889 04fb 06       		.uleb128 0x6
 890 04fc 00000000 		.4byte	.LASF72
 891 0500 0A       		.byte	0xa
 892 0501 2E       		.byte	0x2e
 893 0502 E8000000 		.4byte	0xe8
 894 0506 02       		.byte	0x2
 895 0507 23       		.byte	0x23
 896 0508 18       		.uleb128 0x18
 897 0509 00       		.byte	0
 898 050a 04       		.uleb128 0x4
 899 050b 89000000 		.4byte	.LASF73
 900 050f 0A       		.byte	0xa
 901 0510 2F       		.byte	0x2f
 902 0511 D7040000 		.4byte	0x4d7
 903 0515 13       		.uleb128 0x13
 904 0516 A8020000 		.4byte	.LASF81
 905 051a 01       		.byte	0x1
 906 051b 20       		.byte	0x20
 907 051c 01       		.byte	0x1
 908 051d 00000000 		.4byte	.LFB7
 909 0521 2E000000 		.4byte	.LFE7
 910 0525 00000000 		.4byte	.LLST0
ARM GAS  C:\Users\DNIEL~1\AppData\Local\Temp\cc1zzeyD.s 			page 17


 911 0529 01       		.byte	0x1
 912 052a B9050000 		.4byte	0x5b9
 913 052e 14       		.uleb128 0x14
 914 052f 7000     		.ascii	"p\000"
 915 0531 01       		.byte	0x1
 916 0532 20       		.byte	0x20
 917 0533 86020000 		.4byte	0x286
 918 0537 20000000 		.4byte	.LLST1
 919 053b 15       		.uleb128 0x15
 920 053c 65747000 		.ascii	"etp\000"
 921 0540 01       		.byte	0x1
 922 0541 21       		.byte	0x21
 923 0542 B9050000 		.4byte	0x5b9
 924 0546 3E000000 		.4byte	.LLST2
 925 054a 16       		.uleb128 0x16
 926 054b 00000000 		.4byte	.Ldebug_ranges0+0
 927 054f 63050000 		.4byte	0x563
 928 0553 15       		.uleb128 0x15
 929 0554 746D7000 		.ascii	"tmp\000"
 930 0558 01       		.byte	0x1
 931 0559 23       		.byte	0x23
 932 055a 70000000 		.4byte	0x70
 933 055e 5C000000 		.4byte	.LLST3
 934 0562 00       		.byte	0
 935 0563 17       		.uleb128 0x17
 936 0564 26000000 		.4byte	.LBB4
 937 0568 2E000000 		.4byte	.LBE4
 938 056c 80050000 		.4byte	0x580
 939 0570 15       		.uleb128 0x15
 940 0571 746D7000 		.ascii	"tmp\000"
 941 0575 01       		.byte	0x1
 942 0576 26       		.byte	0x26
 943 0577 70000000 		.4byte	0x70
 944 057b 6F000000 		.4byte	.LLST4
 945 057f 00       		.byte	0
 946 0580 18       		.uleb128 0x18
 947 0581 14000000 		.4byte	.LVL5
 948 0585 B3060000 		.4byte	0x6b3
 949 0589 99050000 		.4byte	0x599
 950 058d 19       		.uleb128 0x19
 951 058e 01       		.byte	0x1
 952 058f 51       		.byte	0x51
 953 0590 01       		.byte	0x1
 954 0591 30       		.byte	0x30
 955 0592 19       		.uleb128 0x19
 956 0593 01       		.byte	0x1
 957 0594 50       		.byte	0x50
 958 0595 02       		.byte	0x2
 959 0596 74       		.byte	0x74
 960 0597 14       		.sleb128 20
 961 0598 00       		.byte	0
 962 0599 1A       		.uleb128 0x1a
 963 059a 26000000 		.4byte	.LVL6
 964 059e D2060000 		.4byte	0x6d2
 965 05a2 19       		.uleb128 0x19
 966 05a3 01       		.byte	0x1
 967 05a4 53       		.byte	0x53
ARM GAS  C:\Users\DNIEL~1\AppData\Local\Temp\cc1zzeyD.s 			page 18


 968 05a5 02       		.byte	0x2
 969 05a6 74       		.byte	0x74
 970 05a7 00       		.sleb128 0
 971 05a8 19       		.uleb128 0x19
 972 05a9 01       		.byte	0x1
 973 05aa 52       		.byte	0x52
 974 05ab 05       		.byte	0x5
 975 05ac 03       		.byte	0x3
 976 05ad 00000000 		.4byte	tmrcb
 977 05b1 19       		.uleb128 0x19
 978 05b2 01       		.byte	0x1
 979 05b3 50       		.byte	0x50
 980 05b4 02       		.byte	0x2
 981 05b5 74       		.byte	0x74
 982 05b6 00       		.sleb128 0
 983 05b7 00       		.byte	0
 984 05b8 00       		.byte	0
 985 05b9 09       		.uleb128 0x9
 986 05ba 04       		.byte	0x4
 987 05bb 0A050000 		.4byte	0x50a
 988 05bf 1B       		.uleb128 0x1b
 989 05c0 01       		.byte	0x1
 990 05c1 5F000000 		.4byte	.LASF74
 991 05c5 01       		.byte	0x1
 992 05c6 2F       		.byte	0x2f
 993 05c7 01       		.byte	0x1
 994 05c8 00000000 		.4byte	.LFB8
 995 05cc 28000000 		.4byte	.LFE8
 996 05d0 82000000 		.4byte	.LLST5
 997 05d4 01       		.byte	0x1
 998 05d5 3E060000 		.4byte	0x63e
 999 05d9 14       		.uleb128 0x14
 1000 05da 65747000 		.ascii	"etp\000"
 1001 05de 01       		.byte	0x1
 1002 05df 2F       		.byte	0x2f
 1003 05e0 B9050000 		.4byte	0x5b9
 1004 05e4 A2000000 		.4byte	.LLST6
 1005 05e8 16       		.uleb128 0x16
 1006 05e9 18000000 		.4byte	.Ldebug_ranges0+0x18
 1007 05ed 01060000 		.4byte	0x601
 1008 05f1 15       		.uleb128 0x15
 1009 05f2 746D7000 		.ascii	"tmp\000"
 1010 05f6 01       		.byte	0x1
 1011 05f7 31       		.byte	0x31
 1012 05f8 70000000 		.4byte	0x70
 1013 05fc D6000000 		.4byte	.LLST7
 1014 0600 00       		.byte	0
 1015 0601 17       		.uleb128 0x17
 1016 0602 0E000000 		.4byte	.LBB7
 1017 0606 16000000 		.4byte	.LBE7
 1018 060a 1E060000 		.4byte	0x61e
 1019 060e 15       		.uleb128 0x15
 1020 060f 746D7000 		.ascii	"tmp\000"
 1021 0613 01       		.byte	0x1
 1022 0614 36       		.byte	0x36
 1023 0615 70000000 		.4byte	0x70
 1024 0619 E9000000 		.4byte	.LLST8
ARM GAS  C:\Users\DNIEL~1\AppData\Local\Temp\cc1zzeyD.s 			page 19


 1025 061d 00       		.byte	0
 1026 061e 1A       		.uleb128 0x1a
 1027 061f 20000000 		.4byte	.LVL17
 1028 0623 D2060000 		.4byte	0x6d2
 1029 0627 19       		.uleb128 0x19
 1030 0628 01       		.byte	0x1
 1031 0629 53       		.byte	0x53
 1032 062a 02       		.byte	0x2
 1033 062b 74       		.byte	0x74
 1034 062c 00       		.sleb128 0
 1035 062d 19       		.uleb128 0x19
 1036 062e 01       		.byte	0x1
 1037 062f 52       		.byte	0x52
 1038 0630 05       		.byte	0x5
 1039 0631 03       		.byte	0x3
 1040 0632 00000000 		.4byte	tmrcb
 1041 0636 19       		.uleb128 0x19
 1042 0637 01       		.byte	0x1
 1043 0638 50       		.byte	0x50
 1044 0639 02       		.byte	0x2
 1045 063a 74       		.byte	0x74
 1046 063b 00       		.sleb128 0
 1047 063c 00       		.byte	0
 1048 063d 00       		.byte	0
 1049 063e 1B       		.uleb128 0x1b
 1050 063f 01       		.byte	0x1
 1051 0640 D3020000 		.4byte	.LASF75
 1052 0644 01       		.byte	0x1
 1053 0645 3F       		.byte	0x3f
 1054 0646 01       		.byte	0x1
 1055 0647 00000000 		.4byte	.LFB9
 1056 064b 18000000 		.4byte	.LFE9
 1057 064f FC000000 		.4byte	.LLST9
 1058 0653 01       		.byte	0x1
 1059 0654 B3060000 		.4byte	0x6b3
 1060 0658 14       		.uleb128 0x14
 1061 0659 65747000 		.ascii	"etp\000"
 1062 065d 01       		.byte	0x1
 1063 065e 3F       		.byte	0x3f
 1064 065f B9050000 		.4byte	0x5b9
 1065 0663 1C010000 		.4byte	.LLST10
 1066 0667 17       		.uleb128 0x17
 1067 0668 02000000 		.4byte	.LBB8
 1068 066c 08000000 		.4byte	.LBE8
 1069 0670 84060000 		.4byte	0x684
 1070 0674 15       		.uleb128 0x15
 1071 0675 746D7000 		.ascii	"tmp\000"
 1072 0679 01       		.byte	0x1
 1073 067a 41       		.byte	0x41
 1074 067b 70000000 		.4byte	0x70
 1075 067f 3D010000 		.4byte	.LLST11
 1076 0683 00       		.byte	0
 1077 0684 17       		.uleb128 0x17
 1078 0685 10000000 		.4byte	.LBB9
 1079 0689 18000000 		.4byte	.LBE9
 1080 068d A1060000 		.4byte	0x6a1
 1081 0691 15       		.uleb128 0x15
ARM GAS  C:\Users\DNIEL~1\AppData\Local\Temp\cc1zzeyD.s 			page 20


 1082 0692 746D7000 		.ascii	"tmp\000"
 1083 0696 01       		.byte	0x1
 1084 0697 41       		.byte	0x41
 1085 0698 70000000 		.4byte	0x70
 1086 069c 50010000 		.4byte	.LLST12
 1087 06a0 00       		.byte	0
 1088 06a1 1A       		.uleb128 0x1a
 1089 06a2 10000000 		.4byte	.LVL22
 1090 06a6 F5060000 		.4byte	0x6f5
 1091 06aa 19       		.uleb128 0x19
 1092 06ab 01       		.byte	0x1
 1093 06ac 50       		.byte	0x50
 1094 06ad 03       		.byte	0x3
 1095 06ae F3       		.byte	0xf3
 1096 06af 01       		.uleb128 0x1
 1097 06b0 50       		.byte	0x50
 1098 06b1 00       		.byte	0
 1099 06b2 00       		.byte	0
 1100 06b3 1C       		.uleb128 0x1c
 1101 06b4 01       		.byte	0x1
 1102 06b5 BD000000 		.4byte	.LASF76
 1103 06b9 09       		.byte	0x9
 1104 06ba B3       		.byte	0xb3
 1105 06bb 01       		.byte	0x1
 1106 06bc 01       		.byte	0x1
 1107 06bd CC060000 		.4byte	0x6cc
 1108 06c1 0E       		.uleb128 0xe
 1109 06c2 CC060000 		.4byte	0x6cc
 1110 06c6 0E       		.uleb128 0xe
 1111 06c7 DD000000 		.4byte	0xdd
 1112 06cb 00       		.byte	0
 1113 06cc 09       		.uleb128 0x9
 1114 06cd 04       		.byte	0x4
 1115 06ce 7F040000 		.4byte	0x47f
 1116 06d2 1C       		.uleb128 0x1c
 1117 06d3 01       		.byte	0x1
 1118 06d4 E2020000 		.4byte	.LASF77
 1119 06d8 07       		.byte	0x7
 1120 06d9 DA       		.byte	0xda
 1121 06da 01       		.byte	0x1
 1122 06db 01       		.byte	0x1
 1123 06dc F5060000 		.4byte	0x6f5
 1124 06e0 0E       		.uleb128 0xe
 1125 06e1 BB030000 		.4byte	0x3bb
 1126 06e5 0E       		.uleb128 0xe
 1127 06e6 E8000000 		.4byte	0xe8
 1128 06ea 0E       		.uleb128 0xe
 1129 06eb 40030000 		.4byte	0x340
 1130 06ef 0E       		.uleb128 0xe
 1131 06f0 86020000 		.4byte	0x286
 1132 06f4 00       		.byte	0
 1133 06f5 1D       		.uleb128 0x1d
 1134 06f6 01       		.byte	0x1
 1135 06f7 77020000 		.4byte	.LASF82
 1136 06fb 07       		.byte	0x7
 1137 06fc DB       		.byte	0xdb
 1138 06fd 01       		.byte	0x1
ARM GAS  C:\Users\DNIEL~1\AppData\Local\Temp\cc1zzeyD.s 			page 21


 1139 06fe 01       		.byte	0x1
 1140 06ff 0E       		.uleb128 0xe
 1141 0700 BB030000 		.4byte	0x3bb
 1142 0704 00       		.byte	0
 1143 0705 00       		.byte	0
 1144              		.section	.debug_abbrev,"",%progbits
 1145              	.Ldebug_abbrev0:
 1146 0000 01       		.uleb128 0x1
 1147 0001 11       		.uleb128 0x11
 1148 0002 01       		.byte	0x1
 1149 0003 25       		.uleb128 0x25
 1150 0004 0E       		.uleb128 0xe
 1151 0005 13       		.uleb128 0x13
 1152 0006 0B       		.uleb128 0xb
 1153 0007 03       		.uleb128 0x3
 1154 0008 0E       		.uleb128 0xe
 1155 0009 1B       		.uleb128 0x1b
 1156 000a 0E       		.uleb128 0xe
 1157 000b 55       		.uleb128 0x55
 1158 000c 06       		.uleb128 0x6
 1159 000d 11       		.uleb128 0x11
 1160 000e 01       		.uleb128 0x1
 1161 000f 52       		.uleb128 0x52
 1162 0010 01       		.uleb128 0x1
 1163 0011 10       		.uleb128 0x10
 1164 0012 06       		.uleb128 0x6
 1165 0013 00       		.byte	0
 1166 0014 00       		.byte	0
 1167 0015 02       		.uleb128 0x2
 1168 0016 24       		.uleb128 0x24
 1169 0017 00       		.byte	0
 1170 0018 0B       		.uleb128 0xb
 1171 0019 0B       		.uleb128 0xb
 1172 001a 3E       		.uleb128 0x3e
 1173 001b 0B       		.uleb128 0xb
 1174 001c 03       		.uleb128 0x3
 1175 001d 08       		.uleb128 0x8
 1176 001e 00       		.byte	0
 1177 001f 00       		.byte	0
 1178 0020 03       		.uleb128 0x3
 1179 0021 24       		.uleb128 0x24
 1180 0022 00       		.byte	0
 1181 0023 0B       		.uleb128 0xb
 1182 0024 0B       		.uleb128 0xb
 1183 0025 3E       		.uleb128 0x3e
 1184 0026 0B       		.uleb128 0xb
 1185 0027 03       		.uleb128 0x3
 1186 0028 0E       		.uleb128 0xe
 1187 0029 00       		.byte	0
 1188 002a 00       		.byte	0
 1189 002b 04       		.uleb128 0x4
 1190 002c 16       		.uleb128 0x16
 1191 002d 00       		.byte	0
 1192 002e 03       		.uleb128 0x3
 1193 002f 0E       		.uleb128 0xe
 1194 0030 3A       		.uleb128 0x3a
 1195 0031 0B       		.uleb128 0xb
ARM GAS  C:\Users\DNIEL~1\AppData\Local\Temp\cc1zzeyD.s 			page 22


 1196 0032 3B       		.uleb128 0x3b
 1197 0033 0B       		.uleb128 0xb
 1198 0034 49       		.uleb128 0x49
 1199 0035 13       		.uleb128 0x13
 1200 0036 00       		.byte	0
 1201 0037 00       		.byte	0
 1202 0038 05       		.uleb128 0x5
 1203 0039 13       		.uleb128 0x13
 1204 003a 01       		.byte	0x1
 1205 003b 03       		.uleb128 0x3
 1206 003c 0E       		.uleb128 0xe
 1207 003d 0B       		.uleb128 0xb
 1208 003e 0B       		.uleb128 0xb
 1209 003f 3A       		.uleb128 0x3a
 1210 0040 0B       		.uleb128 0xb
 1211 0041 3B       		.uleb128 0x3b
 1212 0042 0B       		.uleb128 0xb
 1213 0043 01       		.uleb128 0x1
 1214 0044 13       		.uleb128 0x13
 1215 0045 00       		.byte	0
 1216 0046 00       		.byte	0
 1217 0047 06       		.uleb128 0x6
 1218 0048 0D       		.uleb128 0xd
 1219 0049 00       		.byte	0
 1220 004a 03       		.uleb128 0x3
 1221 004b 0E       		.uleb128 0xe
 1222 004c 3A       		.uleb128 0x3a
 1223 004d 0B       		.uleb128 0xb
 1224 004e 3B       		.uleb128 0x3b
 1225 004f 0B       		.uleb128 0xb
 1226 0050 49       		.uleb128 0x49
 1227 0051 13       		.uleb128 0x13
 1228 0052 38       		.uleb128 0x38
 1229 0053 0A       		.uleb128 0xa
 1230 0054 00       		.byte	0
 1231 0055 00       		.byte	0
 1232 0056 07       		.uleb128 0x7
 1233 0057 0D       		.uleb128 0xd
 1234 0058 00       		.byte	0
 1235 0059 03       		.uleb128 0x3
 1236 005a 08       		.uleb128 0x8
 1237 005b 3A       		.uleb128 0x3a
 1238 005c 0B       		.uleb128 0xb
 1239 005d 3B       		.uleb128 0x3b
 1240 005e 0B       		.uleb128 0xb
 1241 005f 49       		.uleb128 0x49
 1242 0060 13       		.uleb128 0x13
 1243 0061 38       		.uleb128 0x38
 1244 0062 0A       		.uleb128 0xa
 1245 0063 00       		.byte	0
 1246 0064 00       		.byte	0
 1247 0065 08       		.uleb128 0x8
 1248 0066 13       		.uleb128 0x13
 1249 0067 01       		.byte	0x1
 1250 0068 0B       		.uleb128 0xb
 1251 0069 0B       		.uleb128 0xb
 1252 006a 3A       		.uleb128 0x3a
ARM GAS  C:\Users\DNIEL~1\AppData\Local\Temp\cc1zzeyD.s 			page 23


 1253 006b 0B       		.uleb128 0xb
 1254 006c 3B       		.uleb128 0x3b
 1255 006d 0B       		.uleb128 0xb
 1256 006e 01       		.uleb128 0x1
 1257 006f 13       		.uleb128 0x13
 1258 0070 00       		.byte	0
 1259 0071 00       		.byte	0
 1260 0072 09       		.uleb128 0x9
 1261 0073 0F       		.uleb128 0xf
 1262 0074 00       		.byte	0
 1263 0075 0B       		.uleb128 0xb
 1264 0076 0B       		.uleb128 0xb
 1265 0077 49       		.uleb128 0x49
 1266 0078 13       		.uleb128 0x13
 1267 0079 00       		.byte	0
 1268 007a 00       		.byte	0
 1269 007b 0A       		.uleb128 0xa
 1270 007c 0F       		.uleb128 0xf
 1271 007d 00       		.byte	0
 1272 007e 0B       		.uleb128 0xb
 1273 007f 0B       		.uleb128 0xb
 1274 0080 00       		.byte	0
 1275 0081 00       		.byte	0
 1276 0082 0B       		.uleb128 0xb
 1277 0083 13       		.uleb128 0x13
 1278 0084 01       		.byte	0x1
 1279 0085 03       		.uleb128 0x3
 1280 0086 0E       		.uleb128 0xe
 1281 0087 0B       		.uleb128 0xb
 1282 0088 0B       		.uleb128 0xb
 1283 0089 3A       		.uleb128 0x3a
 1284 008a 0B       		.uleb128 0xb
 1285 008b 3B       		.uleb128 0x3b
 1286 008c 05       		.uleb128 0x5
 1287 008d 01       		.uleb128 0x1
 1288 008e 13       		.uleb128 0x13
 1289 008f 00       		.byte	0
 1290 0090 00       		.byte	0
 1291 0091 0C       		.uleb128 0xc
 1292 0092 0D       		.uleb128 0xd
 1293 0093 00       		.byte	0
 1294 0094 03       		.uleb128 0x3
 1295 0095 08       		.uleb128 0x8
 1296 0096 3A       		.uleb128 0x3a
 1297 0097 0B       		.uleb128 0xb
 1298 0098 3B       		.uleb128 0x3b
 1299 0099 05       		.uleb128 0x5
 1300 009a 49       		.uleb128 0x49
 1301 009b 13       		.uleb128 0x13
 1302 009c 38       		.uleb128 0x38
 1303 009d 0A       		.uleb128 0xa
 1304 009e 00       		.byte	0
 1305 009f 00       		.byte	0
 1306 00a0 0D       		.uleb128 0xd
 1307 00a1 15       		.uleb128 0x15
 1308 00a2 01       		.byte	0x1
 1309 00a3 27       		.uleb128 0x27
ARM GAS  C:\Users\DNIEL~1\AppData\Local\Temp\cc1zzeyD.s 			page 24


 1310 00a4 0C       		.uleb128 0xc
 1311 00a5 01       		.uleb128 0x1
 1312 00a6 13       		.uleb128 0x13
 1313 00a7 00       		.byte	0
 1314 00a8 00       		.byte	0
 1315 00a9 0E       		.uleb128 0xe
 1316 00aa 05       		.uleb128 0x5
 1317 00ab 00       		.byte	0
 1318 00ac 49       		.uleb128 0x49
 1319 00ad 13       		.uleb128 0x13
 1320 00ae 00       		.byte	0
 1321 00af 00       		.byte	0
 1322 00b0 0F       		.uleb128 0xf
 1323 00b1 35       		.uleb128 0x35
 1324 00b2 00       		.byte	0
 1325 00b3 49       		.uleb128 0x49
 1326 00b4 13       		.uleb128 0x13
 1327 00b5 00       		.byte	0
 1328 00b6 00       		.byte	0
 1329 00b7 10       		.uleb128 0x10
 1330 00b8 17       		.uleb128 0x17
 1331 00b9 01       		.byte	0x1
 1332 00ba 0B       		.uleb128 0xb
 1333 00bb 0B       		.uleb128 0xb
 1334 00bc 3A       		.uleb128 0x3a
 1335 00bd 0B       		.uleb128 0xb
 1336 00be 3B       		.uleb128 0x3b
 1337 00bf 0B       		.uleb128 0xb
 1338 00c0 01       		.uleb128 0x1
 1339 00c1 13       		.uleb128 0x13
 1340 00c2 00       		.byte	0
 1341 00c3 00       		.byte	0
 1342 00c4 11       		.uleb128 0x11
 1343 00c5 0D       		.uleb128 0xd
 1344 00c6 00       		.byte	0
 1345 00c7 03       		.uleb128 0x3
 1346 00c8 0E       		.uleb128 0xe
 1347 00c9 3A       		.uleb128 0x3a
 1348 00ca 0B       		.uleb128 0xb
 1349 00cb 3B       		.uleb128 0x3b
 1350 00cc 0B       		.uleb128 0xb
 1351 00cd 49       		.uleb128 0x49
 1352 00ce 13       		.uleb128 0x13
 1353 00cf 00       		.byte	0
 1354 00d0 00       		.byte	0
 1355 00d1 12       		.uleb128 0x12
 1356 00d2 26       		.uleb128 0x26
 1357 00d3 00       		.byte	0
 1358 00d4 49       		.uleb128 0x49
 1359 00d5 13       		.uleb128 0x13
 1360 00d6 00       		.byte	0
 1361 00d7 00       		.byte	0
 1362 00d8 13       		.uleb128 0x13
 1363 00d9 2E       		.uleb128 0x2e
 1364 00da 01       		.byte	0x1
 1365 00db 03       		.uleb128 0x3
 1366 00dc 0E       		.uleb128 0xe
ARM GAS  C:\Users\DNIEL~1\AppData\Local\Temp\cc1zzeyD.s 			page 25


 1367 00dd 3A       		.uleb128 0x3a
 1368 00de 0B       		.uleb128 0xb
 1369 00df 3B       		.uleb128 0x3b
 1370 00e0 0B       		.uleb128 0xb
 1371 00e1 27       		.uleb128 0x27
 1372 00e2 0C       		.uleb128 0xc
 1373 00e3 11       		.uleb128 0x11
 1374 00e4 01       		.uleb128 0x1
 1375 00e5 12       		.uleb128 0x12
 1376 00e6 01       		.uleb128 0x1
 1377 00e7 40       		.uleb128 0x40
 1378 00e8 06       		.uleb128 0x6
 1379 00e9 9742     		.uleb128 0x2117
 1380 00eb 0C       		.uleb128 0xc
 1381 00ec 01       		.uleb128 0x1
 1382 00ed 13       		.uleb128 0x13
 1383 00ee 00       		.byte	0
 1384 00ef 00       		.byte	0
 1385 00f0 14       		.uleb128 0x14
 1386 00f1 05       		.uleb128 0x5
 1387 00f2 00       		.byte	0
 1388 00f3 03       		.uleb128 0x3
 1389 00f4 08       		.uleb128 0x8
 1390 00f5 3A       		.uleb128 0x3a
 1391 00f6 0B       		.uleb128 0xb
 1392 00f7 3B       		.uleb128 0x3b
 1393 00f8 0B       		.uleb128 0xb
 1394 00f9 49       		.uleb128 0x49
 1395 00fa 13       		.uleb128 0x13
 1396 00fb 02       		.uleb128 0x2
 1397 00fc 06       		.uleb128 0x6
 1398 00fd 00       		.byte	0
 1399 00fe 00       		.byte	0
 1400 00ff 15       		.uleb128 0x15
 1401 0100 34       		.uleb128 0x34
 1402 0101 00       		.byte	0
 1403 0102 03       		.uleb128 0x3
 1404 0103 08       		.uleb128 0x8
 1405 0104 3A       		.uleb128 0x3a
 1406 0105 0B       		.uleb128 0xb
 1407 0106 3B       		.uleb128 0x3b
 1408 0107 0B       		.uleb128 0xb
 1409 0108 49       		.uleb128 0x49
 1410 0109 13       		.uleb128 0x13
 1411 010a 02       		.uleb128 0x2
 1412 010b 06       		.uleb128 0x6
 1413 010c 00       		.byte	0
 1414 010d 00       		.byte	0
 1415 010e 16       		.uleb128 0x16
 1416 010f 0B       		.uleb128 0xb
 1417 0110 01       		.byte	0x1
 1418 0111 55       		.uleb128 0x55
 1419 0112 06       		.uleb128 0x6
 1420 0113 01       		.uleb128 0x1
 1421 0114 13       		.uleb128 0x13
 1422 0115 00       		.byte	0
 1423 0116 00       		.byte	0
ARM GAS  C:\Users\DNIEL~1\AppData\Local\Temp\cc1zzeyD.s 			page 26


 1424 0117 17       		.uleb128 0x17
 1425 0118 0B       		.uleb128 0xb
 1426 0119 01       		.byte	0x1
 1427 011a 11       		.uleb128 0x11
 1428 011b 01       		.uleb128 0x1
 1429 011c 12       		.uleb128 0x12
 1430 011d 01       		.uleb128 0x1
 1431 011e 01       		.uleb128 0x1
 1432 011f 13       		.uleb128 0x13
 1433 0120 00       		.byte	0
 1434 0121 00       		.byte	0
 1435 0122 18       		.uleb128 0x18
 1436 0123 898201   		.uleb128 0x4109
 1437 0126 01       		.byte	0x1
 1438 0127 11       		.uleb128 0x11
 1439 0128 01       		.uleb128 0x1
 1440 0129 31       		.uleb128 0x31
 1441 012a 13       		.uleb128 0x13
 1442 012b 01       		.uleb128 0x1
 1443 012c 13       		.uleb128 0x13
 1444 012d 00       		.byte	0
 1445 012e 00       		.byte	0
 1446 012f 19       		.uleb128 0x19
 1447 0130 8A8201   		.uleb128 0x410a
 1448 0133 00       		.byte	0
 1449 0134 02       		.uleb128 0x2
 1450 0135 0A       		.uleb128 0xa
 1451 0136 9142     		.uleb128 0x2111
 1452 0138 0A       		.uleb128 0xa
 1453 0139 00       		.byte	0
 1454 013a 00       		.byte	0
 1455 013b 1A       		.uleb128 0x1a
 1456 013c 898201   		.uleb128 0x4109
 1457 013f 01       		.byte	0x1
 1458 0140 11       		.uleb128 0x11
 1459 0141 01       		.uleb128 0x1
 1460 0142 31       		.uleb128 0x31
 1461 0143 13       		.uleb128 0x13
 1462 0144 00       		.byte	0
 1463 0145 00       		.byte	0
 1464 0146 1B       		.uleb128 0x1b
 1465 0147 2E       		.uleb128 0x2e
 1466 0148 01       		.byte	0x1
 1467 0149 3F       		.uleb128 0x3f
 1468 014a 0C       		.uleb128 0xc
 1469 014b 03       		.uleb128 0x3
 1470 014c 0E       		.uleb128 0xe
 1471 014d 3A       		.uleb128 0x3a
 1472 014e 0B       		.uleb128 0xb
 1473 014f 3B       		.uleb128 0x3b
 1474 0150 0B       		.uleb128 0xb
 1475 0151 27       		.uleb128 0x27
 1476 0152 0C       		.uleb128 0xc
 1477 0153 11       		.uleb128 0x11
 1478 0154 01       		.uleb128 0x1
 1479 0155 12       		.uleb128 0x12
 1480 0156 01       		.uleb128 0x1
ARM GAS  C:\Users\DNIEL~1\AppData\Local\Temp\cc1zzeyD.s 			page 27


 1481 0157 40       		.uleb128 0x40
 1482 0158 06       		.uleb128 0x6
 1483 0159 9742     		.uleb128 0x2117
 1484 015b 0C       		.uleb128 0xc
 1485 015c 01       		.uleb128 0x1
 1486 015d 13       		.uleb128 0x13
 1487 015e 00       		.byte	0
 1488 015f 00       		.byte	0
 1489 0160 1C       		.uleb128 0x1c
 1490 0161 2E       		.uleb128 0x2e
 1491 0162 01       		.byte	0x1
 1492 0163 3F       		.uleb128 0x3f
 1493 0164 0C       		.uleb128 0xc
 1494 0165 03       		.uleb128 0x3
 1495 0166 0E       		.uleb128 0xe
 1496 0167 3A       		.uleb128 0x3a
 1497 0168 0B       		.uleb128 0xb
 1498 0169 3B       		.uleb128 0x3b
 1499 016a 0B       		.uleb128 0xb
 1500 016b 27       		.uleb128 0x27
 1501 016c 0C       		.uleb128 0xc
 1502 016d 3C       		.uleb128 0x3c
 1503 016e 0C       		.uleb128 0xc
 1504 016f 01       		.uleb128 0x1
 1505 0170 13       		.uleb128 0x13
 1506 0171 00       		.byte	0
 1507 0172 00       		.byte	0
 1508 0173 1D       		.uleb128 0x1d
 1509 0174 2E       		.uleb128 0x2e
 1510 0175 01       		.byte	0x1
 1511 0176 3F       		.uleb128 0x3f
 1512 0177 0C       		.uleb128 0xc
 1513 0178 03       		.uleb128 0x3
 1514 0179 0E       		.uleb128 0xe
 1515 017a 3A       		.uleb128 0x3a
 1516 017b 0B       		.uleb128 0xb
 1517 017c 3B       		.uleb128 0x3b
 1518 017d 0B       		.uleb128 0xb
 1519 017e 27       		.uleb128 0x27
 1520 017f 0C       		.uleb128 0xc
 1521 0180 3C       		.uleb128 0x3c
 1522 0181 0C       		.uleb128 0xc
 1523 0182 00       		.byte	0
 1524 0183 00       		.byte	0
 1525 0184 00       		.byte	0
 1526              		.section	.debug_loc,"",%progbits
 1527              	.Ldebug_loc0:
 1528              	.LLST0:
 1529 0000 00000000 		.4byte	.LFB7
 1530 0004 02000000 		.4byte	.LCFI0
 1531 0008 0200     		.2byte	0x2
 1532 000a 7D       		.byte	0x7d
 1533 000b 00       		.sleb128 0
 1534 000c 02000000 		.4byte	.LCFI0
 1535 0010 2E000000 		.4byte	.LFE7
 1536 0014 0200     		.2byte	0x2
 1537 0016 7D       		.byte	0x7d
ARM GAS  C:\Users\DNIEL~1\AppData\Local\Temp\cc1zzeyD.s 			page 28


 1538 0017 08       		.sleb128 8
 1539 0018 00000000 		.4byte	0
 1540 001c 00000000 		.4byte	0
 1541              	.LLST1:
 1542 0020 00000000 		.4byte	.LVL0
 1543 0024 10000000 		.4byte	.LVL4
 1544 0028 0100     		.2byte	0x1
 1545 002a 50       		.byte	0x50
 1546 002b 10000000 		.4byte	.LVL4
 1547 002f 2E000000 		.4byte	.LFE7
 1548 0033 0100     		.2byte	0x1
 1549 0035 54       		.byte	0x54
 1550 0036 00000000 		.4byte	0
 1551 003a 00000000 		.4byte	0
 1552              	.LLST2:
 1553 003e 06000000 		.4byte	.LVL2
 1554 0042 10000000 		.4byte	.LVL4
 1555 0046 0100     		.2byte	0x1
 1556 0048 50       		.byte	0x50
 1557 0049 10000000 		.4byte	.LVL4
 1558 004d 2E000000 		.4byte	.LFE7
 1559 0051 0100     		.2byte	0x1
 1560 0053 54       		.byte	0x54
 1561 0054 00000000 		.4byte	0
 1562 0058 00000000 		.4byte	0
 1563              	.LLST3:
 1564 005c 0A000000 		.4byte	.LVL3
 1565 0060 13000000 		.4byte	.LVL5-1
 1566 0064 0100     		.2byte	0x1
 1567 0066 53       		.byte	0x53
 1568 0067 00000000 		.4byte	0
 1569 006b 00000000 		.4byte	0
 1570              	.LLST4:
 1571 006f 2C000000 		.4byte	.LVL8
 1572 0073 2E000000 		.4byte	.LFE7
 1573 0077 0100     		.2byte	0x1
 1574 0079 53       		.byte	0x53
 1575 007a 00000000 		.4byte	0
 1576 007e 00000000 		.4byte	0
 1577              	.LLST5:
 1578 0082 00000000 		.4byte	.LFB8
 1579 0086 02000000 		.4byte	.LCFI1
 1580 008a 0200     		.2byte	0x2
 1581 008c 7D       		.byte	0x7d
 1582 008d 00       		.sleb128 0
 1583 008e 02000000 		.4byte	.LCFI1
 1584 0092 28000000 		.4byte	.LFE8
 1585 0096 0200     		.2byte	0x2
 1586 0098 7D       		.byte	0x7d
 1587 0099 08       		.sleb128 8
 1588 009a 00000000 		.4byte	0
 1589 009e 00000000 		.4byte	0
 1590              	.LLST6:
 1591 00a2 00000000 		.4byte	.LVL9
 1592 00a6 0E000000 		.4byte	.LVL13
 1593 00aa 0100     		.2byte	0x1
 1594 00ac 50       		.byte	0x50
ARM GAS  C:\Users\DNIEL~1\AppData\Local\Temp\cc1zzeyD.s 			page 29


 1595 00ad 0E000000 		.4byte	.LVL13
 1596 00b1 16000000 		.4byte	.LVL16
 1597 00b5 0100     		.2byte	0x1
 1598 00b7 54       		.byte	0x54
 1599 00b8 16000000 		.4byte	.LVL16
 1600 00bc 1F000000 		.4byte	.LVL17-1
 1601 00c0 0100     		.2byte	0x1
 1602 00c2 50       		.byte	0x50
 1603 00c3 1F000000 		.4byte	.LVL17-1
 1604 00c7 28000000 		.4byte	.LFE8
 1605 00cb 0100     		.2byte	0x1
 1606 00cd 54       		.byte	0x54
 1607 00ce 00000000 		.4byte	0
 1608 00d2 00000000 		.4byte	0
 1609              	.LLST7:
 1610 00d6 0A000000 		.4byte	.LVL11
 1611 00da 0C000000 		.4byte	.LVL12
 1612 00de 0100     		.2byte	0x1
 1613 00e0 53       		.byte	0x53
 1614 00e1 00000000 		.4byte	0
 1615 00e5 00000000 		.4byte	0
 1616              	.LLST8:
 1617 00e9 14000000 		.4byte	.LVL15
 1618 00ed 16000000 		.4byte	.LVL16
 1619 00f1 0100     		.2byte	0x1
 1620 00f3 53       		.byte	0x53
 1621 00f4 00000000 		.4byte	0
 1622 00f8 00000000 		.4byte	0
 1623              	.LLST9:
 1624 00fc 00000000 		.4byte	.LFB9
 1625 0100 02000000 		.4byte	.LCFI2
 1626 0104 0200     		.2byte	0x2
 1627 0106 7D       		.byte	0x7d
 1628 0107 00       		.sleb128 0
 1629 0108 02000000 		.4byte	.LCFI2
 1630 010c 18000000 		.4byte	.LFE9
 1631 0110 0200     		.2byte	0x2
 1632 0112 7D       		.byte	0x7d
 1633 0113 08       		.sleb128 8
 1634 0114 00000000 		.4byte	0
 1635 0118 00000000 		.4byte	0
 1636              	.LLST10:
 1637 011c 00000000 		.4byte	.LVL18
 1638 0120 0F000000 		.4byte	.LVL22-1
 1639 0124 0100     		.2byte	0x1
 1640 0126 50       		.byte	0x50
 1641 0127 0F000000 		.4byte	.LVL22-1
 1642 012b 18000000 		.4byte	.LFE9
 1643 012f 0400     		.2byte	0x4
 1644 0131 F3       		.byte	0xf3
 1645 0132 01       		.uleb128 0x1
 1646 0133 50       		.byte	0x50
 1647 0134 9F       		.byte	0x9f
 1648 0135 00000000 		.4byte	0
 1649 0139 00000000 		.4byte	0
 1650              	.LLST11:
 1651 013d 08000000 		.4byte	.LVL20
ARM GAS  C:\Users\DNIEL~1\AppData\Local\Temp\cc1zzeyD.s 			page 30


 1652 0141 0A000000 		.4byte	.LVL21
 1653 0145 0100     		.2byte	0x1
 1654 0147 53       		.byte	0x53
 1655 0148 00000000 		.4byte	0
 1656 014c 00000000 		.4byte	0
 1657              	.LLST12:
 1658 0150 16000000 		.4byte	.LVL24
 1659 0154 18000000 		.4byte	.LFE9
 1660 0158 0100     		.2byte	0x1
 1661 015a 53       		.byte	0x53
 1662 015b 00000000 		.4byte	0
 1663 015f 00000000 		.4byte	0
 1664              		.section	.debug_aranges,"",%progbits
 1665 0000 2C000000 		.4byte	0x2c
 1666 0004 0200     		.2byte	0x2
 1667 0006 00000000 		.4byte	.Ldebug_info0
 1668 000a 04       		.byte	0x4
 1669 000b 00       		.byte	0
 1670 000c 0000     		.2byte	0
 1671 000e 0000     		.2byte	0
 1672 0010 00000000 		.4byte	.LFB7
 1673 0014 2E000000 		.4byte	.LFE7-.LFB7
 1674 0018 00000000 		.4byte	.LFB8
 1675 001c 28000000 		.4byte	.LFE8-.LFB8
 1676 0020 00000000 		.4byte	.LFB9
 1677 0024 18000000 		.4byte	.LFE9-.LFB9
 1678 0028 00000000 		.4byte	0
 1679 002c 00000000 		.4byte	0
 1680              		.section	.debug_ranges,"",%progbits
 1681              	.Ldebug_ranges0:
 1682 0000 02000000 		.4byte	.LBB2
 1683 0004 04000000 		.4byte	.LBE2
 1684 0008 06000000 		.4byte	.LBB3
 1685 000c 0A000000 		.4byte	.LBE3
 1686 0010 00000000 		.4byte	0
 1687 0014 00000000 		.4byte	0
 1688 0018 02000000 		.4byte	.LBB5
 1689 001c 04000000 		.4byte	.LBE5
 1690 0020 06000000 		.4byte	.LBB6
 1691 0024 0A000000 		.4byte	.LBE6
 1692 0028 00000000 		.4byte	0
 1693 002c 00000000 		.4byte	0
 1694 0030 00000000 		.4byte	.LFB7
 1695 0034 2E000000 		.4byte	.LFE7
 1696 0038 00000000 		.4byte	.LFB8
 1697 003c 28000000 		.4byte	.LFE8
 1698 0040 00000000 		.4byte	.LFB9
 1699 0044 18000000 		.4byte	.LFE9
 1700 0048 00000000 		.4byte	0
 1701 004c 00000000 		.4byte	0
 1702              		.section	.debug_line,"",%progbits
 1703              	.Ldebug_line0:
 1704 0000 C0010000 		.section	.debug_str,"MS",%progbits,1
 1704      02007501 
 1704      00000201 
 1704      FB0E0D00 
 1704      01010101 
ARM GAS  C:\Users\DNIEL~1\AppData\Local\Temp\cc1zzeyD.s 			page 31


 1705              	.LASF72:
 1706 0000 65745F69 		.ascii	"et_interval\000"
 1706      6E746572 
 1706      76616C00 
 1707              	.LASF36:
 1708 000c 705F6D73 		.ascii	"p_msg\000"
 1708      6700
 1709              	.LASF79:
 1710 0012 2E2E2F2E 		.ascii	"../../../ChibiOS/os/various/evtimer.c\000"
 1710      2E2F2E2E 
 1710      2F436869 
 1710      62694F53 
 1710      2F6F732F 
 1711              	.LASF65:
 1712 0038 7264796D 		.ascii	"rdymsg\000"
 1712      736700
 1713              	.LASF11:
 1714 003f 6C6F6E67 		.ascii	"long long unsigned int\000"
 1714      206C6F6E 
 1714      6720756E 
 1714      7369676E 
 1714      65642069 
 1715              	.LASF66:
 1716 0056 65786974 		.ascii	"exitcode\000"
 1716      636F6465 
 1716      00
 1717              	.LASF74:
 1718 005f 65767453 		.ascii	"evtStart\000"
 1718      74617274 
 1718      00
 1719              	.LASF24:
 1720 0068 705F7072 		.ascii	"p_prio\000"
 1720      696F00
 1721              	.LASF10:
 1722 006f 6C6F6E67 		.ascii	"long long int\000"
 1722      206C6F6E 
 1722      6720696E 
 1722      7400
 1723              	.LASF1:
 1724 007d 7369676E 		.ascii	"signed char\000"
 1724      65642063 
 1724      68617200 
 1725              	.LASF73:
 1726 0089 45765469 		.ascii	"EvTimer\000"
 1726      6D657200 
 1727              	.LASF40:
 1728 0091 705F6D70 		.ascii	"p_mpool\000"
 1728      6F6F6C00 
 1729              	.LASF55:
 1730 0099 6D5F7175 		.ascii	"m_queue\000"
 1730      65756500 
 1731              	.LASF15:
 1732 00a1 74736C69 		.ascii	"tslices_t\000"
 1732      6365735F 
 1732      7400
 1733              	.LASF7:
 1734 00ab 6C6F6E67 		.ascii	"long int\000"
ARM GAS  C:\Users\DNIEL~1\AppData\Local\Temp\cc1zzeyD.s 			page 32


 1734      20696E74 
 1734      00
 1735              	.LASF13:
 1736 00b4 74737461 		.ascii	"tstate_t\000"
 1736      74655F74 
 1736      00
 1737              	.LASF76:
 1738 00bd 63684576 		.ascii	"chEvtBroadcastFlagsI\000"
 1738      7442726F 
 1738      61646361 
 1738      7374466C 
 1738      61677349 
 1739              	.LASF26:
 1740 00d2 705F6E65 		.ascii	"p_newer\000"
 1740      77657200 
 1741              	.LASF43:
 1742 00da 72656761 		.ascii	"regarm_t\000"
 1742      726D5F74 
 1742      00
 1743              	.LASF50:
 1744 00e3 76745F70 		.ascii	"vt_prev\000"
 1744      72657600 
 1745              	.LASF63:
 1746 00eb 4576656E 		.ascii	"EventSource\000"
 1746      74536F75 
 1746      72636500 
 1747              	.LASF0:
 1748 00f7 756E7369 		.ascii	"unsigned int\000"
 1748      676E6564 
 1748      20696E74 
 1748      00
 1749              	.LASF49:
 1750 0104 76745F6E 		.ascii	"vt_next\000"
 1750      65787400 
 1751              	.LASF9:
 1752 010c 6C6F6E67 		.ascii	"long unsigned int\000"
 1752      20756E73 
 1752      69676E65 
 1752      6420696E 
 1752      7400
 1753              	.LASF45:
 1754 011e 636F6E74 		.ascii	"context\000"
 1754      65787400 
 1755              	.LASF4:
 1756 0126 73686F72 		.ascii	"short unsigned int\000"
 1756      7420756E 
 1756      7369676E 
 1756      65642069 
 1756      6E7400
 1757              	.LASF17:
 1758 0139 6D73675F 		.ascii	"msg_t\000"
 1758      7400
 1759              	.LASF59:
 1760 013f 656C5F6E 		.ascii	"el_next\000"
 1760      65787400 
 1761              	.LASF12:
 1762 0147 746D6F64 		.ascii	"tmode_t\000"
ARM GAS  C:\Users\DNIEL~1\AppData\Local\Temp\cc1zzeyD.s 			page 33


 1762      655F7400 
 1763              	.LASF42:
 1764 014f 54687265 		.ascii	"ThreadsList\000"
 1764      6164734C 
 1764      69737400 
 1765              	.LASF18:
 1766 015b 6576656E 		.ascii	"eventmask_t\000"
 1766      746D6173 
 1766      6B5F7400 
 1767              	.LASF54:
 1768 0167 4D757465 		.ascii	"Mutex\000"
 1768      7800
 1769              	.LASF51:
 1770 016d 76745F74 		.ascii	"vt_time\000"
 1770      696D6500 
 1771              	.LASF71:
 1772 0175 65745F65 		.ascii	"et_es\000"
 1772      7300
 1773              	.LASF46:
 1774 017b 73697A65 		.ascii	"sizetype\000"
 1774      74797065 
 1774      00
 1775              	.LASF52:
 1776 0184 76745F66 		.ascii	"vt_func\000"
 1776      756E6300 
 1777              	.LASF78:
 1778 018c 474E5520 		.ascii	"GNU C 4.7.4 20140401 (release) [ARM/embedded-4_7-br"
 1778      4320342E 
 1778      372E3420 
 1778      32303134 
 1778      30343031 
 1779 01bf 616E6368 		.ascii	"anch revision 209195]\000"
 1779      20726576 
 1779      6973696F 
 1779      6E203230 
 1779      39313935 
 1780              	.LASF27:
 1781 01d5 705F6F6C 		.ascii	"p_older\000"
 1781      64657200 
 1782              	.LASF41:
 1783 01dd 54687265 		.ascii	"ThreadsQueue\000"
 1783      61647351 
 1783      75657565 
 1783      00
 1784              	.LASF61:
 1785 01ea 656C5F6D 		.ascii	"el_mask\000"
 1785      61736B00 
 1786              	.LASF14:
 1787 01f2 74726566 		.ascii	"trefs_t\000"
 1787      735F7400 
 1788              	.LASF23:
 1789 01fa 705F7072 		.ascii	"p_prev\000"
 1789      657600
 1790              	.LASF16:
 1791 0201 74707269 		.ascii	"tprio_t\000"
 1791      6F5F7400 
 1792              	.LASF6:
ARM GAS  C:\Users\DNIEL~1\AppData\Local\Temp\cc1zzeyD.s 			page 34


 1793 0209 696E7433 		.ascii	"int32_t\000"
 1793      325F7400 
 1794              	.LASF2:
 1795 0211 756E7369 		.ascii	"unsigned char\000"
 1795      676E6564 
 1795      20636861 
 1795      7200
 1796              	.LASF60:
 1797 021f 656C5F6C 		.ascii	"el_listener\000"
 1797      69737465 
 1797      6E657200 
 1798              	.LASF62:
 1799 022b 656C5F66 		.ascii	"el_flags\000"
 1799      6C616773 
 1799      00
 1800              	.LASF38:
 1801 0234 705F6D74 		.ascii	"p_mtxlist\000"
 1801      786C6973 
 1801      7400
 1802              	.LASF3:
 1803 023e 73686F72 		.ascii	"short int\000"
 1803      7420696E 
 1803      7400
 1804              	.LASF29:
 1805 0248 705F7374 		.ascii	"p_state\000"
 1805      61746500 
 1806              	.LASF32:
 1807 0250 705F7072 		.ascii	"p_preempt\000"
 1807      65656D70 
 1807      7400
 1808              	.LASF68:
 1809 025a 65776D61 		.ascii	"ewmask\000"
 1809      736B00
 1810              	.LASF22:
 1811 0261 705F6E65 		.ascii	"p_next\000"
 1811      787400
 1812              	.LASF30:
 1813 0268 705F666C 		.ascii	"p_flags\000"
 1813      61677300 
 1814              	.LASF21:
 1815 0270 54687265 		.ascii	"Thread\000"
 1815      616400
 1816              	.LASF82:
 1817 0277 63685654 		.ascii	"chVTResetI\000"
 1817      52657365 
 1817      744900
 1818              	.LASF37:
 1819 0282 705F6570 		.ascii	"p_epending\000"
 1819      656E6469 
 1819      6E6700
 1820              	.LASF8:
 1821 028d 75696E74 		.ascii	"uint32_t\000"
 1821      33325F74 
 1821      00
 1822              	.LASF48:
 1823 0296 56697274 		.ascii	"VirtualTimer\000"
 1823      75616C54 
ARM GAS  C:\Users\DNIEL~1\AppData\Local\Temp\cc1zzeyD.s 			page 35


 1823      696D6572 
 1823      00
 1824              	.LASF69:
 1825 02a3 63686172 		.ascii	"char\000"
 1825      00
 1826              	.LASF81:
 1827 02a8 746D7263 		.ascii	"tmrcb\000"
 1827      6200
 1828              	.LASF57:
 1829 02ae 6D5F6E65 		.ascii	"m_next\000"
 1829      787400
 1830              	.LASF20:
 1831 02b5 73797374 		.ascii	"systime_t\000"
 1831      696D655F 
 1831      7400
 1832              	.LASF39:
 1833 02bf 705F7265 		.ascii	"p_realprio\000"
 1833      616C7072 
 1833      696F00
 1834              	.LASF47:
 1835 02ca 76746675 		.ascii	"vtfunc_t\000"
 1835      6E635F74 
 1835      00
 1836              	.LASF75:
 1837 02d3 65767453 		.ascii	"evtStop\000"
 1837      746F7000 
 1838              	.LASF33:
 1839 02db 705F7469 		.ascii	"p_time\000"
 1839      6D6500
 1840              	.LASF77:
 1841 02e2 63685654 		.ascii	"chVTSetI\000"
 1841      53657449 
 1841      00
 1842              	.LASF44:
 1843 02eb 696E7463 		.ascii	"intctx\000"
 1843      747800
 1844              	.LASF35:
 1845 02f2 705F6D73 		.ascii	"p_msgqueue\000"
 1845      67717565 
 1845      756500
 1846              	.LASF53:
 1847 02fd 76745F70 		.ascii	"vt_par\000"
 1847      617200
 1848              	.LASF19:
 1849 0304 666C6167 		.ascii	"flagsmask_t\000"
 1849      736D6173 
 1849      6B5F7400 
 1850              	.LASF31:
 1851 0310 705F7265 		.ascii	"p_refs\000"
 1851      667300
 1852              	.LASF80:
 1853 0317 433A5C55 		.ascii	"C:\\Users\\D\341niel\\git\\Smarty\\smarty\\firmware"
 1853      73657273 
 1853      5C44E16E 
 1853      69656C5C 
 1853      6769745C 
 1854 0341 00       		.ascii	"\000"
ARM GAS  C:\Users\DNIEL~1\AppData\Local\Temp\cc1zzeyD.s 			page 36


 1855              	.LASF5:
 1856 0342 75696E74 		.ascii	"uint8_t\000"
 1856      385F7400 
 1857              	.LASF58:
 1858 034a 4576656E 		.ascii	"EventListener\000"
 1858      744C6973 
 1858      74656E65 
 1858      7200
 1859              	.LASF67:
 1860 0358 77746F62 		.ascii	"wtobjp\000"
 1860      6A7000
 1861              	.LASF28:
 1862 035f 705F6E61 		.ascii	"p_name\000"
 1862      6D6500
 1863              	.LASF64:
 1864 0366 65735F6E 		.ascii	"es_next\000"
 1864      65787400 
 1865              	.LASF70:
 1866 036e 65745F76 		.ascii	"et_vt\000"
 1866      7400
 1867              	.LASF56:
 1868 0374 6D5F6F77 		.ascii	"m_owner\000"
 1868      6E657200 
 1869              	.LASF25:
 1870 037c 705F6374 		.ascii	"p_ctx\000"
 1870      7800
 1871              	.LASF34:
 1872 0382 705F7761 		.ascii	"p_waiting\000"
 1872      6974696E 
 1872      6700
 1873              		.ident	"GCC: (GNU Tools for ARM Embedded Processors) 4.7.4 20140401 (release) [ARM/embedded-4_7-br
ARM GAS  C:\Users\DNIEL~1\AppData\Local\Temp\cc1zzeyD.s 			page 37


DEFINED SYMBOLS
                            *ABS*:00000000 evtimer.c
C:\Users\DNIEL~1\AppData\Local\Temp\cc1zzeyD.s:19     .text.tmrcb:00000000 $t
C:\Users\DNIEL~1\AppData\Local\Temp\cc1zzeyD.s:24     .text.tmrcb:00000000 tmrcb
C:\Users\DNIEL~1\AppData\Local\Temp\cc1zzeyD.s:82     .text.evtStart:00000000 $t
C:\Users\DNIEL~1\AppData\Local\Temp\cc1zzeyD.s:88     .text.evtStart:00000000 evtStart
C:\Users\DNIEL~1\AppData\Local\Temp\cc1zzeyD.s:144    .text.evtStart:00000024 $d
C:\Users\DNIEL~1\AppData\Local\Temp\cc1zzeyD.s:149    .text.evtStop:00000000 $t
C:\Users\DNIEL~1\AppData\Local\Temp\cc1zzeyD.s:155    .text.evtStop:00000000 evtStop
                     .debug_frame:00000010 $d
C:\Users\DNIEL~1\AppData\Local\Temp\cc1zzeyD.s:148    .text.evtStart:00000028 $t

UNDEFINED SYMBOLS
chEvtBroadcastFlagsI
chVTSetI
chVTResetI
