ARM GAS  C:\Users\DNIEL~1\AppData\Local\Temp\ccfuEKB3.s 			page 1


   1              		.syntax unified
   2              		.cpu cortex-m4
   3              		.fpu softvfp
   4              		.eabi_attribute 20, 1
   5              		.eabi_attribute 21, 1
   6              		.eabi_attribute 23, 3
   7              		.eabi_attribute 24, 1
   8              		.eabi_attribute 25, 1
   9              		.eabi_attribute 26, 1
  10              		.eabi_attribute 30, 2
  11              		.eabi_attribute 34, 1
  12              		.eabi_attribute 18, 4
  13              		.thumb
  14              		.file	"fatfs_syscall.c"
  15              		.text
  16              	.Ltext0:
  17              		.cfi_sections	.debug_frame
  18              		.section	.text.ff_memalloc,"ax",%progbits
  19              		.align	2
  20              		.p2align 4,,15
  21              		.global	ff_memalloc
  22              		.thumb
  23              		.thumb_func
  24              		.type	ff_memalloc, %function
  25              	ff_memalloc:
  26              	.LFB7:
  27              		.file 1 "../../../ChibiOS/os/various/fatfs_bindings/fatfs_syscall.c"
  28              		.loc 1 72 0
  29              		.cfi_startproc
  30              		@ args = 0, pretend = 0, frame = 0
  31              		@ frame_needed = 0, uses_anonymous_args = 0
  32              		@ link register save eliminated.
  33              	.LVL0:
  34              		.loc 1 72 0
  35 0000 0146     		mov	r1, r0
  36              		.loc 1 74 0
  37 0002 0020     		movs	r0, #0
  38              	.LVL1:
  39              		.loc 1 75 0
  40              		.loc 1 74 0
  41 0004 FFF7FEBF 		b	chHeapAlloc
  42              	.LVL2:
  43              		.cfi_endproc
  44              	.LFE7:
  45              		.size	ff_memalloc, .-ff_memalloc
  46 0008 AFF30080 		.section	.text.ff_memfree,"ax",%progbits
  46      AFF30080 
  47              		.align	2
  48              		.p2align 4,,15
  49              		.global	ff_memfree
  50              		.thumb
  51              		.thumb_func
  52              		.type	ff_memfree, %function
  53              	ff_memfree:
  54              	.LFB8:
  55              		.loc 1 80 0
  56              		.cfi_startproc
ARM GAS  C:\Users\DNIEL~1\AppData\Local\Temp\ccfuEKB3.s 			page 2


  57              		@ args = 0, pretend = 0, frame = 0
  58              		@ frame_needed = 0, uses_anonymous_args = 0
  59              		@ link register save eliminated.
  60              	.LVL3:
  61              		.loc 1 83 0
  62              		.loc 1 82 0
  63 0000 FFF7FEBF 		b	chHeapFree
  64              	.LVL4:
  65              		.cfi_endproc
  66              	.LFE8:
  67              		.size	ff_memfree, .-ff_memfree
  68 0004 AFF30080 		.text
  68      AFF30080 
  68      AFF30080 
  69              	.Letext0:
  70              		.file 2 "c:\\chibistudio\\tools\\gnu tools arm embedded\\4.7 2014q2\\bin\\../lib/gcc/arm-none-eabi
  71              		.file 3 "c:\\chibistudio\\tools\\gnu tools arm embedded\\4.7 2014q2\\bin\\../lib/gcc/arm-none-eabi
  72              		.file 4 "../../../ChibiOS/os/ports/GCC/ARMCMx/chtypes.h"
  73              		.file 5 "../../../ChibiOS/os/kernel/include/chlists.h"
  74              		.file 6 "../../../ChibiOS/os/kernel/include/chthreads.h"
  75              		.file 7 "../../../ChibiOS/os/ports/GCC/ARMCMx/chcore_v7m.h"
  76              		.file 8 "../../../ChibiOS/os/kernel/include/chmtx.h"
  77              		.file 9 "../../../ChibiOS/os/kernel/include/chmemcore.h"
  78              		.file 10 "../../../ChibiOS/os/kernel/include/chheap.h"
  79              		.file 11 "../../../ChibiOS/ext/fatfs/src/integer.h"
  80              		.section	.debug_info,"",%progbits
  81              	.Ldebug_info0:
  82 0000 7D050000 		.4byte	0x57d
  83 0004 0200     		.2byte	0x2
  84 0006 00000000 		.4byte	.Ldebug_abbrev0
  85 000a 04       		.byte	0x4
  86 000b 01       		.uleb128 0x1
  87 000c A8010000 		.4byte	.LASF71
  88 0010 01       		.byte	0x1
  89 0011 AE000000 		.4byte	.LASF72
  90 0015 04030000 		.4byte	.LASF73
  91 0019 00000000 		.4byte	.Ldebug_ranges0+0
  92 001d 00000000 		.4byte	0
  93 0021 00000000 		.4byte	0
  94 0025 00000000 		.4byte	.Ldebug_line0
  95 0029 02       		.uleb128 0x2
  96 002a 04       		.byte	0x4
  97 002b 05       		.byte	0x5
  98 002c 696E7400 		.ascii	"int\000"
  99 0030 03       		.uleb128 0x3
 100 0031 06000000 		.4byte	.LASF2
 101 0035 02       		.byte	0x2
 102 0036 D5       		.byte	0xd5
 103 0037 3B000000 		.4byte	0x3b
 104 003b 04       		.uleb128 0x4
 105 003c 04       		.byte	0x4
 106 003d 07       		.byte	0x7
 107 003e 12010000 		.4byte	.LASF0
 108 0042 04       		.uleb128 0x4
 109 0043 01       		.byte	0x1
 110 0044 06       		.byte	0x6
 111 0045 6B000000 		.4byte	.LASF1
ARM GAS  C:\Users\DNIEL~1\AppData\Local\Temp\ccfuEKB3.s 			page 3


 112 0049 03       		.uleb128 0x3
 113 004a 2F030000 		.4byte	.LASF3
 114 004e 03       		.byte	0x3
 115 004f 2A       		.byte	0x2a
 116 0050 54000000 		.4byte	0x54
 117 0054 04       		.uleb128 0x4
 118 0055 01       		.byte	0x1
 119 0056 08       		.byte	0x8
 120 0057 36020000 		.4byte	.LASF4
 121 005b 04       		.uleb128 0x4
 122 005c 02       		.byte	0x2
 123 005d 05       		.byte	0x5
 124 005e 59020000 		.4byte	.LASF5
 125 0062 04       		.uleb128 0x4
 126 0063 02       		.byte	0x2
 127 0064 07       		.byte	0x7
 128 0065 4E010000 		.4byte	.LASF6
 129 0069 03       		.uleb128 0x3
 130 006a 2E020000 		.4byte	.LASF7
 131 006e 03       		.byte	0x3
 132 006f 4F       		.byte	0x4f
 133 0070 74000000 		.4byte	0x74
 134 0074 04       		.uleb128 0x4
 135 0075 04       		.byte	0x4
 136 0076 05       		.byte	0x5
 137 0077 E9000000 		.4byte	.LASF8
 138 007b 03       		.uleb128 0x3
 139 007c B5020000 		.4byte	.LASF9
 140 0080 03       		.byte	0x3
 141 0081 50       		.byte	0x50
 142 0082 86000000 		.4byte	0x86
 143 0086 04       		.uleb128 0x4
 144 0087 04       		.byte	0x4
 145 0088 07       		.byte	0x7
 146 0089 2F010000 		.4byte	.LASF10
 147 008d 04       		.uleb128 0x4
 148 008e 08       		.byte	0x8
 149 008f 05       		.byte	0x5
 150 0090 5D000000 		.4byte	.LASF11
 151 0094 03       		.uleb128 0x3
 152 0095 14000000 		.4byte	.LASF12
 153 0099 03       		.byte	0x3
 154 009a 78       		.byte	0x78
 155 009b 9F000000 		.4byte	0x9f
 156 009f 04       		.uleb128 0x4
 157 00a0 08       		.byte	0x8
 158 00a1 07       		.byte	0x7
 159 00a2 2A000000 		.4byte	.LASF13
 160 00a6 04       		.uleb128 0x4
 161 00a7 01       		.byte	0x1
 162 00a8 02       		.byte	0x2
 163 00a9 28020000 		.4byte	.LASF14
 164 00ad 03       		.uleb128 0x3
 165 00ae 67010000 		.4byte	.LASF15
 166 00b2 04       		.byte	0x4
 167 00b3 2C       		.byte	0x2c
 168 00b4 49000000 		.4byte	0x49
ARM GAS  C:\Users\DNIEL~1\AppData\Local\Temp\ccfuEKB3.s 			page 4


 169 00b8 03       		.uleb128 0x3
 170 00b9 F2000000 		.4byte	.LASF16
 171 00bd 04       		.byte	0x4
 172 00be 2D       		.byte	0x2d
 173 00bf 49000000 		.4byte	0x49
 174 00c3 03       		.uleb128 0x3
 175 00c4 11020000 		.4byte	.LASF17
 176 00c8 04       		.byte	0x4
 177 00c9 2E       		.byte	0x2e
 178 00ca 49000000 		.4byte	0x49
 179 00ce 03       		.uleb128 0x3
 180 00cf A4000000 		.4byte	.LASF18
 181 00d3 04       		.byte	0x4
 182 00d4 2F       		.byte	0x2f
 183 00d5 49000000 		.4byte	0x49
 184 00d9 03       		.uleb128 0x3
 185 00da 20020000 		.4byte	.LASF19
 186 00de 04       		.byte	0x4
 187 00df 30       		.byte	0x30
 188 00e0 7B000000 		.4byte	0x7b
 189 00e4 03       		.uleb128 0x3
 190 00e5 61010000 		.4byte	.LASF20
 191 00e9 04       		.byte	0x4
 192 00ea 31       		.byte	0x31
 193 00eb 69000000 		.4byte	0x69
 194 00ef 03       		.uleb128 0x3
 195 00f0 7B010000 		.4byte	.LASF21
 196 00f4 04       		.byte	0x4
 197 00f5 33       		.byte	0x33
 198 00f6 7B000000 		.4byte	0x7b
 199 00fa 03       		.uleb128 0x3
 200 00fb CF020000 		.4byte	.LASF22
 201 00ff 04       		.byte	0x4
 202 0100 35       		.byte	0x35
 203 0101 7B000000 		.4byte	0x7b
 204 0105 03       		.uleb128 0x3
 205 0106 97020000 		.4byte	.LASF23
 206 010a 05       		.byte	0x5
 207 010b 2A       		.byte	0x2a
 208 010c 10010000 		.4byte	0x110
 209 0110 05       		.uleb128 0x5
 210 0111 97020000 		.4byte	.LASF23
 211 0115 48       		.byte	0x48
 212 0116 06       		.byte	0x6
 213 0117 5E       		.byte	0x5e
 214 0118 35020000 		.4byte	0x235
 215 011c 06       		.uleb128 0x6
 216 011d 88020000 		.4byte	.LASF24
 217 0121 06       		.byte	0x6
 218 0122 5F       		.byte	0x5f
 219 0123 5A020000 		.4byte	0x25a
 220 0127 02       		.byte	0x2
 221 0128 23       		.byte	0x23
 222 0129 00       		.uleb128 0
 223 012a 06       		.uleb128 0x6
 224 012b 19020000 		.4byte	.LASF25
 225 012f 06       		.byte	0x6
ARM GAS  C:\Users\DNIEL~1\AppData\Local\Temp\ccfuEKB3.s 			page 5


 226 0130 61       		.byte	0x61
 227 0131 5A020000 		.4byte	0x25a
 228 0135 02       		.byte	0x2
 229 0136 23       		.byte	0x23
 230 0137 04       		.uleb128 0x4
 231 0138 06       		.uleb128 0x6
 232 0139 56000000 		.4byte	.LASF26
 233 013d 06       		.byte	0x6
 234 013e 63       		.byte	0x63
 235 013f D9000000 		.4byte	0xd9
 236 0143 02       		.byte	0x2
 237 0144 23       		.byte	0x23
 238 0145 08       		.uleb128 0x8
 239 0146 06       		.uleb128 0x6
 240 0147 4D030000 		.4byte	.LASF27
 241 014b 06       		.byte	0x6
 242 014c 64       		.byte	0x64
 243 014d 33030000 		.4byte	0x333
 244 0151 02       		.byte	0x2
 245 0152 23       		.byte	0x23
 246 0153 0C       		.uleb128 0xc
 247 0154 06       		.uleb128 0x6
 248 0155 FB000000 		.4byte	.LASF28
 249 0159 06       		.byte	0x6
 250 015a 66       		.byte	0x66
 251 015b 5A020000 		.4byte	0x25a
 252 015f 02       		.byte	0x2
 253 0160 23       		.byte	0x23
 254 0161 10       		.uleb128 0x10
 255 0162 06       		.uleb128 0x6
 256 0163 F1010000 		.4byte	.LASF29
 257 0167 06       		.byte	0x6
 258 0168 67       		.byte	0x67
 259 0169 5A020000 		.4byte	0x25a
 260 016d 02       		.byte	0x2
 261 016e 23       		.byte	0x23
 262 016f 14       		.uleb128 0x14
 263 0170 06       		.uleb128 0x6
 264 0171 3E030000 		.4byte	.LASF30
 265 0175 06       		.byte	0x6
 266 0176 6E       		.byte	0x6e
 267 0177 B1040000 		.4byte	0x4b1
 268 017b 02       		.byte	0x2
 269 017c 23       		.byte	0x23
 270 017d 18       		.uleb128 0x18
 271 017e 06       		.uleb128 0x6
 272 017f 63020000 		.4byte	.LASF31
 273 0183 06       		.byte	0x6
 274 0184 79       		.byte	0x79
 275 0185 B8000000 		.4byte	0xb8
 276 0189 02       		.byte	0x2
 277 018a 23       		.byte	0x23
 278 018b 1C       		.uleb128 0x1c
 279 018c 06       		.uleb128 0x6
 280 018d 8F020000 		.4byte	.LASF32
 281 0191 06       		.byte	0x6
 282 0192 7D       		.byte	0x7d
ARM GAS  C:\Users\DNIEL~1\AppData\Local\Temp\ccfuEKB3.s 			page 6


 283 0193 AD000000 		.4byte	0xad
 284 0197 02       		.byte	0x2
 285 0198 23       		.byte	0x23
 286 0199 1D       		.uleb128 0x1d
 287 019a 06       		.uleb128 0x6
 288 019b FD020000 		.4byte	.LASF33
 289 019f 06       		.byte	0x6
 290 01a0 82       		.byte	0x82
 291 01a1 C3000000 		.4byte	0xc3
 292 01a5 02       		.byte	0x2
 293 01a6 23       		.byte	0x23
 294 01a7 1E       		.uleb128 0x1e
 295 01a8 06       		.uleb128 0x6
 296 01a9 6B020000 		.4byte	.LASF34
 297 01ad 06       		.byte	0x6
 298 01ae 88       		.byte	0x88
 299 01af CE000000 		.4byte	0xce
 300 01b3 02       		.byte	0x2
 301 01b4 23       		.byte	0x23
 302 01b5 1F       		.uleb128 0x1f
 303 01b6 06       		.uleb128 0x6
 304 01b7 E4020000 		.4byte	.LASF35
 305 01bb 06       		.byte	0x6
 306 01bc 8F       		.byte	0x8f
 307 01bd 5D030000 		.4byte	0x35d
 308 01c1 02       		.byte	0x2
 309 01c2 23       		.byte	0x23
 310 01c3 20       		.uleb128 0x20
 311 01c4 07       		.uleb128 0x7
 312 01c5 705F7500 		.ascii	"p_u\000"
 313 01c9 06       		.byte	0x6
 314 01ca B4       		.byte	0xb4
 315 01cb 7C040000 		.4byte	0x47c
 316 01cf 02       		.byte	0x2
 317 01d0 23       		.byte	0x23
 318 01d1 24       		.uleb128 0x24
 319 01d2 06       		.uleb128 0x6
 320 01d3 53030000 		.4byte	.LASF36
 321 01d7 06       		.byte	0x6
 322 01d8 B9       		.byte	0xb9
 323 01d9 82020000 		.4byte	0x282
 324 01dd 02       		.byte	0x2
 325 01de 23       		.byte	0x23
 326 01df 28       		.uleb128 0x28
 327 01e0 06       		.uleb128 0x6
 328 01e1 F2020000 		.4byte	.LASF37
 329 01e5 06       		.byte	0x6
 330 01e6 BF       		.byte	0xbf
 331 01e7 60020000 		.4byte	0x260
 332 01eb 02       		.byte	0x2
 333 01ec 23       		.byte	0x23
 334 01ed 2C       		.uleb128 0x2c
 335 01ee 06       		.uleb128 0x6
 336 01ef 00000000 		.4byte	.LASF38
 337 01f3 06       		.byte	0x6
 338 01f4 C3       		.byte	0xc3
 339 01f5 E4000000 		.4byte	0xe4
ARM GAS  C:\Users\DNIEL~1\AppData\Local\Temp\ccfuEKB3.s 			page 7


 340 01f9 02       		.byte	0x2
 341 01fa 23       		.byte	0x23
 342 01fb 34       		.uleb128 0x34
 343 01fc 06       		.uleb128 0x6
 344 01fd AA020000 		.4byte	.LASF39
 345 0201 06       		.byte	0x6
 346 0202 C9       		.byte	0xc9
 347 0203 EF000000 		.4byte	0xef
 348 0207 02       		.byte	0x2
 349 0208 23       		.byte	0x23
 350 0209 38       		.uleb128 0x38
 351 020a 06       		.uleb128 0x6
 352 020b 4F020000 		.4byte	.LASF40
 353 020f 06       		.byte	0x6
 354 0210 D0       		.byte	0xd0
 355 0211 C3040000 		.4byte	0x4c3
 356 0215 02       		.byte	0x2
 357 0216 23       		.byte	0x23
 358 0217 3C       		.uleb128 0x3c
 359 0218 06       		.uleb128 0x6
 360 0219 D9020000 		.4byte	.LASF41
 361 021d 06       		.byte	0x6
 362 021e D4       		.byte	0xd4
 363 021f D9000000 		.4byte	0xd9
 364 0223 02       		.byte	0x2
 365 0224 23       		.byte	0x23
 366 0225 40       		.uleb128 0x40
 367 0226 06       		.uleb128 0x6
 368 0227 7D000000 		.4byte	.LASF42
 369 022b 06       		.byte	0x6
 370 022c DA       		.byte	0xda
 371 022d 98020000 		.4byte	0x298
 372 0231 02       		.byte	0x2
 373 0232 23       		.byte	0x23
 374 0233 44       		.uleb128 0x44
 375 0234 00       		.byte	0
 376 0235 08       		.uleb128 0x8
 377 0236 08       		.byte	0x8
 378 0237 05       		.byte	0x5
 379 0238 61       		.byte	0x61
 380 0239 5A020000 		.4byte	0x25a
 381 023d 06       		.uleb128 0x6
 382 023e 88020000 		.4byte	.LASF24
 383 0242 05       		.byte	0x5
 384 0243 62       		.byte	0x62
 385 0244 5A020000 		.4byte	0x25a
 386 0248 02       		.byte	0x2
 387 0249 23       		.byte	0x23
 388 024a 00       		.uleb128 0
 389 024b 06       		.uleb128 0x6
 390 024c 19020000 		.4byte	.LASF25
 391 0250 05       		.byte	0x5
 392 0251 64       		.byte	0x64
 393 0252 5A020000 		.4byte	0x25a
 394 0256 02       		.byte	0x2
 395 0257 23       		.byte	0x23
 396 0258 04       		.uleb128 0x4
ARM GAS  C:\Users\DNIEL~1\AppData\Local\Temp\ccfuEKB3.s 			page 8


 397 0259 00       		.byte	0
 398 025a 09       		.uleb128 0x9
 399 025b 04       		.byte	0x4
 400 025c 05010000 		.4byte	0x105
 401 0260 03       		.uleb128 0x3
 402 0261 F9010000 		.4byte	.LASF43
 403 0265 05       		.byte	0x5
 404 0266 66       		.byte	0x66
 405 0267 35020000 		.4byte	0x235
 406 026b 08       		.uleb128 0x8
 407 026c 04       		.byte	0x4
 408 026d 05       		.byte	0x5
 409 026e 6B       		.byte	0x6b
 410 026f 82020000 		.4byte	0x282
 411 0273 06       		.uleb128 0x6
 412 0274 88020000 		.4byte	.LASF24
 413 0278 05       		.byte	0x5
 414 0279 6D       		.byte	0x6d
 415 027a 5A020000 		.4byte	0x25a
 416 027e 02       		.byte	0x2
 417 027f 23       		.byte	0x23
 418 0280 00       		.uleb128 0
 419 0281 00       		.byte	0
 420 0282 03       		.uleb128 0x3
 421 0283 6F010000 		.4byte	.LASF44
 422 0287 05       		.byte	0x5
 423 0288 70       		.byte	0x70
 424 0289 6B020000 		.4byte	0x26b
 425 028d 03       		.uleb128 0x3
 426 028e 03010000 		.4byte	.LASF45
 427 0292 07       		.byte	0x7
 428 0293 E5       		.byte	0xe5
 429 0294 98020000 		.4byte	0x298
 430 0298 0A       		.uleb128 0xa
 431 0299 04       		.byte	0x4
 432 029a 03       		.uleb128 0x3
 433 029b 8D010000 		.4byte	.LASF46
 434 029f 07       		.byte	0x7
 435 02a0 EB       		.byte	0xeb
 436 02a1 94000000 		.4byte	0x94
 437 02a5 0B       		.uleb128 0xb
 438 02a6 EB020000 		.4byte	.LASF47
 439 02aa 24       		.byte	0x24
 440 02ab 07       		.byte	0x7
 441 02ac 0C01     		.2byte	0x10c
 442 02ae 33030000 		.4byte	0x333
 443 02b2 0C       		.uleb128 0xc
 444 02b3 723400   		.ascii	"r4\000"
 445 02b6 07       		.byte	0x7
 446 02b7 1F01     		.2byte	0x11f
 447 02b9 8D020000 		.4byte	0x28d
 448 02bd 02       		.byte	0x2
 449 02be 23       		.byte	0x23
 450 02bf 00       		.uleb128 0
 451 02c0 0C       		.uleb128 0xc
 452 02c1 723500   		.ascii	"r5\000"
 453 02c4 07       		.byte	0x7
ARM GAS  C:\Users\DNIEL~1\AppData\Local\Temp\ccfuEKB3.s 			page 9


 454 02c5 2001     		.2byte	0x120
 455 02c7 8D020000 		.4byte	0x28d
 456 02cb 02       		.byte	0x2
 457 02cc 23       		.byte	0x23
 458 02cd 04       		.uleb128 0x4
 459 02ce 0C       		.uleb128 0xc
 460 02cf 723600   		.ascii	"r6\000"
 461 02d2 07       		.byte	0x7
 462 02d3 2101     		.2byte	0x121
 463 02d5 8D020000 		.4byte	0x28d
 464 02d9 02       		.byte	0x2
 465 02da 23       		.byte	0x23
 466 02db 08       		.uleb128 0x8
 467 02dc 0C       		.uleb128 0xc
 468 02dd 723700   		.ascii	"r7\000"
 469 02e0 07       		.byte	0x7
 470 02e1 2201     		.2byte	0x122
 471 02e3 8D020000 		.4byte	0x28d
 472 02e7 02       		.byte	0x2
 473 02e8 23       		.byte	0x23
 474 02e9 0C       		.uleb128 0xc
 475 02ea 0C       		.uleb128 0xc
 476 02eb 723800   		.ascii	"r8\000"
 477 02ee 07       		.byte	0x7
 478 02ef 2301     		.2byte	0x123
 479 02f1 8D020000 		.4byte	0x28d
 480 02f5 02       		.byte	0x2
 481 02f6 23       		.byte	0x23
 482 02f7 10       		.uleb128 0x10
 483 02f8 0C       		.uleb128 0xc
 484 02f9 723900   		.ascii	"r9\000"
 485 02fc 07       		.byte	0x7
 486 02fd 2401     		.2byte	0x124
 487 02ff 8D020000 		.4byte	0x28d
 488 0303 02       		.byte	0x2
 489 0304 23       		.byte	0x23
 490 0305 14       		.uleb128 0x14
 491 0306 0C       		.uleb128 0xc
 492 0307 72313000 		.ascii	"r10\000"
 493 030b 07       		.byte	0x7
 494 030c 2501     		.2byte	0x125
 495 030e 8D020000 		.4byte	0x28d
 496 0312 02       		.byte	0x2
 497 0313 23       		.byte	0x23
 498 0314 18       		.uleb128 0x18
 499 0315 0C       		.uleb128 0xc
 500 0316 72313100 		.ascii	"r11\000"
 501 031a 07       		.byte	0x7
 502 031b 2601     		.2byte	0x126
 503 031d 8D020000 		.4byte	0x28d
 504 0321 02       		.byte	0x2
 505 0322 23       		.byte	0x23
 506 0323 1C       		.uleb128 0x1c
 507 0324 0C       		.uleb128 0xc
 508 0325 6C7200   		.ascii	"lr\000"
 509 0328 07       		.byte	0x7
 510 0329 2701     		.2byte	0x127
ARM GAS  C:\Users\DNIEL~1\AppData\Local\Temp\ccfuEKB3.s 			page 10


 511 032b 8D020000 		.4byte	0x28d
 512 032f 02       		.byte	0x2
 513 0330 23       		.byte	0x23
 514 0331 20       		.uleb128 0x20
 515 0332 00       		.byte	0
 516 0333 0B       		.uleb128 0xb
 517 0334 41010000 		.4byte	.LASF48
 518 0338 04       		.byte	0x4
 519 0339 07       		.byte	0x7
 520 033a 3101     		.2byte	0x131
 521 033c 50030000 		.4byte	0x350
 522 0340 0C       		.uleb128 0xc
 523 0341 72313300 		.ascii	"r13\000"
 524 0345 07       		.byte	0x7
 525 0346 3201     		.2byte	0x132
 526 0348 50030000 		.4byte	0x350
 527 034c 02       		.byte	0x2
 528 034d 23       		.byte	0x23
 529 034e 00       		.uleb128 0
 530 034f 00       		.byte	0
 531 0350 09       		.uleb128 0x9
 532 0351 04       		.byte	0x4
 533 0352 A5020000 		.4byte	0x2a5
 534 0356 04       		.uleb128 0x4
 535 0357 04       		.byte	0x4
 536 0358 07       		.byte	0x7
 537 0359 98010000 		.4byte	.LASF49
 538 035d 0D       		.uleb128 0xd
 539 035e FA000000 		.4byte	0xfa
 540 0362 05       		.uleb128 0x5
 541 0363 87010000 		.4byte	.LASF50
 542 0367 10       		.byte	0x10
 543 0368 08       		.byte	0x8
 544 0369 2C       		.byte	0x2c
 545 036a 99030000 		.4byte	0x399
 546 036e 06       		.uleb128 0x6
 547 036f 85000000 		.4byte	.LASF51
 548 0373 08       		.byte	0x8
 549 0374 2D       		.byte	0x2d
 550 0375 60020000 		.4byte	0x260
 551 0379 02       		.byte	0x2
 552 037a 23       		.byte	0x23
 553 037b 00       		.uleb128 0
 554 037c 06       		.uleb128 0x6
 555 037d 45030000 		.4byte	.LASF52
 556 0381 08       		.byte	0x8
 557 0382 2F       		.byte	0x2f
 558 0383 5A020000 		.4byte	0x25a
 559 0387 02       		.byte	0x2
 560 0388 23       		.byte	0x23
 561 0389 08       		.uleb128 0x8
 562 038a 06       		.uleb128 0x6
 563 038b C8020000 		.4byte	.LASF53
 564 038f 08       		.byte	0x8
 565 0390 31       		.byte	0x31
 566 0391 99030000 		.4byte	0x399
 567 0395 02       		.byte	0x2
ARM GAS  C:\Users\DNIEL~1\AppData\Local\Temp\ccfuEKB3.s 			page 11


 568 0396 23       		.byte	0x23
 569 0397 0C       		.uleb128 0xc
 570 0398 00       		.byte	0
 571 0399 09       		.uleb128 0x9
 572 039a 04       		.byte	0x4
 573 039b 62030000 		.4byte	0x362
 574 039f 03       		.uleb128 0x3
 575 03a0 87010000 		.4byte	.LASF50
 576 03a4 08       		.byte	0x8
 577 03a5 33       		.byte	0x33
 578 03a6 62030000 		.4byte	0x362
 579 03aa 03       		.uleb128 0x3
 580 03ab 1D000000 		.4byte	.LASF54
 581 03af 09       		.byte	0x9
 582 03b0 2C       		.byte	0x2c
 583 03b1 B5030000 		.4byte	0x3b5
 584 03b5 09       		.uleb128 0x9
 585 03b6 04       		.byte	0x4
 586 03b7 BB030000 		.4byte	0x3bb
 587 03bb 0E       		.uleb128 0xe
 588 03bc 01       		.byte	0x1
 589 03bd 98020000 		.4byte	0x298
 590 03c1 CB030000 		.4byte	0x3cb
 591 03c5 0F       		.uleb128 0xf
 592 03c6 30000000 		.4byte	0x30
 593 03ca 00       		.byte	0
 594 03cb 03       		.uleb128 0x3
 595 03cc 06020000 		.4byte	.LASF55
 596 03d0 0A       		.byte	0xa
 597 03d1 34       		.byte	0x34
 598 03d2 D6030000 		.4byte	0x3d6
 599 03d6 05       		.uleb128 0x5
 600 03d7 5D030000 		.4byte	.LASF56
 601 03db 20       		.byte	0x20
 602 03dc 0A       		.byte	0xa
 603 03dd 47       		.byte	0x47
 604 03de 0D040000 		.4byte	0x40d
 605 03e2 06       		.uleb128 0x6
 606 03e3 44020000 		.4byte	.LASF57
 607 03e7 0A       		.byte	0xa
 608 03e8 48       		.byte	0x48
 609 03e9 AA030000 		.4byte	0x3aa
 610 03ed 02       		.byte	0x2
 611 03ee 23       		.byte	0x23
 612 03ef 00       		.uleb128 0
 613 03f0 06       		.uleb128 0x6
 614 03f1 4A000000 		.4byte	.LASF58
 615 03f5 0A       		.byte	0xa
 616 03f6 4A       		.byte	0x4a
 617 03f7 2C040000 		.4byte	0x42c
 618 03fb 02       		.byte	0x2
 619 03fc 23       		.byte	0x23
 620 03fd 08       		.uleb128 0x8
 621 03fe 06       		.uleb128 0x6
 622 03ff 77000000 		.4byte	.LASF59
 623 0403 0A       		.byte	0xa
 624 0404 4C       		.byte	0x4c
ARM GAS  C:\Users\DNIEL~1\AppData\Local\Temp\ccfuEKB3.s 			page 12


 625 0405 9F030000 		.4byte	0x39f
 626 0409 02       		.byte	0x2
 627 040a 23       		.byte	0x23
 628 040b 10       		.uleb128 0x10
 629 040c 00       		.byte	0
 630 040d 10       		.uleb128 0x10
 631 040e 04       		.byte	0x4
 632 040f 0A       		.byte	0xa
 633 0410 3C       		.byte	0x3c
 634 0411 2C040000 		.4byte	0x42c
 635 0415 11       		.uleb128 0x11
 636 0416 51000000 		.4byte	.LASF60
 637 041a 0A       		.byte	0xa
 638 041b 3D       		.byte	0x3d
 639 041c 4D040000 		.4byte	0x44d
 640 0420 11       		.uleb128 0x11
 641 0421 BE020000 		.4byte	.LASF61
 642 0425 0A       		.byte	0xa
 643 0426 3E       		.byte	0x3e
 644 0427 53040000 		.4byte	0x453
 645 042b 00       		.byte	0
 646 042c 12       		.uleb128 0x12
 647 042d 75020000 		.4byte	.LASF74
 648 0431 08       		.byte	0x8
 649 0432 0A       		.byte	0xa
 650 0433 39       		.byte	0x39
 651 0434 4D040000 		.4byte	0x44d
 652 0438 11       		.uleb128 0x11
 653 0439 0C010000 		.4byte	.LASF62
 654 043d 0A       		.byte	0xa
 655 043e 3A       		.byte	0x3a
 656 043f 9A020000 		.4byte	0x29a
 657 0443 13       		.uleb128 0x13
 658 0444 6800     		.ascii	"h\000"
 659 0446 0A       		.byte	0xa
 660 0447 41       		.byte	0x41
 661 0448 59040000 		.4byte	0x459
 662 044c 00       		.byte	0
 663 044d 09       		.uleb128 0x9
 664 044e 04       		.byte	0x4
 665 044f 2C040000 		.4byte	0x42c
 666 0453 09       		.uleb128 0x9
 667 0454 04       		.byte	0x4
 668 0455 CB030000 		.4byte	0x3cb
 669 0459 08       		.uleb128 0x8
 670 045a 08       		.byte	0x8
 671 045b 0A       		.byte	0xa
 672 045c 3B       		.byte	0x3b
 673 045d 7C040000 		.4byte	0x47c
 674 0461 07       		.uleb128 0x7
 675 0462 7500     		.ascii	"u\000"
 676 0464 0A       		.byte	0xa
 677 0465 3F       		.byte	0x3f
 678 0466 0D040000 		.4byte	0x40d
 679 046a 02       		.byte	0x2
 680 046b 23       		.byte	0x23
 681 046c 00       		.uleb128 0
ARM GAS  C:\Users\DNIEL~1\AppData\Local\Temp\ccfuEKB3.s 			page 13


 682 046d 06       		.uleb128 0x6
 683 046e 49010000 		.4byte	.LASF63
 684 0472 0A       		.byte	0xa
 685 0473 40       		.byte	0x40
 686 0474 30000000 		.4byte	0x30
 687 0478 02       		.byte	0x2
 688 0479 23       		.byte	0x23
 689 047a 04       		.uleb128 0x4
 690 047b 00       		.byte	0
 691 047c 10       		.uleb128 0x10
 692 047d 04       		.byte	0x4
 693 047e 06       		.byte	0x6
 694 047f 96       		.byte	0x96
 695 0480 B1040000 		.4byte	0x4b1
 696 0484 11       		.uleb128 0x11
 697 0485 0D000000 		.4byte	.LASF64
 698 0489 06       		.byte	0x6
 699 048a 9D       		.byte	0x9d
 700 048b E4000000 		.4byte	0xe4
 701 048f 11       		.uleb128 0x11
 702 0490 41000000 		.4byte	.LASF65
 703 0494 06       		.byte	0x6
 704 0495 A4       		.byte	0xa4
 705 0496 E4000000 		.4byte	0xe4
 706 049a 11       		.uleb128 0x11
 707 049b 37030000 		.4byte	.LASF66
 708 049f 06       		.byte	0x6
 709 04a0 AB       		.byte	0xab
 710 04a1 98020000 		.4byte	0x298
 711 04a5 11       		.uleb128 0x11
 712 04a6 81020000 		.4byte	.LASF67
 713 04aa 06       		.byte	0x6
 714 04ab B2       		.byte	0xb2
 715 04ac EF000000 		.4byte	0xef
 716 04b0 00       		.byte	0
 717 04b1 09       		.uleb128 0x9
 718 04b2 04       		.byte	0x4
 719 04b3 B7040000 		.4byte	0x4b7
 720 04b7 14       		.uleb128 0x14
 721 04b8 BC040000 		.4byte	0x4bc
 722 04bc 04       		.uleb128 0x4
 723 04bd 01       		.byte	0x1
 724 04be 08       		.byte	0x8
 725 04bf C3020000 		.4byte	.LASF68
 726 04c3 09       		.uleb128 0x9
 727 04c4 04       		.byte	0x4
 728 04c5 9F030000 		.4byte	0x39f
 729 04c9 03       		.uleb128 0x3
 730 04ca 2A010000 		.4byte	.LASF69
 731 04ce 0B       		.byte	0xb
 732 04cf 11       		.byte	0x11
 733 04d0 3B000000 		.4byte	0x3b
 734 04d4 15       		.uleb128 0x15
 735 04d5 01       		.byte	0x1
 736 04d6 98000000 		.4byte	.LASF75
 737 04da 01       		.byte	0x1
 738 04db 48       		.byte	0x48
ARM GAS  C:\Users\DNIEL~1\AppData\Local\Temp\ccfuEKB3.s 			page 14


 739 04dc 01       		.byte	0x1
 740 04dd 98020000 		.4byte	0x298
 741 04e1 00000000 		.4byte	.LFB7
 742 04e5 08000000 		.4byte	.LFE7
 743 04e9 02       		.byte	0x2
 744 04ea 7D       		.byte	0x7d
 745 04eb 00       		.sleb128 0
 746 04ec 01       		.byte	0x1
 747 04ed 18050000 		.4byte	0x518
 748 04f1 16       		.uleb128 0x16
 749 04f2 49010000 		.4byte	.LASF63
 750 04f6 01       		.byte	0x1
 751 04f7 48       		.byte	0x48
 752 04f8 C9040000 		.4byte	0x4c9
 753 04fc 00000000 		.4byte	.LLST0
 754 0500 17       		.uleb128 0x17
 755 0501 08000000 		.4byte	.LVL2
 756 0505 01       		.byte	0x1
 757 0506 53050000 		.4byte	0x553
 758 050a 18       		.uleb128 0x18
 759 050b 01       		.byte	0x1
 760 050c 51       		.byte	0x51
 761 050d 03       		.byte	0x3
 762 050e F3       		.byte	0xf3
 763 050f 01       		.uleb128 0x1
 764 0510 50       		.byte	0x50
 765 0511 18       		.uleb128 0x18
 766 0512 01       		.byte	0x1
 767 0513 50       		.byte	0x50
 768 0514 01       		.byte	0x1
 769 0515 30       		.byte	0x30
 770 0516 00       		.byte	0
 771 0517 00       		.byte	0
 772 0518 19       		.uleb128 0x19
 773 0519 01       		.byte	0x1
 774 051a 1F010000 		.4byte	.LASF76
 775 051e 01       		.byte	0x1
 776 051f 50       		.byte	0x50
 777 0520 01       		.byte	0x1
 778 0521 00000000 		.4byte	.LFB8
 779 0525 04000000 		.4byte	.LFE8
 780 0529 02       		.byte	0x2
 781 052a 7D       		.byte	0x7d
 782 052b 00       		.sleb128 0
 783 052c 01       		.byte	0x1
 784 052d 53050000 		.4byte	0x553
 785 0531 16       		.uleb128 0x16
 786 0532 A1010000 		.4byte	.LASF70
 787 0536 01       		.byte	0x1
 788 0537 50       		.byte	0x50
 789 0538 98020000 		.4byte	0x298
 790 053c 2C000000 		.4byte	.LLST1
 791 0540 17       		.uleb128 0x17
 792 0541 04000000 		.4byte	.LVL4
 793 0545 01       		.byte	0x1
 794 0546 70050000 		.4byte	0x570
 795 054a 18       		.uleb128 0x18
ARM GAS  C:\Users\DNIEL~1\AppData\Local\Temp\ccfuEKB3.s 			page 15


 796 054b 01       		.byte	0x1
 797 054c 50       		.byte	0x50
 798 054d 03       		.byte	0x3
 799 054e F3       		.byte	0xf3
 800 054f 01       		.uleb128 0x1
 801 0550 50       		.byte	0x50
 802 0551 00       		.byte	0
 803 0552 00       		.byte	0
 804 0553 1A       		.uleb128 0x1a
 805 0554 01       		.byte	0x1
 806 0555 9E020000 		.4byte	.LASF77
 807 0559 0A       		.byte	0xa
 808 055a 59       		.byte	0x59
 809 055b 01       		.byte	0x1
 810 055c 98020000 		.4byte	0x298
 811 0560 01       		.byte	0x1
 812 0561 70050000 		.4byte	0x570
 813 0565 0F       		.uleb128 0xf
 814 0566 53040000 		.4byte	0x453
 815 056a 0F       		.uleb128 0xf
 816 056b 30000000 		.4byte	0x30
 817 056f 00       		.byte	0
 818 0570 1B       		.uleb128 0x1b
 819 0571 01       		.byte	0x1
 820 0572 8D000000 		.4byte	.LASF78
 821 0576 0A       		.byte	0xa
 822 0577 5A       		.byte	0x5a
 823 0578 01       		.byte	0x1
 824 0579 01       		.byte	0x1
 825 057a 0F       		.uleb128 0xf
 826 057b 98020000 		.4byte	0x298
 827 057f 00       		.byte	0
 828 0580 00       		.byte	0
 829              		.section	.debug_abbrev,"",%progbits
 830              	.Ldebug_abbrev0:
 831 0000 01       		.uleb128 0x1
 832 0001 11       		.uleb128 0x11
 833 0002 01       		.byte	0x1
 834 0003 25       		.uleb128 0x25
 835 0004 0E       		.uleb128 0xe
 836 0005 13       		.uleb128 0x13
 837 0006 0B       		.uleb128 0xb
 838 0007 03       		.uleb128 0x3
 839 0008 0E       		.uleb128 0xe
 840 0009 1B       		.uleb128 0x1b
 841 000a 0E       		.uleb128 0xe
 842 000b 55       		.uleb128 0x55
 843 000c 06       		.uleb128 0x6
 844 000d 11       		.uleb128 0x11
 845 000e 01       		.uleb128 0x1
 846 000f 52       		.uleb128 0x52
 847 0010 01       		.uleb128 0x1
 848 0011 10       		.uleb128 0x10
 849 0012 06       		.uleb128 0x6
 850 0013 00       		.byte	0
 851 0014 00       		.byte	0
 852 0015 02       		.uleb128 0x2
ARM GAS  C:\Users\DNIEL~1\AppData\Local\Temp\ccfuEKB3.s 			page 16


 853 0016 24       		.uleb128 0x24
 854 0017 00       		.byte	0
 855 0018 0B       		.uleb128 0xb
 856 0019 0B       		.uleb128 0xb
 857 001a 3E       		.uleb128 0x3e
 858 001b 0B       		.uleb128 0xb
 859 001c 03       		.uleb128 0x3
 860 001d 08       		.uleb128 0x8
 861 001e 00       		.byte	0
 862 001f 00       		.byte	0
 863 0020 03       		.uleb128 0x3
 864 0021 16       		.uleb128 0x16
 865 0022 00       		.byte	0
 866 0023 03       		.uleb128 0x3
 867 0024 0E       		.uleb128 0xe
 868 0025 3A       		.uleb128 0x3a
 869 0026 0B       		.uleb128 0xb
 870 0027 3B       		.uleb128 0x3b
 871 0028 0B       		.uleb128 0xb
 872 0029 49       		.uleb128 0x49
 873 002a 13       		.uleb128 0x13
 874 002b 00       		.byte	0
 875 002c 00       		.byte	0
 876 002d 04       		.uleb128 0x4
 877 002e 24       		.uleb128 0x24
 878 002f 00       		.byte	0
 879 0030 0B       		.uleb128 0xb
 880 0031 0B       		.uleb128 0xb
 881 0032 3E       		.uleb128 0x3e
 882 0033 0B       		.uleb128 0xb
 883 0034 03       		.uleb128 0x3
 884 0035 0E       		.uleb128 0xe
 885 0036 00       		.byte	0
 886 0037 00       		.byte	0
 887 0038 05       		.uleb128 0x5
 888 0039 13       		.uleb128 0x13
 889 003a 01       		.byte	0x1
 890 003b 03       		.uleb128 0x3
 891 003c 0E       		.uleb128 0xe
 892 003d 0B       		.uleb128 0xb
 893 003e 0B       		.uleb128 0xb
 894 003f 3A       		.uleb128 0x3a
 895 0040 0B       		.uleb128 0xb
 896 0041 3B       		.uleb128 0x3b
 897 0042 0B       		.uleb128 0xb
 898 0043 01       		.uleb128 0x1
 899 0044 13       		.uleb128 0x13
 900 0045 00       		.byte	0
 901 0046 00       		.byte	0
 902 0047 06       		.uleb128 0x6
 903 0048 0D       		.uleb128 0xd
 904 0049 00       		.byte	0
 905 004a 03       		.uleb128 0x3
 906 004b 0E       		.uleb128 0xe
 907 004c 3A       		.uleb128 0x3a
 908 004d 0B       		.uleb128 0xb
 909 004e 3B       		.uleb128 0x3b
ARM GAS  C:\Users\DNIEL~1\AppData\Local\Temp\ccfuEKB3.s 			page 17


 910 004f 0B       		.uleb128 0xb
 911 0050 49       		.uleb128 0x49
 912 0051 13       		.uleb128 0x13
 913 0052 38       		.uleb128 0x38
 914 0053 0A       		.uleb128 0xa
 915 0054 00       		.byte	0
 916 0055 00       		.byte	0
 917 0056 07       		.uleb128 0x7
 918 0057 0D       		.uleb128 0xd
 919 0058 00       		.byte	0
 920 0059 03       		.uleb128 0x3
 921 005a 08       		.uleb128 0x8
 922 005b 3A       		.uleb128 0x3a
 923 005c 0B       		.uleb128 0xb
 924 005d 3B       		.uleb128 0x3b
 925 005e 0B       		.uleb128 0xb
 926 005f 49       		.uleb128 0x49
 927 0060 13       		.uleb128 0x13
 928 0061 38       		.uleb128 0x38
 929 0062 0A       		.uleb128 0xa
 930 0063 00       		.byte	0
 931 0064 00       		.byte	0
 932 0065 08       		.uleb128 0x8
 933 0066 13       		.uleb128 0x13
 934 0067 01       		.byte	0x1
 935 0068 0B       		.uleb128 0xb
 936 0069 0B       		.uleb128 0xb
 937 006a 3A       		.uleb128 0x3a
 938 006b 0B       		.uleb128 0xb
 939 006c 3B       		.uleb128 0x3b
 940 006d 0B       		.uleb128 0xb
 941 006e 01       		.uleb128 0x1
 942 006f 13       		.uleb128 0x13
 943 0070 00       		.byte	0
 944 0071 00       		.byte	0
 945 0072 09       		.uleb128 0x9
 946 0073 0F       		.uleb128 0xf
 947 0074 00       		.byte	0
 948 0075 0B       		.uleb128 0xb
 949 0076 0B       		.uleb128 0xb
 950 0077 49       		.uleb128 0x49
 951 0078 13       		.uleb128 0x13
 952 0079 00       		.byte	0
 953 007a 00       		.byte	0
 954 007b 0A       		.uleb128 0xa
 955 007c 0F       		.uleb128 0xf
 956 007d 00       		.byte	0
 957 007e 0B       		.uleb128 0xb
 958 007f 0B       		.uleb128 0xb
 959 0080 00       		.byte	0
 960 0081 00       		.byte	0
 961 0082 0B       		.uleb128 0xb
 962 0083 13       		.uleb128 0x13
 963 0084 01       		.byte	0x1
 964 0085 03       		.uleb128 0x3
 965 0086 0E       		.uleb128 0xe
 966 0087 0B       		.uleb128 0xb
ARM GAS  C:\Users\DNIEL~1\AppData\Local\Temp\ccfuEKB3.s 			page 18


 967 0088 0B       		.uleb128 0xb
 968 0089 3A       		.uleb128 0x3a
 969 008a 0B       		.uleb128 0xb
 970 008b 3B       		.uleb128 0x3b
 971 008c 05       		.uleb128 0x5
 972 008d 01       		.uleb128 0x1
 973 008e 13       		.uleb128 0x13
 974 008f 00       		.byte	0
 975 0090 00       		.byte	0
 976 0091 0C       		.uleb128 0xc
 977 0092 0D       		.uleb128 0xd
 978 0093 00       		.byte	0
 979 0094 03       		.uleb128 0x3
 980 0095 08       		.uleb128 0x8
 981 0096 3A       		.uleb128 0x3a
 982 0097 0B       		.uleb128 0xb
 983 0098 3B       		.uleb128 0x3b
 984 0099 05       		.uleb128 0x5
 985 009a 49       		.uleb128 0x49
 986 009b 13       		.uleb128 0x13
 987 009c 38       		.uleb128 0x38
 988 009d 0A       		.uleb128 0xa
 989 009e 00       		.byte	0
 990 009f 00       		.byte	0
 991 00a0 0D       		.uleb128 0xd
 992 00a1 35       		.uleb128 0x35
 993 00a2 00       		.byte	0
 994 00a3 49       		.uleb128 0x49
 995 00a4 13       		.uleb128 0x13
 996 00a5 00       		.byte	0
 997 00a6 00       		.byte	0
 998 00a7 0E       		.uleb128 0xe
 999 00a8 15       		.uleb128 0x15
 1000 00a9 01       		.byte	0x1
 1001 00aa 27       		.uleb128 0x27
 1002 00ab 0C       		.uleb128 0xc
 1003 00ac 49       		.uleb128 0x49
 1004 00ad 13       		.uleb128 0x13
 1005 00ae 01       		.uleb128 0x1
 1006 00af 13       		.uleb128 0x13
 1007 00b0 00       		.byte	0
 1008 00b1 00       		.byte	0
 1009 00b2 0F       		.uleb128 0xf
 1010 00b3 05       		.uleb128 0x5
 1011 00b4 00       		.byte	0
 1012 00b5 49       		.uleb128 0x49
 1013 00b6 13       		.uleb128 0x13
 1014 00b7 00       		.byte	0
 1015 00b8 00       		.byte	0
 1016 00b9 10       		.uleb128 0x10
 1017 00ba 17       		.uleb128 0x17
 1018 00bb 01       		.byte	0x1
 1019 00bc 0B       		.uleb128 0xb
 1020 00bd 0B       		.uleb128 0xb
 1021 00be 3A       		.uleb128 0x3a
 1022 00bf 0B       		.uleb128 0xb
 1023 00c0 3B       		.uleb128 0x3b
ARM GAS  C:\Users\DNIEL~1\AppData\Local\Temp\ccfuEKB3.s 			page 19


 1024 00c1 0B       		.uleb128 0xb
 1025 00c2 01       		.uleb128 0x1
 1026 00c3 13       		.uleb128 0x13
 1027 00c4 00       		.byte	0
 1028 00c5 00       		.byte	0
 1029 00c6 11       		.uleb128 0x11
 1030 00c7 0D       		.uleb128 0xd
 1031 00c8 00       		.byte	0
 1032 00c9 03       		.uleb128 0x3
 1033 00ca 0E       		.uleb128 0xe
 1034 00cb 3A       		.uleb128 0x3a
 1035 00cc 0B       		.uleb128 0xb
 1036 00cd 3B       		.uleb128 0x3b
 1037 00ce 0B       		.uleb128 0xb
 1038 00cf 49       		.uleb128 0x49
 1039 00d0 13       		.uleb128 0x13
 1040 00d1 00       		.byte	0
 1041 00d2 00       		.byte	0
 1042 00d3 12       		.uleb128 0x12
 1043 00d4 17       		.uleb128 0x17
 1044 00d5 01       		.byte	0x1
 1045 00d6 03       		.uleb128 0x3
 1046 00d7 0E       		.uleb128 0xe
 1047 00d8 0B       		.uleb128 0xb
 1048 00d9 0B       		.uleb128 0xb
 1049 00da 3A       		.uleb128 0x3a
 1050 00db 0B       		.uleb128 0xb
 1051 00dc 3B       		.uleb128 0x3b
 1052 00dd 0B       		.uleb128 0xb
 1053 00de 01       		.uleb128 0x1
 1054 00df 13       		.uleb128 0x13
 1055 00e0 00       		.byte	0
 1056 00e1 00       		.byte	0
 1057 00e2 13       		.uleb128 0x13
 1058 00e3 0D       		.uleb128 0xd
 1059 00e4 00       		.byte	0
 1060 00e5 03       		.uleb128 0x3
 1061 00e6 08       		.uleb128 0x8
 1062 00e7 3A       		.uleb128 0x3a
 1063 00e8 0B       		.uleb128 0xb
 1064 00e9 3B       		.uleb128 0x3b
 1065 00ea 0B       		.uleb128 0xb
 1066 00eb 49       		.uleb128 0x49
 1067 00ec 13       		.uleb128 0x13
 1068 00ed 00       		.byte	0
 1069 00ee 00       		.byte	0
 1070 00ef 14       		.uleb128 0x14
 1071 00f0 26       		.uleb128 0x26
 1072 00f1 00       		.byte	0
 1073 00f2 49       		.uleb128 0x49
 1074 00f3 13       		.uleb128 0x13
 1075 00f4 00       		.byte	0
 1076 00f5 00       		.byte	0
 1077 00f6 15       		.uleb128 0x15
 1078 00f7 2E       		.uleb128 0x2e
 1079 00f8 01       		.byte	0x1
 1080 00f9 3F       		.uleb128 0x3f
ARM GAS  C:\Users\DNIEL~1\AppData\Local\Temp\ccfuEKB3.s 			page 20


 1081 00fa 0C       		.uleb128 0xc
 1082 00fb 03       		.uleb128 0x3
 1083 00fc 0E       		.uleb128 0xe
 1084 00fd 3A       		.uleb128 0x3a
 1085 00fe 0B       		.uleb128 0xb
 1086 00ff 3B       		.uleb128 0x3b
 1087 0100 0B       		.uleb128 0xb
 1088 0101 27       		.uleb128 0x27
 1089 0102 0C       		.uleb128 0xc
 1090 0103 49       		.uleb128 0x49
 1091 0104 13       		.uleb128 0x13
 1092 0105 11       		.uleb128 0x11
 1093 0106 01       		.uleb128 0x1
 1094 0107 12       		.uleb128 0x12
 1095 0108 01       		.uleb128 0x1
 1096 0109 40       		.uleb128 0x40
 1097 010a 0A       		.uleb128 0xa
 1098 010b 9742     		.uleb128 0x2117
 1099 010d 0C       		.uleb128 0xc
 1100 010e 01       		.uleb128 0x1
 1101 010f 13       		.uleb128 0x13
 1102 0110 00       		.byte	0
 1103 0111 00       		.byte	0
 1104 0112 16       		.uleb128 0x16
 1105 0113 05       		.uleb128 0x5
 1106 0114 00       		.byte	0
 1107 0115 03       		.uleb128 0x3
 1108 0116 0E       		.uleb128 0xe
 1109 0117 3A       		.uleb128 0x3a
 1110 0118 0B       		.uleb128 0xb
 1111 0119 3B       		.uleb128 0x3b
 1112 011a 0B       		.uleb128 0xb
 1113 011b 49       		.uleb128 0x49
 1114 011c 13       		.uleb128 0x13
 1115 011d 02       		.uleb128 0x2
 1116 011e 06       		.uleb128 0x6
 1117 011f 00       		.byte	0
 1118 0120 00       		.byte	0
 1119 0121 17       		.uleb128 0x17
 1120 0122 898201   		.uleb128 0x4109
 1121 0125 01       		.byte	0x1
 1122 0126 11       		.uleb128 0x11
 1123 0127 01       		.uleb128 0x1
 1124 0128 9542     		.uleb128 0x2115
 1125 012a 0C       		.uleb128 0xc
 1126 012b 31       		.uleb128 0x31
 1127 012c 13       		.uleb128 0x13
 1128 012d 00       		.byte	0
 1129 012e 00       		.byte	0
 1130 012f 18       		.uleb128 0x18
 1131 0130 8A8201   		.uleb128 0x410a
 1132 0133 00       		.byte	0
 1133 0134 02       		.uleb128 0x2
 1134 0135 0A       		.uleb128 0xa
 1135 0136 9142     		.uleb128 0x2111
 1136 0138 0A       		.uleb128 0xa
 1137 0139 00       		.byte	0
ARM GAS  C:\Users\DNIEL~1\AppData\Local\Temp\ccfuEKB3.s 			page 21


 1138 013a 00       		.byte	0
 1139 013b 19       		.uleb128 0x19
 1140 013c 2E       		.uleb128 0x2e
 1141 013d 01       		.byte	0x1
 1142 013e 3F       		.uleb128 0x3f
 1143 013f 0C       		.uleb128 0xc
 1144 0140 03       		.uleb128 0x3
 1145 0141 0E       		.uleb128 0xe
 1146 0142 3A       		.uleb128 0x3a
 1147 0143 0B       		.uleb128 0xb
 1148 0144 3B       		.uleb128 0x3b
 1149 0145 0B       		.uleb128 0xb
 1150 0146 27       		.uleb128 0x27
 1151 0147 0C       		.uleb128 0xc
 1152 0148 11       		.uleb128 0x11
 1153 0149 01       		.uleb128 0x1
 1154 014a 12       		.uleb128 0x12
 1155 014b 01       		.uleb128 0x1
 1156 014c 40       		.uleb128 0x40
 1157 014d 0A       		.uleb128 0xa
 1158 014e 9742     		.uleb128 0x2117
 1159 0150 0C       		.uleb128 0xc
 1160 0151 01       		.uleb128 0x1
 1161 0152 13       		.uleb128 0x13
 1162 0153 00       		.byte	0
 1163 0154 00       		.byte	0
 1164 0155 1A       		.uleb128 0x1a
 1165 0156 2E       		.uleb128 0x2e
 1166 0157 01       		.byte	0x1
 1167 0158 3F       		.uleb128 0x3f
 1168 0159 0C       		.uleb128 0xc
 1169 015a 03       		.uleb128 0x3
 1170 015b 0E       		.uleb128 0xe
 1171 015c 3A       		.uleb128 0x3a
 1172 015d 0B       		.uleb128 0xb
 1173 015e 3B       		.uleb128 0x3b
 1174 015f 0B       		.uleb128 0xb
 1175 0160 27       		.uleb128 0x27
 1176 0161 0C       		.uleb128 0xc
 1177 0162 49       		.uleb128 0x49
 1178 0163 13       		.uleb128 0x13
 1179 0164 3C       		.uleb128 0x3c
 1180 0165 0C       		.uleb128 0xc
 1181 0166 01       		.uleb128 0x1
 1182 0167 13       		.uleb128 0x13
 1183 0168 00       		.byte	0
 1184 0169 00       		.byte	0
 1185 016a 1B       		.uleb128 0x1b
 1186 016b 2E       		.uleb128 0x2e
 1187 016c 01       		.byte	0x1
 1188 016d 3F       		.uleb128 0x3f
 1189 016e 0C       		.uleb128 0xc
 1190 016f 03       		.uleb128 0x3
 1191 0170 0E       		.uleb128 0xe
 1192 0171 3A       		.uleb128 0x3a
 1193 0172 0B       		.uleb128 0xb
 1194 0173 3B       		.uleb128 0x3b
ARM GAS  C:\Users\DNIEL~1\AppData\Local\Temp\ccfuEKB3.s 			page 22


 1195 0174 0B       		.uleb128 0xb
 1196 0175 27       		.uleb128 0x27
 1197 0176 0C       		.uleb128 0xc
 1198 0177 3C       		.uleb128 0x3c
 1199 0178 0C       		.uleb128 0xc
 1200 0179 00       		.byte	0
 1201 017a 00       		.byte	0
 1202 017b 00       		.byte	0
 1203              		.section	.debug_loc,"",%progbits
 1204              	.Ldebug_loc0:
 1205              	.LLST0:
 1206 0000 00000000 		.4byte	.LVL0
 1207 0004 04000000 		.4byte	.LVL1
 1208 0008 0100     		.2byte	0x1
 1209 000a 50       		.byte	0x50
 1210 000b 04000000 		.4byte	.LVL1
 1211 000f 07000000 		.4byte	.LVL2-1
 1212 0013 0100     		.2byte	0x1
 1213 0015 51       		.byte	0x51
 1214 0016 07000000 		.4byte	.LVL2-1
 1215 001a 08000000 		.4byte	.LFE7
 1216 001e 0400     		.2byte	0x4
 1217 0020 F3       		.byte	0xf3
 1218 0021 01       		.uleb128 0x1
 1219 0022 50       		.byte	0x50
 1220 0023 9F       		.byte	0x9f
 1221 0024 00000000 		.4byte	0
 1222 0028 00000000 		.4byte	0
 1223              	.LLST1:
 1224 002c 00000000 		.4byte	.LVL3
 1225 0030 03000000 		.4byte	.LVL4-1
 1226 0034 0100     		.2byte	0x1
 1227 0036 50       		.byte	0x50
 1228 0037 03000000 		.4byte	.LVL4-1
 1229 003b 04000000 		.4byte	.LFE8
 1230 003f 0400     		.2byte	0x4
 1231 0041 F3       		.byte	0xf3
 1232 0042 01       		.uleb128 0x1
 1233 0043 50       		.byte	0x50
 1234 0044 9F       		.byte	0x9f
 1235 0045 00000000 		.4byte	0
 1236 0049 00000000 		.4byte	0
 1237              		.section	.debug_aranges,"",%progbits
 1238 0000 24000000 		.4byte	0x24
 1239 0004 0200     		.2byte	0x2
 1240 0006 00000000 		.4byte	.Ldebug_info0
 1241 000a 04       		.byte	0x4
 1242 000b 00       		.byte	0
 1243 000c 0000     		.2byte	0
 1244 000e 0000     		.2byte	0
 1245 0010 00000000 		.4byte	.LFB7
 1246 0014 08000000 		.4byte	.LFE7-.LFB7
 1247 0018 00000000 		.4byte	.LFB8
 1248 001c 04000000 		.4byte	.LFE8-.LFB8
 1249 0020 00000000 		.4byte	0
 1250 0024 00000000 		.4byte	0
 1251              		.section	.debug_ranges,"",%progbits
ARM GAS  C:\Users\DNIEL~1\AppData\Local\Temp\ccfuEKB3.s 			page 23


 1252              	.Ldebug_ranges0:
 1253 0000 00000000 		.4byte	.LFB7
 1254 0004 08000000 		.4byte	.LFE7
 1255 0008 00000000 		.4byte	.LFB8
 1256 000c 04000000 		.4byte	.LFE8
 1257 0010 00000000 		.4byte	0
 1258 0014 00000000 		.4byte	0
 1259              		.section	.debug_line,"",%progbits
 1260              	.Ldebug_line0:
 1261 0000 46020000 		.section	.debug_str,"MS",%progbits,1
 1261      02001A02 
 1261      00000201 
 1261      FB0E0D00 
 1261      01010101 
 1262              	.LASF38:
 1263 0000 705F6D73 		.ascii	"p_msg\000"
 1263      6700
 1264              	.LASF2:
 1265 0006 73697A65 		.ascii	"size_t\000"
 1265      5F7400
 1266              	.LASF64:
 1267 000d 7264796D 		.ascii	"rdymsg\000"
 1267      736700
 1268              	.LASF12:
 1269 0014 75696E74 		.ascii	"uint64_t\000"
 1269      36345F74 
 1269      00
 1270              	.LASF54:
 1271 001d 6D656D67 		.ascii	"memgetfunc_t\000"
 1271      65746675 
 1271      6E635F74 
 1271      00
 1272              	.LASF13:
 1273 002a 6C6F6E67 		.ascii	"long long unsigned int\000"
 1273      206C6F6E 
 1273      6720756E 
 1273      7369676E 
 1273      65642069 
 1274              	.LASF65:
 1275 0041 65786974 		.ascii	"exitcode\000"
 1275      636F6465 
 1275      00
 1276              	.LASF58:
 1277 004a 685F6672 		.ascii	"h_free\000"
 1277      656500
 1278              	.LASF60:
 1279 0051 6E657874 		.ascii	"next\000"
 1279      00
 1280              	.LASF26:
 1281 0056 705F7072 		.ascii	"p_prio\000"
 1281      696F00
 1282              	.LASF11:
 1283 005d 6C6F6E67 		.ascii	"long long int\000"
 1283      206C6F6E 
 1283      6720696E 
 1283      7400
 1284              	.LASF1:
ARM GAS  C:\Users\DNIEL~1\AppData\Local\Temp\ccfuEKB3.s 			page 24


 1285 006b 7369676E 		.ascii	"signed char\000"
 1285      65642063 
 1285      68617200 
 1286              	.LASF59:
 1287 0077 685F6D74 		.ascii	"h_mtx\000"
 1287      7800
 1288              	.LASF42:
 1289 007d 705F6D70 		.ascii	"p_mpool\000"
 1289      6F6F6C00 
 1290              	.LASF51:
 1291 0085 6D5F7175 		.ascii	"m_queue\000"
 1291      65756500 
 1292              	.LASF78:
 1293 008d 63684865 		.ascii	"chHeapFree\000"
 1293      61704672 
 1293      656500
 1294              	.LASF75:
 1295 0098 66665F6D 		.ascii	"ff_memalloc\000"
 1295      656D616C 
 1295      6C6F6300 
 1296              	.LASF18:
 1297 00a4 74736C69 		.ascii	"tslices_t\000"
 1297      6365735F 
 1297      7400
 1298              	.LASF72:
 1299 00ae 2E2E2F2E 		.ascii	"../../../ChibiOS/os/various/fatfs_bindings/fatfs_sy"
 1299      2E2F2E2E 
 1299      2F436869 
 1299      62694F53 
 1299      2F6F732F 
 1300 00e1 7363616C 		.ascii	"scall.c\000"
 1300      6C2E6300 
 1301              	.LASF8:
 1302 00e9 6C6F6E67 		.ascii	"long int\000"
 1302      20696E74 
 1302      00
 1303              	.LASF16:
 1304 00f2 74737461 		.ascii	"tstate_t\000"
 1304      74655F74 
 1304      00
 1305              	.LASF28:
 1306 00fb 705F6E65 		.ascii	"p_newer\000"
 1306      77657200 
 1307              	.LASF45:
 1308 0103 72656761 		.ascii	"regarm_t\000"
 1308      726D5F74 
 1308      00
 1309              	.LASF62:
 1310 010c 616C6967 		.ascii	"align\000"
 1310      6E00
 1311              	.LASF0:
 1312 0112 756E7369 		.ascii	"unsigned int\000"
 1312      676E6564 
 1312      20696E74 
 1312      00
 1313              	.LASF76:
 1314 011f 66665F6D 		.ascii	"ff_memfree\000"
ARM GAS  C:\Users\DNIEL~1\AppData\Local\Temp\ccfuEKB3.s 			page 25


 1314      656D6672 
 1314      656500
 1315              	.LASF69:
 1316 012a 55494E54 		.ascii	"UINT\000"
 1316      00
 1317              	.LASF10:
 1318 012f 6C6F6E67 		.ascii	"long unsigned int\000"
 1318      20756E73 
 1318      69676E65 
 1318      6420696E 
 1318      7400
 1319              	.LASF48:
 1320 0141 636F6E74 		.ascii	"context\000"
 1320      65787400 
 1321              	.LASF63:
 1322 0149 73697A65 		.ascii	"size\000"
 1322      00
 1323              	.LASF6:
 1324 014e 73686F72 		.ascii	"short unsigned int\000"
 1324      7420756E 
 1324      7369676E 
 1324      65642069 
 1324      6E7400
 1325              	.LASF20:
 1326 0161 6D73675F 		.ascii	"msg_t\000"
 1326      7400
 1327              	.LASF15:
 1328 0167 746D6F64 		.ascii	"tmode_t\000"
 1328      655F7400 
 1329              	.LASF44:
 1330 016f 54687265 		.ascii	"ThreadsList\000"
 1330      6164734C 
 1330      69737400 
 1331              	.LASF21:
 1332 017b 6576656E 		.ascii	"eventmask_t\000"
 1332      746D6173 
 1332      6B5F7400 
 1333              	.LASF50:
 1334 0187 4D757465 		.ascii	"Mutex\000"
 1334      7800
 1335              	.LASF46:
 1336 018d 73746B61 		.ascii	"stkalign_t\000"
 1336      6C69676E 
 1336      5F7400
 1337              	.LASF49:
 1338 0198 73697A65 		.ascii	"sizetype\000"
 1338      74797065 
 1338      00
 1339              	.LASF70:
 1340 01a1 6D626C6F 		.ascii	"mblock\000"
 1340      636B00
 1341              	.LASF71:
 1342 01a8 474E5520 		.ascii	"GNU C 4.7.4 20140401 (release) [ARM/embedded-4_7-br"
 1342      4320342E 
 1342      372E3420 
 1342      32303134 
 1342      30343031 
ARM GAS  C:\Users\DNIEL~1\AppData\Local\Temp\ccfuEKB3.s 			page 26


 1343 01db 616E6368 		.ascii	"anch revision 209195]\000"
 1343      20726576 
 1343      6973696F 
 1343      6E203230 
 1343      39313935 
 1344              	.LASF29:
 1345 01f1 705F6F6C 		.ascii	"p_older\000"
 1345      64657200 
 1346              	.LASF43:
 1347 01f9 54687265 		.ascii	"ThreadsQueue\000"
 1347      61647351 
 1347      75657565 
 1347      00
 1348              	.LASF55:
 1349 0206 4D656D6F 		.ascii	"MemoryHeap\000"
 1349      72794865 
 1349      617000
 1350              	.LASF17:
 1351 0211 74726566 		.ascii	"trefs_t\000"
 1351      735F7400 
 1352              	.LASF25:
 1353 0219 705F7072 		.ascii	"p_prev\000"
 1353      657600
 1354              	.LASF19:
 1355 0220 74707269 		.ascii	"tprio_t\000"
 1355      6F5F7400 
 1356              	.LASF14:
 1357 0228 5F426F6F 		.ascii	"_Bool\000"
 1357      6C00
 1358              	.LASF7:
 1359 022e 696E7433 		.ascii	"int32_t\000"
 1359      325F7400 
 1360              	.LASF4:
 1361 0236 756E7369 		.ascii	"unsigned char\000"
 1361      676E6564 
 1361      20636861 
 1361      7200
 1362              	.LASF57:
 1363 0244 685F7072 		.ascii	"h_provider\000"
 1363      6F766964 
 1363      657200
 1364              	.LASF40:
 1365 024f 705F6D74 		.ascii	"p_mtxlist\000"
 1365      786C6973 
 1365      7400
 1366              	.LASF5:
 1367 0259 73686F72 		.ascii	"short int\000"
 1367      7420696E 
 1367      7400
 1368              	.LASF31:
 1369 0263 705F7374 		.ascii	"p_state\000"
 1369      61746500 
 1370              	.LASF34:
 1371 026b 705F7072 		.ascii	"p_preempt\000"
 1371      65656D70 
 1371      7400
 1372              	.LASF74:
ARM GAS  C:\Users\DNIEL~1\AppData\Local\Temp\ccfuEKB3.s 			page 27


 1373 0275 68656170 		.ascii	"heap_header\000"
 1373      5F686561 
 1373      64657200 
 1374              	.LASF67:
 1375 0281 65776D61 		.ascii	"ewmask\000"
 1375      736B00
 1376              	.LASF24:
 1377 0288 705F6E65 		.ascii	"p_next\000"
 1377      787400
 1378              	.LASF32:
 1379 028f 705F666C 		.ascii	"p_flags\000"
 1379      61677300 
 1380              	.LASF23:
 1381 0297 54687265 		.ascii	"Thread\000"
 1381      616400
 1382              	.LASF77:
 1383 029e 63684865 		.ascii	"chHeapAlloc\000"
 1383      6170416C 
 1383      6C6F6300 
 1384              	.LASF39:
 1385 02aa 705F6570 		.ascii	"p_epending\000"
 1385      656E6469 
 1385      6E6700
 1386              	.LASF9:
 1387 02b5 75696E74 		.ascii	"uint32_t\000"
 1387      33325F74 
 1387      00
 1388              	.LASF61:
 1389 02be 68656170 		.ascii	"heap\000"
 1389      00
 1390              	.LASF68:
 1391 02c3 63686172 		.ascii	"char\000"
 1391      00
 1392              	.LASF53:
 1393 02c8 6D5F6E65 		.ascii	"m_next\000"
 1393      787400
 1394              	.LASF22:
 1395 02cf 73797374 		.ascii	"systime_t\000"
 1395      696D655F 
 1395      7400
 1396              	.LASF41:
 1397 02d9 705F7265 		.ascii	"p_realprio\000"
 1397      616C7072 
 1397      696F00
 1398              	.LASF35:
 1399 02e4 705F7469 		.ascii	"p_time\000"
 1399      6D6500
 1400              	.LASF47:
 1401 02eb 696E7463 		.ascii	"intctx\000"
 1401      747800
 1402              	.LASF37:
 1403 02f2 705F6D73 		.ascii	"p_msgqueue\000"
 1403      67717565 
 1403      756500
 1404              	.LASF33:
 1405 02fd 705F7265 		.ascii	"p_refs\000"
 1405      667300
ARM GAS  C:\Users\DNIEL~1\AppData\Local\Temp\ccfuEKB3.s 			page 28


 1406              	.LASF73:
 1407 0304 433A5C55 		.ascii	"C:\\Users\\D\341niel\\git\\Smarty\\smarty\\firmware"
 1407      73657273 
 1407      5C44E16E 
 1407      69656C5C 
 1407      6769745C 
 1408 032e 00       		.ascii	"\000"
 1409              	.LASF3:
 1410 032f 75696E74 		.ascii	"uint8_t\000"
 1410      385F7400 
 1411              	.LASF66:
 1412 0337 77746F62 		.ascii	"wtobjp\000"
 1412      6A7000
 1413              	.LASF30:
 1414 033e 705F6E61 		.ascii	"p_name\000"
 1414      6D6500
 1415              	.LASF52:
 1416 0345 6D5F6F77 		.ascii	"m_owner\000"
 1416      6E657200 
 1417              	.LASF27:
 1418 034d 705F6374 		.ascii	"p_ctx\000"
 1418      7800
 1419              	.LASF36:
 1420 0353 705F7761 		.ascii	"p_waiting\000"
 1420      6974696E 
 1420      6700
 1421              	.LASF56:
 1422 035d 6D656D6F 		.ascii	"memory_heap\000"
 1422      72795F68 
 1422      65617000 
 1423              		.ident	"GCC: (GNU Tools for ARM Embedded Processors) 4.7.4 20140401 (release) [ARM/embedded-4_7-br
ARM GAS  C:\Users\DNIEL~1\AppData\Local\Temp\ccfuEKB3.s 			page 29


DEFINED SYMBOLS
                            *ABS*:00000000 fatfs_syscall.c
C:\Users\DNIEL~1\AppData\Local\Temp\ccfuEKB3.s:19     .text.ff_memalloc:00000000 $t
C:\Users\DNIEL~1\AppData\Local\Temp\ccfuEKB3.s:25     .text.ff_memalloc:00000000 ff_memalloc
C:\Users\DNIEL~1\AppData\Local\Temp\ccfuEKB3.s:47     .text.ff_memfree:00000000 $t
C:\Users\DNIEL~1\AppData\Local\Temp\ccfuEKB3.s:53     .text.ff_memfree:00000000 ff_memfree
                     .debug_frame:00000010 $d

UNDEFINED SYMBOLS
chHeapAlloc
chHeapFree
