ARM GAS  C:\Users\DNIEL~1\AppData\Local\Temp\ccyPGU43.s 			page 1


   1              		.syntax unified
   2              		.cpu cortex-m4
   3              		.fpu softvfp
   4              		.eabi_attribute 20, 1
   5              		.eabi_attribute 21, 1
   6              		.eabi_attribute 23, 3
   7              		.eabi_attribute 24, 1
   8              		.eabi_attribute 25, 1
   9              		.eabi_attribute 26, 1
  10              		.eabi_attribute 30, 2
  11              		.eabi_attribute 34, 1
  12              		.eabi_attribute 18, 4
  13              		.thumb
  14              		.file	"hal.c"
  15              		.text
  16              	.Ltext0:
  17              		.cfi_sections	.debug_frame
  18              		.section	.text.halInit,"ax",%progbits
  19              		.align	2
  20              		.p2align 4,,15
  21              		.global	halInit
  22              		.thumb
  23              		.thumb_func
  24              		.type	halInit, %function
  25              	halInit:
  26              	.LFB118:
  27              		.file 1 "../../../ChibiOS/os/hal/src/hal.c"
  28              		.loc 1 68 0
  29              		.cfi_startproc
  30              		@ args = 0, pretend = 0, frame = 0
  31              		@ frame_needed = 0, uses_anonymous_args = 0
  32 0000 08B5     		push	{r3, lr}
  33              	.LCFI0:
  34              		.cfi_def_cfa_offset 8
  35              		.cfi_offset 3, -8
  36              		.cfi_offset 14, -4
  37              		.loc 1 70 0
  38 0002 FFF7FEFF 		bl	hal_lld_init
  39              	.LVL0:
  40              		.loc 1 73 0
  41 0006 FFF7FEFF 		bl	tmInit
  42              	.LVL1:
  43              		.loc 1 76 0
  44 000a 40F20000 		movw	r0, #:lower16:pal_default_config
  45 000e C0F20000 		movt	r0, #:upper16:pal_default_config
  46 0012 FFF7FEFF 		bl	_pal_lld_init
  47              	.LVL2:
  48              		.loc 1 79 0
  49 0016 FFF7FEFF 		bl	adcInit
  50              	.LVL3:
  51              		.loc 1 82 0
  52 001a FFF7FEFF 		bl	canInit
  53              	.LVL4:
  54              		.loc 1 91 0
  55 001e FFF7FEFF 		bl	i2cInit
  56              	.LVL5:
  57              		.loc 1 94 0
ARM GAS  C:\Users\DNIEL~1\AppData\Local\Temp\ccyPGU43.s 			page 2


  58 0022 FFF7FEFF 		bl	icuInit
  59              	.LVL6:
  60              		.loc 1 100 0
  61 0026 FFF7FEFF 		bl	pwmInit
  62              	.LVL7:
  63              		.loc 1 103 0
  64 002a FFF7FEFF 		bl	sdInit
  65              	.LVL8:
  66              		.loc 1 106 0
  67 002e FFF7FEFF 		bl	sdcInit
  68              	.LVL9:
  69              		.loc 1 109 0
  70 0032 FFF7FEFF 		bl	spiInit
  71              	.LVL10:
  72              		.loc 1 115 0
  73 0036 FFF7FEFF 		bl	usbInit
  74              	.LVL11:
  75              		.loc 1 121 0
  76 003a FFF7FEFF 		bl	sduInit
  77              	.LVL12:
  78              		.loc 1 124 0
  79 003e FFF7FEFF 		bl	rtcInit
  80              	.LVL13:
  81              		.loc 1 128 0
  82 0042 BDE80840 		pop	{r3, lr}
  83              		.loc 1 127 0
  84 0046 FFF7FEBF 		b	boardInit
  85              	.LVL14:
  86              		.cfi_endproc
  87              	.LFE118:
  88              		.size	halInit, .-halInit
  89 004a 00BFAFF3 		.section	.text.halIsCounterWithin,"ax",%progbits
  89      0080
  90              		.align	2
  91              		.p2align 4,,15
  92              		.global	halIsCounterWithin
  93              		.thumb
  94              		.thumb_func
  95              		.type	halIsCounterWithin, %function
  96              	halIsCounterWithin:
  97              	.LFB119:
  98              		.loc 1 174 0
  99              		.cfi_startproc
 100              		@ args = 0, pretend = 0, frame = 0
 101              		@ frame_needed = 0, uses_anonymous_args = 0
 102              		@ link register save eliminated.
 103              	.LVL15:
 104              		.loc 1 175 0
 105 0000 4FF48053 		mov	r3, #4096
 106 0004 CEF20003 		movt	r3, 57344
 107              		.loc 1 177 0
 108 0008 8142     		cmp	r1, r0
 109              		.loc 1 175 0
 110 000a 5A68     		ldr	r2, [r3, #4]
 111              	.LVL16:
 112              		.loc 1 177 0
 113 000c 06D9     		bls	.L3
ARM GAS  C:\Users\DNIEL~1\AppData\Local\Temp\ccyPGU43.s 			page 3


 114              		.loc 1 177 0 is_stmt 0 discriminator 1
 115 000e 8242     		cmp	r2, r0
 116 0010 08D3     		bcc	.L7
 117              	.L9:
 118              		.loc 1 178 0 is_stmt 1 discriminator 2
 119 0012 8A42     		cmp	r2, r1
 120 0014 2CBF     		ite	cs
 121 0016 0020     		movcs	r0, #0
 122              	.LVL17:
 123 0018 0120     		movcc	r0, #1
 124 001a 7047     		bx	lr
 125              	.LVL18:
 126              	.L3:
 127              		.loc 1 178 0 is_stmt 0
 128 001c 8242     		cmp	r2, r0
 129 001e F8D3     		bcc	.L9
 130 0020 0120     		movs	r0, #1
 131              	.LVL19:
 132              		.loc 1 179 0 is_stmt 1
 133 0022 7047     		bx	lr
 134              	.LVL20:
 135              	.L7:
 136              		.loc 1 177 0
 137 0024 0020     		movs	r0, #0
 138              	.LVL21:
 139 0026 7047     		bx	lr
 140              		.cfi_endproc
 141              	.LFE119:
 142              		.size	halIsCounterWithin, .-halIsCounterWithin
 143 0028 AFF30080 		.section	.text.halPolledDelay,"ax",%progbits
 143      AFF30080 
 144              		.align	2
 145              		.p2align 4,,15
 146              		.global	halPolledDelay
 147              		.thumb
 148              		.thumb_func
 149              		.type	halPolledDelay, %function
 150              	halPolledDelay:
 151              	.LFB120:
 152              		.loc 1 193 0
 153              		.cfi_startproc
 154              		@ args = 0, pretend = 0, frame = 0
 155              		@ frame_needed = 0, uses_anonymous_args = 0
 156              		@ link register save eliminated.
 157              	.LVL22:
 158              		.loc 1 194 0
 159 0000 4FF48053 		mov	r3, #4096
 160 0004 CEF20003 		movt	r3, 57344
 161              	.LBB4:
 162              	.LBB5:
 163              		.loc 1 175 0
 164 0008 1946     		mov	r1, r3
 165              	.LBE5:
 166              	.LBE4:
 167              		.loc 1 194 0
 168 000a 5A68     		ldr	r2, [r3, #4]
 169              	.LVL23:
ARM GAS  C:\Users\DNIEL~1\AppData\Local\Temp\ccyPGU43.s 			page 4


 170              		.loc 1 195 0
 171 000c 8018     		adds	r0, r0, r2
 172              	.LVL24:
 173              	.L21:
 174              	.LBB7:
 175              	.LBB6:
 176              		.loc 1 177 0 discriminator 1
 177 000e 8242     		cmp	r2, r0
 178              		.loc 1 175 0 discriminator 1
 179 0010 4B68     		ldr	r3, [r1, #4]
 180              	.LVL25:
 181              		.loc 1 177 0 discriminator 1
 182 0012 02D2     		bcs	.L12
 183              		.loc 1 177 0 is_stmt 0
 184 0014 9A42     		cmp	r2, r3
 185 0016 02D9     		bls	.L22
 186 0018 7047     		bx	lr
 187              	.L12:
 188              		.loc 1 178 0 is_stmt 1
 189 001a 9A42     		cmp	r2, r3
 190 001c F7D9     		bls	.L21
 191              	.L22:
 192 001e 9842     		cmp	r0, r3
 193 0020 94BF     		ite	ls
 194 0022 0023     		movls	r3, #0
 195              	.LVL26:
 196 0024 0123     		movhi	r3, #1
 197              	.LBE6:
 198              	.LBE7:
 199              		.loc 1 196 0
 200 0026 002B     		cmp	r3, #0
 201 0028 F1D1     		bne	.L21
 202 002a 7047     		bx	lr
 203              		.cfi_endproc
 204              	.LFE120:
 205              		.size	halPolledDelay, .-halPolledDelay
 206 002c AFF30080 		.text
 207              	.Letext0:
 208              		.file 2 "c:\\chibistudio\\tools\\gnu tools arm embedded\\4.7 2014q2\\bin\\../lib/gcc/arm-none-eabi
 209              		.file 3 "../../../ChibiOS/os/ports/GCC/ARMCMx/chtypes.h"
 210              		.file 4 "../../../ChibiOS/os/ports/common/ARMCMx/nvic.h"
 211              		.file 5 "../../../ChibiOS/os/hal/platforms/STM32F4xx/hal_lld.h"
 212              		.file 6 "../../../ChibiOS/os/hal/platforms/STM32/GPIOv2/pal_lld.h"
 213              		.file 7 "../../../ChibiOS/os/ports/common/ARMCMx/CMSIS/include/core_cm4.h"
 214              		.file 8 "../../../ChibiOS/os/hal/include/tm.h"
 215              		.file 9 "../../../ChibiOS/os/hal/include/adc.h"
 216              		.file 10 "../../../ChibiOS/os/hal/include/can.h"
 217              		.file 11 "../../../ChibiOS/os/hal/include/i2c.h"
 218              		.file 12 "../../../ChibiOS/os/hal/include/icu.h"
 219              		.file 13 "../../../ChibiOS/os/hal/include/pwm.h"
 220              		.file 14 "../../../ChibiOS/os/hal/include/serial.h"
 221              		.file 15 "../../../ChibiOS/os/hal/include/sdc.h"
 222              		.file 16 "../../../ChibiOS/os/hal/include/spi.h"
 223              		.file 17 "../../../ChibiOS/os/hal/include/usb.h"
 224              		.file 18 "../../../ChibiOS/os/hal/include/serial_usb.h"
 225              		.file 19 "../../../ChibiOS/os/hal/include/rtc.h"
 226              		.file 20 "os/board/board.h"
ARM GAS  C:\Users\DNIEL~1\AppData\Local\Temp\ccyPGU43.s 			page 5


 227              		.section	.debug_info,"",%progbits
 228              	.Ldebug_info0:
 229 0000 9F040000 		.4byte	0x49f
 230 0004 0200     		.2byte	0x2
 231 0006 00000000 		.4byte	.Ldebug_abbrev0
 232 000a 04       		.byte	0x4
 233 000b 01       		.uleb128 0x1
 234 000c FD000000 		.4byte	.LASF63
 235 0010 01       		.byte	0x1
 236 0011 47000000 		.4byte	.LASF64
 237 0015 D2000000 		.4byte	.LASF65
 238 0019 30000000 		.4byte	.Ldebug_ranges0+0x30
 239 001d 00000000 		.4byte	0
 240 0021 00000000 		.4byte	0
 241 0025 00000000 		.4byte	.Ldebug_line0
 242 0029 02       		.uleb128 0x2
 243 002a 04       		.byte	0x4
 244 002b 05       		.byte	0x5
 245 002c 696E7400 		.ascii	"int\000"
 246 0030 03       		.uleb128 0x3
 247 0031 04       		.byte	0x4
 248 0032 07       		.byte	0x7
 249 0033 BB020000 		.4byte	.LASF0
 250 0037 03       		.uleb128 0x3
 251 0038 01       		.byte	0x1
 252 0039 06       		.byte	0x6
 253 003a A0010000 		.4byte	.LASF1
 254 003e 03       		.uleb128 0x3
 255 003f 01       		.byte	0x1
 256 0040 08       		.byte	0x8
 257 0041 8D010000 		.4byte	.LASF2
 258 0045 03       		.uleb128 0x3
 259 0046 02       		.byte	0x2
 260 0047 05       		.byte	0x5
 261 0048 2F000000 		.4byte	.LASF3
 262 004c 03       		.uleb128 0x3
 263 004d 02       		.byte	0x2
 264 004e 07       		.byte	0x7
 265 004f F9010000 		.4byte	.LASF4
 266 0053 04       		.uleb128 0x4
 267 0054 11020000 		.4byte	.LASF6
 268 0058 02       		.byte	0x2
 269 0059 4F       		.byte	0x4f
 270 005a 5E000000 		.4byte	0x5e
 271 005e 03       		.uleb128 0x3
 272 005f 04       		.byte	0x4
 273 0060 05       		.byte	0x5
 274 0061 4E010000 		.4byte	.LASF5
 275 0065 04       		.uleb128 0x4
 276 0066 C3010000 		.4byte	.LASF7
 277 006a 02       		.byte	0x2
 278 006b 50       		.byte	0x50
 279 006c 70000000 		.4byte	0x70
 280 0070 03       		.uleb128 0x3
 281 0071 04       		.byte	0x4
 282 0072 07       		.byte	0x7
 283 0073 55020000 		.4byte	.LASF8
ARM GAS  C:\Users\DNIEL~1\AppData\Local\Temp\ccyPGU43.s 			page 6


 284 0077 03       		.uleb128 0x3
 285 0078 08       		.byte	0x8
 286 0079 05       		.byte	0x5
 287 007a B5000000 		.4byte	.LASF9
 288 007e 03       		.uleb128 0x3
 289 007f 08       		.byte	0x8
 290 0080 07       		.byte	0x7
 291 0081 AC010000 		.4byte	.LASF10
 292 0085 04       		.uleb128 0x4
 293 0086 19020000 		.4byte	.LASF11
 294 008a 03       		.byte	0x3
 295 008b 2B       		.byte	0x2b
 296 008c 90000000 		.4byte	0x90
 297 0090 03       		.uleb128 0x3
 298 0091 01       		.byte	0x1
 299 0092 02       		.byte	0x2
 300 0093 31020000 		.4byte	.LASF12
 301 0097 04       		.uleb128 0x4
 302 0098 A6000000 		.4byte	.LASF13
 303 009c 04       		.byte	0x4
 304 009d 3A       		.byte	0x3a
 305 009e A2000000 		.4byte	0xa2
 306 00a2 05       		.uleb128 0x5
 307 00a3 65000000 		.4byte	0x65
 308 00a7 03       		.uleb128 0x3
 309 00a8 04       		.byte	0x4
 310 00a9 07       		.byte	0x7
 311 00aa 3E000000 		.4byte	.LASF14
 312 00ae 06       		.uleb128 0x6
 313 00af 20       		.byte	0x20
 314 00b0 04       		.byte	0x4
 315 00b1 0601     		.2byte	0x106
 316 00b3 30010000 		.4byte	0x130
 317 00b7 07       		.uleb128 0x7
 318 00b8 9B010000 		.4byte	.LASF15
 319 00bc 04       		.byte	0x4
 320 00bd 0701     		.2byte	0x107
 321 00bf 97000000 		.4byte	0x97
 322 00c3 02       		.byte	0x2
 323 00c4 23       		.byte	0x23
 324 00c5 00       		.uleb128 0
 325 00c6 07       		.uleb128 0x7
 326 00c7 CB000000 		.4byte	.LASF16
 327 00cb 04       		.byte	0x4
 328 00cc 0801     		.2byte	0x108
 329 00ce 97000000 		.4byte	0x97
 330 00d2 02       		.byte	0x2
 331 00d3 23       		.byte	0x23
 332 00d4 04       		.uleb128 0x4
 333 00d5 07       		.uleb128 0x7
 334 00d6 4E020000 		.4byte	.LASF17
 335 00da 04       		.byte	0x4
 336 00db 0901     		.2byte	0x109
 337 00dd 97000000 		.4byte	0x97
 338 00e1 02       		.byte	0x2
 339 00e2 23       		.byte	0x23
 340 00e3 08       		.uleb128 0x8
ARM GAS  C:\Users\DNIEL~1\AppData\Local\Temp\ccyPGU43.s 			page 7


 341 00e4 07       		.uleb128 0x7
 342 00e5 E3020000 		.4byte	.LASF18
 343 00e9 04       		.byte	0x4
 344 00ea 0A01     		.2byte	0x10a
 345 00ec 97000000 		.4byte	0x97
 346 00f0 02       		.byte	0x2
 347 00f1 23       		.byte	0x23
 348 00f2 0C       		.uleb128 0xc
 349 00f3 07       		.uleb128 0x7
 350 00f4 79020000 		.4byte	.LASF19
 351 00f8 04       		.byte	0x4
 352 00f9 0B01     		.2byte	0x10b
 353 00fb 97000000 		.4byte	0x97
 354 00ff 02       		.byte	0x2
 355 0100 23       		.byte	0x23
 356 0101 10       		.uleb128 0x10
 357 0102 07       		.uleb128 0x7
 358 0103 88020000 		.4byte	.LASF20
 359 0107 04       		.byte	0x4
 360 0108 0C01     		.2byte	0x10c
 361 010a 97000000 		.4byte	0x97
 362 010e 02       		.byte	0x2
 363 010f 23       		.byte	0x23
 364 0110 14       		.uleb128 0x14
 365 0111 07       		.uleb128 0x7
 366 0112 7F000000 		.4byte	.LASF21
 367 0116 04       		.byte	0x4
 368 0117 0D01     		.2byte	0x10d
 369 0119 97000000 		.4byte	0x97
 370 011d 02       		.byte	0x2
 371 011e 23       		.byte	0x23
 372 011f 18       		.uleb128 0x18
 373 0120 07       		.uleb128 0x7
 374 0121 39000000 		.4byte	.LASF22
 375 0125 04       		.byte	0x4
 376 0126 0E01     		.2byte	0x10e
 377 0128 97000000 		.4byte	0x97
 378 012c 02       		.byte	0x2
 379 012d 23       		.byte	0x23
 380 012e 1C       		.uleb128 0x1c
 381 012f 00       		.byte	0
 382 0130 08       		.uleb128 0x8
 383 0131 3F020000 		.4byte	.LASF23
 384 0135 04       		.byte	0x4
 385 0136 0F01     		.2byte	0x10f
 386 0138 AE000000 		.4byte	0xae
 387 013c 03       		.uleb128 0x3
 388 013d 01       		.byte	0x1
 389 013e 08       		.byte	0x8
 390 013f 0C020000 		.4byte	.LASF24
 391 0143 05       		.uleb128 0x5
 392 0144 53000000 		.4byte	0x53
 393 0148 08       		.uleb128 0x8
 394 0149 6E020000 		.4byte	.LASF25
 395 014d 05       		.byte	0x5
 396 014e C006     		.2byte	0x6c0
 397 0150 65000000 		.4byte	0x65
ARM GAS  C:\Users\DNIEL~1\AppData\Local\Temp\ccyPGU43.s 			page 8


 398 0154 09       		.uleb128 0x9
 399 0155 1C       		.byte	0x1c
 400 0156 06       		.byte	0x6
 401 0157 A3       		.byte	0xa3
 402 0158 BF010000 		.4byte	0x1bf
 403 015c 0A       		.uleb128 0xa
 404 015d A1020000 		.4byte	.LASF26
 405 0161 06       		.byte	0x6
 406 0162 A5       		.byte	0xa5
 407 0163 65000000 		.4byte	0x65
 408 0167 02       		.byte	0x2
 409 0168 23       		.byte	0x23
 410 0169 00       		.uleb128 0
 411 016a 0A       		.uleb128 0xa
 412 016b CC010000 		.4byte	.LASF27
 413 016f 06       		.byte	0x6
 414 0170 A7       		.byte	0xa7
 415 0171 65000000 		.4byte	0x65
 416 0175 02       		.byte	0x2
 417 0176 23       		.byte	0x23
 418 0177 04       		.uleb128 0x4
 419 0178 0A       		.uleb128 0xa
 420 0179 46010000 		.4byte	.LASF28
 421 017d 06       		.byte	0x6
 422 017e A9       		.byte	0xa9
 423 017f 65000000 		.4byte	0x65
 424 0183 02       		.byte	0x2
 425 0184 23       		.byte	0x23
 426 0185 08       		.uleb128 0x8
 427 0186 0A       		.uleb128 0xa
 428 0187 82020000 		.4byte	.LASF29
 429 018b 06       		.byte	0x6
 430 018c AB       		.byte	0xab
 431 018d 65000000 		.4byte	0x65
 432 0191 02       		.byte	0x2
 433 0192 23       		.byte	0x23
 434 0193 0C       		.uleb128 0xc
 435 0194 0B       		.uleb128 0xb
 436 0195 6F647200 		.ascii	"odr\000"
 437 0199 06       		.byte	0x6
 438 019a AD       		.byte	0xad
 439 019b 65000000 		.4byte	0x65
 440 019f 02       		.byte	0x2
 441 01a0 23       		.byte	0x23
 442 01a1 10       		.uleb128 0x10
 443 01a2 0A       		.uleb128 0xa
 444 01a3 9C020000 		.4byte	.LASF30
 445 01a7 06       		.byte	0x6
 446 01a8 AF       		.byte	0xaf
 447 01a9 65000000 		.4byte	0x65
 448 01ad 02       		.byte	0x2
 449 01ae 23       		.byte	0x23
 450 01af 14       		.uleb128 0x14
 451 01b0 0A       		.uleb128 0xa
 452 01b1 8F020000 		.4byte	.LASF31
 453 01b5 06       		.byte	0x6
 454 01b6 B1       		.byte	0xb1
ARM GAS  C:\Users\DNIEL~1\AppData\Local\Temp\ccyPGU43.s 			page 9


 455 01b7 65000000 		.4byte	0x65
 456 01bb 02       		.byte	0x2
 457 01bc 23       		.byte	0x23
 458 01bd 18       		.uleb128 0x18
 459 01be 00       		.byte	0
 460 01bf 04       		.uleb128 0x4
 461 01c0 D3010000 		.4byte	.LASF32
 462 01c4 06       		.byte	0x6
 463 01c5 B2       		.byte	0xb2
 464 01c6 54010000 		.4byte	0x154
 465 01ca 09       		.uleb128 0x9
 466 01cb FC       		.byte	0xfc
 467 01cc 06       		.byte	0x6
 468 01cd BB       		.byte	0xbb
 469 01ce 55020000 		.4byte	0x255
 470 01d2 0A       		.uleb128 0xa
 471 01d3 AE000000 		.4byte	.LASF33
 472 01d7 06       		.byte	0x6
 473 01d8 BE       		.byte	0xbe
 474 01d9 BF010000 		.4byte	0x1bf
 475 01dd 02       		.byte	0x2
 476 01de 23       		.byte	0x23
 477 01df 00       		.uleb128 0
 478 01e0 0A       		.uleb128 0xa
 479 01e1 2A020000 		.4byte	.LASF34
 480 01e5 06       		.byte	0x6
 481 01e6 C2       		.byte	0xc2
 482 01e7 BF010000 		.4byte	0x1bf
 483 01eb 02       		.byte	0x2
 484 01ec 23       		.byte	0x23
 485 01ed 1C       		.uleb128 0x1c
 486 01ee 0A       		.uleb128 0xa
 487 01ef 86010000 		.4byte	.LASF35
 488 01f3 06       		.byte	0x6
 489 01f4 C6       		.byte	0xc6
 490 01f5 BF010000 		.4byte	0x1bf
 491 01f9 02       		.byte	0x2
 492 01fa 23       		.byte	0x23
 493 01fb 38       		.uleb128 0x38
 494 01fc 0A       		.uleb128 0xa
 495 01fd 5F010000 		.4byte	.LASF36
 496 0201 06       		.byte	0x6
 497 0202 CA       		.byte	0xca
 498 0203 BF010000 		.4byte	0x1bf
 499 0207 02       		.byte	0x2
 500 0208 23       		.byte	0x23
 501 0209 54       		.uleb128 0x54
 502 020a 0A       		.uleb128 0xa
 503 020b 47020000 		.4byte	.LASF37
 504 020f 06       		.byte	0x6
 505 0210 CE       		.byte	0xce
 506 0211 BF010000 		.4byte	0x1bf
 507 0215 02       		.byte	0x2
 508 0216 23       		.byte	0x23
 509 0217 70       		.uleb128 0x70
 510 0218 0A       		.uleb128 0xa
 511 0219 71000000 		.4byte	.LASF38
ARM GAS  C:\Users\DNIEL~1\AppData\Local\Temp\ccyPGU43.s 			page 10


 512 021d 06       		.byte	0x6
 513 021e D2       		.byte	0xd2
 514 021f BF010000 		.4byte	0x1bf
 515 0223 03       		.byte	0x3
 516 0224 23       		.byte	0x23
 517 0225 8C01     		.uleb128 0x8c
 518 0227 0A       		.uleb128 0xa
 519 0228 7F010000 		.4byte	.LASF39
 520 022c 06       		.byte	0x6
 521 022d D6       		.byte	0xd6
 522 022e BF010000 		.4byte	0x1bf
 523 0232 03       		.byte	0x3
 524 0233 23       		.byte	0x23
 525 0234 A801     		.uleb128 0xa8
 526 0236 0A       		.uleb128 0xa
 527 0237 67020000 		.4byte	.LASF40
 528 023b 06       		.byte	0x6
 529 023c DA       		.byte	0xda
 530 023d BF010000 		.4byte	0x1bf
 531 0241 03       		.byte	0x3
 532 0242 23       		.byte	0x23
 533 0243 C401     		.uleb128 0xc4
 534 0245 0A       		.uleb128 0xa
 535 0246 78000000 		.4byte	.LASF41
 536 024a 06       		.byte	0x6
 537 024b DE       		.byte	0xde
 538 024c BF010000 		.4byte	0x1bf
 539 0250 03       		.byte	0x3
 540 0251 23       		.byte	0x23
 541 0252 E001     		.uleb128 0xe0
 542 0254 00       		.byte	0
 543 0255 04       		.uleb128 0x4
 544 0256 20020000 		.4byte	.LASF42
 545 025a 06       		.byte	0x6
 546 025b E0       		.byte	0xe0
 547 025c CA010000 		.4byte	0x1ca
 548 0260 0C       		.uleb128 0xc
 549 0261 01       		.byte	0x1
 550 0262 D0020000 		.4byte	.LASF66
 551 0266 01       		.byte	0x1
 552 0267 AE       		.byte	0xae
 553 0268 01       		.byte	0x1
 554 0269 85000000 		.4byte	0x85
 555 026d 01       		.byte	0x1
 556 026e 94020000 		.4byte	0x294
 557 0272 0D       		.uleb128 0xd
 558 0273 F3010000 		.4byte	.LASF43
 559 0277 01       		.byte	0x1
 560 0278 AE       		.byte	0xae
 561 0279 48010000 		.4byte	0x148
 562 027d 0E       		.uleb128 0xe
 563 027e 656E6400 		.ascii	"end\000"
 564 0282 01       		.byte	0x1
 565 0283 AE       		.byte	0xae
 566 0284 48010000 		.4byte	0x148
 567 0288 0F       		.uleb128 0xf
 568 0289 6E6F7700 		.ascii	"now\000"
ARM GAS  C:\Users\DNIEL~1\AppData\Local\Temp\ccyPGU43.s 			page 11


 569 028d 01       		.byte	0x1
 570 028e AF       		.byte	0xaf
 571 028f 48010000 		.4byte	0x148
 572 0293 00       		.byte	0
 573 0294 10       		.uleb128 0x10
 574 0295 01       		.byte	0x1
 575 0296 C3000000 		.4byte	.LASF44
 576 029a 01       		.byte	0x1
 577 029b 44       		.byte	0x44
 578 029c 01       		.byte	0x1
 579 029d 00000000 		.4byte	.LFB118
 580 02a1 4A000000 		.4byte	.LFE118
 581 02a5 00000000 		.4byte	.LLST0
 582 02a9 01       		.byte	0x1
 583 02aa 37030000 		.4byte	0x337
 584 02ae 11       		.uleb128 0x11
 585 02af 06000000 		.4byte	.LVL0
 586 02b3 F5030000 		.4byte	0x3f5
 587 02b7 11       		.uleb128 0x11
 588 02b8 0A000000 		.4byte	.LVL1
 589 02bc 00040000 		.4byte	0x400
 590 02c0 11       		.uleb128 0x11
 591 02c1 16000000 		.4byte	.LVL2
 592 02c5 0A040000 		.4byte	0x40a
 593 02c9 11       		.uleb128 0x11
 594 02ca 1A000000 		.4byte	.LVL3
 595 02ce 25040000 		.4byte	0x425
 596 02d2 11       		.uleb128 0x11
 597 02d3 1E000000 		.4byte	.LVL4
 598 02d7 30040000 		.4byte	0x430
 599 02db 11       		.uleb128 0x11
 600 02dc 22000000 		.4byte	.LVL5
 601 02e0 3A040000 		.4byte	0x43a
 602 02e4 11       		.uleb128 0x11
 603 02e5 26000000 		.4byte	.LVL6
 604 02e9 44040000 		.4byte	0x444
 605 02ed 11       		.uleb128 0x11
 606 02ee 2A000000 		.4byte	.LVL7
 607 02f2 4E040000 		.4byte	0x44e
 608 02f6 11       		.uleb128 0x11
 609 02f7 2E000000 		.4byte	.LVL8
 610 02fb 58040000 		.4byte	0x458
 611 02ff 11       		.uleb128 0x11
 612 0300 32000000 		.4byte	.LVL9
 613 0304 63040000 		.4byte	0x463
 614 0308 11       		.uleb128 0x11
 615 0309 36000000 		.4byte	.LVL10
 616 030d 6D040000 		.4byte	0x46d
 617 0311 11       		.uleb128 0x11
 618 0312 3A000000 		.4byte	.LVL11
 619 0316 78040000 		.4byte	0x478
 620 031a 11       		.uleb128 0x11
 621 031b 3E000000 		.4byte	.LVL12
 622 031f 83040000 		.4byte	0x483
 623 0323 11       		.uleb128 0x11
 624 0324 42000000 		.4byte	.LVL13
 625 0328 8D040000 		.4byte	0x48d
ARM GAS  C:\Users\DNIEL~1\AppData\Local\Temp\ccyPGU43.s 			page 12


 626 032c 12       		.uleb128 0x12
 627 032d 4A000000 		.4byte	.LVL14
 628 0331 01       		.byte	0x1
 629 0332 97040000 		.4byte	0x497
 630 0336 00       		.byte	0
 631 0337 13       		.uleb128 0x13
 632 0338 60020000 		.4byte	0x260
 633 033c 00000000 		.4byte	.LFB119
 634 0340 28000000 		.4byte	.LFE119
 635 0344 02       		.byte	0x2
 636 0345 7D       		.byte	0x7d
 637 0346 00       		.sleb128 0
 638 0347 01       		.byte	0x1
 639 0348 64030000 		.4byte	0x364
 640 034c 14       		.uleb128 0x14
 641 034d 72020000 		.4byte	0x272
 642 0351 20000000 		.4byte	.LLST1
 643 0355 15       		.uleb128 0x15
 644 0356 7D020000 		.4byte	0x27d
 645 035a 01       		.byte	0x1
 646 035b 51       		.byte	0x51
 647 035c 16       		.uleb128 0x16
 648 035d 88020000 		.4byte	0x288
 649 0361 01       		.byte	0x1
 650 0362 52       		.byte	0x52
 651 0363 00       		.byte	0
 652 0364 17       		.uleb128 0x17
 653 0365 01       		.byte	0x1
 654 0366 66010000 		.4byte	.LASF45
 655 036a 01       		.byte	0x1
 656 036b C1       		.byte	0xc1
 657 036c 01       		.byte	0x1
 658 036d 00000000 		.4byte	.LFB120
 659 0371 2C000000 		.4byte	.LFE120
 660 0375 02       		.byte	0x2
 661 0376 7D       		.byte	0x7d
 662 0377 00       		.sleb128 0
 663 0378 01       		.byte	0x1
 664 0379 D4030000 		.4byte	0x3d4
 665 037d 18       		.uleb128 0x18
 666 037e 00000000 		.4byte	.LASF67
 667 0382 01       		.byte	0x1
 668 0383 C1       		.byte	0xc1
 669 0384 48010000 		.4byte	0x148
 670 0388 73000000 		.4byte	.LLST2
 671 038c 19       		.uleb128 0x19
 672 038d F3010000 		.4byte	.LASF43
 673 0391 01       		.byte	0x1
 674 0392 C2       		.byte	0xc2
 675 0393 48010000 		.4byte	0x148
 676 0397 01       		.byte	0x1
 677 0398 52       		.byte	0x52
 678 0399 19       		.uleb128 0x19
 679 039a F2020000 		.4byte	.LASF46
 680 039e 01       		.byte	0x1
 681 039f C3       		.byte	0xc3
 682 03a0 48010000 		.4byte	0x148
ARM GAS  C:\Users\DNIEL~1\AppData\Local\Temp\ccyPGU43.s 			page 13


 683 03a4 01       		.byte	0x1
 684 03a5 50       		.byte	0x50
 685 03a6 1A       		.uleb128 0x1a
 686 03a7 60020000 		.4byte	0x260
 687 03ab 08000000 		.4byte	.LBB4
 688 03af 00000000 		.4byte	.Ldebug_ranges0+0
 689 03b3 01       		.byte	0x1
 690 03b4 C4       		.byte	0xc4
 691 03b5 15       		.uleb128 0x15
 692 03b6 7D020000 		.4byte	0x27d
 693 03ba 01       		.byte	0x1
 694 03bb 50       		.byte	0x50
 695 03bc 15       		.uleb128 0x15
 696 03bd 72020000 		.4byte	0x272
 697 03c1 01       		.byte	0x1
 698 03c2 52       		.byte	0x52
 699 03c3 1B       		.uleb128 0x1b
 700 03c4 18000000 		.4byte	.Ldebug_ranges0+0x18
 701 03c8 1C       		.uleb128 0x1c
 702 03c9 88020000 		.4byte	0x288
 703 03cd 94000000 		.4byte	.LLST3
 704 03d1 00       		.byte	0
 705 03d2 00       		.byte	0
 706 03d3 00       		.byte	0
 707 03d4 1D       		.uleb128 0x1d
 708 03d5 A7020000 		.4byte	.LASF47
 709 03d9 07       		.byte	0x7
 710 03da 9806     		.2byte	0x698
 711 03dc 43010000 		.4byte	0x143
 712 03e0 01       		.byte	0x1
 713 03e1 01       		.byte	0x1
 714 03e2 1D       		.uleb128 0x1d
 715 03e3 1C000000 		.4byte	.LASF48
 716 03e7 06       		.byte	0x6
 717 03e8 BC01     		.2byte	0x1bc
 718 03ea F0030000 		.4byte	0x3f0
 719 03ee 01       		.byte	0x1
 720 03ef 01       		.byte	0x1
 721 03f0 1E       		.uleb128 0x1e
 722 03f1 55020000 		.4byte	0x255
 723 03f5 1F       		.uleb128 0x1f
 724 03f6 01       		.byte	0x1
 725 03f7 E6010000 		.4byte	.LASF49
 726 03fb 05       		.byte	0x5
 727 03fc E906     		.2byte	0x6e9
 728 03fe 01       		.byte	0x1
 729 03ff 01       		.byte	0x1
 730 0400 20       		.uleb128 0x20
 731 0401 01       		.byte	0x1
 732 0402 B4020000 		.4byte	.LASF50
 733 0406 08       		.byte	0x8
 734 0407 73       		.byte	0x73
 735 0408 01       		.byte	0x1
 736 0409 01       		.byte	0x1
 737 040a 21       		.uleb128 0x21
 738 040b 01       		.byte	0x1
 739 040c 0E000000 		.4byte	.LASF68
ARM GAS  C:\Users\DNIEL~1\AppData\Local\Temp\ccyPGU43.s 			page 14


 740 0410 06       		.byte	0x6
 741 0411 C101     		.2byte	0x1c1
 742 0413 01       		.byte	0x1
 743 0414 01       		.byte	0x1
 744 0415 1F040000 		.4byte	0x41f
 745 0419 22       		.uleb128 0x22
 746 041a 1F040000 		.4byte	0x41f
 747 041e 00       		.byte	0
 748 041f 23       		.uleb128 0x23
 749 0420 04       		.byte	0x4
 750 0421 F0030000 		.4byte	0x3f0
 751 0425 1F       		.uleb128 0x1f
 752 0426 01       		.byte	0x1
 753 0427 94020000 		.4byte	.LASF51
 754 042b 09       		.byte	0x9
 755 042c 1C01     		.2byte	0x11c
 756 042e 01       		.byte	0x1
 757 042f 01       		.byte	0x1
 758 0430 20       		.uleb128 0x20
 759 0431 01       		.byte	0x1
 760 0432 37020000 		.4byte	.LASF52
 761 0436 0A       		.byte	0xa
 762 0437 8D       		.byte	0x8d
 763 0438 01       		.byte	0x1
 764 0439 01       		.byte	0x1
 765 043a 20       		.uleb128 0x20
 766 043b 01       		.byte	0x1
 767 043c 06000000 		.4byte	.LASF53
 768 0440 0B       		.byte	0xb
 769 0441 7F       		.byte	0x7f
 770 0442 01       		.byte	0x1
 771 0443 01       		.byte	0x1
 772 0444 20       		.uleb128 0x20
 773 0445 01       		.byte	0x1
 774 0446 9E000000 		.4byte	.LASF54
 775 044a 0C       		.byte	0xc
 776 044b BD       		.byte	0xbd
 777 044c 01       		.byte	0x1
 778 044d 01       		.byte	0x1
 779 044e 20       		.uleb128 0x20
 780 044f 01       		.byte	0x1
 781 0450 57010000 		.4byte	.LASF55
 782 0454 0D       		.byte	0xd
 783 0455 F2       		.byte	0xf2
 784 0456 01       		.byte	0x1
 785 0457 01       		.byte	0x1
 786 0458 1F       		.uleb128 0x1f
 787 0459 01       		.byte	0x1
 788 045a 97000000 		.4byte	.LASF56
 789 045e 0E       		.byte	0xe
 790 045f 3501     		.2byte	0x135
 791 0461 01       		.byte	0x1
 792 0462 01       		.byte	0x1
 793 0463 20       		.uleb128 0x20
 794 0464 01       		.byte	0x1
 795 0465 69000000 		.4byte	.LASF57
 796 0469 0F       		.byte	0xf
ARM GAS  C:\Users\DNIEL~1\AppData\Local\Temp\ccyPGU43.s 			page 15


 797 046a A6       		.byte	0xa6
 798 046b 01       		.byte	0x1
 799 046c 01       		.byte	0x1
 800 046d 1F       		.uleb128 0x1f
 801 046e 01       		.byte	0x1
 802 046f 8F000000 		.4byte	.LASF58
 803 0473 10       		.byte	0x10
 804 0474 2E01     		.2byte	0x12e
 805 0476 01       		.byte	0x1
 806 0477 01       		.byte	0x1
 807 0478 1F       		.uleb128 0x1f
 808 0479 01       		.byte	0x1
 809 047a 87000000 		.4byte	.LASF59
 810 047e 11       		.byte	0x11
 811 047f 2902     		.2byte	0x229
 812 0481 01       		.byte	0x1
 813 0482 01       		.byte	0x1
 814 0483 20       		.uleb128 0x20
 815 0484 01       		.byte	0x1
 816 0485 C8020000 		.4byte	.LASF60
 817 0489 12       		.byte	0x12
 818 048a E0       		.byte	0xe0
 819 048b 01       		.byte	0x1
 820 048c 01       		.byte	0x1
 821 048d 20       		.uleb128 0x20
 822 048e 01       		.byte	0x1
 823 048f EA020000 		.4byte	.LASF61
 824 0493 13       		.byte	0x13
 825 0494 9E       		.byte	0x9e
 826 0495 01       		.byte	0x1
 827 0496 01       		.byte	0x1
 828 0497 1F       		.uleb128 0x1f
 829 0498 01       		.byte	0x1
 830 0499 75010000 		.4byte	.LASF62
 831 049d 14       		.byte	0x14
 832 049e 7701     		.2byte	0x177
 833 04a0 01       		.byte	0x1
 834 04a1 01       		.byte	0x1
 835 04a2 00       		.byte	0
 836              		.section	.debug_abbrev,"",%progbits
 837              	.Ldebug_abbrev0:
 838 0000 01       		.uleb128 0x1
 839 0001 11       		.uleb128 0x11
 840 0002 01       		.byte	0x1
 841 0003 25       		.uleb128 0x25
 842 0004 0E       		.uleb128 0xe
 843 0005 13       		.uleb128 0x13
 844 0006 0B       		.uleb128 0xb
 845 0007 03       		.uleb128 0x3
 846 0008 0E       		.uleb128 0xe
 847 0009 1B       		.uleb128 0x1b
 848 000a 0E       		.uleb128 0xe
 849 000b 55       		.uleb128 0x55
 850 000c 06       		.uleb128 0x6
 851 000d 11       		.uleb128 0x11
 852 000e 01       		.uleb128 0x1
 853 000f 52       		.uleb128 0x52
ARM GAS  C:\Users\DNIEL~1\AppData\Local\Temp\ccyPGU43.s 			page 16


 854 0010 01       		.uleb128 0x1
 855 0011 10       		.uleb128 0x10
 856 0012 06       		.uleb128 0x6
 857 0013 00       		.byte	0
 858 0014 00       		.byte	0
 859 0015 02       		.uleb128 0x2
 860 0016 24       		.uleb128 0x24
 861 0017 00       		.byte	0
 862 0018 0B       		.uleb128 0xb
 863 0019 0B       		.uleb128 0xb
 864 001a 3E       		.uleb128 0x3e
 865 001b 0B       		.uleb128 0xb
 866 001c 03       		.uleb128 0x3
 867 001d 08       		.uleb128 0x8
 868 001e 00       		.byte	0
 869 001f 00       		.byte	0
 870 0020 03       		.uleb128 0x3
 871 0021 24       		.uleb128 0x24
 872 0022 00       		.byte	0
 873 0023 0B       		.uleb128 0xb
 874 0024 0B       		.uleb128 0xb
 875 0025 3E       		.uleb128 0x3e
 876 0026 0B       		.uleb128 0xb
 877 0027 03       		.uleb128 0x3
 878 0028 0E       		.uleb128 0xe
 879 0029 00       		.byte	0
 880 002a 00       		.byte	0
 881 002b 04       		.uleb128 0x4
 882 002c 16       		.uleb128 0x16
 883 002d 00       		.byte	0
 884 002e 03       		.uleb128 0x3
 885 002f 0E       		.uleb128 0xe
 886 0030 3A       		.uleb128 0x3a
 887 0031 0B       		.uleb128 0xb
 888 0032 3B       		.uleb128 0x3b
 889 0033 0B       		.uleb128 0xb
 890 0034 49       		.uleb128 0x49
 891 0035 13       		.uleb128 0x13
 892 0036 00       		.byte	0
 893 0037 00       		.byte	0
 894 0038 05       		.uleb128 0x5
 895 0039 35       		.uleb128 0x35
 896 003a 00       		.byte	0
 897 003b 49       		.uleb128 0x49
 898 003c 13       		.uleb128 0x13
 899 003d 00       		.byte	0
 900 003e 00       		.byte	0
 901 003f 06       		.uleb128 0x6
 902 0040 13       		.uleb128 0x13
 903 0041 01       		.byte	0x1
 904 0042 0B       		.uleb128 0xb
 905 0043 0B       		.uleb128 0xb
 906 0044 3A       		.uleb128 0x3a
 907 0045 0B       		.uleb128 0xb
 908 0046 3B       		.uleb128 0x3b
 909 0047 05       		.uleb128 0x5
 910 0048 01       		.uleb128 0x1
ARM GAS  C:\Users\DNIEL~1\AppData\Local\Temp\ccyPGU43.s 			page 17


 911 0049 13       		.uleb128 0x13
 912 004a 00       		.byte	0
 913 004b 00       		.byte	0
 914 004c 07       		.uleb128 0x7
 915 004d 0D       		.uleb128 0xd
 916 004e 00       		.byte	0
 917 004f 03       		.uleb128 0x3
 918 0050 0E       		.uleb128 0xe
 919 0051 3A       		.uleb128 0x3a
 920 0052 0B       		.uleb128 0xb
 921 0053 3B       		.uleb128 0x3b
 922 0054 05       		.uleb128 0x5
 923 0055 49       		.uleb128 0x49
 924 0056 13       		.uleb128 0x13
 925 0057 38       		.uleb128 0x38
 926 0058 0A       		.uleb128 0xa
 927 0059 00       		.byte	0
 928 005a 00       		.byte	0
 929 005b 08       		.uleb128 0x8
 930 005c 16       		.uleb128 0x16
 931 005d 00       		.byte	0
 932 005e 03       		.uleb128 0x3
 933 005f 0E       		.uleb128 0xe
 934 0060 3A       		.uleb128 0x3a
 935 0061 0B       		.uleb128 0xb
 936 0062 3B       		.uleb128 0x3b
 937 0063 05       		.uleb128 0x5
 938 0064 49       		.uleb128 0x49
 939 0065 13       		.uleb128 0x13
 940 0066 00       		.byte	0
 941 0067 00       		.byte	0
 942 0068 09       		.uleb128 0x9
 943 0069 13       		.uleb128 0x13
 944 006a 01       		.byte	0x1
 945 006b 0B       		.uleb128 0xb
 946 006c 0B       		.uleb128 0xb
 947 006d 3A       		.uleb128 0x3a
 948 006e 0B       		.uleb128 0xb
 949 006f 3B       		.uleb128 0x3b
 950 0070 0B       		.uleb128 0xb
 951 0071 01       		.uleb128 0x1
 952 0072 13       		.uleb128 0x13
 953 0073 00       		.byte	0
 954 0074 00       		.byte	0
 955 0075 0A       		.uleb128 0xa
 956 0076 0D       		.uleb128 0xd
 957 0077 00       		.byte	0
 958 0078 03       		.uleb128 0x3
 959 0079 0E       		.uleb128 0xe
 960 007a 3A       		.uleb128 0x3a
 961 007b 0B       		.uleb128 0xb
 962 007c 3B       		.uleb128 0x3b
 963 007d 0B       		.uleb128 0xb
 964 007e 49       		.uleb128 0x49
 965 007f 13       		.uleb128 0x13
 966 0080 38       		.uleb128 0x38
 967 0081 0A       		.uleb128 0xa
ARM GAS  C:\Users\DNIEL~1\AppData\Local\Temp\ccyPGU43.s 			page 18


 968 0082 00       		.byte	0
 969 0083 00       		.byte	0
 970 0084 0B       		.uleb128 0xb
 971 0085 0D       		.uleb128 0xd
 972 0086 00       		.byte	0
 973 0087 03       		.uleb128 0x3
 974 0088 08       		.uleb128 0x8
 975 0089 3A       		.uleb128 0x3a
 976 008a 0B       		.uleb128 0xb
 977 008b 3B       		.uleb128 0x3b
 978 008c 0B       		.uleb128 0xb
 979 008d 49       		.uleb128 0x49
 980 008e 13       		.uleb128 0x13
 981 008f 38       		.uleb128 0x38
 982 0090 0A       		.uleb128 0xa
 983 0091 00       		.byte	0
 984 0092 00       		.byte	0
 985 0093 0C       		.uleb128 0xc
 986 0094 2E       		.uleb128 0x2e
 987 0095 01       		.byte	0x1
 988 0096 3F       		.uleb128 0x3f
 989 0097 0C       		.uleb128 0xc
 990 0098 03       		.uleb128 0x3
 991 0099 0E       		.uleb128 0xe
 992 009a 3A       		.uleb128 0x3a
 993 009b 0B       		.uleb128 0xb
 994 009c 3B       		.uleb128 0x3b
 995 009d 0B       		.uleb128 0xb
 996 009e 27       		.uleb128 0x27
 997 009f 0C       		.uleb128 0xc
 998 00a0 49       		.uleb128 0x49
 999 00a1 13       		.uleb128 0x13
 1000 00a2 20       		.uleb128 0x20
 1001 00a3 0B       		.uleb128 0xb
 1002 00a4 01       		.uleb128 0x1
 1003 00a5 13       		.uleb128 0x13
 1004 00a6 00       		.byte	0
 1005 00a7 00       		.byte	0
 1006 00a8 0D       		.uleb128 0xd
 1007 00a9 05       		.uleb128 0x5
 1008 00aa 00       		.byte	0
 1009 00ab 03       		.uleb128 0x3
 1010 00ac 0E       		.uleb128 0xe
 1011 00ad 3A       		.uleb128 0x3a
 1012 00ae 0B       		.uleb128 0xb
 1013 00af 3B       		.uleb128 0x3b
 1014 00b0 0B       		.uleb128 0xb
 1015 00b1 49       		.uleb128 0x49
 1016 00b2 13       		.uleb128 0x13
 1017 00b3 00       		.byte	0
 1018 00b4 00       		.byte	0
 1019 00b5 0E       		.uleb128 0xe
 1020 00b6 05       		.uleb128 0x5
 1021 00b7 00       		.byte	0
 1022 00b8 03       		.uleb128 0x3
 1023 00b9 08       		.uleb128 0x8
 1024 00ba 3A       		.uleb128 0x3a
ARM GAS  C:\Users\DNIEL~1\AppData\Local\Temp\ccyPGU43.s 			page 19


 1025 00bb 0B       		.uleb128 0xb
 1026 00bc 3B       		.uleb128 0x3b
 1027 00bd 0B       		.uleb128 0xb
 1028 00be 49       		.uleb128 0x49
 1029 00bf 13       		.uleb128 0x13
 1030 00c0 00       		.byte	0
 1031 00c1 00       		.byte	0
 1032 00c2 0F       		.uleb128 0xf
 1033 00c3 34       		.uleb128 0x34
 1034 00c4 00       		.byte	0
 1035 00c5 03       		.uleb128 0x3
 1036 00c6 08       		.uleb128 0x8
 1037 00c7 3A       		.uleb128 0x3a
 1038 00c8 0B       		.uleb128 0xb
 1039 00c9 3B       		.uleb128 0x3b
 1040 00ca 0B       		.uleb128 0xb
 1041 00cb 49       		.uleb128 0x49
 1042 00cc 13       		.uleb128 0x13
 1043 00cd 00       		.byte	0
 1044 00ce 00       		.byte	0
 1045 00cf 10       		.uleb128 0x10
 1046 00d0 2E       		.uleb128 0x2e
 1047 00d1 01       		.byte	0x1
 1048 00d2 3F       		.uleb128 0x3f
 1049 00d3 0C       		.uleb128 0xc
 1050 00d4 03       		.uleb128 0x3
 1051 00d5 0E       		.uleb128 0xe
 1052 00d6 3A       		.uleb128 0x3a
 1053 00d7 0B       		.uleb128 0xb
 1054 00d8 3B       		.uleb128 0x3b
 1055 00d9 0B       		.uleb128 0xb
 1056 00da 27       		.uleb128 0x27
 1057 00db 0C       		.uleb128 0xc
 1058 00dc 11       		.uleb128 0x11
 1059 00dd 01       		.uleb128 0x1
 1060 00de 12       		.uleb128 0x12
 1061 00df 01       		.uleb128 0x1
 1062 00e0 40       		.uleb128 0x40
 1063 00e1 06       		.uleb128 0x6
 1064 00e2 9742     		.uleb128 0x2117
 1065 00e4 0C       		.uleb128 0xc
 1066 00e5 01       		.uleb128 0x1
 1067 00e6 13       		.uleb128 0x13
 1068 00e7 00       		.byte	0
 1069 00e8 00       		.byte	0
 1070 00e9 11       		.uleb128 0x11
 1071 00ea 898201   		.uleb128 0x4109
 1072 00ed 00       		.byte	0
 1073 00ee 11       		.uleb128 0x11
 1074 00ef 01       		.uleb128 0x1
 1075 00f0 31       		.uleb128 0x31
 1076 00f1 13       		.uleb128 0x13
 1077 00f2 00       		.byte	0
 1078 00f3 00       		.byte	0
 1079 00f4 12       		.uleb128 0x12
 1080 00f5 898201   		.uleb128 0x4109
 1081 00f8 00       		.byte	0
ARM GAS  C:\Users\DNIEL~1\AppData\Local\Temp\ccyPGU43.s 			page 20


 1082 00f9 11       		.uleb128 0x11
 1083 00fa 01       		.uleb128 0x1
 1084 00fb 9542     		.uleb128 0x2115
 1085 00fd 0C       		.uleb128 0xc
 1086 00fe 31       		.uleb128 0x31
 1087 00ff 13       		.uleb128 0x13
 1088 0100 00       		.byte	0
 1089 0101 00       		.byte	0
 1090 0102 13       		.uleb128 0x13
 1091 0103 2E       		.uleb128 0x2e
 1092 0104 01       		.byte	0x1
 1093 0105 31       		.uleb128 0x31
 1094 0106 13       		.uleb128 0x13
 1095 0107 11       		.uleb128 0x11
 1096 0108 01       		.uleb128 0x1
 1097 0109 12       		.uleb128 0x12
 1098 010a 01       		.uleb128 0x1
 1099 010b 40       		.uleb128 0x40
 1100 010c 0A       		.uleb128 0xa
 1101 010d 9742     		.uleb128 0x2117
 1102 010f 0C       		.uleb128 0xc
 1103 0110 01       		.uleb128 0x1
 1104 0111 13       		.uleb128 0x13
 1105 0112 00       		.byte	0
 1106 0113 00       		.byte	0
 1107 0114 14       		.uleb128 0x14
 1108 0115 05       		.uleb128 0x5
 1109 0116 00       		.byte	0
 1110 0117 31       		.uleb128 0x31
 1111 0118 13       		.uleb128 0x13
 1112 0119 02       		.uleb128 0x2
 1113 011a 06       		.uleb128 0x6
 1114 011b 00       		.byte	0
 1115 011c 00       		.byte	0
 1116 011d 15       		.uleb128 0x15
 1117 011e 05       		.uleb128 0x5
 1118 011f 00       		.byte	0
 1119 0120 31       		.uleb128 0x31
 1120 0121 13       		.uleb128 0x13
 1121 0122 02       		.uleb128 0x2
 1122 0123 0A       		.uleb128 0xa
 1123 0124 00       		.byte	0
 1124 0125 00       		.byte	0
 1125 0126 16       		.uleb128 0x16
 1126 0127 34       		.uleb128 0x34
 1127 0128 00       		.byte	0
 1128 0129 31       		.uleb128 0x31
 1129 012a 13       		.uleb128 0x13
 1130 012b 02       		.uleb128 0x2
 1131 012c 0A       		.uleb128 0xa
 1132 012d 00       		.byte	0
 1133 012e 00       		.byte	0
 1134 012f 17       		.uleb128 0x17
 1135 0130 2E       		.uleb128 0x2e
 1136 0131 01       		.byte	0x1
 1137 0132 3F       		.uleb128 0x3f
 1138 0133 0C       		.uleb128 0xc
ARM GAS  C:\Users\DNIEL~1\AppData\Local\Temp\ccyPGU43.s 			page 21


 1139 0134 03       		.uleb128 0x3
 1140 0135 0E       		.uleb128 0xe
 1141 0136 3A       		.uleb128 0x3a
 1142 0137 0B       		.uleb128 0xb
 1143 0138 3B       		.uleb128 0x3b
 1144 0139 0B       		.uleb128 0xb
 1145 013a 27       		.uleb128 0x27
 1146 013b 0C       		.uleb128 0xc
 1147 013c 11       		.uleb128 0x11
 1148 013d 01       		.uleb128 0x1
 1149 013e 12       		.uleb128 0x12
 1150 013f 01       		.uleb128 0x1
 1151 0140 40       		.uleb128 0x40
 1152 0141 0A       		.uleb128 0xa
 1153 0142 9742     		.uleb128 0x2117
 1154 0144 0C       		.uleb128 0xc
 1155 0145 01       		.uleb128 0x1
 1156 0146 13       		.uleb128 0x13
 1157 0147 00       		.byte	0
 1158 0148 00       		.byte	0
 1159 0149 18       		.uleb128 0x18
 1160 014a 05       		.uleb128 0x5
 1161 014b 00       		.byte	0
 1162 014c 03       		.uleb128 0x3
 1163 014d 0E       		.uleb128 0xe
 1164 014e 3A       		.uleb128 0x3a
 1165 014f 0B       		.uleb128 0xb
 1166 0150 3B       		.uleb128 0x3b
 1167 0151 0B       		.uleb128 0xb
 1168 0152 49       		.uleb128 0x49
 1169 0153 13       		.uleb128 0x13
 1170 0154 02       		.uleb128 0x2
 1171 0155 06       		.uleb128 0x6
 1172 0156 00       		.byte	0
 1173 0157 00       		.byte	0
 1174 0158 19       		.uleb128 0x19
 1175 0159 34       		.uleb128 0x34
 1176 015a 00       		.byte	0
 1177 015b 03       		.uleb128 0x3
 1178 015c 0E       		.uleb128 0xe
 1179 015d 3A       		.uleb128 0x3a
 1180 015e 0B       		.uleb128 0xb
 1181 015f 3B       		.uleb128 0x3b
 1182 0160 0B       		.uleb128 0xb
 1183 0161 49       		.uleb128 0x49
 1184 0162 13       		.uleb128 0x13
 1185 0163 02       		.uleb128 0x2
 1186 0164 0A       		.uleb128 0xa
 1187 0165 00       		.byte	0
 1188 0166 00       		.byte	0
 1189 0167 1A       		.uleb128 0x1a
 1190 0168 1D       		.uleb128 0x1d
 1191 0169 01       		.byte	0x1
 1192 016a 31       		.uleb128 0x31
 1193 016b 13       		.uleb128 0x13
 1194 016c 52       		.uleb128 0x52
 1195 016d 01       		.uleb128 0x1
ARM GAS  C:\Users\DNIEL~1\AppData\Local\Temp\ccyPGU43.s 			page 22


 1196 016e 55       		.uleb128 0x55
 1197 016f 06       		.uleb128 0x6
 1198 0170 58       		.uleb128 0x58
 1199 0171 0B       		.uleb128 0xb
 1200 0172 59       		.uleb128 0x59
 1201 0173 0B       		.uleb128 0xb
 1202 0174 00       		.byte	0
 1203 0175 00       		.byte	0
 1204 0176 1B       		.uleb128 0x1b
 1205 0177 0B       		.uleb128 0xb
 1206 0178 01       		.byte	0x1
 1207 0179 55       		.uleb128 0x55
 1208 017a 06       		.uleb128 0x6
 1209 017b 00       		.byte	0
 1210 017c 00       		.byte	0
 1211 017d 1C       		.uleb128 0x1c
 1212 017e 34       		.uleb128 0x34
 1213 017f 00       		.byte	0
 1214 0180 31       		.uleb128 0x31
 1215 0181 13       		.uleb128 0x13
 1216 0182 02       		.uleb128 0x2
 1217 0183 06       		.uleb128 0x6
 1218 0184 00       		.byte	0
 1219 0185 00       		.byte	0
 1220 0186 1D       		.uleb128 0x1d
 1221 0187 34       		.uleb128 0x34
 1222 0188 00       		.byte	0
 1223 0189 03       		.uleb128 0x3
 1224 018a 0E       		.uleb128 0xe
 1225 018b 3A       		.uleb128 0x3a
 1226 018c 0B       		.uleb128 0xb
 1227 018d 3B       		.uleb128 0x3b
 1228 018e 05       		.uleb128 0x5
 1229 018f 49       		.uleb128 0x49
 1230 0190 13       		.uleb128 0x13
 1231 0191 3F       		.uleb128 0x3f
 1232 0192 0C       		.uleb128 0xc
 1233 0193 3C       		.uleb128 0x3c
 1234 0194 0C       		.uleb128 0xc
 1235 0195 00       		.byte	0
 1236 0196 00       		.byte	0
 1237 0197 1E       		.uleb128 0x1e
 1238 0198 26       		.uleb128 0x26
 1239 0199 00       		.byte	0
 1240 019a 49       		.uleb128 0x49
 1241 019b 13       		.uleb128 0x13
 1242 019c 00       		.byte	0
 1243 019d 00       		.byte	0
 1244 019e 1F       		.uleb128 0x1f
 1245 019f 2E       		.uleb128 0x2e
 1246 01a0 00       		.byte	0
 1247 01a1 3F       		.uleb128 0x3f
 1248 01a2 0C       		.uleb128 0xc
 1249 01a3 03       		.uleb128 0x3
 1250 01a4 0E       		.uleb128 0xe
 1251 01a5 3A       		.uleb128 0x3a
 1252 01a6 0B       		.uleb128 0xb
ARM GAS  C:\Users\DNIEL~1\AppData\Local\Temp\ccyPGU43.s 			page 23


 1253 01a7 3B       		.uleb128 0x3b
 1254 01a8 05       		.uleb128 0x5
 1255 01a9 27       		.uleb128 0x27
 1256 01aa 0C       		.uleb128 0xc
 1257 01ab 3C       		.uleb128 0x3c
 1258 01ac 0C       		.uleb128 0xc
 1259 01ad 00       		.byte	0
 1260 01ae 00       		.byte	0
 1261 01af 20       		.uleb128 0x20
 1262 01b0 2E       		.uleb128 0x2e
 1263 01b1 00       		.byte	0
 1264 01b2 3F       		.uleb128 0x3f
 1265 01b3 0C       		.uleb128 0xc
 1266 01b4 03       		.uleb128 0x3
 1267 01b5 0E       		.uleb128 0xe
 1268 01b6 3A       		.uleb128 0x3a
 1269 01b7 0B       		.uleb128 0xb
 1270 01b8 3B       		.uleb128 0x3b
 1271 01b9 0B       		.uleb128 0xb
 1272 01ba 27       		.uleb128 0x27
 1273 01bb 0C       		.uleb128 0xc
 1274 01bc 3C       		.uleb128 0x3c
 1275 01bd 0C       		.uleb128 0xc
 1276 01be 00       		.byte	0
 1277 01bf 00       		.byte	0
 1278 01c0 21       		.uleb128 0x21
 1279 01c1 2E       		.uleb128 0x2e
 1280 01c2 01       		.byte	0x1
 1281 01c3 3F       		.uleb128 0x3f
 1282 01c4 0C       		.uleb128 0xc
 1283 01c5 03       		.uleb128 0x3
 1284 01c6 0E       		.uleb128 0xe
 1285 01c7 3A       		.uleb128 0x3a
 1286 01c8 0B       		.uleb128 0xb
 1287 01c9 3B       		.uleb128 0x3b
 1288 01ca 05       		.uleb128 0x5
 1289 01cb 27       		.uleb128 0x27
 1290 01cc 0C       		.uleb128 0xc
 1291 01cd 3C       		.uleb128 0x3c
 1292 01ce 0C       		.uleb128 0xc
 1293 01cf 01       		.uleb128 0x1
 1294 01d0 13       		.uleb128 0x13
 1295 01d1 00       		.byte	0
 1296 01d2 00       		.byte	0
 1297 01d3 22       		.uleb128 0x22
 1298 01d4 05       		.uleb128 0x5
 1299 01d5 00       		.byte	0
 1300 01d6 49       		.uleb128 0x49
 1301 01d7 13       		.uleb128 0x13
 1302 01d8 00       		.byte	0
 1303 01d9 00       		.byte	0
 1304 01da 23       		.uleb128 0x23
 1305 01db 0F       		.uleb128 0xf
 1306 01dc 00       		.byte	0
 1307 01dd 0B       		.uleb128 0xb
 1308 01de 0B       		.uleb128 0xb
 1309 01df 49       		.uleb128 0x49
ARM GAS  C:\Users\DNIEL~1\AppData\Local\Temp\ccyPGU43.s 			page 24


 1310 01e0 13       		.uleb128 0x13
 1311 01e1 00       		.byte	0
 1312 01e2 00       		.byte	0
 1313 01e3 00       		.byte	0
 1314              		.section	.debug_loc,"",%progbits
 1315              	.Ldebug_loc0:
 1316              	.LLST0:
 1317 0000 00000000 		.4byte	.LFB118
 1318 0004 02000000 		.4byte	.LCFI0
 1319 0008 0200     		.2byte	0x2
 1320 000a 7D       		.byte	0x7d
 1321 000b 00       		.sleb128 0
 1322 000c 02000000 		.4byte	.LCFI0
 1323 0010 4A000000 		.4byte	.LFE118
 1324 0014 0200     		.2byte	0x2
 1325 0016 7D       		.byte	0x7d
 1326 0017 08       		.sleb128 8
 1327 0018 00000000 		.4byte	0
 1328 001c 00000000 		.4byte	0
 1329              	.LLST1:
 1330 0020 00000000 		.4byte	.LVL15
 1331 0024 18000000 		.4byte	.LVL17
 1332 0028 0100     		.2byte	0x1
 1333 002a 50       		.byte	0x50
 1334 002b 18000000 		.4byte	.LVL17
 1335 002f 1C000000 		.4byte	.LVL18
 1336 0033 0400     		.2byte	0x4
 1337 0035 F3       		.byte	0xf3
 1338 0036 01       		.uleb128 0x1
 1339 0037 50       		.byte	0x50
 1340 0038 9F       		.byte	0x9f
 1341 0039 1C000000 		.4byte	.LVL18
 1342 003d 22000000 		.4byte	.LVL19
 1343 0041 0100     		.2byte	0x1
 1344 0043 50       		.byte	0x50
 1345 0044 22000000 		.4byte	.LVL19
 1346 0048 24000000 		.4byte	.LVL20
 1347 004c 0400     		.2byte	0x4
 1348 004e F3       		.byte	0xf3
 1349 004f 01       		.uleb128 0x1
 1350 0050 50       		.byte	0x50
 1351 0051 9F       		.byte	0x9f
 1352 0052 24000000 		.4byte	.LVL20
 1353 0056 26000000 		.4byte	.LVL21
 1354 005a 0100     		.2byte	0x1
 1355 005c 50       		.byte	0x50
 1356 005d 26000000 		.4byte	.LVL21
 1357 0061 28000000 		.4byte	.LFE119
 1358 0065 0400     		.2byte	0x4
 1359 0067 F3       		.byte	0xf3
 1360 0068 01       		.uleb128 0x1
 1361 0069 50       		.byte	0x50
 1362 006a 9F       		.byte	0x9f
 1363 006b 00000000 		.4byte	0
 1364 006f 00000000 		.4byte	0
 1365              	.LLST2:
 1366 0073 00000000 		.4byte	.LVL22
ARM GAS  C:\Users\DNIEL~1\AppData\Local\Temp\ccyPGU43.s 			page 25


 1367 0077 0E000000 		.4byte	.LVL24
 1368 007b 0100     		.2byte	0x1
 1369 007d 50       		.byte	0x50
 1370 007e 0E000000 		.4byte	.LVL24
 1371 0082 2C000000 		.4byte	.LFE120
 1372 0086 0400     		.2byte	0x4
 1373 0088 F3       		.byte	0xf3
 1374 0089 01       		.uleb128 0x1
 1375 008a 50       		.byte	0x50
 1376 008b 9F       		.byte	0x9f
 1377 008c 00000000 		.4byte	0
 1378 0090 00000000 		.4byte	0
 1379              	.LLST3:
 1380 0094 12000000 		.4byte	.LVL25
 1381 0098 24000000 		.4byte	.LVL26
 1382 009c 0100     		.2byte	0x1
 1383 009e 53       		.byte	0x53
 1384 009f 00000000 		.4byte	0
 1385 00a3 00000000 		.4byte	0
 1386              		.section	.debug_aranges,"",%progbits
 1387 0000 2C000000 		.4byte	0x2c
 1388 0004 0200     		.2byte	0x2
 1389 0006 00000000 		.4byte	.Ldebug_info0
 1390 000a 04       		.byte	0x4
 1391 000b 00       		.byte	0
 1392 000c 0000     		.2byte	0
 1393 000e 0000     		.2byte	0
 1394 0010 00000000 		.4byte	.LFB118
 1395 0014 4A000000 		.4byte	.LFE118-.LFB118
 1396 0018 00000000 		.4byte	.LFB119
 1397 001c 28000000 		.4byte	.LFE119-.LFB119
 1398 0020 00000000 		.4byte	.LFB120
 1399 0024 2C000000 		.4byte	.LFE120-.LFB120
 1400 0028 00000000 		.4byte	0
 1401 002c 00000000 		.4byte	0
 1402              		.section	.debug_ranges,"",%progbits
 1403              	.Ldebug_ranges0:
 1404 0000 08000000 		.4byte	.LBB4
 1405 0004 0A000000 		.4byte	.LBE4
 1406 0008 0E000000 		.4byte	.LBB7
 1407 000c 26000000 		.4byte	.LBE7
 1408 0010 00000000 		.4byte	0
 1409 0014 00000000 		.4byte	0
 1410 0018 08000000 		.4byte	.LBB5
 1411 001c 0A000000 		.4byte	.LBE5
 1412 0020 0E000000 		.4byte	.LBB6
 1413 0024 26000000 		.4byte	.LBE6
 1414 0028 00000000 		.4byte	0
 1415 002c 00000000 		.4byte	0
 1416 0030 00000000 		.4byte	.LFB118
 1417 0034 4A000000 		.4byte	.LFE118
 1418 0038 00000000 		.4byte	.LFB119
 1419 003c 28000000 		.4byte	.LFE119
 1420 0040 00000000 		.4byte	.LFB120
 1421 0044 2C000000 		.4byte	.LFE120
 1422 0048 00000000 		.4byte	0
 1423 004c 00000000 		.4byte	0
ARM GAS  C:\Users\DNIEL~1\AppData\Local\Temp\ccyPGU43.s 			page 26


 1424              		.section	.debug_line,"",%progbits
 1425              	.Ldebug_line0:
 1426 0000 03030000 		.section	.debug_str,"MS",%progbits,1
 1426      02008602 
 1426      00000201 
 1426      FB0E0D00 
 1426      01010101 
 1427              	.LASF67:
 1428 0000 7469636B 		.ascii	"ticks\000"
 1428      7300
 1429              	.LASF53:
 1430 0006 69326349 		.ascii	"i2cInit\000"
 1430      6E697400 
 1431              	.LASF68:
 1432 000e 5F70616C 		.ascii	"_pal_lld_init\000"
 1432      5F6C6C64 
 1432      5F696E69 
 1432      7400
 1433              	.LASF48:
 1434 001c 70616C5F 		.ascii	"pal_default_config\000"
 1434      64656661 
 1434      756C745F 
 1434      636F6E66 
 1434      696700
 1435              	.LASF3:
 1436 002f 73686F72 		.ascii	"short int\000"
 1436      7420696E 
 1436      7400
 1437              	.LASF22:
 1438 0039 50435352 		.ascii	"PCSR\000"
 1438      00
 1439              	.LASF14:
 1440 003e 73697A65 		.ascii	"sizetype\000"
 1440      74797065 
 1440      00
 1441              	.LASF64:
 1442 0047 2E2E2F2E 		.ascii	"../../../ChibiOS/os/hal/src/hal.c\000"
 1442      2E2F2E2E 
 1442      2F436869 
 1442      62694F53 
 1442      2F6F732F 
 1443              	.LASF57:
 1444 0069 73646349 		.ascii	"sdcInit\000"
 1444      6E697400 
 1445              	.LASF38:
 1446 0071 50464461 		.ascii	"PFData\000"
 1446      746100
 1447              	.LASF41:
 1448 0078 50494461 		.ascii	"PIData\000"
 1448      746100
 1449              	.LASF21:
 1450 007f 464F4C44 		.ascii	"FOLDCNT\000"
 1450      434E5400 
 1451              	.LASF59:
 1452 0087 75736249 		.ascii	"usbInit\000"
 1452      6E697400 
 1453              	.LASF58:
ARM GAS  C:\Users\DNIEL~1\AppData\Local\Temp\ccyPGU43.s 			page 27


 1454 008f 73706949 		.ascii	"spiInit\000"
 1454      6E697400 
 1455              	.LASF56:
 1456 0097 7364496E 		.ascii	"sdInit\000"
 1456      697400
 1457              	.LASF54:
 1458 009e 69637549 		.ascii	"icuInit\000"
 1458      6E697400 
 1459              	.LASF13:
 1460 00a6 494F5245 		.ascii	"IOREG32\000"
 1460      47333200 
 1461              	.LASF33:
 1462 00ae 50414461 		.ascii	"PAData\000"
 1462      746100
 1463              	.LASF9:
 1464 00b5 6C6F6E67 		.ascii	"long long int\000"
 1464      206C6F6E 
 1464      6720696E 
 1464      7400
 1465              	.LASF44:
 1466 00c3 68616C49 		.ascii	"halInit\000"
 1466      6E697400 
 1467              	.LASF16:
 1468 00cb 43594343 		.ascii	"CYCCNT\000"
 1468      4E5400
 1469              	.LASF65:
 1470 00d2 433A5C55 		.ascii	"C:\\Users\\D\341niel\\git\\Smarty\\smarty\\firmware"
 1470      73657273 
 1470      5C44E16E 
 1470      69656C5C 
 1470      6769745C 
 1471 00fc 00       		.ascii	"\000"
 1472              	.LASF63:
 1473 00fd 474E5520 		.ascii	"GNU C 4.7.4 20140401 (release) [ARM/embedded-4_7-br"
 1473      4320342E 
 1473      372E3420 
 1473      32303134 
 1473      30343031 
 1474 0130 616E6368 		.ascii	"anch revision 209195]\000"
 1474      20726576 
 1474      6973696F 
 1474      6E203230 
 1474      39313935 
 1475              	.LASF28:
 1476 0146 6F737065 		.ascii	"ospeedr\000"
 1476      65647200 
 1477              	.LASF5:
 1478 014e 6C6F6E67 		.ascii	"long int\000"
 1478      20696E74 
 1478      00
 1479              	.LASF55:
 1480 0157 70776D49 		.ascii	"pwmInit\000"
 1480      6E697400 
 1481              	.LASF36:
 1482 015f 50444461 		.ascii	"PDData\000"
 1482      746100
 1483              	.LASF45:
ARM GAS  C:\Users\DNIEL~1\AppData\Local\Temp\ccyPGU43.s 			page 28


 1484 0166 68616C50 		.ascii	"halPolledDelay\000"
 1484      6F6C6C65 
 1484      6444656C 
 1484      617900
 1485              	.LASF62:
 1486 0175 626F6172 		.ascii	"boardInit\000"
 1486      64496E69 
 1486      7400
 1487              	.LASF39:
 1488 017f 50474461 		.ascii	"PGData\000"
 1488      746100
 1489              	.LASF35:
 1490 0186 50434461 		.ascii	"PCData\000"
 1490      746100
 1491              	.LASF2:
 1492 018d 756E7369 		.ascii	"unsigned char\000"
 1492      676E6564 
 1492      20636861 
 1492      7200
 1493              	.LASF15:
 1494 019b 4354524C 		.ascii	"CTRL\000"
 1494      00
 1495              	.LASF1:
 1496 01a0 7369676E 		.ascii	"signed char\000"
 1496      65642063 
 1496      68617200 
 1497              	.LASF10:
 1498 01ac 6C6F6E67 		.ascii	"long long unsigned int\000"
 1498      206C6F6E 
 1498      6720756E 
 1498      7369676E 
 1498      65642069 
 1499              	.LASF7:
 1500 01c3 75696E74 		.ascii	"uint32_t\000"
 1500      33325F74 
 1500      00
 1501              	.LASF27:
 1502 01cc 6F747970 		.ascii	"otyper\000"
 1502      657200
 1503              	.LASF32:
 1504 01d3 73746D33 		.ascii	"stm32_gpio_setup_t\000"
 1504      325F6770 
 1504      696F5F73 
 1504      65747570 
 1504      5F7400
 1505              	.LASF49:
 1506 01e6 68616C5F 		.ascii	"hal_lld_init\000"
 1506      6C6C645F 
 1506      696E6974 
 1506      00
 1507              	.LASF43:
 1508 01f3 73746172 		.ascii	"start\000"
 1508      7400
 1509              	.LASF4:
 1510 01f9 73686F72 		.ascii	"short unsigned int\000"
 1510      7420756E 
 1510      7369676E 
ARM GAS  C:\Users\DNIEL~1\AppData\Local\Temp\ccyPGU43.s 			page 29


 1510      65642069 
 1510      6E7400
 1511              	.LASF24:
 1512 020c 63686172 		.ascii	"char\000"
 1512      00
 1513              	.LASF6:
 1514 0211 696E7433 		.ascii	"int32_t\000"
 1514      325F7400 
 1515              	.LASF11:
 1516 0219 626F6F6C 		.ascii	"bool_t\000"
 1516      5F7400
 1517              	.LASF42:
 1518 0220 50414C43 		.ascii	"PALConfig\000"
 1518      6F6E6669 
 1518      6700
 1519              	.LASF34:
 1520 022a 50424461 		.ascii	"PBData\000"
 1520      746100
 1521              	.LASF12:
 1522 0231 5F426F6F 		.ascii	"_Bool\000"
 1522      6C00
 1523              	.LASF52:
 1524 0237 63616E49 		.ascii	"canInit\000"
 1524      6E697400 
 1525              	.LASF23:
 1526 023f 434D785F 		.ascii	"CMx_DWT\000"
 1526      44575400 
 1527              	.LASF37:
 1528 0247 50454461 		.ascii	"PEData\000"
 1528      746100
 1529              	.LASF17:
 1530 024e 43504943 		.ascii	"CPICNT\000"
 1530      4E5400
 1531              	.LASF8:
 1532 0255 6C6F6E67 		.ascii	"long unsigned int\000"
 1532      20756E73 
 1532      69676E65 
 1532      6420696E 
 1532      7400
 1533              	.LASF40:
 1534 0267 50484461 		.ascii	"PHData\000"
 1534      746100
 1535              	.LASF25:
 1536 026e 68616C72 		.ascii	"halrtcnt_t\000"
 1536      74636E74 
 1536      5F7400
 1537              	.LASF19:
 1538 0279 534C4545 		.ascii	"SLEEPCNT\000"
 1538      50434E54 
 1538      00
 1539              	.LASF29:
 1540 0282 70757064 		.ascii	"pupdr\000"
 1540      7200
 1541              	.LASF20:
 1542 0288 4C535543 		.ascii	"LSUCNT\000"
 1542      4E5400
 1543              	.LASF31:
ARM GAS  C:\Users\DNIEL~1\AppData\Local\Temp\ccyPGU43.s 			page 30


 1544 028f 61667268 		.ascii	"afrh\000"
 1544      00
 1545              	.LASF51:
 1546 0294 61646349 		.ascii	"adcInit\000"
 1546      6E697400 
 1547              	.LASF30:
 1548 029c 6166726C 		.ascii	"afrl\000"
 1548      00
 1549              	.LASF26:
 1550 02a1 6D6F6465 		.ascii	"moder\000"
 1550      7200
 1551              	.LASF47:
 1552 02a7 49544D5F 		.ascii	"ITM_RxBuffer\000"
 1552      52784275 
 1552      66666572 
 1552      00
 1553              	.LASF50:
 1554 02b4 746D496E 		.ascii	"tmInit\000"
 1554      697400
 1555              	.LASF0:
 1556 02bb 756E7369 		.ascii	"unsigned int\000"
 1556      676E6564 
 1556      20696E74 
 1556      00
 1557              	.LASF60:
 1558 02c8 73647549 		.ascii	"sduInit\000"
 1558      6E697400 
 1559              	.LASF66:
 1560 02d0 68616C49 		.ascii	"halIsCounterWithin\000"
 1560      73436F75 
 1560      6E746572 
 1560      57697468 
 1560      696E00
 1561              	.LASF18:
 1562 02e3 45584343 		.ascii	"EXCCNT\000"
 1562      4E5400
 1563              	.LASF61:
 1564 02ea 72746349 		.ascii	"rtcInit\000"
 1564      6E697400 
 1565              	.LASF46:
 1566 02f2 74696D65 		.ascii	"timeout\000"
 1566      6F757400 
 1567              		.ident	"GCC: (GNU Tools for ARM Embedded Processors) 4.7.4 20140401 (release) [ARM/embedded-4_7-br
ARM GAS  C:\Users\DNIEL~1\AppData\Local\Temp\ccyPGU43.s 			page 31


DEFINED SYMBOLS
                            *ABS*:00000000 hal.c
C:\Users\DNIEL~1\AppData\Local\Temp\ccyPGU43.s:19     .text.halInit:00000000 $t
C:\Users\DNIEL~1\AppData\Local\Temp\ccyPGU43.s:25     .text.halInit:00000000 halInit
C:\Users\DNIEL~1\AppData\Local\Temp\ccyPGU43.s:90     .text.halIsCounterWithin:00000000 $t
C:\Users\DNIEL~1\AppData\Local\Temp\ccyPGU43.s:96     .text.halIsCounterWithin:00000000 halIsCounterWithin
C:\Users\DNIEL~1\AppData\Local\Temp\ccyPGU43.s:144    .text.halPolledDelay:00000000 $t
C:\Users\DNIEL~1\AppData\Local\Temp\ccyPGU43.s:150    .text.halPolledDelay:00000000 halPolledDelay
                     .debug_frame:00000010 $d

UNDEFINED SYMBOLS
hal_lld_init
tmInit
pal_default_config
_pal_lld_init
adcInit
canInit
i2cInit
icuInit
pwmInit
sdInit
sdcInit
spiInit
usbInit
sduInit
rtcInit
boardInit
