ARM GAS  C:\Users\DNIEL~1\AppData\Local\Temp\ccbkccba.s 			page 1


   1              		.syntax unified
   2              		.cpu cortex-m4
   3              		.fpu softvfp
   4              		.eabi_attribute 20, 1
   5              		.eabi_attribute 21, 1
   6              		.eabi_attribute 23, 3
   7              		.eabi_attribute 24, 1
   8              		.eabi_attribute 25, 1
   9              		.eabi_attribute 26, 1
  10              		.eabi_attribute 30, 2
  11              		.eabi_attribute 34, 1
  12              		.eabi_attribute 18, 4
  13              		.thumb
  14              		.file	"hal_lld.c"
  15              		.text
  16              	.Ltext0:
  17              		.cfi_sections	.debug_frame
  18              		.section	.text.hal_lld_init,"ax",%progbits
  19              		.align	2
  20              		.p2align 4,,15
  21              		.global	hal_lld_init
  22              		.thumb
  23              		.thumb_func
  24              		.type	hal_lld_init, %function
  25              	hal_lld_init:
  26              	.LFB119:
  27              		.file 1 "../../../ChibiOS/os/hal/platforms/STM32F4xx/hal_lld.c"
  28              		.loc 1 111 0
  29              		.cfi_startproc
  30              		@ args = 0, pretend = 0, frame = 0
  31              		@ frame_needed = 0, uses_anonymous_args = 0
  32              		@ link register save eliminated.
  33              		.loc 1 115 0
  34 0000 4FF46053 		mov	r3, #14336
  35 0004 C4F20203 		movt	r3, 16386
  36              		.loc 1 111 0
  37 0008 70B4     		push	{r4, r5, r6}
  38              	.LCFI0:
  39              		.cfi_def_cfa_offset 12
  40              		.cfi_offset 4, -12
  41              		.cfi_offset 5, -8
  42              		.cfi_offset 6, -4
  43              		.loc 1 115 0
  44 000a 0022     		movs	r2, #0
  45 000c 4FF0FF34 		mov	r4, #-1
  46 0010 1969     		ldr	r1, [r3, #16]
  47 0012 1C61     		str	r4, [r3, #16]
  48 0014 1A61     		str	r2, [r3, #16]
  49              		.loc 1 116 0
  50 0016 5969     		ldr	r1, [r3, #20]
  51 0018 5C61     		str	r4, [r3, #20]
  52 001a 5A61     		str	r2, [r3, #20]
  53              		.loc 1 117 0
  54 001c 1E6A     		ldr	r6, [r3, #32]
  55              		.loc 1 121 0
  56 001e 4EF21001 		movw	r1, #57360
  57              		.loc 1 117 0
ARM GAS  C:\Users\DNIEL~1\AppData\Local\Temp\ccbkccba.s 			page 2


  58 0022 66F08056 		orn	r6, r6, #268435456
  59 0026 1E62     		str	r6, [r3, #32]
  60              		.loc 1 121 0
  61 0028 CEF20001 		movt	r1, 57344
  62              		.loc 1 117 0
  63 002c 1A62     		str	r2, [r3, #32]
  64              		.loc 1 121 0
  65 002e 49F23F05 		movw	r5, #36927
  66              		.loc 1 128 0
  67 0032 4EF6F050 		movw	r0, #60912
  68              		.loc 1 118 0
  69 0036 5E6A     		ldr	r6, [r3, #36]
  70 0038 5C62     		str	r4, [r3, #36]
  71              		.loc 1 128 0
  72 003a CEF20000 		movt	r0, 57344
  73              		.loc 1 123 0
  74 003e 0724     		movs	r4, #7
  75              		.loc 1 121 0
  76 0040 C0F20205 		movt	r5, 2
  77              		.loc 1 118 0
  78 0044 5A62     		str	r2, [r3, #36]
  79              		.loc 1 121 0
  80 0046 4D60     		str	r5, [r1, #4]
  81              		.loc 1 122 0
  82 0048 8A60     		str	r2, [r1, #8]
  83              		.loc 1 123 0
  84 004a 0C60     		str	r4, [r1, #0]
  85              		.loc 1 128 0
  86 004c C468     		ldr	r4, [r0, #12]
  87              		.loc 1 129 0
  88 004e 4FF48051 		mov	r1, #4096
  89 0052 CEF20001 		movt	r1, 57344
  90              		.loc 1 128 0
  91 0056 44F08074 		orr	r4, r4, #16777216
  92 005a C460     		str	r4, [r0, #12]
  93              		.loc 1 129 0
  94 005c 0868     		ldr	r0, [r1, #0]
  95 005e 40F00100 		orr	r0, r0, #1
  96 0062 0860     		str	r0, [r1, #0]
  97              		.loc 1 132 0
  98 0064 186C     		ldr	r0, [r3, #64]
  99              	.LBB4:
 100              	.LBB5:
 101              		.loc 1 54 0
 102 0066 4FF4E041 		mov	r1, #28672
 103 006a C4F20001 		movt	r1, 16384
 104              	.LBE5:
 105              	.LBE4:
 106              		.loc 1 132 0
 107 006e 40F08050 		orr	r0, r0, #268435456
 108 0072 1864     		str	r0, [r3, #64]
 109              	.LBB7:
 110              	.LBB6:
 111              		.loc 1 54 0
 112 0074 0868     		ldr	r0, [r1, #0]
 113 0076 40F48070 		orr	r0, r0, #256
 114 007a 0860     		str	r0, [r1, #0]
ARM GAS  C:\Users\DNIEL~1\AppData\Local\Temp\ccbkccba.s 			page 3


 115              		.loc 1 57 0
 116 007c 196F     		ldr	r1, [r3, #112]
 117 007e 01F44070 		and	r0, r1, #768
 118 0082 B0F5807F 		cmp	r0, #256
 119 0086 03D0     		beq	.L2
 120              		.loc 1 59 0
 121 0088 4FF48031 		mov	r1, #65536
 122 008c 1967     		str	r1, [r3, #112]
 123              		.loc 1 60 0
 124 008e 1A67     		str	r2, [r3, #112]
 125              	.L2:
 126              		.loc 1 69 0
 127 0090 4FF46053 		mov	r3, #14336
 128 0094 C4F20203 		movt	r3, 16386
 129              		.loc 1 71 0
 130 0098 1946     		mov	r1, r3
 131              		.loc 1 69 0
 132 009a 1A6F     		ldr	r2, [r3, #112]
 133 009c 42F00100 		orr	r0, r2, #1
 134 00a0 1867     		str	r0, [r3, #112]
 135              	.L3:
 136              		.loc 1 71 0
 137 00a2 0A6F     		ldr	r2, [r1, #112]
 138 00a4 4FF46053 		mov	r3, #14336
 139 00a8 9007     		lsls	r0, r2, #30
 140 00aa C4F20203 		movt	r3, 16386
 141 00ae F8D5     		bpl	.L3
 142              		.loc 1 78 0
 143 00b0 196F     		ldr	r1, [r3, #112]
 144 00b2 0A04     		lsls	r2, r1, #16
 145 00b4 07D4     		bmi	.L4
 146              		.loc 1 80 0
 147 00b6 186F     		ldr	r0, [r3, #112]
 148 00b8 40F48072 		orr	r2, r0, #256
 149 00bc 1A67     		str	r2, [r3, #112]
 150              		.loc 1 83 0
 151 00be 196F     		ldr	r1, [r3, #112]
 152 00c0 41F40040 		orr	r0, r1, #32768
 153 00c4 1867     		str	r0, [r3, #112]
 154              	.L4:
 155              		.loc 1 94 0
 156 00c6 4FF4E043 		mov	r3, #28672
 157 00ca C4F20003 		movt	r3, 16384
 158 00ce 5A68     		ldr	r2, [r3, #4]
 159 00d0 22F40071 		bic	r1, r2, #512
 160 00d4 5960     		str	r1, [r3, #4]
 161              	.LBE6:
 162              	.LBE7:
 163              		.loc 1 145 0
 164 00d6 70BC     		pop	{r4, r5, r6}
 165              		.loc 1 138 0
 166 00d8 FFF7FEBF 		b	dmaInit
 167              	.LVL0:
 168              		.cfi_endproc
 169              	.LFE119:
 170              		.size	hal_lld_init, .-hal_lld_init
 171 00dc AFF30080 		.section	.text.stm32_clock_init,"ax",%progbits
ARM GAS  C:\Users\DNIEL~1\AppData\Local\Temp\ccbkccba.s 			page 4


 172              		.align	2
 173              		.p2align 4,,15
 174              		.global	stm32_clock_init
 175              		.thumb
 176              		.thumb_func
 177              		.type	stm32_clock_init, %function
 178              	stm32_clock_init:
 179              	.LFB120:
 180              		.loc 1 154 0
 181              		.cfi_startproc
 182              		@ args = 0, pretend = 0, frame = 0
 183              		@ frame_needed = 0, uses_anonymous_args = 0
 184              		@ link register save eliminated.
 185              		.loc 1 158 0
 186 0000 4FF46051 		mov	r1, #14336
 187              		.loc 1 162 0
 188 0004 4FF4E043 		mov	r3, #28672
 189              		.loc 1 158 0
 190 0008 C4F20201 		movt	r1, 16386
 191              		.loc 1 162 0
 192 000c C4F20003 		movt	r3, 16384
 193              		.loc 1 158 0
 194 0010 4FF08052 		mov	r2, #268435456
 195              		.loc 1 162 0
 196 0014 4FF44040 		mov	r0, #49152
 197              		.loc 1 158 0
 198 0018 0A64     		str	r2, [r1, #64]
 199              		.loc 1 162 0
 200 001a 1860     		str	r0, [r3, #0]
 201              		.loc 1 169 0
 202 001c 0B68     		ldr	r3, [r1, #0]
 203 001e 43F00102 		orr	r2, r3, #1
 204 0022 0A60     		str	r2, [r1, #0]
 205              	.L14:
 206              		.loc 1 170 0 discriminator 1
 207 0024 0868     		ldr	r0, [r1, #0]
 208 0026 4FF46053 		mov	r3, #14336
 209 002a 8007     		lsls	r0, r0, #30
 210 002c C4F20203 		movt	r3, 16386
 211 0030 F8D5     		bpl	.L14
 212              		.loc 1 176 0
 213 0032 9968     		ldr	r1, [r3, #8]
 214 0034 21F00302 		bic	r2, r1, #3
 215 0038 9A60     		str	r2, [r3, #8]
 216              		.loc 1 177 0
 217 003a 9868     		ldr	r0, [r3, #8]
 218              		.loc 1 178 0
 219 003c 1946     		mov	r1, r3
 220              		.loc 1 177 0
 221 003e 9860     		str	r0, [r3, #8]
 222              	.L15:
 223              		.loc 1 178 0 discriminator 1
 224 0040 8B68     		ldr	r3, [r1, #8]
 225 0042 4FF46052 		mov	r2, #14336
 226 0046 13F00C00 		ands	r0, r3, #12
 227 004a C4F20202 		movt	r2, 16386
 228 004e F7D1     		bne	.L15
ARM GAS  C:\Users\DNIEL~1\AppData\Local\Temp\ccbkccba.s 			page 5


 229              		.loc 1 182 0
 230 0050 1168     		ldr	r1, [r2, #0]
 231 0052 01F0F903 		and	r3, r1, #249
 232 0056 1360     		str	r3, [r2, #0]
 233              		.loc 1 183 0
 234 0058 9060     		str	r0, [r2, #8]
 235              		.loc 1 192 0
 236 005a 1068     		ldr	r0, [r2, #0]
 237 005c 40F48031 		orr	r1, r0, #65536
 238 0060 1160     		str	r1, [r2, #0]
 239              	.L16:
 240              		.loc 1 194 0 discriminator 1
 241 0062 1068     		ldr	r0, [r2, #0]
 242 0064 4FF46053 		mov	r3, #14336
 243 0068 8103     		lsls	r1, r0, #14
 244 006a C4F20203 		movt	r3, 16386
 245 006e F8D5     		bpl	.L16
 246              		.loc 1 200 0
 247 0070 5A6F     		ldr	r2, [r3, #116]
 248 0072 42F00101 		orr	r1, r2, #1
 249 0076 5967     		str	r1, [r3, #116]
 250              		.loc 1 201 0
 251 0078 1946     		mov	r1, r3
 252              	.L17:
 253              		.loc 1 201 0 is_stmt 0 discriminator 1
 254 007a 486F     		ldr	r0, [r1, #116]
 255 007c 4FF46053 		mov	r3, #14336
 256 0080 8007     		lsls	r0, r0, #30
 257 0082 C4F20203 		movt	r3, 16386
 258 0086 F8D5     		bpl	.L17
 259              		.loc 1 207 0 is_stmt 1
 260 0088 45F21942 		movw	r2, #21529
 261 008c C0F24072 		movt	r2, 1856
 262 0090 5A60     		str	r2, [r3, #4]
 263              		.loc 1 209 0
 264 0092 1968     		ldr	r1, [r3, #0]
 265              		.loc 1 213 0
 266 0094 4FF4E040 		mov	r0, #28672
 267              		.loc 1 209 0
 268 0098 41F08072 		orr	r2, r1, #16777216
 269 009c 1A60     		str	r2, [r3, #0]
 270              		.loc 1 213 0
 271 009e C4F20000 		movt	r0, 16384
 272              	.L18:
 273              		.loc 1 213 0 is_stmt 0 discriminator 1
 274 00a2 4368     		ldr	r3, [r0, #4]
 275 00a4 5904     		lsls	r1, r3, #17
 276 00a6 FCD5     		bpl	.L18
 277              		.loc 1 229 0 is_stmt 1
 278 00a8 4FF46051 		mov	r1, #14336
 279 00ac C4F20201 		movt	r1, 16386
 280              	.L31:
 281 00b0 0868     		ldr	r0, [r1, #0]
 282 00b2 4FF46053 		mov	r3, #14336
 283 00b6 8201     		lsls	r2, r0, #6
 284 00b8 C4F20203 		movt	r3, 16386
 285 00bc F8D5     		bpl	.L31
ARM GAS  C:\Users\DNIEL~1\AppData\Local\Temp\ccbkccba.s 			page 6


 286              		.loc 1 257 0
 287 00be 4FF47052 		mov	r2, #15360
 288 00c2 C4F20202 		movt	r2, 16386
 289              		.loc 1 244 0
 290 00c6 4FF41441 		mov	r1, #37888
 291 00ca C3F60801 		movt	r1, 14344
 292              		.loc 1 257 0
 293 00ce 40F20570 		movw	r0, #1797
 294              		.loc 1 244 0
 295 00d2 9960     		str	r1, [r3, #8]
 296              		.loc 1 257 0
 297 00d4 1060     		str	r0, [r2, #0]
 298              		.loc 1 263 0
 299 00d6 9A68     		ldr	r2, [r3, #8]
 300 00d8 42F00201 		orr	r1, r2, #2
 301 00dc 9960     		str	r1, [r3, #8]
 302              		.loc 1 264 0
 303 00de 1846     		mov	r0, r3
 304              	.L20:
 305              		.loc 1 264 0 is_stmt 0 discriminator 1
 306 00e0 8268     		ldr	r2, [r0, #8]
 307 00e2 02F00C01 		and	r1, r2, #12
 308 00e6 4FF46053 		mov	r3, #14336
 309 00ea 0829     		cmp	r1, #8
 310 00ec C4F20203 		movt	r3, 16386
 311 00f0 F6D1     		bne	.L20
 312              		.loc 1 271 0 is_stmt 1
 313 00f2 586C     		ldr	r0, [r3, #68]
 314 00f4 40F48042 		orr	r2, r0, #16384
 315 00f8 5A64     		str	r2, [r3, #68]
 316 00fa 596E     		ldr	r1, [r3, #100]
 317 00fc 41F48040 		orr	r0, r1, #16384
 318 0100 5866     		str	r0, [r3, #100]
 319 0102 7047     		bx	lr
 320              		.cfi_endproc
 321              	.LFE120:
 322              		.size	stm32_clock_init, .-stm32_clock_init
 323 0104 AFF30080 		.text
 323      AFF30080 
 323      AFF30080 
 324              	.Letext0:
 325              		.file 2 "c:\\chibistudio\\tools\\gnu tools arm embedded\\4.7 2014q2\\bin\\../lib/gcc/arm-none-eabi
 326              		.file 3 "../../../ChibiOS/os/ports/common/ARMCMx/nvic.h"
 327              		.file 4 "../../../ChibiOS/os/ports/common/ARMCMx/CMSIS/include/core_cm4.h"
 328              		.file 5 "../../../ChibiOS/os/hal/platforms/STM32F4xx/stm32f4xx.h"
 329              		.file 6 "../../../ChibiOS/os/hal/platforms/STM32F4xx/stm32_dma.h"
 330              		.section	.debug_info,"",%progbits
 331              	.Ldebug_info0:
 332 0000 01050000 		.4byte	0x501
 333 0004 0200     		.2byte	0x2
 334 0006 00000000 		.4byte	.Ldebug_abbrev0
 335 000a 04       		.byte	0x4
 336 000b 01       		.uleb128 0x1
 337 000c 13010000 		.4byte	.LASF68
 338 0010 01       		.byte	0x1
 339 0011 55020000 		.4byte	.LASF69
 340 0015 0A000000 		.4byte	.LASF70
ARM GAS  C:\Users\DNIEL~1\AppData\Local\Temp\ccbkccba.s 			page 7


 341 0019 18000000 		.4byte	.Ldebug_ranges0+0x18
 342 001d 00000000 		.4byte	0
 343 0021 00000000 		.4byte	0
 344 0025 00000000 		.4byte	.Ldebug_line0
 345 0029 02       		.uleb128 0x2
 346 002a 04       		.byte	0x4
 347 002b 05       		.byte	0x5
 348 002c 696E7400 		.ascii	"int\000"
 349 0030 03       		.uleb128 0x3
 350 0031 04       		.byte	0x4
 351 0032 07       		.byte	0x7
 352 0033 EE010000 		.4byte	.LASF0
 353 0037 03       		.uleb128 0x3
 354 0038 01       		.byte	0x1
 355 0039 06       		.byte	0x6
 356 003a C2010000 		.4byte	.LASF1
 357 003e 03       		.uleb128 0x3
 358 003f 01       		.byte	0x1
 359 0040 08       		.byte	0x8
 360 0041 AC010000 		.4byte	.LASF2
 361 0045 03       		.uleb128 0x3
 362 0046 02       		.byte	0x2
 363 0047 05       		.byte	0x5
 364 0048 4C000000 		.4byte	.LASF3
 365 004c 03       		.uleb128 0x3
 366 004d 02       		.byte	0x2
 367 004e 07       		.byte	0x7
 368 004f 38020000 		.4byte	.LASF4
 369 0053 04       		.uleb128 0x4
 370 0054 98020000 		.4byte	.LASF6
 371 0058 02       		.byte	0x2
 372 0059 4F       		.byte	0x4f
 373 005a 5E000000 		.4byte	0x5e
 374 005e 03       		.uleb128 0x3
 375 005f 04       		.byte	0x4
 376 0060 05       		.byte	0x5
 377 0061 62010000 		.4byte	.LASF5
 378 0065 04       		.uleb128 0x4
 379 0066 E5010000 		.4byte	.LASF7
 380 006a 02       		.byte	0x2
 381 006b 50       		.byte	0x50
 382 006c 70000000 		.4byte	0x70
 383 0070 03       		.uleb128 0x3
 384 0071 04       		.byte	0x4
 385 0072 07       		.byte	0x7
 386 0073 04020000 		.4byte	.LASF8
 387 0077 03       		.uleb128 0x3
 388 0078 08       		.byte	0x8
 389 0079 05       		.byte	0x5
 390 007a F8000000 		.4byte	.LASF9
 391 007e 03       		.uleb128 0x3
 392 007f 08       		.byte	0x8
 393 0080 07       		.byte	0x7
 394 0081 CE010000 		.4byte	.LASF10
 395 0085 03       		.uleb128 0x3
 396 0086 01       		.byte	0x1
 397 0087 02       		.byte	0x2
ARM GAS  C:\Users\DNIEL~1\AppData\Local\Temp\ccbkccba.s 			page 8


 398 0088 A0020000 		.4byte	.LASF11
 399 008c 04       		.uleb128 0x4
 400 008d E8000000 		.4byte	.LASF12
 401 0091 03       		.byte	0x3
 402 0092 3A       		.byte	0x3a
 403 0093 97000000 		.4byte	0x97
 404 0097 05       		.uleb128 0x5
 405 0098 65000000 		.4byte	0x65
 406 009c 03       		.uleb128 0x3
 407 009d 04       		.byte	0x4
 408 009e 07       		.byte	0x7
 409 009f 56000000 		.4byte	.LASF13
 410 00a3 06       		.uleb128 0x6
 411 00a4 10       		.byte	0x10
 412 00a5 03       		.byte	0x3
 413 00a6 F1       		.byte	0xf1
 414 00a7 E4000000 		.4byte	0xe4
 415 00ab 07       		.uleb128 0x7
 416 00ac 5C010000 		.4byte	.LASF14
 417 00b0 03       		.byte	0x3
 418 00b1 F2       		.byte	0xf2
 419 00b2 8C000000 		.4byte	0x8c
 420 00b6 02       		.byte	0x2
 421 00b7 23       		.byte	0x23
 422 00b8 00       		.uleb128 0
 423 00b9 07       		.uleb128 0x7
 424 00ba B9000000 		.4byte	.LASF15
 425 00be 03       		.byte	0x3
 426 00bf F3       		.byte	0xf3
 427 00c0 8C000000 		.4byte	0x8c
 428 00c4 02       		.byte	0x2
 429 00c5 23       		.byte	0x23
 430 00c6 04       		.uleb128 0x4
 431 00c7 07       		.uleb128 0x7
 432 00c8 DA000000 		.4byte	.LASF16
 433 00cc 03       		.byte	0x3
 434 00cd F4       		.byte	0xf4
 435 00ce 8C000000 		.4byte	0x8c
 436 00d2 02       		.byte	0x2
 437 00d3 23       		.byte	0x23
 438 00d4 08       		.uleb128 0x8
 439 00d5 07       		.uleb128 0x7
 440 00d6 46000000 		.4byte	.LASF17
 441 00da 03       		.byte	0x3
 442 00db F5       		.byte	0xf5
 443 00dc 8C000000 		.4byte	0x8c
 444 00e0 02       		.byte	0x2
 445 00e1 23       		.byte	0x23
 446 00e2 0C       		.uleb128 0xc
 447 00e3 00       		.byte	0
 448 00e4 04       		.uleb128 0x4
 449 00e5 90020000 		.4byte	.LASF18
 450 00e9 03       		.byte	0x3
 451 00ea F6       		.byte	0xf6
 452 00eb A3000000 		.4byte	0xa3
 453 00ef 08       		.uleb128 0x8
 454 00f0 20       		.byte	0x20
ARM GAS  C:\Users\DNIEL~1\AppData\Local\Temp\ccbkccba.s 			page 9


 455 00f1 03       		.byte	0x3
 456 00f2 0601     		.2byte	0x106
 457 00f4 71010000 		.4byte	0x171
 458 00f8 09       		.uleb128 0x9
 459 00f9 96000000 		.4byte	.LASF19
 460 00fd 03       		.byte	0x3
 461 00fe 0701     		.2byte	0x107
 462 0100 8C000000 		.4byte	0x8c
 463 0104 02       		.byte	0x2
 464 0105 23       		.byte	0x23
 465 0106 00       		.uleb128 0
 466 0107 09       		.uleb128 0x9
 467 0108 06010000 		.4byte	.LASF20
 468 010c 03       		.byte	0x3
 469 010d 0801     		.2byte	0x108
 470 010f 8C000000 		.4byte	0x8c
 471 0113 02       		.byte	0x2
 472 0114 23       		.byte	0x23
 473 0115 04       		.uleb128 0x4
 474 0116 09       		.uleb128 0x9
 475 0117 AA000000 		.4byte	.LASF21
 476 011b 03       		.byte	0x3
 477 011c 0901     		.2byte	0x109
 478 011e 8C000000 		.4byte	0x8c
 479 0122 02       		.byte	0x2
 480 0123 23       		.byte	0x23
 481 0124 08       		.uleb128 0x8
 482 0125 09       		.uleb128 0x9
 483 0126 A5010000 		.4byte	.LASF22
 484 012a 03       		.byte	0x3
 485 012b 0A01     		.2byte	0x10a
 486 012d 8C000000 		.4byte	0x8c
 487 0131 02       		.byte	0x2
 488 0132 23       		.byte	0x23
 489 0133 0C       		.uleb128 0xc
 490 0134 09       		.uleb128 0x9
 491 0135 FE020000 		.4byte	.LASF23
 492 0139 03       		.byte	0x3
 493 013a 0B01     		.2byte	0x10b
 494 013c 8C000000 		.4byte	0x8c
 495 0140 02       		.byte	0x2
 496 0141 23       		.byte	0x23
 497 0142 10       		.uleb128 0x10
 498 0143 09       		.uleb128 0x9
 499 0144 07030000 		.4byte	.LASF24
 500 0148 03       		.byte	0x3
 501 0149 0C01     		.2byte	0x10c
 502 014b 8C000000 		.4byte	0x8c
 503 014f 02       		.byte	0x2
 504 0150 23       		.byte	0x23
 505 0151 14       		.uleb128 0x14
 506 0152 09       		.uleb128 0x9
 507 0153 69000000 		.4byte	.LASF25
 508 0157 03       		.byte	0x3
 509 0158 0D01     		.2byte	0x10d
 510 015a 8C000000 		.4byte	0x8c
 511 015e 02       		.byte	0x2
ARM GAS  C:\Users\DNIEL~1\AppData\Local\Temp\ccbkccba.s 			page 10


 512 015f 23       		.byte	0x23
 513 0160 18       		.uleb128 0x18
 514 0161 09       		.uleb128 0x9
 515 0162 64000000 		.4byte	.LASF26
 516 0166 03       		.byte	0x3
 517 0167 0E01     		.2byte	0x10e
 518 0169 8C000000 		.4byte	0x8c
 519 016d 02       		.byte	0x2
 520 016e 23       		.byte	0x23
 521 016f 1C       		.uleb128 0x1c
 522 0170 00       		.byte	0
 523 0171 0A       		.uleb128 0xa
 524 0172 88000000 		.4byte	.LASF27
 525 0176 03       		.byte	0x3
 526 0177 0F01     		.2byte	0x10f
 527 0179 EF000000 		.4byte	0xef
 528 017d 03       		.uleb128 0x3
 529 017e 01       		.byte	0x1
 530 017f 08       		.byte	0x8
 531 0180 8B020000 		.4byte	.LASF28
 532 0184 0B       		.uleb128 0xb
 533 0185 97000000 		.4byte	0x97
 534 0189 0C       		.uleb128 0xc
 535 018a 65000000 		.4byte	0x65
 536 018e 99010000 		.4byte	0x199
 537 0192 0D       		.uleb128 0xd
 538 0193 9C000000 		.4byte	0x9c
 539 0197 01       		.byte	0x1
 540 0198 00       		.byte	0
 541 0199 08       		.uleb128 0x8
 542 019a 10       		.byte	0x10
 543 019b 04       		.byte	0x4
 544 019c 6002     		.2byte	0x260
 545 019e DF010000 		.4byte	0x1df
 546 01a2 09       		.uleb128 0x9
 547 01a3 96000000 		.4byte	.LASF19
 548 01a7 04       		.byte	0x4
 549 01a8 6202     		.2byte	0x262
 550 01aa 97000000 		.4byte	0x97
 551 01ae 02       		.byte	0x2
 552 01af 23       		.byte	0x23
 553 01b0 00       		.uleb128 0
 554 01b1 09       		.uleb128 0x9
 555 01b2 0E030000 		.4byte	.LASF29
 556 01b6 04       		.byte	0x4
 557 01b7 6302     		.2byte	0x263
 558 01b9 97000000 		.4byte	0x97
 559 01bd 02       		.byte	0x2
 560 01be 23       		.byte	0x23
 561 01bf 04       		.uleb128 0x4
 562 01c0 0E       		.uleb128 0xe
 563 01c1 56414C00 		.ascii	"VAL\000"
 564 01c5 04       		.byte	0x4
 565 01c6 6402     		.2byte	0x264
 566 01c8 97000000 		.4byte	0x97
 567 01cc 02       		.byte	0x2
 568 01cd 23       		.byte	0x23
ARM GAS  C:\Users\DNIEL~1\AppData\Local\Temp\ccbkccba.s 			page 11


 569 01ce 08       		.uleb128 0x8
 570 01cf 09       		.uleb128 0x9
 571 01d0 0D010000 		.4byte	.LASF30
 572 01d4 04       		.byte	0x4
 573 01d5 6502     		.2byte	0x265
 574 01d7 84010000 		.4byte	0x184
 575 01db 02       		.byte	0x2
 576 01dc 23       		.byte	0x23
 577 01dd 0C       		.uleb128 0xc
 578 01de 00       		.byte	0
 579 01df 0A       		.uleb128 0xa
 580 01e0 2B020000 		.4byte	.LASF31
 581 01e4 04       		.byte	0x4
 582 01e5 6602     		.2byte	0x266
 583 01e7 99010000 		.4byte	0x199
 584 01eb 05       		.uleb128 0x5
 585 01ec 53000000 		.4byte	0x53
 586 01f0 08       		.uleb128 0x8
 587 01f1 1C       		.byte	0x1c
 588 01f2 05       		.byte	0x5
 589 01f3 3E03     		.2byte	0x33e
 590 01f5 61020000 		.4byte	0x261
 591 01f9 0E       		.uleb128 0xe
 592 01fa 41435200 		.ascii	"ACR\000"
 593 01fe 05       		.byte	0x5
 594 01ff 4003     		.2byte	0x340
 595 0201 97000000 		.4byte	0x97
 596 0205 02       		.byte	0x2
 597 0206 23       		.byte	0x23
 598 0207 00       		.uleb128 0
 599 0208 09       		.uleb128 0x9
 600 0209 A0010000 		.4byte	.LASF32
 601 020d 05       		.byte	0x5
 602 020e 4103     		.2byte	0x341
 603 0210 97000000 		.4byte	0x97
 604 0214 02       		.byte	0x2
 605 0215 23       		.byte	0x23
 606 0216 04       		.uleb128 0x4
 607 0217 09       		.uleb128 0x9
 608 0218 F0000000 		.4byte	.LASF33
 609 021c 05       		.byte	0x5
 610 021d 4203     		.2byte	0x342
 611 021f 97000000 		.4byte	0x97
 612 0223 02       		.byte	0x2
 613 0224 23       		.byte	0x23
 614 0225 08       		.uleb128 0x8
 615 0226 0E       		.uleb128 0xe
 616 0227 535200   		.ascii	"SR\000"
 617 022a 05       		.byte	0x5
 618 022b 4303     		.2byte	0x343
 619 022d 97000000 		.4byte	0x97
 620 0231 02       		.byte	0x2
 621 0232 23       		.byte	0x23
 622 0233 0C       		.uleb128 0xc
 623 0234 0E       		.uleb128 0xe
 624 0235 435200   		.ascii	"CR\000"
 625 0238 05       		.byte	0x5
ARM GAS  C:\Users\DNIEL~1\AppData\Local\Temp\ccbkccba.s 			page 12


 626 0239 4403     		.2byte	0x344
 627 023b 97000000 		.4byte	0x97
 628 023f 02       		.byte	0x2
 629 0240 23       		.byte	0x23
 630 0241 10       		.uleb128 0x10
 631 0242 09       		.uleb128 0x9
 632 0243 5D030000 		.4byte	.LASF34
 633 0247 05       		.byte	0x5
 634 0248 4503     		.2byte	0x345
 635 024a 97000000 		.4byte	0x97
 636 024e 02       		.byte	0x2
 637 024f 23       		.byte	0x23
 638 0250 14       		.uleb128 0x14
 639 0251 09       		.uleb128 0x9
 640 0252 91010000 		.4byte	.LASF35
 641 0256 05       		.byte	0x5
 642 0257 4603     		.2byte	0x346
 643 0259 97000000 		.4byte	0x97
 644 025d 02       		.byte	0x2
 645 025e 23       		.byte	0x23
 646 025f 18       		.uleb128 0x18
 647 0260 00       		.byte	0
 648 0261 0A       		.uleb128 0xa
 649 0262 2D030000 		.4byte	.LASF36
 650 0266 05       		.byte	0x5
 651 0267 4703     		.2byte	0x347
 652 0269 F0010000 		.4byte	0x1f0
 653 026d 08       		.uleb128 0x8
 654 026e 08       		.byte	0x8
 655 026f 05       		.byte	0x5
 656 0270 4E04     		.2byte	0x44e
 657 0272 94020000 		.4byte	0x294
 658 0276 0E       		.uleb128 0xe
 659 0277 435200   		.ascii	"CR\000"
 660 027a 05       		.byte	0x5
 661 027b 5004     		.2byte	0x450
 662 027d 97000000 		.4byte	0x97
 663 0281 02       		.byte	0x2
 664 0282 23       		.byte	0x23
 665 0283 00       		.uleb128 0
 666 0284 0E       		.uleb128 0xe
 667 0285 43535200 		.ascii	"CSR\000"
 668 0289 05       		.byte	0x5
 669 028a 5104     		.2byte	0x451
 670 028c 97000000 		.4byte	0x97
 671 0290 02       		.byte	0x2
 672 0291 23       		.byte	0x23
 673 0292 04       		.uleb128 0x4
 674 0293 00       		.byte	0
 675 0294 0A       		.uleb128 0xa
 676 0295 7C000000 		.4byte	.LASF37
 677 0299 05       		.byte	0x5
 678 029a 5204     		.2byte	0x452
 679 029c 6D020000 		.4byte	0x26d
 680 02a0 08       		.uleb128 0x8
 681 02a1 90       		.byte	0x90
 682 02a2 05       		.byte	0x5
ARM GAS  C:\Users\DNIEL~1\AppData\Local\Temp\ccbkccba.s 			page 13


 683 02a3 5804     		.2byte	0x458
 684 02a5 8D040000 		.4byte	0x48d
 685 02a9 0E       		.uleb128 0xe
 686 02aa 435200   		.ascii	"CR\000"
 687 02ad 05       		.byte	0x5
 688 02ae 5A04     		.2byte	0x45a
 689 02b0 97000000 		.4byte	0x97
 690 02b4 02       		.byte	0x2
 691 02b5 23       		.byte	0x23
 692 02b6 00       		.uleb128 0
 693 02b7 09       		.uleb128 0x9
 694 02b8 23020000 		.4byte	.LASF38
 695 02bc 05       		.byte	0x5
 696 02bd 5B04     		.2byte	0x45b
 697 02bf 97000000 		.4byte	0x97
 698 02c3 02       		.byte	0x2
 699 02c4 23       		.byte	0x23
 700 02c5 04       		.uleb128 0x4
 701 02c6 09       		.uleb128 0x9
 702 02c7 A5000000 		.4byte	.LASF39
 703 02cb 05       		.byte	0x5
 704 02cc 5C04     		.2byte	0x45c
 705 02ce 97000000 		.4byte	0x97
 706 02d2 02       		.byte	0x2
 707 02d3 23       		.byte	0x23
 708 02d4 08       		.uleb128 0x8
 709 02d5 0E       		.uleb128 0xe
 710 02d6 43495200 		.ascii	"CIR\000"
 711 02da 05       		.byte	0x5
 712 02db 5D04     		.2byte	0x45d
 713 02dd 97000000 		.4byte	0x97
 714 02e1 02       		.byte	0x2
 715 02e2 23       		.byte	0x23
 716 02e3 0C       		.uleb128 0xc
 717 02e4 09       		.uleb128 0x9
 718 02e5 13030000 		.4byte	.LASF40
 719 02e9 05       		.byte	0x5
 720 02ea 5E04     		.2byte	0x45e
 721 02ec 97000000 		.4byte	0x97
 722 02f0 02       		.byte	0x2
 723 02f1 23       		.byte	0x23
 724 02f2 10       		.uleb128 0x10
 725 02f3 09       		.uleb128 0x9
 726 02f4 FB010000 		.4byte	.LASF41
 727 02f8 05       		.byte	0x5
 728 02f9 5F04     		.2byte	0x45f
 729 02fb 97000000 		.4byte	0x97
 730 02ff 02       		.byte	0x2
 731 0300 23       		.byte	0x23
 732 0301 14       		.uleb128 0x14
 733 0302 09       		.uleb128 0x9
 734 0303 24030000 		.4byte	.LASF42
 735 0307 05       		.byte	0x5
 736 0308 6004     		.2byte	0x460
 737 030a 97000000 		.4byte	0x97
 738 030e 02       		.byte	0x2
 739 030f 23       		.byte	0x23
ARM GAS  C:\Users\DNIEL~1\AppData\Local\Temp\ccbkccba.s 			page 14


 740 0310 18       		.uleb128 0x18
 741 0311 09       		.uleb128 0x9
 742 0312 B8020000 		.4byte	.LASF43
 743 0316 05       		.byte	0x5
 744 0317 6104     		.2byte	0x461
 745 0319 65000000 		.4byte	0x65
 746 031d 02       		.byte	0x2
 747 031e 23       		.byte	0x23
 748 031f 1C       		.uleb128 0x1c
 749 0320 09       		.uleb128 0x9
 750 0321 35000000 		.4byte	.LASF44
 751 0325 05       		.byte	0x5
 752 0326 6204     		.2byte	0x462
 753 0328 97000000 		.4byte	0x97
 754 032c 02       		.byte	0x2
 755 032d 23       		.byte	0x23
 756 032e 20       		.uleb128 0x20
 757 032f 09       		.uleb128 0x9
 758 0330 77010000 		.4byte	.LASF45
 759 0334 05       		.byte	0x5
 760 0335 6304     		.2byte	0x463
 761 0337 97000000 		.4byte	0x97
 762 033b 02       		.byte	0x2
 763 033c 23       		.byte	0x23
 764 033d 24       		.uleb128 0x24
 765 033e 09       		.uleb128 0x9
 766 033f C2020000 		.4byte	.LASF46
 767 0343 05       		.byte	0x5
 768 0344 6404     		.2byte	0x464
 769 0346 89010000 		.4byte	0x189
 770 034a 02       		.byte	0x2
 771 034b 23       		.byte	0x23
 772 034c 28       		.uleb128 0x28
 773 034d 09       		.uleb128 0x9
 774 034e 1C030000 		.4byte	.LASF47
 775 0352 05       		.byte	0x5
 776 0353 6504     		.2byte	0x465
 777 0355 97000000 		.4byte	0x97
 778 0359 02       		.byte	0x2
 779 035a 23       		.byte	0x23
 780 035b 30       		.uleb128 0x30
 781 035c 09       		.uleb128 0x9
 782 035d 3E000000 		.4byte	.LASF48
 783 0361 05       		.byte	0x5
 784 0362 6604     		.2byte	0x466
 785 0364 97000000 		.4byte	0x97
 786 0368 02       		.byte	0x2
 787 0369 23       		.byte	0x23
 788 036a 34       		.uleb128 0x34
 789 036b 09       		.uleb128 0x9
 790 036c 98010000 		.4byte	.LASF49
 791 0370 05       		.byte	0x5
 792 0371 6704     		.2byte	0x467
 793 0373 97000000 		.4byte	0x97
 794 0377 02       		.byte	0x2
 795 0378 23       		.byte	0x23
 796 0379 38       		.uleb128 0x38
ARM GAS  C:\Users\DNIEL~1\AppData\Local\Temp\ccbkccba.s 			page 15


 797 037a 09       		.uleb128 0x9
 798 037b CC020000 		.4byte	.LASF50
 799 037f 05       		.byte	0x5
 800 0380 6804     		.2byte	0x468
 801 0382 65000000 		.4byte	0x65
 802 0386 02       		.byte	0x2
 803 0387 23       		.byte	0x23
 804 0388 3C       		.uleb128 0x3c
 805 0389 09       		.uleb128 0x9
 806 038a B1000000 		.4byte	.LASF51
 807 038e 05       		.byte	0x5
 808 038f 6904     		.2byte	0x469
 809 0391 97000000 		.4byte	0x97
 810 0395 02       		.byte	0x2
 811 0396 23       		.byte	0x23
 812 0397 40       		.uleb128 0x40
 813 0398 09       		.uleb128 0x9
 814 0399 BA010000 		.4byte	.LASF52
 815 039d 05       		.byte	0x5
 816 039e 6A04     		.2byte	0x46a
 817 03a0 97000000 		.4byte	0x97
 818 03a4 02       		.byte	0x2
 819 03a5 23       		.byte	0x23
 820 03a6 44       		.uleb128 0x44
 821 03a7 09       		.uleb128 0x9
 822 03a8 D6020000 		.4byte	.LASF53
 823 03ac 05       		.byte	0x5
 824 03ad 6B04     		.2byte	0x46b
 825 03af 89010000 		.4byte	0x189
 826 03b3 02       		.byte	0x2
 827 03b4 23       		.byte	0x23
 828 03b5 48       		.uleb128 0x48
 829 03b6 09       		.uleb128 0x9
 830 03b7 00000000 		.4byte	.LASF54
 831 03bb 05       		.byte	0x5
 832 03bc 6C04     		.2byte	0x46c
 833 03be 97000000 		.4byte	0x97
 834 03c2 02       		.byte	0x2
 835 03c3 23       		.byte	0x23
 836 03c4 50       		.uleb128 0x50
 837 03c5 09       		.uleb128 0x9
 838 03c6 A6020000 		.4byte	.LASF55
 839 03ca 05       		.byte	0x5
 840 03cb 6D04     		.2byte	0x46d
 841 03cd 97000000 		.4byte	0x97
 842 03d1 02       		.byte	0x2
 843 03d2 23       		.byte	0x23
 844 03d3 54       		.uleb128 0x54
 845 03d4 09       		.uleb128 0x9
 846 03d5 9B000000 		.4byte	.LASF56
 847 03d9 05       		.byte	0x5
 848 03da 6E04     		.2byte	0x46e
 849 03dc 97000000 		.4byte	0x97
 850 03e0 02       		.byte	0x2
 851 03e1 23       		.byte	0x23
 852 03e2 58       		.uleb128 0x58
 853 03e3 09       		.uleb128 0x9
ARM GAS  C:\Users\DNIEL~1\AppData\Local\Temp\ccbkccba.s 			page 16


 854 03e4 E0020000 		.4byte	.LASF57
 855 03e8 05       		.byte	0x5
 856 03e9 6F04     		.2byte	0x46f
 857 03eb 65000000 		.4byte	0x65
 858 03ef 02       		.byte	0x2
 859 03f0 23       		.byte	0x23
 860 03f1 5C       		.uleb128 0x5c
 861 03f2 09       		.uleb128 0x9
 862 03f3 4B020000 		.4byte	.LASF58
 863 03f7 05       		.byte	0x5
 864 03f8 7004     		.2byte	0x470
 865 03fa 97000000 		.4byte	0x97
 866 03fe 02       		.byte	0x2
 867 03ff 23       		.byte	0x23
 868 0400 60       		.uleb128 0x60
 869 0401 09       		.uleb128 0x9
 870 0402 53030000 		.4byte	.LASF59
 871 0406 05       		.byte	0x5
 872 0407 7104     		.2byte	0x471
 873 0409 97000000 		.4byte	0x97
 874 040d 02       		.byte	0x2
 875 040e 23       		.byte	0x23
 876 040f 64       		.uleb128 0x64
 877 0410 09       		.uleb128 0x9
 878 0411 EA020000 		.4byte	.LASF60
 879 0415 05       		.byte	0x5
 880 0416 7204     		.2byte	0x472
 881 0418 89010000 		.4byte	0x189
 882 041c 02       		.byte	0x2
 883 041d 23       		.byte	0x23
 884 041e 68       		.uleb128 0x68
 885 041f 09       		.uleb128 0x9
 886 0420 5F000000 		.4byte	.LASF61
 887 0424 05       		.byte	0x5
 888 0425 7304     		.2byte	0x473
 889 0427 97000000 		.4byte	0x97
 890 042b 02       		.byte	0x2
 891 042c 23       		.byte	0x23
 892 042d 70       		.uleb128 0x70
 893 042e 0E       		.uleb128 0xe
 894 042f 43535200 		.ascii	"CSR\000"
 895 0433 05       		.byte	0x5
 896 0434 7404     		.2byte	0x474
 897 0436 97000000 		.4byte	0x97
 898 043a 02       		.byte	0x2
 899 043b 23       		.byte	0x23
 900 043c 74       		.uleb128 0x74
 901 043d 09       		.uleb128 0x9
 902 043e F4020000 		.4byte	.LASF62
 903 0442 05       		.byte	0x5
 904 0443 7504     		.2byte	0x475
 905 0445 89010000 		.4byte	0x189
 906 0449 02       		.byte	0x2
 907 044a 23       		.byte	0x23
 908 044b 78       		.uleb128 0x78
 909 044c 09       		.uleb128 0x9
 910 044d 90000000 		.4byte	.LASF63
ARM GAS  C:\Users\DNIEL~1\AppData\Local\Temp\ccbkccba.s 			page 17


 911 0451 05       		.byte	0x5
 912 0452 7604     		.2byte	0x476
 913 0454 97000000 		.4byte	0x97
 914 0458 03       		.byte	0x3
 915 0459 23       		.byte	0x23
 916 045a 8001     		.uleb128 0x80
 917 045c 09       		.uleb128 0x9
 918 045d 71000000 		.4byte	.LASF64
 919 0461 05       		.byte	0x5
 920 0462 7704     		.2byte	0x477
 921 0464 97000000 		.4byte	0x97
 922 0468 03       		.byte	0x3
 923 0469 23       		.byte	0x23
 924 046a 8401     		.uleb128 0x84
 925 046c 09       		.uleb128 0x9
 926 046d 48030000 		.4byte	.LASF65
 927 0471 05       		.byte	0x5
 928 0472 7804     		.2byte	0x478
 929 0474 97000000 		.4byte	0x97
 930 0478 03       		.byte	0x3
 931 0479 23       		.byte	0x23
 932 047a 8801     		.uleb128 0x88
 933 047c 09       		.uleb128 0x9
 934 047d E0000000 		.4byte	.LASF66
 935 0481 05       		.byte	0x5
 936 0482 7904     		.2byte	0x479
 937 0484 97000000 		.4byte	0x97
 938 0488 03       		.byte	0x3
 939 0489 23       		.byte	0x23
 940 048a 8C01     		.uleb128 0x8c
 941 048c 00       		.byte	0
 942 048d 0A       		.uleb128 0xa
 943 048e 6B010000 		.4byte	.LASF67
 944 0492 05       		.byte	0x5
 945 0493 7B04     		.2byte	0x47b
 946 0495 A0020000 		.4byte	0x2a0
 947 0499 0F       		.uleb128 0xf
 948 049a BF000000 		.4byte	.LASF71
 949 049e 01       		.byte	0x1
 950 049f 33       		.byte	0x33
 951 04a0 01       		.byte	0x1
 952 04a1 01       		.byte	0x1
 953 04a2 10       		.uleb128 0x10
 954 04a3 01       		.byte	0x1
 955 04a4 16020000 		.4byte	.LASF72
 956 04a8 01       		.byte	0x1
 957 04a9 6F       		.byte	0x6f
 958 04aa 01       		.byte	0x1
 959 04ab 00000000 		.4byte	.LFB119
 960 04af DC000000 		.4byte	.LFE119
 961 04b3 00000000 		.4byte	.LLST0
 962 04b7 01       		.byte	0x1
 963 04b8 D6040000 		.4byte	0x4d6
 964 04bc 11       		.uleb128 0x11
 965 04bd 99040000 		.4byte	0x499
 966 04c1 66000000 		.4byte	.LBB4
 967 04c5 00000000 		.4byte	.Ldebug_ranges0+0
ARM GAS  C:\Users\DNIEL~1\AppData\Local\Temp\ccbkccba.s 			page 18


 968 04c9 01       		.byte	0x1
 969 04ca 87       		.byte	0x87
 970 04cb 12       		.uleb128 0x12
 971 04cc DC000000 		.4byte	.LVL0
 972 04d0 01       		.byte	0x1
 973 04d1 F9040000 		.4byte	0x4f9
 974 04d5 00       		.byte	0
 975 04d6 13       		.uleb128 0x13
 976 04d7 01       		.byte	0x1
 977 04d8 80010000 		.4byte	.LASF73
 978 04dc 01       		.byte	0x1
 979 04dd 9A       		.byte	0x9a
 980 04de 01       		.byte	0x1
 981 04df 00000000 		.4byte	.LFB120
 982 04e3 04010000 		.4byte	.LFE120
 983 04e7 02       		.byte	0x2
 984 04e8 7D       		.byte	0x7d
 985 04e9 00       		.sleb128 0
 986 04ea 01       		.byte	0x1
 987 04eb 14       		.uleb128 0x14
 988 04ec 3B030000 		.4byte	.LASF74
 989 04f0 04       		.byte	0x4
 990 04f1 9806     		.2byte	0x698
 991 04f3 EB010000 		.4byte	0x1eb
 992 04f7 01       		.byte	0x1
 993 04f8 01       		.byte	0x1
 994 04f9 15       		.uleb128 0x15
 995 04fa 01       		.byte	0x1
 996 04fb B0020000 		.4byte	.LASF75
 997 04ff 06       		.byte	0x6
 998 0500 C101     		.2byte	0x1c1
 999 0502 01       		.byte	0x1
 1000 0503 01       		.byte	0x1
 1001 0504 00       		.byte	0
 1002              		.section	.debug_abbrev,"",%progbits
 1003              	.Ldebug_abbrev0:
 1004 0000 01       		.uleb128 0x1
 1005 0001 11       		.uleb128 0x11
 1006 0002 01       		.byte	0x1
 1007 0003 25       		.uleb128 0x25
 1008 0004 0E       		.uleb128 0xe
 1009 0005 13       		.uleb128 0x13
 1010 0006 0B       		.uleb128 0xb
 1011 0007 03       		.uleb128 0x3
 1012 0008 0E       		.uleb128 0xe
 1013 0009 1B       		.uleb128 0x1b
 1014 000a 0E       		.uleb128 0xe
 1015 000b 55       		.uleb128 0x55
 1016 000c 06       		.uleb128 0x6
 1017 000d 11       		.uleb128 0x11
 1018 000e 01       		.uleb128 0x1
 1019 000f 52       		.uleb128 0x52
 1020 0010 01       		.uleb128 0x1
 1021 0011 10       		.uleb128 0x10
 1022 0012 06       		.uleb128 0x6
 1023 0013 00       		.byte	0
 1024 0014 00       		.byte	0
ARM GAS  C:\Users\DNIEL~1\AppData\Local\Temp\ccbkccba.s 			page 19


 1025 0015 02       		.uleb128 0x2
 1026 0016 24       		.uleb128 0x24
 1027 0017 00       		.byte	0
 1028 0018 0B       		.uleb128 0xb
 1029 0019 0B       		.uleb128 0xb
 1030 001a 3E       		.uleb128 0x3e
 1031 001b 0B       		.uleb128 0xb
 1032 001c 03       		.uleb128 0x3
 1033 001d 08       		.uleb128 0x8
 1034 001e 00       		.byte	0
 1035 001f 00       		.byte	0
 1036 0020 03       		.uleb128 0x3
 1037 0021 24       		.uleb128 0x24
 1038 0022 00       		.byte	0
 1039 0023 0B       		.uleb128 0xb
 1040 0024 0B       		.uleb128 0xb
 1041 0025 3E       		.uleb128 0x3e
 1042 0026 0B       		.uleb128 0xb
 1043 0027 03       		.uleb128 0x3
 1044 0028 0E       		.uleb128 0xe
 1045 0029 00       		.byte	0
 1046 002a 00       		.byte	0
 1047 002b 04       		.uleb128 0x4
 1048 002c 16       		.uleb128 0x16
 1049 002d 00       		.byte	0
 1050 002e 03       		.uleb128 0x3
 1051 002f 0E       		.uleb128 0xe
 1052 0030 3A       		.uleb128 0x3a
 1053 0031 0B       		.uleb128 0xb
 1054 0032 3B       		.uleb128 0x3b
 1055 0033 0B       		.uleb128 0xb
 1056 0034 49       		.uleb128 0x49
 1057 0035 13       		.uleb128 0x13
 1058 0036 00       		.byte	0
 1059 0037 00       		.byte	0
 1060 0038 05       		.uleb128 0x5
 1061 0039 35       		.uleb128 0x35
 1062 003a 00       		.byte	0
 1063 003b 49       		.uleb128 0x49
 1064 003c 13       		.uleb128 0x13
 1065 003d 00       		.byte	0
 1066 003e 00       		.byte	0
 1067 003f 06       		.uleb128 0x6
 1068 0040 13       		.uleb128 0x13
 1069 0041 01       		.byte	0x1
 1070 0042 0B       		.uleb128 0xb
 1071 0043 0B       		.uleb128 0xb
 1072 0044 3A       		.uleb128 0x3a
 1073 0045 0B       		.uleb128 0xb
 1074 0046 3B       		.uleb128 0x3b
 1075 0047 0B       		.uleb128 0xb
 1076 0048 01       		.uleb128 0x1
 1077 0049 13       		.uleb128 0x13
 1078 004a 00       		.byte	0
 1079 004b 00       		.byte	0
 1080 004c 07       		.uleb128 0x7
 1081 004d 0D       		.uleb128 0xd
ARM GAS  C:\Users\DNIEL~1\AppData\Local\Temp\ccbkccba.s 			page 20


 1082 004e 00       		.byte	0
 1083 004f 03       		.uleb128 0x3
 1084 0050 0E       		.uleb128 0xe
 1085 0051 3A       		.uleb128 0x3a
 1086 0052 0B       		.uleb128 0xb
 1087 0053 3B       		.uleb128 0x3b
 1088 0054 0B       		.uleb128 0xb
 1089 0055 49       		.uleb128 0x49
 1090 0056 13       		.uleb128 0x13
 1091 0057 38       		.uleb128 0x38
 1092 0058 0A       		.uleb128 0xa
 1093 0059 00       		.byte	0
 1094 005a 00       		.byte	0
 1095 005b 08       		.uleb128 0x8
 1096 005c 13       		.uleb128 0x13
 1097 005d 01       		.byte	0x1
 1098 005e 0B       		.uleb128 0xb
 1099 005f 0B       		.uleb128 0xb
 1100 0060 3A       		.uleb128 0x3a
 1101 0061 0B       		.uleb128 0xb
 1102 0062 3B       		.uleb128 0x3b
 1103 0063 05       		.uleb128 0x5
 1104 0064 01       		.uleb128 0x1
 1105 0065 13       		.uleb128 0x13
 1106 0066 00       		.byte	0
 1107 0067 00       		.byte	0
 1108 0068 09       		.uleb128 0x9
 1109 0069 0D       		.uleb128 0xd
 1110 006a 00       		.byte	0
 1111 006b 03       		.uleb128 0x3
 1112 006c 0E       		.uleb128 0xe
 1113 006d 3A       		.uleb128 0x3a
 1114 006e 0B       		.uleb128 0xb
 1115 006f 3B       		.uleb128 0x3b
 1116 0070 05       		.uleb128 0x5
 1117 0071 49       		.uleb128 0x49
 1118 0072 13       		.uleb128 0x13
 1119 0073 38       		.uleb128 0x38
 1120 0074 0A       		.uleb128 0xa
 1121 0075 00       		.byte	0
 1122 0076 00       		.byte	0
 1123 0077 0A       		.uleb128 0xa
 1124 0078 16       		.uleb128 0x16
 1125 0079 00       		.byte	0
 1126 007a 03       		.uleb128 0x3
 1127 007b 0E       		.uleb128 0xe
 1128 007c 3A       		.uleb128 0x3a
 1129 007d 0B       		.uleb128 0xb
 1130 007e 3B       		.uleb128 0x3b
 1131 007f 05       		.uleb128 0x5
 1132 0080 49       		.uleb128 0x49
 1133 0081 13       		.uleb128 0x13
 1134 0082 00       		.byte	0
 1135 0083 00       		.byte	0
 1136 0084 0B       		.uleb128 0xb
 1137 0085 26       		.uleb128 0x26
 1138 0086 00       		.byte	0
ARM GAS  C:\Users\DNIEL~1\AppData\Local\Temp\ccbkccba.s 			page 21


 1139 0087 49       		.uleb128 0x49
 1140 0088 13       		.uleb128 0x13
 1141 0089 00       		.byte	0
 1142 008a 00       		.byte	0
 1143 008b 0C       		.uleb128 0xc
 1144 008c 01       		.uleb128 0x1
 1145 008d 01       		.byte	0x1
 1146 008e 49       		.uleb128 0x49
 1147 008f 13       		.uleb128 0x13
 1148 0090 01       		.uleb128 0x1
 1149 0091 13       		.uleb128 0x13
 1150 0092 00       		.byte	0
 1151 0093 00       		.byte	0
 1152 0094 0D       		.uleb128 0xd
 1153 0095 21       		.uleb128 0x21
 1154 0096 00       		.byte	0
 1155 0097 49       		.uleb128 0x49
 1156 0098 13       		.uleb128 0x13
 1157 0099 2F       		.uleb128 0x2f
 1158 009a 0B       		.uleb128 0xb
 1159 009b 00       		.byte	0
 1160 009c 00       		.byte	0
 1161 009d 0E       		.uleb128 0xe
 1162 009e 0D       		.uleb128 0xd
 1163 009f 00       		.byte	0
 1164 00a0 03       		.uleb128 0x3
 1165 00a1 08       		.uleb128 0x8
 1166 00a2 3A       		.uleb128 0x3a
 1167 00a3 0B       		.uleb128 0xb
 1168 00a4 3B       		.uleb128 0x3b
 1169 00a5 05       		.uleb128 0x5
 1170 00a6 49       		.uleb128 0x49
 1171 00a7 13       		.uleb128 0x13
 1172 00a8 38       		.uleb128 0x38
 1173 00a9 0A       		.uleb128 0xa
 1174 00aa 00       		.byte	0
 1175 00ab 00       		.byte	0
 1176 00ac 0F       		.uleb128 0xf
 1177 00ad 2E       		.uleb128 0x2e
 1178 00ae 00       		.byte	0
 1179 00af 03       		.uleb128 0x3
 1180 00b0 0E       		.uleb128 0xe
 1181 00b1 3A       		.uleb128 0x3a
 1182 00b2 0B       		.uleb128 0xb
 1183 00b3 3B       		.uleb128 0x3b
 1184 00b4 0B       		.uleb128 0xb
 1185 00b5 27       		.uleb128 0x27
 1186 00b6 0C       		.uleb128 0xc
 1187 00b7 20       		.uleb128 0x20
 1188 00b8 0B       		.uleb128 0xb
 1189 00b9 00       		.byte	0
 1190 00ba 00       		.byte	0
 1191 00bb 10       		.uleb128 0x10
 1192 00bc 2E       		.uleb128 0x2e
 1193 00bd 01       		.byte	0x1
 1194 00be 3F       		.uleb128 0x3f
 1195 00bf 0C       		.uleb128 0xc
ARM GAS  C:\Users\DNIEL~1\AppData\Local\Temp\ccbkccba.s 			page 22


 1196 00c0 03       		.uleb128 0x3
 1197 00c1 0E       		.uleb128 0xe
 1198 00c2 3A       		.uleb128 0x3a
 1199 00c3 0B       		.uleb128 0xb
 1200 00c4 3B       		.uleb128 0x3b
 1201 00c5 0B       		.uleb128 0xb
 1202 00c6 27       		.uleb128 0x27
 1203 00c7 0C       		.uleb128 0xc
 1204 00c8 11       		.uleb128 0x11
 1205 00c9 01       		.uleb128 0x1
 1206 00ca 12       		.uleb128 0x12
 1207 00cb 01       		.uleb128 0x1
 1208 00cc 40       		.uleb128 0x40
 1209 00cd 06       		.uleb128 0x6
 1210 00ce 9742     		.uleb128 0x2117
 1211 00d0 0C       		.uleb128 0xc
 1212 00d1 01       		.uleb128 0x1
 1213 00d2 13       		.uleb128 0x13
 1214 00d3 00       		.byte	0
 1215 00d4 00       		.byte	0
 1216 00d5 11       		.uleb128 0x11
 1217 00d6 1D       		.uleb128 0x1d
 1218 00d7 00       		.byte	0
 1219 00d8 31       		.uleb128 0x31
 1220 00d9 13       		.uleb128 0x13
 1221 00da 52       		.uleb128 0x52
 1222 00db 01       		.uleb128 0x1
 1223 00dc 55       		.uleb128 0x55
 1224 00dd 06       		.uleb128 0x6
 1225 00de 58       		.uleb128 0x58
 1226 00df 0B       		.uleb128 0xb
 1227 00e0 59       		.uleb128 0x59
 1228 00e1 0B       		.uleb128 0xb
 1229 00e2 00       		.byte	0
 1230 00e3 00       		.byte	0
 1231 00e4 12       		.uleb128 0x12
 1232 00e5 898201   		.uleb128 0x4109
 1233 00e8 00       		.byte	0
 1234 00e9 11       		.uleb128 0x11
 1235 00ea 01       		.uleb128 0x1
 1236 00eb 9542     		.uleb128 0x2115
 1237 00ed 0C       		.uleb128 0xc
 1238 00ee 31       		.uleb128 0x31
 1239 00ef 13       		.uleb128 0x13
 1240 00f0 00       		.byte	0
 1241 00f1 00       		.byte	0
 1242 00f2 13       		.uleb128 0x13
 1243 00f3 2E       		.uleb128 0x2e
 1244 00f4 00       		.byte	0
 1245 00f5 3F       		.uleb128 0x3f
 1246 00f6 0C       		.uleb128 0xc
 1247 00f7 03       		.uleb128 0x3
 1248 00f8 0E       		.uleb128 0xe
 1249 00f9 3A       		.uleb128 0x3a
 1250 00fa 0B       		.uleb128 0xb
 1251 00fb 3B       		.uleb128 0x3b
 1252 00fc 0B       		.uleb128 0xb
ARM GAS  C:\Users\DNIEL~1\AppData\Local\Temp\ccbkccba.s 			page 23


 1253 00fd 27       		.uleb128 0x27
 1254 00fe 0C       		.uleb128 0xc
 1255 00ff 11       		.uleb128 0x11
 1256 0100 01       		.uleb128 0x1
 1257 0101 12       		.uleb128 0x12
 1258 0102 01       		.uleb128 0x1
 1259 0103 40       		.uleb128 0x40
 1260 0104 0A       		.uleb128 0xa
 1261 0105 9742     		.uleb128 0x2117
 1262 0107 0C       		.uleb128 0xc
 1263 0108 00       		.byte	0
 1264 0109 00       		.byte	0
 1265 010a 14       		.uleb128 0x14
 1266 010b 34       		.uleb128 0x34
 1267 010c 00       		.byte	0
 1268 010d 03       		.uleb128 0x3
 1269 010e 0E       		.uleb128 0xe
 1270 010f 3A       		.uleb128 0x3a
 1271 0110 0B       		.uleb128 0xb
 1272 0111 3B       		.uleb128 0x3b
 1273 0112 05       		.uleb128 0x5
 1274 0113 49       		.uleb128 0x49
 1275 0114 13       		.uleb128 0x13
 1276 0115 3F       		.uleb128 0x3f
 1277 0116 0C       		.uleb128 0xc
 1278 0117 3C       		.uleb128 0x3c
 1279 0118 0C       		.uleb128 0xc
 1280 0119 00       		.byte	0
 1281 011a 00       		.byte	0
 1282 011b 15       		.uleb128 0x15
 1283 011c 2E       		.uleb128 0x2e
 1284 011d 00       		.byte	0
 1285 011e 3F       		.uleb128 0x3f
 1286 011f 0C       		.uleb128 0xc
 1287 0120 03       		.uleb128 0x3
 1288 0121 0E       		.uleb128 0xe
 1289 0122 3A       		.uleb128 0x3a
 1290 0123 0B       		.uleb128 0xb
 1291 0124 3B       		.uleb128 0x3b
 1292 0125 05       		.uleb128 0x5
 1293 0126 27       		.uleb128 0x27
 1294 0127 0C       		.uleb128 0xc
 1295 0128 3C       		.uleb128 0x3c
 1296 0129 0C       		.uleb128 0xc
 1297 012a 00       		.byte	0
 1298 012b 00       		.byte	0
 1299 012c 00       		.byte	0
 1300              		.section	.debug_loc,"",%progbits
 1301              	.Ldebug_loc0:
 1302              	.LLST0:
 1303 0000 00000000 		.4byte	.LFB119
 1304 0004 0A000000 		.4byte	.LCFI0
 1305 0008 0200     		.2byte	0x2
 1306 000a 7D       		.byte	0x7d
 1307 000b 00       		.sleb128 0
 1308 000c 0A000000 		.4byte	.LCFI0
 1309 0010 DC000000 		.4byte	.LFE119
ARM GAS  C:\Users\DNIEL~1\AppData\Local\Temp\ccbkccba.s 			page 24


 1310 0014 0200     		.2byte	0x2
 1311 0016 7D       		.byte	0x7d
 1312 0017 0C       		.sleb128 12
 1313 0018 00000000 		.4byte	0
 1314 001c 00000000 		.4byte	0
 1315              		.section	.debug_aranges,"",%progbits
 1316 0000 24000000 		.4byte	0x24
 1317 0004 0200     		.2byte	0x2
 1318 0006 00000000 		.4byte	.Ldebug_info0
 1319 000a 04       		.byte	0x4
 1320 000b 00       		.byte	0
 1321 000c 0000     		.2byte	0
 1322 000e 0000     		.2byte	0
 1323 0010 00000000 		.4byte	.LFB119
 1324 0014 DC000000 		.4byte	.LFE119-.LFB119
 1325 0018 00000000 		.4byte	.LFB120
 1326 001c 04010000 		.4byte	.LFE120-.LFB120
 1327 0020 00000000 		.4byte	0
 1328 0024 00000000 		.4byte	0
 1329              		.section	.debug_ranges,"",%progbits
 1330              	.Ldebug_ranges0:
 1331 0000 66000000 		.4byte	.LBB4
 1332 0004 6E000000 		.4byte	.LBE4
 1333 0008 74000000 		.4byte	.LBB7
 1334 000c D6000000 		.4byte	.LBE7
 1335 0010 00000000 		.4byte	0
 1336 0014 00000000 		.4byte	0
 1337 0018 00000000 		.4byte	.LFB119
 1338 001c DC000000 		.4byte	.LFE119
 1339 0020 00000000 		.4byte	.LFB120
 1340 0024 04010000 		.4byte	.LFE120
 1341 0028 00000000 		.4byte	0
 1342 002c 00000000 		.4byte	0
 1343              		.section	.debug_line,"",%progbits
 1344              	.Ldebug_line0:
 1345 0000 1D020000 		.section	.debug_str,"MS",%progbits,1
 1345      02006801 
 1345      00000201 
 1345      FB0E0D00 
 1345      01010101 
 1346              	.LASF54:
 1347 0000 41484231 		.ascii	"AHB1LPENR\000"
 1347      4C50454E 
 1347      5200
 1348              	.LASF70:
 1349 000a 433A5C55 		.ascii	"C:\\Users\\D\341niel\\git\\Smarty\\smarty\\firmware"
 1349      73657273 
 1349      5C44E16E 
 1349      69656C5C 
 1349      6769745C 
 1350 0034 00       		.ascii	"\000"
 1351              	.LASF44:
 1352 0035 41504231 		.ascii	"APB1RSTR\000"
 1352      52535452 
 1352      00
 1353              	.LASF48:
 1354 003e 41484232 		.ascii	"AHB2ENR\000"
ARM GAS  C:\Users\DNIEL~1\AppData\Local\Temp\ccbkccba.s 			page 25


 1354      454E5200 
 1355              	.LASF17:
 1356 0046 44454D43 		.ascii	"DEMCR\000"
 1356      5200
 1357              	.LASF3:
 1358 004c 73686F72 		.ascii	"short int\000"
 1358      7420696E 
 1358      7400
 1359              	.LASF13:
 1360 0056 73697A65 		.ascii	"sizetype\000"
 1360      74797065 
 1360      00
 1361              	.LASF61:
 1362 005f 42444352 		.ascii	"BDCR\000"
 1362      00
 1363              	.LASF26:
 1364 0064 50435352 		.ascii	"PCSR\000"
 1364      00
 1365              	.LASF25:
 1366 0069 464F4C44 		.ascii	"FOLDCNT\000"
 1366      434E5400 
 1367              	.LASF64:
 1368 0071 504C4C49 		.ascii	"PLLI2SCFGR\000"
 1368      32534346 
 1368      475200
 1369              	.LASF37:
 1370 007c 5057525F 		.ascii	"PWR_TypeDef\000"
 1370      54797065 
 1370      44656600 
 1371              	.LASF27:
 1372 0088 434D785F 		.ascii	"CMx_DWT\000"
 1372      44575400 
 1373              	.LASF63:
 1374 0090 53534347 		.ascii	"SSCGR\000"
 1374      5200
 1375              	.LASF19:
 1376 0096 4354524C 		.ascii	"CTRL\000"
 1376      00
 1377              	.LASF56:
 1378 009b 41484233 		.ascii	"AHB3LPENR\000"
 1378      4C50454E 
 1378      5200
 1379              	.LASF39:
 1380 00a5 43464752 		.ascii	"CFGR\000"
 1380      00
 1381              	.LASF21:
 1382 00aa 43504943 		.ascii	"CPICNT\000"
 1382      4E5400
 1383              	.LASF51:
 1384 00b1 41504231 		.ascii	"APB1ENR\000"
 1384      454E5200 
 1385              	.LASF15:
 1386 00b9 44435253 		.ascii	"DCRSR\000"
 1386      5200
 1387              	.LASF71:
 1388 00bf 68616C5F 		.ascii	"hal_lld_backup_domain_init\000"
 1388      6C6C645F 
ARM GAS  C:\Users\DNIEL~1\AppData\Local\Temp\ccbkccba.s 			page 26


 1388      6261636B 
 1388      75705F64 
 1388      6F6D6169 
 1389              	.LASF16:
 1390 00da 44435244 		.ascii	"DCRDR\000"
 1390      5200
 1391              	.LASF66:
 1392 00e0 44434B43 		.ascii	"DCKCFGR\000"
 1392      46475200 
 1393              	.LASF12:
 1394 00e8 494F5245 		.ascii	"IOREG32\000"
 1394      47333200 
 1395              	.LASF33:
 1396 00f0 4F50544B 		.ascii	"OPTKEYR\000"
 1396      45595200 
 1397              	.LASF9:
 1398 00f8 6C6F6E67 		.ascii	"long long int\000"
 1398      206C6F6E 
 1398      6720696E 
 1398      7400
 1399              	.LASF20:
 1400 0106 43594343 		.ascii	"CYCCNT\000"
 1400      4E5400
 1401              	.LASF30:
 1402 010d 43414C49 		.ascii	"CALIB\000"
 1402      4200
 1403              	.LASF68:
 1404 0113 474E5520 		.ascii	"GNU C 4.7.4 20140401 (release) [ARM/embedded-4_7-br"
 1404      4320342E 
 1404      372E3420 
 1404      32303134 
 1404      30343031 
 1405 0146 616E6368 		.ascii	"anch revision 209195]\000"
 1405      20726576 
 1405      6973696F 
 1405      6E203230 
 1405      39313935 
 1406              	.LASF14:
 1407 015c 44484353 		.ascii	"DHCSR\000"
 1407      5200
 1408              	.LASF5:
 1409 0162 6C6F6E67 		.ascii	"long int\000"
 1409      20696E74 
 1409      00
 1410              	.LASF67:
 1411 016b 5243435F 		.ascii	"RCC_TypeDef\000"
 1411      54797065 
 1411      44656600 
 1412              	.LASF45:
 1413 0177 41504232 		.ascii	"APB2RSTR\000"
 1413      52535452 
 1413      00
 1414              	.LASF73:
 1415 0180 73746D33 		.ascii	"stm32_clock_init\000"
 1415      325F636C 
 1415      6F636B5F 
 1415      696E6974 
ARM GAS  C:\Users\DNIEL~1\AppData\Local\Temp\ccbkccba.s 			page 27


 1415      00
 1416              	.LASF35:
 1417 0191 4F505443 		.ascii	"OPTCR1\000"
 1417      523100
 1418              	.LASF49:
 1419 0198 41484233 		.ascii	"AHB3ENR\000"
 1419      454E5200 
 1420              	.LASF32:
 1421 01a0 4B455952 		.ascii	"KEYR\000"
 1421      00
 1422              	.LASF22:
 1423 01a5 45584343 		.ascii	"EXCCNT\000"
 1423      4E5400
 1424              	.LASF2:
 1425 01ac 756E7369 		.ascii	"unsigned char\000"
 1425      676E6564 
 1425      20636861 
 1425      7200
 1426              	.LASF52:
 1427 01ba 41504232 		.ascii	"APB2ENR\000"
 1427      454E5200 
 1428              	.LASF1:
 1429 01c2 7369676E 		.ascii	"signed char\000"
 1429      65642063 
 1429      68617200 
 1430              	.LASF10:
 1431 01ce 6C6F6E67 		.ascii	"long long unsigned int\000"
 1431      206C6F6E 
 1431      6720756E 
 1431      7369676E 
 1431      65642069 
 1432              	.LASF7:
 1433 01e5 75696E74 		.ascii	"uint32_t\000"
 1433      33325F74 
 1433      00
 1434              	.LASF0:
 1435 01ee 756E7369 		.ascii	"unsigned int\000"
 1435      676E6564 
 1435      20696E74 
 1435      00
 1436              	.LASF41:
 1437 01fb 41484232 		.ascii	"AHB2RSTR\000"
 1437      52535452 
 1437      00
 1438              	.LASF8:
 1439 0204 6C6F6E67 		.ascii	"long unsigned int\000"
 1439      20756E73 
 1439      69676E65 
 1439      6420696E 
 1439      7400
 1440              	.LASF72:
 1441 0216 68616C5F 		.ascii	"hal_lld_init\000"
 1441      6C6C645F 
 1441      696E6974 
 1441      00
 1442              	.LASF38:
 1443 0223 504C4C43 		.ascii	"PLLCFGR\000"
ARM GAS  C:\Users\DNIEL~1\AppData\Local\Temp\ccbkccba.s 			page 28


 1443      46475200 
 1444              	.LASF31:
 1445 022b 53797354 		.ascii	"SysTick_Type\000"
 1445      69636B5F 
 1445      54797065 
 1445      00
 1446              	.LASF4:
 1447 0238 73686F72 		.ascii	"short unsigned int\000"
 1447      7420756E 
 1447      7369676E 
 1447      65642069 
 1447      6E7400
 1448              	.LASF58:
 1449 024b 41504231 		.ascii	"APB1LPENR\000"
 1449      4C50454E 
 1449      5200
 1450              	.LASF69:
 1451 0255 2E2E2F2E 		.ascii	"../../../ChibiOS/os/hal/platforms/STM32F4xx/hal_lld"
 1451      2E2F2E2E 
 1451      2F436869 
 1451      62694F53 
 1451      2F6F732F 
 1452 0288 2E6300   		.ascii	".c\000"
 1453              	.LASF28:
 1454 028b 63686172 		.ascii	"char\000"
 1454      00
 1455              	.LASF18:
 1456 0290 434D785F 		.ascii	"CMx_SCS\000"
 1456      53435300 
 1457              	.LASF6:
 1458 0298 696E7433 		.ascii	"int32_t\000"
 1458      325F7400 
 1459              	.LASF11:
 1460 02a0 5F426F6F 		.ascii	"_Bool\000"
 1460      6C00
 1461              	.LASF55:
 1462 02a6 41484232 		.ascii	"AHB2LPENR\000"
 1462      4C50454E 
 1462      5200
 1463              	.LASF75:
 1464 02b0 646D6149 		.ascii	"dmaInit\000"
 1464      6E697400 
 1465              	.LASF43:
 1466 02b8 52455345 		.ascii	"RESERVED0\000"
 1466      52564544 
 1466      3000
 1467              	.LASF46:
 1468 02c2 52455345 		.ascii	"RESERVED1\000"
 1468      52564544 
 1468      3100
 1469              	.LASF50:
 1470 02cc 52455345 		.ascii	"RESERVED2\000"
 1470      52564544 
 1470      3200
 1471              	.LASF53:
 1472 02d6 52455345 		.ascii	"RESERVED3\000"
 1472      52564544 
ARM GAS  C:\Users\DNIEL~1\AppData\Local\Temp\ccbkccba.s 			page 29


 1472      3300
 1473              	.LASF57:
 1474 02e0 52455345 		.ascii	"RESERVED4\000"
 1474      52564544 
 1474      3400
 1475              	.LASF60:
 1476 02ea 52455345 		.ascii	"RESERVED5\000"
 1476      52564544 
 1476      3500
 1477              	.LASF62:
 1478 02f4 52455345 		.ascii	"RESERVED6\000"
 1478      52564544 
 1478      3600
 1479              	.LASF23:
 1480 02fe 534C4545 		.ascii	"SLEEPCNT\000"
 1480      50434E54 
 1480      00
 1481              	.LASF24:
 1482 0307 4C535543 		.ascii	"LSUCNT\000"
 1482      4E5400
 1483              	.LASF29:
 1484 030e 4C4F4144 		.ascii	"LOAD\000"
 1484      00
 1485              	.LASF40:
 1486 0313 41484231 		.ascii	"AHB1RSTR\000"
 1486      52535452 
 1486      00
 1487              	.LASF47:
 1488 031c 41484231 		.ascii	"AHB1ENR\000"
 1488      454E5200 
 1489              	.LASF42:
 1490 0324 41484233 		.ascii	"AHB3RSTR\000"
 1490      52535452 
 1490      00
 1491              	.LASF36:
 1492 032d 464C4153 		.ascii	"FLASH_TypeDef\000"
 1492      485F5479 
 1492      70654465 
 1492      6600
 1493              	.LASF74:
 1494 033b 49544D5F 		.ascii	"ITM_RxBuffer\000"
 1494      52784275 
 1494      66666572 
 1494      00
 1495              	.LASF65:
 1496 0348 504C4C53 		.ascii	"PLLSAICFGR\000"
 1496      41494346 
 1496      475200
 1497              	.LASF59:
 1498 0353 41504232 		.ascii	"APB2LPENR\000"
 1498      4C50454E 
 1498      5200
 1499              	.LASF34:
 1500 035d 4F505443 		.ascii	"OPTCR\000"
 1500      5200
 1501              		.ident	"GCC: (GNU Tools for ARM Embedded Processors) 4.7.4 20140401 (release) [ARM/embedded-4_7-br
ARM GAS  C:\Users\DNIEL~1\AppData\Local\Temp\ccbkccba.s 			page 30


DEFINED SYMBOLS
                            *ABS*:00000000 hal_lld.c
C:\Users\DNIEL~1\AppData\Local\Temp\ccbkccba.s:19     .text.hal_lld_init:00000000 $t
C:\Users\DNIEL~1\AppData\Local\Temp\ccbkccba.s:25     .text.hal_lld_init:00000000 hal_lld_init
C:\Users\DNIEL~1\AppData\Local\Temp\ccbkccba.s:172    .text.stm32_clock_init:00000000 $t
C:\Users\DNIEL~1\AppData\Local\Temp\ccbkccba.s:178    .text.stm32_clock_init:00000000 stm32_clock_init
                     .debug_frame:00000010 $d

UNDEFINED SYMBOLS
dmaInit
