ARM GAS  C:\Users\DNIEL~1\AppData\Local\Temp\ccoTywRA.s 			page 1


   1              		.syntax unified
   2              		.cpu cortex-m4
   3              		.fpu softvfp
   4              		.eabi_attribute 20, 1
   5              		.eabi_attribute 21, 1
   6              		.eabi_attribute 23, 3
   7              		.eabi_attribute 24, 1
   8              		.eabi_attribute 25, 1
   9              		.eabi_attribute 26, 1
  10              		.eabi_attribute 30, 2
  11              		.eabi_attribute 18, 4
  12              		.thumb
  13              		.file	"main.c"
  14              		.section	.debug_abbrev,"",%progbits
  15              	.Ldebug_abbrev0:
  16              		.section	.debug_info,"",%progbits
  17              	.Ldebug_info0:
  18              		.section	.debug_line,"",%progbits
  19              	.Ldebug_line0:
  20 0000 58020000 		.text
  20      0200CA01 
  20      00000201 
  20      FB0E0D00 
  20      01010101 
  21              	.Ltext0:
  22              		.cfi_sections	.debug_frame
  23              		.section	.text.Thread1,"ax",%progbits
  24              		.align	2
  25              		.p2align 4,,15
  26              		.thumb
  27              		.thumb_func
  28              		.type	Thread1, %function
  29              	Thread1:
  30              	.LFB119:
  31              		.file 1 "src/main.c"
  32              		.loc 1 32 0
  33              		.cfi_startproc
  34              		@ args = 0, pretend = 0, frame = 0
  35              		@ frame_needed = 0, uses_anonymous_args = 0
  36              	.LVL0:
  37              		.loc 1 35 0
  38 0000 0F48     		ldr	r0, .L7
  39              	.LVL1:
  40 0002 104A     		ldr	r2, .L7+4
  41 0004 8369     		ldr	r3, [r0, #24]
  42              		.loc 1 32 0
  43 0006 70B5     		push	{r4, r5, r6, lr}
  44              	.LCFI0:
  45              		.cfi_def_cfa_offset 16
  46              	.LBB2:
  47              		.loc 1 39 0
  48 0008 0F4E     		ldr	r6, .L7+8
  49              		.cfi_offset 14, -4
  50              		.cfi_offset 6, -8
  51              		.cfi_offset 5, -12
  52              		.cfi_offset 4, -16
  53              		.loc 1 51 0
ARM GAS  C:\Users\DNIEL~1\AppData\Local\Temp\ccoTywRA.s 			page 2


  54 000a 104D     		ldr	r5, .L7+12
  55              	.LBE2:
  56              		.loc 1 35 0
  57 000c 9A61     		str	r2, [r3, #24]
  58 000e 0BE0     		b	.L3
  59              	.L4:
  60              	.LBB3:
  61              		.loc 1 39 0
  62 0010 4FF47A74 		mov	r4, #1000
  63              	.L2:
  64              		.loc 1 51 0
  65 0014 0122     		movs	r2, #1
  66              		.loc 1 52 0
  67 0016 2046     		mov	r0, r4
  68              		.loc 1 51 0
  69 0018 6A83     		strh	r2, [r5, #26]	@ movhi
  70              		.loc 1 52 0
  71 001a FFF7FEFF 		bl	chThdSleep
  72              		.loc 1 54 0
  73 001e 2046     		mov	r0, r4
  74              		.loc 1 53 0
  75 0020 0124     		movs	r4, #1
  76 0022 2C83     		strh	r4, [r5, #24]	@ movhi
  77              		.loc 1 54 0
  78 0024 FFF7FEFF 		bl	chThdSleep
  79              	.L3:
  80              		.loc 1 39 0
  81 0028 3169     		ldr	r1, [r6, #16]
  82 002a 11F0080F 		tst	r1, #8
  83 002e EFD1     		bne	.L4
  84              		.loc 1 40 0
  85 0030 FFF7FEFF 		bl	sdcardIsMounted
  86 0034 0028     		cmp	r0, #0
  87 0036 0CBF     		ite	eq
  88 0038 3224     		moveq	r4, #50
  89 003a FA24     		movne	r4, #250
  90 003c EAE7     		b	.L2
  91              	.L8:
  92 003e 00BF     		.align	2
  93              	.L7:
  94 0040 00000000 		.word	rlist
  95 0044 00000000 		.word	.LC0
  96 0048 000C0240 		.word	1073875968
  97 004c 00000240 		.word	1073872896
  98              	.LBE3:
  99              		.cfi_endproc
 100              	.LFE119:
 101              		.size	Thread1, .-Thread1
 102              		.section	.text.task20ms,"ax",%progbits
 103              		.align	2
 104              		.p2align 4,,15
 105              		.thumb
 106              		.thumb_func
 107              		.type	task20ms, %function
 108              	task20ms:
 109              	.LFB120:
 110              		.loc 1 63 0
ARM GAS  C:\Users\DNIEL~1\AppData\Local\Temp\ccoTywRA.s 			page 3


 111              		.cfi_startproc
 112              		@ args = 0, pretend = 0, frame = 0
 113              		@ frame_needed = 0, uses_anonymous_args = 0
 114              	.LVL2:
 115              		.loc 1 67 0
 116 0000 0949     		ldr	r1, .L11
 117              		.loc 1 68 0
 118 0002 0A48     		ldr	r0, .L11+4
 119              	.LVL3:
 120              		.loc 1 67 0
 121 0004 8B69     		ldr	r3, [r1, #24]
 122 0006 0A4A     		ldr	r2, .L11+8
 123              		.loc 1 63 0
 124 0008 10B5     		push	{r4, lr}
 125              	.LCFI1:
 126              		.cfi_def_cfa_offset 8
 127              		.loc 1 68 0
 128 000a C468     		ldr	r4, [r0, #12]
 129              		.cfi_offset 14, -4
 130              		.cfi_offset 4, -8
 131              		.loc 1 67 0
 132 000c 9A61     		str	r2, [r3, #24]
 133              	.LVL4:
 134              	.L10:
 135              		.loc 1 70 0 discriminator 1
 136 000e 1434     		adds	r4, r4, #20
 137              	.LVL5:
 138              		.loc 1 72 0 discriminator 1
 139 0010 FFF7FEFF 		bl	lightCalc
 140              		.loc 1 73 0 discriminator 1
 141 0014 FFF7FEFF 		bl	speedCalc
 142              		.loc 1 74 0 discriminator 1
 143 0018 FFF7FEFF 		bl	measCalc
 144              		.loc 1 75 0 discriminator 1
 145 001c FFF7FEFF 		bl	cruiseCalc
 146              		.loc 1 77 0 discriminator 1
 147 0020 2046     		mov	r0, r4
 148 0022 FFF7FEFF 		bl	chThdSleepUntil
 149 0026 F2E7     		b	.L10
 150              	.L12:
 151              		.align	2
 152              	.L11:
 153 0028 00000000 		.word	rlist
 154 002c 00000000 		.word	vtlist
 155 0030 08000000 		.word	.LC1
 156              		.cfi_endproc
 157              	.LFE120:
 158              		.size	task20ms, .-task20ms
 159 0034 AFF30080 		.section	.text.main,"ax",%progbits
 159      AFF30080 
 159      AFF30080 
 160              		.align	2
 161              		.p2align 4,,15
 162              		.global	main
 163              		.thumb
 164              		.thumb_func
 165              		.type	main, %function
ARM GAS  C:\Users\DNIEL~1\AppData\Local\Temp\ccoTywRA.s 			page 4


 166              	main:
 167              	.LFB121:
 168              		.loc 1 84 0
 169              		.cfi_startproc
 170              		@ args = 0, pretend = 0, frame = 0
 171              		@ frame_needed = 0, uses_anonymous_args = 0
 172 0000 10B5     		push	{r4, lr}
 173              	.LCFI2:
 174              		.cfi_def_cfa_offset 8
 175 0002 82B0     		sub	sp, sp, #8
 176              	.LCFI3:
 177              		.cfi_def_cfa_offset 16
 178              		.loc 1 93 0
 179              		.cfi_offset 14, -4
 180              		.cfi_offset 4, -8
 181 0004 FFF7FEFF 		bl	halInit
 182              		.loc 1 94 0
 183 0008 FFF7FEFF 		bl	chSysInit
 184              		.loc 1 99 0
 185 000c 144B     		ldr	r3, .L15
 186 000e 48F20002 		movw	r2, 32768	@ movhi
 187 0012 1A83     		strh	r2, [r3, #24]	@ movhi
 188              		.loc 1 104 0
 189 0014 FFF7FEFF 		bl	sdcardInit
 190              		.loc 1 144 0
 191 0018 0024     		movs	r4, #0
 192              		.loc 1 109 0
 193 001a FFF7FEFF 		bl	consoleInit
 194              		.loc 1 119 0
 195 001e FFF7FEFF 		bl	can_commInit
 196              		.loc 1 124 0
 197 0022 FFF7FEFF 		bl	lightInit
 198              		.loc 1 129 0
 199 0026 FFF7FEFF 		bl	speedInit
 200              		.loc 1 134 0
 201 002a FFF7FEFF 		bl	measInit
 202              		.loc 1 139 0
 203 002e FFF7FEFF 		bl	cruiseInit
 204              		.loc 1 144 0
 205 0032 4FF4E871 		mov	r1, #464
 206 0036 4022     		movs	r2, #64
 207 0038 0A4B     		ldr	r3, .L15+4
 208 003a 0B48     		ldr	r0, .L15+8
 209 003c 0094     		str	r4, [sp, #0]
 210 003e FFF7FEFF 		bl	chThdCreateStatic
 211              		.loc 1 149 0
 212 0042 0A48     		ldr	r0, .L15+12
 213 0044 0A4B     		ldr	r3, .L15+16
 214 0046 0094     		str	r4, [sp, #0]
 215 0048 4FF4A871 		mov	r1, #336
 216 004c 4022     		movs	r2, #64
 217 004e FFF7FEFF 		bl	chThdCreateStatic
 218              	.L14:
 219              		.loc 1 156 0 discriminator 1
 220 0052 FFF7FEFF 		bl	consoleStart
 221              		.loc 1 157 0 discriminator 1
 222 0056 4FF47A70 		mov	r0, #1000
ARM GAS  C:\Users\DNIEL~1\AppData\Local\Temp\ccoTywRA.s 			page 5


 223 005a FFF7FEFF 		bl	chThdSleep
 224 005e F8E7     		b	.L14
 225              	.L16:
 226              		.align	2
 227              	.L15:
 228 0060 00100240 		.word	1073876992
 229 0064 00000000 		.word	task20ms
 230 0068 00000000 		.word	.LANCHOR0
 231 006c 00000000 		.word	.LANCHOR1
 232 0070 00000000 		.word	Thread1
 233              		.cfi_endproc
 234              	.LFE121:
 235              		.size	main, .-main
 236 0074 AFF30080 		.section	.bss.waThread1,"aw",%nobits
 236      AFF30080 
 236      AFF30080 
 237              		.align	3
 238              		.set	.LANCHOR1,. + 0
 239              		.type	waThread1, %object
 240              		.size	waThread1, 336
 241              	waThread1:
 242 0000 00000000 		.space	336
 242      00000000 
 242      00000000 
 242      00000000 
 242      00000000 
 243              		.section	.bss.watask20ms,"aw",%nobits
 244              		.align	3
 245              		.set	.LANCHOR0,. + 0
 246              		.type	watask20ms, %object
 247              		.size	watask20ms, 464
 248              	watask20ms:
 249 0000 00000000 		.space	464
 249      00000000 
 249      00000000 
 249      00000000 
 249      00000000 
 250              		.section	.rodata.str1.4,"aMS",%progbits,1
 251              		.align	2
 252              	.LC0:
 253 0000 626C696E 		.ascii	"blinker\000"
 253      6B657200 
 254              	.LC1:
 255 0008 7461736B 		.ascii	"task20ms\000"
 255      32306D73 
 255      00
 256 0011 000000   		.text
 257              	.Letext0:
 258              		.section	.debug_loc,"",%progbits
 259              	.Ldebug_loc0:
 260              	.LLST0:
 261 0000 00000000 		.4byte	.LFB119
 262 0004 08000000 		.4byte	.LCFI0
 263 0008 0200     		.2byte	0x2
 264 000a 7D       		.byte	0x7d
 265 000b 00       		.sleb128 0
 266 000c 08000000 		.4byte	.LCFI0
ARM GAS  C:\Users\DNIEL~1\AppData\Local\Temp\ccoTywRA.s 			page 6


 267 0010 50000000 		.4byte	.LFE119
 268 0014 0200     		.2byte	0x2
 269 0016 7D       		.byte	0x7d
 270 0017 10       		.sleb128 16
 271 0018 00000000 		.4byte	0x0
 272 001c 00000000 		.4byte	0x0
 273              	.LLST1:
 274 0020 00000000 		.4byte	.LVL0
 275 0024 02000000 		.4byte	.LVL1
 276 0028 0100     		.2byte	0x1
 277 002a 50       		.byte	0x50
 278 002b 00000000 		.4byte	0x0
 279 002f 00000000 		.4byte	0x0
 280              	.LLST2:
 281 0033 00000000 		.4byte	.LFB120
 282 0037 0A000000 		.4byte	.LCFI1
 283 003b 0200     		.2byte	0x2
 284 003d 7D       		.byte	0x7d
 285 003e 00       		.sleb128 0
 286 003f 0A000000 		.4byte	.LCFI1
 287 0043 34000000 		.4byte	.LFE120
 288 0047 0200     		.2byte	0x2
 289 0049 7D       		.byte	0x7d
 290 004a 08       		.sleb128 8
 291 004b 00000000 		.4byte	0x0
 292 004f 00000000 		.4byte	0x0
 293              	.LLST3:
 294 0053 00000000 		.4byte	.LVL2
 295 0057 04000000 		.4byte	.LVL3
 296 005b 0100     		.2byte	0x1
 297 005d 50       		.byte	0x50
 298 005e 00000000 		.4byte	0x0
 299 0062 00000000 		.4byte	0x0
 300              	.LLST4:
 301 0066 0E000000 		.4byte	.LVL4
 302 006a 10000000 		.4byte	.LVL5
 303 006e 0100     		.2byte	0x1
 304 0070 54       		.byte	0x54
 305 0071 10000000 		.4byte	.LVL5
 306 0075 34000000 		.4byte	.LFE120
 307 0079 0100     		.2byte	0x1
 308 007b 54       		.byte	0x54
 309 007c 00000000 		.4byte	0x0
 310 0080 00000000 		.4byte	0x0
 311              	.LLST5:
 312 0084 00000000 		.4byte	.LFB121
 313 0088 02000000 		.4byte	.LCFI2
 314 008c 0200     		.2byte	0x2
 315 008e 7D       		.byte	0x7d
 316 008f 00       		.sleb128 0
 317 0090 02000000 		.4byte	.LCFI2
 318 0094 04000000 		.4byte	.LCFI3
 319 0098 0200     		.2byte	0x2
 320 009a 7D       		.byte	0x7d
 321 009b 08       		.sleb128 8
 322 009c 04000000 		.4byte	.LCFI3
 323 00a0 74000000 		.4byte	.LFE121
ARM GAS  C:\Users\DNIEL~1\AppData\Local\Temp\ccoTywRA.s 			page 7


 324 00a4 0200     		.2byte	0x2
 325 00a6 7D       		.byte	0x7d
 326 00a7 10       		.sleb128 16
 327 00a8 00000000 		.4byte	0x0
 328 00ac 00000000 		.4byte	0x0
 329              		.file 2 "c:\\program files (x86)\\codesourcery\\sourcery g++ lite\\bin\\../lib/gcc/arm-none-eabi/4
 330              		.file 3 "../../../ChibiOS/os/ports/GCC/ARMCMx/chtypes.h"
 331              		.file 4 "../../../ChibiOS/os/kernel/include/chlists.h"
 332              		.file 5 "../../../ChibiOS/os/kernel/include/chthreads.h"
 333              		.file 6 "../../../ChibiOS/os/ports/GCC/ARMCMx/chcore_v7m.h"
 334              		.file 7 "../../../ChibiOS/os/kernel/include/chvt.h"
 335              		.file 8 "../../../ChibiOS/os/kernel/include/chschd.h"
 336              		.file 9 "../../../ChibiOS/os/kernel/include/chmtx.h"
 337              		.file 10 "../../../ChibiOS/os/hal/platforms/STM32/GPIOv2/pal_lld.h"
 338              		.file 11 "../../../ChibiOS/os/ports/common/ARMCMx/CMSIS/include/core_cm4.h"
 339              		.section	.debug_info
 340 0000 54070000 		.4byte	0x754
 341 0004 0200     		.2byte	0x2
 342 0006 00000000 		.4byte	.Ldebug_abbrev0
 343 000a 04       		.byte	0x4
 344 000b 01       		.uleb128 0x1
 345 000c 8C030000 		.4byte	.LASF96
 346 0010 01       		.byte	0x1
 347 0011 6F020000 		.4byte	.LASF97
 348 0015 C1010000 		.4byte	.LASF98
 349 0019 00000000 		.4byte	0x0
 350 001d 00000000 		.4byte	0x0
 351 0021 18000000 		.4byte	.Ldebug_ranges0+0x18
 352 0025 00000000 		.4byte	.Ldebug_line0
 353 0029 02       		.uleb128 0x2
 354 002a 04       		.byte	0x4
 355 002b 07       		.byte	0x7
 356 002c A3010000 		.4byte	.LASF0
 357 0030 03       		.uleb128 0x3
 358 0031 04       		.byte	0x4
 359 0032 02       		.uleb128 0x2
 360 0033 01       		.byte	0x1
 361 0034 06       		.byte	0x6
 362 0035 6F010000 		.4byte	.LASF1
 363 0039 02       		.uleb128 0x2
 364 003a 01       		.byte	0x1
 365 003b 08       		.byte	0x8
 366 003c 54010000 		.4byte	.LASF2
 367 0040 02       		.uleb128 0x2
 368 0041 02       		.byte	0x2
 369 0042 05       		.byte	0x5
 370 0043 2A000000 		.4byte	.LASF3
 371 0047 02       		.uleb128 0x2
 372 0048 02       		.byte	0x2
 373 0049 07       		.byte	0x7
 374 004a A6020000 		.4byte	.LASF4
 375 004e 04       		.uleb128 0x4
 376 004f 04       		.byte	0x4
 377 0050 05       		.byte	0x5
 378 0051 696E7400 		.ascii	"int\000"
 379 0055 02       		.uleb128 0x2
 380 0056 08       		.byte	0x8
ARM GAS  C:\Users\DNIEL~1\AppData\Local\Temp\ccoTywRA.s 			page 8


 381 0057 05       		.byte	0x5
 382 0058 54000000 		.4byte	.LASF5
 383 005c 02       		.uleb128 0x2
 384 005d 08       		.byte	0x8
 385 005e 07       		.byte	0x7
 386 005f 83010000 		.4byte	.LASF6
 387 0063 02       		.uleb128 0x2
 388 0064 04       		.byte	0x4
 389 0065 05       		.byte	0x5
 390 0066 09010000 		.4byte	.LASF7
 391 006a 02       		.uleb128 0x2
 392 006b 04       		.byte	0x4
 393 006c 07       		.byte	0x7
 394 006d C1020000 		.4byte	.LASF8
 395 0071 02       		.uleb128 0x2
 396 0072 01       		.byte	0x1
 397 0073 08       		.byte	0x8
 398 0074 40020000 		.4byte	.LASF9
 399 0078 05       		.uleb128 0x5
 400 0079 04       		.byte	0x4
 401 007a 7E000000 		.4byte	0x7e
 402 007e 06       		.uleb128 0x6
 403 007f 71000000 		.4byte	0x71
 404 0083 07       		.uleb128 0x7
 405 0084 F7020000 		.4byte	.LASF10
 406 0088 02       		.byte	0x2
 407 0089 2A       		.byte	0x2a
 408 008a 39000000 		.4byte	0x39
 409 008e 07       		.uleb128 0x7
 410 008f B0010000 		.4byte	.LASF11
 411 0093 02       		.byte	0x2
 412 0094 36       		.byte	0x36
 413 0095 47000000 		.4byte	0x47
 414 0099 07       		.uleb128 0x7
 415 009a 58020000 		.4byte	.LASF12
 416 009e 02       		.byte	0x2
 417 009f 4F       		.byte	0x4f
 418 00a0 63000000 		.4byte	0x63
 419 00a4 07       		.uleb128 0x7
 420 00a5 9A010000 		.4byte	.LASF13
 421 00a9 02       		.byte	0x2
 422 00aa 50       		.byte	0x50
 423 00ab 6A000000 		.4byte	0x6a
 424 00af 07       		.uleb128 0x7
 425 00b0 15000000 		.4byte	.LASF14
 426 00b4 02       		.byte	0x2
 427 00b5 78       		.byte	0x78
 428 00b6 5C000000 		.4byte	0x5c
 429 00ba 02       		.uleb128 0x2
 430 00bb 01       		.byte	0x1
 431 00bc 02       		.byte	0x2
 432 00bd 7A020000 		.4byte	.LASF15
 433 00c1 07       		.uleb128 0x7
 434 00c2 EB000000 		.4byte	.LASF16
 435 00c6 03       		.byte	0x3
 436 00c7 2C       		.byte	0x2c
 437 00c8 83000000 		.4byte	0x83
ARM GAS  C:\Users\DNIEL~1\AppData\Local\Temp\ccoTywRA.s 			page 9


 438 00cc 07       		.uleb128 0x7
 439 00cd FF020000 		.4byte	.LASF17
 440 00d1 03       		.byte	0x3
 441 00d2 2D       		.byte	0x2d
 442 00d3 83000000 		.4byte	0x83
 443 00d7 07       		.uleb128 0x7
 444 00d8 0D000000 		.4byte	.LASF18
 445 00dc 03       		.byte	0x3
 446 00dd 2E       		.byte	0x2e
 447 00de 83000000 		.4byte	0x83
 448 00e2 07       		.uleb128 0x7
 449 00e3 C0000000 		.4byte	.LASF19
 450 00e7 03       		.byte	0x3
 451 00e8 2F       		.byte	0x2f
 452 00e9 83000000 		.4byte	0x83
 453 00ed 07       		.uleb128 0x7
 454 00ee FB000000 		.4byte	.LASF20
 455 00f2 03       		.byte	0x3
 456 00f3 30       		.byte	0x30
 457 00f4 A4000000 		.4byte	0xa4
 458 00f8 07       		.uleb128 0x7
 459 00f9 80030000 		.4byte	.LASF21
 460 00fd 03       		.byte	0x3
 461 00fe 31       		.byte	0x31
 462 00ff 99000000 		.4byte	0x99
 463 0103 07       		.uleb128 0x7
 464 0104 62000000 		.4byte	.LASF22
 465 0108 03       		.byte	0x3
 466 0109 33       		.byte	0x33
 467 010a A4000000 		.4byte	0xa4
 468 010e 07       		.uleb128 0x7
 469 010f 30020000 		.4byte	.LASF23
 470 0113 03       		.byte	0x3
 471 0114 35       		.byte	0x35
 472 0115 A4000000 		.4byte	0xa4
 473 0119 07       		.uleb128 0x7
 474 011a E9020000 		.4byte	.LASF24
 475 011e 04       		.byte	0x4
 476 011f 2A       		.byte	0x2a
 477 0120 24010000 		.4byte	0x124
 478 0124 08       		.uleb128 0x8
 479 0125 E9020000 		.4byte	.LASF24
 480 0129 48       		.byte	0x48
 481 012a 05       		.byte	0x5
 482 012b 5E       		.byte	0x5e
 483 012c 49020000 		.4byte	0x249
 484 0130 09       		.uleb128 0x9
 485 0131 80000000 		.4byte	.LASF25
 486 0135 05       		.byte	0x5
 487 0136 5F       		.byte	0x5f
 488 0137 6E020000 		.4byte	0x26e
 489 013b 02       		.byte	0x2
 490 013c 23       		.byte	0x23
 491 013d 00       		.uleb128 0x0
 492 013e 09       		.uleb128 0x9
 493 013f 47000000 		.4byte	.LASF26
 494 0143 05       		.byte	0x5
ARM GAS  C:\Users\DNIEL~1\AppData\Local\Temp\ccoTywRA.s 			page 10


 495 0144 61       		.byte	0x61
 496 0145 6E020000 		.4byte	0x26e
 497 0149 02       		.byte	0x2
 498 014a 23       		.byte	0x23
 499 014b 04       		.uleb128 0x4
 500 014c 09       		.uleb128 0x9
 501 014d 79000000 		.4byte	.LASF27
 502 0151 05       		.byte	0x5
 503 0152 63       		.byte	0x63
 504 0153 ED000000 		.4byte	0xed
 505 0157 02       		.byte	0x2
 506 0158 23       		.byte	0x23
 507 0159 08       		.uleb128 0x8
 508 015a 09       		.uleb128 0x9
 509 015b 51030000 		.4byte	.LASF28
 510 015f 05       		.byte	0x5
 511 0160 64       		.byte	0x64
 512 0161 45030000 		.4byte	0x345
 513 0165 02       		.byte	0x2
 514 0166 23       		.byte	0x23
 515 0167 0C       		.uleb128 0xc
 516 0168 09       		.uleb128 0x9
 517 0169 7B010000 		.4byte	.LASF29
 518 016d 05       		.byte	0x5
 519 016e 66       		.byte	0x66
 520 016f 6E020000 		.4byte	0x26e
 521 0173 02       		.byte	0x2
 522 0174 23       		.byte	0x23
 523 0175 10       		.uleb128 0x10
 524 0176 09       		.uleb128 0x9
 525 0177 2E030000 		.4byte	.LASF30
 526 017b 05       		.byte	0x5
 527 017c 67       		.byte	0x67
 528 017d 6E020000 		.4byte	0x26e
 529 0181 02       		.byte	0x2
 530 0182 23       		.byte	0x23
 531 0183 14       		.uleb128 0x14
 532 0184 09       		.uleb128 0x9
 533 0185 4C020000 		.4byte	.LASF31
 534 0189 05       		.byte	0x5
 535 018a 6E       		.byte	0x6e
 536 018b 78000000 		.4byte	0x78
 537 018f 02       		.byte	0x2
 538 0190 23       		.byte	0x23
 539 0191 18       		.uleb128 0x18
 540 0192 09       		.uleb128 0x9
 541 0193 67020000 		.4byte	.LASF32
 542 0197 05       		.byte	0x5
 543 0198 79       		.byte	0x79
 544 0199 CC000000 		.4byte	0xcc
 545 019d 02       		.byte	0x2
 546 019e 23       		.byte	0x23
 547 019f 1C       		.uleb128 0x1c
 548 01a0 09       		.uleb128 0x9
 549 01a1 13020000 		.4byte	.LASF33
 550 01a5 05       		.byte	0x5
 551 01a6 7D       		.byte	0x7d
ARM GAS  C:\Users\DNIEL~1\AppData\Local\Temp\ccoTywRA.s 			page 11


 552 01a7 C1000000 		.4byte	0xc1
 553 01ab 02       		.byte	0x2
 554 01ac 23       		.byte	0x23
 555 01ad 1D       		.uleb128 0x1d
 556 01ae 09       		.uleb128 0x9
 557 01af 4A030000 		.4byte	.LASF34
 558 01b3 05       		.byte	0x5
 559 01b4 82       		.byte	0x82
 560 01b5 D7000000 		.4byte	0xd7
 561 01b9 02       		.byte	0x2
 562 01ba 23       		.byte	0x23
 563 01bb 1E       		.uleb128 0x1e
 564 01bc 09       		.uleb128 0x9
 565 01bd 1B020000 		.4byte	.LASF35
 566 01c1 05       		.byte	0x5
 567 01c2 88       		.byte	0x88
 568 01c3 E2000000 		.4byte	0xe2
 569 01c7 02       		.byte	0x2
 570 01c8 23       		.byte	0x23
 571 01c9 1F       		.uleb128 0x1f
 572 01ca 09       		.uleb128 0x9
 573 01cb D7000000 		.4byte	.LASF36
 574 01cf 05       		.byte	0x5
 575 01d0 8F       		.byte	0x8f
 576 01d1 2F040000 		.4byte	0x42f
 577 01d5 02       		.byte	0x2
 578 01d6 23       		.byte	0x23
 579 01d7 20       		.uleb128 0x20
 580 01d8 0A       		.uleb128 0xa
 581 01d9 705F7500 		.ascii	"p_u\000"
 582 01dd 05       		.byte	0x5
 583 01de B4       		.byte	0xb4
 584 01df EF040000 		.4byte	0x4ef
 585 01e3 02       		.byte	0x2
 586 01e4 23       		.byte	0x23
 587 01e5 24       		.uleb128 0x24
 588 01e6 09       		.uleb128 0x9
 589 01e7 80020000 		.4byte	.LASF37
 590 01eb 05       		.byte	0x5
 591 01ec B9       		.byte	0xb9
 592 01ed 96020000 		.4byte	0x296
 593 01f1 02       		.byte	0x2
 594 01f2 23       		.byte	0x23
 595 01f3 28       		.uleb128 0x28
 596 01f4 09       		.uleb128 0x9
 597 01f5 6E000000 		.4byte	.LASF38
 598 01f9 05       		.byte	0x5
 599 01fa BF       		.byte	0xbf
 600 01fb 74020000 		.4byte	0x274
 601 01ff 02       		.byte	0x2
 602 0200 23       		.byte	0x23
 603 0201 2C       		.uleb128 0x2c
 604 0202 09       		.uleb128 0x9
 605 0203 39010000 		.4byte	.LASF39
 606 0207 05       		.byte	0x5
 607 0208 C3       		.byte	0xc3
 608 0209 F8000000 		.4byte	0xf8
ARM GAS  C:\Users\DNIEL~1\AppData\Local\Temp\ccoTywRA.s 			page 12


 609 020d 02       		.byte	0x2
 610 020e 23       		.byte	0x23
 611 020f 34       		.uleb128 0x34
 612 0210 09       		.uleb128 0x9
 613 0211 3C000000 		.4byte	.LASF40
 614 0215 05       		.byte	0x5
 615 0216 C9       		.byte	0xc9
 616 0217 03010000 		.4byte	0x103
 617 021b 02       		.byte	0x2
 618 021c 23       		.byte	0x23
 619 021d 38       		.uleb128 0x38
 620 021e 09       		.uleb128 0x9
 621 021f 95020000 		.4byte	.LASF41
 622 0223 05       		.byte	0x5
 623 0224 D0       		.byte	0xd0
 624 0225 24050000 		.4byte	0x524
 625 0229 02       		.byte	0x2
 626 022a 23       		.byte	0x23
 627 022b 3C       		.uleb128 0x3c
 628 022c 09       		.uleb128 0x9
 629 022d 25020000 		.4byte	.LASF42
 630 0231 05       		.byte	0x5
 631 0232 D4       		.byte	0xd4
 632 0233 ED000000 		.4byte	0xed
 633 0237 02       		.byte	0x2
 634 0238 23       		.byte	0x23
 635 0239 40       		.uleb128 0x40
 636 023a 09       		.uleb128 0x9
 637 023b FE010000 		.4byte	.LASF43
 638 023f 05       		.byte	0x5
 639 0240 DA       		.byte	0xda
 640 0241 30000000 		.4byte	0x30
 641 0245 02       		.byte	0x2
 642 0246 23       		.byte	0x23
 643 0247 44       		.uleb128 0x44
 644 0248 00       		.byte	0x0
 645 0249 0B       		.uleb128 0xb
 646 024a 08       		.byte	0x8
 647 024b 04       		.byte	0x4
 648 024c 61       		.byte	0x61
 649 024d 6E020000 		.4byte	0x26e
 650 0251 09       		.uleb128 0x9
 651 0252 80000000 		.4byte	.LASF25
 652 0256 04       		.byte	0x4
 653 0257 62       		.byte	0x62
 654 0258 6E020000 		.4byte	0x26e
 655 025c 02       		.byte	0x2
 656 025d 23       		.byte	0x23
 657 025e 00       		.uleb128 0x0
 658 025f 09       		.uleb128 0x9
 659 0260 47000000 		.4byte	.LASF26
 660 0264 04       		.byte	0x4
 661 0265 64       		.byte	0x64
 662 0266 6E020000 		.4byte	0x26e
 663 026a 02       		.byte	0x2
 664 026b 23       		.byte	0x23
 665 026c 04       		.uleb128 0x4
ARM GAS  C:\Users\DNIEL~1\AppData\Local\Temp\ccoTywRA.s 			page 13


 666 026d 00       		.byte	0x0
 667 026e 05       		.uleb128 0x5
 668 026f 04       		.byte	0x4
 669 0270 19010000 		.4byte	0x119
 670 0274 07       		.uleb128 0x7
 671 0275 62010000 		.4byte	.LASF44
 672 0279 04       		.byte	0x4
 673 027a 66       		.byte	0x66
 674 027b 49020000 		.4byte	0x249
 675 027f 0B       		.uleb128 0xb
 676 0280 04       		.byte	0x4
 677 0281 04       		.byte	0x4
 678 0282 6B       		.byte	0x6b
 679 0283 96020000 		.4byte	0x296
 680 0287 09       		.uleb128 0x9
 681 0288 80000000 		.4byte	.LASF25
 682 028c 04       		.byte	0x4
 683 028d 6D       		.byte	0x6d
 684 028e 6E020000 		.4byte	0x26e
 685 0292 02       		.byte	0x2
 686 0293 23       		.byte	0x23
 687 0294 00       		.uleb128 0x0
 688 0295 00       		.byte	0x0
 689 0296 07       		.uleb128 0x7
 690 0297 1E000000 		.4byte	.LASF45
 691 029b 04       		.byte	0x4
 692 029c 70       		.byte	0x70
 693 029d 7F020000 		.4byte	0x27f
 694 02a1 07       		.uleb128 0x7
 695 02a2 9D000000 		.4byte	.LASF46
 696 02a6 06       		.byte	0x6
 697 02a7 E5       		.byte	0xe5
 698 02a8 30000000 		.4byte	0x30
 699 02ac 07       		.uleb128 0x7
 700 02ad 08030000 		.4byte	.LASF47
 701 02b1 06       		.byte	0x6
 702 02b2 EB       		.byte	0xeb
 703 02b3 AF000000 		.4byte	0xaf
 704 02b7 0C       		.uleb128 0xc
 705 02b8 9F020000 		.4byte	.LASF48
 706 02bc 24       		.byte	0x24
 707 02bd 06       		.byte	0x6
 708 02be 0C01     		.2byte	0x10c
 709 02c0 45030000 		.4byte	0x345
 710 02c4 0D       		.uleb128 0xd
 711 02c5 723400   		.ascii	"r4\000"
 712 02c8 06       		.byte	0x6
 713 02c9 1F01     		.2byte	0x11f
 714 02cb A1020000 		.4byte	0x2a1
 715 02cf 02       		.byte	0x2
 716 02d0 23       		.byte	0x23
 717 02d1 00       		.uleb128 0x0
 718 02d2 0D       		.uleb128 0xd
 719 02d3 723500   		.ascii	"r5\000"
 720 02d6 06       		.byte	0x6
 721 02d7 2001     		.2byte	0x120
 722 02d9 A1020000 		.4byte	0x2a1
ARM GAS  C:\Users\DNIEL~1\AppData\Local\Temp\ccoTywRA.s 			page 14


 723 02dd 02       		.byte	0x2
 724 02de 23       		.byte	0x23
 725 02df 04       		.uleb128 0x4
 726 02e0 0D       		.uleb128 0xd
 727 02e1 723600   		.ascii	"r6\000"
 728 02e4 06       		.byte	0x6
 729 02e5 2101     		.2byte	0x121
 730 02e7 A1020000 		.4byte	0x2a1
 731 02eb 02       		.byte	0x2
 732 02ec 23       		.byte	0x23
 733 02ed 08       		.uleb128 0x8
 734 02ee 0D       		.uleb128 0xd
 735 02ef 723700   		.ascii	"r7\000"
 736 02f2 06       		.byte	0x6
 737 02f3 2201     		.2byte	0x122
 738 02f5 A1020000 		.4byte	0x2a1
 739 02f9 02       		.byte	0x2
 740 02fa 23       		.byte	0x23
 741 02fb 0C       		.uleb128 0xc
 742 02fc 0D       		.uleb128 0xd
 743 02fd 723800   		.ascii	"r8\000"
 744 0300 06       		.byte	0x6
 745 0301 2301     		.2byte	0x123
 746 0303 A1020000 		.4byte	0x2a1
 747 0307 02       		.byte	0x2
 748 0308 23       		.byte	0x23
 749 0309 10       		.uleb128 0x10
 750 030a 0D       		.uleb128 0xd
 751 030b 723900   		.ascii	"r9\000"
 752 030e 06       		.byte	0x6
 753 030f 2401     		.2byte	0x124
 754 0311 A1020000 		.4byte	0x2a1
 755 0315 02       		.byte	0x2
 756 0316 23       		.byte	0x23
 757 0317 14       		.uleb128 0x14
 758 0318 0D       		.uleb128 0xd
 759 0319 72313000 		.ascii	"r10\000"
 760 031d 06       		.byte	0x6
 761 031e 2501     		.2byte	0x125
 762 0320 A1020000 		.4byte	0x2a1
 763 0324 02       		.byte	0x2
 764 0325 23       		.byte	0x23
 765 0326 18       		.uleb128 0x18
 766 0327 0D       		.uleb128 0xd
 767 0328 72313100 		.ascii	"r11\000"
 768 032c 06       		.byte	0x6
 769 032d 2601     		.2byte	0x126
 770 032f A1020000 		.4byte	0x2a1
 771 0333 02       		.byte	0x2
 772 0334 23       		.byte	0x23
 773 0335 1C       		.uleb128 0x1c
 774 0336 0D       		.uleb128 0xd
 775 0337 6C7200   		.ascii	"lr\000"
 776 033a 06       		.byte	0x6
 777 033b 2701     		.2byte	0x127
 778 033d A1020000 		.4byte	0x2a1
 779 0341 02       		.byte	0x2
ARM GAS  C:\Users\DNIEL~1\AppData\Local\Temp\ccoTywRA.s 			page 15


 780 0342 23       		.byte	0x23
 781 0343 20       		.uleb128 0x20
 782 0344 00       		.byte	0x0
 783 0345 0C       		.uleb128 0xc
 784 0346 B9010000 		.4byte	.LASF49
 785 034a 04       		.byte	0x4
 786 034b 06       		.byte	0x6
 787 034c 3101     		.2byte	0x131
 788 034e 62030000 		.4byte	0x362
 789 0352 0D       		.uleb128 0xd
 790 0353 72313300 		.ascii	"r13\000"
 791 0357 06       		.byte	0x6
 792 0358 3201     		.2byte	0x132
 793 035a 62030000 		.4byte	0x362
 794 035e 02       		.byte	0x2
 795 035f 23       		.byte	0x23
 796 0360 00       		.uleb128 0x0
 797 0361 00       		.byte	0x0
 798 0362 05       		.uleb128 0x5
 799 0363 04       		.byte	0x4
 800 0364 B7020000 		.4byte	0x2b7
 801 0368 0E       		.uleb128 0xe
 802 0369 A4000000 		.4byte	0xa4
 803 036d 07       		.uleb128 0x7
 804 036e 3F010000 		.4byte	.LASF50
 805 0372 07       		.byte	0x7
 806 0373 58       		.byte	0x58
 807 0374 78030000 		.4byte	0x378
 808 0378 05       		.uleb128 0x5
 809 0379 04       		.byte	0x4
 810 037a 7E030000 		.4byte	0x37e
 811 037e 0F       		.uleb128 0xf
 812 037f 01       		.byte	0x1
 813 0380 8A030000 		.4byte	0x38a
 814 0384 10       		.uleb128 0x10
 815 0385 30000000 		.4byte	0x30
 816 0389 00       		.byte	0x0
 817 038a 07       		.uleb128 0x7
 818 038b 36030000 		.4byte	.LASF51
 819 038f 07       		.byte	0x7
 820 0390 5D       		.byte	0x5d
 821 0391 95030000 		.4byte	0x395
 822 0395 08       		.uleb128 0x8
 823 0396 36030000 		.4byte	.LASF51
 824 039a 14       		.byte	0x14
 825 039b 07       		.byte	0x7
 826 039c 64       		.byte	0x64
 827 039d E8030000 		.4byte	0x3e8
 828 03a1 09       		.uleb128 0x9
 829 03a2 1D030000 		.4byte	.LASF52
 830 03a6 07       		.byte	0x7
 831 03a7 65       		.byte	0x65
 832 03a8 E8030000 		.4byte	0x3e8
 833 03ac 02       		.byte	0x2
 834 03ad 23       		.byte	0x23
 835 03ae 00       		.uleb128 0x0
 836 03af 09       		.uleb128 0x9
ARM GAS  C:\Users\DNIEL~1\AppData\Local\Temp\ccoTywRA.s 			page 16


 837 03b0 E1020000 		.4byte	.LASF53
 838 03b4 07       		.byte	0x7
 839 03b5 67       		.byte	0x67
 840 03b6 E8030000 		.4byte	0x3e8
 841 03ba 02       		.byte	0x2
 842 03bb 23       		.byte	0x23
 843 03bc 04       		.uleb128 0x4
 844 03bd 09       		.uleb128 0x9
 845 03be 78030000 		.4byte	.LASF54
 846 03c2 07       		.byte	0x7
 847 03c3 69       		.byte	0x69
 848 03c4 0E010000 		.4byte	0x10e
 849 03c8 02       		.byte	0x2
 850 03c9 23       		.byte	0x23
 851 03ca 08       		.uleb128 0x8
 852 03cb 09       		.uleb128 0x9
 853 03cc 95000000 		.4byte	.LASF55
 854 03d0 07       		.byte	0x7
 855 03d1 6A       		.byte	0x6a
 856 03d2 6D030000 		.4byte	0x36d
 857 03d6 02       		.byte	0x2
 858 03d7 23       		.byte	0x23
 859 03d8 0C       		.uleb128 0xc
 860 03d9 09       		.uleb128 0x9
 861 03da F0020000 		.4byte	.LASF56
 862 03de 07       		.byte	0x7
 863 03df 6C       		.byte	0x6c
 864 03e0 30000000 		.4byte	0x30
 865 03e4 02       		.byte	0x2
 866 03e5 23       		.byte	0x23
 867 03e6 10       		.uleb128 0x10
 868 03e7 00       		.byte	0x0
 869 03e8 05       		.uleb128 0x5
 870 03e9 04       		.byte	0x4
 871 03ea 8A030000 		.4byte	0x38a
 872 03ee 0B       		.uleb128 0xb
 873 03ef 10       		.byte	0x10
 874 03f0 07       		.byte	0x7
 875 03f1 76       		.byte	0x76
 876 03f2 2F040000 		.4byte	0x42f
 877 03f6 09       		.uleb128 0x9
 878 03f7 1D030000 		.4byte	.LASF52
 879 03fb 07       		.byte	0x7
 880 03fc 77       		.byte	0x77
 881 03fd E8030000 		.4byte	0x3e8
 882 0401 02       		.byte	0x2
 883 0402 23       		.byte	0x23
 884 0403 00       		.uleb128 0x0
 885 0404 09       		.uleb128 0x9
 886 0405 E1020000 		.4byte	.LASF53
 887 0409 07       		.byte	0x7
 888 040a 79       		.byte	0x79
 889 040b E8030000 		.4byte	0x3e8
 890 040f 02       		.byte	0x2
 891 0410 23       		.byte	0x23
 892 0411 04       		.uleb128 0x4
 893 0412 09       		.uleb128 0x9
ARM GAS  C:\Users\DNIEL~1\AppData\Local\Temp\ccoTywRA.s 			page 17


 894 0413 78030000 		.4byte	.LASF54
 895 0417 07       		.byte	0x7
 896 0418 7B       		.byte	0x7b
 897 0419 0E010000 		.4byte	0x10e
 898 041d 02       		.byte	0x2
 899 041e 23       		.byte	0x23
 900 041f 08       		.uleb128 0x8
 901 0420 09       		.uleb128 0x9
 902 0421 B5000000 		.4byte	.LASF57
 903 0425 07       		.byte	0x7
 904 0426 7C       		.byte	0x7c
 905 0427 2F040000 		.4byte	0x42f
 906 042b 02       		.byte	0x2
 907 042c 23       		.byte	0x23
 908 042d 0C       		.uleb128 0xc
 909 042e 00       		.byte	0x0
 910 042f 0E       		.uleb128 0xe
 911 0430 0E010000 		.4byte	0x10e
 912 0434 07       		.uleb128 0x7
 913 0435 43030000 		.4byte	.LASF58
 914 0439 07       		.byte	0x7
 915 043a 7D       		.byte	0x7d
 916 043b EE030000 		.4byte	0x3ee
 917 043f 0B       		.uleb128 0xb
 918 0440 1C       		.byte	0x1c
 919 0441 08       		.byte	0x8
 920 0442 5E       		.byte	0x5e
 921 0443 9C040000 		.4byte	0x49c
 922 0447 09       		.uleb128 0x9
 923 0448 34000000 		.4byte	.LASF59
 924 044c 08       		.byte	0x8
 925 044d 5F       		.byte	0x5f
 926 044e 74020000 		.4byte	0x274
 927 0452 02       		.byte	0x2
 928 0453 23       		.byte	0x23
 929 0454 00       		.uleb128 0x0
 930 0455 09       		.uleb128 0x9
 931 0456 60020000 		.4byte	.LASF60
 932 045a 08       		.byte	0x8
 933 045b 60       		.byte	0x60
 934 045c ED000000 		.4byte	0xed
 935 0460 02       		.byte	0x2
 936 0461 23       		.byte	0x23
 937 0462 08       		.uleb128 0x8
 938 0463 09       		.uleb128 0x9
 939 0464 4E000000 		.4byte	.LASF61
 940 0468 08       		.byte	0x8
 941 0469 62       		.byte	0x62
 942 046a 45030000 		.4byte	0x345
 943 046e 02       		.byte	0x2
 944 046f 23       		.byte	0x23
 945 0470 0C       		.uleb128 0xc
 946 0471 09       		.uleb128 0x9
 947 0472 0B020000 		.4byte	.LASF62
 948 0476 08       		.byte	0x8
 949 0477 65       		.byte	0x65
 950 0478 6E020000 		.4byte	0x26e
ARM GAS  C:\Users\DNIEL~1\AppData\Local\Temp\ccoTywRA.s 			page 18


 951 047c 02       		.byte	0x2
 952 047d 23       		.byte	0x23
 953 047e 10       		.uleb128 0x10
 954 047f 09       		.uleb128 0x9
 955 0480 98030000 		.4byte	.LASF63
 956 0484 08       		.byte	0x8
 957 0485 66       		.byte	0x66
 958 0486 6E020000 		.4byte	0x26e
 959 048a 02       		.byte	0x2
 960 048b 23       		.byte	0x23
 961 048c 14       		.uleb128 0x14
 962 048d 09       		.uleb128 0x9
 963 048e 2F010000 		.4byte	.LASF64
 964 0492 08       		.byte	0x8
 965 0493 69       		.byte	0x69
 966 0494 6E020000 		.4byte	0x26e
 967 0498 02       		.byte	0x2
 968 0499 23       		.byte	0x23
 969 049a 18       		.uleb128 0x18
 970 049b 00       		.byte	0x0
 971 049c 07       		.uleb128 0x7
 972 049d 13030000 		.4byte	.LASF65
 973 04a1 08       		.byte	0x8
 974 04a2 6B       		.byte	0x6b
 975 04a3 3F040000 		.4byte	0x43f
 976 04a7 08       		.uleb128 0x8
 977 04a8 12010000 		.4byte	.LASF66
 978 04ac 10       		.byte	0x10
 979 04ad 09       		.byte	0x9
 980 04ae 2C       		.byte	0x2c
 981 04af DE040000 		.4byte	0x4de
 982 04b3 09       		.uleb128 0x9
 983 04b4 1D010000 		.4byte	.LASF67
 984 04b8 09       		.byte	0x9
 985 04b9 2D       		.byte	0x2d
 986 04ba 74020000 		.4byte	0x274
 987 04be 02       		.byte	0x2
 988 04bf 23       		.byte	0x23
 989 04c0 00       		.uleb128 0x0
 990 04c1 09       		.uleb128 0x9
 991 04c2 64030000 		.4byte	.LASF68
 992 04c6 09       		.byte	0x9
 993 04c7 2F       		.byte	0x2f
 994 04c8 6E020000 		.4byte	0x26e
 995 04cc 02       		.byte	0x2
 996 04cd 23       		.byte	0x23
 997 04ce 08       		.uleb128 0x8
 998 04cf 09       		.uleb128 0x9
 999 04d0 8E000000 		.4byte	.LASF69
 1000 04d4 09       		.byte	0x9
 1001 04d5 31       		.byte	0x31
 1002 04d6 DE040000 		.4byte	0x4de
 1003 04da 02       		.byte	0x2
 1004 04db 23       		.byte	0x23
 1005 04dc 0C       		.uleb128 0xc
 1006 04dd 00       		.byte	0x0
 1007 04de 05       		.uleb128 0x5
ARM GAS  C:\Users\DNIEL~1\AppData\Local\Temp\ccoTywRA.s 			page 19


 1008 04df 04       		.byte	0x4
 1009 04e0 A7040000 		.4byte	0x4a7
 1010 04e4 07       		.uleb128 0x7
 1011 04e5 12010000 		.4byte	.LASF66
 1012 04e9 09       		.byte	0x9
 1013 04ea 33       		.byte	0x33
 1014 04eb A7040000 		.4byte	0x4a7
 1015 04ef 11       		.uleb128 0x11
 1016 04f0 04       		.byte	0x4
 1017 04f1 05       		.byte	0x5
 1018 04f2 96       		.byte	0x96
 1019 04f3 24050000 		.4byte	0x524
 1020 04f7 12       		.uleb128 0x12
 1021 04f8 71030000 		.4byte	.LASF70
 1022 04fc 05       		.byte	0x5
 1023 04fd 9D       		.byte	0x9d
 1024 04fe F8000000 		.4byte	0xf8
 1025 0502 12       		.uleb128 0x12
 1026 0503 AC000000 		.4byte	.LASF71
 1027 0507 05       		.byte	0x5
 1028 0508 A4       		.byte	0xa4
 1029 0509 F8000000 		.4byte	0xf8
 1030 050d 12       		.uleb128 0x12
 1031 050e DA020000 		.4byte	.LASF72
 1032 0512 05       		.byte	0x5
 1033 0513 AB       		.byte	0xab
 1034 0514 30000000 		.4byte	0x30
 1035 0518 12       		.uleb128 0x12
 1036 0519 45020000 		.4byte	.LASF73
 1037 051d 05       		.byte	0x5
 1038 051e B2       		.byte	0xb2
 1039 051f 03010000 		.4byte	0x103
 1040 0523 00       		.byte	0x0
 1041 0524 05       		.uleb128 0x5
 1042 0525 04       		.byte	0x4
 1043 0526 E4040000 		.4byte	0x4e4
 1044 052a 0E       		.uleb128 0xe
 1045 052b 99000000 		.4byte	0x99
 1046 052f 0B       		.uleb128 0xb
 1047 0530 04       		.byte	0x4
 1048 0531 0A       		.byte	0xa
 1049 0532 96       		.byte	0x96
 1050 0533 54050000 		.4byte	0x554
 1051 0537 0A       		.uleb128 0xa
 1052 0538 73657400 		.ascii	"set\000"
 1053 053c 0A       		.byte	0xa
 1054 053d 97       		.byte	0x97
 1055 053e 8E000000 		.4byte	0x8e
 1056 0542 02       		.byte	0x2
 1057 0543 23       		.byte	0x23
 1058 0544 00       		.uleb128 0x0
 1059 0545 09       		.uleb128 0x9
 1060 0546 A6000000 		.4byte	.LASF74
 1061 054a 0A       		.byte	0xa
 1062 054b 98       		.byte	0x98
 1063 054c 8E000000 		.4byte	0x8e
 1064 0550 02       		.byte	0x2
ARM GAS  C:\Users\DNIEL~1\AppData\Local\Temp\ccoTywRA.s 			page 20


 1065 0551 23       		.byte	0x23
 1066 0552 02       		.uleb128 0x2
 1067 0553 00       		.byte	0x0
 1068 0554 11       		.uleb128 0x11
 1069 0555 04       		.byte	0x4
 1070 0556 0A       		.byte	0xa
 1071 0557 94       		.byte	0x94
 1072 0558 6F050000 		.4byte	0x56f
 1073 055c 13       		.uleb128 0x13
 1074 055d 5700     		.ascii	"W\000"
 1075 055f 0A       		.byte	0xa
 1076 0560 95       		.byte	0x95
 1077 0561 A4000000 		.4byte	0xa4
 1078 0565 13       		.uleb128 0x13
 1079 0566 4800     		.ascii	"H\000"
 1080 0568 0A       		.byte	0xa
 1081 0569 99       		.byte	0x99
 1082 056a 2F050000 		.4byte	0x52f
 1083 056e 00       		.byte	0x0
 1084 056f 0B       		.uleb128 0xb
 1085 0570 28       		.byte	0x28
 1086 0571 0A       		.byte	0xa
 1087 0572 8C       		.byte	0x8c
 1088 0573 04060000 		.4byte	0x604
 1089 0577 09       		.uleb128 0x9
 1090 0578 86030000 		.4byte	.LASF75
 1091 057c 0A       		.byte	0xa
 1092 057d 8E       		.byte	0x8e
 1093 057e 68030000 		.4byte	0x368
 1094 0582 02       		.byte	0x2
 1095 0583 23       		.byte	0x23
 1096 0584 00       		.uleb128 0x0
 1097 0585 09       		.uleb128 0x9
 1098 0586 DE000000 		.4byte	.LASF76
 1099 058a 0A       		.byte	0xa
 1100 058b 8F       		.byte	0x8f
 1101 058c 68030000 		.4byte	0x368
 1102 0590 02       		.byte	0x2
 1103 0591 23       		.byte	0x23
 1104 0592 04       		.uleb128 0x4
 1105 0593 09       		.uleb128 0x9
 1106 0594 B9020000 		.4byte	.LASF77
 1107 0598 0A       		.byte	0xa
 1108 0599 90       		.byte	0x90
 1109 059a 68030000 		.4byte	0x368
 1110 059e 02       		.byte	0x2
 1111 059f 23       		.byte	0x23
 1112 05a0 08       		.uleb128 0x8
 1113 05a1 09       		.uleb128 0x9
 1114 05a2 03010000 		.4byte	.LASF78
 1115 05a6 0A       		.byte	0xa
 1116 05a7 91       		.byte	0x91
 1117 05a8 68030000 		.4byte	0x368
 1118 05ac 02       		.byte	0x2
 1119 05ad 23       		.byte	0x23
 1120 05ae 0C       		.uleb128 0xc
 1121 05af 0A       		.uleb128 0xa
ARM GAS  C:\Users\DNIEL~1\AppData\Local\Temp\ccoTywRA.s 			page 21


 1122 05b0 49445200 		.ascii	"IDR\000"
 1123 05b4 0A       		.byte	0xa
 1124 05b5 92       		.byte	0x92
 1125 05b6 68030000 		.4byte	0x368
 1126 05ba 02       		.byte	0x2
 1127 05bb 23       		.byte	0x23
 1128 05bc 10       		.uleb128 0x10
 1129 05bd 0A       		.uleb128 0xa
 1130 05be 4F445200 		.ascii	"ODR\000"
 1131 05c2 0A       		.byte	0xa
 1132 05c3 93       		.byte	0x93
 1133 05c4 68030000 		.4byte	0x368
 1134 05c8 02       		.byte	0x2
 1135 05c9 23       		.byte	0x23
 1136 05ca 14       		.uleb128 0x14
 1137 05cb 09       		.uleb128 0x9
 1138 05cc 18010000 		.4byte	.LASF79
 1139 05d0 0A       		.byte	0xa
 1140 05d1 9A       		.byte	0x9a
 1141 05d2 04060000 		.4byte	0x604
 1142 05d6 02       		.byte	0x2
 1143 05d7 23       		.byte	0x23
 1144 05d8 18       		.uleb128 0x18
 1145 05d9 09       		.uleb128 0x9
 1146 05da 6C030000 		.4byte	.LASF80
 1147 05de 0A       		.byte	0xa
 1148 05df 9B       		.byte	0x9b
 1149 05e0 68030000 		.4byte	0x368
 1150 05e4 02       		.byte	0x2
 1151 05e5 23       		.byte	0x23
 1152 05e6 1C       		.uleb128 0x1c
 1153 05e7 09       		.uleb128 0x9
 1154 05e8 06020000 		.4byte	.LASF81
 1155 05ec 0A       		.byte	0xa
 1156 05ed 9C       		.byte	0x9c
 1157 05ee 68030000 		.4byte	0x368
 1158 05f2 02       		.byte	0x2
 1159 05f3 23       		.byte	0x23
 1160 05f4 20       		.uleb128 0x20
 1161 05f5 09       		.uleb128 0x9
 1162 05f6 F9010000 		.4byte	.LASF82
 1163 05fa 0A       		.byte	0xa
 1164 05fb 9D       		.byte	0x9d
 1165 05fc 68030000 		.4byte	0x368
 1166 0600 02       		.byte	0x2
 1167 0601 23       		.byte	0x23
 1168 0602 24       		.uleb128 0x24
 1169 0603 00       		.byte	0x0
 1170 0604 0E       		.uleb128 0xe
 1171 0605 54050000 		.4byte	0x554
 1172 0609 07       		.uleb128 0x7
 1173 060a 00000000 		.4byte	.LASF83
 1174 060e 0A       		.byte	0xa
 1175 060f 9E       		.byte	0x9e
 1176 0610 6F050000 		.4byte	0x56f
 1177 0614 07       		.uleb128 0x7
 1178 0615 CA000000 		.4byte	.LASF84
ARM GAS  C:\Users\DNIEL~1\AppData\Local\Temp\ccoTywRA.s 			page 22


 1179 0619 0A       		.byte	0xa
 1180 061a F0       		.byte	0xf0
 1181 061b A4000000 		.4byte	0xa4
 1182 061f 14       		.uleb128 0x14
 1183 0620 AC020000 		.4byte	0x2ac
 1184 0624 2F060000 		.4byte	0x62f
 1185 0628 15       		.uleb128 0x15
 1186 0629 29000000 		.4byte	0x29
 1187 062d 29       		.byte	0x29
 1188 062e 00       		.byte	0x0
 1189 062f 02       		.uleb128 0x2
 1190 0630 08       		.byte	0x8
 1191 0631 04       		.byte	0x4
 1192 0632 D3020000 		.4byte	.LASF85
 1193 0636 02       		.uleb128 0x2
 1194 0637 04       		.byte	0x4
 1195 0638 04       		.byte	0x4
 1196 0639 E5000000 		.4byte	.LASF86
 1197 063d 02       		.uleb128 0x2
 1198 063e 08       		.byte	0x8
 1199 063f 04       		.byte	0x4
 1200 0640 48010000 		.4byte	.LASF87
 1201 0644 16       		.uleb128 0x16
 1202 0645 F3000000 		.4byte	.LASF88
 1203 0649 01       		.byte	0x1
 1204 064a 20       		.byte	0x20
 1205 064b 01       		.byte	0x1
 1206 064c F8000000 		.4byte	0xf8
 1207 0650 00000000 		.4byte	.LFB119
 1208 0654 50000000 		.4byte	.LFE119
 1209 0658 00000000 		.4byte	.LLST0
 1210 065c 81060000 		.4byte	0x681
 1211 0660 17       		.uleb128 0x17
 1212 0661 61726700 		.ascii	"arg\000"
 1213 0665 01       		.byte	0x1
 1214 0666 20       		.byte	0x20
 1215 0667 30000000 		.4byte	0x30
 1216 066b 20000000 		.4byte	.LLST1
 1217 066f 18       		.uleb128 0x18
 1218 0670 00000000 		.4byte	.Ldebug_ranges0+0x0
 1219 0674 19       		.uleb128 0x19
 1220 0675 F4010000 		.4byte	.LASF93
 1221 0679 01       		.byte	0x1
 1222 067a 25       		.byte	0x25
 1223 067b 0E010000 		.4byte	0x10e
 1224 067f 00       		.byte	0x0
 1225 0680 00       		.byte	0x0
 1226 0681 16       		.uleb128 0x16
 1227 0682 25030000 		.4byte	.LASF89
 1228 0686 01       		.byte	0x1
 1229 0687 3F       		.byte	0x3f
 1230 0688 01       		.byte	0x1
 1231 0689 F8000000 		.4byte	0xf8
 1232 068d 00000000 		.4byte	.LFB120
 1233 0691 34000000 		.4byte	.LFE120
 1234 0695 33000000 		.4byte	.LLST2
 1235 0699 BC060000 		.4byte	0x6bc
ARM GAS  C:\Users\DNIEL~1\AppData\Local\Temp\ccoTywRA.s 			page 23


 1236 069d 17       		.uleb128 0x17
 1237 069e 61726700 		.ascii	"arg\000"
 1238 06a2 01       		.byte	0x1
 1239 06a3 3F       		.byte	0x3f
 1240 06a4 30000000 		.4byte	0x30
 1241 06a8 53000000 		.4byte	.LLST3
 1242 06ac 1A       		.uleb128 0x1a
 1243 06ad F4010000 		.4byte	.LASF93
 1244 06b1 01       		.byte	0x1
 1245 06b2 40       		.byte	0x40
 1246 06b3 0E010000 		.4byte	0x10e
 1247 06b7 66000000 		.4byte	.LLST4
 1248 06bb 00       		.byte	0x0
 1249 06bc 1B       		.uleb128 0x1b
 1250 06bd 01       		.byte	0x1
 1251 06be 53020000 		.4byte	.LASF99
 1252 06c2 01       		.byte	0x1
 1253 06c3 54       		.byte	0x54
 1254 06c4 01       		.byte	0x1
 1255 06c5 4E000000 		.4byte	0x4e
 1256 06c9 00000000 		.4byte	.LFB121
 1257 06cd 74000000 		.4byte	.LFE121
 1258 06d1 84000000 		.4byte	.LLST5
 1259 06d5 1C       		.uleb128 0x1c
 1260 06d6 87000000 		.4byte	.LASF90
 1261 06da 07       		.byte	0x7
 1262 06db F5       		.byte	0xf5
 1263 06dc 34040000 		.4byte	0x434
 1264 06e0 01       		.byte	0x1
 1265 06e1 01       		.byte	0x1
 1266 06e2 1C       		.uleb128 0x1c
 1267 06e3 3A020000 		.4byte	.LASF91
 1268 06e7 08       		.byte	0x8
 1269 06e8 6F       		.byte	0x6f
 1270 06e9 9C040000 		.4byte	0x49c
 1271 06ed 01       		.byte	0x1
 1272 06ee 01       		.byte	0x1
 1273 06ef 1D       		.uleb128 0x1d
 1274 06f0 57030000 		.4byte	.LASF92
 1275 06f4 0B       		.byte	0xb
 1276 06f5 9806     		.2byte	0x698
 1277 06f7 2A050000 		.4byte	0x52a
 1278 06fb 01       		.byte	0x1
 1279 06fc 01       		.byte	0x1
 1280 06fd 1E       		.uleb128 0x1e
 1281 06fe 25010000 		.4byte	.LASF94
 1282 0702 01       		.byte	0x1
 1283 0703 1F       		.byte	0x1f
 1284 0704 1F060000 		.4byte	0x61f
 1285 0708 05       		.byte	0x5
 1286 0709 03       		.byte	0x3
 1287 070a 00000000 		.4byte	waThread1
 1288 070e 14       		.uleb128 0x14
 1289 070f AC020000 		.4byte	0x2ac
 1290 0713 1E070000 		.4byte	0x71e
 1291 0717 15       		.uleb128 0x15
 1292 0718 29000000 		.4byte	0x29
ARM GAS  C:\Users\DNIEL~1\AppData\Local\Temp\ccoTywRA.s 			page 24


 1293 071c 39       		.byte	0x39
 1294 071d 00       		.byte	0x0
 1295 071e 1E       		.uleb128 0x1e
 1296 071f 8A020000 		.4byte	.LASF95
 1297 0723 01       		.byte	0x1
 1298 0724 3E       		.byte	0x3e
 1299 0725 0E070000 		.4byte	0x70e
 1300 0729 05       		.byte	0x5
 1301 072a 03       		.byte	0x3
 1302 072b 00000000 		.4byte	watask20ms
 1303 072f 1C       		.uleb128 0x1c
 1304 0730 87000000 		.4byte	.LASF90
 1305 0734 07       		.byte	0x7
 1306 0735 F5       		.byte	0xf5
 1307 0736 34040000 		.4byte	0x434
 1308 073a 01       		.byte	0x1
 1309 073b 01       		.byte	0x1
 1310 073c 1C       		.uleb128 0x1c
 1311 073d 3A020000 		.4byte	.LASF91
 1312 0741 08       		.byte	0x8
 1313 0742 6F       		.byte	0x6f
 1314 0743 9C040000 		.4byte	0x49c
 1315 0747 01       		.byte	0x1
 1316 0748 01       		.byte	0x1
 1317 0749 1D       		.uleb128 0x1d
 1318 074a 57030000 		.4byte	.LASF92
 1319 074e 0B       		.byte	0xb
 1320 074f 9806     		.2byte	0x698
 1321 0751 2A050000 		.4byte	0x52a
 1322 0755 01       		.byte	0x1
 1323 0756 01       		.byte	0x1
 1324 0757 00       		.byte	0x0
 1325              		.section	.debug_abbrev
 1326 0000 01       		.uleb128 0x1
 1327 0001 11       		.uleb128 0x11
 1328 0002 01       		.byte	0x1
 1329 0003 25       		.uleb128 0x25
 1330 0004 0E       		.uleb128 0xe
 1331 0005 13       		.uleb128 0x13
 1332 0006 0B       		.uleb128 0xb
 1333 0007 03       		.uleb128 0x3
 1334 0008 0E       		.uleb128 0xe
 1335 0009 1B       		.uleb128 0x1b
 1336 000a 0E       		.uleb128 0xe
 1337 000b 11       		.uleb128 0x11
 1338 000c 01       		.uleb128 0x1
 1339 000d 52       		.uleb128 0x52
 1340 000e 01       		.uleb128 0x1
 1341 000f 55       		.uleb128 0x55
 1342 0010 06       		.uleb128 0x6
 1343 0011 10       		.uleb128 0x10
 1344 0012 06       		.uleb128 0x6
 1345 0013 00       		.byte	0x0
 1346 0014 00       		.byte	0x0
 1347 0015 02       		.uleb128 0x2
 1348 0016 24       		.uleb128 0x24
 1349 0017 00       		.byte	0x0
ARM GAS  C:\Users\DNIEL~1\AppData\Local\Temp\ccoTywRA.s 			page 25


 1350 0018 0B       		.uleb128 0xb
 1351 0019 0B       		.uleb128 0xb
 1352 001a 3E       		.uleb128 0x3e
 1353 001b 0B       		.uleb128 0xb
 1354 001c 03       		.uleb128 0x3
 1355 001d 0E       		.uleb128 0xe
 1356 001e 00       		.byte	0x0
 1357 001f 00       		.byte	0x0
 1358 0020 03       		.uleb128 0x3
 1359 0021 0F       		.uleb128 0xf
 1360 0022 00       		.byte	0x0
 1361 0023 0B       		.uleb128 0xb
 1362 0024 0B       		.uleb128 0xb
 1363 0025 00       		.byte	0x0
 1364 0026 00       		.byte	0x0
 1365 0027 04       		.uleb128 0x4
 1366 0028 24       		.uleb128 0x24
 1367 0029 00       		.byte	0x0
 1368 002a 0B       		.uleb128 0xb
 1369 002b 0B       		.uleb128 0xb
 1370 002c 3E       		.uleb128 0x3e
 1371 002d 0B       		.uleb128 0xb
 1372 002e 03       		.uleb128 0x3
 1373 002f 08       		.uleb128 0x8
 1374 0030 00       		.byte	0x0
 1375 0031 00       		.byte	0x0
 1376 0032 05       		.uleb128 0x5
 1377 0033 0F       		.uleb128 0xf
 1378 0034 00       		.byte	0x0
 1379 0035 0B       		.uleb128 0xb
 1380 0036 0B       		.uleb128 0xb
 1381 0037 49       		.uleb128 0x49
 1382 0038 13       		.uleb128 0x13
 1383 0039 00       		.byte	0x0
 1384 003a 00       		.byte	0x0
 1385 003b 06       		.uleb128 0x6
 1386 003c 26       		.uleb128 0x26
 1387 003d 00       		.byte	0x0
 1388 003e 49       		.uleb128 0x49
 1389 003f 13       		.uleb128 0x13
 1390 0040 00       		.byte	0x0
 1391 0041 00       		.byte	0x0
 1392 0042 07       		.uleb128 0x7
 1393 0043 16       		.uleb128 0x16
 1394 0044 00       		.byte	0x0
 1395 0045 03       		.uleb128 0x3
 1396 0046 0E       		.uleb128 0xe
 1397 0047 3A       		.uleb128 0x3a
 1398 0048 0B       		.uleb128 0xb
 1399 0049 3B       		.uleb128 0x3b
 1400 004a 0B       		.uleb128 0xb
 1401 004b 49       		.uleb128 0x49
 1402 004c 13       		.uleb128 0x13
 1403 004d 00       		.byte	0x0
 1404 004e 00       		.byte	0x0
 1405 004f 08       		.uleb128 0x8
 1406 0050 13       		.uleb128 0x13
ARM GAS  C:\Users\DNIEL~1\AppData\Local\Temp\ccoTywRA.s 			page 26


 1407 0051 01       		.byte	0x1
 1408 0052 03       		.uleb128 0x3
 1409 0053 0E       		.uleb128 0xe
 1410 0054 0B       		.uleb128 0xb
 1411 0055 0B       		.uleb128 0xb
 1412 0056 3A       		.uleb128 0x3a
 1413 0057 0B       		.uleb128 0xb
 1414 0058 3B       		.uleb128 0x3b
 1415 0059 0B       		.uleb128 0xb
 1416 005a 01       		.uleb128 0x1
 1417 005b 13       		.uleb128 0x13
 1418 005c 00       		.byte	0x0
 1419 005d 00       		.byte	0x0
 1420 005e 09       		.uleb128 0x9
 1421 005f 0D       		.uleb128 0xd
 1422 0060 00       		.byte	0x0
 1423 0061 03       		.uleb128 0x3
 1424 0062 0E       		.uleb128 0xe
 1425 0063 3A       		.uleb128 0x3a
 1426 0064 0B       		.uleb128 0xb
 1427 0065 3B       		.uleb128 0x3b
 1428 0066 0B       		.uleb128 0xb
 1429 0067 49       		.uleb128 0x49
 1430 0068 13       		.uleb128 0x13
 1431 0069 38       		.uleb128 0x38
 1432 006a 0A       		.uleb128 0xa
 1433 006b 00       		.byte	0x0
 1434 006c 00       		.byte	0x0
 1435 006d 0A       		.uleb128 0xa
 1436 006e 0D       		.uleb128 0xd
 1437 006f 00       		.byte	0x0
 1438 0070 03       		.uleb128 0x3
 1439 0071 08       		.uleb128 0x8
 1440 0072 3A       		.uleb128 0x3a
 1441 0073 0B       		.uleb128 0xb
 1442 0074 3B       		.uleb128 0x3b
 1443 0075 0B       		.uleb128 0xb
 1444 0076 49       		.uleb128 0x49
 1445 0077 13       		.uleb128 0x13
 1446 0078 38       		.uleb128 0x38
 1447 0079 0A       		.uleb128 0xa
 1448 007a 00       		.byte	0x0
 1449 007b 00       		.byte	0x0
 1450 007c 0B       		.uleb128 0xb
 1451 007d 13       		.uleb128 0x13
 1452 007e 01       		.byte	0x1
 1453 007f 0B       		.uleb128 0xb
 1454 0080 0B       		.uleb128 0xb
 1455 0081 3A       		.uleb128 0x3a
 1456 0082 0B       		.uleb128 0xb
 1457 0083 3B       		.uleb128 0x3b
 1458 0084 0B       		.uleb128 0xb
 1459 0085 01       		.uleb128 0x1
 1460 0086 13       		.uleb128 0x13
 1461 0087 00       		.byte	0x0
 1462 0088 00       		.byte	0x0
 1463 0089 0C       		.uleb128 0xc
ARM GAS  C:\Users\DNIEL~1\AppData\Local\Temp\ccoTywRA.s 			page 27


 1464 008a 13       		.uleb128 0x13
 1465 008b 01       		.byte	0x1
 1466 008c 03       		.uleb128 0x3
 1467 008d 0E       		.uleb128 0xe
 1468 008e 0B       		.uleb128 0xb
 1469 008f 0B       		.uleb128 0xb
 1470 0090 3A       		.uleb128 0x3a
 1471 0091 0B       		.uleb128 0xb
 1472 0092 3B       		.uleb128 0x3b
 1473 0093 05       		.uleb128 0x5
 1474 0094 01       		.uleb128 0x1
 1475 0095 13       		.uleb128 0x13
 1476 0096 00       		.byte	0x0
 1477 0097 00       		.byte	0x0
 1478 0098 0D       		.uleb128 0xd
 1479 0099 0D       		.uleb128 0xd
 1480 009a 00       		.byte	0x0
 1481 009b 03       		.uleb128 0x3
 1482 009c 08       		.uleb128 0x8
 1483 009d 3A       		.uleb128 0x3a
 1484 009e 0B       		.uleb128 0xb
 1485 009f 3B       		.uleb128 0x3b
 1486 00a0 05       		.uleb128 0x5
 1487 00a1 49       		.uleb128 0x49
 1488 00a2 13       		.uleb128 0x13
 1489 00a3 38       		.uleb128 0x38
 1490 00a4 0A       		.uleb128 0xa
 1491 00a5 00       		.byte	0x0
 1492 00a6 00       		.byte	0x0
 1493 00a7 0E       		.uleb128 0xe
 1494 00a8 35       		.uleb128 0x35
 1495 00a9 00       		.byte	0x0
 1496 00aa 49       		.uleb128 0x49
 1497 00ab 13       		.uleb128 0x13
 1498 00ac 00       		.byte	0x0
 1499 00ad 00       		.byte	0x0
 1500 00ae 0F       		.uleb128 0xf
 1501 00af 15       		.uleb128 0x15
 1502 00b0 01       		.byte	0x1
 1503 00b1 27       		.uleb128 0x27
 1504 00b2 0C       		.uleb128 0xc
 1505 00b3 01       		.uleb128 0x1
 1506 00b4 13       		.uleb128 0x13
 1507 00b5 00       		.byte	0x0
 1508 00b6 00       		.byte	0x0
 1509 00b7 10       		.uleb128 0x10
 1510 00b8 05       		.uleb128 0x5
 1511 00b9 00       		.byte	0x0
 1512 00ba 49       		.uleb128 0x49
 1513 00bb 13       		.uleb128 0x13
 1514 00bc 00       		.byte	0x0
 1515 00bd 00       		.byte	0x0
 1516 00be 11       		.uleb128 0x11
 1517 00bf 17       		.uleb128 0x17
 1518 00c0 01       		.byte	0x1
 1519 00c1 0B       		.uleb128 0xb
 1520 00c2 0B       		.uleb128 0xb
ARM GAS  C:\Users\DNIEL~1\AppData\Local\Temp\ccoTywRA.s 			page 28


 1521 00c3 3A       		.uleb128 0x3a
 1522 00c4 0B       		.uleb128 0xb
 1523 00c5 3B       		.uleb128 0x3b
 1524 00c6 0B       		.uleb128 0xb
 1525 00c7 01       		.uleb128 0x1
 1526 00c8 13       		.uleb128 0x13
 1527 00c9 00       		.byte	0x0
 1528 00ca 00       		.byte	0x0
 1529 00cb 12       		.uleb128 0x12
 1530 00cc 0D       		.uleb128 0xd
 1531 00cd 00       		.byte	0x0
 1532 00ce 03       		.uleb128 0x3
 1533 00cf 0E       		.uleb128 0xe
 1534 00d0 3A       		.uleb128 0x3a
 1535 00d1 0B       		.uleb128 0xb
 1536 00d2 3B       		.uleb128 0x3b
 1537 00d3 0B       		.uleb128 0xb
 1538 00d4 49       		.uleb128 0x49
 1539 00d5 13       		.uleb128 0x13
 1540 00d6 00       		.byte	0x0
 1541 00d7 00       		.byte	0x0
 1542 00d8 13       		.uleb128 0x13
 1543 00d9 0D       		.uleb128 0xd
 1544 00da 00       		.byte	0x0
 1545 00db 03       		.uleb128 0x3
 1546 00dc 08       		.uleb128 0x8
 1547 00dd 3A       		.uleb128 0x3a
 1548 00de 0B       		.uleb128 0xb
 1549 00df 3B       		.uleb128 0x3b
 1550 00e0 0B       		.uleb128 0xb
 1551 00e1 49       		.uleb128 0x49
 1552 00e2 13       		.uleb128 0x13
 1553 00e3 00       		.byte	0x0
 1554 00e4 00       		.byte	0x0
 1555 00e5 14       		.uleb128 0x14
 1556 00e6 01       		.uleb128 0x1
 1557 00e7 01       		.byte	0x1
 1558 00e8 49       		.uleb128 0x49
 1559 00e9 13       		.uleb128 0x13
 1560 00ea 01       		.uleb128 0x1
 1561 00eb 13       		.uleb128 0x13
 1562 00ec 00       		.byte	0x0
 1563 00ed 00       		.byte	0x0
 1564 00ee 15       		.uleb128 0x15
 1565 00ef 21       		.uleb128 0x21
 1566 00f0 00       		.byte	0x0
 1567 00f1 49       		.uleb128 0x49
 1568 00f2 13       		.uleb128 0x13
 1569 00f3 2F       		.uleb128 0x2f
 1570 00f4 0B       		.uleb128 0xb
 1571 00f5 00       		.byte	0x0
 1572 00f6 00       		.byte	0x0
 1573 00f7 16       		.uleb128 0x16
 1574 00f8 2E       		.uleb128 0x2e
 1575 00f9 01       		.byte	0x1
 1576 00fa 03       		.uleb128 0x3
 1577 00fb 0E       		.uleb128 0xe
ARM GAS  C:\Users\DNIEL~1\AppData\Local\Temp\ccoTywRA.s 			page 29


 1578 00fc 3A       		.uleb128 0x3a
 1579 00fd 0B       		.uleb128 0xb
 1580 00fe 3B       		.uleb128 0x3b
 1581 00ff 0B       		.uleb128 0xb
 1582 0100 27       		.uleb128 0x27
 1583 0101 0C       		.uleb128 0xc
 1584 0102 49       		.uleb128 0x49
 1585 0103 13       		.uleb128 0x13
 1586 0104 11       		.uleb128 0x11
 1587 0105 01       		.uleb128 0x1
 1588 0106 12       		.uleb128 0x12
 1589 0107 01       		.uleb128 0x1
 1590 0108 40       		.uleb128 0x40
 1591 0109 06       		.uleb128 0x6
 1592 010a 01       		.uleb128 0x1
 1593 010b 13       		.uleb128 0x13
 1594 010c 00       		.byte	0x0
 1595 010d 00       		.byte	0x0
 1596 010e 17       		.uleb128 0x17
 1597 010f 05       		.uleb128 0x5
 1598 0110 00       		.byte	0x0
 1599 0111 03       		.uleb128 0x3
 1600 0112 08       		.uleb128 0x8
 1601 0113 3A       		.uleb128 0x3a
 1602 0114 0B       		.uleb128 0xb
 1603 0115 3B       		.uleb128 0x3b
 1604 0116 0B       		.uleb128 0xb
 1605 0117 49       		.uleb128 0x49
 1606 0118 13       		.uleb128 0x13
 1607 0119 02       		.uleb128 0x2
 1608 011a 06       		.uleb128 0x6
 1609 011b 00       		.byte	0x0
 1610 011c 00       		.byte	0x0
 1611 011d 18       		.uleb128 0x18
 1612 011e 0B       		.uleb128 0xb
 1613 011f 01       		.byte	0x1
 1614 0120 55       		.uleb128 0x55
 1615 0121 06       		.uleb128 0x6
 1616 0122 00       		.byte	0x0
 1617 0123 00       		.byte	0x0
 1618 0124 19       		.uleb128 0x19
 1619 0125 34       		.uleb128 0x34
 1620 0126 00       		.byte	0x0
 1621 0127 03       		.uleb128 0x3
 1622 0128 0E       		.uleb128 0xe
 1623 0129 3A       		.uleb128 0x3a
 1624 012a 0B       		.uleb128 0xb
 1625 012b 3B       		.uleb128 0x3b
 1626 012c 0B       		.uleb128 0xb
 1627 012d 49       		.uleb128 0x49
 1628 012e 13       		.uleb128 0x13
 1629 012f 00       		.byte	0x0
 1630 0130 00       		.byte	0x0
 1631 0131 1A       		.uleb128 0x1a
 1632 0132 34       		.uleb128 0x34
 1633 0133 00       		.byte	0x0
 1634 0134 03       		.uleb128 0x3
ARM GAS  C:\Users\DNIEL~1\AppData\Local\Temp\ccoTywRA.s 			page 30


 1635 0135 0E       		.uleb128 0xe
 1636 0136 3A       		.uleb128 0x3a
 1637 0137 0B       		.uleb128 0xb
 1638 0138 3B       		.uleb128 0x3b
 1639 0139 0B       		.uleb128 0xb
 1640 013a 49       		.uleb128 0x49
 1641 013b 13       		.uleb128 0x13
 1642 013c 02       		.uleb128 0x2
 1643 013d 06       		.uleb128 0x6
 1644 013e 00       		.byte	0x0
 1645 013f 00       		.byte	0x0
 1646 0140 1B       		.uleb128 0x1b
 1647 0141 2E       		.uleb128 0x2e
 1648 0142 00       		.byte	0x0
 1649 0143 3F       		.uleb128 0x3f
 1650 0144 0C       		.uleb128 0xc
 1651 0145 03       		.uleb128 0x3
 1652 0146 0E       		.uleb128 0xe
 1653 0147 3A       		.uleb128 0x3a
 1654 0148 0B       		.uleb128 0xb
 1655 0149 3B       		.uleb128 0x3b
 1656 014a 0B       		.uleb128 0xb
 1657 014b 27       		.uleb128 0x27
 1658 014c 0C       		.uleb128 0xc
 1659 014d 49       		.uleb128 0x49
 1660 014e 13       		.uleb128 0x13
 1661 014f 11       		.uleb128 0x11
 1662 0150 01       		.uleb128 0x1
 1663 0151 12       		.uleb128 0x12
 1664 0152 01       		.uleb128 0x1
 1665 0153 40       		.uleb128 0x40
 1666 0154 06       		.uleb128 0x6
 1667 0155 00       		.byte	0x0
 1668 0156 00       		.byte	0x0
 1669 0157 1C       		.uleb128 0x1c
 1670 0158 34       		.uleb128 0x34
 1671 0159 00       		.byte	0x0
 1672 015a 03       		.uleb128 0x3
 1673 015b 0E       		.uleb128 0xe
 1674 015c 3A       		.uleb128 0x3a
 1675 015d 0B       		.uleb128 0xb
 1676 015e 3B       		.uleb128 0x3b
 1677 015f 0B       		.uleb128 0xb
 1678 0160 49       		.uleb128 0x49
 1679 0161 13       		.uleb128 0x13
 1680 0162 3F       		.uleb128 0x3f
 1681 0163 0C       		.uleb128 0xc
 1682 0164 3C       		.uleb128 0x3c
 1683 0165 0C       		.uleb128 0xc
 1684 0166 00       		.byte	0x0
 1685 0167 00       		.byte	0x0
 1686 0168 1D       		.uleb128 0x1d
 1687 0169 34       		.uleb128 0x34
 1688 016a 00       		.byte	0x0
 1689 016b 03       		.uleb128 0x3
 1690 016c 0E       		.uleb128 0xe
 1691 016d 3A       		.uleb128 0x3a
ARM GAS  C:\Users\DNIEL~1\AppData\Local\Temp\ccoTywRA.s 			page 31


 1692 016e 0B       		.uleb128 0xb
 1693 016f 3B       		.uleb128 0x3b
 1694 0170 05       		.uleb128 0x5
 1695 0171 49       		.uleb128 0x49
 1696 0172 13       		.uleb128 0x13
 1697 0173 3F       		.uleb128 0x3f
 1698 0174 0C       		.uleb128 0xc
 1699 0175 3C       		.uleb128 0x3c
 1700 0176 0C       		.uleb128 0xc
 1701 0177 00       		.byte	0x0
 1702 0178 00       		.byte	0x0
 1703 0179 1E       		.uleb128 0x1e
 1704 017a 34       		.uleb128 0x34
 1705 017b 00       		.byte	0x0
 1706 017c 03       		.uleb128 0x3
 1707 017d 0E       		.uleb128 0xe
 1708 017e 3A       		.uleb128 0x3a
 1709 017f 0B       		.uleb128 0xb
 1710 0180 3B       		.uleb128 0x3b
 1711 0181 0B       		.uleb128 0xb
 1712 0182 49       		.uleb128 0x49
 1713 0183 13       		.uleb128 0x13
 1714 0184 02       		.uleb128 0x2
 1715 0185 0A       		.uleb128 0xa
 1716 0186 00       		.byte	0x0
 1717 0187 00       		.byte	0x0
 1718 0188 00       		.byte	0x0
 1719              		.section	.debug_pubnames,"",%progbits
 1720 0000 17000000 		.4byte	0x17
 1721 0004 0200     		.2byte	0x2
 1722 0006 00000000 		.4byte	.Ldebug_info0
 1723 000a 58070000 		.4byte	0x758
 1724 000e BC060000 		.4byte	0x6bc
 1725 0012 6D61696E 		.ascii	"main\000"
 1725      00
 1726 0017 00000000 		.4byte	0x0
 1727              		.section	.debug_pubtypes,"",%progbits
 1728 0000 9C010000 		.4byte	0x19c
 1729 0004 0200     		.2byte	0x2
 1730 0006 00000000 		.4byte	.Ldebug_info0
 1731 000a 58070000 		.4byte	0x758
 1732 000e 83000000 		.4byte	0x83
 1733 0012 75696E74 		.ascii	"uint8_t\000"
 1733      385F7400 
 1734 001a 8E000000 		.4byte	0x8e
 1735 001e 75696E74 		.ascii	"uint16_t\000"
 1735      31365F74 
 1735      00
 1736 0027 99000000 		.4byte	0x99
 1737 002b 696E7433 		.ascii	"int32_t\000"
 1737      325F7400 
 1738 0033 A4000000 		.4byte	0xa4
 1739 0037 75696E74 		.ascii	"uint32_t\000"
 1739      33325F74 
 1739      00
 1740 0040 AF000000 		.4byte	0xaf
 1741 0044 75696E74 		.ascii	"uint64_t\000"
ARM GAS  C:\Users\DNIEL~1\AppData\Local\Temp\ccoTywRA.s 			page 32


 1741      36345F74 
 1741      00
 1742 004d C1000000 		.4byte	0xc1
 1743 0051 746D6F64 		.ascii	"tmode_t\000"
 1743      655F7400 
 1744 0059 CC000000 		.4byte	0xcc
 1745 005d 74737461 		.ascii	"tstate_t\000"
 1745      74655F74 
 1745      00
 1746 0066 D7000000 		.4byte	0xd7
 1747 006a 74726566 		.ascii	"trefs_t\000"
 1747      735F7400 
 1748 0072 E2000000 		.4byte	0xe2
 1749 0076 74736C69 		.ascii	"tslices_t\000"
 1749      6365735F 
 1749      7400
 1750 0080 ED000000 		.4byte	0xed
 1751 0084 74707269 		.ascii	"tprio_t\000"
 1751      6F5F7400 
 1752 008c F8000000 		.4byte	0xf8
 1753 0090 6D73675F 		.ascii	"msg_t\000"
 1753      7400
 1754 0096 03010000 		.4byte	0x103
 1755 009a 6576656E 		.ascii	"eventmask_t\000"
 1755      746D6173 
 1755      6B5F7400 
 1756 00a6 0E010000 		.4byte	0x10e
 1757 00aa 73797374 		.ascii	"systime_t\000"
 1757      696D655F 
 1757      7400
 1758 00b4 19010000 		.4byte	0x119
 1759 00b8 54687265 		.ascii	"Thread\000"
 1759      616400
 1760 00bf 74020000 		.4byte	0x274
 1761 00c3 54687265 		.ascii	"ThreadsQueue\000"
 1761      61647351 
 1761      75657565 
 1761      00
 1762 00d0 96020000 		.4byte	0x296
 1763 00d4 54687265 		.ascii	"ThreadsList\000"
 1763      6164734C 
 1763      69737400 
 1764 00e0 A1020000 		.4byte	0x2a1
 1765 00e4 72656761 		.ascii	"regarm_t\000"
 1765      726D5F74 
 1765      00
 1766 00ed AC020000 		.4byte	0x2ac
 1767 00f1 73746B61 		.ascii	"stkalign_t\000"
 1767      6C69676E 
 1767      5F7400
 1768 00fc B7020000 		.4byte	0x2b7
 1769 0100 696E7463 		.ascii	"intctx\000"
 1769      747800
 1770 0107 45030000 		.4byte	0x345
 1771 010b 636F6E74 		.ascii	"context\000"
 1771      65787400 
 1772 0113 6D030000 		.4byte	0x36d
ARM GAS  C:\Users\DNIEL~1\AppData\Local\Temp\ccoTywRA.s 			page 33


 1773 0117 76746675 		.ascii	"vtfunc_t\000"
 1773      6E635F74 
 1773      00
 1774 0120 8A030000 		.4byte	0x38a
 1775 0124 56697274 		.ascii	"VirtualTimer\000"
 1775      75616C54 
 1775      696D6572 
 1775      00
 1776 0131 95030000 		.4byte	0x395
 1777 0135 56697274 		.ascii	"VirtualTimer\000"
 1777      75616C54 
 1777      696D6572 
 1777      00
 1778 0142 34040000 		.4byte	0x434
 1779 0146 56544C69 		.ascii	"VTList\000"
 1779      737400
 1780 014d 9C040000 		.4byte	0x49c
 1781 0151 52656164 		.ascii	"ReadyList\000"
 1781      794C6973 
 1781      7400
 1782 015b A7040000 		.4byte	0x4a7
 1783 015f 4D757465 		.ascii	"Mutex\000"
 1783      7800
 1784 0165 E4040000 		.4byte	0x4e4
 1785 0169 4D757465 		.ascii	"Mutex\000"
 1785      7800
 1786 016f 24010000 		.4byte	0x124
 1787 0173 54687265 		.ascii	"Thread\000"
 1787      616400
 1788 017a 09060000 		.4byte	0x609
 1789 017e 4750494F 		.ascii	"GPIO_TypeDef\000"
 1789      5F547970 
 1789      65446566 
 1789      00
 1790 018b 14060000 		.4byte	0x614
 1791 018f 696F706F 		.ascii	"ioportmask_t\000"
 1791      72746D61 
 1791      736B5F74 
 1791      00
 1792 019c 00000000 		.4byte	0x0
 1793              		.section	.debug_aranges,"",%progbits
 1794 0000 2C000000 		.4byte	0x2c
 1795 0004 0200     		.2byte	0x2
 1796 0006 00000000 		.4byte	.Ldebug_info0
 1797 000a 04       		.byte	0x4
 1798 000b 00       		.byte	0x0
 1799 000c 0000     		.2byte	0x0
 1800 000e 0000     		.2byte	0x0
 1801 0010 00000000 		.4byte	.LFB119
 1802 0014 50000000 		.4byte	.LFE119-.LFB119
 1803 0018 00000000 		.4byte	.LFB120
 1804 001c 34000000 		.4byte	.LFE120-.LFB120
 1805 0020 00000000 		.4byte	.LFB121
 1806 0024 74000000 		.4byte	.LFE121-.LFB121
 1807 0028 00000000 		.4byte	0x0
 1808 002c 00000000 		.4byte	0x0
 1809              		.section	.debug_ranges,"",%progbits
ARM GAS  C:\Users\DNIEL~1\AppData\Local\Temp\ccoTywRA.s 			page 34


 1810              	.Ldebug_ranges0:
 1811 0000 08000000 		.4byte	.LBB2
 1812 0004 0C000000 		.4byte	.LBE2
 1813 0008 10000000 		.4byte	.LBB3
 1814 000c 50000000 		.4byte	.LBE3
 1815 0010 00000000 		.4byte	0x0
 1816 0014 00000000 		.4byte	0x0
 1817 0018 00000000 		.4byte	.LFB119
 1818 001c 50000000 		.4byte	.LFE119
 1819 0020 00000000 		.4byte	.LFB120
 1820 0024 34000000 		.4byte	.LFE120
 1821 0028 00000000 		.4byte	.LFB121
 1822 002c 74000000 		.4byte	.LFE121
 1823 0030 00000000 		.4byte	0x0
 1824 0034 00000000 		.4byte	0x0
 1825              		.section	.debug_str,"MS",%progbits,1
 1826              	.LASF83:
 1827 0000 4750494F 		.ascii	"GPIO_TypeDef\000"
 1827      5F547970 
 1827      65446566 
 1827      00
 1828              	.LASF18:
 1829 000d 74726566 		.ascii	"trefs_t\000"
 1829      735F7400 
 1830              	.LASF14:
 1831 0015 75696E74 		.ascii	"uint64_t\000"
 1831      36345F74 
 1831      00
 1832              	.LASF45:
 1833 001e 54687265 		.ascii	"ThreadsList\000"
 1833      6164734C 
 1833      69737400 
 1834              	.LASF3:
 1835 002a 73686F72 		.ascii	"short int\000"
 1835      7420696E 
 1835      7400
 1836              	.LASF59:
 1837 0034 725F7175 		.ascii	"r_queue\000"
 1837      65756500 
 1838              	.LASF40:
 1839 003c 705F6570 		.ascii	"p_epending\000"
 1839      656E6469 
 1839      6E6700
 1840              	.LASF26:
 1841 0047 705F7072 		.ascii	"p_prev\000"
 1841      657600
 1842              	.LASF61:
 1843 004e 725F6374 		.ascii	"r_ctx\000"
 1843      7800
 1844              	.LASF5:
 1845 0054 6C6F6E67 		.ascii	"long long int\000"
 1845      206C6F6E 
 1845      6720696E 
 1845      7400
 1846              	.LASF22:
 1847 0062 6576656E 		.ascii	"eventmask_t\000"
 1847      746D6173 
ARM GAS  C:\Users\DNIEL~1\AppData\Local\Temp\ccoTywRA.s 			page 35


 1847      6B5F7400 
 1848              	.LASF38:
 1849 006e 705F6D73 		.ascii	"p_msgqueue\000"
 1849      67717565 
 1849      756500
 1850              	.LASF27:
 1851 0079 705F7072 		.ascii	"p_prio\000"
 1851      696F00
 1852              	.LASF25:
 1853 0080 705F6E65 		.ascii	"p_next\000"
 1853      787400
 1854              	.LASF90:
 1855 0087 76746C69 		.ascii	"vtlist\000"
 1855      737400
 1856              	.LASF69:
 1857 008e 6D5F6E65 		.ascii	"m_next\000"
 1857      787400
 1858              	.LASF55:
 1859 0095 76745F66 		.ascii	"vt_func\000"
 1859      756E6300 
 1860              	.LASF46:
 1861 009d 72656761 		.ascii	"regarm_t\000"
 1861      726D5F74 
 1861      00
 1862              	.LASF74:
 1863 00a6 636C6561 		.ascii	"clear\000"
 1863      7200
 1864              	.LASF71:
 1865 00ac 65786974 		.ascii	"exitcode\000"
 1865      636F6465 
 1865      00
 1866              	.LASF57:
 1867 00b5 76745F73 		.ascii	"vt_systime\000"
 1867      79737469 
 1867      6D6500
 1868              	.LASF19:
 1869 00c0 74736C69 		.ascii	"tslices_t\000"
 1869      6365735F 
 1869      7400
 1870              	.LASF84:
 1871 00ca 696F706F 		.ascii	"ioportmask_t\000"
 1871      72746D61 
 1871      736B5F74 
 1871      00
 1872              	.LASF36:
 1873 00d7 705F7469 		.ascii	"p_time\000"
 1873      6D6500
 1874              	.LASF76:
 1875 00de 4F545950 		.ascii	"OTYPER\000"
 1875      455200
 1876              	.LASF86:
 1877 00e5 666C6F61 		.ascii	"float\000"
 1877      7400
 1878              	.LASF16:
 1879 00eb 746D6F64 		.ascii	"tmode_t\000"
 1879      655F7400 
 1880              	.LASF88:
ARM GAS  C:\Users\DNIEL~1\AppData\Local\Temp\ccoTywRA.s 			page 36


 1881 00f3 54687265 		.ascii	"Thread1\000"
 1881      61643100 
 1882              	.LASF20:
 1883 00fb 74707269 		.ascii	"tprio_t\000"
 1883      6F5F7400 
 1884              	.LASF78:
 1885 0103 50555044 		.ascii	"PUPDR\000"
 1885      5200
 1886              	.LASF7:
 1887 0109 6C6F6E67 		.ascii	"long int\000"
 1887      20696E74 
 1887      00
 1888              	.LASF66:
 1889 0112 4D757465 		.ascii	"Mutex\000"
 1889      7800
 1890              	.LASF79:
 1891 0118 42535252 		.ascii	"BSRR\000"
 1891      00
 1892              	.LASF67:
 1893 011d 6D5F7175 		.ascii	"m_queue\000"
 1893      65756500 
 1894              	.LASF94:
 1895 0125 77615468 		.ascii	"waThread1\000"
 1895      72656164 
 1895      3100
 1896              	.LASF64:
 1897 012f 725F6375 		.ascii	"r_current\000"
 1897      7272656E 
 1897      7400
 1898              	.LASF39:
 1899 0139 705F6D73 		.ascii	"p_msg\000"
 1899      6700
 1900              	.LASF50:
 1901 013f 76746675 		.ascii	"vtfunc_t\000"
 1901      6E635F74 
 1901      00
 1902              	.LASF87:
 1903 0148 6C6F6E67 		.ascii	"long double\000"
 1903      20646F75 
 1903      626C6500 
 1904              	.LASF2:
 1905 0154 756E7369 		.ascii	"unsigned char\000"
 1905      676E6564 
 1905      20636861 
 1905      7200
 1906              	.LASF44:
 1907 0162 54687265 		.ascii	"ThreadsQueue\000"
 1907      61647351 
 1907      75657565 
 1907      00
 1908              	.LASF1:
 1909 016f 7369676E 		.ascii	"signed char\000"
 1909      65642063 
 1909      68617200 
 1910              	.LASF29:
 1911 017b 705F6E65 		.ascii	"p_newer\000"
 1911      77657200 
ARM GAS  C:\Users\DNIEL~1\AppData\Local\Temp\ccoTywRA.s 			page 37


 1912              	.LASF6:
 1913 0183 6C6F6E67 		.ascii	"long long unsigned int\000"
 1913      206C6F6E 
 1913      6720756E 
 1913      7369676E 
 1913      65642069 
 1914              	.LASF13:
 1915 019a 75696E74 		.ascii	"uint32_t\000"
 1915      33325F74 
 1915      00
 1916              	.LASF0:
 1917 01a3 756E7369 		.ascii	"unsigned int\000"
 1917      676E6564 
 1917      20696E74 
 1917      00
 1918              	.LASF11:
 1919 01b0 75696E74 		.ascii	"uint16_t\000"
 1919      31365F74 
 1919      00
 1920              	.LASF49:
 1921 01b9 636F6E74 		.ascii	"context\000"
 1921      65787400 
 1922              	.LASF98:
 1923 01c1 433A5C44 		.ascii	"C:\\Dani\\MegaLux\\Repo\\Smarty\\Smarty\\smarty\\fi"
 1923      616E695C 
 1923      4D656761 
 1923      4C75785C 
 1923      5265706F 
 1924 01ed 726D7761 		.ascii	"rmware\000"
 1924      726500
 1925              	.LASF93:
 1926 01f4 74696D65 		.ascii	"time\000"
 1926      00
 1927              	.LASF82:
 1928 01f9 41465248 		.ascii	"AFRH\000"
 1928      00
 1929              	.LASF43:
 1930 01fe 705F6D70 		.ascii	"p_mpool\000"
 1930      6F6F6C00 
 1931              	.LASF81:
 1932 0206 4146524C 		.ascii	"AFRL\000"
 1932      00
 1933              	.LASF62:
 1934 020b 725F6E65 		.ascii	"r_newer\000"
 1934      77657200 
 1935              	.LASF33:
 1936 0213 705F666C 		.ascii	"p_flags\000"
 1936      61677300 
 1937              	.LASF35:
 1938 021b 705F7072 		.ascii	"p_preempt\000"
 1938      65656D70 
 1938      7400
 1939              	.LASF42:
 1940 0225 705F7265 		.ascii	"p_realprio\000"
 1940      616C7072 
 1940      696F00
 1941              	.LASF23:
ARM GAS  C:\Users\DNIEL~1\AppData\Local\Temp\ccoTywRA.s 			page 38


 1942 0230 73797374 		.ascii	"systime_t\000"
 1942      696D655F 
 1942      7400
 1943              	.LASF91:
 1944 023a 726C6973 		.ascii	"rlist\000"
 1944      7400
 1945              	.LASF9:
 1946 0240 63686172 		.ascii	"char\000"
 1946      00
 1947              	.LASF73:
 1948 0245 65776D61 		.ascii	"ewmask\000"
 1948      736B00
 1949              	.LASF31:
 1950 024c 705F6E61 		.ascii	"p_name\000"
 1950      6D6500
 1951              	.LASF99:
 1952 0253 6D61696E 		.ascii	"main\000"
 1952      00
 1953              	.LASF12:
 1954 0258 696E7433 		.ascii	"int32_t\000"
 1954      325F7400 
 1955              	.LASF60:
 1956 0260 725F7072 		.ascii	"r_prio\000"
 1956      696F00
 1957              	.LASF32:
 1958 0267 705F7374 		.ascii	"p_state\000"
 1958      61746500 
 1959              	.LASF97:
 1960 026f 7372632F 		.ascii	"src/main.c\000"
 1960      6D61696E 
 1960      2E6300
 1961              	.LASF15:
 1962 027a 5F426F6F 		.ascii	"_Bool\000"
 1962      6C00
 1963              	.LASF37:
 1964 0280 705F7761 		.ascii	"p_waiting\000"
 1964      6974696E 
 1964      6700
 1965              	.LASF95:
 1966 028a 77617461 		.ascii	"watask20ms\000"
 1966      736B3230 
 1966      6D7300
 1967              	.LASF41:
 1968 0295 705F6D74 		.ascii	"p_mtxlist\000"
 1968      786C6973 
 1968      7400
 1969              	.LASF48:
 1970 029f 696E7463 		.ascii	"intctx\000"
 1970      747800
 1971              	.LASF4:
 1972 02a6 73686F72 		.ascii	"short unsigned int\000"
 1972      7420756E 
 1972      7369676E 
 1972      65642069 
 1972      6E7400
 1973              	.LASF77:
 1974 02b9 4F535045 		.ascii	"OSPEEDR\000"
ARM GAS  C:\Users\DNIEL~1\AppData\Local\Temp\ccoTywRA.s 			page 39


 1974      45445200 
 1975              	.LASF8:
 1976 02c1 6C6F6E67 		.ascii	"long unsigned int\000"
 1976      20756E73 
 1976      69676E65 
 1976      6420696E 
 1976      7400
 1977              	.LASF85:
 1978 02d3 646F7562 		.ascii	"double\000"
 1978      6C6500
 1979              	.LASF72:
 1980 02da 77746F62 		.ascii	"wtobjp\000"
 1980      6A7000
 1981              	.LASF53:
 1982 02e1 76745F70 		.ascii	"vt_prev\000"
 1982      72657600 
 1983              	.LASF24:
 1984 02e9 54687265 		.ascii	"Thread\000"
 1984      616400
 1985              	.LASF56:
 1986 02f0 76745F70 		.ascii	"vt_par\000"
 1986      617200
 1987              	.LASF10:
 1988 02f7 75696E74 		.ascii	"uint8_t\000"
 1988      385F7400 
 1989              	.LASF17:
 1990 02ff 74737461 		.ascii	"tstate_t\000"
 1990      74655F74 
 1990      00
 1991              	.LASF47:
 1992 0308 73746B61 		.ascii	"stkalign_t\000"
 1992      6C69676E 
 1992      5F7400
 1993              	.LASF65:
 1994 0313 52656164 		.ascii	"ReadyList\000"
 1994      794C6973 
 1994      7400
 1995              	.LASF52:
 1996 031d 76745F6E 		.ascii	"vt_next\000"
 1996      65787400 
 1997              	.LASF89:
 1998 0325 7461736B 		.ascii	"task20ms\000"
 1998      32306D73 
 1998      00
 1999              	.LASF30:
 2000 032e 705F6F6C 		.ascii	"p_older\000"
 2000      64657200 
 2001              	.LASF51:
 2002 0336 56697274 		.ascii	"VirtualTimer\000"
 2002      75616C54 
 2002      696D6572 
 2002      00
 2003              	.LASF58:
 2004 0343 56544C69 		.ascii	"VTList\000"
 2004      737400
 2005              	.LASF34:
 2006 034a 705F7265 		.ascii	"p_refs\000"
ARM GAS  C:\Users\DNIEL~1\AppData\Local\Temp\ccoTywRA.s 			page 40


 2006      667300
 2007              	.LASF28:
 2008 0351 705F6374 		.ascii	"p_ctx\000"
 2008      7800
 2009              	.LASF92:
 2010 0357 49544D5F 		.ascii	"ITM_RxBuffer\000"
 2010      52784275 
 2010      66666572 
 2010      00
 2011              	.LASF68:
 2012 0364 6D5F6F77 		.ascii	"m_owner\000"
 2012      6E657200 
 2013              	.LASF80:
 2014 036c 4C434B52 		.ascii	"LCKR\000"
 2014      00
 2015              	.LASF70:
 2016 0371 7264796D 		.ascii	"rdymsg\000"
 2016      736700
 2017              	.LASF54:
 2018 0378 76745F74 		.ascii	"vt_time\000"
 2018      696D6500 
 2019              	.LASF21:
 2020 0380 6D73675F 		.ascii	"msg_t\000"
 2020      7400
 2021              	.LASF75:
 2022 0386 4D4F4445 		.ascii	"MODER\000"
 2022      5200
 2023              	.LASF96:
 2024 038c 474E5520 		.ascii	"GNU C 4.5.2\000"
 2024      4320342E 
 2024      352E3200 
 2025              	.LASF63:
 2026 0398 725F6F6C 		.ascii	"r_older\000"
 2026      64657200 
 2027              		.ident	"GCC: (Sourcery G++ Lite 2011.03-42) 4.5.2"
ARM GAS  C:\Users\DNIEL~1\AppData\Local\Temp\ccoTywRA.s 			page 41


DEFINED SYMBOLS
                            *ABS*:00000000 main.c
C:\Users\DNIEL~1\AppData\Local\Temp\ccoTywRA.s:24     .text.Thread1:00000000 $t
C:\Users\DNIEL~1\AppData\Local\Temp\ccoTywRA.s:29     .text.Thread1:00000000 Thread1
C:\Users\DNIEL~1\AppData\Local\Temp\ccoTywRA.s:94     .text.Thread1:00000040 $d
C:\Users\DNIEL~1\AppData\Local\Temp\ccoTywRA.s:103    .text.task20ms:00000000 $t
C:\Users\DNIEL~1\AppData\Local\Temp\ccoTywRA.s:108    .text.task20ms:00000000 task20ms
C:\Users\DNIEL~1\AppData\Local\Temp\ccoTywRA.s:153    .text.task20ms:00000028 $d
C:\Users\DNIEL~1\AppData\Local\Temp\ccoTywRA.s:160    .text.main:00000000 $t
C:\Users\DNIEL~1\AppData\Local\Temp\ccoTywRA.s:166    .text.main:00000000 main
C:\Users\DNIEL~1\AppData\Local\Temp\ccoTywRA.s:228    .text.main:00000060 $d
C:\Users\DNIEL~1\AppData\Local\Temp\ccoTywRA.s:237    .bss.waThread1:00000000 $d
C:\Users\DNIEL~1\AppData\Local\Temp\ccoTywRA.s:241    .bss.waThread1:00000000 waThread1
C:\Users\DNIEL~1\AppData\Local\Temp\ccoTywRA.s:244    .bss.watask20ms:00000000 $d
C:\Users\DNIEL~1\AppData\Local\Temp\ccoTywRA.s:248    .bss.watask20ms:00000000 watask20ms
C:\Users\DNIEL~1\AppData\Local\Temp\ccoTywRA.s:251    .rodata.str1.4:00000000 $d
                     .debug_frame:00000010 $d
C:\Users\DNIEL~1\AppData\Local\Temp\ccoTywRA.s:159    .text.task20ms:00000034 $t
C:\Users\DNIEL~1\AppData\Local\Temp\ccoTywRA.s:236    .text.main:00000074 $t

UNDEFINED SYMBOLS
chThdSleep
sdcardIsMounted
rlist
lightCalc
speedCalc
measCalc
cruiseCalc
chThdSleepUntil
vtlist
halInit
chSysInit
sdcardInit
consoleInit
can_commInit
lightInit
speedInit
measInit
cruiseInit
chThdCreateStatic
consoleStart
