ARM GAS  C:\Users\DNIEL~1\AppData\Local\Temp\ccP5Cgmh.s 			page 1


   1              		.syntax unified
   2              		.cpu cortex-m4
   3              		.fpu softvfp
   4              		.eabi_attribute 20, 1
   5              		.eabi_attribute 21, 1
   6              		.eabi_attribute 23, 3
   7              		.eabi_attribute 24, 1
   8              		.eabi_attribute 25, 1
   9              		.eabi_attribute 26, 1
  10              		.eabi_attribute 30, 2
  11              		.eabi_attribute 34, 1
  12              		.eabi_attribute 18, 4
  13              		.thumb
  14              		.file	"mmcsd.c"
  15              		.text
  16              	.Ltext0:
  17              		.cfi_sections	.debug_frame
  18              		.section	.text.mmcsdGetCapacity,"ax",%progbits
  19              		.align	2
  20              		.p2align 4,,15
  21              		.global	mmcsdGetCapacity
  22              		.thumb
  23              		.thumb_func
  24              		.type	mmcsdGetCapacity, %function
  25              	mmcsdGetCapacity:
  26              	.LFB119:
  27              		.file 1 "../../../ChibiOS/os/hal/src/mmcsd.c"
  28              		.loc 1 93 0
  29              		.cfi_startproc
  30              		@ args = 0, pretend = 0, frame = 0
  31              		@ frame_needed = 0, uses_anonymous_args = 0
  32              		@ link register save eliminated.
  33              	.LVL0:
  34              		.loc 1 95 0
  35 0000 C368     		ldr	r3, [r0, #12]
  36 0002 990F     		lsrs	r1, r3, #30
  37 0004 12D1     		bne	.L8
  38              	.LVL1:
  39              	.LBB11:
  40              	.LBB12:
  41              	.LBB13:
  42              		.loc 1 76 0
  43 0006 8268     		ldr	r2, [r0, #8]
  44              		.loc 1 75 0
  45 0008 4168     		ldr	r1, [r0, #4]
  46              	.LVL2:
  47              		.loc 1 76 0
  48 000a 9305     		lsls	r3, r2, #22
  49              		.loc 1 75 0
  50 000c 880F     		lsrs	r0, r1, #30
  51              	.LVL3:
  52              		.loc 1 76 0
  53 000e 9B0D     		lsrs	r3, r3, #22
  54              		.loc 1 75 0
  55 0010 40EA8303 		orr	r3, r0, r3, lsl #2
  56              	.LBE13:
  57              	.LBE12:
ARM GAS  C:\Users\DNIEL~1\AppData\Local\Temp\ccP5Cgmh.s 			page 2


  58              	.LBB14:
  59              	.LBB15:
  60              		.loc 1 77 0
  61 0014 C1F3C231 		ubfx	r1, r1, #15, #3
  62              	.LBE15:
  63              	.LBE14:
  64              		.loc 1 102 0
  65 0018 581C     		adds	r0, r3, #1
  66              	.LBB16:
  67              	.LBB17:
  68              		.loc 1 77 0
  69 001a C2F30342 		ubfx	r2, r2, #16, #4
  70              	.LBE17:
  71              	.LBE16:
  72              		.loc 1 102 0
  73 001e 8B1C     		adds	r3, r1, #2
  74 0020 00FA03F0 		lsl	r0, r0, r3
  75 0024 093A     		subs	r2, r2, #9
  76 0026 00FA02F0 		lsl	r0, r0, r2
  77 002a 7047     		bx	lr
  78              	.LVL4:
  79              	.L8:
  80              	.LBE11:
  81              		.loc 1 95 0
  82 002c 0129     		cmp	r1, #1
  83 002e 01D0     		beq	.L9
  84              		.loc 1 108 0
  85 0030 0020     		movs	r0, #0
  86              	.LVL5:
  87              		.loc 1 110 0
  88 0032 7047     		bx	lr
  89              	.LVL6:
  90              	.L9:
  91              	.LBB20:
  92              	.LBB18:
  93              	.LBB19:
  94              		.loc 1 76 0
  95 0034 8268     		ldr	r2, [r0, #8]
  96              		.loc 1 75 0
  97 0036 C388     		ldrh	r3, [r0, #6]
  98              		.loc 1 76 0
  99 0038 02F03F00 		and	r0, r2, #63
 100              	.LVL7:
 101              		.loc 1 75 0
 102 003c 43EA0041 		orr	r1, r3, r0, lsl #16
 103              	.LBE19:
 104              	.LBE18:
 105              		.loc 1 105 0
 106 0040 4A1C     		adds	r2, r1, #1
 107 0042 9002     		lsls	r0, r2, #10
 108 0044 7047     		bx	lr
 109              	.LBE20:
 110              		.cfi_endproc
 111              	.LFE119:
 112              		.size	mmcsdGetCapacity, .-mmcsdGetCapacity
 113 0046 00BFAFF3 		.text
 113      0080AFF3 
ARM GAS  C:\Users\DNIEL~1\AppData\Local\Temp\ccP5Cgmh.s 			page 3


 113      0080
 114              	.Letext0:
 115              		.file 2 "c:\\chibistudio\\tools\\gnu tools arm embedded\\4.7 2014q2\\bin\\../lib/gcc/arm-none-eabi
 116              		.file 3 "../../../ChibiOS/os/ports/common/ARMCMx/CMSIS/include/core_cm4.h"
 117              		.section	.debug_info,"",%progbits
 118              	.Ldebug_info0:
 119 0000 B4020000 		.4byte	0x2b4
 120 0004 0200     		.2byte	0x2
 121 0006 00000000 		.4byte	.Ldebug_abbrev0
 122 000a 04       		.byte	0x4
 123 000b 01       		.uleb128 0x1
 124 000c 74000000 		.4byte	.LASF19
 125 0010 01       		.byte	0x1
 126 0011 02010000 		.4byte	.LASF20
 127 0015 C5000000 		.4byte	.LASF21
 128 0019 18000000 		.4byte	.Ldebug_ranges0+0x18
 129 001d 00000000 		.4byte	0
 130 0021 00000000 		.4byte	0
 131 0025 00000000 		.4byte	.Ldebug_line0
 132 0029 02       		.uleb128 0x2
 133 002a 04       		.byte	0x4
 134 002b 05       		.byte	0x5
 135 002c 696E7400 		.ascii	"int\000"
 136 0030 03       		.uleb128 0x3
 137 0031 04       		.byte	0x4
 138 0032 07       		.byte	0x7
 139 0033 F0000000 		.4byte	.LASF0
 140 0037 03       		.uleb128 0x3
 141 0038 01       		.byte	0x1
 142 0039 06       		.byte	0x6
 143 003a 72010000 		.4byte	.LASF1
 144 003e 03       		.uleb128 0x3
 145 003f 01       		.byte	0x1
 146 0040 08       		.byte	0x8
 147 0041 34000000 		.4byte	.LASF2
 148 0045 03       		.uleb128 0x3
 149 0046 02       		.byte	0x2
 150 0047 05       		.byte	0x5
 151 0048 45010000 		.4byte	.LASF3
 152 004c 03       		.uleb128 0x3
 153 004d 02       		.byte	0x2
 154 004e 07       		.byte	0x7
 155 004f 54000000 		.4byte	.LASF4
 156 0053 04       		.uleb128 0x4
 157 0054 26010000 		.4byte	.LASF6
 158 0058 02       		.byte	0x2
 159 0059 4F       		.byte	0x4f
 160 005a 5E000000 		.4byte	0x5e
 161 005e 03       		.uleb128 0x3
 162 005f 04       		.byte	0x4
 163 0060 05       		.byte	0x5
 164 0061 58010000 		.4byte	.LASF5
 165 0065 04       		.uleb128 0x4
 166 0066 4F010000 		.4byte	.LASF7
 167 006a 02       		.byte	0x2
 168 006b 50       		.byte	0x50
 169 006c 70000000 		.4byte	0x70
ARM GAS  C:\Users\DNIEL~1\AppData\Local\Temp\ccP5Cgmh.s 			page 4


 170 0070 03       		.uleb128 0x3
 171 0071 04       		.byte	0x4
 172 0072 07       		.byte	0x7
 173 0073 42000000 		.4byte	.LASF8
 174 0077 03       		.uleb128 0x3
 175 0078 08       		.byte	0x8
 176 0079 05       		.byte	0x5
 177 007a 37010000 		.4byte	.LASF9
 178 007e 03       		.uleb128 0x3
 179 007f 08       		.byte	0x8
 180 0080 07       		.byte	0x7
 181 0081 7E010000 		.4byte	.LASF10
 182 0085 03       		.uleb128 0x3
 183 0086 04       		.byte	0x4
 184 0087 07       		.byte	0x7
 185 0088 2E010000 		.4byte	.LASF11
 186 008c 03       		.uleb128 0x3
 187 008d 01       		.byte	0x1
 188 008e 08       		.byte	0x8
 189 008f FD000000 		.4byte	.LASF12
 190 0093 05       		.uleb128 0x5
 191 0094 53000000 		.4byte	0x53
 192 0098 06       		.uleb128 0x6
 193 0099 1F000000 		.4byte	.LASF22
 194 009d 01       		.byte	0x1
 195 009e 3E       		.byte	0x3e
 196 009f 01       		.byte	0x1
 197 00a0 65000000 		.4byte	0x65
 198 00a4 01       		.byte	0x1
 199 00a5 F7000000 		.4byte	0xf7
 200 00a9 07       		.uleb128 0x7
 201 00aa 2F000000 		.4byte	.LASF13
 202 00ae 01       		.byte	0x1
 203 00af 3E       		.byte	0x3e
 204 00b0 F7000000 		.4byte	0xf7
 205 00b4 08       		.uleb128 0x8
 206 00b5 656E6400 		.ascii	"end\000"
 207 00b9 01       		.byte	0x1
 208 00ba 3E       		.byte	0x3e
 209 00bb 65000000 		.4byte	0x65
 210 00bf 07       		.uleb128 0x7
 211 00c0 00000000 		.4byte	.LASF14
 212 00c4 01       		.byte	0x1
 213 00c5 3E       		.byte	0x3e
 214 00c6 65000000 		.4byte	0x65
 215 00ca 09       		.uleb128 0x9
 216 00cb 16000000 		.4byte	.LASF15
 217 00cf 01       		.byte	0x1
 218 00d0 3F       		.byte	0x3f
 219 00d1 30000000 		.4byte	0x30
 220 00d5 09       		.uleb128 0x9
 221 00d6 06000000 		.4byte	.LASF16
 222 00da 01       		.byte	0x1
 223 00db 3F       		.byte	0x3f
 224 00dc 30000000 		.4byte	0x30
 225 00e0 09       		.uleb128 0x9
 226 00e1 0D000000 		.4byte	.LASF17
ARM GAS  C:\Users\DNIEL~1\AppData\Local\Temp\ccP5Cgmh.s 			page 5


 227 00e5 01       		.byte	0x1
 228 00e6 3F       		.byte	0x3f
 229 00e7 30000000 		.4byte	0x30
 230 00eb 09       		.uleb128 0x9
 231 00ec BD000000 		.4byte	.LASF18
 232 00f0 01       		.byte	0x1
 233 00f1 40       		.byte	0x40
 234 00f2 65000000 		.4byte	0x65
 235 00f6 00       		.byte	0
 236 00f7 0A       		.uleb128 0xa
 237 00f8 04       		.byte	0x4
 238 00f9 65000000 		.4byte	0x65
 239 00fd 0B       		.uleb128 0xb
 240 00fe 01       		.byte	0x1
 241 00ff 61010000 		.4byte	.LASF23
 242 0103 01       		.byte	0x1
 243 0104 5D       		.byte	0x5d
 244 0105 01       		.byte	0x1
 245 0106 65000000 		.4byte	0x65
 246 010a 00000000 		.4byte	.LFB119
 247 010e 46000000 		.4byte	.LFE119
 248 0112 02       		.byte	0x2
 249 0113 7D       		.byte	0x7d
 250 0114 00       		.sleb128 0
 251 0115 01       		.byte	0x1
 252 0116 A9020000 		.4byte	0x2a9
 253 011a 0C       		.uleb128 0xc
 254 011b 63736400 		.ascii	"csd\000"
 255 011f 01       		.byte	0x1
 256 0120 5D       		.byte	0x5d
 257 0121 F7000000 		.4byte	0xf7
 258 0125 00000000 		.4byte	.LLST0
 259 0129 0D       		.uleb128 0xd
 260 012a 00000000 		.4byte	.Ldebug_ranges0+0
 261 012e 0E       		.uleb128 0xe
 262 012f 6100     		.ascii	"a\000"
 263 0131 01       		.byte	0x1
 264 0132 60       		.byte	0x60
 265 0133 65000000 		.4byte	0x65
 266 0137 0E       		.uleb128 0xe
 267 0138 6200     		.ascii	"b\000"
 268 013a 01       		.byte	0x1
 269 013b 60       		.byte	0x60
 270 013c 65000000 		.4byte	0x65
 271 0140 0E       		.uleb128 0xe
 272 0141 6300     		.ascii	"c\000"
 273 0143 01       		.byte	0x1
 274 0144 60       		.byte	0x60
 275 0145 65000000 		.4byte	0x65
 276 0149 0F       		.uleb128 0xf
 277 014a 98000000 		.4byte	0x98
 278 014e 06000000 		.4byte	.LBB12
 279 0152 14000000 		.4byte	.LBE12
 280 0156 01       		.byte	0x1
 281 0157 63       		.byte	0x63
 282 0158 A6010000 		.4byte	0x1a6
 283 015c 10       		.uleb128 0x10
ARM GAS  C:\Users\DNIEL~1\AppData\Local\Temp\ccP5Cgmh.s 			page 6


 284 015d BF000000 		.4byte	0xbf
 285 0161 53000000 		.4byte	.LLST1
 286 0165 10       		.uleb128 0x10
 287 0166 B4000000 		.4byte	0xb4
 288 016a 68000000 		.4byte	.LLST2
 289 016e 10       		.uleb128 0x10
 290 016f A9000000 		.4byte	0xa9
 291 0173 7D000000 		.4byte	.LLST3
 292 0177 11       		.uleb128 0x11
 293 0178 06000000 		.4byte	.LBB13
 294 017c 14000000 		.4byte	.LBE13
 295 0180 12       		.uleb128 0x12
 296 0181 CA000000 		.4byte	0xca
 297 0185 9E000000 		.4byte	.LLST4
 298 0189 12       		.uleb128 0x12
 299 018a D5000000 		.4byte	0xd5
 300 018e B2000000 		.4byte	.LLST5
 301 0192 12       		.uleb128 0x12
 302 0193 E0000000 		.4byte	0xe0
 303 0197 C6000000 		.4byte	.LLST6
 304 019b 12       		.uleb128 0x12
 305 019c EB000000 		.4byte	0xeb
 306 01a0 DA000000 		.4byte	.LLST7
 307 01a4 00       		.byte	0
 308 01a5 00       		.byte	0
 309 01a6 0F       		.uleb128 0xf
 310 01a7 98000000 		.4byte	0x98
 311 01ab 14000000 		.4byte	.LBB14
 312 01af 18000000 		.4byte	.LBE14
 313 01b3 01       		.byte	0x1
 314 01b4 64       		.byte	0x64
 315 01b5 03020000 		.4byte	0x203
 316 01b9 10       		.uleb128 0x10
 317 01ba BF000000 		.4byte	0xbf
 318 01be F0000000 		.4byte	.LLST8
 319 01c2 10       		.uleb128 0x10
 320 01c3 B4000000 		.4byte	0xb4
 321 01c7 05010000 		.4byte	.LLST9
 322 01cb 10       		.uleb128 0x10
 323 01cc A9000000 		.4byte	0xa9
 324 01d0 1A010000 		.4byte	.LLST10
 325 01d4 11       		.uleb128 0x11
 326 01d5 14000000 		.4byte	.LBB15
 327 01d9 18000000 		.4byte	.LBE15
 328 01dd 12       		.uleb128 0x12
 329 01de CA000000 		.4byte	0xca
 330 01e2 3B010000 		.4byte	.LLST11
 331 01e6 12       		.uleb128 0x12
 332 01e7 D5000000 		.4byte	0xd5
 333 01eb 3B010000 		.4byte	.LLST11
 334 01ef 12       		.uleb128 0x12
 335 01f0 E0000000 		.4byte	0xe0
 336 01f4 4F010000 		.4byte	.LLST13
 337 01f8 12       		.uleb128 0x12
 338 01f9 EB000000 		.4byte	0xeb
 339 01fd 63010000 		.4byte	.LLST14
 340 0201 00       		.byte	0
ARM GAS  C:\Users\DNIEL~1\AppData\Local\Temp\ccP5Cgmh.s 			page 7


 341 0202 00       		.byte	0
 342 0203 0F       		.uleb128 0xf
 343 0204 98000000 		.4byte	0x98
 344 0208 1A000000 		.4byte	.LBB16
 345 020c 1E000000 		.4byte	.LBE16
 346 0210 01       		.byte	0x1
 347 0211 65       		.byte	0x65
 348 0212 60020000 		.4byte	0x260
 349 0216 10       		.uleb128 0x10
 350 0217 BF000000 		.4byte	0xbf
 351 021b 7B010000 		.4byte	.LLST15
 352 021f 10       		.uleb128 0x10
 353 0220 B4000000 		.4byte	0xb4
 354 0224 90010000 		.4byte	.LLST16
 355 0228 10       		.uleb128 0x10
 356 0229 A9000000 		.4byte	0xa9
 357 022d 1A010000 		.4byte	.LLST10
 358 0231 11       		.uleb128 0x11
 359 0232 1A000000 		.4byte	.LBB17
 360 0236 1E000000 		.4byte	.LBE17
 361 023a 12       		.uleb128 0x12
 362 023b CA000000 		.4byte	0xca
 363 023f A5010000 		.4byte	.LLST18
 364 0243 12       		.uleb128 0x12
 365 0244 D5000000 		.4byte	0xd5
 366 0248 A5010000 		.4byte	.LLST18
 367 024c 12       		.uleb128 0x12
 368 024d E0000000 		.4byte	0xe0
 369 0251 B9010000 		.4byte	.LLST20
 370 0255 12       		.uleb128 0x12
 371 0256 EB000000 		.4byte	0xeb
 372 025a CD010000 		.4byte	.LLST21
 373 025e 00       		.byte	0
 374 025f 00       		.byte	0
 375 0260 13       		.uleb128 0x13
 376 0261 98000000 		.4byte	0x98
 377 0265 34000000 		.4byte	.LBB18
 378 0269 40000000 		.4byte	.LBE18
 379 026d 01       		.byte	0x1
 380 026e 69       		.byte	0x69
 381 026f 14       		.uleb128 0x14
 382 0270 BF000000 		.4byte	0xbf
 383 0274 30       		.byte	0x30
 384 0275 14       		.uleb128 0x14
 385 0276 B4000000 		.4byte	0xb4
 386 027a 45       		.byte	0x45
 387 027b 10       		.uleb128 0x10
 388 027c A9000000 		.4byte	0xa9
 389 0280 E5010000 		.4byte	.LLST22
 390 0284 11       		.uleb128 0x11
 391 0285 34000000 		.4byte	.LBB19
 392 0289 40000000 		.4byte	.LBE19
 393 028d 15       		.uleb128 0x15
 394 028e CA000000 		.4byte	0xca
 395 0292 01       		.byte	0x1
 396 0293 15       		.uleb128 0x15
 397 0294 D5000000 		.4byte	0xd5
ARM GAS  C:\Users\DNIEL~1\AppData\Local\Temp\ccP5Cgmh.s 			page 8


 398 0298 02       		.byte	0x2
 399 0299 15       		.uleb128 0x15
 400 029a E0000000 		.4byte	0xe0
 401 029e 10       		.byte	0x10
 402 029f 15       		.uleb128 0x15
 403 02a0 EB000000 		.4byte	0xeb
 404 02a4 3F       		.byte	0x3f
 405 02a5 00       		.byte	0
 406 02a6 00       		.byte	0
 407 02a7 00       		.byte	0
 408 02a8 00       		.byte	0
 409 02a9 16       		.uleb128 0x16
 410 02aa 67000000 		.4byte	.LASF24
 411 02ae 03       		.byte	0x3
 412 02af 9806     		.2byte	0x698
 413 02b1 93000000 		.4byte	0x93
 414 02b5 01       		.byte	0x1
 415 02b6 01       		.byte	0x1
 416 02b7 00       		.byte	0
 417              		.section	.debug_abbrev,"",%progbits
 418              	.Ldebug_abbrev0:
 419 0000 01       		.uleb128 0x1
 420 0001 11       		.uleb128 0x11
 421 0002 01       		.byte	0x1
 422 0003 25       		.uleb128 0x25
 423 0004 0E       		.uleb128 0xe
 424 0005 13       		.uleb128 0x13
 425 0006 0B       		.uleb128 0xb
 426 0007 03       		.uleb128 0x3
 427 0008 0E       		.uleb128 0xe
 428 0009 1B       		.uleb128 0x1b
 429 000a 0E       		.uleb128 0xe
 430 000b 55       		.uleb128 0x55
 431 000c 06       		.uleb128 0x6
 432 000d 11       		.uleb128 0x11
 433 000e 01       		.uleb128 0x1
 434 000f 52       		.uleb128 0x52
 435 0010 01       		.uleb128 0x1
 436 0011 10       		.uleb128 0x10
 437 0012 06       		.uleb128 0x6
 438 0013 00       		.byte	0
 439 0014 00       		.byte	0
 440 0015 02       		.uleb128 0x2
 441 0016 24       		.uleb128 0x24
 442 0017 00       		.byte	0
 443 0018 0B       		.uleb128 0xb
 444 0019 0B       		.uleb128 0xb
 445 001a 3E       		.uleb128 0x3e
 446 001b 0B       		.uleb128 0xb
 447 001c 03       		.uleb128 0x3
 448 001d 08       		.uleb128 0x8
 449 001e 00       		.byte	0
 450 001f 00       		.byte	0
 451 0020 03       		.uleb128 0x3
 452 0021 24       		.uleb128 0x24
 453 0022 00       		.byte	0
 454 0023 0B       		.uleb128 0xb
ARM GAS  C:\Users\DNIEL~1\AppData\Local\Temp\ccP5Cgmh.s 			page 9


 455 0024 0B       		.uleb128 0xb
 456 0025 3E       		.uleb128 0x3e
 457 0026 0B       		.uleb128 0xb
 458 0027 03       		.uleb128 0x3
 459 0028 0E       		.uleb128 0xe
 460 0029 00       		.byte	0
 461 002a 00       		.byte	0
 462 002b 04       		.uleb128 0x4
 463 002c 16       		.uleb128 0x16
 464 002d 00       		.byte	0
 465 002e 03       		.uleb128 0x3
 466 002f 0E       		.uleb128 0xe
 467 0030 3A       		.uleb128 0x3a
 468 0031 0B       		.uleb128 0xb
 469 0032 3B       		.uleb128 0x3b
 470 0033 0B       		.uleb128 0xb
 471 0034 49       		.uleb128 0x49
 472 0035 13       		.uleb128 0x13
 473 0036 00       		.byte	0
 474 0037 00       		.byte	0
 475 0038 05       		.uleb128 0x5
 476 0039 35       		.uleb128 0x35
 477 003a 00       		.byte	0
 478 003b 49       		.uleb128 0x49
 479 003c 13       		.uleb128 0x13
 480 003d 00       		.byte	0
 481 003e 00       		.byte	0
 482 003f 06       		.uleb128 0x6
 483 0040 2E       		.uleb128 0x2e
 484 0041 01       		.byte	0x1
 485 0042 03       		.uleb128 0x3
 486 0043 0E       		.uleb128 0xe
 487 0044 3A       		.uleb128 0x3a
 488 0045 0B       		.uleb128 0xb
 489 0046 3B       		.uleb128 0x3b
 490 0047 0B       		.uleb128 0xb
 491 0048 27       		.uleb128 0x27
 492 0049 0C       		.uleb128 0xc
 493 004a 49       		.uleb128 0x49
 494 004b 13       		.uleb128 0x13
 495 004c 20       		.uleb128 0x20
 496 004d 0B       		.uleb128 0xb
 497 004e 01       		.uleb128 0x1
 498 004f 13       		.uleb128 0x13
 499 0050 00       		.byte	0
 500 0051 00       		.byte	0
 501 0052 07       		.uleb128 0x7
 502 0053 05       		.uleb128 0x5
 503 0054 00       		.byte	0
 504 0055 03       		.uleb128 0x3
 505 0056 0E       		.uleb128 0xe
 506 0057 3A       		.uleb128 0x3a
 507 0058 0B       		.uleb128 0xb
 508 0059 3B       		.uleb128 0x3b
 509 005a 0B       		.uleb128 0xb
 510 005b 49       		.uleb128 0x49
 511 005c 13       		.uleb128 0x13
ARM GAS  C:\Users\DNIEL~1\AppData\Local\Temp\ccP5Cgmh.s 			page 10


 512 005d 00       		.byte	0
 513 005e 00       		.byte	0
 514 005f 08       		.uleb128 0x8
 515 0060 05       		.uleb128 0x5
 516 0061 00       		.byte	0
 517 0062 03       		.uleb128 0x3
 518 0063 08       		.uleb128 0x8
 519 0064 3A       		.uleb128 0x3a
 520 0065 0B       		.uleb128 0xb
 521 0066 3B       		.uleb128 0x3b
 522 0067 0B       		.uleb128 0xb
 523 0068 49       		.uleb128 0x49
 524 0069 13       		.uleb128 0x13
 525 006a 00       		.byte	0
 526 006b 00       		.byte	0
 527 006c 09       		.uleb128 0x9
 528 006d 34       		.uleb128 0x34
 529 006e 00       		.byte	0
 530 006f 03       		.uleb128 0x3
 531 0070 0E       		.uleb128 0xe
 532 0071 3A       		.uleb128 0x3a
 533 0072 0B       		.uleb128 0xb
 534 0073 3B       		.uleb128 0x3b
 535 0074 0B       		.uleb128 0xb
 536 0075 49       		.uleb128 0x49
 537 0076 13       		.uleb128 0x13
 538 0077 00       		.byte	0
 539 0078 00       		.byte	0
 540 0079 0A       		.uleb128 0xa
 541 007a 0F       		.uleb128 0xf
 542 007b 00       		.byte	0
 543 007c 0B       		.uleb128 0xb
 544 007d 0B       		.uleb128 0xb
 545 007e 49       		.uleb128 0x49
 546 007f 13       		.uleb128 0x13
 547 0080 00       		.byte	0
 548 0081 00       		.byte	0
 549 0082 0B       		.uleb128 0xb
 550 0083 2E       		.uleb128 0x2e
 551 0084 01       		.byte	0x1
 552 0085 3F       		.uleb128 0x3f
 553 0086 0C       		.uleb128 0xc
 554 0087 03       		.uleb128 0x3
 555 0088 0E       		.uleb128 0xe
 556 0089 3A       		.uleb128 0x3a
 557 008a 0B       		.uleb128 0xb
 558 008b 3B       		.uleb128 0x3b
 559 008c 0B       		.uleb128 0xb
 560 008d 27       		.uleb128 0x27
 561 008e 0C       		.uleb128 0xc
 562 008f 49       		.uleb128 0x49
 563 0090 13       		.uleb128 0x13
 564 0091 11       		.uleb128 0x11
 565 0092 01       		.uleb128 0x1
 566 0093 12       		.uleb128 0x12
 567 0094 01       		.uleb128 0x1
 568 0095 40       		.uleb128 0x40
ARM GAS  C:\Users\DNIEL~1\AppData\Local\Temp\ccP5Cgmh.s 			page 11


 569 0096 0A       		.uleb128 0xa
 570 0097 9742     		.uleb128 0x2117
 571 0099 0C       		.uleb128 0xc
 572 009a 01       		.uleb128 0x1
 573 009b 13       		.uleb128 0x13
 574 009c 00       		.byte	0
 575 009d 00       		.byte	0
 576 009e 0C       		.uleb128 0xc
 577 009f 05       		.uleb128 0x5
 578 00a0 00       		.byte	0
 579 00a1 03       		.uleb128 0x3
 580 00a2 08       		.uleb128 0x8
 581 00a3 3A       		.uleb128 0x3a
 582 00a4 0B       		.uleb128 0xb
 583 00a5 3B       		.uleb128 0x3b
 584 00a6 0B       		.uleb128 0xb
 585 00a7 49       		.uleb128 0x49
 586 00a8 13       		.uleb128 0x13
 587 00a9 02       		.uleb128 0x2
 588 00aa 06       		.uleb128 0x6
 589 00ab 00       		.byte	0
 590 00ac 00       		.byte	0
 591 00ad 0D       		.uleb128 0xd
 592 00ae 0B       		.uleb128 0xb
 593 00af 01       		.byte	0x1
 594 00b0 55       		.uleb128 0x55
 595 00b1 06       		.uleb128 0x6
 596 00b2 00       		.byte	0
 597 00b3 00       		.byte	0
 598 00b4 0E       		.uleb128 0xe
 599 00b5 34       		.uleb128 0x34
 600 00b6 00       		.byte	0
 601 00b7 03       		.uleb128 0x3
 602 00b8 08       		.uleb128 0x8
 603 00b9 3A       		.uleb128 0x3a
 604 00ba 0B       		.uleb128 0xb
 605 00bb 3B       		.uleb128 0x3b
 606 00bc 0B       		.uleb128 0xb
 607 00bd 49       		.uleb128 0x49
 608 00be 13       		.uleb128 0x13
 609 00bf 00       		.byte	0
 610 00c0 00       		.byte	0
 611 00c1 0F       		.uleb128 0xf
 612 00c2 1D       		.uleb128 0x1d
 613 00c3 01       		.byte	0x1
 614 00c4 31       		.uleb128 0x31
 615 00c5 13       		.uleb128 0x13
 616 00c6 11       		.uleb128 0x11
 617 00c7 01       		.uleb128 0x1
 618 00c8 12       		.uleb128 0x12
 619 00c9 01       		.uleb128 0x1
 620 00ca 58       		.uleb128 0x58
 621 00cb 0B       		.uleb128 0xb
 622 00cc 59       		.uleb128 0x59
 623 00cd 0B       		.uleb128 0xb
 624 00ce 01       		.uleb128 0x1
 625 00cf 13       		.uleb128 0x13
ARM GAS  C:\Users\DNIEL~1\AppData\Local\Temp\ccP5Cgmh.s 			page 12


 626 00d0 00       		.byte	0
 627 00d1 00       		.byte	0
 628 00d2 10       		.uleb128 0x10
 629 00d3 05       		.uleb128 0x5
 630 00d4 00       		.byte	0
 631 00d5 31       		.uleb128 0x31
 632 00d6 13       		.uleb128 0x13
 633 00d7 02       		.uleb128 0x2
 634 00d8 06       		.uleb128 0x6
 635 00d9 00       		.byte	0
 636 00da 00       		.byte	0
 637 00db 11       		.uleb128 0x11
 638 00dc 0B       		.uleb128 0xb
 639 00dd 01       		.byte	0x1
 640 00de 11       		.uleb128 0x11
 641 00df 01       		.uleb128 0x1
 642 00e0 12       		.uleb128 0x12
 643 00e1 01       		.uleb128 0x1
 644 00e2 00       		.byte	0
 645 00e3 00       		.byte	0
 646 00e4 12       		.uleb128 0x12
 647 00e5 34       		.uleb128 0x34
 648 00e6 00       		.byte	0
 649 00e7 31       		.uleb128 0x31
 650 00e8 13       		.uleb128 0x13
 651 00e9 02       		.uleb128 0x2
 652 00ea 06       		.uleb128 0x6
 653 00eb 00       		.byte	0
 654 00ec 00       		.byte	0
 655 00ed 13       		.uleb128 0x13
 656 00ee 1D       		.uleb128 0x1d
 657 00ef 01       		.byte	0x1
 658 00f0 31       		.uleb128 0x31
 659 00f1 13       		.uleb128 0x13
 660 00f2 11       		.uleb128 0x11
 661 00f3 01       		.uleb128 0x1
 662 00f4 12       		.uleb128 0x12
 663 00f5 01       		.uleb128 0x1
 664 00f6 58       		.uleb128 0x58
 665 00f7 0B       		.uleb128 0xb
 666 00f8 59       		.uleb128 0x59
 667 00f9 0B       		.uleb128 0xb
 668 00fa 00       		.byte	0
 669 00fb 00       		.byte	0
 670 00fc 14       		.uleb128 0x14
 671 00fd 05       		.uleb128 0x5
 672 00fe 00       		.byte	0
 673 00ff 31       		.uleb128 0x31
 674 0100 13       		.uleb128 0x13
 675 0101 1C       		.uleb128 0x1c
 676 0102 0B       		.uleb128 0xb
 677 0103 00       		.byte	0
 678 0104 00       		.byte	0
 679 0105 15       		.uleb128 0x15
 680 0106 34       		.uleb128 0x34
 681 0107 00       		.byte	0
 682 0108 31       		.uleb128 0x31
ARM GAS  C:\Users\DNIEL~1\AppData\Local\Temp\ccP5Cgmh.s 			page 13


 683 0109 13       		.uleb128 0x13
 684 010a 1C       		.uleb128 0x1c
 685 010b 0B       		.uleb128 0xb
 686 010c 00       		.byte	0
 687 010d 00       		.byte	0
 688 010e 16       		.uleb128 0x16
 689 010f 34       		.uleb128 0x34
 690 0110 00       		.byte	0
 691 0111 03       		.uleb128 0x3
 692 0112 0E       		.uleb128 0xe
 693 0113 3A       		.uleb128 0x3a
 694 0114 0B       		.uleb128 0xb
 695 0115 3B       		.uleb128 0x3b
 696 0116 05       		.uleb128 0x5
 697 0117 49       		.uleb128 0x49
 698 0118 13       		.uleb128 0x13
 699 0119 3F       		.uleb128 0x3f
 700 011a 0C       		.uleb128 0xc
 701 011b 3C       		.uleb128 0x3c
 702 011c 0C       		.uleb128 0xc
 703 011d 00       		.byte	0
 704 011e 00       		.byte	0
 705 011f 00       		.byte	0
 706              		.section	.debug_loc,"",%progbits
 707              	.Ldebug_loc0:
 708              	.LLST0:
 709 0000 00000000 		.4byte	.LVL0
 710 0004 0E000000 		.4byte	.LVL3
 711 0008 0100     		.2byte	0x1
 712 000a 50       		.byte	0x50
 713 000b 0E000000 		.4byte	.LVL3
 714 000f 2C000000 		.4byte	.LVL4
 715 0013 0400     		.2byte	0x4
 716 0015 F3       		.byte	0xf3
 717 0016 01       		.uleb128 0x1
 718 0017 50       		.byte	0x50
 719 0018 9F       		.byte	0x9f
 720 0019 2C000000 		.4byte	.LVL4
 721 001d 32000000 		.4byte	.LVL5
 722 0021 0100     		.2byte	0x1
 723 0023 50       		.byte	0x50
 724 0024 32000000 		.4byte	.LVL5
 725 0028 34000000 		.4byte	.LVL6
 726 002c 0400     		.2byte	0x4
 727 002e F3       		.byte	0xf3
 728 002f 01       		.uleb128 0x1
 729 0030 50       		.byte	0x50
 730 0031 9F       		.byte	0x9f
 731 0032 34000000 		.4byte	.LVL6
 732 0036 3C000000 		.4byte	.LVL7
 733 003a 0100     		.2byte	0x1
 734 003c 50       		.byte	0x50
 735 003d 3C000000 		.4byte	.LVL7
 736 0041 46000000 		.4byte	.LFE119
 737 0045 0400     		.2byte	0x4
 738 0047 F3       		.byte	0xf3
 739 0048 01       		.uleb128 0x1
ARM GAS  C:\Users\DNIEL~1\AppData\Local\Temp\ccP5Cgmh.s 			page 14


 740 0049 50       		.byte	0x50
 741 004a 9F       		.byte	0x9f
 742 004b 00000000 		.4byte	0
 743 004f 00000000 		.4byte	0
 744              	.LLST1:
 745 0053 06000000 		.4byte	.LVL1
 746 0057 2C000000 		.4byte	.LVL4
 747 005b 0300     		.2byte	0x3
 748 005d 08       		.byte	0x8
 749 005e 3E       		.byte	0x3e
 750 005f 9F       		.byte	0x9f
 751 0060 00000000 		.4byte	0
 752 0064 00000000 		.4byte	0
 753              	.LLST2:
 754 0068 06000000 		.4byte	.LVL1
 755 006c 2C000000 		.4byte	.LVL4
 756 0070 0300     		.2byte	0x3
 757 0072 08       		.byte	0x8
 758 0073 49       		.byte	0x49
 759 0074 9F       		.byte	0x9f
 760 0075 00000000 		.4byte	0
 761 0079 00000000 		.4byte	0
 762              	.LLST3:
 763 007d 06000000 		.4byte	.LVL1
 764 0081 0E000000 		.4byte	.LVL3
 765 0085 0100     		.2byte	0x1
 766 0087 50       		.byte	0x50
 767 0088 0E000000 		.4byte	.LVL3
 768 008c 2C000000 		.4byte	.LVL4
 769 0090 0400     		.2byte	0x4
 770 0092 F3       		.byte	0xf3
 771 0093 01       		.uleb128 0x1
 772 0094 50       		.byte	0x50
 773 0095 9F       		.byte	0x9f
 774 0096 00000000 		.4byte	0
 775 009a 00000000 		.4byte	0
 776              	.LLST4:
 777 009e 06000000 		.4byte	.LVL1
 778 00a2 2C000000 		.4byte	.LVL4
 779 00a6 0200     		.2byte	0x2
 780 00a8 31       		.byte	0x31
 781 00a9 9F       		.byte	0x9f
 782 00aa 00000000 		.4byte	0
 783 00ae 00000000 		.4byte	0
 784              	.LLST5:
 785 00b2 06000000 		.4byte	.LVL1
 786 00b6 2C000000 		.4byte	.LVL4
 787 00ba 0200     		.2byte	0x2
 788 00bc 32       		.byte	0x32
 789 00bd 9F       		.byte	0x9f
 790 00be 00000000 		.4byte	0
 791 00c2 00000000 		.4byte	0
 792              	.LLST6:
 793 00c6 06000000 		.4byte	.LVL1
 794 00ca 2C000000 		.4byte	.LVL4
 795 00ce 0200     		.2byte	0x2
 796 00d0 4E       		.byte	0x4e
ARM GAS  C:\Users\DNIEL~1\AppData\Local\Temp\ccP5Cgmh.s 			page 15


 797 00d1 9F       		.byte	0x9f
 798 00d2 00000000 		.4byte	0
 799 00d6 00000000 		.4byte	0
 800              	.LLST7:
 801 00da 06000000 		.4byte	.LVL1
 802 00de 2C000000 		.4byte	.LVL4
 803 00e2 0400     		.2byte	0x4
 804 00e4 0A       		.byte	0xa
 805 00e5 FF03     		.2byte	0x3ff
 806 00e7 9F       		.byte	0x9f
 807 00e8 00000000 		.4byte	0
 808 00ec 00000000 		.4byte	0
 809              	.LLST8:
 810 00f0 0A000000 		.4byte	.LVL2
 811 00f4 2C000000 		.4byte	.LVL4
 812 00f8 0300     		.2byte	0x3
 813 00fa 08       		.byte	0x8
 814 00fb 2F       		.byte	0x2f
 815 00fc 9F       		.byte	0x9f
 816 00fd 00000000 		.4byte	0
 817 0101 00000000 		.4byte	0
 818              	.LLST9:
 819 0105 0A000000 		.4byte	.LVL2
 820 0109 2C000000 		.4byte	.LVL4
 821 010d 0300     		.2byte	0x3
 822 010f 08       		.byte	0x8
 823 0110 31       		.byte	0x31
 824 0111 9F       		.byte	0x9f
 825 0112 00000000 		.4byte	0
 826 0116 00000000 		.4byte	0
 827              	.LLST10:
 828 011a 0A000000 		.4byte	.LVL2
 829 011e 0E000000 		.4byte	.LVL3
 830 0122 0100     		.2byte	0x1
 831 0124 50       		.byte	0x50
 832 0125 0E000000 		.4byte	.LVL3
 833 0129 2C000000 		.4byte	.LVL4
 834 012d 0400     		.2byte	0x4
 835 012f F3       		.byte	0xf3
 836 0130 01       		.uleb128 0x1
 837 0131 50       		.byte	0x50
 838 0132 9F       		.byte	0x9f
 839 0133 00000000 		.4byte	0
 840 0137 00000000 		.4byte	0
 841              	.LLST11:
 842 013b 0A000000 		.4byte	.LVL2
 843 013f 2C000000 		.4byte	.LVL4
 844 0143 0200     		.2byte	0x2
 845 0145 31       		.byte	0x31
 846 0146 9F       		.byte	0x9f
 847 0147 00000000 		.4byte	0
 848 014b 00000000 		.4byte	0
 849              	.LLST13:
 850 014f 0A000000 		.4byte	.LVL2
 851 0153 2C000000 		.4byte	.LVL4
 852 0157 0200     		.2byte	0x2
 853 0159 3F       		.byte	0x3f
ARM GAS  C:\Users\DNIEL~1\AppData\Local\Temp\ccP5Cgmh.s 			page 16


 854 015a 9F       		.byte	0x9f
 855 015b 00000000 		.4byte	0
 856 015f 00000000 		.4byte	0
 857              	.LLST14:
 858 0163 0A000000 		.4byte	.LVL2
 859 0167 2C000000 		.4byte	.LVL4
 860 016b 0600     		.2byte	0x6
 861 016d 0C       		.byte	0xc
 862 016e FFFF0300 		.4byte	0x3ffff
 863 0172 9F       		.byte	0x9f
 864 0173 00000000 		.4byte	0
 865 0177 00000000 		.4byte	0
 866              	.LLST15:
 867 017b 0A000000 		.4byte	.LVL2
 868 017f 2C000000 		.4byte	.LVL4
 869 0183 0300     		.2byte	0x3
 870 0185 08       		.byte	0x8
 871 0186 50       		.byte	0x50
 872 0187 9F       		.byte	0x9f
 873 0188 00000000 		.4byte	0
 874 018c 00000000 		.4byte	0
 875              	.LLST16:
 876 0190 0A000000 		.4byte	.LVL2
 877 0194 2C000000 		.4byte	.LVL4
 878 0198 0300     		.2byte	0x3
 879 019a 08       		.byte	0x8
 880 019b 53       		.byte	0x53
 881 019c 9F       		.byte	0x9f
 882 019d 00000000 		.4byte	0
 883 01a1 00000000 		.4byte	0
 884              	.LLST18:
 885 01a5 0A000000 		.4byte	.LVL2
 886 01a9 2C000000 		.4byte	.LVL4
 887 01ad 0200     		.2byte	0x2
 888 01af 32       		.byte	0x32
 889 01b0 9F       		.byte	0x9f
 890 01b1 00000000 		.4byte	0
 891 01b5 00000000 		.4byte	0
 892              	.LLST20:
 893 01b9 0A000000 		.4byte	.LVL2
 894 01bd 2C000000 		.4byte	.LVL4
 895 01c1 0200     		.2byte	0x2
 896 01c3 40       		.byte	0x40
 897 01c4 9F       		.byte	0x9f
 898 01c5 00000000 		.4byte	0
 899 01c9 00000000 		.4byte	0
 900              	.LLST21:
 901 01cd 0A000000 		.4byte	.LVL2
 902 01d1 2C000000 		.4byte	.LVL4
 903 01d5 0600     		.2byte	0x6
 904 01d7 0C       		.byte	0xc
 905 01d8 FFFF0F00 		.4byte	0xfffff
 906 01dc 9F       		.byte	0x9f
 907 01dd 00000000 		.4byte	0
 908 01e1 00000000 		.4byte	0
 909              	.LLST22:
 910 01e5 34000000 		.4byte	.LVL6
ARM GAS  C:\Users\DNIEL~1\AppData\Local\Temp\ccP5Cgmh.s 			page 17


 911 01e9 3C000000 		.4byte	.LVL7
 912 01ed 0100     		.2byte	0x1
 913 01ef 50       		.byte	0x50
 914 01f0 3C000000 		.4byte	.LVL7
 915 01f4 46000000 		.4byte	.LFE119
 916 01f8 0400     		.2byte	0x4
 917 01fa F3       		.byte	0xf3
 918 01fb 01       		.uleb128 0x1
 919 01fc 50       		.byte	0x50
 920 01fd 9F       		.byte	0x9f
 921 01fe 00000000 		.4byte	0
 922 0202 00000000 		.4byte	0
 923              		.section	.debug_aranges,"",%progbits
 924 0000 1C000000 		.4byte	0x1c
 925 0004 0200     		.2byte	0x2
 926 0006 00000000 		.4byte	.Ldebug_info0
 927 000a 04       		.byte	0x4
 928 000b 00       		.byte	0
 929 000c 0000     		.2byte	0
 930 000e 0000     		.2byte	0
 931 0010 00000000 		.4byte	.LFB119
 932 0014 46000000 		.4byte	.LFE119-.LFB119
 933 0018 00000000 		.4byte	0
 934 001c 00000000 		.4byte	0
 935              		.section	.debug_ranges,"",%progbits
 936              	.Ldebug_ranges0:
 937 0000 06000000 		.4byte	.LBB11
 938 0004 2C000000 		.4byte	.LBE11
 939 0008 34000000 		.4byte	.LBB20
 940 000c 46000000 		.4byte	.LBE20
 941 0010 00000000 		.4byte	0
 942 0014 00000000 		.4byte	0
 943 0018 00000000 		.4byte	.LFB119
 944 001c 46000000 		.4byte	.LFE119
 945 0020 00000000 		.4byte	0
 946 0024 00000000 		.4byte	0
 947              		.section	.debug_line,"",%progbits
 948              	.Ldebug_line0:
 949 0000 3F010000 		.section	.debug_str,"MS",%progbits,1
 949      02000601 
 949      00000201 
 949      FB0E0D00 
 949      01010101 
 950              	.LASF14:
 951 0000 73746172 		.ascii	"start\000"
 951      7400
 952              	.LASF16:
 953 0006 656E6469 		.ascii	"endidx\000"
 953      647800
 954              	.LASF17:
 955 000d 73746172 		.ascii	"startoff\000"
 955      746F6666 
 955      00
 956              	.LASF15:
 957 0016 73746172 		.ascii	"startidx\000"
 957      74696478 
 957      00
ARM GAS  C:\Users\DNIEL~1\AppData\Local\Temp\ccP5Cgmh.s 			page 18


 958              	.LASF22:
 959 001f 6D6D6373 		.ascii	"mmcsd_get_slice\000"
 959      645F6765 
 959      745F736C 
 959      69636500 
 960              	.LASF13:
 961 002f 64617461 		.ascii	"data\000"
 961      00
 962              	.LASF2:
 963 0034 756E7369 		.ascii	"unsigned char\000"
 963      676E6564 
 963      20636861 
 963      7200
 964              	.LASF8:
 965 0042 6C6F6E67 		.ascii	"long unsigned int\000"
 965      20756E73 
 965      69676E65 
 965      6420696E 
 965      7400
 966              	.LASF4:
 967 0054 73686F72 		.ascii	"short unsigned int\000"
 967      7420756E 
 967      7369676E 
 967      65642069 
 967      6E7400
 968              	.LASF24:
 969 0067 49544D5F 		.ascii	"ITM_RxBuffer\000"
 969      52784275 
 969      66666572 
 969      00
 970              	.LASF19:
 971 0074 474E5520 		.ascii	"GNU C 4.7.4 20140401 (release) [ARM/embedded-4_7-br"
 971      4320342E 
 971      372E3420 
 971      32303134 
 971      30343031 
 972 00a7 616E6368 		.ascii	"anch revision 209195]\000"
 972      20726576 
 972      6973696F 
 972      6E203230 
 972      39313935 
 973              	.LASF18:
 974 00bd 656E646D 		.ascii	"endmask\000"
 974      61736B00 
 975              	.LASF21:
 976 00c5 433A5C55 		.ascii	"C:\\Users\\D\341niel\\git\\Smarty\\smarty\\firmware"
 976      73657273 
 976      5C44E16E 
 976      69656C5C 
 976      6769745C 
 977 00ef 00       		.ascii	"\000"
 978              	.LASF0:
 979 00f0 756E7369 		.ascii	"unsigned int\000"
 979      676E6564 
 979      20696E74 
 979      00
 980              	.LASF12:
ARM GAS  C:\Users\DNIEL~1\AppData\Local\Temp\ccP5Cgmh.s 			page 19


 981 00fd 63686172 		.ascii	"char\000"
 981      00
 982              	.LASF20:
 983 0102 2E2E2F2E 		.ascii	"../../../ChibiOS/os/hal/src/mmcsd.c\000"
 983      2E2F2E2E 
 983      2F436869 
 983      62694F53 
 983      2F6F732F 
 984              	.LASF6:
 985 0126 696E7433 		.ascii	"int32_t\000"
 985      325F7400 
 986              	.LASF11:
 987 012e 73697A65 		.ascii	"sizetype\000"
 987      74797065 
 987      00
 988              	.LASF9:
 989 0137 6C6F6E67 		.ascii	"long long int\000"
 989      206C6F6E 
 989      6720696E 
 989      7400
 990              	.LASF3:
 991 0145 73686F72 		.ascii	"short int\000"
 991      7420696E 
 991      7400
 992              	.LASF7:
 993 014f 75696E74 		.ascii	"uint32_t\000"
 993      33325F74 
 993      00
 994              	.LASF5:
 995 0158 6C6F6E67 		.ascii	"long int\000"
 995      20696E74 
 995      00
 996              	.LASF23:
 997 0161 6D6D6373 		.ascii	"mmcsdGetCapacity\000"
 997      64476574 
 997      43617061 
 997      63697479 
 997      00
 998              	.LASF1:
 999 0172 7369676E 		.ascii	"signed char\000"
 999      65642063 
 999      68617200 
 1000              	.LASF10:
 1001 017e 6C6F6E67 		.ascii	"long long unsigned int\000"
 1001      206C6F6E 
 1001      6720756E 
 1001      7369676E 
 1001      65642069 
 1002              		.ident	"GCC: (GNU Tools for ARM Embedded Processors) 4.7.4 20140401 (release) [ARM/embedded-4_7-br
ARM GAS  C:\Users\DNIEL~1\AppData\Local\Temp\ccP5Cgmh.s 			page 20


DEFINED SYMBOLS
                            *ABS*:00000000 mmcsd.c
C:\Users\DNIEL~1\AppData\Local\Temp\ccP5Cgmh.s:19     .text.mmcsdGetCapacity:00000000 $t
C:\Users\DNIEL~1\AppData\Local\Temp\ccP5Cgmh.s:25     .text.mmcsdGetCapacity:00000000 mmcsdGetCapacity
                     .debug_frame:00000010 $d

NO UNDEFINED SYMBOLS
