ARM GAS  C:\Users\DNIEL~1\AppData\Local\Temp\ccs3dsmr.s 			page 1


   1              		.syntax unified
   2              		.cpu cortex-m4
   3              		.fpu softvfp
   4              		.eabi_attribute 20, 1
   5              		.eabi_attribute 21, 1
   6              		.eabi_attribute 23, 3
   7              		.eabi_attribute 24, 1
   8              		.eabi_attribute 25, 1
   9              		.eabi_attribute 26, 1
  10              		.eabi_attribute 30, 2
  11              		.eabi_attribute 34, 1
  12              		.eabi_attribute 18, 4
  13              		.thumb
  14              		.file	"nvic.c"
  15              		.text
  16              	.Ltext0:
  17              		.cfi_sections	.debug_frame
  18              		.section	.text.nvicEnableVector,"ax",%progbits
  19              		.align	2
  20              		.p2align 4,,15
  21              		.global	nvicEnableVector
  22              		.thumb
  23              		.thumb_func
  24              		.type	nvicEnableVector, %function
  25              	nvicEnableVector:
  26              	.LFB7:
  27              		.file 1 "../../../ChibiOS/os/ports/common/ARMCMx/nvic.c"
  28              		.loc 1 46 0
  29              		.cfi_startproc
  30              		@ args = 0, pretend = 0, frame = 0
  31              		@ frame_needed = 0, uses_anonymous_args = 0
  32              		@ link register save eliminated.
  33              	.LVL0:
  34 0000 F0B4     		push	{r4, r5, r6, r7}
  35              	.LCFI0:
  36              		.cfi_def_cfa_offset 16
  37              		.cfi_offset 4, -16
  38              		.cfi_offset 5, -12
  39              		.cfi_offset 6, -8
  40              		.cfi_offset 7, -4
  41              		.loc 1 49 0
  42 0002 4FF46143 		mov	r3, #57600
  43 0006 8408     		lsrs	r4, r0, #2
  44 0008 CEF20003 		movt	r3, 57344
  45 000c C034     		adds	r4, r4, #192
  46              		.loc 1 47 0
  47 000e 00F00305 		and	r5, r0, #3
  48              		.loc 1 49 0
  49 0012 53F82470 		ldr	r7, [r3, r4, lsl #2]
  50              		.loc 1 47 0
  51 0016 ED00     		lsls	r5, r5, #3
  52              	.LVL1:
  53              		.loc 1 49 0
  54 0018 FF26     		movs	r6, #255
  55              		.loc 1 50 0
  56 001a 4209     		lsrs	r2, r0, #5
  57              		.loc 1 49 0
ARM GAS  C:\Users\DNIEL~1\AppData\Local\Temp\ccs3dsmr.s 			page 2


  58 001c 06FA05F6 		lsl	r6, r6, r5
  59 0020 27EA0606 		bic	r6, r7, r6
  60 0024 01FA05F5 		lsl	r5, r1, r5
  61              	.LVL2:
  62              		.loc 1 50 0
  63 0028 00F01F00 		and	r0, r0, #31
  64              	.LVL3:
  65 002c 02F16007 		add	r7, r2, #96
  66 0030 0121     		movs	r1, #1
  67              	.LVL4:
  68 0032 01FA00F0 		lsl	r0, r1, r0
  69              		.loc 1 49 0
  70 0036 2E43     		orrs	r6, r6, r5
  71 0038 43F82460 		str	r6, [r3, r4, lsl #2]
  72              		.loc 1 50 0
  73 003c 43F82700 		str	r0, [r3, r7, lsl #2]
  74              		.loc 1 51 0
  75 0040 43F82200 		str	r0, [r3, r2, lsl #2]
  76              		.loc 1 52 0
  77 0044 F0BC     		pop	{r4, r5, r6, r7}
  78 0046 7047     		bx	lr
  79              		.cfi_endproc
  80              	.LFE7:
  81              		.size	nvicEnableVector, .-nvicEnableVector
  82 0048 AFF30080 		.section	.text.nvicDisableVector,"ax",%progbits
  82      AFF30080 
  83              		.align	2
  84              		.p2align 4,,15
  85              		.global	nvicDisableVector
  86              		.thumb
  87              		.thumb_func
  88              		.type	nvicDisableVector, %function
  89              	nvicDisableVector:
  90              	.LFB8:
  91              		.loc 1 60 0
  92              		.cfi_startproc
  93              		@ args = 0, pretend = 0, frame = 0
  94              		@ frame_needed = 0, uses_anonymous_args = 0
  95              		@ link register save eliminated.
  96              	.LVL5:
  97              		.loc 1 63 0
  98 0000 4109     		lsrs	r1, r0, #5
  99 0002 4FF46143 		mov	r3, #57600
 100              		.loc 1 60 0
 101 0006 10B4     		push	{r4}
 102              	.LCFI1:
 103              		.cfi_def_cfa_offset 4
 104              		.cfi_offset 4, -4
 105              		.loc 1 63 0
 106 0008 CEF20003 		movt	r3, 57344
 107 000c 00F01F02 		and	r2, r0, #31
 108 0010 2031     		adds	r1, r1, #32
 109 0012 0124     		movs	r4, #1
 110 0014 04FA02F4 		lsl	r4, r4, r2
 111              		.loc 1 64 0
 112 0018 8208     		lsrs	r2, r0, #2
 113              		.loc 1 63 0
ARM GAS  C:\Users\DNIEL~1\AppData\Local\Temp\ccs3dsmr.s 			page 3


 114 001a 43F82140 		str	r4, [r3, r1, lsl #2]
 115              		.loc 1 64 0
 116 001e C032     		adds	r2, r2, #192
 117              		.loc 1 61 0
 118 0020 00F00300 		and	r0, r0, #3
 119              	.LVL6:
 120              		.loc 1 64 0
 121 0024 53F82210 		ldr	r1, [r3, r2, lsl #2]
 122              		.loc 1 61 0
 123 0028 C000     		lsls	r0, r0, #3
 124              	.LVL7:
 125              		.loc 1 64 0
 126 002a FF24     		movs	r4, #255
 127 002c 04FA00F0 		lsl	r0, r4, r0
 128              	.LVL8:
 129 0030 21EA0001 		bic	r1, r1, r0
 130 0034 43F82210 		str	r1, [r3, r2, lsl #2]
 131              		.loc 1 65 0
 132 0038 10BC     		pop	{r4}
 133 003a 7047     		bx	lr
 134              		.cfi_endproc
 135              	.LFE8:
 136              		.size	nvicDisableVector, .-nvicDisableVector
 137 003c AFF30080 		.section	.text.nvicSetSystemHandlerPriority,"ax",%progbits
 138              		.align	2
 139              		.p2align 4,,15
 140              		.global	nvicSetSystemHandlerPriority
 141              		.thumb
 142              		.thumb_func
 143              		.type	nvicSetSystemHandlerPriority, %function
 144              	nvicSetSystemHandlerPriority:
 145              	.LFB9:
 146              		.loc 1 74 0
 147              		.cfi_startproc
 148              		@ args = 0, pretend = 0, frame = 0
 149              		@ frame_needed = 0, uses_anonymous_args = 0
 150              		@ link register save eliminated.
 151              	.LVL9:
 152              		.loc 1 77 0
 153 0000 8208     		lsrs	r2, r0, #2
 154 0002 4FF46D43 		mov	r3, #60672
 155 0006 CEF20003 		movt	r3, 57344
 156 000a 0632     		adds	r2, r2, #6
 157              		.loc 1 75 0
 158 000c 00F00300 		and	r0, r0, #3
 159              	.LVL10:
 160              		.loc 1 74 0
 161 0010 30B4     		push	{r4, r5}
 162              	.LCFI2:
 163              		.cfi_def_cfa_offset 8
 164              		.cfi_offset 4, -8
 165              		.cfi_offset 5, -4
 166              		.loc 1 75 0
 167 0012 C000     		lsls	r0, r0, #3
 168              	.LVL11:
 169              		.loc 1 77 0
 170 0014 53F82250 		ldr	r5, [r3, r2, lsl #2]
ARM GAS  C:\Users\DNIEL~1\AppData\Local\Temp\ccs3dsmr.s 			page 4


 171              		.loc 1 78 0
 172 0018 FF24     		movs	r4, #255
 173 001a 04FA00F4 		lsl	r4, r4, r0
 174              		.loc 1 77 0
 175 001e 25EA0404 		bic	r4, r5, r4
 176              		.loc 1 78 0
 177 0022 01FA00F1 		lsl	r1, r1, r0
 178              	.LVL12:
 179 0026 0C43     		orrs	r4, r4, r1
 180              		.loc 1 77 0
 181 0028 43F82240 		str	r4, [r3, r2, lsl #2]
 182              		.loc 1 79 0
 183 002c 30BC     		pop	{r4, r5}
 184 002e 7047     		bx	lr
 185              		.cfi_endproc
 186              	.LFE9:
 187              		.size	nvicSetSystemHandlerPriority, .-nvicSetSystemHandlerPriority
 188              		.text
 189              	.Letext0:
 190              		.file 2 "c:\\chibistudio\\tools\\gnu tools arm embedded\\4.7 2014q2\\bin\\../lib/gcc/arm-none-eabi
 191              		.file 3 "../../../ChibiOS/os/ports/common/ARMCMx/nvic.h"
 192              		.section	.debug_info,"",%progbits
 193              	.Ldebug_info0:
 194 0000 51040000 		.4byte	0x451
 195 0004 0200     		.2byte	0x2
 196 0006 00000000 		.4byte	.Ldebug_abbrev0
 197 000a 04       		.byte	0x4
 198 000b 01       		.uleb128 0x1
 199 000c 98000000 		.4byte	.LASF46
 200 0010 01       		.byte	0x1
 201 0011 6B010000 		.4byte	.LASF47
 202 0015 0D010000 		.4byte	.LASF48
 203 0019 00000000 		.4byte	.Ldebug_ranges0+0
 204 001d 00000000 		.4byte	0
 205 0021 00000000 		.4byte	0
 206 0025 00000000 		.4byte	.Ldebug_line0
 207 0029 02       		.uleb128 0x2
 208 002a 04       		.byte	0x4
 209 002b 05       		.byte	0x5
 210 002c 696E7400 		.ascii	"int\000"
 211 0030 03       		.uleb128 0x3
 212 0031 04       		.byte	0x4
 213 0032 07       		.byte	0x7
 214 0033 38010000 		.4byte	.LASF0
 215 0037 03       		.uleb128 0x3
 216 0038 01       		.byte	0x1
 217 0039 06       		.byte	0x6
 218 003a 04020000 		.4byte	.LASF1
 219 003e 03       		.uleb128 0x3
 220 003f 01       		.byte	0x1
 221 0040 08       		.byte	0x8
 222 0041 42000000 		.4byte	.LASF2
 223 0045 03       		.uleb128 0x3
 224 0046 02       		.byte	0x2
 225 0047 05       		.byte	0x5
 226 0048 03010000 		.4byte	.LASF3
 227 004c 03       		.uleb128 0x3
ARM GAS  C:\Users\DNIEL~1\AppData\Local\Temp\ccs3dsmr.s 			page 5


 228 004d 02       		.byte	0x2
 229 004e 07       		.byte	0x7
 230 004f 80000000 		.4byte	.LASF4
 231 0053 03       		.uleb128 0x3
 232 0054 04       		.byte	0x4
 233 0055 05       		.byte	0x5
 234 0056 F6010000 		.4byte	.LASF5
 235 005a 04       		.uleb128 0x4
 236 005b ED010000 		.4byte	.LASF10
 237 005f 02       		.byte	0x2
 238 0060 50       		.byte	0x50
 239 0061 65000000 		.4byte	0x65
 240 0065 03       		.uleb128 0x3
 241 0066 04       		.byte	0x4
 242 0067 07       		.byte	0x7
 243 0068 E6000000 		.4byte	.LASF6
 244 006c 03       		.uleb128 0x3
 245 006d 08       		.byte	0x8
 246 006e 05       		.byte	0x5
 247 006f BE010000 		.4byte	.LASF7
 248 0073 03       		.uleb128 0x3
 249 0074 08       		.byte	0x8
 250 0075 07       		.byte	0x7
 251 0076 4F010000 		.4byte	.LASF8
 252 007a 03       		.uleb128 0x3
 253 007b 01       		.byte	0x1
 254 007c 02       		.byte	0x2
 255 007d 0F000000 		.4byte	.LASF9
 256 0081 04       		.uleb128 0x4
 257 0082 3A000000 		.4byte	.LASF11
 258 0086 03       		.byte	0x3
 259 0087 3A       		.byte	0x3a
 260 0088 8C000000 		.4byte	0x8c
 261 008c 05       		.uleb128 0x5
 262 008d 5A000000 		.4byte	0x5a
 263 0091 06       		.uleb128 0x6
 264 0092 040E     		.2byte	0xe04
 265 0094 03       		.byte	0x3
 266 0095 6A       		.byte	0x6a
 267 0096 5C010000 		.4byte	0x15c
 268 009a 07       		.uleb128 0x7
 269 009b D7010000 		.4byte	.LASF12
 270 009f 03       		.byte	0x3
 271 00a0 6B       		.byte	0x6b
 272 00a1 73010000 		.4byte	0x173
 273 00a5 02       		.byte	0x2
 274 00a6 23       		.byte	0x23
 275 00a7 00       		.uleb128 0
 276 00a8 07       		.uleb128 0x7
 277 00a9 50000000 		.4byte	.LASF13
 278 00ad 03       		.byte	0x3
 279 00ae 6C       		.byte	0x6c
 280 00af 88010000 		.4byte	0x188
 281 00b3 02       		.byte	0x2
 282 00b4 23       		.byte	0x23
 283 00b5 20       		.uleb128 0x20
 284 00b6 07       		.uleb128 0x7
ARM GAS  C:\Users\DNIEL~1\AppData\Local\Temp\ccs3dsmr.s 			page 6


 285 00b7 35000000 		.4byte	.LASF14
 286 00bb 03       		.byte	0x3
 287 00bc 6D       		.byte	0x6d
 288 00bd 8D010000 		.4byte	0x18d
 289 00c1 03       		.byte	0x3
 290 00c2 23       		.byte	0x23
 291 00c3 8001     		.uleb128 0x80
 292 00c5 07       		.uleb128 0x7
 293 00c6 58000000 		.4byte	.LASF15
 294 00ca 03       		.byte	0x3
 295 00cb 6E       		.byte	0x6e
 296 00cc 92010000 		.4byte	0x192
 297 00d0 03       		.byte	0x3
 298 00d1 23       		.byte	0x23
 299 00d2 A001     		.uleb128 0xa0
 300 00d4 07       		.uleb128 0x7
 301 00d5 45010000 		.4byte	.LASF16
 302 00d9 03       		.byte	0x3
 303 00da 6F       		.byte	0x6f
 304 00db 97010000 		.4byte	0x197
 305 00df 03       		.byte	0x3
 306 00e0 23       		.byte	0x23
 307 00e1 8002     		.uleb128 0x100
 308 00e3 07       		.uleb128 0x7
 309 00e4 60000000 		.4byte	.LASF17
 310 00e8 03       		.byte	0x3
 311 00e9 70       		.byte	0x70
 312 00ea 9C010000 		.4byte	0x19c
 313 00ee 03       		.byte	0x3
 314 00ef 23       		.byte	0x23
 315 00f0 A002     		.uleb128 0x120
 316 00f2 07       		.uleb128 0x7
 317 00f3 05000000 		.4byte	.LASF18
 318 00f7 03       		.byte	0x3
 319 00f8 71       		.byte	0x71
 320 00f9 A1010000 		.4byte	0x1a1
 321 00fd 03       		.byte	0x3
 322 00fe 23       		.byte	0x23
 323 00ff 8003     		.uleb128 0x180
 324 0101 07       		.uleb128 0x7
 325 0102 68000000 		.4byte	.LASF19
 326 0106 03       		.byte	0x3
 327 0107 72       		.byte	0x72
 328 0108 A6010000 		.4byte	0x1a6
 329 010c 03       		.byte	0x3
 330 010d 23       		.byte	0x23
 331 010e A003     		.uleb128 0x1a0
 332 0110 07       		.uleb128 0x7
 333 0111 2D020000 		.4byte	.LASF20
 334 0115 03       		.byte	0x3
 335 0116 73       		.byte	0x73
 336 0117 AB010000 		.4byte	0x1ab
 337 011b 03       		.byte	0x3
 338 011c 23       		.byte	0x23
 339 011d 8004     		.uleb128 0x200
 340 011f 07       		.uleb128 0x7
 341 0120 70000000 		.4byte	.LASF21
ARM GAS  C:\Users\DNIEL~1\AppData\Local\Temp\ccs3dsmr.s 			page 7


 342 0124 03       		.byte	0x3
 343 0125 74       		.byte	0x74
 344 0126 C0010000 		.4byte	0x1c0
 345 012a 03       		.byte	0x3
 346 012b 23       		.byte	0x23
 347 012c A004     		.uleb128 0x220
 348 012e 08       		.uleb128 0x8
 349 012f 49505200 		.ascii	"IPR\000"
 350 0133 03       		.byte	0x3
 351 0134 75       		.byte	0x75
 352 0135 D5010000 		.4byte	0x1d5
 353 0139 03       		.byte	0x3
 354 013a 23       		.byte	0x23
 355 013b 8006     		.uleb128 0x300
 356 013d 07       		.uleb128 0x7
 357 013e 78000000 		.4byte	.LASF22
 358 0142 03       		.byte	0x3
 359 0143 76       		.byte	0x76
 360 0144 EB010000 		.4byte	0x1eb
 361 0148 03       		.byte	0x3
 362 0149 23       		.byte	0x23
 363 014a F007     		.uleb128 0x3f0
 364 014c 07       		.uleb128 0x7
 365 014d FE000000 		.4byte	.LASF23
 366 0151 03       		.byte	0x3
 367 0152 77       		.byte	0x77
 368 0153 81000000 		.4byte	0x81
 369 0157 03       		.byte	0x3
 370 0158 23       		.byte	0x23
 371 0159 801C     		.uleb128 0xe00
 372 015b 00       		.byte	0
 373 015c 09       		.uleb128 0x9
 374 015d 81000000 		.4byte	0x81
 375 0161 6C010000 		.4byte	0x16c
 376 0165 0A       		.uleb128 0xa
 377 0166 6C010000 		.4byte	0x16c
 378 016a 07       		.byte	0x7
 379 016b 00       		.byte	0
 380 016c 03       		.uleb128 0x3
 381 016d 04       		.byte	0x4
 382 016e 07       		.byte	0x7
 383 016f B5010000 		.4byte	.LASF24
 384 0173 05       		.uleb128 0x5
 385 0174 5C010000 		.4byte	0x15c
 386 0178 09       		.uleb128 0x9
 387 0179 81000000 		.4byte	0x81
 388 017d 88010000 		.4byte	0x188
 389 0181 0A       		.uleb128 0xa
 390 0182 6C010000 		.4byte	0x16c
 391 0186 17       		.byte	0x17
 392 0187 00       		.byte	0
 393 0188 05       		.uleb128 0x5
 394 0189 78010000 		.4byte	0x178
 395 018d 05       		.uleb128 0x5
 396 018e 5C010000 		.4byte	0x15c
 397 0192 05       		.uleb128 0x5
 398 0193 78010000 		.4byte	0x178
ARM GAS  C:\Users\DNIEL~1\AppData\Local\Temp\ccs3dsmr.s 			page 8


 399 0197 05       		.uleb128 0x5
 400 0198 5C010000 		.4byte	0x15c
 401 019c 05       		.uleb128 0x5
 402 019d 78010000 		.4byte	0x178
 403 01a1 05       		.uleb128 0x5
 404 01a2 5C010000 		.4byte	0x15c
 405 01a6 05       		.uleb128 0x5
 406 01a7 78010000 		.4byte	0x178
 407 01ab 05       		.uleb128 0x5
 408 01ac 5C010000 		.4byte	0x15c
 409 01b0 09       		.uleb128 0x9
 410 01b1 81000000 		.4byte	0x81
 411 01b5 C0010000 		.4byte	0x1c0
 412 01b9 0A       		.uleb128 0xa
 413 01ba 6C010000 		.4byte	0x16c
 414 01be 37       		.byte	0x37
 415 01bf 00       		.byte	0
 416 01c0 05       		.uleb128 0x5
 417 01c1 B0010000 		.4byte	0x1b0
 418 01c5 09       		.uleb128 0x9
 419 01c6 81000000 		.4byte	0x81
 420 01ca D5010000 		.4byte	0x1d5
 421 01ce 0A       		.uleb128 0xa
 422 01cf 6C010000 		.4byte	0x16c
 423 01d3 3B       		.byte	0x3b
 424 01d4 00       		.byte	0
 425 01d5 05       		.uleb128 0x5
 426 01d6 C5010000 		.4byte	0x1c5
 427 01da 09       		.uleb128 0x9
 428 01db 81000000 		.4byte	0x81
 429 01df EB010000 		.4byte	0x1eb
 430 01e3 0B       		.uleb128 0xb
 431 01e4 6C010000 		.4byte	0x16c
 432 01e8 8302     		.2byte	0x283
 433 01ea 00       		.byte	0
 434 01eb 05       		.uleb128 0x5
 435 01ec DA010000 		.4byte	0x1da
 436 01f0 04       		.uleb128 0x4
 437 01f1 27000000 		.4byte	.LASF25
 438 01f5 03       		.byte	0x3
 439 01f6 78       		.byte	0x78
 440 01f7 91000000 		.4byte	0x91
 441 01fb 0C       		.uleb128 0xc
 442 01fc 8C       		.byte	0x8c
 443 01fd 03       		.byte	0x3
 444 01fe 89       		.byte	0x89
 445 01ff 2B030000 		.4byte	0x32b
 446 0203 07       		.uleb128 0x7
 447 0204 CC010000 		.4byte	.LASF26
 448 0208 03       		.byte	0x3
 449 0209 8A       		.byte	0x8a
 450 020a 81000000 		.4byte	0x81
 451 020e 02       		.byte	0x2
 452 020f 23       		.byte	0x23
 453 0210 00       		.uleb128 0
 454 0211 07       		.uleb128 0x7
 455 0212 66010000 		.4byte	.LASF27
ARM GAS  C:\Users\DNIEL~1\AppData\Local\Temp\ccs3dsmr.s 			page 9


 456 0216 03       		.byte	0x3
 457 0217 8B       		.byte	0x8b
 458 0218 81000000 		.4byte	0x81
 459 021c 02       		.byte	0x2
 460 021d 23       		.byte	0x23
 461 021e 04       		.uleb128 0x4
 462 021f 07       		.uleb128 0x7
 463 0220 30000000 		.4byte	.LASF28
 464 0224 03       		.byte	0x3
 465 0225 8C       		.byte	0x8c
 466 0226 81000000 		.4byte	0x81
 467 022a 02       		.byte	0x2
 468 022b 23       		.byte	0x23
 469 022c 08       		.uleb128 0x8
 470 022d 07       		.uleb128 0x7
 471 022e A2010000 		.4byte	.LASF29
 472 0232 03       		.byte	0x3
 473 0233 8D       		.byte	0x8d
 474 0234 81000000 		.4byte	0x81
 475 0238 02       		.byte	0x2
 476 0239 23       		.byte	0x23
 477 023a 0C       		.uleb128 0xc
 478 023b 08       		.uleb128 0x8
 479 023c 53435200 		.ascii	"SCR\000"
 480 0240 03       		.byte	0x3
 481 0241 8E       		.byte	0x8e
 482 0242 81000000 		.4byte	0x81
 483 0246 02       		.byte	0x2
 484 0247 23       		.byte	0x23
 485 0248 10       		.uleb128 0x10
 486 0249 08       		.uleb128 0x8
 487 024a 43435200 		.ascii	"CCR\000"
 488 024e 03       		.byte	0x3
 489 024f 8F       		.byte	0x8f
 490 0250 81000000 		.4byte	0x81
 491 0254 02       		.byte	0x2
 492 0255 23       		.byte	0x23
 493 0256 14       		.uleb128 0x14
 494 0257 07       		.uleb128 0x7
 495 0258 FF010000 		.4byte	.LASF30
 496 025c 03       		.byte	0x3
 497 025d 90       		.byte	0x90
 498 025e 3B030000 		.4byte	0x33b
 499 0262 02       		.byte	0x2
 500 0263 23       		.byte	0x23
 501 0264 18       		.uleb128 0x18
 502 0265 07       		.uleb128 0x7
 503 0266 E7010000 		.4byte	.LASF31
 504 026a 03       		.byte	0x3
 505 026b 91       		.byte	0x91
 506 026c 81000000 		.4byte	0x81
 507 0270 02       		.byte	0x2
 508 0271 23       		.byte	0x23
 509 0272 24       		.uleb128 0x24
 510 0273 07       		.uleb128 0x7
 511 0274 93000000 		.4byte	.LASF32
 512 0278 03       		.byte	0x3
ARM GAS  C:\Users\DNIEL~1\AppData\Local\Temp\ccs3dsmr.s 			page 10


 513 0279 92       		.byte	0x92
 514 027a 81000000 		.4byte	0x81
 515 027e 02       		.byte	0x2
 516 027f 23       		.byte	0x23
 517 0280 28       		.uleb128 0x28
 518 0281 07       		.uleb128 0x7
 519 0282 E1000000 		.4byte	.LASF33
 520 0286 03       		.byte	0x3
 521 0287 93       		.byte	0x93
 522 0288 81000000 		.4byte	0x81
 523 028c 02       		.byte	0x2
 524 028d 23       		.byte	0x23
 525 028e 2C       		.uleb128 0x2c
 526 028f 07       		.uleb128 0x7
 527 0290 4A010000 		.4byte	.LASF34
 528 0294 03       		.byte	0x3
 529 0295 94       		.byte	0x94
 530 0296 81000000 		.4byte	0x81
 531 029a 02       		.byte	0x2
 532 029b 23       		.byte	0x23
 533 029c 30       		.uleb128 0x30
 534 029d 07       		.uleb128 0x7
 535 029e E1010000 		.4byte	.LASF35
 536 02a2 03       		.byte	0x3
 537 02a3 95       		.byte	0x95
 538 02a4 81000000 		.4byte	0x81
 539 02a8 02       		.byte	0x2
 540 02a9 23       		.byte	0x23
 541 02aa 34       		.uleb128 0x34
 542 02ab 07       		.uleb128 0x7
 543 02ac A8010000 		.4byte	.LASF36
 544 02b0 03       		.byte	0x3
 545 02b1 96       		.byte	0x96
 546 02b2 81000000 		.4byte	0x81
 547 02b6 02       		.byte	0x2
 548 02b7 23       		.byte	0x23
 549 02b8 38       		.uleb128 0x38
 550 02b9 07       		.uleb128 0x7
 551 02ba DC010000 		.4byte	.LASF37
 552 02be 03       		.byte	0x3
 553 02bf 97       		.byte	0x97
 554 02c0 81000000 		.4byte	0x81
 555 02c4 02       		.byte	0x2
 556 02c5 23       		.byte	0x23
 557 02c6 3C       		.uleb128 0x3c
 558 02c7 08       		.uleb128 0x8
 559 02c8 50465200 		.ascii	"PFR\000"
 560 02cc 03       		.byte	0x3
 561 02cd 98       		.byte	0x98
 562 02ce 50030000 		.4byte	0x350
 563 02d2 02       		.byte	0x2
 564 02d3 23       		.byte	0x23
 565 02d4 40       		.uleb128 0x40
 566 02d5 08       		.uleb128 0x8
 567 02d6 44465200 		.ascii	"DFR\000"
 568 02da 03       		.byte	0x3
 569 02db 99       		.byte	0x99
ARM GAS  C:\Users\DNIEL~1\AppData\Local\Temp\ccs3dsmr.s 			page 11


 570 02dc 81000000 		.4byte	0x81
 571 02e0 02       		.byte	0x2
 572 02e1 23       		.byte	0x23
 573 02e2 48       		.uleb128 0x48
 574 02e3 08       		.uleb128 0x8
 575 02e4 41445200 		.ascii	"ADR\000"
 576 02e8 03       		.byte	0x3
 577 02e9 9A       		.byte	0x9a
 578 02ea 81000000 		.4byte	0x81
 579 02ee 02       		.byte	0x2
 580 02ef 23       		.byte	0x23
 581 02f0 4C       		.uleb128 0x4c
 582 02f1 07       		.uleb128 0x7
 583 02f2 0A000000 		.4byte	.LASF38
 584 02f6 03       		.byte	0x3
 585 02f7 9B       		.byte	0x9b
 586 02f8 65030000 		.4byte	0x365
 587 02fc 02       		.byte	0x2
 588 02fd 23       		.byte	0x23
 589 02fe 50       		.uleb128 0x50
 590 02ff 08       		.uleb128 0x8
 591 0300 53415200 		.ascii	"SAR\000"
 592 0304 03       		.byte	0x3
 593 0305 9C       		.byte	0x9c
 594 0306 7A030000 		.4byte	0x37a
 595 030a 02       		.byte	0x2
 596 030b 23       		.byte	0x23
 597 030c 60       		.uleb128 0x60
 598 030d 07       		.uleb128 0x7
 599 030e 50000000 		.4byte	.LASF13
 600 0312 03       		.byte	0x3
 601 0313 9D       		.byte	0x9d
 602 0314 7F030000 		.4byte	0x37f
 603 0318 02       		.byte	0x2
 604 0319 23       		.byte	0x23
 605 031a 74       		.uleb128 0x74
 606 031b 07       		.uleb128 0x7
 607 031c F8000000 		.4byte	.LASF39
 608 0320 03       		.byte	0x3
 609 0321 9E       		.byte	0x9e
 610 0322 81000000 		.4byte	0x81
 611 0326 03       		.byte	0x3
 612 0327 23       		.byte	0x23
 613 0328 8801     		.uleb128 0x88
 614 032a 00       		.byte	0
 615 032b 09       		.uleb128 0x9
 616 032c 81000000 		.4byte	0x81
 617 0330 3B030000 		.4byte	0x33b
 618 0334 0A       		.uleb128 0xa
 619 0335 6C010000 		.4byte	0x16c
 620 0339 02       		.byte	0x2
 621 033a 00       		.byte	0
 622 033b 05       		.uleb128 0x5
 623 033c 2B030000 		.4byte	0x32b
 624 0340 09       		.uleb128 0x9
 625 0341 81000000 		.4byte	0x81
 626 0345 50030000 		.4byte	0x350
ARM GAS  C:\Users\DNIEL~1\AppData\Local\Temp\ccs3dsmr.s 			page 12


 627 0349 0A       		.uleb128 0xa
 628 034a 6C010000 		.4byte	0x16c
 629 034e 01       		.byte	0x1
 630 034f 00       		.byte	0
 631 0350 05       		.uleb128 0x5
 632 0351 40030000 		.4byte	0x340
 633 0355 09       		.uleb128 0x9
 634 0356 81000000 		.4byte	0x81
 635 035a 65030000 		.4byte	0x365
 636 035e 0A       		.uleb128 0xa
 637 035f 6C010000 		.4byte	0x16c
 638 0363 03       		.byte	0x3
 639 0364 00       		.byte	0
 640 0365 05       		.uleb128 0x5
 641 0366 55030000 		.4byte	0x355
 642 036a 09       		.uleb128 0x9
 643 036b 81000000 		.4byte	0x81
 644 036f 7A030000 		.4byte	0x37a
 645 0373 0A       		.uleb128 0xa
 646 0374 6C010000 		.4byte	0x16c
 647 0378 04       		.byte	0x4
 648 0379 00       		.byte	0
 649 037a 05       		.uleb128 0x5
 650 037b 6A030000 		.4byte	0x36a
 651 037f 05       		.uleb128 0x5
 652 0380 6A030000 		.4byte	0x36a
 653 0384 04       		.uleb128 0x4
 654 0385 9A010000 		.4byte	.LASF40
 655 0389 03       		.byte	0x3
 656 038a 9F       		.byte	0x9f
 657 038b FB010000 		.4byte	0x1fb
 658 038f 03       		.uleb128 0x3
 659 0390 01       		.byte	0x1
 660 0391 08       		.byte	0x8
 661 0392 D2010000 		.4byte	.LASF41
 662 0396 0D       		.uleb128 0xd
 663 0397 01       		.byte	0x1
 664 0398 32020000 		.4byte	.LASF43
 665 039c 01       		.byte	0x1
 666 039d 2E       		.byte	0x2e
 667 039e 01       		.byte	0x1
 668 039f 00000000 		.4byte	.LFB7
 669 03a3 48000000 		.4byte	.LFE7
 670 03a7 00000000 		.4byte	.LLST0
 671 03ab 01       		.byte	0x1
 672 03ac DB030000 		.4byte	0x3db
 673 03b0 0E       		.uleb128 0xe
 674 03b1 6E00     		.ascii	"n\000"
 675 03b3 01       		.byte	0x1
 676 03b4 2E       		.byte	0x2e
 677 03b5 5A000000 		.4byte	0x5a
 678 03b9 20000000 		.4byte	.LLST1
 679 03bd 0F       		.uleb128 0xf
 680 03be 00000000 		.4byte	.LASF42
 681 03c2 01       		.byte	0x1
 682 03c3 2E       		.byte	0x2e
 683 03c4 5A000000 		.4byte	0x5a
ARM GAS  C:\Users\DNIEL~1\AppData\Local\Temp\ccs3dsmr.s 			page 13


 684 03c8 41000000 		.4byte	.LLST2
 685 03cc 10       		.uleb128 0x10
 686 03cd 736800   		.ascii	"sh\000"
 687 03d0 01       		.byte	0x1
 688 03d1 2F       		.byte	0x2f
 689 03d2 30000000 		.4byte	0x30
 690 03d6 62000000 		.4byte	.LLST3
 691 03da 00       		.byte	0
 692 03db 0D       		.uleb128 0xd
 693 03dc 01       		.byte	0x1
 694 03dd 15000000 		.4byte	.LASF44
 695 03e1 01       		.byte	0x1
 696 03e2 3C       		.byte	0x3c
 697 03e3 01       		.byte	0x1
 698 03e4 00000000 		.4byte	.LFB8
 699 03e8 3C000000 		.4byte	.LFE8
 700 03ec A9000000 		.4byte	.LLST4
 701 03f0 01       		.byte	0x1
 702 03f1 11040000 		.4byte	0x411
 703 03f5 0E       		.uleb128 0xe
 704 03f6 6E00     		.ascii	"n\000"
 705 03f8 01       		.byte	0x1
 706 03f9 3C       		.byte	0x3c
 707 03fa 5A000000 		.4byte	0x5a
 708 03fe C9000000 		.4byte	.LLST5
 709 0402 10       		.uleb128 0x10
 710 0403 736800   		.ascii	"sh\000"
 711 0406 01       		.byte	0x1
 712 0407 3D       		.byte	0x3d
 713 0408 30000000 		.4byte	0x30
 714 040c EA000000 		.4byte	.LLST6
 715 0410 00       		.byte	0
 716 0411 11       		.uleb128 0x11
 717 0412 01       		.byte	0x1
 718 0413 10020000 		.4byte	.LASF49
 719 0417 01       		.byte	0x1
 720 0418 4A       		.byte	0x4a
 721 0419 01       		.byte	0x1
 722 041a 00000000 		.4byte	.LFB9
 723 041e 30000000 		.4byte	.LFE9
 724 0422 32010000 		.4byte	.LLST7
 725 0426 01       		.byte	0x1
 726 0427 0F       		.uleb128 0xf
 727 0428 AD010000 		.4byte	.LASF45
 728 042c 01       		.byte	0x1
 729 042d 4A       		.byte	0x4a
 730 042e 5A000000 		.4byte	0x5a
 731 0432 52010000 		.4byte	.LLST8
 732 0436 0F       		.uleb128 0xf
 733 0437 00000000 		.4byte	.LASF42
 734 043b 01       		.byte	0x1
 735 043c 4A       		.byte	0x4a
 736 043d 5A000000 		.4byte	0x5a
 737 0441 73010000 		.4byte	.LLST9
 738 0445 10       		.uleb128 0x10
 739 0446 736800   		.ascii	"sh\000"
 740 0449 01       		.byte	0x1
ARM GAS  C:\Users\DNIEL~1\AppData\Local\Temp\ccs3dsmr.s 			page 14


 741 044a 4B       		.byte	0x4b
 742 044b 30000000 		.4byte	0x30
 743 044f 94010000 		.4byte	.LLST10
 744 0453 00       		.byte	0
 745 0454 00       		.byte	0
 746              		.section	.debug_abbrev,"",%progbits
 747              	.Ldebug_abbrev0:
 748 0000 01       		.uleb128 0x1
 749 0001 11       		.uleb128 0x11
 750 0002 01       		.byte	0x1
 751 0003 25       		.uleb128 0x25
 752 0004 0E       		.uleb128 0xe
 753 0005 13       		.uleb128 0x13
 754 0006 0B       		.uleb128 0xb
 755 0007 03       		.uleb128 0x3
 756 0008 0E       		.uleb128 0xe
 757 0009 1B       		.uleb128 0x1b
 758 000a 0E       		.uleb128 0xe
 759 000b 55       		.uleb128 0x55
 760 000c 06       		.uleb128 0x6
 761 000d 11       		.uleb128 0x11
 762 000e 01       		.uleb128 0x1
 763 000f 52       		.uleb128 0x52
 764 0010 01       		.uleb128 0x1
 765 0011 10       		.uleb128 0x10
 766 0012 06       		.uleb128 0x6
 767 0013 00       		.byte	0
 768 0014 00       		.byte	0
 769 0015 02       		.uleb128 0x2
 770 0016 24       		.uleb128 0x24
 771 0017 00       		.byte	0
 772 0018 0B       		.uleb128 0xb
 773 0019 0B       		.uleb128 0xb
 774 001a 3E       		.uleb128 0x3e
 775 001b 0B       		.uleb128 0xb
 776 001c 03       		.uleb128 0x3
 777 001d 08       		.uleb128 0x8
 778 001e 00       		.byte	0
 779 001f 00       		.byte	0
 780 0020 03       		.uleb128 0x3
 781 0021 24       		.uleb128 0x24
 782 0022 00       		.byte	0
 783 0023 0B       		.uleb128 0xb
 784 0024 0B       		.uleb128 0xb
 785 0025 3E       		.uleb128 0x3e
 786 0026 0B       		.uleb128 0xb
 787 0027 03       		.uleb128 0x3
 788 0028 0E       		.uleb128 0xe
 789 0029 00       		.byte	0
 790 002a 00       		.byte	0
 791 002b 04       		.uleb128 0x4
 792 002c 16       		.uleb128 0x16
 793 002d 00       		.byte	0
 794 002e 03       		.uleb128 0x3
 795 002f 0E       		.uleb128 0xe
 796 0030 3A       		.uleb128 0x3a
 797 0031 0B       		.uleb128 0xb
ARM GAS  C:\Users\DNIEL~1\AppData\Local\Temp\ccs3dsmr.s 			page 15


 798 0032 3B       		.uleb128 0x3b
 799 0033 0B       		.uleb128 0xb
 800 0034 49       		.uleb128 0x49
 801 0035 13       		.uleb128 0x13
 802 0036 00       		.byte	0
 803 0037 00       		.byte	0
 804 0038 05       		.uleb128 0x5
 805 0039 35       		.uleb128 0x35
 806 003a 00       		.byte	0
 807 003b 49       		.uleb128 0x49
 808 003c 13       		.uleb128 0x13
 809 003d 00       		.byte	0
 810 003e 00       		.byte	0
 811 003f 06       		.uleb128 0x6
 812 0040 13       		.uleb128 0x13
 813 0041 01       		.byte	0x1
 814 0042 0B       		.uleb128 0xb
 815 0043 05       		.uleb128 0x5
 816 0044 3A       		.uleb128 0x3a
 817 0045 0B       		.uleb128 0xb
 818 0046 3B       		.uleb128 0x3b
 819 0047 0B       		.uleb128 0xb
 820 0048 01       		.uleb128 0x1
 821 0049 13       		.uleb128 0x13
 822 004a 00       		.byte	0
 823 004b 00       		.byte	0
 824 004c 07       		.uleb128 0x7
 825 004d 0D       		.uleb128 0xd
 826 004e 00       		.byte	0
 827 004f 03       		.uleb128 0x3
 828 0050 0E       		.uleb128 0xe
 829 0051 3A       		.uleb128 0x3a
 830 0052 0B       		.uleb128 0xb
 831 0053 3B       		.uleb128 0x3b
 832 0054 0B       		.uleb128 0xb
 833 0055 49       		.uleb128 0x49
 834 0056 13       		.uleb128 0x13
 835 0057 38       		.uleb128 0x38
 836 0058 0A       		.uleb128 0xa
 837 0059 00       		.byte	0
 838 005a 00       		.byte	0
 839 005b 08       		.uleb128 0x8
 840 005c 0D       		.uleb128 0xd
 841 005d 00       		.byte	0
 842 005e 03       		.uleb128 0x3
 843 005f 08       		.uleb128 0x8
 844 0060 3A       		.uleb128 0x3a
 845 0061 0B       		.uleb128 0xb
 846 0062 3B       		.uleb128 0x3b
 847 0063 0B       		.uleb128 0xb
 848 0064 49       		.uleb128 0x49
 849 0065 13       		.uleb128 0x13
 850 0066 38       		.uleb128 0x38
 851 0067 0A       		.uleb128 0xa
 852 0068 00       		.byte	0
 853 0069 00       		.byte	0
 854 006a 09       		.uleb128 0x9
ARM GAS  C:\Users\DNIEL~1\AppData\Local\Temp\ccs3dsmr.s 			page 16


 855 006b 01       		.uleb128 0x1
 856 006c 01       		.byte	0x1
 857 006d 49       		.uleb128 0x49
 858 006e 13       		.uleb128 0x13
 859 006f 01       		.uleb128 0x1
 860 0070 13       		.uleb128 0x13
 861 0071 00       		.byte	0
 862 0072 00       		.byte	0
 863 0073 0A       		.uleb128 0xa
 864 0074 21       		.uleb128 0x21
 865 0075 00       		.byte	0
 866 0076 49       		.uleb128 0x49
 867 0077 13       		.uleb128 0x13
 868 0078 2F       		.uleb128 0x2f
 869 0079 0B       		.uleb128 0xb
 870 007a 00       		.byte	0
 871 007b 00       		.byte	0
 872 007c 0B       		.uleb128 0xb
 873 007d 21       		.uleb128 0x21
 874 007e 00       		.byte	0
 875 007f 49       		.uleb128 0x49
 876 0080 13       		.uleb128 0x13
 877 0081 2F       		.uleb128 0x2f
 878 0082 05       		.uleb128 0x5
 879 0083 00       		.byte	0
 880 0084 00       		.byte	0
 881 0085 0C       		.uleb128 0xc
 882 0086 13       		.uleb128 0x13
 883 0087 01       		.byte	0x1
 884 0088 0B       		.uleb128 0xb
 885 0089 0B       		.uleb128 0xb
 886 008a 3A       		.uleb128 0x3a
 887 008b 0B       		.uleb128 0xb
 888 008c 3B       		.uleb128 0x3b
 889 008d 0B       		.uleb128 0xb
 890 008e 01       		.uleb128 0x1
 891 008f 13       		.uleb128 0x13
 892 0090 00       		.byte	0
 893 0091 00       		.byte	0
 894 0092 0D       		.uleb128 0xd
 895 0093 2E       		.uleb128 0x2e
 896 0094 01       		.byte	0x1
 897 0095 3F       		.uleb128 0x3f
 898 0096 0C       		.uleb128 0xc
 899 0097 03       		.uleb128 0x3
 900 0098 0E       		.uleb128 0xe
 901 0099 3A       		.uleb128 0x3a
 902 009a 0B       		.uleb128 0xb
 903 009b 3B       		.uleb128 0x3b
 904 009c 0B       		.uleb128 0xb
 905 009d 27       		.uleb128 0x27
 906 009e 0C       		.uleb128 0xc
 907 009f 11       		.uleb128 0x11
 908 00a0 01       		.uleb128 0x1
 909 00a1 12       		.uleb128 0x12
 910 00a2 01       		.uleb128 0x1
 911 00a3 40       		.uleb128 0x40
ARM GAS  C:\Users\DNIEL~1\AppData\Local\Temp\ccs3dsmr.s 			page 17


 912 00a4 06       		.uleb128 0x6
 913 00a5 9742     		.uleb128 0x2117
 914 00a7 0C       		.uleb128 0xc
 915 00a8 01       		.uleb128 0x1
 916 00a9 13       		.uleb128 0x13
 917 00aa 00       		.byte	0
 918 00ab 00       		.byte	0
 919 00ac 0E       		.uleb128 0xe
 920 00ad 05       		.uleb128 0x5
 921 00ae 00       		.byte	0
 922 00af 03       		.uleb128 0x3
 923 00b0 08       		.uleb128 0x8
 924 00b1 3A       		.uleb128 0x3a
 925 00b2 0B       		.uleb128 0xb
 926 00b3 3B       		.uleb128 0x3b
 927 00b4 0B       		.uleb128 0xb
 928 00b5 49       		.uleb128 0x49
 929 00b6 13       		.uleb128 0x13
 930 00b7 02       		.uleb128 0x2
 931 00b8 06       		.uleb128 0x6
 932 00b9 00       		.byte	0
 933 00ba 00       		.byte	0
 934 00bb 0F       		.uleb128 0xf
 935 00bc 05       		.uleb128 0x5
 936 00bd 00       		.byte	0
 937 00be 03       		.uleb128 0x3
 938 00bf 0E       		.uleb128 0xe
 939 00c0 3A       		.uleb128 0x3a
 940 00c1 0B       		.uleb128 0xb
 941 00c2 3B       		.uleb128 0x3b
 942 00c3 0B       		.uleb128 0xb
 943 00c4 49       		.uleb128 0x49
 944 00c5 13       		.uleb128 0x13
 945 00c6 02       		.uleb128 0x2
 946 00c7 06       		.uleb128 0x6
 947 00c8 00       		.byte	0
 948 00c9 00       		.byte	0
 949 00ca 10       		.uleb128 0x10
 950 00cb 34       		.uleb128 0x34
 951 00cc 00       		.byte	0
 952 00cd 03       		.uleb128 0x3
 953 00ce 08       		.uleb128 0x8
 954 00cf 3A       		.uleb128 0x3a
 955 00d0 0B       		.uleb128 0xb
 956 00d1 3B       		.uleb128 0x3b
 957 00d2 0B       		.uleb128 0xb
 958 00d3 49       		.uleb128 0x49
 959 00d4 13       		.uleb128 0x13
 960 00d5 02       		.uleb128 0x2
 961 00d6 06       		.uleb128 0x6
 962 00d7 00       		.byte	0
 963 00d8 00       		.byte	0
 964 00d9 11       		.uleb128 0x11
 965 00da 2E       		.uleb128 0x2e
 966 00db 01       		.byte	0x1
 967 00dc 3F       		.uleb128 0x3f
 968 00dd 0C       		.uleb128 0xc
ARM GAS  C:\Users\DNIEL~1\AppData\Local\Temp\ccs3dsmr.s 			page 18


 969 00de 03       		.uleb128 0x3
 970 00df 0E       		.uleb128 0xe
 971 00e0 3A       		.uleb128 0x3a
 972 00e1 0B       		.uleb128 0xb
 973 00e2 3B       		.uleb128 0x3b
 974 00e3 0B       		.uleb128 0xb
 975 00e4 27       		.uleb128 0x27
 976 00e5 0C       		.uleb128 0xc
 977 00e6 11       		.uleb128 0x11
 978 00e7 01       		.uleb128 0x1
 979 00e8 12       		.uleb128 0x12
 980 00e9 01       		.uleb128 0x1
 981 00ea 40       		.uleb128 0x40
 982 00eb 06       		.uleb128 0x6
 983 00ec 9742     		.uleb128 0x2117
 984 00ee 0C       		.uleb128 0xc
 985 00ef 00       		.byte	0
 986 00f0 00       		.byte	0
 987 00f1 00       		.byte	0
 988              		.section	.debug_loc,"",%progbits
 989              	.Ldebug_loc0:
 990              	.LLST0:
 991 0000 00000000 		.4byte	.LFB7
 992 0004 02000000 		.4byte	.LCFI0
 993 0008 0200     		.2byte	0x2
 994 000a 7D       		.byte	0x7d
 995 000b 00       		.sleb128 0
 996 000c 02000000 		.4byte	.LCFI0
 997 0010 48000000 		.4byte	.LFE7
 998 0014 0200     		.2byte	0x2
 999 0016 7D       		.byte	0x7d
 1000 0017 10       		.sleb128 16
 1001 0018 00000000 		.4byte	0
 1002 001c 00000000 		.4byte	0
 1003              	.LLST1:
 1004 0020 00000000 		.4byte	.LVL0
 1005 0024 2C000000 		.4byte	.LVL3
 1006 0028 0100     		.2byte	0x1
 1007 002a 50       		.byte	0x50
 1008 002b 2C000000 		.4byte	.LVL3
 1009 002f 48000000 		.4byte	.LFE7
 1010 0033 0400     		.2byte	0x4
 1011 0035 F3       		.byte	0xf3
 1012 0036 01       		.uleb128 0x1
 1013 0037 50       		.byte	0x50
 1014 0038 9F       		.byte	0x9f
 1015 0039 00000000 		.4byte	0
 1016 003d 00000000 		.4byte	0
 1017              	.LLST2:
 1018 0041 00000000 		.4byte	.LVL0
 1019 0045 32000000 		.4byte	.LVL4
 1020 0049 0100     		.2byte	0x1
 1021 004b 51       		.byte	0x51
 1022 004c 32000000 		.4byte	.LVL4
 1023 0050 48000000 		.4byte	.LFE7
 1024 0054 0400     		.2byte	0x4
 1025 0056 F3       		.byte	0xf3
ARM GAS  C:\Users\DNIEL~1\AppData\Local\Temp\ccs3dsmr.s 			page 19


 1026 0057 01       		.uleb128 0x1
 1027 0058 51       		.byte	0x51
 1028 0059 9F       		.byte	0x9f
 1029 005a 00000000 		.4byte	0
 1030 005e 00000000 		.4byte	0
 1031              	.LLST3:
 1032 0062 00000000 		.4byte	.LVL0
 1033 0066 18000000 		.4byte	.LVL1
 1034 006a 0700     		.2byte	0x7
 1035 006c 70       		.byte	0x70
 1036 006d 00       		.sleb128 0
 1037 006e 33       		.byte	0x33
 1038 006f 1A       		.byte	0x1a
 1039 0070 33       		.byte	0x33
 1040 0071 24       		.byte	0x24
 1041 0072 9F       		.byte	0x9f
 1042 0073 18000000 		.4byte	.LVL1
 1043 0077 28000000 		.4byte	.LVL2
 1044 007b 0100     		.2byte	0x1
 1045 007d 55       		.byte	0x55
 1046 007e 28000000 		.4byte	.LVL2
 1047 0082 2C000000 		.4byte	.LVL3
 1048 0086 0700     		.2byte	0x7
 1049 0088 70       		.byte	0x70
 1050 0089 00       		.sleb128 0
 1051 008a 33       		.byte	0x33
 1052 008b 1A       		.byte	0x1a
 1053 008c 33       		.byte	0x33
 1054 008d 24       		.byte	0x24
 1055 008e 9F       		.byte	0x9f
 1056 008f 2C000000 		.4byte	.LVL3
 1057 0093 48000000 		.4byte	.LFE7
 1058 0097 0800     		.2byte	0x8
 1059 0099 F3       		.byte	0xf3
 1060 009a 01       		.uleb128 0x1
 1061 009b 50       		.byte	0x50
 1062 009c 33       		.byte	0x33
 1063 009d 1A       		.byte	0x1a
 1064 009e 33       		.byte	0x33
 1065 009f 24       		.byte	0x24
 1066 00a0 9F       		.byte	0x9f
 1067 00a1 00000000 		.4byte	0
 1068 00a5 00000000 		.4byte	0
 1069              	.LLST4:
 1070 00a9 00000000 		.4byte	.LFB8
 1071 00ad 08000000 		.4byte	.LCFI1
 1072 00b1 0200     		.2byte	0x2
 1073 00b3 7D       		.byte	0x7d
 1074 00b4 00       		.sleb128 0
 1075 00b5 08000000 		.4byte	.LCFI1
 1076 00b9 3C000000 		.4byte	.LFE8
 1077 00bd 0200     		.2byte	0x2
 1078 00bf 7D       		.byte	0x7d
 1079 00c0 04       		.sleb128 4
 1080 00c1 00000000 		.4byte	0
 1081 00c5 00000000 		.4byte	0
 1082              	.LLST5:
ARM GAS  C:\Users\DNIEL~1\AppData\Local\Temp\ccs3dsmr.s 			page 20


 1083 00c9 00000000 		.4byte	.LVL5
 1084 00cd 24000000 		.4byte	.LVL6
 1085 00d1 0100     		.2byte	0x1
 1086 00d3 50       		.byte	0x50
 1087 00d4 24000000 		.4byte	.LVL6
 1088 00d8 3C000000 		.4byte	.LFE8
 1089 00dc 0400     		.2byte	0x4
 1090 00de F3       		.byte	0xf3
 1091 00df 01       		.uleb128 0x1
 1092 00e0 50       		.byte	0x50
 1093 00e1 9F       		.byte	0x9f
 1094 00e2 00000000 		.4byte	0
 1095 00e6 00000000 		.4byte	0
 1096              	.LLST6:
 1097 00ea 00000000 		.4byte	.LVL5
 1098 00ee 24000000 		.4byte	.LVL6
 1099 00f2 0700     		.2byte	0x7
 1100 00f4 70       		.byte	0x70
 1101 00f5 00       		.sleb128 0
 1102 00f6 33       		.byte	0x33
 1103 00f7 1A       		.byte	0x1a
 1104 00f8 33       		.byte	0x33
 1105 00f9 24       		.byte	0x24
 1106 00fa 9F       		.byte	0x9f
 1107 00fb 24000000 		.4byte	.LVL6
 1108 00ff 2A000000 		.4byte	.LVL7
 1109 0103 0800     		.2byte	0x8
 1110 0105 F3       		.byte	0xf3
 1111 0106 01       		.uleb128 0x1
 1112 0107 50       		.byte	0x50
 1113 0108 33       		.byte	0x33
 1114 0109 1A       		.byte	0x1a
 1115 010a 33       		.byte	0x33
 1116 010b 24       		.byte	0x24
 1117 010c 9F       		.byte	0x9f
 1118 010d 2A000000 		.4byte	.LVL7
 1119 0111 30000000 		.4byte	.LVL8
 1120 0115 0100     		.2byte	0x1
 1121 0117 50       		.byte	0x50
 1122 0118 30000000 		.4byte	.LVL8
 1123 011c 3C000000 		.4byte	.LFE8
 1124 0120 0800     		.2byte	0x8
 1125 0122 F3       		.byte	0xf3
 1126 0123 01       		.uleb128 0x1
 1127 0124 50       		.byte	0x50
 1128 0125 33       		.byte	0x33
 1129 0126 1A       		.byte	0x1a
 1130 0127 33       		.byte	0x33
 1131 0128 24       		.byte	0x24
 1132 0129 9F       		.byte	0x9f
 1133 012a 00000000 		.4byte	0
 1134 012e 00000000 		.4byte	0
 1135              	.LLST7:
 1136 0132 00000000 		.4byte	.LFB9
 1137 0136 12000000 		.4byte	.LCFI2
 1138 013a 0200     		.2byte	0x2
 1139 013c 7D       		.byte	0x7d
ARM GAS  C:\Users\DNIEL~1\AppData\Local\Temp\ccs3dsmr.s 			page 21


 1140 013d 00       		.sleb128 0
 1141 013e 12000000 		.4byte	.LCFI2
 1142 0142 30000000 		.4byte	.LFE9
 1143 0146 0200     		.2byte	0x2
 1144 0148 7D       		.byte	0x7d
 1145 0149 08       		.sleb128 8
 1146 014a 00000000 		.4byte	0
 1147 014e 00000000 		.4byte	0
 1148              	.LLST8:
 1149 0152 00000000 		.4byte	.LVL9
 1150 0156 10000000 		.4byte	.LVL10
 1151 015a 0100     		.2byte	0x1
 1152 015c 50       		.byte	0x50
 1153 015d 10000000 		.4byte	.LVL10
 1154 0161 30000000 		.4byte	.LFE9
 1155 0165 0400     		.2byte	0x4
 1156 0167 F3       		.byte	0xf3
 1157 0168 01       		.uleb128 0x1
 1158 0169 50       		.byte	0x50
 1159 016a 9F       		.byte	0x9f
 1160 016b 00000000 		.4byte	0
 1161 016f 00000000 		.4byte	0
 1162              	.LLST9:
 1163 0173 00000000 		.4byte	.LVL9
 1164 0177 26000000 		.4byte	.LVL12
 1165 017b 0100     		.2byte	0x1
 1166 017d 51       		.byte	0x51
 1167 017e 26000000 		.4byte	.LVL12
 1168 0182 30000000 		.4byte	.LFE9
 1169 0186 0400     		.2byte	0x4
 1170 0188 F3       		.byte	0xf3
 1171 0189 01       		.uleb128 0x1
 1172 018a 51       		.byte	0x51
 1173 018b 9F       		.byte	0x9f
 1174 018c 00000000 		.4byte	0
 1175 0190 00000000 		.4byte	0
 1176              	.LLST10:
 1177 0194 00000000 		.4byte	.LVL9
 1178 0198 10000000 		.4byte	.LVL10
 1179 019c 0700     		.2byte	0x7
 1180 019e 70       		.byte	0x70
 1181 019f 00       		.sleb128 0
 1182 01a0 33       		.byte	0x33
 1183 01a1 1A       		.byte	0x1a
 1184 01a2 33       		.byte	0x33
 1185 01a3 24       		.byte	0x24
 1186 01a4 9F       		.byte	0x9f
 1187 01a5 10000000 		.4byte	.LVL10
 1188 01a9 14000000 		.4byte	.LVL11
 1189 01ad 0800     		.2byte	0x8
 1190 01af F3       		.byte	0xf3
 1191 01b0 01       		.uleb128 0x1
 1192 01b1 50       		.byte	0x50
 1193 01b2 33       		.byte	0x33
 1194 01b3 1A       		.byte	0x1a
 1195 01b4 33       		.byte	0x33
 1196 01b5 24       		.byte	0x24
ARM GAS  C:\Users\DNIEL~1\AppData\Local\Temp\ccs3dsmr.s 			page 22


 1197 01b6 9F       		.byte	0x9f
 1198 01b7 14000000 		.4byte	.LVL11
 1199 01bb 30000000 		.4byte	.LFE9
 1200 01bf 0100     		.2byte	0x1
 1201 01c1 50       		.byte	0x50
 1202 01c2 00000000 		.4byte	0
 1203 01c6 00000000 		.4byte	0
 1204              		.section	.debug_aranges,"",%progbits
 1205 0000 2C000000 		.4byte	0x2c
 1206 0004 0200     		.2byte	0x2
 1207 0006 00000000 		.4byte	.Ldebug_info0
 1208 000a 04       		.byte	0x4
 1209 000b 00       		.byte	0
 1210 000c 0000     		.2byte	0
 1211 000e 0000     		.2byte	0
 1212 0010 00000000 		.4byte	.LFB7
 1213 0014 48000000 		.4byte	.LFE7-.LFB7
 1214 0018 00000000 		.4byte	.LFB8
 1215 001c 3C000000 		.4byte	.LFE8-.LFB8
 1216 0020 00000000 		.4byte	.LFB9
 1217 0024 30000000 		.4byte	.LFE9-.LFB9
 1218 0028 00000000 		.4byte	0
 1219 002c 00000000 		.4byte	0
 1220              		.section	.debug_ranges,"",%progbits
 1221              	.Ldebug_ranges0:
 1222 0000 00000000 		.4byte	.LFB7
 1223 0004 48000000 		.4byte	.LFE7
 1224 0008 00000000 		.4byte	.LFB8
 1225 000c 3C000000 		.4byte	.LFE8
 1226 0010 00000000 		.4byte	.LFB9
 1227 0014 30000000 		.4byte	.LFE9
 1228 0018 00000000 		.4byte	0
 1229 001c 00000000 		.4byte	0
 1230              		.section	.debug_line,"",%progbits
 1231              	.Ldebug_line0:
 1232 0000 2C010000 		.section	.debug_str,"MS",%progbits,1
 1232      0200D700 
 1232      00000201 
 1232      FB0E0D00 
 1232      01010101 
 1233              	.LASF42:
 1234 0000 7072696F 		.ascii	"prio\000"
 1234      00
 1235              	.LASF18:
 1236 0005 49435052 		.ascii	"ICPR\000"
 1236      00
 1237              	.LASF38:
 1238 000a 4D4D4652 		.ascii	"MMFR\000"
 1238      00
 1239              	.LASF9:
 1240 000f 5F426F6F 		.ascii	"_Bool\000"
 1240      6C00
 1241              	.LASF44:
 1242 0015 6E766963 		.ascii	"nvicDisableVector\000"
 1242      44697361 
 1242      626C6556 
 1242      6563746F 
ARM GAS  C:\Users\DNIEL~1\AppData\Local\Temp\ccs3dsmr.s 			page 23


 1242      7200
 1243              	.LASF25:
 1244 0027 434D785F 		.ascii	"CMx_NVIC\000"
 1244      4E564943 
 1244      00
 1245              	.LASF28:
 1246 0030 56544F52 		.ascii	"VTOR\000"
 1246      00
 1247              	.LASF14:
 1248 0035 49434552 		.ascii	"ICER\000"
 1248      00
 1249              	.LASF11:
 1250 003a 494F5245 		.ascii	"IOREG32\000"
 1250      47333200 
 1251              	.LASF2:
 1252 0042 756E7369 		.ascii	"unsigned char\000"
 1252      676E6564 
 1252      20636861 
 1252      7200
 1253              	.LASF13:
 1254 0050 756E7573 		.ascii	"unused1\000"
 1254      65643100 
 1255              	.LASF15:
 1256 0058 756E7573 		.ascii	"unused2\000"
 1256      65643200 
 1257              	.LASF17:
 1258 0060 756E7573 		.ascii	"unused3\000"
 1258      65643300 
 1259              	.LASF19:
 1260 0068 756E7573 		.ascii	"unused4\000"
 1260      65643400 
 1261              	.LASF21:
 1262 0070 756E7573 		.ascii	"unused5\000"
 1262      65643500 
 1263              	.LASF22:
 1264 0078 756E7573 		.ascii	"unused6\000"
 1264      65643600 
 1265              	.LASF4:
 1266 0080 73686F72 		.ascii	"short unsigned int\000"
 1266      7420756E 
 1266      7369676E 
 1266      65642069 
 1266      6E7400
 1267              	.LASF32:
 1268 0093 43465352 		.ascii	"CFSR\000"
 1268      00
 1269              	.LASF46:
 1270 0098 474E5520 		.ascii	"GNU C 4.7.4 20140401 (release) [ARM/embedded-4_7-br"
 1270      4320342E 
 1270      372E3420 
 1270      32303134 
 1270      30343031 
 1271 00cb 616E6368 		.ascii	"anch revision 209195]\000"
 1271      20726576 
 1271      6973696F 
 1271      6E203230 
 1271      39313935 
ARM GAS  C:\Users\DNIEL~1\AppData\Local\Temp\ccs3dsmr.s 			page 24


 1272              	.LASF33:
 1273 00e1 48465352 		.ascii	"HFSR\000"
 1273      00
 1274              	.LASF6:
 1275 00e6 6C6F6E67 		.ascii	"long unsigned int\000"
 1275      20756E73 
 1275      69676E65 
 1275      6420696E 
 1275      7400
 1276              	.LASF39:
 1277 00f8 43504143 		.ascii	"CPACR\000"
 1277      5200
 1278              	.LASF23:
 1279 00fe 53544952 		.ascii	"STIR\000"
 1279      00
 1280              	.LASF3:
 1281 0103 73686F72 		.ascii	"short int\000"
 1281      7420696E 
 1281      7400
 1282              	.LASF48:
 1283 010d 433A5C55 		.ascii	"C:\\Users\\D\341niel\\git\\Smarty\\smarty\\firmware"
 1283      73657273 
 1283      5C44E16E 
 1283      69656C5C 
 1283      6769745C 
 1284 0137 00       		.ascii	"\000"
 1285              	.LASF0:
 1286 0138 756E7369 		.ascii	"unsigned int\000"
 1286      676E6564 
 1286      20696E74 
 1286      00
 1287              	.LASF16:
 1288 0145 49535052 		.ascii	"ISPR\000"
 1288      00
 1289              	.LASF34:
 1290 014a 44465352 		.ascii	"DFSR\000"
 1290      00
 1291              	.LASF8:
 1292 014f 6C6F6E67 		.ascii	"long long unsigned int\000"
 1292      206C6F6E 
 1292      6720756E 
 1292      7369676E 
 1292      65642069 
 1293              	.LASF27:
 1294 0166 49435352 		.ascii	"ICSR\000"
 1294      00
 1295              	.LASF47:
 1296 016b 2E2E2F2E 		.ascii	"../../../ChibiOS/os/ports/common/ARMCMx/nvic.c\000"
 1296      2E2F2E2E 
 1296      2F436869 
 1296      62694F53 
 1296      2F6F732F 
 1297              	.LASF40:
 1298 019a 434D785F 		.ascii	"CMx_SCB\000"
 1298      53434200 
 1299              	.LASF29:
 1300 01a2 41495243 		.ascii	"AIRCR\000"
ARM GAS  C:\Users\DNIEL~1\AppData\Local\Temp\ccs3dsmr.s 			page 25


 1300      5200
 1301              	.LASF36:
 1302 01a8 42464152 		.ascii	"BFAR\000"
 1302      00
 1303              	.LASF45:
 1304 01ad 68616E64 		.ascii	"handler\000"
 1304      6C657200 
 1305              	.LASF24:
 1306 01b5 73697A65 		.ascii	"sizetype\000"
 1306      74797065 
 1306      00
 1307              	.LASF7:
 1308 01be 6C6F6E67 		.ascii	"long long int\000"
 1308      206C6F6E 
 1308      6720696E 
 1308      7400
 1309              	.LASF26:
 1310 01cc 43505549 		.ascii	"CPUID\000"
 1310      4400
 1311              	.LASF41:
 1312 01d2 63686172 		.ascii	"char\000"
 1312      00
 1313              	.LASF12:
 1314 01d7 49534552 		.ascii	"ISER\000"
 1314      00
 1315              	.LASF37:
 1316 01dc 41465352 		.ascii	"AFSR\000"
 1316      00
 1317              	.LASF35:
 1318 01e1 4D4D4641 		.ascii	"MMFAR\000"
 1318      5200
 1319              	.LASF31:
 1320 01e7 53484353 		.ascii	"SHCSR\000"
 1320      5200
 1321              	.LASF10:
 1322 01ed 75696E74 		.ascii	"uint32_t\000"
 1322      33325F74 
 1322      00
 1323              	.LASF5:
 1324 01f6 6C6F6E67 		.ascii	"long int\000"
 1324      20696E74 
 1324      00
 1325              	.LASF30:
 1326 01ff 53485052 		.ascii	"SHPR\000"
 1326      00
 1327              	.LASF1:
 1328 0204 7369676E 		.ascii	"signed char\000"
 1328      65642063 
 1328      68617200 
 1329              	.LASF49:
 1330 0210 6E766963 		.ascii	"nvicSetSystemHandlerPriority\000"
 1330      53657453 
 1330      79737465 
 1330      6D48616E 
 1330      646C6572 
 1331              	.LASF20:
 1332 022d 49414252 		.ascii	"IABR\000"
ARM GAS  C:\Users\DNIEL~1\AppData\Local\Temp\ccs3dsmr.s 			page 26


 1332      00
 1333              	.LASF43:
 1334 0232 6E766963 		.ascii	"nvicEnableVector\000"
 1334      456E6162 
 1334      6C655665 
 1334      63746F72 
 1334      00
 1335              		.ident	"GCC: (GNU Tools for ARM Embedded Processors) 4.7.4 20140401 (release) [ARM/embedded-4_7-br
ARM GAS  C:\Users\DNIEL~1\AppData\Local\Temp\ccs3dsmr.s 			page 27


DEFINED SYMBOLS
                            *ABS*:00000000 nvic.c
C:\Users\DNIEL~1\AppData\Local\Temp\ccs3dsmr.s:19     .text.nvicEnableVector:00000000 $t
C:\Users\DNIEL~1\AppData\Local\Temp\ccs3dsmr.s:25     .text.nvicEnableVector:00000000 nvicEnableVector
C:\Users\DNIEL~1\AppData\Local\Temp\ccs3dsmr.s:83     .text.nvicDisableVector:00000000 $t
C:\Users\DNIEL~1\AppData\Local\Temp\ccs3dsmr.s:89     .text.nvicDisableVector:00000000 nvicDisableVector
C:\Users\DNIEL~1\AppData\Local\Temp\ccs3dsmr.s:138    .text.nvicSetSystemHandlerPriority:00000000 $t
C:\Users\DNIEL~1\AppData\Local\Temp\ccs3dsmr.s:144    .text.nvicSetSystemHandlerPriority:00000000 nvicSetSystemHandlerPriority
                     .debug_frame:00000010 $d

NO UNDEFINED SYMBOLS
