ARM GAS  C:\Users\DNIEL~1\AppData\Local\Temp\ccRXyR2U.s 			page 1


   1              		.syntax unified
   2              		.cpu cortex-m4
   3              		.fpu softvfp
   4              		.eabi_attribute 20, 1
   5              		.eabi_attribute 21, 1
   6              		.eabi_attribute 23, 3
   7              		.eabi_attribute 24, 1
   8              		.eabi_attribute 25, 1
   9              		.eabi_attribute 26, 1
  10              		.eabi_attribute 30, 2
  11              		.eabi_attribute 34, 1
  12              		.eabi_attribute 18, 4
  13              		.thumb
  14              		.file	"pal.c"
  15              		.text
  16              	.Ltext0:
  17              		.cfi_sections	.debug_frame
  18              		.section	.text.palReadBus,"ax",%progbits
  19              		.align	2
  20              		.p2align 4,,15
  21              		.global	palReadBus
  22              		.thumb
  23              		.thumb_func
  24              		.type	palReadBus, %function
  25              	palReadBus:
  26              	.LFB118:
  27              		.file 1 "../../../ChibiOS/os/hal/src/pal.c"
  28              		.loc 1 77 0
  29              		.cfi_startproc
  30              		@ args = 0, pretend = 0, frame = 0
  31              		@ frame_needed = 0, uses_anonymous_args = 0
  32              		@ link register save eliminated.
  33              	.LVL0:
  34              		.loc 1 82 0
  35 0000 0368     		ldr	r3, [r0, #0]
  36 0002 8268     		ldr	r2, [r0, #8]
  37 0004 1969     		ldr	r1, [r3, #16]
  38 0006 4368     		ldr	r3, [r0, #4]
  39 0008 21FA02F0 		lsr	r0, r1, r2
  40              	.LVL1:
  41              		.loc 1 83 0
  42 000c 1840     		ands	r0, r0, r3
  43 000e 7047     		bx	lr
  44              		.cfi_endproc
  45              	.LFE118:
  46              		.size	palReadBus, .-palReadBus
  47              		.section	.text.palWriteBus,"ax",%progbits
  48              		.align	2
  49              		.p2align 4,,15
  50              		.global	palWriteBus
  51              		.thumb
  52              		.thumb_func
  53              		.type	palWriteBus, %function
  54              	palWriteBus:
  55              	.LFB119:
  56              		.loc 1 103 0
  57              		.cfi_startproc
ARM GAS  C:\Users\DNIEL~1\AppData\Local\Temp\ccRXyR2U.s 			page 2


  58              		@ args = 0, pretend = 0, frame = 0
  59              		@ frame_needed = 0, uses_anonymous_args = 0
  60              		@ link register save eliminated.
  61              	.LVL2:
  62              		.loc 1 108 0
  63 0000 0DC8     		ldmia	r0, {r0, r2, r3}
  64              	.LVL3:
  65              		.loc 1 103 0
  66 0002 30B4     		push	{r4, r5}
  67              	.LCFI0:
  68              		.cfi_def_cfa_offset 8
  69              		.cfi_offset 4, -8
  70              		.cfi_offset 5, -4
  71              		.loc 1 108 0
  72 0004 22EA0105 		bic	r5, r2, r1
  73 0008 03F11004 		add	r4, r3, #16
  74 000c 0A40     		ands	r2, r2, r1
  75 000e 05FA04F4 		lsl	r4, r5, r4
  76 0012 02FA03F3 		lsl	r3, r2, r3
  77 0016 44EA0301 		orr	r1, r4, r3
  78              	.LVL4:
  79 001a 8161     		str	r1, [r0, #24]
  80              		.loc 1 109 0
  81 001c 30BC     		pop	{r4, r5}
  82 001e 7047     		bx	lr
  83              		.cfi_endproc
  84              	.LFE119:
  85              		.size	palWriteBus, .-palWriteBus
  86              		.section	.text.palSetBusMode,"ax",%progbits
  87              		.align	2
  88              		.p2align 4,,15
  89              		.global	palSetBusMode
  90              		.thumb
  91              		.thumb_func
  92              		.type	palSetBusMode, %function
  93              	palSetBusMode:
  94              	.LFB120:
  95              		.loc 1 127 0
  96              		.cfi_startproc
  97              		@ args = 0, pretend = 0, frame = 0
  98              		@ frame_needed = 0, uses_anonymous_args = 0
  99              		@ link register save eliminated.
 100              	.LVL5:
 101              		.loc 1 127 0
 102 0000 0A46     		mov	r2, r1
 103              		.loc 1 132 0
 104 0002 0BC8     		ldmia	r0, {r0, r1, r3}
 105              	.LVL6:
 106 0004 01FA03F1 		lsl	r1, r1, r3
 107              		.loc 1 133 0
 108              		.loc 1 132 0
 109 0008 FFF7FEBF 		b	_pal_lld_setgroupmode
 110              	.LVL7:
 111              		.cfi_endproc
 112              	.LFE120:
 113              		.size	palSetBusMode, .-palSetBusMode
 114 000c AFF30080 		.text
ARM GAS  C:\Users\DNIEL~1\AppData\Local\Temp\ccRXyR2U.s 			page 3


 115              	.Letext0:
 116              		.file 2 "c:\\chibistudio\\tools\\gnu tools arm embedded\\4.7 2014q2\\bin\\../lib/gcc/arm-none-eabi
 117              		.file 3 "../../../ChibiOS/os/hal/platforms/STM32/GPIOv2/pal_lld.h"
 118              		.file 4 "../../../ChibiOS/os/hal/include/pal.h"
 119              		.file 5 "../../../ChibiOS/os/ports/common/ARMCMx/CMSIS/include/core_cm4.h"
 120              		.section	.debug_info,"",%progbits
 121              	.Ldebug_info0:
 122 0000 E0020000 		.4byte	0x2e0
 123 0004 0200     		.2byte	0x2
 124 0006 00000000 		.4byte	.Ldebug_abbrev0
 125 000a 04       		.byte	0x4
 126 000b 01       		.uleb128 0x1
 127 000c D2000000 		.4byte	.LASF37
 128 0010 01       		.byte	0x1
 129 0011 05000000 		.4byte	.LASF38
 130 0015 43010000 		.4byte	.LASF39
 131 0019 00000000 		.4byte	.Ldebug_ranges0+0
 132 001d 00000000 		.4byte	0
 133 0021 00000000 		.4byte	0
 134 0025 00000000 		.4byte	.Ldebug_line0
 135 0029 02       		.uleb128 0x2
 136 002a 04       		.byte	0x4
 137 002b 05       		.byte	0x5
 138 002c 696E7400 		.ascii	"int\000"
 139 0030 03       		.uleb128 0x3
 140 0031 04       		.byte	0x4
 141 0032 07       		.byte	0x7
 142 0033 6E010000 		.4byte	.LASF0
 143 0037 03       		.uleb128 0x3
 144 0038 01       		.byte	0x1
 145 0039 06       		.byte	0x6
 146 003a F4010000 		.4byte	.LASF1
 147 003e 03       		.uleb128 0x3
 148 003f 01       		.byte	0x1
 149 0040 08       		.byte	0x8
 150 0041 88000000 		.4byte	.LASF2
 151 0045 03       		.uleb128 0x3
 152 0046 02       		.byte	0x2
 153 0047 05       		.byte	0x5
 154 0048 1B010000 		.4byte	.LASF3
 155 004c 04       		.uleb128 0x4
 156 004d D3010000 		.4byte	.LASF5
 157 0051 02       		.byte	0x2
 158 0052 36       		.byte	0x36
 159 0053 57000000 		.4byte	0x57
 160 0057 03       		.uleb128 0x3
 161 0058 02       		.byte	0x2
 162 0059 07       		.byte	0x7
 163 005a AD000000 		.4byte	.LASF4
 164 005e 04       		.uleb128 0x4
 165 005f 92010000 		.4byte	.LASF6
 166 0063 02       		.byte	0x2
 167 0064 4F       		.byte	0x4f
 168 0065 69000000 		.4byte	0x69
 169 0069 03       		.uleb128 0x3
 170 006a 04       		.byte	0x4
 171 006b 05       		.byte	0x5
ARM GAS  C:\Users\DNIEL~1\AppData\Local\Temp\ccRXyR2U.s 			page 4


 172 006c EB010000 		.4byte	.LASF7
 173 0070 04       		.uleb128 0x4
 174 0071 E2010000 		.4byte	.LASF8
 175 0075 02       		.byte	0x2
 176 0076 50       		.byte	0x50
 177 0077 7B000000 		.4byte	0x7b
 178 007b 03       		.uleb128 0x3
 179 007c 04       		.byte	0x4
 180 007d 07       		.byte	0x7
 181 007e 9B000000 		.4byte	.LASF9
 182 0082 03       		.uleb128 0x3
 183 0083 08       		.byte	0x8
 184 0084 05       		.byte	0x5
 185 0085 A9010000 		.4byte	.LASF10
 186 0089 03       		.uleb128 0x3
 187 008a 08       		.byte	0x8
 188 008b 07       		.byte	0x7
 189 008c 06020000 		.4byte	.LASF11
 190 0090 04       		.uleb128 0x4
 191 0091 38000000 		.4byte	.LASF12
 192 0095 02       		.byte	0x2
 193 0096 A0       		.byte	0xa0
 194 0097 30000000 		.4byte	0x30
 195 009b 03       		.uleb128 0x3
 196 009c 01       		.byte	0x1
 197 009d 02       		.byte	0x2
 198 009e 00020000 		.4byte	.LASF13
 199 00a2 05       		.uleb128 0x5
 200 00a3 70000000 		.4byte	0x70
 201 00a7 03       		.uleb128 0x3
 202 00a8 04       		.byte	0x4
 203 00a9 07       		.byte	0x7
 204 00aa 9A010000 		.4byte	.LASF14
 205 00ae 03       		.uleb128 0x3
 206 00af 01       		.byte	0x1
 207 00b0 08       		.byte	0x8
 208 00b1 88010000 		.4byte	.LASF15
 209 00b5 05       		.uleb128 0x5
 210 00b6 5E000000 		.4byte	0x5e
 211 00ba 06       		.uleb128 0x6
 212 00bb 04       		.byte	0x4
 213 00bc 03       		.byte	0x3
 214 00bd 96       		.byte	0x96
 215 00be DF000000 		.4byte	0xdf
 216 00c2 07       		.uleb128 0x7
 217 00c3 73657400 		.ascii	"set\000"
 218 00c7 03       		.byte	0x3
 219 00c8 97       		.byte	0x97
 220 00c9 4C000000 		.4byte	0x4c
 221 00cd 02       		.byte	0x2
 222 00ce 23       		.byte	0x23
 223 00cf 00       		.uleb128 0
 224 00d0 08       		.uleb128 0x8
 225 00d1 DC010000 		.4byte	.LASF16
 226 00d5 03       		.byte	0x3
 227 00d6 98       		.byte	0x98
 228 00d7 4C000000 		.4byte	0x4c
ARM GAS  C:\Users\DNIEL~1\AppData\Local\Temp\ccRXyR2U.s 			page 5


 229 00db 02       		.byte	0x2
 230 00dc 23       		.byte	0x23
 231 00dd 02       		.uleb128 0x2
 232 00de 00       		.byte	0
 233 00df 09       		.uleb128 0x9
 234 00e0 04       		.byte	0x4
 235 00e1 03       		.byte	0x3
 236 00e2 94       		.byte	0x94
 237 00e3 FA000000 		.4byte	0xfa
 238 00e7 0A       		.uleb128 0xa
 239 00e8 5700     		.ascii	"W\000"
 240 00ea 03       		.byte	0x3
 241 00eb 95       		.byte	0x95
 242 00ec 70000000 		.4byte	0x70
 243 00f0 0A       		.uleb128 0xa
 244 00f1 4800     		.ascii	"H\000"
 245 00f3 03       		.byte	0x3
 246 00f4 99       		.byte	0x99
 247 00f5 BA000000 		.4byte	0xba
 248 00f9 00       		.byte	0
 249 00fa 06       		.uleb128 0x6
 250 00fb 28       		.byte	0x28
 251 00fc 03       		.byte	0x3
 252 00fd 8C       		.byte	0x8c
 253 00fe 8F010000 		.4byte	0x18f
 254 0102 08       		.uleb128 0x8
 255 0103 27000000 		.4byte	.LASF17
 256 0107 03       		.byte	0x3
 257 0108 8E       		.byte	0x8e
 258 0109 A2000000 		.4byte	0xa2
 259 010d 02       		.byte	0x2
 260 010e 23       		.byte	0x23
 261 010f 00       		.uleb128 0
 262 0110 08       		.uleb128 0x8
 263 0111 78000000 		.4byte	.LASF18
 264 0115 03       		.byte	0x3
 265 0116 8F       		.byte	0x8f
 266 0117 A2000000 		.4byte	0xa2
 267 011b 02       		.byte	0x2
 268 011c 23       		.byte	0x23
 269 011d 04       		.uleb128 0x4
 270 011e 08       		.uleb128 0x8
 271 011f 25010000 		.4byte	.LASF19
 272 0123 03       		.byte	0x3
 273 0124 90       		.byte	0x90
 274 0125 A2000000 		.4byte	0xa2
 275 0129 02       		.byte	0x2
 276 012a 23       		.byte	0x23
 277 012b 08       		.uleb128 0x8
 278 012c 08       		.uleb128 0x8
 279 012d A3010000 		.4byte	.LASF20
 280 0131 03       		.byte	0x3
 281 0132 91       		.byte	0x91
 282 0133 A2000000 		.4byte	0xa2
 283 0137 02       		.byte	0x2
 284 0138 23       		.byte	0x23
 285 0139 0C       		.uleb128 0xc
ARM GAS  C:\Users\DNIEL~1\AppData\Local\Temp\ccRXyR2U.s 			page 6


 286 013a 07       		.uleb128 0x7
 287 013b 49445200 		.ascii	"IDR\000"
 288 013f 03       		.byte	0x3
 289 0140 92       		.byte	0x92
 290 0141 A2000000 		.4byte	0xa2
 291 0145 02       		.byte	0x2
 292 0146 23       		.byte	0x23
 293 0147 10       		.uleb128 0x10
 294 0148 07       		.uleb128 0x7
 295 0149 4F445200 		.ascii	"ODR\000"
 296 014d 03       		.byte	0x3
 297 014e 93       		.byte	0x93
 298 014f A2000000 		.4byte	0xa2
 299 0153 02       		.byte	0x2
 300 0154 23       		.byte	0x23
 301 0155 14       		.uleb128 0x14
 302 0156 08       		.uleb128 0x8
 303 0157 45000000 		.4byte	.LASF21
 304 015b 03       		.byte	0x3
 305 015c 9A       		.byte	0x9a
 306 015d 8F010000 		.4byte	0x18f
 307 0161 02       		.byte	0x2
 308 0162 23       		.byte	0x23
 309 0163 18       		.uleb128 0x18
 310 0164 08       		.uleb128 0x8
 311 0165 00000000 		.4byte	.LASF22
 312 0169 03       		.byte	0x3
 313 016a 9B       		.byte	0x9b
 314 016b A2000000 		.4byte	0xa2
 315 016f 02       		.byte	0x2
 316 0170 23       		.byte	0x23
 317 0171 1C       		.uleb128 0x1c
 318 0172 08       		.uleb128 0x8
 319 0173 C0000000 		.4byte	.LASF23
 320 0177 03       		.byte	0x3
 321 0178 9C       		.byte	0x9c
 322 0179 A2000000 		.4byte	0xa2
 323 017d 02       		.byte	0x2
 324 017e 23       		.byte	0x23
 325 017f 20       		.uleb128 0x20
 326 0180 08       		.uleb128 0x8
 327 0181 96000000 		.4byte	.LASF24
 328 0185 03       		.byte	0x3
 329 0186 9D       		.byte	0x9d
 330 0187 A2000000 		.4byte	0xa2
 331 018b 02       		.byte	0x2
 332 018c 23       		.byte	0x23
 333 018d 24       		.uleb128 0x24
 334 018e 00       		.byte	0
 335 018f 05       		.uleb128 0x5
 336 0190 DF000000 		.4byte	0xdf
 337 0194 04       		.uleb128 0x4
 338 0195 7B010000 		.4byte	.LASF25
 339 0199 03       		.byte	0x3
 340 019a 9E       		.byte	0x9e
 341 019b FA000000 		.4byte	0xfa
 342 019f 04       		.uleb128 0x4
ARM GAS  C:\Users\DNIEL~1\AppData\Local\Temp\ccRXyR2U.s 			page 7


 343 01a0 6B000000 		.4byte	.LASF26
 344 01a4 03       		.byte	0x3
 345 01a5 F0       		.byte	0xf0
 346 01a6 70000000 		.4byte	0x70
 347 01aa 04       		.uleb128 0x4
 348 01ab 7F000000 		.4byte	.LASF27
 349 01af 03       		.byte	0x3
 350 01b0 F5       		.byte	0xf5
 351 01b1 70000000 		.4byte	0x70
 352 01b5 04       		.uleb128 0x4
 353 01b6 C8010000 		.4byte	.LASF28
 354 01ba 03       		.byte	0x3
 355 01bb FD       		.byte	0xfd
 356 01bc C0010000 		.4byte	0x1c0
 357 01c0 0B       		.uleb128 0xb
 358 01c1 04       		.byte	0x4
 359 01c2 94010000 		.4byte	0x194
 360 01c6 06       		.uleb128 0x6
 361 01c7 0C       		.byte	0xc
 362 01c8 04       		.byte	0x4
 363 01c9 85       		.byte	0x85
 364 01ca F9010000 		.4byte	0x1f9
 365 01ce 08       		.uleb128 0x8
 366 01cf 64000000 		.4byte	.LASF29
 367 01d3 04       		.byte	0x4
 368 01d4 89       		.byte	0x89
 369 01d5 B5010000 		.4byte	0x1b5
 370 01d9 02       		.byte	0x2
 371 01da 23       		.byte	0x23
 372 01db 00       		.uleb128 0
 373 01dc 08       		.uleb128 0x8
 374 01dd B7010000 		.4byte	.LASF30
 375 01e1 04       		.byte	0x4
 376 01e2 8F       		.byte	0x8f
 377 01e3 9F010000 		.4byte	0x19f
 378 01e7 02       		.byte	0x2
 379 01e8 23       		.byte	0x23
 380 01e9 04       		.uleb128 0x4
 381 01ea 08       		.uleb128 0x8
 382 01eb C1010000 		.4byte	.LASF31
 383 01ef 04       		.byte	0x4
 384 01f0 93       		.byte	0x93
 385 01f1 90000000 		.4byte	0x90
 386 01f5 02       		.byte	0x2
 387 01f6 23       		.byte	0x23
 388 01f7 08       		.uleb128 0x8
 389 01f8 00       		.byte	0
 390 01f9 04       		.uleb128 0x4
 391 01fa 1D020000 		.4byte	.LASF32
 392 01fe 04       		.byte	0x4
 393 01ff 94       		.byte	0x94
 394 0200 C6010000 		.4byte	0x1c6
 395 0204 0C       		.uleb128 0xc
 396 0205 01       		.byte	0x1
 397 0206 2D000000 		.4byte	.LASF40
 398 020a 01       		.byte	0x1
 399 020b 4D       		.byte	0x4d
ARM GAS  C:\Users\DNIEL~1\AppData\Local\Temp\ccRXyR2U.s 			page 8


 400 020c 01       		.byte	0x1
 401 020d 9F010000 		.4byte	0x19f
 402 0211 00000000 		.4byte	.LFB118
 403 0215 10000000 		.4byte	.LFE118
 404 0219 02       		.byte	0x2
 405 021a 7D       		.byte	0x7d
 406 021b 00       		.sleb128 0
 407 021c 01       		.byte	0x1
 408 021d 31020000 		.4byte	0x231
 409 0221 0D       		.uleb128 0xd
 410 0222 62757300 		.ascii	"bus\000"
 411 0226 01       		.byte	0x1
 412 0227 4D       		.byte	0x4d
 413 0228 31020000 		.4byte	0x231
 414 022c 00000000 		.4byte	.LLST0
 415 0230 00       		.byte	0
 416 0231 0B       		.uleb128 0xb
 417 0232 04       		.byte	0x4
 418 0233 F9010000 		.4byte	0x1f9
 419 0237 0E       		.uleb128 0xe
 420 0238 01       		.byte	0x1
 421 0239 4A000000 		.4byte	.LASF34
 422 023d 01       		.byte	0x1
 423 023e 67       		.byte	0x67
 424 023f 01       		.byte	0x1
 425 0240 00000000 		.4byte	.LFB119
 426 0244 20000000 		.4byte	.LFE119
 427 0248 21000000 		.4byte	.LLST1
 428 024c 01       		.byte	0x1
 429 024d 70020000 		.4byte	0x270
 430 0251 0D       		.uleb128 0xd
 431 0252 62757300 		.ascii	"bus\000"
 432 0256 01       		.byte	0x1
 433 0257 67       		.byte	0x67
 434 0258 31020000 		.4byte	0x231
 435 025c 41000000 		.4byte	.LLST2
 436 0260 0F       		.uleb128 0xf
 437 0261 BC010000 		.4byte	.LASF33
 438 0265 01       		.byte	0x1
 439 0266 67       		.byte	0x67
 440 0267 9F010000 		.4byte	0x19f
 441 026b 62000000 		.4byte	.LLST3
 442 026f 00       		.byte	0
 443 0270 10       		.uleb128 0x10
 444 0271 01       		.byte	0x1
 445 0272 56000000 		.4byte	.LASF35
 446 0276 01       		.byte	0x1
 447 0277 7F       		.byte	0x7f
 448 0278 01       		.byte	0x1
 449 0279 00000000 		.4byte	.LFB120
 450 027d 0C000000 		.4byte	.LFE120
 451 0281 02       		.byte	0x2
 452 0282 7D       		.byte	0x7d
 453 0283 00       		.sleb128 0
 454 0284 01       		.byte	0x1
 455 0285 BA020000 		.4byte	0x2ba
 456 0289 0D       		.uleb128 0xd
ARM GAS  C:\Users\DNIEL~1\AppData\Local\Temp\ccRXyR2U.s 			page 9


 457 028a 62757300 		.ascii	"bus\000"
 458 028e 01       		.byte	0x1
 459 028f 7F       		.byte	0x7f
 460 0290 31020000 		.4byte	0x231
 461 0294 83000000 		.4byte	.LLST4
 462 0298 0F       		.uleb128 0xf
 463 0299 8D010000 		.4byte	.LASF36
 464 029d 01       		.byte	0x1
 465 029e 7F       		.byte	0x7f
 466 029f AA010000 		.4byte	0x1aa
 467 02a3 A4000000 		.4byte	.LLST5
 468 02a7 11       		.uleb128 0x11
 469 02a8 0C000000 		.4byte	.LVL7
 470 02ac 01       		.byte	0x1
 471 02ad C8020000 		.4byte	0x2c8
 472 02b1 12       		.uleb128 0x12
 473 02b2 01       		.byte	0x1
 474 02b3 52       		.byte	0x52
 475 02b4 03       		.byte	0x3
 476 02b5 F3       		.byte	0xf3
 477 02b6 01       		.uleb128 0x1
 478 02b7 51       		.byte	0x51
 479 02b8 00       		.byte	0
 480 02b9 00       		.byte	0
 481 02ba 13       		.uleb128 0x13
 482 02bb C5000000 		.4byte	.LASF41
 483 02bf 05       		.byte	0x5
 484 02c0 9806     		.2byte	0x698
 485 02c2 B5000000 		.4byte	0xb5
 486 02c6 01       		.byte	0x1
 487 02c7 01       		.byte	0x1
 488 02c8 14       		.uleb128 0x14
 489 02c9 01       		.byte	0x1
 490 02ca 2D010000 		.4byte	.LASF42
 491 02ce 03       		.byte	0x3
 492 02cf C201     		.2byte	0x1c2
 493 02d1 01       		.byte	0x1
 494 02d2 01       		.byte	0x1
 495 02d3 15       		.uleb128 0x15
 496 02d4 B5010000 		.4byte	0x1b5
 497 02d8 15       		.uleb128 0x15
 498 02d9 9F010000 		.4byte	0x19f
 499 02dd 15       		.uleb128 0x15
 500 02de AA010000 		.4byte	0x1aa
 501 02e2 00       		.byte	0
 502 02e3 00       		.byte	0
 503              		.section	.debug_abbrev,"",%progbits
 504              	.Ldebug_abbrev0:
 505 0000 01       		.uleb128 0x1
 506 0001 11       		.uleb128 0x11
 507 0002 01       		.byte	0x1
 508 0003 25       		.uleb128 0x25
 509 0004 0E       		.uleb128 0xe
 510 0005 13       		.uleb128 0x13
 511 0006 0B       		.uleb128 0xb
 512 0007 03       		.uleb128 0x3
 513 0008 0E       		.uleb128 0xe
ARM GAS  C:\Users\DNIEL~1\AppData\Local\Temp\ccRXyR2U.s 			page 10


 514 0009 1B       		.uleb128 0x1b
 515 000a 0E       		.uleb128 0xe
 516 000b 55       		.uleb128 0x55
 517 000c 06       		.uleb128 0x6
 518 000d 11       		.uleb128 0x11
 519 000e 01       		.uleb128 0x1
 520 000f 52       		.uleb128 0x52
 521 0010 01       		.uleb128 0x1
 522 0011 10       		.uleb128 0x10
 523 0012 06       		.uleb128 0x6
 524 0013 00       		.byte	0
 525 0014 00       		.byte	0
 526 0015 02       		.uleb128 0x2
 527 0016 24       		.uleb128 0x24
 528 0017 00       		.byte	0
 529 0018 0B       		.uleb128 0xb
 530 0019 0B       		.uleb128 0xb
 531 001a 3E       		.uleb128 0x3e
 532 001b 0B       		.uleb128 0xb
 533 001c 03       		.uleb128 0x3
 534 001d 08       		.uleb128 0x8
 535 001e 00       		.byte	0
 536 001f 00       		.byte	0
 537 0020 03       		.uleb128 0x3
 538 0021 24       		.uleb128 0x24
 539 0022 00       		.byte	0
 540 0023 0B       		.uleb128 0xb
 541 0024 0B       		.uleb128 0xb
 542 0025 3E       		.uleb128 0x3e
 543 0026 0B       		.uleb128 0xb
 544 0027 03       		.uleb128 0x3
 545 0028 0E       		.uleb128 0xe
 546 0029 00       		.byte	0
 547 002a 00       		.byte	0
 548 002b 04       		.uleb128 0x4
 549 002c 16       		.uleb128 0x16
 550 002d 00       		.byte	0
 551 002e 03       		.uleb128 0x3
 552 002f 0E       		.uleb128 0xe
 553 0030 3A       		.uleb128 0x3a
 554 0031 0B       		.uleb128 0xb
 555 0032 3B       		.uleb128 0x3b
 556 0033 0B       		.uleb128 0xb
 557 0034 49       		.uleb128 0x49
 558 0035 13       		.uleb128 0x13
 559 0036 00       		.byte	0
 560 0037 00       		.byte	0
 561 0038 05       		.uleb128 0x5
 562 0039 35       		.uleb128 0x35
 563 003a 00       		.byte	0
 564 003b 49       		.uleb128 0x49
 565 003c 13       		.uleb128 0x13
 566 003d 00       		.byte	0
 567 003e 00       		.byte	0
 568 003f 06       		.uleb128 0x6
 569 0040 13       		.uleb128 0x13
 570 0041 01       		.byte	0x1
ARM GAS  C:\Users\DNIEL~1\AppData\Local\Temp\ccRXyR2U.s 			page 11


 571 0042 0B       		.uleb128 0xb
 572 0043 0B       		.uleb128 0xb
 573 0044 3A       		.uleb128 0x3a
 574 0045 0B       		.uleb128 0xb
 575 0046 3B       		.uleb128 0x3b
 576 0047 0B       		.uleb128 0xb
 577 0048 01       		.uleb128 0x1
 578 0049 13       		.uleb128 0x13
 579 004a 00       		.byte	0
 580 004b 00       		.byte	0
 581 004c 07       		.uleb128 0x7
 582 004d 0D       		.uleb128 0xd
 583 004e 00       		.byte	0
 584 004f 03       		.uleb128 0x3
 585 0050 08       		.uleb128 0x8
 586 0051 3A       		.uleb128 0x3a
 587 0052 0B       		.uleb128 0xb
 588 0053 3B       		.uleb128 0x3b
 589 0054 0B       		.uleb128 0xb
 590 0055 49       		.uleb128 0x49
 591 0056 13       		.uleb128 0x13
 592 0057 38       		.uleb128 0x38
 593 0058 0A       		.uleb128 0xa
 594 0059 00       		.byte	0
 595 005a 00       		.byte	0
 596 005b 08       		.uleb128 0x8
 597 005c 0D       		.uleb128 0xd
 598 005d 00       		.byte	0
 599 005e 03       		.uleb128 0x3
 600 005f 0E       		.uleb128 0xe
 601 0060 3A       		.uleb128 0x3a
 602 0061 0B       		.uleb128 0xb
 603 0062 3B       		.uleb128 0x3b
 604 0063 0B       		.uleb128 0xb
 605 0064 49       		.uleb128 0x49
 606 0065 13       		.uleb128 0x13
 607 0066 38       		.uleb128 0x38
 608 0067 0A       		.uleb128 0xa
 609 0068 00       		.byte	0
 610 0069 00       		.byte	0
 611 006a 09       		.uleb128 0x9
 612 006b 17       		.uleb128 0x17
 613 006c 01       		.byte	0x1
 614 006d 0B       		.uleb128 0xb
 615 006e 0B       		.uleb128 0xb
 616 006f 3A       		.uleb128 0x3a
 617 0070 0B       		.uleb128 0xb
 618 0071 3B       		.uleb128 0x3b
 619 0072 0B       		.uleb128 0xb
 620 0073 01       		.uleb128 0x1
 621 0074 13       		.uleb128 0x13
 622 0075 00       		.byte	0
 623 0076 00       		.byte	0
 624 0077 0A       		.uleb128 0xa
 625 0078 0D       		.uleb128 0xd
 626 0079 00       		.byte	0
 627 007a 03       		.uleb128 0x3
ARM GAS  C:\Users\DNIEL~1\AppData\Local\Temp\ccRXyR2U.s 			page 12


 628 007b 08       		.uleb128 0x8
 629 007c 3A       		.uleb128 0x3a
 630 007d 0B       		.uleb128 0xb
 631 007e 3B       		.uleb128 0x3b
 632 007f 0B       		.uleb128 0xb
 633 0080 49       		.uleb128 0x49
 634 0081 13       		.uleb128 0x13
 635 0082 00       		.byte	0
 636 0083 00       		.byte	0
 637 0084 0B       		.uleb128 0xb
 638 0085 0F       		.uleb128 0xf
 639 0086 00       		.byte	0
 640 0087 0B       		.uleb128 0xb
 641 0088 0B       		.uleb128 0xb
 642 0089 49       		.uleb128 0x49
 643 008a 13       		.uleb128 0x13
 644 008b 00       		.byte	0
 645 008c 00       		.byte	0
 646 008d 0C       		.uleb128 0xc
 647 008e 2E       		.uleb128 0x2e
 648 008f 01       		.byte	0x1
 649 0090 3F       		.uleb128 0x3f
 650 0091 0C       		.uleb128 0xc
 651 0092 03       		.uleb128 0x3
 652 0093 0E       		.uleb128 0xe
 653 0094 3A       		.uleb128 0x3a
 654 0095 0B       		.uleb128 0xb
 655 0096 3B       		.uleb128 0x3b
 656 0097 0B       		.uleb128 0xb
 657 0098 27       		.uleb128 0x27
 658 0099 0C       		.uleb128 0xc
 659 009a 49       		.uleb128 0x49
 660 009b 13       		.uleb128 0x13
 661 009c 11       		.uleb128 0x11
 662 009d 01       		.uleb128 0x1
 663 009e 12       		.uleb128 0x12
 664 009f 01       		.uleb128 0x1
 665 00a0 40       		.uleb128 0x40
 666 00a1 0A       		.uleb128 0xa
 667 00a2 9742     		.uleb128 0x2117
 668 00a4 0C       		.uleb128 0xc
 669 00a5 01       		.uleb128 0x1
 670 00a6 13       		.uleb128 0x13
 671 00a7 00       		.byte	0
 672 00a8 00       		.byte	0
 673 00a9 0D       		.uleb128 0xd
 674 00aa 05       		.uleb128 0x5
 675 00ab 00       		.byte	0
 676 00ac 03       		.uleb128 0x3
 677 00ad 08       		.uleb128 0x8
 678 00ae 3A       		.uleb128 0x3a
 679 00af 0B       		.uleb128 0xb
 680 00b0 3B       		.uleb128 0x3b
 681 00b1 0B       		.uleb128 0xb
 682 00b2 49       		.uleb128 0x49
 683 00b3 13       		.uleb128 0x13
 684 00b4 02       		.uleb128 0x2
ARM GAS  C:\Users\DNIEL~1\AppData\Local\Temp\ccRXyR2U.s 			page 13


 685 00b5 06       		.uleb128 0x6
 686 00b6 00       		.byte	0
 687 00b7 00       		.byte	0
 688 00b8 0E       		.uleb128 0xe
 689 00b9 2E       		.uleb128 0x2e
 690 00ba 01       		.byte	0x1
 691 00bb 3F       		.uleb128 0x3f
 692 00bc 0C       		.uleb128 0xc
 693 00bd 03       		.uleb128 0x3
 694 00be 0E       		.uleb128 0xe
 695 00bf 3A       		.uleb128 0x3a
 696 00c0 0B       		.uleb128 0xb
 697 00c1 3B       		.uleb128 0x3b
 698 00c2 0B       		.uleb128 0xb
 699 00c3 27       		.uleb128 0x27
 700 00c4 0C       		.uleb128 0xc
 701 00c5 11       		.uleb128 0x11
 702 00c6 01       		.uleb128 0x1
 703 00c7 12       		.uleb128 0x12
 704 00c8 01       		.uleb128 0x1
 705 00c9 40       		.uleb128 0x40
 706 00ca 06       		.uleb128 0x6
 707 00cb 9742     		.uleb128 0x2117
 708 00cd 0C       		.uleb128 0xc
 709 00ce 01       		.uleb128 0x1
 710 00cf 13       		.uleb128 0x13
 711 00d0 00       		.byte	0
 712 00d1 00       		.byte	0
 713 00d2 0F       		.uleb128 0xf
 714 00d3 05       		.uleb128 0x5
 715 00d4 00       		.byte	0
 716 00d5 03       		.uleb128 0x3
 717 00d6 0E       		.uleb128 0xe
 718 00d7 3A       		.uleb128 0x3a
 719 00d8 0B       		.uleb128 0xb
 720 00d9 3B       		.uleb128 0x3b
 721 00da 0B       		.uleb128 0xb
 722 00db 49       		.uleb128 0x49
 723 00dc 13       		.uleb128 0x13
 724 00dd 02       		.uleb128 0x2
 725 00de 06       		.uleb128 0x6
 726 00df 00       		.byte	0
 727 00e0 00       		.byte	0
 728 00e1 10       		.uleb128 0x10
 729 00e2 2E       		.uleb128 0x2e
 730 00e3 01       		.byte	0x1
 731 00e4 3F       		.uleb128 0x3f
 732 00e5 0C       		.uleb128 0xc
 733 00e6 03       		.uleb128 0x3
 734 00e7 0E       		.uleb128 0xe
 735 00e8 3A       		.uleb128 0x3a
 736 00e9 0B       		.uleb128 0xb
 737 00ea 3B       		.uleb128 0x3b
 738 00eb 0B       		.uleb128 0xb
 739 00ec 27       		.uleb128 0x27
 740 00ed 0C       		.uleb128 0xc
 741 00ee 11       		.uleb128 0x11
ARM GAS  C:\Users\DNIEL~1\AppData\Local\Temp\ccRXyR2U.s 			page 14


 742 00ef 01       		.uleb128 0x1
 743 00f0 12       		.uleb128 0x12
 744 00f1 01       		.uleb128 0x1
 745 00f2 40       		.uleb128 0x40
 746 00f3 0A       		.uleb128 0xa
 747 00f4 9742     		.uleb128 0x2117
 748 00f6 0C       		.uleb128 0xc
 749 00f7 01       		.uleb128 0x1
 750 00f8 13       		.uleb128 0x13
 751 00f9 00       		.byte	0
 752 00fa 00       		.byte	0
 753 00fb 11       		.uleb128 0x11
 754 00fc 898201   		.uleb128 0x4109
 755 00ff 01       		.byte	0x1
 756 0100 11       		.uleb128 0x11
 757 0101 01       		.uleb128 0x1
 758 0102 9542     		.uleb128 0x2115
 759 0104 0C       		.uleb128 0xc
 760 0105 31       		.uleb128 0x31
 761 0106 13       		.uleb128 0x13
 762 0107 00       		.byte	0
 763 0108 00       		.byte	0
 764 0109 12       		.uleb128 0x12
 765 010a 8A8201   		.uleb128 0x410a
 766 010d 00       		.byte	0
 767 010e 02       		.uleb128 0x2
 768 010f 0A       		.uleb128 0xa
 769 0110 9142     		.uleb128 0x2111
 770 0112 0A       		.uleb128 0xa
 771 0113 00       		.byte	0
 772 0114 00       		.byte	0
 773 0115 13       		.uleb128 0x13
 774 0116 34       		.uleb128 0x34
 775 0117 00       		.byte	0
 776 0118 03       		.uleb128 0x3
 777 0119 0E       		.uleb128 0xe
 778 011a 3A       		.uleb128 0x3a
 779 011b 0B       		.uleb128 0xb
 780 011c 3B       		.uleb128 0x3b
 781 011d 05       		.uleb128 0x5
 782 011e 49       		.uleb128 0x49
 783 011f 13       		.uleb128 0x13
 784 0120 3F       		.uleb128 0x3f
 785 0121 0C       		.uleb128 0xc
 786 0122 3C       		.uleb128 0x3c
 787 0123 0C       		.uleb128 0xc
 788 0124 00       		.byte	0
 789 0125 00       		.byte	0
 790 0126 14       		.uleb128 0x14
 791 0127 2E       		.uleb128 0x2e
 792 0128 01       		.byte	0x1
 793 0129 3F       		.uleb128 0x3f
 794 012a 0C       		.uleb128 0xc
 795 012b 03       		.uleb128 0x3
 796 012c 0E       		.uleb128 0xe
 797 012d 3A       		.uleb128 0x3a
 798 012e 0B       		.uleb128 0xb
ARM GAS  C:\Users\DNIEL~1\AppData\Local\Temp\ccRXyR2U.s 			page 15


 799 012f 3B       		.uleb128 0x3b
 800 0130 05       		.uleb128 0x5
 801 0131 27       		.uleb128 0x27
 802 0132 0C       		.uleb128 0xc
 803 0133 3C       		.uleb128 0x3c
 804 0134 0C       		.uleb128 0xc
 805 0135 00       		.byte	0
 806 0136 00       		.byte	0
 807 0137 15       		.uleb128 0x15
 808 0138 05       		.uleb128 0x5
 809 0139 00       		.byte	0
 810 013a 49       		.uleb128 0x49
 811 013b 13       		.uleb128 0x13
 812 013c 00       		.byte	0
 813 013d 00       		.byte	0
 814 013e 00       		.byte	0
 815              		.section	.debug_loc,"",%progbits
 816              	.Ldebug_loc0:
 817              	.LLST0:
 818 0000 00000000 		.4byte	.LVL0
 819 0004 0C000000 		.4byte	.LVL1
 820 0008 0100     		.2byte	0x1
 821 000a 50       		.byte	0x50
 822 000b 0C000000 		.4byte	.LVL1
 823 000f 10000000 		.4byte	.LFE118
 824 0013 0400     		.2byte	0x4
 825 0015 F3       		.byte	0xf3
 826 0016 01       		.uleb128 0x1
 827 0017 50       		.byte	0x50
 828 0018 9F       		.byte	0x9f
 829 0019 00000000 		.4byte	0
 830 001d 00000000 		.4byte	0
 831              	.LLST1:
 832 0021 00000000 		.4byte	.LFB119
 833 0025 04000000 		.4byte	.LCFI0
 834 0029 0200     		.2byte	0x2
 835 002b 7D       		.byte	0x7d
 836 002c 00       		.sleb128 0
 837 002d 04000000 		.4byte	.LCFI0
 838 0031 20000000 		.4byte	.LFE119
 839 0035 0200     		.2byte	0x2
 840 0037 7D       		.byte	0x7d
 841 0038 08       		.sleb128 8
 842 0039 00000000 		.4byte	0
 843 003d 00000000 		.4byte	0
 844              	.LLST2:
 845 0041 00000000 		.4byte	.LVL2
 846 0045 02000000 		.4byte	.LVL3
 847 0049 0100     		.2byte	0x1
 848 004b 50       		.byte	0x50
 849 004c 02000000 		.4byte	.LVL3
 850 0050 20000000 		.4byte	.LFE119
 851 0054 0400     		.2byte	0x4
 852 0056 F3       		.byte	0xf3
 853 0057 01       		.uleb128 0x1
 854 0058 50       		.byte	0x50
 855 0059 9F       		.byte	0x9f
ARM GAS  C:\Users\DNIEL~1\AppData\Local\Temp\ccRXyR2U.s 			page 16


 856 005a 00000000 		.4byte	0
 857 005e 00000000 		.4byte	0
 858              	.LLST3:
 859 0062 00000000 		.4byte	.LVL2
 860 0066 1A000000 		.4byte	.LVL4
 861 006a 0100     		.2byte	0x1
 862 006c 51       		.byte	0x51
 863 006d 1A000000 		.4byte	.LVL4
 864 0071 20000000 		.4byte	.LFE119
 865 0075 0400     		.2byte	0x4
 866 0077 F3       		.byte	0xf3
 867 0078 01       		.uleb128 0x1
 868 0079 51       		.byte	0x51
 869 007a 9F       		.byte	0x9f
 870 007b 00000000 		.4byte	0
 871 007f 00000000 		.4byte	0
 872              	.LLST4:
 873 0083 00000000 		.4byte	.LVL5
 874 0087 04000000 		.4byte	.LVL6
 875 008b 0100     		.2byte	0x1
 876 008d 50       		.byte	0x50
 877 008e 04000000 		.4byte	.LVL6
 878 0092 0C000000 		.4byte	.LFE120
 879 0096 0400     		.2byte	0x4
 880 0098 F3       		.byte	0xf3
 881 0099 01       		.uleb128 0x1
 882 009a 50       		.byte	0x50
 883 009b 9F       		.byte	0x9f
 884 009c 00000000 		.4byte	0
 885 00a0 00000000 		.4byte	0
 886              	.LLST5:
 887 00a4 00000000 		.4byte	.LVL5
 888 00a8 04000000 		.4byte	.LVL6
 889 00ac 0100     		.2byte	0x1
 890 00ae 51       		.byte	0x51
 891 00af 04000000 		.4byte	.LVL6
 892 00b3 0B000000 		.4byte	.LVL7-1
 893 00b7 0100     		.2byte	0x1
 894 00b9 52       		.byte	0x52
 895 00ba 0B000000 		.4byte	.LVL7-1
 896 00be 0C000000 		.4byte	.LFE120
 897 00c2 0400     		.2byte	0x4
 898 00c4 F3       		.byte	0xf3
 899 00c5 01       		.uleb128 0x1
 900 00c6 51       		.byte	0x51
 901 00c7 9F       		.byte	0x9f
 902 00c8 00000000 		.4byte	0
 903 00cc 00000000 		.4byte	0
 904              		.section	.debug_aranges,"",%progbits
 905 0000 2C000000 		.4byte	0x2c
 906 0004 0200     		.2byte	0x2
 907 0006 00000000 		.4byte	.Ldebug_info0
 908 000a 04       		.byte	0x4
 909 000b 00       		.byte	0
 910 000c 0000     		.2byte	0
 911 000e 0000     		.2byte	0
 912 0010 00000000 		.4byte	.LFB118
ARM GAS  C:\Users\DNIEL~1\AppData\Local\Temp\ccRXyR2U.s 			page 17


 913 0014 10000000 		.4byte	.LFE118-.LFB118
 914 0018 00000000 		.4byte	.LFB119
 915 001c 20000000 		.4byte	.LFE119-.LFB119
 916 0020 00000000 		.4byte	.LFB120
 917 0024 0C000000 		.4byte	.LFE120-.LFB120
 918 0028 00000000 		.4byte	0
 919 002c 00000000 		.4byte	0
 920              		.section	.debug_ranges,"",%progbits
 921              	.Ldebug_ranges0:
 922 0000 00000000 		.4byte	.LFB118
 923 0004 10000000 		.4byte	.LFE118
 924 0008 00000000 		.4byte	.LFB119
 925 000c 20000000 		.4byte	.LFE119
 926 0010 00000000 		.4byte	.LFB120
 927 0014 0C000000 		.4byte	.LFE120
 928 0018 00000000 		.4byte	0
 929 001c 00000000 		.4byte	0
 930              		.section	.debug_line,"",%progbits
 931              	.Ldebug_line0:
 932 0000 A9010000 		.section	.debug_str,"MS",%progbits,1
 932      02006901 
 932      00000201 
 932      FB0E0D00 
 932      01010101 
 933              	.LASF22:
 934 0000 4C434B52 		.ascii	"LCKR\000"
 934      00
 935              	.LASF38:
 936 0005 2E2E2F2E 		.ascii	"../../../ChibiOS/os/hal/src/pal.c\000"
 936      2E2F2E2E 
 936      2F436869 
 936      62694F53 
 936      2F6F732F 
 937              	.LASF17:
 938 0027 4D4F4445 		.ascii	"MODER\000"
 938      5200
 939              	.LASF40:
 940 002d 70616C52 		.ascii	"palReadBus\000"
 940      65616442 
 940      757300
 941              	.LASF12:
 942 0038 75696E74 		.ascii	"uint_fast8_t\000"
 942      5F666173 
 942      74385F74 
 942      00
 943              	.LASF21:
 944 0045 42535252 		.ascii	"BSRR\000"
 944      00
 945              	.LASF34:
 946 004a 70616C57 		.ascii	"palWriteBus\000"
 946      72697465 
 946      42757300 
 947              	.LASF35:
 948 0056 70616C53 		.ascii	"palSetBusMode\000"
 948      65744275 
 948      734D6F64 
 948      6500
ARM GAS  C:\Users\DNIEL~1\AppData\Local\Temp\ccRXyR2U.s 			page 18


 949              	.LASF29:
 950 0064 706F7274 		.ascii	"portid\000"
 950      696400
 951              	.LASF26:
 952 006b 696F706F 		.ascii	"ioportmask_t\000"
 952      72746D61 
 952      736B5F74 
 952      00
 953              	.LASF18:
 954 0078 4F545950 		.ascii	"OTYPER\000"
 954      455200
 955              	.LASF27:
 956 007f 696F6D6F 		.ascii	"iomode_t\000"
 956      64655F74 
 956      00
 957              	.LASF2:
 958 0088 756E7369 		.ascii	"unsigned char\000"
 958      676E6564 
 958      20636861 
 958      7200
 959              	.LASF24:
 960 0096 41465248 		.ascii	"AFRH\000"
 960      00
 961              	.LASF9:
 962 009b 6C6F6E67 		.ascii	"long unsigned int\000"
 962      20756E73 
 962      69676E65 
 962      6420696E 
 962      7400
 963              	.LASF4:
 964 00ad 73686F72 		.ascii	"short unsigned int\000"
 964      7420756E 
 964      7369676E 
 964      65642069 
 964      6E7400
 965              	.LASF23:
 966 00c0 4146524C 		.ascii	"AFRL\000"
 966      00
 967              	.LASF41:
 968 00c5 49544D5F 		.ascii	"ITM_RxBuffer\000"
 968      52784275 
 968      66666572 
 968      00
 969              	.LASF37:
 970 00d2 474E5520 		.ascii	"GNU C 4.7.4 20140401 (release) [ARM/embedded-4_7-br"
 970      4320342E 
 970      372E3420 
 970      32303134 
 970      30343031 
 971 0105 616E6368 		.ascii	"anch revision 209195]\000"
 971      20726576 
 971      6973696F 
 971      6E203230 
 971      39313935 
 972              	.LASF3:
 973 011b 73686F72 		.ascii	"short int\000"
 973      7420696E 
ARM GAS  C:\Users\DNIEL~1\AppData\Local\Temp\ccRXyR2U.s 			page 19


 973      7400
 974              	.LASF19:
 975 0125 4F535045 		.ascii	"OSPEEDR\000"
 975      45445200 
 976              	.LASF42:
 977 012d 5F70616C 		.ascii	"_pal_lld_setgroupmode\000"
 977      5F6C6C64 
 977      5F736574 
 977      67726F75 
 977      706D6F64 
 978              	.LASF39:
 979 0143 433A5C55 		.ascii	"C:\\Users\\D\341niel\\git\\Smarty\\smarty\\firmware"
 979      73657273 
 979      5C44E16E 
 979      69656C5C 
 979      6769745C 
 980 016d 00       		.ascii	"\000"
 981              	.LASF0:
 982 016e 756E7369 		.ascii	"unsigned int\000"
 982      676E6564 
 982      20696E74 
 982      00
 983              	.LASF25:
 984 017b 4750494F 		.ascii	"GPIO_TypeDef\000"
 984      5F547970 
 984      65446566 
 984      00
 985              	.LASF15:
 986 0188 63686172 		.ascii	"char\000"
 986      00
 987              	.LASF36:
 988 018d 6D6F6465 		.ascii	"mode\000"
 988      00
 989              	.LASF6:
 990 0192 696E7433 		.ascii	"int32_t\000"
 990      325F7400 
 991              	.LASF14:
 992 019a 73697A65 		.ascii	"sizetype\000"
 992      74797065 
 992      00
 993              	.LASF20:
 994 01a3 50555044 		.ascii	"PUPDR\000"
 994      5200
 995              	.LASF10:
 996 01a9 6C6F6E67 		.ascii	"long long int\000"
 996      206C6F6E 
 996      6720696E 
 996      7400
 997              	.LASF30:
 998 01b7 6D61736B 		.ascii	"mask\000"
 998      00
 999              	.LASF33:
 1000 01bc 62697473 		.ascii	"bits\000"
 1000      00
 1001              	.LASF31:
 1002 01c1 6F666673 		.ascii	"offset\000"
 1002      657400
ARM GAS  C:\Users\DNIEL~1\AppData\Local\Temp\ccRXyR2U.s 			page 20


 1003              	.LASF28:
 1004 01c8 696F706F 		.ascii	"ioportid_t\000"
 1004      72746964 
 1004      5F7400
 1005              	.LASF5:
 1006 01d3 75696E74 		.ascii	"uint16_t\000"
 1006      31365F74 
 1006      00
 1007              	.LASF16:
 1008 01dc 636C6561 		.ascii	"clear\000"
 1008      7200
 1009              	.LASF8:
 1010 01e2 75696E74 		.ascii	"uint32_t\000"
 1010      33325F74 
 1010      00
 1011              	.LASF7:
 1012 01eb 6C6F6E67 		.ascii	"long int\000"
 1012      20696E74 
 1012      00
 1013              	.LASF1:
 1014 01f4 7369676E 		.ascii	"signed char\000"
 1014      65642063 
 1014      68617200 
 1015              	.LASF13:
 1016 0200 5F426F6F 		.ascii	"_Bool\000"
 1016      6C00
 1017              	.LASF11:
 1018 0206 6C6F6E67 		.ascii	"long long unsigned int\000"
 1018      206C6F6E 
 1018      6720756E 
 1018      7369676E 
 1018      65642069 
 1019              	.LASF32:
 1020 021d 494F4275 		.ascii	"IOBus\000"
 1020      7300
 1021              		.ident	"GCC: (GNU Tools for ARM Embedded Processors) 4.7.4 20140401 (release) [ARM/embedded-4_7-br
ARM GAS  C:\Users\DNIEL~1\AppData\Local\Temp\ccRXyR2U.s 			page 21


DEFINED SYMBOLS
                            *ABS*:00000000 pal.c
C:\Users\DNIEL~1\AppData\Local\Temp\ccRXyR2U.s:19     .text.palReadBus:00000000 $t
C:\Users\DNIEL~1\AppData\Local\Temp\ccRXyR2U.s:25     .text.palReadBus:00000000 palReadBus
C:\Users\DNIEL~1\AppData\Local\Temp\ccRXyR2U.s:48     .text.palWriteBus:00000000 $t
C:\Users\DNIEL~1\AppData\Local\Temp\ccRXyR2U.s:54     .text.palWriteBus:00000000 palWriteBus
C:\Users\DNIEL~1\AppData\Local\Temp\ccRXyR2U.s:87     .text.palSetBusMode:00000000 $t
C:\Users\DNIEL~1\AppData\Local\Temp\ccRXyR2U.s:93     .text.palSetBusMode:00000000 palSetBusMode
                     .debug_frame:00000010 $d

UNDEFINED SYMBOLS
_pal_lld_setgroupmode
