ARM GAS  C:\Users\DNIEL~1\AppData\Local\Temp\ccSDsxDN.s 			page 1


   1              		.syntax unified
   2              		.cpu cortex-m4
   3              		.fpu softvfp
   4              		.eabi_attribute 20, 1
   5              		.eabi_attribute 21, 1
   6              		.eabi_attribute 23, 3
   7              		.eabi_attribute 24, 1
   8              		.eabi_attribute 25, 1
   9              		.eabi_attribute 26, 1
  10              		.eabi_attribute 30, 2
  11              		.eabi_attribute 18, 4
  12              		.thumb
  13              		.file	"pal_lld.c"
  14              		.section	.debug_abbrev,"",%progbits
  15              	.Ldebug_abbrev0:
  16              		.section	.debug_info,"",%progbits
  17              	.Ldebug_info0:
  18              		.section	.debug_line,"",%progbits
  19              	.Ldebug_line0:
  20 0000 16020000 		.text
  20      02006201 
  20      00000201 
  20      FB0E0D00 
  20      01010101 
  21              	.Ltext0:
  22              		.cfi_sections	.debug_frame
  23              		.section	.text._pal_lld_init,"ax",%progbits
  24              		.align	2
  25              		.p2align 4,,15
  26              		.global	_pal_lld_init
  27              		.thumb
  28              		.thumb_func
  29              		.type	_pal_lld_init, %function
  30              	_pal_lld_init:
  31              	.LFB119:
  32              		.file 1 "../../../ChibiOS/os/hal/platforms/STM32/GPIOv2/pal_lld.c"
  33              		.loc 1 104 0
  34              		.cfi_startproc
  35              		@ args = 0, pretend = 0, frame = 0
  36              		@ frame_needed = 0, uses_anonymous_args = 0
  37              		@ link register save eliminated.
  38              	.LVL0:
  39 0000 2DE9F007 		push	{r4, r5, r6, r7, r8, r9, sl}
  40              	.LCFI0:
  41              		.cfi_def_cfa_offset 28
  42              		.loc 1 115 0
  43 0004 DFF8E8A1 		ldr	sl, .L2+28
  44              		.cfi_offset 10, -4
  45              		.cfi_offset 9, -8
  46              		.cfi_offset 8, -12
  47              		.cfi_offset 7, -16
  48              		.cfi_offset 6, -20
  49              		.cfi_offset 5, -24
  50              		.cfi_offset 4, -28
  51              	.LBB20:
  52              	.LBB21:
  53              		.loc 1 79 0
ARM GAS  C:\Users\DNIEL~1\AppData\Local\Temp\ccSDsxDN.s 			page 2


  54 0008 DFF8E881 		ldr	r8, .L2+32
  55              	.LBE21:
  56              	.LBE20:
  57              		.loc 1 115 0
  58 000c DAF83090 		ldr	r9, [sl, #48]
  59              	.LBB23:
  60              	.LBB24:
  61              		.loc 1 79 0
  62 0010 DFF8E4C1 		ldr	ip, .L2+36
  63              	.LBE24:
  64              	.LBE23:
  65              	.LBB26:
  66              	.LBB27:
  67 0014 6F4F     		ldr	r7, .L2
  68              	.LBE27:
  69              	.LBE26:
  70              	.LBB29:
  71              	.LBB30:
  72 0016 704E     		ldr	r6, .L2+4
  73              	.LBE30:
  74              	.LBE29:
  75              	.LBB32:
  76              	.LBB33:
  77 0018 704D     		ldr	r5, .L2+8
  78              	.LBE33:
  79              	.LBE32:
  80              	.LBB35:
  81              	.LBB36:
  82 001a 714C     		ldr	r4, .L2+12
  83              	.LBE36:
  84              	.LBE35:
  85              	.LBB38:
  86              	.LBB39:
  87 001c 7149     		ldr	r1, .L2+16
  88              	.LBE39:
  89              	.LBE38:
  90              	.LBB41:
  91              	.LBB42:
  92 001e 724A     		ldr	r2, .L2+20
  93              	.LBE42:
  94              	.LBE41:
  95              	.LBB44:
  96              	.LBB45:
  97 0020 724B     		ldr	r3, .L2+24
  98              	.LBE45:
  99              	.LBE44:
 100              		.loc 1 115 0
 101 0022 6FEA5929 		mvn	r9, r9, lsr #9
 102 0026 6FEA4929 		mvn	r9, r9, lsl #9
 103 002a CAF83090 		str	r9, [sl, #48]
 104              		.loc 1 116 0
 105 002e DAF85090 		ldr	r9, [sl, #80]
 106 0032 6FEA5929 		mvn	r9, r9, lsr #9
 107 0036 6FEA4929 		mvn	r9, r9, lsl #9
 108 003a CAF85090 		str	r9, [sl, #80]
 109              	.LVL1:
 110              	.LBB47:
ARM GAS  C:\Users\DNIEL~1\AppData\Local\Temp\ccSDsxDN.s 			page 3


 111              	.LBB22:
 112              		.loc 1 79 0
 113 003e D0F80490 		ldr	r9, [r0, #4]
 114 0042 C8F80490 		str	r9, [r8, #4]
 115              		.loc 1 80 0
 116 0046 D0F80890 		ldr	r9, [r0, #8]
 117 004a C8F80890 		str	r9, [r8, #8]
 118              		.loc 1 81 0
 119 004e D0F80C90 		ldr	r9, [r0, #12]
 120 0052 C8F80C90 		str	r9, [r8, #12]
 121              		.loc 1 82 0
 122 0056 D0F81090 		ldr	r9, [r0, #16]
 123 005a C8F81490 		str	r9, [r8, #20]
 124              		.loc 1 83 0
 125 005e D0F81490 		ldr	r9, [r0, #20]
 126 0062 C8F82090 		str	r9, [r8, #32]
 127              		.loc 1 84 0
 128 0066 D0F81890 		ldr	r9, [r0, #24]
 129 006a C8F82490 		str	r9, [r8, #36]
 130              		.loc 1 85 0
 131 006e D0F80090 		ldr	r9, [r0, #0]
 132 0072 C8F80090 		str	r9, [r8, #0]
 133              	.LVL2:
 134              	.LBE22:
 135              	.LBE47:
 136              	.LBB48:
 137              	.LBB25:
 138              		.loc 1 79 0
 139 0076 D0F82080 		ldr	r8, [r0, #32]
 140 007a CCF80480 		str	r8, [ip, #4]
 141              		.loc 1 80 0
 142 007e D0F82480 		ldr	r8, [r0, #36]
 143 0082 CCF80880 		str	r8, [ip, #8]
 144              		.loc 1 81 0
 145 0086 D0F82880 		ldr	r8, [r0, #40]
 146 008a CCF80C80 		str	r8, [ip, #12]
 147              		.loc 1 82 0
 148 008e D0F82C80 		ldr	r8, [r0, #44]
 149 0092 CCF81480 		str	r8, [ip, #20]
 150              		.loc 1 83 0
 151 0096 D0F83080 		ldr	r8, [r0, #48]
 152 009a CCF82080 		str	r8, [ip, #32]
 153              		.loc 1 84 0
 154 009e D0F83480 		ldr	r8, [r0, #52]
 155 00a2 CCF82480 		str	r8, [ip, #36]
 156              		.loc 1 85 0
 157 00a6 D0F81C80 		ldr	r8, [r0, #28]
 158 00aa CCF80080 		str	r8, [ip, #0]
 159              	.LVL3:
 160              	.LBE25:
 161              	.LBE48:
 162              	.LBB49:
 163              	.LBB28:
 164              		.loc 1 79 0
 165 00ae D0F83CC0 		ldr	ip, [r0, #60]
 166 00b2 C7F804C0 		str	ip, [r7, #4]
 167              		.loc 1 80 0
ARM GAS  C:\Users\DNIEL~1\AppData\Local\Temp\ccSDsxDN.s 			page 4


 168 00b6 D0F840C0 		ldr	ip, [r0, #64]
 169 00ba C7F808C0 		str	ip, [r7, #8]
 170              		.loc 1 81 0
 171 00be D0F844C0 		ldr	ip, [r0, #68]
 172 00c2 C7F80CC0 		str	ip, [r7, #12]
 173              		.loc 1 82 0
 174 00c6 D0F848C0 		ldr	ip, [r0, #72]
 175 00ca C7F814C0 		str	ip, [r7, #20]
 176              		.loc 1 83 0
 177 00ce D0F84CC0 		ldr	ip, [r0, #76]
 178 00d2 C7F820C0 		str	ip, [r7, #32]
 179              		.loc 1 84 0
 180 00d6 D0F850C0 		ldr	ip, [r0, #80]
 181 00da C7F824C0 		str	ip, [r7, #36]
 182              		.loc 1 85 0
 183 00de D0F838C0 		ldr	ip, [r0, #56]
 184 00e2 C7F800C0 		str	ip, [r7, #0]
 185              	.LVL4:
 186              	.LBE28:
 187              	.LBE49:
 188              	.LBB50:
 189              	.LBB31:
 190              		.loc 1 79 0
 191 00e6 876D     		ldr	r7, [r0, #88]
 192 00e8 7760     		str	r7, [r6, #4]
 193              		.loc 1 80 0
 194 00ea C76D     		ldr	r7, [r0, #92]
 195 00ec B760     		str	r7, [r6, #8]
 196              		.loc 1 81 0
 197 00ee 076E     		ldr	r7, [r0, #96]
 198 00f0 F760     		str	r7, [r6, #12]
 199              		.loc 1 82 0
 200 00f2 476E     		ldr	r7, [r0, #100]
 201 00f4 7761     		str	r7, [r6, #20]
 202              		.loc 1 83 0
 203 00f6 876E     		ldr	r7, [r0, #104]
 204 00f8 3762     		str	r7, [r6, #32]
 205              		.loc 1 84 0
 206 00fa C76E     		ldr	r7, [r0, #108]
 207 00fc 7762     		str	r7, [r6, #36]
 208              		.loc 1 85 0
 209 00fe 476D     		ldr	r7, [r0, #84]
 210 0100 3760     		str	r7, [r6, #0]
 211              	.LVL5:
 212              	.LBE31:
 213              	.LBE50:
 214              	.LBB51:
 215              	.LBB34:
 216              		.loc 1 79 0
 217 0102 466F     		ldr	r6, [r0, #116]
 218 0104 6E60     		str	r6, [r5, #4]
 219              		.loc 1 80 0
 220 0106 866F     		ldr	r6, [r0, #120]
 221 0108 AE60     		str	r6, [r5, #8]
 222              		.loc 1 81 0
 223 010a C66F     		ldr	r6, [r0, #124]
 224 010c EE60     		str	r6, [r5, #12]
ARM GAS  C:\Users\DNIEL~1\AppData\Local\Temp\ccSDsxDN.s 			page 5


 225              		.loc 1 82 0
 226 010e D0F88060 		ldr	r6, [r0, #128]
 227 0112 6E61     		str	r6, [r5, #20]
 228              		.loc 1 83 0
 229 0114 D0F88460 		ldr	r6, [r0, #132]
 230 0118 2E62     		str	r6, [r5, #32]
 231              		.loc 1 84 0
 232 011a D0F88860 		ldr	r6, [r0, #136]
 233 011e 6E62     		str	r6, [r5, #36]
 234              		.loc 1 85 0
 235 0120 066F     		ldr	r6, [r0, #112]
 236 0122 2E60     		str	r6, [r5, #0]
 237              	.LVL6:
 238              	.LBE34:
 239              	.LBE51:
 240              	.LBB52:
 241              	.LBB37:
 242              		.loc 1 79 0
 243 0124 D0F89050 		ldr	r5, [r0, #144]
 244 0128 6560     		str	r5, [r4, #4]
 245              		.loc 1 80 0
 246 012a D0F89450 		ldr	r5, [r0, #148]
 247 012e A560     		str	r5, [r4, #8]
 248              		.loc 1 81 0
 249 0130 D0F89850 		ldr	r5, [r0, #152]
 250 0134 E560     		str	r5, [r4, #12]
 251              		.loc 1 82 0
 252 0136 D0F89C50 		ldr	r5, [r0, #156]
 253 013a 6561     		str	r5, [r4, #20]
 254              		.loc 1 83 0
 255 013c D0F8A050 		ldr	r5, [r0, #160]
 256 0140 2562     		str	r5, [r4, #32]
 257              		.loc 1 84 0
 258 0142 D0F8A450 		ldr	r5, [r0, #164]
 259 0146 6562     		str	r5, [r4, #36]
 260              		.loc 1 85 0
 261 0148 D0F88C50 		ldr	r5, [r0, #140]
 262 014c 2560     		str	r5, [r4, #0]
 263              	.LVL7:
 264              	.LBE37:
 265              	.LBE52:
 266              	.LBB53:
 267              	.LBB40:
 268              		.loc 1 79 0
 269 014e D0F8AC40 		ldr	r4, [r0, #172]
 270 0152 4C60     		str	r4, [r1, #4]
 271              		.loc 1 80 0
 272 0154 D0F8B040 		ldr	r4, [r0, #176]
 273 0158 8C60     		str	r4, [r1, #8]
 274              		.loc 1 81 0
 275 015a D0F8B440 		ldr	r4, [r0, #180]
 276 015e CC60     		str	r4, [r1, #12]
 277              		.loc 1 82 0
 278 0160 D0F8B840 		ldr	r4, [r0, #184]
 279 0164 4C61     		str	r4, [r1, #20]
 280              		.loc 1 83 0
 281 0166 D0F8BC40 		ldr	r4, [r0, #188]
ARM GAS  C:\Users\DNIEL~1\AppData\Local\Temp\ccSDsxDN.s 			page 6


 282 016a 0C62     		str	r4, [r1, #32]
 283              		.loc 1 84 0
 284 016c D0F8C040 		ldr	r4, [r0, #192]
 285 0170 4C62     		str	r4, [r1, #36]
 286              		.loc 1 85 0
 287 0172 D0F8A840 		ldr	r4, [r0, #168]
 288 0176 0C60     		str	r4, [r1, #0]
 289              	.LVL8:
 290              	.LBE40:
 291              	.LBE53:
 292              	.LBB54:
 293              	.LBB43:
 294              		.loc 1 79 0
 295 0178 D0F8C810 		ldr	r1, [r0, #200]
 296 017c 5160     		str	r1, [r2, #4]
 297              		.loc 1 80 0
 298 017e D0F8CC10 		ldr	r1, [r0, #204]
 299 0182 9160     		str	r1, [r2, #8]
 300              		.loc 1 81 0
 301 0184 D0F8D010 		ldr	r1, [r0, #208]
 302 0188 D160     		str	r1, [r2, #12]
 303              		.loc 1 82 0
 304 018a D0F8D410 		ldr	r1, [r0, #212]
 305 018e 5161     		str	r1, [r2, #20]
 306              		.loc 1 83 0
 307 0190 D0F8D810 		ldr	r1, [r0, #216]
 308 0194 1162     		str	r1, [r2, #32]
 309              		.loc 1 84 0
 310 0196 D0F8DC10 		ldr	r1, [r0, #220]
 311 019a 5162     		str	r1, [r2, #36]
 312              		.loc 1 85 0
 313 019c D0F8C410 		ldr	r1, [r0, #196]
 314 01a0 1160     		str	r1, [r2, #0]
 315              	.LVL9:
 316              	.LBE43:
 317              	.LBE54:
 318              	.LBB55:
 319              	.LBB46:
 320              		.loc 1 79 0
 321 01a2 D0F8E420 		ldr	r2, [r0, #228]
 322 01a6 5A60     		str	r2, [r3, #4]
 323              		.loc 1 80 0
 324 01a8 D0F8E810 		ldr	r1, [r0, #232]
 325 01ac 9960     		str	r1, [r3, #8]
 326              		.loc 1 81 0
 327 01ae D0F8EC20 		ldr	r2, [r0, #236]
 328 01b2 DA60     		str	r2, [r3, #12]
 329              		.loc 1 82 0
 330 01b4 D0F8F010 		ldr	r1, [r0, #240]
 331 01b8 5961     		str	r1, [r3, #20]
 332              		.loc 1 83 0
 333 01ba D0F8F420 		ldr	r2, [r0, #244]
 334 01be 1A62     		str	r2, [r3, #32]
 335              		.loc 1 84 0
 336 01c0 D0F8F810 		ldr	r1, [r0, #248]
 337 01c4 5962     		str	r1, [r3, #36]
 338              		.loc 1 85 0
ARM GAS  C:\Users\DNIEL~1\AppData\Local\Temp\ccSDsxDN.s 			page 7


 339 01c6 D0F8E020 		ldr	r2, [r0, #224]
 340 01ca 1A60     		str	r2, [r3, #0]
 341              	.LBE46:
 342              	.LBE55:
 343              		.loc 1 141 0
 344 01cc BDE8F007 		pop	{r4, r5, r6, r7, r8, r9, sl}
 345 01d0 7047     		bx	lr
 346              	.L3:
 347 01d2 00BF     		.align	2
 348              	.L2:
 349 01d4 00080240 		.word	1073874944
 350 01d8 000C0240 		.word	1073875968
 351 01dc 00100240 		.word	1073876992
 352 01e0 00140240 		.word	1073878016
 353 01e4 00180240 		.word	1073879040
 354 01e8 001C0240 		.word	1073880064
 355 01ec 00200240 		.word	1073881088
 356 01f0 00380240 		.word	1073887232
 357 01f4 00000240 		.word	1073872896
 358 01f8 00040240 		.word	1073873920
 359              		.cfi_endproc
 360              	.LFE119:
 361              		.size	_pal_lld_init, .-_pal_lld_init
 362 01fc AFF30080 		.section	.text._pal_lld_setgroupmode,"ax",%progbits
 363              		.align	2
 364              		.p2align 4,,15
 365              		.global	_pal_lld_setgroupmode
 366              		.thumb
 367              		.thumb_func
 368              		.type	_pal_lld_setgroupmode, %function
 369              	_pal_lld_setgroupmode:
 370              	.LFB120:
 371              		.loc 1 159 0
 372              		.cfi_startproc
 373              		@ args = 0, pretend = 0, frame = 0
 374              		@ frame_needed = 0, uses_anonymous_args = 0
 375              		@ link register save eliminated.
 376              	.LVL10:
 377 0000 2DE9F00F 		push	{r4, r5, r6, r7, r8, r9, sl, fp}
 378              	.LCFI1:
 379              		.cfi_def_cfa_offset 32
 380              		.loc 1 161 0
 381 0004 02F00307 		and	r7, r2, #3
 382              		.cfi_offset 11, -4
 383              		.cfi_offset 10, -8
 384              		.cfi_offset 9, -12
 385              		.cfi_offset 8, -16
 386              		.cfi_offset 7, -20
 387              		.cfi_offset 6, -24
 388              		.cfi_offset 5, -28
 389              		.cfi_offset 4, -32
 390              	.LVL11:
 391              		.loc 1 162 0
 392 0008 C2F38006 		ubfx	r6, r2, #2, #1
 393              	.LVL12:
 394              		.loc 1 163 0
 395 000c C2F3C105 		ubfx	r5, r2, #3, #2
ARM GAS  C:\Users\DNIEL~1\AppData\Local\Temp\ccSDsxDN.s 			page 8


 396              	.LVL13:
 397              		.loc 1 164 0
 398 0010 C2F34114 		ubfx	r4, r2, #5, #2
 399              	.LVL14:
 400              		.loc 1 165 0
 401 0014 C2F3C312 		ubfx	r2, r2, #7, #4
 402              	.LVL15:
 403              		.loc 1 166 0
 404 0018 0023     		movs	r3, #0
 405              	.LBB56:
 406              		.loc 1 172 0
 407 001a 4FF00F09 		mov	r9, #15
 408              		.loc 1 177 0
 409 001e 4FF0010B 		mov	fp, #1
 410              		.loc 1 179 0
 411 0022 9246     		mov	sl, r2
 412 0024 32E0     		b	.L9
 413              	.LVL16:
 414              	.L11:
 415              		.loc 1 174 0
 416 0026 D0F82080 		ldr	r8, [r0, #32]
 417 002a 28EA0C0C 		bic	ip, r8, ip
 418              	.LVL17:
 419 002e 4CEA0202 		orr	r2, ip, r2
 420              	.LVL18:
 421 0032 0262     		str	r2, [r0, #32]
 422              	.L7:
 423              	.LVL19:
 424              		.loc 1 178 0
 425 0034 4268     		ldr	r2, [r0, #4]
 426              		.loc 1 177 0
 427 0036 0BFA03FC 		lsl	ip, fp, r3
 428              		.loc 1 178 0
 429 003a 22EA0C08 		bic	r8, r2, ip
 430 003e 48EA0602 		orr	r2, r8, r6
 431 0042 4260     		str	r2, [r0, #4]
 432              	.LVL20:
 433              		.loc 1 179 0
 434 0044 4FF00308 		mov	r8, #3
 435              		.loc 1 157 0
 436 0048 5A00     		lsls	r2, r3, #1
 437              		.loc 1 180 0
 438 004a D0F808C0 		ldr	ip, [r0, #8]
 439              		.loc 1 179 0
 440 004e 08FA02F2 		lsl	r2, r8, r2
 441              		.loc 1 180 0
 442 0052 D243     		mvns	r2, r2
 443 0054 02EA0C0C 		and	ip, r2, ip
 444 0058 4CEA050C 		orr	ip, ip, r5
 445 005c C0F808C0 		str	ip, [r0, #8]
 446              		.loc 1 181 0
 447 0060 D0F80CC0 		ldr	ip, [r0, #12]
 448 0064 02EA0C0C 		and	ip, r2, ip
 449 0068 4CEA040C 		orr	ip, ip, r4
 450 006c C0F80CC0 		str	ip, [r0, #12]
 451              		.loc 1 182 0
 452 0070 D0F800C0 		ldr	ip, [r0, #0]
ARM GAS  C:\Users\DNIEL~1\AppData\Local\Temp\ccSDsxDN.s 			page 9


 453 0074 02EA0C0C 		and	ip, r2, ip
 454 0078 4CEA0702 		orr	r2, ip, r7
 455 007c 0260     		str	r2, [r0, #0]
 456              	.LVL21:
 457              	.L5:
 458              	.LBE56:
 459              		.loc 1 185 0
 460 007e 4908     		lsrs	r1, r1, #1
 461              	.LVL22:
 462 0080 19D0     		beq	.L4
 463              		.loc 1 187 0
 464 0082 7600     		lsls	r6, r6, #1
 465              	.LVL23:
 466              		.loc 1 188 0
 467 0084 AD00     		lsls	r5, r5, #2
 468              	.LVL24:
 469              		.loc 1 189 0
 470 0086 A400     		lsls	r4, r4, #2
 471              	.LVL25:
 472              		.loc 1 190 0
 473 0088 BF00     		lsls	r7, r7, #2
 474              	.LVL26:
 475              		.loc 1 191 0
 476 008a 0133     		adds	r3, r3, #1
 477              	.LVL27:
 478              	.L9:
 479              		.loc 1 168 0
 480 008c 11F0010F 		tst	r1, #1
 481 0090 F5D0     		beq	.L5
 482              	.LBB57:
 483              		.loc 1 171 0
 484 0092 03F00708 		and	r8, r3, #7
 485 0096 4FEA880C 		lsl	ip, r8, #2
 486              		.loc 1 173 0
 487 009a 072B     		cmp	r3, #7
 488              		.loc 1 171 0
 489 009c 0AFA0CF2 		lsl	r2, sl, ip
 490              	.LVL28:
 491              		.loc 1 172 0
 492 00a0 09FA0CFC 		lsl	ip, r9, ip
 493              	.LVL29:
 494              		.loc 1 173 0
 495 00a4 BFD9     		bls	.L11
 496              		.loc 1 176 0
 497 00a6 D0F82480 		ldr	r8, [r0, #36]
 498 00aa 28EA0C0C 		bic	ip, r8, ip
 499              	.LVL30:
 500 00ae 4CEA0202 		orr	r2, ip, r2
 501              	.LVL31:
 502 00b2 4262     		str	r2, [r0, #36]
 503 00b4 BEE7     		b	.L7
 504              	.L4:
 505              	.LBE57:
 506              		.loc 1 193 0
 507 00b6 BDE8F00F 		pop	{r4, r5, r6, r7, r8, r9, sl, fp}
 508 00ba 7047     		bx	lr
 509              		.cfi_endproc
ARM GAS  C:\Users\DNIEL~1\AppData\Local\Temp\ccSDsxDN.s 			page 10


 510              	.LFE120:
 511              		.size	_pal_lld_setgroupmode, .-_pal_lld_setgroupmode
 512 00bc AFF30080 		.text
 513              	.Letext0:
 514              		.section	.debug_loc,"",%progbits
 515              	.Ldebug_loc0:
 516              	.LLST0:
 517 0000 00000000 		.4byte	.LFB119
 518 0004 04000000 		.4byte	.LCFI0
 519 0008 0200     		.2byte	0x2
 520 000a 7D       		.byte	0x7d
 521 000b 00       		.sleb128 0
 522 000c 04000000 		.4byte	.LCFI0
 523 0010 FC010000 		.4byte	.LFE119
 524 0014 0200     		.2byte	0x2
 525 0016 7D       		.byte	0x7d
 526 0017 1C       		.sleb128 28
 527 0018 00000000 		.4byte	0x0
 528 001c 00000000 		.4byte	0x0
 529              	.LLST1:
 530 0020 00000000 		.4byte	.LFB120
 531 0024 04000000 		.4byte	.LCFI1
 532 0028 0200     		.2byte	0x2
 533 002a 7D       		.byte	0x7d
 534 002b 00       		.sleb128 0
 535 002c 04000000 		.4byte	.LCFI1
 536 0030 BC000000 		.4byte	.LFE120
 537 0034 0200     		.2byte	0x2
 538 0036 7D       		.byte	0x7d
 539 0037 20       		.sleb128 32
 540 0038 00000000 		.4byte	0x0
 541 003c 00000000 		.4byte	0x0
 542              	.LLST2:
 543 0040 00000000 		.4byte	.LVL10
 544 0044 7E000000 		.4byte	.LVL21
 545 0048 0100     		.2byte	0x1
 546 004a 51       		.byte	0x51
 547 004b 7E000000 		.4byte	.LVL21
 548 004f 80000000 		.4byte	.LVL22
 549 0053 0500     		.2byte	0x5
 550 0055 71       		.byte	0x71
 551 0056 00       		.sleb128 0
 552 0057 31       		.byte	0x31
 553 0058 25       		.byte	0x25
 554 0059 9F       		.byte	0x9f
 555 005a 80000000 		.4byte	.LVL22
 556 005e BC000000 		.4byte	.LFE120
 557 0062 0100     		.2byte	0x1
 558 0064 51       		.byte	0x51
 559 0065 00000000 		.4byte	0x0
 560 0069 00000000 		.4byte	0x0
 561              	.LLST3:
 562 006d 00000000 		.4byte	.LVL10
 563 0071 18000000 		.4byte	.LVL15
 564 0075 0100     		.2byte	0x1
 565 0077 52       		.byte	0x52
 566 0078 00000000 		.4byte	0x0
ARM GAS  C:\Users\DNIEL~1\AppData\Local\Temp\ccSDsxDN.s 			page 11


 567 007c 00000000 		.4byte	0x0
 568              	.LLST4:
 569 0080 08000000 		.4byte	.LVL11
 570 0084 8A000000 		.4byte	.LVL26
 571 0088 0100     		.2byte	0x1
 572 008a 57       		.byte	0x57
 573 008b 8A000000 		.4byte	.LVL26
 574 008f BC000000 		.4byte	.LFE120
 575 0093 0100     		.2byte	0x1
 576 0095 57       		.byte	0x57
 577 0096 00000000 		.4byte	0x0
 578 009a 00000000 		.4byte	0x0
 579              	.LLST5:
 580 009e 0C000000 		.4byte	.LVL12
 581 00a2 84000000 		.4byte	.LVL23
 582 00a6 0100     		.2byte	0x1
 583 00a8 56       		.byte	0x56
 584 00a9 84000000 		.4byte	.LVL23
 585 00ad BC000000 		.4byte	.LFE120
 586 00b1 0100     		.2byte	0x1
 587 00b3 56       		.byte	0x56
 588 00b4 00000000 		.4byte	0x0
 589 00b8 00000000 		.4byte	0x0
 590              	.LLST6:
 591 00bc 10000000 		.4byte	.LVL13
 592 00c0 86000000 		.4byte	.LVL24
 593 00c4 0100     		.2byte	0x1
 594 00c6 55       		.byte	0x55
 595 00c7 86000000 		.4byte	.LVL24
 596 00cb BC000000 		.4byte	.LFE120
 597 00cf 0100     		.2byte	0x1
 598 00d1 55       		.byte	0x55
 599 00d2 00000000 		.4byte	0x0
 600 00d6 00000000 		.4byte	0x0
 601              	.LLST7:
 602 00da 14000000 		.4byte	.LVL14
 603 00de 88000000 		.4byte	.LVL25
 604 00e2 0100     		.2byte	0x1
 605 00e4 54       		.byte	0x54
 606 00e5 88000000 		.4byte	.LVL25
 607 00e9 BC000000 		.4byte	.LFE120
 608 00ed 0100     		.2byte	0x1
 609 00ef 54       		.byte	0x54
 610 00f0 00000000 		.4byte	0x0
 611 00f4 00000000 		.4byte	0x0
 612              	.LLST8:
 613 00f8 18000000 		.4byte	.LVL15
 614 00fc 26000000 		.4byte	.LVL16
 615 0100 0100     		.2byte	0x1
 616 0102 52       		.byte	0x52
 617 0103 26000000 		.4byte	.LVL16
 618 0107 BC000000 		.4byte	.LFE120
 619 010b 0100     		.2byte	0x1
 620 010d 5A       		.byte	0x5a
 621 010e 00000000 		.4byte	0x0
 622 0112 00000000 		.4byte	0x0
 623              	.LLST9:
ARM GAS  C:\Users\DNIEL~1\AppData\Local\Temp\ccSDsxDN.s 			page 12


 624 0116 18000000 		.4byte	.LVL15
 625 011a 26000000 		.4byte	.LVL16
 626 011e 0200     		.2byte	0x2
 627 0120 30       		.byte	0x30
 628 0121 9F       		.byte	0x9f
 629 0122 26000000 		.4byte	.LVL16
 630 0126 8C000000 		.4byte	.LVL27
 631 012a 0100     		.2byte	0x1
 632 012c 53       		.byte	0x53
 633 012d 8C000000 		.4byte	.LVL27
 634 0131 BC000000 		.4byte	.LFE120
 635 0135 0100     		.2byte	0x1
 636 0137 53       		.byte	0x53
 637 0138 00000000 		.4byte	0x0
 638 013c 00000000 		.4byte	0x0
 639              	.LLST10:
 640 0140 26000000 		.4byte	.LVL16
 641 0144 32000000 		.4byte	.LVL18
 642 0148 0100     		.2byte	0x1
 643 014a 52       		.byte	0x52
 644 014b A0000000 		.4byte	.LVL28
 645 014f B2000000 		.4byte	.LVL31
 646 0153 0100     		.2byte	0x1
 647 0155 52       		.byte	0x52
 648 0156 00000000 		.4byte	0x0
 649 015a 00000000 		.4byte	0x0
 650              	.LLST11:
 651 015e 34000000 		.4byte	.LVL19
 652 0162 7E000000 		.4byte	.LVL21
 653 0166 0500     		.2byte	0x5
 654 0168 31       		.byte	0x31
 655 0169 73       		.byte	0x73
 656 016a 00       		.sleb128 0
 657 016b 24       		.byte	0x24
 658 016c 9F       		.byte	0x9f
 659 016d 00000000 		.4byte	0x0
 660 0171 00000000 		.4byte	0x0
 661              	.LLST12:
 662 0175 44000000 		.4byte	.LVL20
 663 0179 7E000000 		.4byte	.LVL21
 664 017d 0700     		.2byte	0x7
 665 017f 33       		.byte	0x33
 666 0180 73       		.byte	0x73
 667 0181 00       		.sleb128 0
 668 0182 31       		.byte	0x31
 669 0183 24       		.byte	0x24
 670 0184 24       		.byte	0x24
 671 0185 9F       		.byte	0x9f
 672 0186 00000000 		.4byte	0x0
 673 018a 00000000 		.4byte	0x0
 674              	.LLST13:
 675 018e 26000000 		.4byte	.LVL16
 676 0192 2E000000 		.4byte	.LVL17
 677 0196 0100     		.2byte	0x1
 678 0198 5C       		.byte	0x5c
 679 0199 A4000000 		.4byte	.LVL29
 680 019d AE000000 		.4byte	.LVL30
ARM GAS  C:\Users\DNIEL~1\AppData\Local\Temp\ccSDsxDN.s 			page 13


 681 01a1 0100     		.2byte	0x1
 682 01a3 5C       		.byte	0x5c
 683 01a4 00000000 		.4byte	0x0
 684 01a8 00000000 		.4byte	0x0
 685              		.file 2 "c:\\program files (x86)\\codesourcery\\sourcery g++ lite\\bin\\../lib/gcc/arm-none-eabi/4
 686              		.file 3 "../../../ChibiOS/os/hal/platforms/STM32F4xx/stm32f4xx.h"
 687              		.file 4 "../../../ChibiOS/os/hal/platforms/STM32/GPIOv2/pal_lld.h"
 688              		.file 5 "../../../ChibiOS/os/ports/common/ARMCMx/CMSIS/include/core_cm4.h"
 689              		.section	.debug_info
 690 0000 50070000 		.4byte	0x750
 691 0004 0200     		.2byte	0x2
 692 0006 00000000 		.4byte	.Ldebug_abbrev0
 693 000a 04       		.byte	0x4
 694 000b 01       		.uleb128 0x1
 695 000c 6C020000 		.4byte	.LASF81
 696 0010 01       		.byte	0x1
 697 0011 06030000 		.4byte	.LASF82
 698 0015 88020000 		.4byte	.LASF83
 699 0019 00000000 		.4byte	0x0
 700 001d 00000000 		.4byte	0x0
 701 0021 F0000000 		.4byte	.Ldebug_ranges0+0xf0
 702 0025 00000000 		.4byte	.Ldebug_line0
 703 0029 02       		.uleb128 0x2
 704 002a 04       		.byte	0x4
 705 002b 05       		.byte	0x5
 706 002c 696E7400 		.ascii	"int\000"
 707 0030 03       		.uleb128 0x3
 708 0031 04       		.byte	0x4
 709 0032 07       		.byte	0x7
 710 0033 55030000 		.4byte	.LASF0
 711 0037 03       		.uleb128 0x3
 712 0038 01       		.byte	0x1
 713 0039 06       		.byte	0x6
 714 003a 67010000 		.4byte	.LASF1
 715 003e 03       		.uleb128 0x3
 716 003f 01       		.byte	0x1
 717 0040 08       		.byte	0x8
 718 0041 51010000 		.4byte	.LASF2
 719 0045 03       		.uleb128 0x3
 720 0046 02       		.byte	0x2
 721 0047 05       		.byte	0x5
 722 0048 60000000 		.4byte	.LASF3
 723 004c 04       		.uleb128 0x4
 724 004d A3010000 		.4byte	.LASF5
 725 0051 02       		.byte	0x2
 726 0052 36       		.byte	0x36
 727 0053 57000000 		.4byte	0x57
 728 0057 03       		.uleb128 0x3
 729 0058 02       		.byte	0x2
 730 0059 07       		.byte	0x7
 731 005a D0010000 		.4byte	.LASF4
 732 005e 04       		.uleb128 0x4
 733 005f F2010000 		.4byte	.LASF6
 734 0063 02       		.byte	0x2
 735 0064 4F       		.byte	0x4f
 736 0065 69000000 		.4byte	0x69
 737 0069 03       		.uleb128 0x3
ARM GAS  C:\Users\DNIEL~1\AppData\Local\Temp\ccSDsxDN.s 			page 14


 738 006a 04       		.byte	0x4
 739 006b 05       		.byte	0x5
 740 006c 07010000 		.4byte	.LASF7
 741 0070 04       		.uleb128 0x4
 742 0071 8A010000 		.4byte	.LASF8
 743 0075 02       		.byte	0x2
 744 0076 50       		.byte	0x50
 745 0077 7B000000 		.4byte	0x7b
 746 007b 03       		.uleb128 0x3
 747 007c 04       		.byte	0x4
 748 007d 07       		.byte	0x7
 749 007e AC010000 		.4byte	.LASF9
 750 0082 03       		.uleb128 0x3
 751 0083 08       		.byte	0x8
 752 0084 05       		.byte	0x5
 753 0085 EB000000 		.4byte	.LASF10
 754 0089 03       		.uleb128 0x3
 755 008a 08       		.byte	0x8
 756 008b 07       		.byte	0x7
 757 008c 73010000 		.4byte	.LASF11
 758 0090 05       		.uleb128 0x5
 759 0091 70000000 		.4byte	0x70
 760 0095 03       		.uleb128 0x3
 761 0096 01       		.byte	0x1
 762 0097 08       		.byte	0x8
 763 0098 ED010000 		.4byte	.LASF12
 764 009c 06       		.uleb128 0x6
 765 009d 70000000 		.4byte	0x70
 766 00a1 AC000000 		.4byte	0xac
 767 00a5 07       		.uleb128 0x7
 768 00a6 30000000 		.4byte	0x30
 769 00aa 01       		.byte	0x1
 770 00ab 00       		.byte	0x0
 771 00ac 05       		.uleb128 0x5
 772 00ad 5E000000 		.4byte	0x5e
 773 00b1 08       		.uleb128 0x8
 774 00b2 88       		.byte	0x88
 775 00b3 03       		.byte	0x3
 776 00b4 DB02     		.2byte	0x2db
 777 00b6 7E020000 		.4byte	0x27e
 778 00ba 09       		.uleb128 0x9
 779 00bb 435200   		.ascii	"CR\000"
 780 00be 03       		.byte	0x3
 781 00bf DD02     		.2byte	0x2dd
 782 00c1 90000000 		.4byte	0x90
 783 00c5 02       		.byte	0x2
 784 00c6 23       		.byte	0x23
 785 00c7 00       		.uleb128 0x0
 786 00c8 0A       		.uleb128 0xa
 787 00c9 C3010000 		.4byte	.LASF13
 788 00cd 03       		.byte	0x3
 789 00ce DE02     		.2byte	0x2de
 790 00d0 90000000 		.4byte	0x90
 791 00d4 02       		.byte	0x2
 792 00d5 23       		.byte	0x23
 793 00d6 04       		.uleb128 0x4
 794 00d7 0A       		.uleb128 0xa
ARM GAS  C:\Users\DNIEL~1\AppData\Local\Temp\ccSDsxDN.s 			page 15


 795 00d8 62030000 		.4byte	.LASF14
 796 00dc 03       		.byte	0x3
 797 00dd DF02     		.2byte	0x2df
 798 00df 90000000 		.4byte	0x90
 799 00e3 02       		.byte	0x2
 800 00e4 23       		.byte	0x23
 801 00e5 08       		.uleb128 0x8
 802 00e6 09       		.uleb128 0x9
 803 00e7 43495200 		.ascii	"CIR\000"
 804 00eb 03       		.byte	0x3
 805 00ec E002     		.2byte	0x2e0
 806 00ee 90000000 		.4byte	0x90
 807 00f2 02       		.byte	0x2
 808 00f3 23       		.byte	0x23
 809 00f4 0C       		.uleb128 0xc
 810 00f5 0A       		.uleb128 0xa
 811 00f6 E2020000 		.4byte	.LASF15
 812 00fa 03       		.byte	0x3
 813 00fb E102     		.2byte	0x2e1
 814 00fd 90000000 		.4byte	0x90
 815 0101 02       		.byte	0x2
 816 0102 23       		.byte	0x23
 817 0103 10       		.uleb128 0x10
 818 0104 0A       		.uleb128 0xa
 819 0105 9A010000 		.4byte	.LASF16
 820 0109 03       		.byte	0x3
 821 010a E202     		.2byte	0x2e2
 822 010c 90000000 		.4byte	0x90
 823 0110 02       		.byte	0x2
 824 0111 23       		.byte	0x23
 825 0112 14       		.uleb128 0x14
 826 0113 0A       		.uleb128 0xa
 827 0114 F8020000 		.4byte	.LASF17
 828 0118 03       		.byte	0x3
 829 0119 E302     		.2byte	0x2e3
 830 011b 90000000 		.4byte	0x90
 831 011f 02       		.byte	0x2
 832 0120 23       		.byte	0x23
 833 0121 18       		.uleb128 0x18
 834 0122 0A       		.uleb128 0xa
 835 0123 1F020000 		.4byte	.LASF18
 836 0127 03       		.byte	0x3
 837 0128 E402     		.2byte	0x2e4
 838 012a 70000000 		.4byte	0x70
 839 012e 02       		.byte	0x2
 840 012f 23       		.byte	0x23
 841 0130 1C       		.uleb128 0x1c
 842 0131 0A       		.uleb128 0xa
 843 0132 27000000 		.4byte	.LASF19
 844 0136 03       		.byte	0x3
 845 0137 E502     		.2byte	0x2e5
 846 0139 90000000 		.4byte	0x90
 847 013d 02       		.byte	0x2
 848 013e 23       		.byte	0x23
 849 013f 20       		.uleb128 0x20
 850 0140 0A       		.uleb128 0xa
 851 0141 29010000 		.4byte	.LASF20
ARM GAS  C:\Users\DNIEL~1\AppData\Local\Temp\ccSDsxDN.s 			page 16


 852 0145 03       		.byte	0x3
 853 0146 E602     		.2byte	0x2e6
 854 0148 90000000 		.4byte	0x90
 855 014c 02       		.byte	0x2
 856 014d 23       		.byte	0x23
 857 014e 24       		.uleb128 0x24
 858 014f 0A       		.uleb128 0xa
 859 0150 29020000 		.4byte	.LASF21
 860 0154 03       		.byte	0x3
 861 0155 E702     		.2byte	0x2e7
 862 0157 9C000000 		.4byte	0x9c
 863 015b 02       		.byte	0x2
 864 015c 23       		.byte	0x23
 865 015d 28       		.uleb128 0x28
 866 015e 0A       		.uleb128 0xa
 867 015f 90000000 		.4byte	.LASF22
 868 0163 03       		.byte	0x3
 869 0164 E802     		.2byte	0x2e8
 870 0166 90000000 		.4byte	0x90
 871 016a 02       		.byte	0x2
 872 016b 23       		.byte	0x23
 873 016c 30       		.uleb128 0x30
 874 016d 0A       		.uleb128 0xa
 875 016e 30000000 		.4byte	.LASF23
 876 0172 03       		.byte	0x3
 877 0173 E902     		.2byte	0x2e9
 878 0175 90000000 		.4byte	0x90
 879 0179 02       		.byte	0x2
 880 017a 23       		.byte	0x23
 881 017b 34       		.uleb128 0x34
 882 017c 0A       		.uleb128 0xa
 883 017d DB000000 		.4byte	.LASF24
 884 0181 03       		.byte	0x3
 885 0182 EA02     		.2byte	0x2ea
 886 0184 90000000 		.4byte	0x90
 887 0188 02       		.byte	0x2
 888 0189 23       		.byte	0x23
 889 018a 38       		.uleb128 0x38
 890 018b 0A       		.uleb128 0xa
 891 018c 33020000 		.4byte	.LASF25
 892 0190 03       		.byte	0x3
 893 0191 EB02     		.2byte	0x2eb
 894 0193 70000000 		.4byte	0x70
 895 0197 02       		.byte	0x2
 896 0198 23       		.byte	0x23
 897 0199 3C       		.uleb128 0x3c
 898 019a 0A       		.uleb128 0xa
 899 019b BF000000 		.4byte	.LASF26
 900 019f 03       		.byte	0x3
 901 01a0 EC02     		.2byte	0x2ec
 902 01a2 90000000 		.4byte	0x90
 903 01a6 02       		.byte	0x2
 904 01a7 23       		.byte	0x23
 905 01a8 40       		.uleb128 0x40
 906 01a9 0A       		.uleb128 0xa
 907 01aa 5F010000 		.4byte	.LASF27
 908 01ae 03       		.byte	0x3
ARM GAS  C:\Users\DNIEL~1\AppData\Local\Temp\ccSDsxDN.s 			page 17


 909 01af ED02     		.2byte	0x2ed
 910 01b1 90000000 		.4byte	0x90
 911 01b5 02       		.byte	0x2
 912 01b6 23       		.byte	0x23
 913 01b7 44       		.uleb128 0x44
 914 01b8 0A       		.uleb128 0xa
 915 01b9 3D020000 		.4byte	.LASF28
 916 01bd 03       		.byte	0x3
 917 01be EE02     		.2byte	0x2ee
 918 01c0 9C000000 		.4byte	0x9c
 919 01c4 02       		.byte	0x2
 920 01c5 23       		.byte	0x23
 921 01c6 48       		.uleb128 0x48
 922 01c7 0A       		.uleb128 0xa
 923 01c8 00000000 		.4byte	.LASF29
 924 01cc 03       		.byte	0x3
 925 01cd EF02     		.2byte	0x2ef
 926 01cf 90000000 		.4byte	0x90
 927 01d3 02       		.byte	0x2
 928 01d4 23       		.byte	0x23
 929 01d5 50       		.uleb128 0x50
 930 01d6 0A       		.uleb128 0xa
 931 01d7 09020000 		.4byte	.LASF30
 932 01db 03       		.byte	0x3
 933 01dc F002     		.2byte	0x2f0
 934 01de 90000000 		.4byte	0x90
 935 01e2 02       		.byte	0x2
 936 01e3 23       		.byte	0x23
 937 01e4 54       		.uleb128 0x54
 938 01e5 0A       		.uleb128 0xa
 939 01e6 A5000000 		.4byte	.LASF31
 940 01ea 03       		.byte	0x3
 941 01eb F102     		.2byte	0x2f1
 942 01ed 90000000 		.4byte	0x90
 943 01f1 02       		.byte	0x2
 944 01f2 23       		.byte	0x23
 945 01f3 58       		.uleb128 0x58
 946 01f4 0A       		.uleb128 0xa
 947 01f5 47020000 		.4byte	.LASF32
 948 01f9 03       		.byte	0x3
 949 01fa F202     		.2byte	0x2f2
 950 01fc 70000000 		.4byte	0x70
 951 0200 02       		.byte	0x2
 952 0201 23       		.byte	0x23
 953 0202 5C       		.uleb128 0x5c
 954 0203 0A       		.uleb128 0xa
 955 0204 E3010000 		.4byte	.LASF33
 956 0208 03       		.byte	0x3
 957 0209 F302     		.2byte	0x2f3
 958 020b 90000000 		.4byte	0x90
 959 020f 02       		.byte	0x2
 960 0210 23       		.byte	0x23
 961 0211 60       		.uleb128 0x60
 962 0212 0A       		.uleb128 0xa
 963 0213 6C030000 		.4byte	.LASF34
 964 0217 03       		.byte	0x3
 965 0218 F402     		.2byte	0x2f4
ARM GAS  C:\Users\DNIEL~1\AppData\Local\Temp\ccSDsxDN.s 			page 18


 966 021a 90000000 		.4byte	0x90
 967 021e 02       		.byte	0x2
 968 021f 23       		.byte	0x23
 969 0220 64       		.uleb128 0x64
 970 0221 0A       		.uleb128 0xa
 971 0222 51020000 		.4byte	.LASF35
 972 0226 03       		.byte	0x3
 973 0227 F502     		.2byte	0x2f5
 974 0229 9C000000 		.4byte	0x9c
 975 022d 02       		.byte	0x2
 976 022e 23       		.byte	0x23
 977 022f 68       		.uleb128 0x68
 978 0230 0A       		.uleb128 0xa
 979 0231 79000000 		.4byte	.LASF36
 980 0235 03       		.byte	0x3
 981 0236 F602     		.2byte	0x2f6
 982 0238 90000000 		.4byte	0x90
 983 023c 02       		.byte	0x2
 984 023d 23       		.byte	0x23
 985 023e 70       		.uleb128 0x70
 986 023f 09       		.uleb128 0x9
 987 0240 43535200 		.ascii	"CSR\000"
 988 0244 03       		.byte	0x3
 989 0245 F702     		.2byte	0x2f7
 990 0247 90000000 		.4byte	0x90
 991 024b 02       		.byte	0x2
 992 024c 23       		.byte	0x23
 993 024d 74       		.uleb128 0x74
 994 024e 0A       		.uleb128 0xa
 995 024f 5B020000 		.4byte	.LASF37
 996 0253 03       		.byte	0x3
 997 0254 F802     		.2byte	0x2f8
 998 0256 9C000000 		.4byte	0x9c
 999 025a 02       		.byte	0x2
 1000 025b 23       		.byte	0x23
 1001 025c 78       		.uleb128 0x78
 1002 025d 0A       		.uleb128 0xa
 1003 025e 98000000 		.4byte	.LASF38
 1004 0262 03       		.byte	0x3
 1005 0263 F902     		.2byte	0x2f9
 1006 0265 90000000 		.4byte	0x90
 1007 0269 03       		.byte	0x3
 1008 026a 23       		.byte	0x23
 1009 026b 8001     		.uleb128 0x80
 1010 026d 0A       		.uleb128 0xa
 1011 026e 85000000 		.4byte	.LASF39
 1012 0272 03       		.byte	0x3
 1013 0273 FA02     		.2byte	0x2fa
 1014 0275 90000000 		.4byte	0x90
 1015 0279 03       		.byte	0x3
 1016 027a 23       		.byte	0x23
 1017 027b 8401     		.uleb128 0x84
 1018 027d 00       		.byte	0x0
 1019 027e 0B       		.uleb128 0xb
 1020 027f 17010000 		.4byte	.LASF40
 1021 0283 03       		.byte	0x3
 1022 0284 FB02     		.2byte	0x2fb
ARM GAS  C:\Users\DNIEL~1\AppData\Local\Temp\ccSDsxDN.s 			page 19


 1023 0286 B1000000 		.4byte	0xb1
 1024 028a 0C       		.uleb128 0xc
 1025 028b 04       		.byte	0x4
 1026 028c 04       		.byte	0x4
 1027 028d 97       		.byte	0x97
 1028 028e AF020000 		.4byte	0x2af
 1029 0292 0D       		.uleb128 0xd
 1030 0293 73657400 		.ascii	"set\000"
 1031 0297 04       		.byte	0x4
 1032 0298 98       		.byte	0x98
 1033 0299 4C000000 		.4byte	0x4c
 1034 029d 02       		.byte	0x2
 1035 029e 23       		.byte	0x23
 1036 029f 00       		.uleb128 0x0
 1037 02a0 0E       		.uleb128 0xe
 1038 02a1 32010000 		.4byte	.LASF41
 1039 02a5 04       		.byte	0x4
 1040 02a6 99       		.byte	0x99
 1041 02a7 4C000000 		.4byte	0x4c
 1042 02ab 02       		.byte	0x2
 1043 02ac 23       		.byte	0x23
 1044 02ad 02       		.uleb128 0x2
 1045 02ae 00       		.byte	0x0
 1046 02af 0F       		.uleb128 0xf
 1047 02b0 04       		.byte	0x4
 1048 02b1 04       		.byte	0x4
 1049 02b2 95       		.byte	0x95
 1050 02b3 CA020000 		.4byte	0x2ca
 1051 02b7 10       		.uleb128 0x10
 1052 02b8 5700     		.ascii	"W\000"
 1053 02ba 04       		.byte	0x4
 1054 02bb 96       		.byte	0x96
 1055 02bc 70000000 		.4byte	0x70
 1056 02c0 10       		.uleb128 0x10
 1057 02c1 4800     		.ascii	"H\000"
 1058 02c3 04       		.byte	0x4
 1059 02c4 9A       		.byte	0x9a
 1060 02c5 8A020000 		.4byte	0x28a
 1061 02c9 00       		.byte	0x0
 1062 02ca 0C       		.uleb128 0xc
 1063 02cb 28       		.byte	0x28
 1064 02cc 04       		.byte	0x4
 1065 02cd 8D       		.byte	0x8d
 1066 02ce 5F030000 		.4byte	0x35f
 1067 02d2 0E       		.uleb128 0xe
 1068 02d3 23010000 		.4byte	.LASF42
 1069 02d7 04       		.byte	0x4
 1070 02d8 8F       		.byte	0x8f
 1071 02d9 90000000 		.4byte	0x90
 1072 02dd 02       		.byte	0x2
 1073 02de 23       		.byte	0x23
 1074 02df 00       		.uleb128 0x0
 1075 02e0 0E       		.uleb128 0xe
 1076 02e1 D4000000 		.4byte	.LASF43
 1077 02e5 04       		.byte	0x4
 1078 02e6 90       		.byte	0x90
 1079 02e7 90000000 		.4byte	0x90
ARM GAS  C:\Users\DNIEL~1\AppData\Local\Temp\ccSDsxDN.s 			page 20


 1080 02eb 02       		.byte	0x2
 1081 02ec 23       		.byte	0x23
 1082 02ed 04       		.uleb128 0x4
 1083 02ee 0E       		.uleb128 0xe
 1084 02ef E3000000 		.4byte	.LASF44
 1085 02f3 04       		.byte	0x4
 1086 02f4 91       		.byte	0x91
 1087 02f5 90000000 		.4byte	0x90
 1088 02f9 02       		.byte	0x2
 1089 02fa 23       		.byte	0x23
 1090 02fb 08       		.uleb128 0x8
 1091 02fc 0E       		.uleb128 0xe
 1092 02fd F9000000 		.4byte	.LASF45
 1093 0301 04       		.byte	0x4
 1094 0302 92       		.byte	0x92
 1095 0303 90000000 		.4byte	0x90
 1096 0307 02       		.byte	0x2
 1097 0308 23       		.byte	0x23
 1098 0309 0C       		.uleb128 0xc
 1099 030a 0D       		.uleb128 0xd
 1100 030b 49445200 		.ascii	"IDR\000"
 1101 030f 04       		.byte	0x4
 1102 0310 93       		.byte	0x93
 1103 0311 90000000 		.4byte	0x90
 1104 0315 02       		.byte	0x2
 1105 0316 23       		.byte	0x23
 1106 0317 10       		.uleb128 0x10
 1107 0318 0D       		.uleb128 0xd
 1108 0319 4F445200 		.ascii	"ODR\000"
 1109 031d 04       		.byte	0x4
 1110 031e 94       		.byte	0x94
 1111 031f 90000000 		.4byte	0x90
 1112 0323 02       		.byte	0x2
 1113 0324 23       		.byte	0x23
 1114 0325 14       		.uleb128 0x14
 1115 0326 0E       		.uleb128 0xe
 1116 0327 76030000 		.4byte	.LASF46
 1117 032b 04       		.byte	0x4
 1118 032c 9B       		.byte	0x9b
 1119 032d 5F030000 		.4byte	0x35f
 1120 0331 02       		.byte	0x2
 1121 0332 23       		.byte	0x23
 1122 0333 18       		.uleb128 0x18
 1123 0334 0E       		.uleb128 0xe
 1124 0335 67030000 		.4byte	.LASF47
 1125 0339 04       		.byte	0x4
 1126 033a 9C       		.byte	0x9c
 1127 033b 90000000 		.4byte	0x90
 1128 033f 02       		.byte	0x2
 1129 0340 23       		.byte	0x23
 1130 0341 1C       		.uleb128 0x1c
 1131 0342 0E       		.uleb128 0xe
 1132 0343 CB010000 		.4byte	.LASF48
 1133 0347 04       		.byte	0x4
 1134 0348 9D       		.byte	0x9d
 1135 0349 90000000 		.4byte	0x90
 1136 034d 02       		.byte	0x2
ARM GAS  C:\Users\DNIEL~1\AppData\Local\Temp\ccSDsxDN.s 			page 21


 1137 034e 23       		.byte	0x23
 1138 034f 20       		.uleb128 0x20
 1139 0350 0E       		.uleb128 0xe
 1140 0351 BE010000 		.4byte	.LASF49
 1141 0355 04       		.byte	0x4
 1142 0356 9E       		.byte	0x9e
 1143 0357 90000000 		.4byte	0x90
 1144 035b 02       		.byte	0x2
 1145 035c 23       		.byte	0x23
 1146 035d 24       		.uleb128 0x24
 1147 035e 00       		.byte	0x0
 1148 035f 05       		.uleb128 0x5
 1149 0360 AF020000 		.4byte	0x2af
 1150 0364 04       		.uleb128 0x4
 1151 0365 EB020000 		.4byte	.LASF50
 1152 0369 04       		.byte	0x4
 1153 036a 9F       		.byte	0x9f
 1154 036b CA020000 		.4byte	0x2ca
 1155 036f 0C       		.uleb128 0xc
 1156 0370 1C       		.byte	0x1c
 1157 0371 04       		.byte	0x4
 1158 0372 A4       		.byte	0xa4
 1159 0373 DA030000 		.4byte	0x3da
 1160 0377 0E       		.uleb128 0xe
 1161 0378 DC020000 		.4byte	.LASF51
 1162 037c 04       		.byte	0x4
 1163 037d A6       		.byte	0xa6
 1164 037e 70000000 		.4byte	0x70
 1165 0382 02       		.byte	0x2
 1166 0383 23       		.byte	0x23
 1167 0384 00       		.uleb128 0x0
 1168 0385 0E       		.uleb128 0xe
 1169 0386 93010000 		.4byte	.LASF52
 1170 038a 04       		.byte	0x4
 1171 038b A8       		.byte	0xa8
 1172 038c 70000000 		.4byte	0x70
 1173 0390 02       		.byte	0x2
 1174 0391 23       		.byte	0x23
 1175 0392 04       		.uleb128 0x4
 1176 0393 0E       		.uleb128 0xe
 1177 0394 FF000000 		.4byte	.LASF53
 1178 0398 04       		.byte	0x4
 1179 0399 AA       		.byte	0xaa
 1180 039a 70000000 		.4byte	0x70
 1181 039e 02       		.byte	0x2
 1182 039f 23       		.byte	0x23
 1183 03a0 08       		.uleb128 0x8
 1184 03a1 0E       		.uleb128 0xe
 1185 03a2 7D020000 		.4byte	.LASF54
 1186 03a6 04       		.byte	0x4
 1187 03a7 AC       		.byte	0xac
 1188 03a8 70000000 		.4byte	0x70
 1189 03ac 02       		.byte	0x2
 1190 03ad 23       		.byte	0x23
 1191 03ae 0C       		.uleb128 0xc
 1192 03af 0D       		.uleb128 0xd
 1193 03b0 6F647200 		.ascii	"odr\000"
ARM GAS  C:\Users\DNIEL~1\AppData\Local\Temp\ccSDsxDN.s 			page 22


 1194 03b4 04       		.byte	0x4
 1195 03b5 AE       		.byte	0xae
 1196 03b6 70000000 		.4byte	0x70
 1197 03ba 02       		.byte	0x2
 1198 03bb 23       		.byte	0x23
 1199 03bc 10       		.uleb128 0x10
 1200 03bd 0E       		.uleb128 0xe
 1201 03be D7020000 		.4byte	.LASF55
 1202 03c2 04       		.byte	0x4
 1203 03c3 B0       		.byte	0xb0
 1204 03c4 70000000 		.4byte	0x70
 1205 03c8 02       		.byte	0x2
 1206 03c9 23       		.byte	0x23
 1207 03ca 14       		.uleb128 0x14
 1208 03cb 0E       		.uleb128 0xe
 1209 03cc 83020000 		.4byte	.LASF56
 1210 03d0 04       		.byte	0x4
 1211 03d1 B2       		.byte	0xb2
 1212 03d2 70000000 		.4byte	0x70
 1213 03d6 02       		.byte	0x2
 1214 03d7 23       		.byte	0x23
 1215 03d8 18       		.uleb128 0x18
 1216 03d9 00       		.byte	0x0
 1217 03da 04       		.uleb128 0x4
 1218 03db 38000000 		.4byte	.LASF57
 1219 03df 04       		.byte	0x4
 1220 03e0 B3       		.byte	0xb3
 1221 03e1 6F030000 		.4byte	0x36f
 1222 03e5 0C       		.uleb128 0xc
 1223 03e6 FC       		.byte	0xfc
 1224 03e7 04       		.byte	0x4
 1225 03e8 BC       		.byte	0xbc
 1226 03e9 70040000 		.4byte	0x470
 1227 03ed 0E       		.uleb128 0xe
 1228 03ee 3F010000 		.4byte	.LASF58
 1229 03f2 04       		.byte	0x4
 1230 03f3 BE       		.byte	0xbe
 1231 03f4 DA030000 		.4byte	0x3da
 1232 03f8 02       		.byte	0x2
 1233 03f9 23       		.byte	0x23
 1234 03fa 00       		.uleb128 0x0
 1235 03fb 0E       		.uleb128 0xe
 1236 03fc 9E000000 		.4byte	.LASF59
 1237 0400 04       		.byte	0x4
 1238 0401 C0       		.byte	0xc0
 1239 0402 DA030000 		.4byte	0x3da
 1240 0406 02       		.byte	0x2
 1241 0407 23       		.byte	0x23
 1242 0408 1C       		.uleb128 0x1c
 1243 0409 0E       		.uleb128 0xe
 1244 040a 0A000000 		.4byte	.LASF60
 1245 040e 04       		.byte	0x4
 1246 040f C2       		.byte	0xc2
 1247 0410 DA030000 		.4byte	0x3da
 1248 0414 02       		.byte	0x2
 1249 0415 23       		.byte	0x23
 1250 0416 38       		.uleb128 0x38
ARM GAS  C:\Users\DNIEL~1\AppData\Local\Temp\ccSDsxDN.s 			page 23


 1251 0417 0E       		.uleb128 0xe
 1252 0418 10010000 		.4byte	.LASF61
 1253 041c 04       		.byte	0x4
 1254 041d C4       		.byte	0xc4
 1255 041e DA030000 		.4byte	0x3da
 1256 0422 02       		.byte	0x2
 1257 0423 23       		.byte	0x23
 1258 0424 54       		.uleb128 0x54
 1259 0425 0E       		.uleb128 0xe
 1260 0426 18020000 		.4byte	.LASF62
 1261 042a 04       		.byte	0x4
 1262 042b C7       		.byte	0xc7
 1263 042c DA030000 		.4byte	0x3da
 1264 0430 02       		.byte	0x2
 1265 0431 23       		.byte	0x23
 1266 0432 70       		.uleb128 0x70
 1267 0433 0E       		.uleb128 0xe
 1268 0434 4B000000 		.4byte	.LASF63
 1269 0438 04       		.byte	0x4
 1270 0439 CB       		.byte	0xcb
 1271 043a DA030000 		.4byte	0x3da
 1272 043e 03       		.byte	0x3
 1273 043f 23       		.byte	0x23
 1274 0440 8C01     		.uleb128 0x8c
 1275 0442 0E       		.uleb128 0xe
 1276 0443 38010000 		.4byte	.LASF64
 1277 0447 04       		.byte	0x4
 1278 0448 CF       		.byte	0xcf
 1279 0449 DA030000 		.4byte	0x3da
 1280 044d 03       		.byte	0x3
 1281 044e 23       		.byte	0x23
 1282 044f A801     		.uleb128 0xa8
 1283 0451 0E       		.uleb128 0xe
 1284 0452 65020000 		.4byte	.LASF65
 1285 0456 04       		.byte	0x4
 1286 0457 D3       		.byte	0xd3
 1287 0458 DA030000 		.4byte	0x3da
 1288 045c 03       		.byte	0x3
 1289 045d 23       		.byte	0x23
 1290 045e C401     		.uleb128 0xc4
 1291 0460 0E       		.uleb128 0xe
 1292 0461 7E000000 		.4byte	.LASF66
 1293 0465 04       		.byte	0x4
 1294 0466 D7       		.byte	0xd7
 1295 0467 DA030000 		.4byte	0x3da
 1296 046b 03       		.byte	0x3
 1297 046c 23       		.byte	0x23
 1298 046d E001     		.uleb128 0xe0
 1299 046f 00       		.byte	0x0
 1300 0470 04       		.uleb128 0x4
 1301 0471 FA010000 		.4byte	.LASF67
 1302 0475 04       		.byte	0x4
 1303 0476 D9       		.byte	0xd9
 1304 0477 E5030000 		.4byte	0x3e5
 1305 047b 04       		.uleb128 0x4
 1306 047c C7000000 		.4byte	.LASF68
 1307 0480 04       		.byte	0x4
ARM GAS  C:\Users\DNIEL~1\AppData\Local\Temp\ccSDsxDN.s 			page 24


 1308 0481 E9       		.byte	0xe9
 1309 0482 70000000 		.4byte	0x70
 1310 0486 04       		.uleb128 0x4
 1311 0487 B6000000 		.4byte	.LASF69
 1312 048b 04       		.byte	0x4
 1313 048c EE       		.byte	0xee
 1314 048d 70000000 		.4byte	0x70
 1315 0491 04       		.uleb128 0x4
 1316 0492 46010000 		.4byte	.LASF70
 1317 0496 04       		.byte	0x4
 1318 0497 F6       		.byte	0xf6
 1319 0498 9C040000 		.4byte	0x49c
 1320 049c 11       		.uleb128 0x11
 1321 049d 04       		.byte	0x4
 1322 049e 64030000 		.4byte	0x364
 1323 04a2 12       		.uleb128 0x12
 1324 04a3 6A000000 		.4byte	.LASF84
 1325 04a7 01       		.byte	0x1
 1326 04a8 4D       		.byte	0x4d
 1327 04a9 01       		.byte	0x1
 1328 04aa 01       		.byte	0x1
 1329 04ab C6040000 		.4byte	0x4c6
 1330 04af 13       		.uleb128 0x13
 1331 04b0 73000000 		.4byte	.LASF71
 1332 04b4 01       		.byte	0x1
 1333 04b5 4D       		.byte	0x4d
 1334 04b6 9C040000 		.4byte	0x49c
 1335 04ba 13       		.uleb128 0x13
 1336 04bb AF000000 		.4byte	.LASF72
 1337 04bf 01       		.byte	0x1
 1338 04c0 4D       		.byte	0x4d
 1339 04c1 C6040000 		.4byte	0x4c6
 1340 04c5 00       		.byte	0x0
 1341 04c6 11       		.uleb128 0x11
 1342 04c7 04       		.byte	0x4
 1343 04c8 CC040000 		.4byte	0x4cc
 1344 04cc 14       		.uleb128 0x14
 1345 04cd DA030000 		.4byte	0x3da
 1346 04d1 15       		.uleb128 0x15
 1347 04d2 01       		.byte	0x1
 1348 04d3 52000000 		.4byte	.LASF73
 1349 04d7 01       		.byte	0x1
 1350 04d8 68       		.byte	0x68
 1351 04d9 01       		.byte	0x1
 1352 04da 00000000 		.4byte	.LFB119
 1353 04de FC010000 		.4byte	.LFE119
 1354 04e2 00000000 		.4byte	.LLST0
 1355 04e6 4E060000 		.4byte	0x64e
 1356 04ea 16       		.uleb128 0x16
 1357 04eb AF000000 		.4byte	.LASF72
 1358 04ef 01       		.byte	0x1
 1359 04f0 68       		.byte	0x68
 1360 04f1 4E060000 		.4byte	0x64e
 1361 04f5 01       		.byte	0x1
 1362 04f6 50       		.byte	0x50
 1363 04f7 17       		.uleb128 0x17
 1364 04f8 A2040000 		.4byte	0x4a2
ARM GAS  C:\Users\DNIEL~1\AppData\Local\Temp\ccSDsxDN.s 			page 25


 1365 04fc 08000000 		.4byte	.LBB20
 1366 0500 00000000 		.4byte	.Ldebug_ranges0+0x0
 1367 0504 01       		.byte	0x1
 1368 0505 7A       		.byte	0x7a
 1369 0506 1B050000 		.4byte	0x51b
 1370 050a 18       		.uleb128 0x18
 1371 050b BA040000 		.4byte	0x4ba
 1372 050f 01       		.byte	0x1
 1373 0510 50       		.byte	0x50
 1374 0511 19       		.uleb128 0x19
 1375 0512 AF040000 		.4byte	0x4af
 1376 0516 00000240 		.4byte	0x40020000
 1377 051a 00       		.byte	0x0
 1378 051b 17       		.uleb128 0x17
 1379 051c A2040000 		.4byte	0x4a2
 1380 0520 10000000 		.4byte	.LBB23
 1381 0524 18000000 		.4byte	.Ldebug_ranges0+0x18
 1382 0528 01       		.byte	0x1
 1383 0529 7B       		.byte	0x7b
 1384 052a 41050000 		.4byte	0x541
 1385 052e 18       		.uleb128 0x18
 1386 052f BA040000 		.4byte	0x4ba
 1387 0533 03       		.byte	0x3
 1388 0534 70       		.byte	0x70
 1389 0535 1C       		.sleb128 28
 1390 0536 9F       		.byte	0x9f
 1391 0537 19       		.uleb128 0x19
 1392 0538 AF040000 		.4byte	0x4af
 1393 053c 00040240 		.4byte	0x40020400
 1394 0540 00       		.byte	0x0
 1395 0541 17       		.uleb128 0x17
 1396 0542 A2040000 		.4byte	0x4a2
 1397 0546 14000000 		.4byte	.LBB26
 1398 054a 30000000 		.4byte	.Ldebug_ranges0+0x30
 1399 054e 01       		.byte	0x1
 1400 054f 7C       		.byte	0x7c
 1401 0550 67050000 		.4byte	0x567
 1402 0554 18       		.uleb128 0x18
 1403 0555 BA040000 		.4byte	0x4ba
 1404 0559 03       		.byte	0x3
 1405 055a 70       		.byte	0x70
 1406 055b 38       		.sleb128 56
 1407 055c 9F       		.byte	0x9f
 1408 055d 19       		.uleb128 0x19
 1409 055e AF040000 		.4byte	0x4af
 1410 0562 00080240 		.4byte	0x40020800
 1411 0566 00       		.byte	0x0
 1412 0567 17       		.uleb128 0x17
 1413 0568 A2040000 		.4byte	0x4a2
 1414 056c 16000000 		.4byte	.LBB29
 1415 0570 48000000 		.4byte	.Ldebug_ranges0+0x48
 1416 0574 01       		.byte	0x1
 1417 0575 7D       		.byte	0x7d
 1418 0576 8E050000 		.4byte	0x58e
 1419 057a 18       		.uleb128 0x18
 1420 057b BA040000 		.4byte	0x4ba
 1421 057f 04       		.byte	0x4
ARM GAS  C:\Users\DNIEL~1\AppData\Local\Temp\ccSDsxDN.s 			page 26


 1422 0580 70       		.byte	0x70
 1423 0581 D400     		.sleb128 84
 1424 0583 9F       		.byte	0x9f
 1425 0584 19       		.uleb128 0x19
 1426 0585 AF040000 		.4byte	0x4af
 1427 0589 000C0240 		.4byte	0x40020c00
 1428 058d 00       		.byte	0x0
 1429 058e 17       		.uleb128 0x17
 1430 058f A2040000 		.4byte	0x4a2
 1431 0593 18000000 		.4byte	.LBB32
 1432 0597 60000000 		.4byte	.Ldebug_ranges0+0x60
 1433 059b 01       		.byte	0x1
 1434 059c 7F       		.byte	0x7f
 1435 059d B5050000 		.4byte	0x5b5
 1436 05a1 18       		.uleb128 0x18
 1437 05a2 BA040000 		.4byte	0x4ba
 1438 05a6 04       		.byte	0x4
 1439 05a7 70       		.byte	0x70
 1440 05a8 F000     		.sleb128 112
 1441 05aa 9F       		.byte	0x9f
 1442 05ab 19       		.uleb128 0x19
 1443 05ac AF040000 		.4byte	0x4af
 1444 05b0 00100240 		.4byte	0x40021000
 1445 05b4 00       		.byte	0x0
 1446 05b5 17       		.uleb128 0x17
 1447 05b6 A2040000 		.4byte	0x4a2
 1448 05ba 1A000000 		.4byte	.LBB35
 1449 05be 78000000 		.4byte	.Ldebug_ranges0+0x78
 1450 05c2 01       		.byte	0x1
 1451 05c3 82       		.byte	0x82
 1452 05c4 DC050000 		.4byte	0x5dc
 1453 05c8 18       		.uleb128 0x18
 1454 05c9 BA040000 		.4byte	0x4ba
 1455 05cd 04       		.byte	0x4
 1456 05ce 70       		.byte	0x70
 1457 05cf 8C01     		.sleb128 140
 1458 05d1 9F       		.byte	0x9f
 1459 05d2 19       		.uleb128 0x19
 1460 05d3 AF040000 		.4byte	0x4af
 1461 05d7 00140240 		.4byte	0x40021400
 1462 05db 00       		.byte	0x0
 1463 05dc 17       		.uleb128 0x17
 1464 05dd A2040000 		.4byte	0x4a2
 1465 05e1 1C000000 		.4byte	.LBB38
 1466 05e5 90000000 		.4byte	.Ldebug_ranges0+0x90
 1467 05e9 01       		.byte	0x1
 1468 05ea 85       		.byte	0x85
 1469 05eb 03060000 		.4byte	0x603
 1470 05ef 18       		.uleb128 0x18
 1471 05f0 BA040000 		.4byte	0x4ba
 1472 05f4 04       		.byte	0x4
 1473 05f5 70       		.byte	0x70
 1474 05f6 A801     		.sleb128 168
 1475 05f8 9F       		.byte	0x9f
 1476 05f9 19       		.uleb128 0x19
 1477 05fa AF040000 		.4byte	0x4af
 1478 05fe 00180240 		.4byte	0x40021800
ARM GAS  C:\Users\DNIEL~1\AppData\Local\Temp\ccSDsxDN.s 			page 27


 1479 0602 00       		.byte	0x0
 1480 0603 17       		.uleb128 0x17
 1481 0604 A2040000 		.4byte	0x4a2
 1482 0608 1E000000 		.4byte	.LBB41
 1483 060c A8000000 		.4byte	.Ldebug_ranges0+0xa8
 1484 0610 01       		.byte	0x1
 1485 0611 88       		.byte	0x88
 1486 0612 2A060000 		.4byte	0x62a
 1487 0616 18       		.uleb128 0x18
 1488 0617 BA040000 		.4byte	0x4ba
 1489 061b 04       		.byte	0x4
 1490 061c 70       		.byte	0x70
 1491 061d C401     		.sleb128 196
 1492 061f 9F       		.byte	0x9f
 1493 0620 19       		.uleb128 0x19
 1494 0621 AF040000 		.4byte	0x4af
 1495 0625 001C0240 		.4byte	0x40021c00
 1496 0629 00       		.byte	0x0
 1497 062a 1A       		.uleb128 0x1a
 1498 062b A2040000 		.4byte	0x4a2
 1499 062f 20000000 		.4byte	.LBB44
 1500 0633 C0000000 		.4byte	.Ldebug_ranges0+0xc0
 1501 0637 01       		.byte	0x1
 1502 0638 8B       		.byte	0x8b
 1503 0639 18       		.uleb128 0x18
 1504 063a BA040000 		.4byte	0x4ba
 1505 063e 04       		.byte	0x4
 1506 063f 70       		.byte	0x70
 1507 0640 E001     		.sleb128 224
 1508 0642 9F       		.byte	0x9f
 1509 0643 19       		.uleb128 0x19
 1510 0644 AF040000 		.4byte	0x4af
 1511 0648 00200240 		.4byte	0x40022000
 1512 064c 00       		.byte	0x0
 1513 064d 00       		.byte	0x0
 1514 064e 11       		.uleb128 0x11
 1515 064f 04       		.byte	0x4
 1516 0650 54060000 		.4byte	0x654
 1517 0654 14       		.uleb128 0x14
 1518 0655 70040000 		.4byte	0x470
 1519 0659 15       		.uleb128 0x15
 1520 065a 01       		.byte	0x1
 1521 065b 11000000 		.4byte	.LASF74
 1522 065f 01       		.byte	0x1
 1523 0660 9D       		.byte	0x9d
 1524 0661 01       		.byte	0x1
 1525 0662 00000000 		.4byte	.LFB120
 1526 0666 BC000000 		.4byte	.LFE120
 1527 066a 20000000 		.4byte	.LLST1
 1528 066e 37070000 		.4byte	0x737
 1529 0672 16       		.uleb128 0x16
 1530 0673 13020000 		.4byte	.LASF75
 1531 0677 01       		.byte	0x1
 1532 0678 9D       		.byte	0x9d
 1533 0679 91040000 		.4byte	0x491
 1534 067d 01       		.byte	0x1
 1535 067e 50       		.byte	0x50
ARM GAS  C:\Users\DNIEL~1\AppData\Local\Temp\ccSDsxDN.s 			page 28


 1536 067f 1B       		.uleb128 0x1b
 1537 0680 78020000 		.4byte	.LASF76
 1538 0684 01       		.byte	0x1
 1539 0685 9E       		.byte	0x9e
 1540 0686 7B040000 		.4byte	0x47b
 1541 068a 40000000 		.4byte	.LLST2
 1542 068e 1B       		.uleb128 0x1b
 1543 068f 04020000 		.4byte	.LASF77
 1544 0693 01       		.byte	0x1
 1545 0694 9F       		.byte	0x9f
 1546 0695 86040000 		.4byte	0x486
 1547 0699 6D000000 		.4byte	.LLST3
 1548 069d 1C       		.uleb128 0x1c
 1549 069e DC020000 		.4byte	.LASF51
 1550 06a2 01       		.byte	0x1
 1551 06a3 A1       		.byte	0xa1
 1552 06a4 70000000 		.4byte	0x70
 1553 06a8 80000000 		.4byte	.LLST4
 1554 06ac 1C       		.uleb128 0x1c
 1555 06ad 93010000 		.4byte	.LASF52
 1556 06b1 01       		.byte	0x1
 1557 06b2 A2       		.byte	0xa2
 1558 06b3 70000000 		.4byte	0x70
 1559 06b7 9E000000 		.4byte	.LLST5
 1560 06bb 1C       		.uleb128 0x1c
 1561 06bc FF000000 		.4byte	.LASF53
 1562 06c0 01       		.byte	0x1
 1563 06c1 A3       		.byte	0xa3
 1564 06c2 70000000 		.4byte	0x70
 1565 06c6 BC000000 		.4byte	.LLST6
 1566 06ca 1C       		.uleb128 0x1c
 1567 06cb 7D020000 		.4byte	.LASF54
 1568 06cf 01       		.byte	0x1
 1569 06d0 A4       		.byte	0xa4
 1570 06d1 70000000 		.4byte	0x70
 1571 06d5 DA000000 		.4byte	.LLST7
 1572 06d9 1C       		.uleb128 0x1c
 1573 06da 01030000 		.4byte	.LASF78
 1574 06de 01       		.byte	0x1
 1575 06df A5       		.byte	0xa5
 1576 06e0 70000000 		.4byte	0x70
 1577 06e4 F8000000 		.4byte	.LLST8
 1578 06e8 1D       		.uleb128 0x1d
 1579 06e9 62697400 		.ascii	"bit\000"
 1580 06ed 01       		.byte	0x1
 1581 06ee A6       		.byte	0xa6
 1582 06ef 70000000 		.4byte	0x70
 1583 06f3 16010000 		.4byte	.LLST9
 1584 06f7 1E       		.uleb128 0x1e
 1585 06f8 D8000000 		.4byte	.Ldebug_ranges0+0xd8
 1586 06fc 1C       		.uleb128 0x1c
 1587 06fd 4C030000 		.4byte	.LASF79
 1588 0701 01       		.byte	0x1
 1589 0702 A9       		.byte	0xa9
 1590 0703 70000000 		.4byte	0x70
 1591 0707 40010000 		.4byte	.LLST10
 1592 070b 1D       		.uleb128 0x1d
ARM GAS  C:\Users\DNIEL~1\AppData\Local\Temp\ccSDsxDN.s 			page 29


 1593 070c 6D3100   		.ascii	"m1\000"
 1594 070f 01       		.byte	0x1
 1595 0710 A9       		.byte	0xa9
 1596 0711 70000000 		.4byte	0x70
 1597 0715 5E010000 		.4byte	.LLST11
 1598 0719 1D       		.uleb128 0x1d
 1599 071a 6D3200   		.ascii	"m2\000"
 1600 071d 01       		.byte	0x1
 1601 071e A9       		.byte	0xa9
 1602 071f 70000000 		.4byte	0x70
 1603 0723 75010000 		.4byte	.LLST12
 1604 0727 1D       		.uleb128 0x1d
 1605 0728 6D3400   		.ascii	"m4\000"
 1606 072b 01       		.byte	0x1
 1607 072c A9       		.byte	0xa9
 1608 072d 70000000 		.4byte	0x70
 1609 0731 8E010000 		.4byte	.LLST13
 1610 0735 00       		.byte	0x0
 1611 0736 00       		.byte	0x0
 1612 0737 1F       		.uleb128 0x1f
 1613 0738 3F030000 		.4byte	.LASF80
 1614 073c 05       		.byte	0x5
 1615 073d 9806     		.2byte	0x698
 1616 073f AC000000 		.4byte	0xac
 1617 0743 01       		.byte	0x1
 1618 0744 01       		.byte	0x1
 1619 0745 1F       		.uleb128 0x1f
 1620 0746 3F030000 		.4byte	.LASF80
 1621 074a 05       		.byte	0x5
 1622 074b 9806     		.2byte	0x698
 1623 074d AC000000 		.4byte	0xac
 1624 0751 01       		.byte	0x1
 1625 0752 01       		.byte	0x1
 1626 0753 00       		.byte	0x0
 1627              		.section	.debug_abbrev
 1628 0000 01       		.uleb128 0x1
 1629 0001 11       		.uleb128 0x11
 1630 0002 01       		.byte	0x1
 1631 0003 25       		.uleb128 0x25
 1632 0004 0E       		.uleb128 0xe
 1633 0005 13       		.uleb128 0x13
 1634 0006 0B       		.uleb128 0xb
 1635 0007 03       		.uleb128 0x3
 1636 0008 0E       		.uleb128 0xe
 1637 0009 1B       		.uleb128 0x1b
 1638 000a 0E       		.uleb128 0xe
 1639 000b 11       		.uleb128 0x11
 1640 000c 01       		.uleb128 0x1
 1641 000d 52       		.uleb128 0x52
 1642 000e 01       		.uleb128 0x1
 1643 000f 55       		.uleb128 0x55
 1644 0010 06       		.uleb128 0x6
 1645 0011 10       		.uleb128 0x10
 1646 0012 06       		.uleb128 0x6
 1647 0013 00       		.byte	0x0
 1648 0014 00       		.byte	0x0
 1649 0015 02       		.uleb128 0x2
ARM GAS  C:\Users\DNIEL~1\AppData\Local\Temp\ccSDsxDN.s 			page 30


 1650 0016 24       		.uleb128 0x24
 1651 0017 00       		.byte	0x0
 1652 0018 0B       		.uleb128 0xb
 1653 0019 0B       		.uleb128 0xb
 1654 001a 3E       		.uleb128 0x3e
 1655 001b 0B       		.uleb128 0xb
 1656 001c 03       		.uleb128 0x3
 1657 001d 08       		.uleb128 0x8
 1658 001e 00       		.byte	0x0
 1659 001f 00       		.byte	0x0
 1660 0020 03       		.uleb128 0x3
 1661 0021 24       		.uleb128 0x24
 1662 0022 00       		.byte	0x0
 1663 0023 0B       		.uleb128 0xb
 1664 0024 0B       		.uleb128 0xb
 1665 0025 3E       		.uleb128 0x3e
 1666 0026 0B       		.uleb128 0xb
 1667 0027 03       		.uleb128 0x3
 1668 0028 0E       		.uleb128 0xe
 1669 0029 00       		.byte	0x0
 1670 002a 00       		.byte	0x0
 1671 002b 04       		.uleb128 0x4
 1672 002c 16       		.uleb128 0x16
 1673 002d 00       		.byte	0x0
 1674 002e 03       		.uleb128 0x3
 1675 002f 0E       		.uleb128 0xe
 1676 0030 3A       		.uleb128 0x3a
 1677 0031 0B       		.uleb128 0xb
 1678 0032 3B       		.uleb128 0x3b
 1679 0033 0B       		.uleb128 0xb
 1680 0034 49       		.uleb128 0x49
 1681 0035 13       		.uleb128 0x13
 1682 0036 00       		.byte	0x0
 1683 0037 00       		.byte	0x0
 1684 0038 05       		.uleb128 0x5
 1685 0039 35       		.uleb128 0x35
 1686 003a 00       		.byte	0x0
 1687 003b 49       		.uleb128 0x49
 1688 003c 13       		.uleb128 0x13
 1689 003d 00       		.byte	0x0
 1690 003e 00       		.byte	0x0
 1691 003f 06       		.uleb128 0x6
 1692 0040 01       		.uleb128 0x1
 1693 0041 01       		.byte	0x1
 1694 0042 49       		.uleb128 0x49
 1695 0043 13       		.uleb128 0x13
 1696 0044 01       		.uleb128 0x1
 1697 0045 13       		.uleb128 0x13
 1698 0046 00       		.byte	0x0
 1699 0047 00       		.byte	0x0
 1700 0048 07       		.uleb128 0x7
 1701 0049 21       		.uleb128 0x21
 1702 004a 00       		.byte	0x0
 1703 004b 49       		.uleb128 0x49
 1704 004c 13       		.uleb128 0x13
 1705 004d 2F       		.uleb128 0x2f
 1706 004e 0B       		.uleb128 0xb
ARM GAS  C:\Users\DNIEL~1\AppData\Local\Temp\ccSDsxDN.s 			page 31


 1707 004f 00       		.byte	0x0
 1708 0050 00       		.byte	0x0
 1709 0051 08       		.uleb128 0x8
 1710 0052 13       		.uleb128 0x13
 1711 0053 01       		.byte	0x1
 1712 0054 0B       		.uleb128 0xb
 1713 0055 0B       		.uleb128 0xb
 1714 0056 3A       		.uleb128 0x3a
 1715 0057 0B       		.uleb128 0xb
 1716 0058 3B       		.uleb128 0x3b
 1717 0059 05       		.uleb128 0x5
 1718 005a 01       		.uleb128 0x1
 1719 005b 13       		.uleb128 0x13
 1720 005c 00       		.byte	0x0
 1721 005d 00       		.byte	0x0
 1722 005e 09       		.uleb128 0x9
 1723 005f 0D       		.uleb128 0xd
 1724 0060 00       		.byte	0x0
 1725 0061 03       		.uleb128 0x3
 1726 0062 08       		.uleb128 0x8
 1727 0063 3A       		.uleb128 0x3a
 1728 0064 0B       		.uleb128 0xb
 1729 0065 3B       		.uleb128 0x3b
 1730 0066 05       		.uleb128 0x5
 1731 0067 49       		.uleb128 0x49
 1732 0068 13       		.uleb128 0x13
 1733 0069 38       		.uleb128 0x38
 1734 006a 0A       		.uleb128 0xa
 1735 006b 00       		.byte	0x0
 1736 006c 00       		.byte	0x0
 1737 006d 0A       		.uleb128 0xa
 1738 006e 0D       		.uleb128 0xd
 1739 006f 00       		.byte	0x0
 1740 0070 03       		.uleb128 0x3
 1741 0071 0E       		.uleb128 0xe
 1742 0072 3A       		.uleb128 0x3a
 1743 0073 0B       		.uleb128 0xb
 1744 0074 3B       		.uleb128 0x3b
 1745 0075 05       		.uleb128 0x5
 1746 0076 49       		.uleb128 0x49
 1747 0077 13       		.uleb128 0x13
 1748 0078 38       		.uleb128 0x38
 1749 0079 0A       		.uleb128 0xa
 1750 007a 00       		.byte	0x0
 1751 007b 00       		.byte	0x0
 1752 007c 0B       		.uleb128 0xb
 1753 007d 16       		.uleb128 0x16
 1754 007e 00       		.byte	0x0
 1755 007f 03       		.uleb128 0x3
 1756 0080 0E       		.uleb128 0xe
 1757 0081 3A       		.uleb128 0x3a
 1758 0082 0B       		.uleb128 0xb
 1759 0083 3B       		.uleb128 0x3b
 1760 0084 05       		.uleb128 0x5
 1761 0085 49       		.uleb128 0x49
 1762 0086 13       		.uleb128 0x13
 1763 0087 00       		.byte	0x0
ARM GAS  C:\Users\DNIEL~1\AppData\Local\Temp\ccSDsxDN.s 			page 32


 1764 0088 00       		.byte	0x0
 1765 0089 0C       		.uleb128 0xc
 1766 008a 13       		.uleb128 0x13
 1767 008b 01       		.byte	0x1
 1768 008c 0B       		.uleb128 0xb
 1769 008d 0B       		.uleb128 0xb
 1770 008e 3A       		.uleb128 0x3a
 1771 008f 0B       		.uleb128 0xb
 1772 0090 3B       		.uleb128 0x3b
 1773 0091 0B       		.uleb128 0xb
 1774 0092 01       		.uleb128 0x1
 1775 0093 13       		.uleb128 0x13
 1776 0094 00       		.byte	0x0
 1777 0095 00       		.byte	0x0
 1778 0096 0D       		.uleb128 0xd
 1779 0097 0D       		.uleb128 0xd
 1780 0098 00       		.byte	0x0
 1781 0099 03       		.uleb128 0x3
 1782 009a 08       		.uleb128 0x8
 1783 009b 3A       		.uleb128 0x3a
 1784 009c 0B       		.uleb128 0xb
 1785 009d 3B       		.uleb128 0x3b
 1786 009e 0B       		.uleb128 0xb
 1787 009f 49       		.uleb128 0x49
 1788 00a0 13       		.uleb128 0x13
 1789 00a1 38       		.uleb128 0x38
 1790 00a2 0A       		.uleb128 0xa
 1791 00a3 00       		.byte	0x0
 1792 00a4 00       		.byte	0x0
 1793 00a5 0E       		.uleb128 0xe
 1794 00a6 0D       		.uleb128 0xd
 1795 00a7 00       		.byte	0x0
 1796 00a8 03       		.uleb128 0x3
 1797 00a9 0E       		.uleb128 0xe
 1798 00aa 3A       		.uleb128 0x3a
 1799 00ab 0B       		.uleb128 0xb
 1800 00ac 3B       		.uleb128 0x3b
 1801 00ad 0B       		.uleb128 0xb
 1802 00ae 49       		.uleb128 0x49
 1803 00af 13       		.uleb128 0x13
 1804 00b0 38       		.uleb128 0x38
 1805 00b1 0A       		.uleb128 0xa
 1806 00b2 00       		.byte	0x0
 1807 00b3 00       		.byte	0x0
 1808 00b4 0F       		.uleb128 0xf
 1809 00b5 17       		.uleb128 0x17
 1810 00b6 01       		.byte	0x1
 1811 00b7 0B       		.uleb128 0xb
 1812 00b8 0B       		.uleb128 0xb
 1813 00b9 3A       		.uleb128 0x3a
 1814 00ba 0B       		.uleb128 0xb
 1815 00bb 3B       		.uleb128 0x3b
 1816 00bc 0B       		.uleb128 0xb
 1817 00bd 01       		.uleb128 0x1
 1818 00be 13       		.uleb128 0x13
 1819 00bf 00       		.byte	0x0
 1820 00c0 00       		.byte	0x0
ARM GAS  C:\Users\DNIEL~1\AppData\Local\Temp\ccSDsxDN.s 			page 33


 1821 00c1 10       		.uleb128 0x10
 1822 00c2 0D       		.uleb128 0xd
 1823 00c3 00       		.byte	0x0
 1824 00c4 03       		.uleb128 0x3
 1825 00c5 08       		.uleb128 0x8
 1826 00c6 3A       		.uleb128 0x3a
 1827 00c7 0B       		.uleb128 0xb
 1828 00c8 3B       		.uleb128 0x3b
 1829 00c9 0B       		.uleb128 0xb
 1830 00ca 49       		.uleb128 0x49
 1831 00cb 13       		.uleb128 0x13
 1832 00cc 00       		.byte	0x0
 1833 00cd 00       		.byte	0x0
 1834 00ce 11       		.uleb128 0x11
 1835 00cf 0F       		.uleb128 0xf
 1836 00d0 00       		.byte	0x0
 1837 00d1 0B       		.uleb128 0xb
 1838 00d2 0B       		.uleb128 0xb
 1839 00d3 49       		.uleb128 0x49
 1840 00d4 13       		.uleb128 0x13
 1841 00d5 00       		.byte	0x0
 1842 00d6 00       		.byte	0x0
 1843 00d7 12       		.uleb128 0x12
 1844 00d8 2E       		.uleb128 0x2e
 1845 00d9 01       		.byte	0x1
 1846 00da 03       		.uleb128 0x3
 1847 00db 0E       		.uleb128 0xe
 1848 00dc 3A       		.uleb128 0x3a
 1849 00dd 0B       		.uleb128 0xb
 1850 00de 3B       		.uleb128 0x3b
 1851 00df 0B       		.uleb128 0xb
 1852 00e0 27       		.uleb128 0x27
 1853 00e1 0C       		.uleb128 0xc
 1854 00e2 20       		.uleb128 0x20
 1855 00e3 0B       		.uleb128 0xb
 1856 00e4 01       		.uleb128 0x1
 1857 00e5 13       		.uleb128 0x13
 1858 00e6 00       		.byte	0x0
 1859 00e7 00       		.byte	0x0
 1860 00e8 13       		.uleb128 0x13
 1861 00e9 05       		.uleb128 0x5
 1862 00ea 00       		.byte	0x0
 1863 00eb 03       		.uleb128 0x3
 1864 00ec 0E       		.uleb128 0xe
 1865 00ed 3A       		.uleb128 0x3a
 1866 00ee 0B       		.uleb128 0xb
 1867 00ef 3B       		.uleb128 0x3b
 1868 00f0 0B       		.uleb128 0xb
 1869 00f1 49       		.uleb128 0x49
 1870 00f2 13       		.uleb128 0x13
 1871 00f3 00       		.byte	0x0
 1872 00f4 00       		.byte	0x0
 1873 00f5 14       		.uleb128 0x14
 1874 00f6 26       		.uleb128 0x26
 1875 00f7 00       		.byte	0x0
 1876 00f8 49       		.uleb128 0x49
 1877 00f9 13       		.uleb128 0x13
ARM GAS  C:\Users\DNIEL~1\AppData\Local\Temp\ccSDsxDN.s 			page 34


 1878 00fa 00       		.byte	0x0
 1879 00fb 00       		.byte	0x0
 1880 00fc 15       		.uleb128 0x15
 1881 00fd 2E       		.uleb128 0x2e
 1882 00fe 01       		.byte	0x1
 1883 00ff 3F       		.uleb128 0x3f
 1884 0100 0C       		.uleb128 0xc
 1885 0101 03       		.uleb128 0x3
 1886 0102 0E       		.uleb128 0xe
 1887 0103 3A       		.uleb128 0x3a
 1888 0104 0B       		.uleb128 0xb
 1889 0105 3B       		.uleb128 0x3b
 1890 0106 0B       		.uleb128 0xb
 1891 0107 27       		.uleb128 0x27
 1892 0108 0C       		.uleb128 0xc
 1893 0109 11       		.uleb128 0x11
 1894 010a 01       		.uleb128 0x1
 1895 010b 12       		.uleb128 0x12
 1896 010c 01       		.uleb128 0x1
 1897 010d 40       		.uleb128 0x40
 1898 010e 06       		.uleb128 0x6
 1899 010f 01       		.uleb128 0x1
 1900 0110 13       		.uleb128 0x13
 1901 0111 00       		.byte	0x0
 1902 0112 00       		.byte	0x0
 1903 0113 16       		.uleb128 0x16
 1904 0114 05       		.uleb128 0x5
 1905 0115 00       		.byte	0x0
 1906 0116 03       		.uleb128 0x3
 1907 0117 0E       		.uleb128 0xe
 1908 0118 3A       		.uleb128 0x3a
 1909 0119 0B       		.uleb128 0xb
 1910 011a 3B       		.uleb128 0x3b
 1911 011b 0B       		.uleb128 0xb
 1912 011c 49       		.uleb128 0x49
 1913 011d 13       		.uleb128 0x13
 1914 011e 02       		.uleb128 0x2
 1915 011f 0A       		.uleb128 0xa
 1916 0120 00       		.byte	0x0
 1917 0121 00       		.byte	0x0
 1918 0122 17       		.uleb128 0x17
 1919 0123 1D       		.uleb128 0x1d
 1920 0124 01       		.byte	0x1
 1921 0125 31       		.uleb128 0x31
 1922 0126 13       		.uleb128 0x13
 1923 0127 52       		.uleb128 0x52
 1924 0128 01       		.uleb128 0x1
 1925 0129 55       		.uleb128 0x55
 1926 012a 06       		.uleb128 0x6
 1927 012b 58       		.uleb128 0x58
 1928 012c 0B       		.uleb128 0xb
 1929 012d 59       		.uleb128 0x59
 1930 012e 0B       		.uleb128 0xb
 1931 012f 01       		.uleb128 0x1
 1932 0130 13       		.uleb128 0x13
 1933 0131 00       		.byte	0x0
 1934 0132 00       		.byte	0x0
ARM GAS  C:\Users\DNIEL~1\AppData\Local\Temp\ccSDsxDN.s 			page 35


 1935 0133 18       		.uleb128 0x18
 1936 0134 05       		.uleb128 0x5
 1937 0135 00       		.byte	0x0
 1938 0136 31       		.uleb128 0x31
 1939 0137 13       		.uleb128 0x13
 1940 0138 02       		.uleb128 0x2
 1941 0139 0A       		.uleb128 0xa
 1942 013a 00       		.byte	0x0
 1943 013b 00       		.byte	0x0
 1944 013c 19       		.uleb128 0x19
 1945 013d 05       		.uleb128 0x5
 1946 013e 00       		.byte	0x0
 1947 013f 31       		.uleb128 0x31
 1948 0140 13       		.uleb128 0x13
 1949 0141 1C       		.uleb128 0x1c
 1950 0142 06       		.uleb128 0x6
 1951 0143 00       		.byte	0x0
 1952 0144 00       		.byte	0x0
 1953 0145 1A       		.uleb128 0x1a
 1954 0146 1D       		.uleb128 0x1d
 1955 0147 01       		.byte	0x1
 1956 0148 31       		.uleb128 0x31
 1957 0149 13       		.uleb128 0x13
 1958 014a 52       		.uleb128 0x52
 1959 014b 01       		.uleb128 0x1
 1960 014c 55       		.uleb128 0x55
 1961 014d 06       		.uleb128 0x6
 1962 014e 58       		.uleb128 0x58
 1963 014f 0B       		.uleb128 0xb
 1964 0150 59       		.uleb128 0x59
 1965 0151 0B       		.uleb128 0xb
 1966 0152 00       		.byte	0x0
 1967 0153 00       		.byte	0x0
 1968 0154 1B       		.uleb128 0x1b
 1969 0155 05       		.uleb128 0x5
 1970 0156 00       		.byte	0x0
 1971 0157 03       		.uleb128 0x3
 1972 0158 0E       		.uleb128 0xe
 1973 0159 3A       		.uleb128 0x3a
 1974 015a 0B       		.uleb128 0xb
 1975 015b 3B       		.uleb128 0x3b
 1976 015c 0B       		.uleb128 0xb
 1977 015d 49       		.uleb128 0x49
 1978 015e 13       		.uleb128 0x13
 1979 015f 02       		.uleb128 0x2
 1980 0160 06       		.uleb128 0x6
 1981 0161 00       		.byte	0x0
 1982 0162 00       		.byte	0x0
 1983 0163 1C       		.uleb128 0x1c
 1984 0164 34       		.uleb128 0x34
 1985 0165 00       		.byte	0x0
 1986 0166 03       		.uleb128 0x3
 1987 0167 0E       		.uleb128 0xe
 1988 0168 3A       		.uleb128 0x3a
 1989 0169 0B       		.uleb128 0xb
 1990 016a 3B       		.uleb128 0x3b
 1991 016b 0B       		.uleb128 0xb
ARM GAS  C:\Users\DNIEL~1\AppData\Local\Temp\ccSDsxDN.s 			page 36


 1992 016c 49       		.uleb128 0x49
 1993 016d 13       		.uleb128 0x13
 1994 016e 02       		.uleb128 0x2
 1995 016f 06       		.uleb128 0x6
 1996 0170 00       		.byte	0x0
 1997 0171 00       		.byte	0x0
 1998 0172 1D       		.uleb128 0x1d
 1999 0173 34       		.uleb128 0x34
 2000 0174 00       		.byte	0x0
 2001 0175 03       		.uleb128 0x3
 2002 0176 08       		.uleb128 0x8
 2003 0177 3A       		.uleb128 0x3a
 2004 0178 0B       		.uleb128 0xb
 2005 0179 3B       		.uleb128 0x3b
 2006 017a 0B       		.uleb128 0xb
 2007 017b 49       		.uleb128 0x49
 2008 017c 13       		.uleb128 0x13
 2009 017d 02       		.uleb128 0x2
 2010 017e 06       		.uleb128 0x6
 2011 017f 00       		.byte	0x0
 2012 0180 00       		.byte	0x0
 2013 0181 1E       		.uleb128 0x1e
 2014 0182 0B       		.uleb128 0xb
 2015 0183 01       		.byte	0x1
 2016 0184 55       		.uleb128 0x55
 2017 0185 06       		.uleb128 0x6
 2018 0186 00       		.byte	0x0
 2019 0187 00       		.byte	0x0
 2020 0188 1F       		.uleb128 0x1f
 2021 0189 34       		.uleb128 0x34
 2022 018a 00       		.byte	0x0
 2023 018b 03       		.uleb128 0x3
 2024 018c 0E       		.uleb128 0xe
 2025 018d 3A       		.uleb128 0x3a
 2026 018e 0B       		.uleb128 0xb
 2027 018f 3B       		.uleb128 0x3b
 2028 0190 05       		.uleb128 0x5
 2029 0191 49       		.uleb128 0x49
 2030 0192 13       		.uleb128 0x13
 2031 0193 3F       		.uleb128 0x3f
 2032 0194 0C       		.uleb128 0xc
 2033 0195 3C       		.uleb128 0x3c
 2034 0196 0C       		.uleb128 0xc
 2035 0197 00       		.byte	0x0
 2036 0198 00       		.byte	0x0
 2037 0199 00       		.byte	0x0
 2038              		.section	.debug_pubnames,"",%progbits
 2039 0000 3A000000 		.4byte	0x3a
 2040 0004 0200     		.2byte	0x2
 2041 0006 00000000 		.4byte	.Ldebug_info0
 2042 000a 54070000 		.4byte	0x754
 2043 000e D1040000 		.4byte	0x4d1
 2044 0012 5F70616C 		.ascii	"_pal_lld_init\000"
 2044      5F6C6C64 
 2044      5F696E69 
 2044      7400
 2045 0020 59060000 		.4byte	0x659
ARM GAS  C:\Users\DNIEL~1\AppData\Local\Temp\ccSDsxDN.s 			page 37


 2046 0024 5F70616C 		.ascii	"_pal_lld_setgroupmode\000"
 2046      5F6C6C64 
 2046      5F736574 
 2046      67726F75 
 2046      706D6F64 
 2047 003a 00000000 		.4byte	0x0
 2048              		.section	.debug_pubtypes,"",%progbits
 2049 0000 A7000000 		.4byte	0xa7
 2050 0004 0200     		.2byte	0x2
 2051 0006 00000000 		.4byte	.Ldebug_info0
 2052 000a 54070000 		.4byte	0x754
 2053 000e 4C000000 		.4byte	0x4c
 2054 0012 75696E74 		.ascii	"uint16_t\000"
 2054      31365F74 
 2054      00
 2055 001b 5E000000 		.4byte	0x5e
 2056 001f 696E7433 		.ascii	"int32_t\000"
 2056      325F7400 
 2057 0027 70000000 		.4byte	0x70
 2058 002b 75696E74 		.ascii	"uint32_t\000"
 2058      33325F74 
 2058      00
 2059 0034 7E020000 		.4byte	0x27e
 2060 0038 5243435F 		.ascii	"RCC_TypeDef\000"
 2060      54797065 
 2060      44656600 
 2061 0044 64030000 		.4byte	0x364
 2062 0048 4750494F 		.ascii	"GPIO_TypeDef\000"
 2062      5F547970 
 2062      65446566 
 2062      00
 2063 0055 DA030000 		.4byte	0x3da
 2064 0059 73746D33 		.ascii	"stm32_gpio_setup_t\000"
 2064      325F6770 
 2064      696F5F73 
 2064      65747570 
 2064      5F7400
 2065 006c 70040000 		.4byte	0x470
 2066 0070 50414C43 		.ascii	"PALConfig\000"
 2066      6F6E6669 
 2066      6700
 2067 007a 7B040000 		.4byte	0x47b
 2068 007e 696F706F 		.ascii	"ioportmask_t\000"
 2068      72746D61 
 2068      736B5F74 
 2068      00
 2069 008b 86040000 		.4byte	0x486
 2070 008f 696F6D6F 		.ascii	"iomode_t\000"
 2070      64655F74 
 2070      00
 2071 0098 91040000 		.4byte	0x491
 2072 009c 696F706F 		.ascii	"ioportid_t\000"
 2072      72746964 
 2072      5F7400
 2073 00a7 00000000 		.4byte	0x0
 2074              		.section	.debug_aranges,"",%progbits
 2075 0000 24000000 		.4byte	0x24
ARM GAS  C:\Users\DNIEL~1\AppData\Local\Temp\ccSDsxDN.s 			page 38


 2076 0004 0200     		.2byte	0x2
 2077 0006 00000000 		.4byte	.Ldebug_info0
 2078 000a 04       		.byte	0x4
 2079 000b 00       		.byte	0x0
 2080 000c 0000     		.2byte	0x0
 2081 000e 0000     		.2byte	0x0
 2082 0010 00000000 		.4byte	.LFB119
 2083 0014 FC010000 		.4byte	.LFE119-.LFB119
 2084 0018 00000000 		.4byte	.LFB120
 2085 001c BC000000 		.4byte	.LFE120-.LFB120
 2086 0020 00000000 		.4byte	0x0
 2087 0024 00000000 		.4byte	0x0
 2088              		.section	.debug_ranges,"",%progbits
 2089              	.Ldebug_ranges0:
 2090 0000 08000000 		.4byte	.LBB20
 2091 0004 0C000000 		.4byte	.LBE20
 2092 0008 3E000000 		.4byte	.LBB47
 2093 000c 76000000 		.4byte	.LBE47
 2094 0010 00000000 		.4byte	0x0
 2095 0014 00000000 		.4byte	0x0
 2096 0018 10000000 		.4byte	.LBB23
 2097 001c 14000000 		.4byte	.LBE23
 2098 0020 76000000 		.4byte	.LBB48
 2099 0024 AE000000 		.4byte	.LBE48
 2100 0028 00000000 		.4byte	0x0
 2101 002c 00000000 		.4byte	0x0
 2102 0030 14000000 		.4byte	.LBB26
 2103 0034 16000000 		.4byte	.LBE26
 2104 0038 AE000000 		.4byte	.LBB49
 2105 003c E6000000 		.4byte	.LBE49
 2106 0040 00000000 		.4byte	0x0
 2107 0044 00000000 		.4byte	0x0
 2108 0048 16000000 		.4byte	.LBB29
 2109 004c 18000000 		.4byte	.LBE29
 2110 0050 E6000000 		.4byte	.LBB50
 2111 0054 02010000 		.4byte	.LBE50
 2112 0058 00000000 		.4byte	0x0
 2113 005c 00000000 		.4byte	0x0
 2114 0060 18000000 		.4byte	.LBB32
 2115 0064 1A000000 		.4byte	.LBE32
 2116 0068 02010000 		.4byte	.LBB51
 2117 006c 24010000 		.4byte	.LBE51
 2118 0070 00000000 		.4byte	0x0
 2119 0074 00000000 		.4byte	0x0
 2120 0078 1A000000 		.4byte	.LBB35
 2121 007c 1C000000 		.4byte	.LBE35
 2122 0080 24010000 		.4byte	.LBB52
 2123 0084 4E010000 		.4byte	.LBE52
 2124 0088 00000000 		.4byte	0x0
 2125 008c 00000000 		.4byte	0x0
 2126 0090 1C000000 		.4byte	.LBB38
 2127 0094 1E000000 		.4byte	.LBE38
 2128 0098 4E010000 		.4byte	.LBB53
 2129 009c 78010000 		.4byte	.LBE53
 2130 00a0 00000000 		.4byte	0x0
 2131 00a4 00000000 		.4byte	0x0
 2132 00a8 1E000000 		.4byte	.LBB41
ARM GAS  C:\Users\DNIEL~1\AppData\Local\Temp\ccSDsxDN.s 			page 39


 2133 00ac 20000000 		.4byte	.LBE41
 2134 00b0 78010000 		.4byte	.LBB54
 2135 00b4 A2010000 		.4byte	.LBE54
 2136 00b8 00000000 		.4byte	0x0
 2137 00bc 00000000 		.4byte	0x0
 2138 00c0 20000000 		.4byte	.LBB44
 2139 00c4 22000000 		.4byte	.LBE44
 2140 00c8 A2010000 		.4byte	.LBB55
 2141 00cc CC010000 		.4byte	.LBE55
 2142 00d0 00000000 		.4byte	0x0
 2143 00d4 00000000 		.4byte	0x0
 2144 00d8 1A000000 		.4byte	.LBB56
 2145 00dc 7E000000 		.4byte	.LBE56
 2146 00e0 92000000 		.4byte	.LBB57
 2147 00e4 B6000000 		.4byte	.LBE57
 2148 00e8 00000000 		.4byte	0x0
 2149 00ec 00000000 		.4byte	0x0
 2150 00f0 00000000 		.4byte	.LFB119
 2151 00f4 FC010000 		.4byte	.LFE119
 2152 00f8 00000000 		.4byte	.LFB120
 2153 00fc BC000000 		.4byte	.LFE120
 2154 0100 00000000 		.4byte	0x0
 2155 0104 00000000 		.4byte	0x0
 2156              		.section	.debug_str,"MS",%progbits,1
 2157              	.LASF29:
 2158 0000 41484231 		.ascii	"AHB1LPENR\000"
 2158      4C50454E 
 2158      5200
 2159              	.LASF60:
 2160 000a 50434461 		.ascii	"PCData\000"
 2160      746100
 2161              	.LASF74:
 2162 0011 5F70616C 		.ascii	"_pal_lld_setgroupmode\000"
 2162      5F6C6C64 
 2162      5F736574 
 2162      67726F75 
 2162      706D6F64 
 2163              	.LASF19:
 2164 0027 41504231 		.ascii	"APB1RSTR\000"
 2164      52535452 
 2164      00
 2165              	.LASF23:
 2166 0030 41484232 		.ascii	"AHB2ENR\000"
 2166      454E5200 
 2167              	.LASF57:
 2168 0038 73746D33 		.ascii	"stm32_gpio_setup_t\000"
 2168      325F6770 
 2168      696F5F73 
 2168      65747570 
 2168      5F7400
 2169              	.LASF63:
 2170 004b 50464461 		.ascii	"PFData\000"
 2170      746100
 2171              	.LASF73:
 2172 0052 5F70616C 		.ascii	"_pal_lld_init\000"
 2172      5F6C6C64 
 2172      5F696E69 
ARM GAS  C:\Users\DNIEL~1\AppData\Local\Temp\ccSDsxDN.s 			page 40


 2172      7400
 2173              	.LASF3:
 2174 0060 73686F72 		.ascii	"short int\000"
 2174      7420696E 
 2174      7400
 2175              	.LASF84:
 2176 006a 696E6974 		.ascii	"initgpio\000"
 2176      6770696F 
 2176      00
 2177              	.LASF71:
 2178 0073 6770696F 		.ascii	"gpiop\000"
 2178      7000
 2179              	.LASF36:
 2180 0079 42444352 		.ascii	"BDCR\000"
 2180      00
 2181              	.LASF66:
 2182 007e 50494461 		.ascii	"PIData\000"
 2182      746100
 2183              	.LASF39:
 2184 0085 504C4C49 		.ascii	"PLLI2SCFGR\000"
 2184      32534346 
 2184      475200
 2185              	.LASF22:
 2186 0090 41484231 		.ascii	"AHB1ENR\000"
 2186      454E5200 
 2187              	.LASF38:
 2188 0098 53534347 		.ascii	"SSCGR\000"
 2188      5200
 2189              	.LASF59:
 2190 009e 50424461 		.ascii	"PBData\000"
 2190      746100
 2191              	.LASF31:
 2192 00a5 41484233 		.ascii	"AHB3LPENR\000"
 2192      4C50454E 
 2192      5200
 2193              	.LASF72:
 2194 00af 636F6E66 		.ascii	"config\000"
 2194      696700
 2195              	.LASF69:
 2196 00b6 696F6D6F 		.ascii	"iomode_t\000"
 2196      64655F74 
 2196      00
 2197              	.LASF26:
 2198 00bf 41504231 		.ascii	"APB1ENR\000"
 2198      454E5200 
 2199              	.LASF68:
 2200 00c7 696F706F 		.ascii	"ioportmask_t\000"
 2200      72746D61 
 2200      736B5F74 
 2200      00
 2201              	.LASF43:
 2202 00d4 4F545950 		.ascii	"OTYPER\000"
 2202      455200
 2203              	.LASF24:
 2204 00db 41484233 		.ascii	"AHB3ENR\000"
 2204      454E5200 
 2205              	.LASF44:
ARM GAS  C:\Users\DNIEL~1\AppData\Local\Temp\ccSDsxDN.s 			page 41


 2206 00e3 4F535045 		.ascii	"OSPEEDR\000"
 2206      45445200 
 2207              	.LASF10:
 2208 00eb 6C6F6E67 		.ascii	"long long int\000"
 2208      206C6F6E 
 2208      6720696E 
 2208      7400
 2209              	.LASF45:
 2210 00f9 50555044 		.ascii	"PUPDR\000"
 2210      5200
 2211              	.LASF53:
 2212 00ff 6F737065 		.ascii	"ospeedr\000"
 2212      65647200 
 2213              	.LASF7:
 2214 0107 6C6F6E67 		.ascii	"long int\000"
 2214      20696E74 
 2214      00
 2215              	.LASF61:
 2216 0110 50444461 		.ascii	"PDData\000"
 2216      746100
 2217              	.LASF40:
 2218 0117 5243435F 		.ascii	"RCC_TypeDef\000"
 2218      54797065 
 2218      44656600 
 2219              	.LASF42:
 2220 0123 4D4F4445 		.ascii	"MODER\000"
 2220      5200
 2221              	.LASF20:
 2222 0129 41504232 		.ascii	"APB2RSTR\000"
 2222      52535452 
 2222      00
 2223              	.LASF41:
 2224 0132 636C6561 		.ascii	"clear\000"
 2224      7200
 2225              	.LASF64:
 2226 0138 50474461 		.ascii	"PGData\000"
 2226      746100
 2227              	.LASF58:
 2228 013f 50414461 		.ascii	"PAData\000"
 2228      746100
 2229              	.LASF70:
 2230 0146 696F706F 		.ascii	"ioportid_t\000"
 2230      72746964 
 2230      5F7400
 2231              	.LASF2:
 2232 0151 756E7369 		.ascii	"unsigned char\000"
 2232      676E6564 
 2232      20636861 
 2232      7200
 2233              	.LASF27:
 2234 015f 41504232 		.ascii	"APB2ENR\000"
 2234      454E5200 
 2235              	.LASF1:
 2236 0167 7369676E 		.ascii	"signed char\000"
 2236      65642063 
 2236      68617200 
 2237              	.LASF11:
ARM GAS  C:\Users\DNIEL~1\AppData\Local\Temp\ccSDsxDN.s 			page 42


 2238 0173 6C6F6E67 		.ascii	"long long unsigned int\000"
 2238      206C6F6E 
 2238      6720756E 
 2238      7369676E 
 2238      65642069 
 2239              	.LASF8:
 2240 018a 75696E74 		.ascii	"uint32_t\000"
 2240      33325F74 
 2240      00
 2241              	.LASF52:
 2242 0193 6F747970 		.ascii	"otyper\000"
 2242      657200
 2243              	.LASF16:
 2244 019a 41484232 		.ascii	"AHB2RSTR\000"
 2244      52535452 
 2244      00
 2245              	.LASF5:
 2246 01a3 75696E74 		.ascii	"uint16_t\000"
 2246      31365F74 
 2246      00
 2247              	.LASF9:
 2248 01ac 6C6F6E67 		.ascii	"long unsigned int\000"
 2248      20756E73 
 2248      69676E65 
 2248      6420696E 
 2248      7400
 2249              	.LASF49:
 2250 01be 41465248 		.ascii	"AFRH\000"
 2250      00
 2251              	.LASF13:
 2252 01c3 504C4C43 		.ascii	"PLLCFGR\000"
 2252      46475200 
 2253              	.LASF48:
 2254 01cb 4146524C 		.ascii	"AFRL\000"
 2254      00
 2255              	.LASF4:
 2256 01d0 73686F72 		.ascii	"short unsigned int\000"
 2256      7420756E 
 2256      7369676E 
 2256      65642069 
 2256      6E7400
 2257              	.LASF33:
 2258 01e3 41504231 		.ascii	"APB1LPENR\000"
 2258      4C50454E 
 2258      5200
 2259              	.LASF12:
 2260 01ed 63686172 		.ascii	"char\000"
 2260      00
 2261              	.LASF6:
 2262 01f2 696E7433 		.ascii	"int32_t\000"
 2262      325F7400 
 2263              	.LASF67:
 2264 01fa 50414C43 		.ascii	"PALConfig\000"
 2264      6F6E6669 
 2264      6700
 2265              	.LASF77:
 2266 0204 6D6F6465 		.ascii	"mode\000"
ARM GAS  C:\Users\DNIEL~1\AppData\Local\Temp\ccSDsxDN.s 			page 43


 2266      00
 2267              	.LASF30:
 2268 0209 41484232 		.ascii	"AHB2LPENR\000"
 2268      4C50454E 
 2268      5200
 2269              	.LASF75:
 2270 0213 706F7274 		.ascii	"port\000"
 2270      00
 2271              	.LASF62:
 2272 0218 50454461 		.ascii	"PEData\000"
 2272      746100
 2273              	.LASF18:
 2274 021f 52455345 		.ascii	"RESERVED0\000"
 2274      52564544 
 2274      3000
 2275              	.LASF21:
 2276 0229 52455345 		.ascii	"RESERVED1\000"
 2276      52564544 
 2276      3100
 2277              	.LASF25:
 2278 0233 52455345 		.ascii	"RESERVED2\000"
 2278      52564544 
 2278      3200
 2279              	.LASF28:
 2280 023d 52455345 		.ascii	"RESERVED3\000"
 2280      52564544 
 2280      3300
 2281              	.LASF32:
 2282 0247 52455345 		.ascii	"RESERVED4\000"
 2282      52564544 
 2282      3400
 2283              	.LASF35:
 2284 0251 52455345 		.ascii	"RESERVED5\000"
 2284      52564544 
 2284      3500
 2285              	.LASF37:
 2286 025b 52455345 		.ascii	"RESERVED6\000"
 2286      52564544 
 2286      3600
 2287              	.LASF65:
 2288 0265 50484461 		.ascii	"PHData\000"
 2288      746100
 2289              	.LASF81:
 2290 026c 474E5520 		.ascii	"GNU C 4.5.2\000"
 2290      4320342E 
 2290      352E3200 
 2291              	.LASF76:
 2292 0278 6D61736B 		.ascii	"mask\000"
 2292      00
 2293              	.LASF54:
 2294 027d 70757064 		.ascii	"pupdr\000"
 2294      7200
 2295              	.LASF56:
 2296 0283 61667268 		.ascii	"afrh\000"
 2296      00
 2297              	.LASF83:
 2298 0288 433A5C55 		.ascii	"C:\\Users\\D\341niel\\Dropbox\\Solar Racing\\Szoftv"
ARM GAS  C:\Users\DNIEL~1\AppData\Local\Temp\ccSDsxDN.s 			page 44


 2298      73657273 
 2298      5C44E16E 
 2298      69656C5C 
 2298      44726F70 
 2299 02b3 65725C53 		.ascii	"er\\Smarty\\Smarty_v6\\smarty\\firmware\000"
 2299      6D617274 
 2299      795C536D 
 2299      61727479 
 2299      5F76365C 
 2300              	.LASF55:
 2301 02d7 6166726C 		.ascii	"afrl\000"
 2301      00
 2302              	.LASF51:
 2303 02dc 6D6F6465 		.ascii	"moder\000"
 2303      7200
 2304              	.LASF15:
 2305 02e2 41484231 		.ascii	"AHB1RSTR\000"
 2305      52535452 
 2305      00
 2306              	.LASF50:
 2307 02eb 4750494F 		.ascii	"GPIO_TypeDef\000"
 2307      5F547970 
 2307      65446566 
 2307      00
 2308              	.LASF17:
 2309 02f8 41484233 		.ascii	"AHB3RSTR\000"
 2309      52535452 
 2309      00
 2310              	.LASF78:
 2311 0301 616C7472 		.ascii	"altr\000"
 2311      00
 2312              	.LASF82:
 2313 0306 2E2E2F2E 		.ascii	"../../../ChibiOS/os/hal/platforms/STM32/GPIOv2/pal_"
 2313      2E2F2E2E 
 2313      2F436869 
 2313      62694F53 
 2313      2F6F732F 
 2314 0339 6C6C642E 		.ascii	"lld.c\000"
 2314      6300
 2315              	.LASF80:
 2316 033f 49544D5F 		.ascii	"ITM_RxBuffer\000"
 2316      52784275 
 2316      66666572 
 2316      00
 2317              	.LASF79:
 2318 034c 616C7472 		.ascii	"altrmask\000"
 2318      6D61736B 
 2318      00
 2319              	.LASF0:
 2320 0355 756E7369 		.ascii	"unsigned int\000"
 2320      676E6564 
 2320      20696E74 
 2320      00
 2321              	.LASF14:
 2322 0362 43464752 		.ascii	"CFGR\000"
 2322      00
 2323              	.LASF47:
ARM GAS  C:\Users\DNIEL~1\AppData\Local\Temp\ccSDsxDN.s 			page 45


 2324 0367 4C434B52 		.ascii	"LCKR\000"
 2324      00
 2325              	.LASF34:
 2326 036c 41504232 		.ascii	"APB2LPENR\000"
 2326      4C50454E 
 2326      5200
 2327              	.LASF46:
 2328 0376 42535252 		.ascii	"BSRR\000"
 2328      00
 2329              		.ident	"GCC: (Sourcery G++ Lite 2011.03-42) 4.5.2"
ARM GAS  C:\Users\DNIEL~1\AppData\Local\Temp\ccSDsxDN.s 			page 46


DEFINED SYMBOLS
                            *ABS*:00000000 pal_lld.c
C:\Users\DNIEL~1\AppData\Local\Temp\ccSDsxDN.s:24     .text._pal_lld_init:00000000 $t
C:\Users\DNIEL~1\AppData\Local\Temp\ccSDsxDN.s:30     .text._pal_lld_init:00000000 _pal_lld_init
C:\Users\DNIEL~1\AppData\Local\Temp\ccSDsxDN.s:349    .text._pal_lld_init:000001d4 $d
C:\Users\DNIEL~1\AppData\Local\Temp\ccSDsxDN.s:363    .text._pal_lld_setgroupmode:00000000 $t
C:\Users\DNIEL~1\AppData\Local\Temp\ccSDsxDN.s:369    .text._pal_lld_setgroupmode:00000000 _pal_lld_setgroupmode
                     .debug_frame:00000010 $d
C:\Users\DNIEL~1\AppData\Local\Temp\ccSDsxDN.s:362    .text._pal_lld_init:000001fc $t

NO UNDEFINED SYMBOLS
