ARM GAS  C:\Users\DNIEL~1\AppData\Local\Temp\ccmG6E3E.s 			page 1


   1              		.syntax unified
   2              		.cpu cortex-m4
   3              		.fpu softvfp
   4              		.eabi_attribute 20, 1
   5              		.eabi_attribute 21, 1
   6              		.eabi_attribute 23, 3
   7              		.eabi_attribute 24, 1
   8              		.eabi_attribute 25, 1
   9              		.eabi_attribute 26, 1
  10              		.eabi_attribute 30, 2
  11              		.eabi_attribute 34, 1
  12              		.eabi_attribute 18, 4
  13              		.thumb
  14              		.file	"tm.c"
  15              		.text
  16              	.Ltext0:
  17              		.cfi_sections	.debug_frame
  18              		.section	.text.tm_start,"ax",%progbits
  19              		.align	2
  20              		.p2align 4,,15
  21              		.thumb
  22              		.thumb_func
  23              		.type	tm_start, %function
  24              	tm_start:
  25              	.LFB118:
  26              		.file 1 "../../../ChibiOS/os/hal/src/tm.c"
  27              		.loc 1 69 0
  28              		.cfi_startproc
  29              		@ args = 0, pretend = 0, frame = 0
  30              		@ frame_needed = 0, uses_anonymous_args = 0
  31              		@ link register save eliminated.
  32              	.LVL0:
  33              		.loc 1 71 0
  34 0000 4FF48053 		mov	r3, #4096
  35 0004 CEF20003 		movt	r3, 57344
  36 0008 5968     		ldr	r1, [r3, #4]
  37 000a 8160     		str	r1, [r0, #8]
  38 000c 7047     		bx	lr
  39              		.cfi_endproc
  40              	.LFE118:
  41              		.size	tm_start, .-tm_start
  42              		.section	.text.tm_stop,"ax",%progbits
  43              		.align	2
  44              		.p2align 4,,15
  45              		.thumb
  46              		.thumb_func
  47              		.type	tm_stop, %function
  48              	tm_stop:
  49              	.LFB119:
  50              		.loc 1 81 0
  51              		.cfi_startproc
  52              		@ args = 0, pretend = 0, frame = 0
  53              		@ frame_needed = 0, uses_anonymous_args = 0
  54              		@ link register save eliminated.
  55              	.LVL1:
  56              		.loc 1 83 0
  57 0000 4FF48053 		mov	r3, #4096
ARM GAS  C:\Users\DNIEL~1\AppData\Local\Temp\ccmG6E3E.s 			page 2


  58 0004 CEF20003 		movt	r3, 57344
  59              		.loc 1 84 0
  60 0008 094A     		ldr	r2, .L7
  61 000a 8168     		ldr	r1, [r0, #8]
  62              		.loc 1 83 0
  63 000c 5B68     		ldr	r3, [r3, #4]
  64              	.LVL2:
  65              		.loc 1 81 0
  66 000e 10B4     		push	{r4}
  67              	.LCFI0:
  68              		.cfi_def_cfa_offset 4
  69              		.cfi_offset 4, -4
  70              		.loc 1 84 0
  71 0010 1468     		ldr	r4, [r2, #0]
  72              		.loc 1 85 0
  73 0012 C268     		ldr	r2, [r0, #12]
  74              		.loc 1 84 0
  75 0014 5B1A     		subs	r3, r3, r1
  76              	.LVL3:
  77 0016 191B     		subs	r1, r3, r4
  78              		.loc 1 85 0
  79 0018 9142     		cmp	r1, r2
  80              		.loc 1 84 0
  81 001a 8160     		str	r1, [r0, #8]
  82              		.loc 1 85 0
  83 001c 05D8     		bhi	.L6
  84              		.loc 1 87 0
  85 001e 0269     		ldr	r2, [r0, #16]
  86 0020 9142     		cmp	r1, r2
  87              		.loc 1 88 0
  88 0022 38BF     		it	cc
  89 0024 0161     		strcc	r1, [r0, #16]
  90              	.L2:
  91              		.loc 1 89 0
  92 0026 10BC     		pop	{r4}
  93 0028 7047     		bx	lr
  94              	.L6:
  95              		.loc 1 86 0
  96 002a C160     		str	r1, [r0, #12]
  97 002c FBE7     		b	.L2
  98              	.L8:
  99 002e 00BF     		.align	2
 100              	.L7:
 101 0030 00000000 		.word	.LANCHOR0
 102              		.cfi_endproc
 103              	.LFE119:
 104              		.size	tm_stop, .-tm_stop
 105 0034 AFF30080 		.section	.text.tmInit,"ax",%progbits
 105      AFF30080 
 105      AFF30080 
 106              		.align	2
 107              		.p2align 4,,15
 108              		.global	tmInit
 109              		.thumb
 110              		.thumb_func
 111              		.type	tmInit, %function
 112              	tmInit:
ARM GAS  C:\Users\DNIEL~1\AppData\Local\Temp\ccmG6E3E.s 			page 3


 113              	.LFB120:
 114              		.loc 1 104 0
 115              		.cfi_startproc
 116              		@ args = 0, pretend = 0, frame = 24
 117              		@ frame_needed = 0, uses_anonymous_args = 0
 118 0000 10B5     		push	{r4, lr}
 119              	.LCFI1:
 120              		.cfi_def_cfa_offset 8
 121              		.cfi_offset 4, -8
 122              		.cfi_offset 14, -4
 123              		.loc 1 110 0
 124 0002 40F20004 		movw	r4, #:lower16:.LANCHOR0
 125              		.loc 1 104 0
 126 0006 86B0     		sub	sp, sp, #24
 127              	.LCFI2:
 128              		.cfi_def_cfa_offset 32
 129              		.loc 1 110 0
 130 0008 C0F20004 		movt	r4, #:upper16:.LANCHOR0
 131              	.LBB8:
 132              	.LBB9:
 133              		.loc 1 71 0
 134 000c 4FF48053 		mov	r3, #4096
 135              	.LBE9:
 136              	.LBE8:
 137              		.loc 1 110 0
 138 0010 0022     		movs	r2, #0
 139              	.LBB13:
 140              	.LBB10:
 141              		.loc 1 71 0
 142 0012 CEF20003 		movt	r3, 57344
 143              	.LBE10:
 144              	.LBE13:
 145              	.LBB14:
 146              	.LBB15:
 147              		.loc 1 130 0
 148 0016 4FF0FF30 		mov	r0, #-1
 149              	.LBE15:
 150              	.LBE14:
 151              		.loc 1 110 0
 152 001a 2260     		str	r2, [r4, #0]
 153              	.LVL4:
 154              	.LBB19:
 155              	.LBB16:
 156              		.loc 1 129 0
 157 001c 0492     		str	r2, [sp, #16]
 158              		.loc 1 130 0
 159 001e 0590     		str	r0, [sp, #20]
 160              	.LVL5:
 161              	.LBE16:
 162              	.LBE19:
 163              	.LBB20:
 164              	.LBB11:
 165              		.loc 1 71 0
 166 0020 5968     		ldr	r1, [r3, #4]
 167              	.LBE11:
 168              	.LBE20:
 169              	.LBB21:
ARM GAS  C:\Users\DNIEL~1\AppData\Local\Temp\ccmG6E3E.s 			page 4


 170              	.LBB17:
 171              		.loc 1 127 0
 172 0022 40F20002 		movw	r2, #:lower16:tm_stop
 173              		.loc 1 126 0
 174 0026 40F20003 		movw	r3, #:lower16:tm_start
 175              	.LBE17:
 176              	.LBE21:
 177              		.loc 1 113 0
 178 002a 01A8     		add	r0, sp, #4
 179              	.LVL6:
 180              	.LBB22:
 181              	.LBB18:
 182              		.loc 1 126 0
 183 002c C0F20003 		movt	r3, #:upper16:tm_start
 184              		.loc 1 127 0
 185 0030 C0F20002 		movt	r2, #:upper16:tm_stop
 186              		.loc 1 126 0
 187 0034 0193     		str	r3, [sp, #4]
 188              		.loc 1 127 0
 189 0036 0292     		str	r2, [sp, #8]
 190              	.LBE18:
 191              	.LBE22:
 192              	.LBB23:
 193              	.LBB12:
 194              		.loc 1 71 0
 195 0038 0391     		str	r1, [sp, #12]
 196              	.LBE12:
 197              	.LBE23:
 198              		.loc 1 113 0
 199 003a FFF7FEFF 		bl	tm_stop
 200              	.LVL7:
 201              		.loc 1 114 0
 202 003e 0398     		ldr	r0, [sp, #12]
 203 0040 2060     		str	r0, [r4, #0]
 204              		.loc 1 115 0
 205 0042 06B0     		add	sp, sp, #24
 206 0044 10BD     		pop	{r4, pc}
 207              		.cfi_endproc
 208              	.LFE120:
 209              		.size	tmInit, .-tmInit
 210 0046 00BFAFF3 		.section	.text.tmObjectInit,"ax",%progbits
 210      0080AFF3 
 210      0080
 211              		.align	2
 212              		.p2align 4,,15
 213              		.global	tmObjectInit
 214              		.thumb
 215              		.thumb_func
 216              		.type	tmObjectInit, %function
 217              	tmObjectInit:
 218              	.LFB121:
 219              		.loc 1 124 0
 220              		.cfi_startproc
 221              		@ args = 0, pretend = 0, frame = 0
 222              		@ frame_needed = 0, uses_anonymous_args = 0
 223              		@ link register save eliminated.
 224              	.LVL8:
ARM GAS  C:\Users\DNIEL~1\AppData\Local\Temp\ccmG6E3E.s 			page 5


 225              		.loc 1 128 0
 226 0000 0023     		movs	r3, #0
 227              		.loc 1 126 0
 228 0002 40F20002 		movw	r2, #:lower16:tm_start
 229              		.loc 1 127 0
 230 0006 40F20001 		movw	r1, #:lower16:tm_stop
 231              		.loc 1 126 0
 232 000a C0F20002 		movt	r2, #:upper16:tm_start
 233              		.loc 1 127 0
 234 000e C0F20001 		movt	r1, #:upper16:tm_stop
 235              		.loc 1 128 0
 236 0012 8360     		str	r3, [r0, #8]
 237              		.loc 1 129 0
 238 0014 C360     		str	r3, [r0, #12]
 239              		.loc 1 130 0
 240 0016 4FF0FF33 		mov	r3, #-1
 241              		.loc 1 126 0
 242 001a 0260     		str	r2, [r0, #0]
 243              		.loc 1 127 0
 244 001c 4160     		str	r1, [r0, #4]
 245              		.loc 1 130 0
 246 001e 0361     		str	r3, [r0, #16]
 247 0020 7047     		bx	lr
 248              		.cfi_endproc
 249              	.LFE121:
 250              		.size	tmObjectInit, .-tmObjectInit
 251 0022 00BFAFF3 		.section	.bss.measurement_offset,"aw",%nobits
 251      0080AFF3 
 251      0080AFF3 
 251      0080
 252              		.align	2
 253              		.set	.LANCHOR0,. + 0
 254              		.type	measurement_offset, %object
 255              		.size	measurement_offset, 4
 256              	measurement_offset:
 257 0000 00000000 		.space	4
 258              		.text
 259              	.Letext0:
 260              		.file 2 "c:\\chibistudio\\tools\\gnu tools arm embedded\\4.7 2014q2\\bin\\../lib/gcc/arm-none-eabi
 261              		.file 3 "../../../ChibiOS/os/ports/common/ARMCMx/nvic.h"
 262              		.file 4 "../../../ChibiOS/os/hal/platforms/STM32F4xx/hal_lld.h"
 263              		.file 5 "../../../ChibiOS/os/hal/include/tm.h"
 264              		.file 6 "../../../ChibiOS/os/ports/common/ARMCMx/CMSIS/include/core_cm4.h"
 265              		.section	.debug_info,"",%progbits
 266              	.Ldebug_info0:
 267 0000 F0020000 		.4byte	0x2f0
 268 0004 0200     		.2byte	0x2
 269 0006 00000000 		.4byte	.Ldebug_abbrev0
 270 000a 04       		.byte	0x4
 271 000b 01       		.uleb128 0x1
 272 000c D4000000 		.4byte	.LASF32
 273 0010 01       		.byte	0x1
 274 0011 81010000 		.4byte	.LASF33
 275 0015 13000000 		.4byte	.LASF34
 276 0019 50000000 		.4byte	.Ldebug_ranges0+0x50
 277 001d 00000000 		.4byte	0
 278 0021 00000000 		.4byte	0
ARM GAS  C:\Users\DNIEL~1\AppData\Local\Temp\ccmG6E3E.s 			page 6


 279 0025 00000000 		.4byte	.Ldebug_line0
 280 0029 02       		.uleb128 0x2
 281 002a 04       		.byte	0x4
 282 002b 05       		.byte	0x5
 283 002c 696E7400 		.ascii	"int\000"
 284 0030 03       		.uleb128 0x3
 285 0031 04       		.byte	0x4
 286 0032 07       		.byte	0x7
 287 0033 2A010000 		.4byte	.LASF0
 288 0037 03       		.uleb128 0x3
 289 0038 01       		.byte	0x1
 290 0039 06       		.byte	0x6
 291 003a DE010000 		.4byte	.LASF1
 292 003e 03       		.uleb128 0x3
 293 003f 01       		.byte	0x1
 294 0040 08       		.byte	0x8
 295 0041 6A000000 		.4byte	.LASF2
 296 0045 03       		.uleb128 0x3
 297 0046 02       		.byte	0x2
 298 0047 05       		.byte	0x5
 299 0048 B5010000 		.4byte	.LASF3
 300 004c 03       		.uleb128 0x3
 301 004d 02       		.byte	0x2
 302 004e 07       		.byte	0x7
 303 004f A5000000 		.4byte	.LASF4
 304 0053 04       		.uleb128 0x4
 305 0054 5A010000 		.4byte	.LASF6
 306 0058 02       		.byte	0x2
 307 0059 4F       		.byte	0x4f
 308 005a 5E000000 		.4byte	0x5e
 309 005e 03       		.uleb128 0x3
 310 005f 04       		.byte	0x4
 311 0060 05       		.byte	0x5
 312 0061 D5010000 		.4byte	.LASF5
 313 0065 04       		.uleb128 0x4
 314 0066 CC010000 		.4byte	.LASF7
 315 006a 02       		.byte	0x2
 316 006b 50       		.byte	0x50
 317 006c 70000000 		.4byte	0x70
 318 0070 03       		.uleb128 0x3
 319 0071 04       		.byte	0x4
 320 0072 07       		.byte	0x7
 321 0073 86000000 		.4byte	.LASF8
 322 0077 03       		.uleb128 0x3
 323 0078 08       		.byte	0x8
 324 0079 05       		.byte	0x5
 325 007a 6B010000 		.4byte	.LASF9
 326 007e 03       		.uleb128 0x3
 327 007f 08       		.byte	0x8
 328 0080 07       		.byte	0x7
 329 0081 53000000 		.4byte	.LASF10
 330 0085 03       		.uleb128 0x3
 331 0086 01       		.byte	0x1
 332 0087 02       		.byte	0x2
 333 0088 FA010000 		.4byte	.LASF11
 334 008c 04       		.uleb128 0x4
 335 008d 79010000 		.4byte	.LASF12
ARM GAS  C:\Users\DNIEL~1\AppData\Local\Temp\ccmG6E3E.s 			page 7


 336 0091 03       		.byte	0x3
 337 0092 3A       		.byte	0x3a
 338 0093 97000000 		.4byte	0x97
 339 0097 05       		.uleb128 0x5
 340 0098 65000000 		.4byte	0x65
 341 009c 03       		.uleb128 0x3
 342 009d 04       		.byte	0x4
 343 009e 07       		.byte	0x7
 344 009f 62010000 		.4byte	.LASF13
 345 00a3 06       		.uleb128 0x6
 346 00a4 20       		.byte	0x20
 347 00a5 03       		.byte	0x3
 348 00a6 0601     		.2byte	0x106
 349 00a8 25010000 		.4byte	0x125
 350 00ac 07       		.uleb128 0x7
 351 00ad 50010000 		.4byte	.LASF14
 352 00b1 03       		.byte	0x3
 353 00b2 0701     		.2byte	0x107
 354 00b4 8C000000 		.4byte	0x8c
 355 00b8 02       		.byte	0x2
 356 00b9 23       		.byte	0x23
 357 00ba 00       		.uleb128 0
 358 00bb 07       		.uleb128 0x7
 359 00bc 78000000 		.4byte	.LASF15
 360 00c0 03       		.byte	0x3
 361 00c1 0801     		.2byte	0x108
 362 00c3 8C000000 		.4byte	0x8c
 363 00c7 02       		.byte	0x2
 364 00c8 23       		.byte	0x23
 365 00c9 04       		.uleb128 0x4
 366 00ca 07       		.uleb128 0x7
 367 00cb B8000000 		.4byte	.LASF16
 368 00cf 03       		.byte	0x3
 369 00d0 0901     		.2byte	0x109
 370 00d2 8C000000 		.4byte	0x8c
 371 00d6 02       		.byte	0x2
 372 00d7 23       		.byte	0x23
 373 00d8 08       		.uleb128 0x8
 374 00d9 07       		.uleb128 0x7
 375 00da 3E000000 		.4byte	.LASF17
 376 00de 03       		.byte	0x3
 377 00df 0A01     		.2byte	0x10a
 378 00e1 8C000000 		.4byte	0x8c
 379 00e5 02       		.byte	0x2
 380 00e6 23       		.byte	0x23
 381 00e7 0C       		.uleb128 0xc
 382 00e8 07       		.uleb128 0x7
 383 00e9 45000000 		.4byte	.LASF18
 384 00ed 03       		.byte	0x3
 385 00ee 0B01     		.2byte	0x10b
 386 00f0 8C000000 		.4byte	0x8c
 387 00f4 02       		.byte	0x2
 388 00f5 23       		.byte	0x23
 389 00f6 10       		.uleb128 0x10
 390 00f7 07       		.uleb128 0x7
 391 00f8 23010000 		.4byte	.LASF19
 392 00fc 03       		.byte	0x3
ARM GAS  C:\Users\DNIEL~1\AppData\Local\Temp\ccmG6E3E.s 			page 8


 393 00fd 0C01     		.2byte	0x10c
 394 00ff 8C000000 		.4byte	0x8c
 395 0103 02       		.byte	0x2
 396 0104 23       		.byte	0x23
 397 0105 14       		.uleb128 0x14
 398 0106 07       		.uleb128 0x7
 399 0107 CC000000 		.4byte	.LASF20
 400 010b 03       		.byte	0x3
 401 010c 0D01     		.2byte	0x10d
 402 010e 8C000000 		.4byte	0x8c
 403 0112 02       		.byte	0x2
 404 0113 23       		.byte	0x23
 405 0114 18       		.uleb128 0x18
 406 0115 07       		.uleb128 0x7
 407 0116 00000000 		.4byte	.LASF21
 408 011a 03       		.byte	0x3
 409 011b 0E01     		.2byte	0x10e
 410 011d 8C000000 		.4byte	0x8c
 411 0121 02       		.byte	0x2
 412 0122 23       		.byte	0x23
 413 0123 1C       		.uleb128 0x1c
 414 0124 00       		.byte	0
 415 0125 08       		.uleb128 0x8
 416 0126 BF010000 		.4byte	.LASF22
 417 012a 03       		.byte	0x3
 418 012b 0F01     		.2byte	0x10f
 419 012d A3000000 		.4byte	0xa3
 420 0131 03       		.uleb128 0x3
 421 0132 01       		.byte	0x1
 422 0133 08       		.byte	0x8
 423 0134 42010000 		.4byte	.LASF23
 424 0138 05       		.uleb128 0x5
 425 0139 53000000 		.4byte	0x53
 426 013d 08       		.uleb128 0x8
 427 013e 37010000 		.4byte	.LASF24
 428 0142 04       		.byte	0x4
 429 0143 C006     		.2byte	0x6c0
 430 0145 65000000 		.4byte	0x65
 431 0149 04       		.uleb128 0x4
 432 014a EA010000 		.4byte	.LASF25
 433 014e 05       		.byte	0x5
 434 014f 45       		.byte	0x45
 435 0150 54010000 		.4byte	0x154
 436 0154 09       		.uleb128 0x9
 437 0155 EA010000 		.4byte	.LASF25
 438 0159 14       		.byte	0x14
 439 015a 05       		.byte	0x5
 440 015b 4A       		.byte	0x4a
 441 015c A7010000 		.4byte	0x1a7
 442 0160 0A       		.uleb128 0xa
 443 0161 0D000000 		.4byte	.LASF26
 444 0165 05       		.byte	0x5
 445 0166 4B       		.byte	0x4b
 446 0167 B9010000 		.4byte	0x1b9
 447 016b 02       		.byte	0x2
 448 016c 23       		.byte	0x23
 449 016d 00       		.uleb128 0
ARM GAS  C:\Users\DNIEL~1\AppData\Local\Temp\ccmG6E3E.s 			page 9


 450 016e 0A       		.uleb128 0xa
 451 016f 4E000000 		.4byte	.LASF27
 452 0173 05       		.byte	0x5
 453 0174 4C       		.byte	0x4c
 454 0175 B9010000 		.4byte	0x1b9
 455 0179 02       		.byte	0x2
 456 017a 23       		.byte	0x23
 457 017b 04       		.uleb128 0x4
 458 017c 0A       		.uleb128 0xa
 459 017d 55010000 		.4byte	.LASF28
 460 0181 05       		.byte	0x5
 461 0182 4D       		.byte	0x4d
 462 0183 3D010000 		.4byte	0x13d
 463 0187 02       		.byte	0x2
 464 0188 23       		.byte	0x23
 465 0189 08       		.uleb128 0x8
 466 018a 0A       		.uleb128 0xa
 467 018b 1D010000 		.4byte	.LASF29
 468 018f 05       		.byte	0x5
 469 0190 4E       		.byte	0x4e
 470 0191 3D010000 		.4byte	0x13d
 471 0195 02       		.byte	0x2
 472 0196 23       		.byte	0x23
 473 0197 0C       		.uleb128 0xc
 474 0198 0A       		.uleb128 0xa
 475 0199 C7010000 		.4byte	.LASF30
 476 019d 05       		.byte	0x5
 477 019e 4F       		.byte	0x4f
 478 019f 3D010000 		.4byte	0x13d
 479 01a3 02       		.byte	0x2
 480 01a4 23       		.byte	0x23
 481 01a5 10       		.uleb128 0x10
 482 01a6 00       		.byte	0
 483 01a7 0B       		.uleb128 0xb
 484 01a8 01       		.byte	0x1
 485 01a9 B3010000 		.4byte	0x1b3
 486 01ad 0C       		.uleb128 0xc
 487 01ae B3010000 		.4byte	0x1b3
 488 01b2 00       		.byte	0
 489 01b3 0D       		.uleb128 0xd
 490 01b4 04       		.byte	0x4
 491 01b5 49010000 		.4byte	0x149
 492 01b9 0D       		.uleb128 0xd
 493 01ba 04       		.byte	0x4
 494 01bb A7010000 		.4byte	0x1a7
 495 01bf 0E       		.uleb128 0xe
 496 01c0 01       		.byte	0x1
 497 01c1 98000000 		.4byte	.LASF35
 498 01c5 01       		.byte	0x1
 499 01c6 7C       		.byte	0x7c
 500 01c7 01       		.byte	0x1
 501 01c8 01       		.byte	0x1
 502 01c9 D9010000 		.4byte	0x1d9
 503 01cd 0F       		.uleb128 0xf
 504 01ce 746D7000 		.ascii	"tmp\000"
 505 01d2 01       		.byte	0x1
 506 01d3 7C       		.byte	0x7c
ARM GAS  C:\Users\DNIEL~1\AppData\Local\Temp\ccmG6E3E.s 			page 10


 507 01d4 B3010000 		.4byte	0x1b3
 508 01d8 00       		.byte	0
 509 01d9 10       		.uleb128 0x10
 510 01da 47010000 		.4byte	.LASF36
 511 01de 01       		.byte	0x1
 512 01df 45       		.byte	0x45
 513 01e0 01       		.byte	0x1
 514 01e1 01       		.byte	0x1
 515 01e2 F2010000 		.4byte	0x1f2
 516 01e6 0F       		.uleb128 0xf
 517 01e7 746D7000 		.ascii	"tmp\000"
 518 01eb 01       		.byte	0x1
 519 01ec 45       		.byte	0x45
 520 01ed B3010000 		.4byte	0x1b3
 521 01f1 00       		.byte	0
 522 01f2 11       		.uleb128 0x11
 523 01f3 D9010000 		.4byte	0x1d9
 524 01f7 00000000 		.4byte	.LFB118
 525 01fb 0E000000 		.4byte	.LFE118
 526 01ff 02       		.byte	0x2
 527 0200 7D       		.byte	0x7d
 528 0201 00       		.sleb128 0
 529 0202 01       		.byte	0x1
 530 0203 0F020000 		.4byte	0x20f
 531 0207 12       		.uleb128 0x12
 532 0208 E6010000 		.4byte	0x1e6
 533 020c 01       		.byte	0x1
 534 020d 50       		.byte	0x50
 535 020e 00       		.byte	0
 536 020f 13       		.uleb128 0x13
 537 0210 05000000 		.4byte	.LASF37
 538 0214 01       		.byte	0x1
 539 0215 51       		.byte	0x51
 540 0216 01       		.byte	0x1
 541 0217 00000000 		.4byte	.LFB119
 542 021b 34000000 		.4byte	.LFE119
 543 021f 00000000 		.4byte	.LLST0
 544 0223 01       		.byte	0x1
 545 0224 45020000 		.4byte	0x245
 546 0228 14       		.uleb128 0x14
 547 0229 746D7000 		.ascii	"tmp\000"
 548 022d 01       		.byte	0x1
 549 022e 51       		.byte	0x51
 550 022f B3010000 		.4byte	0x1b3
 551 0233 01       		.byte	0x1
 552 0234 50       		.byte	0x50
 553 0235 15       		.uleb128 0x15
 554 0236 6E6F7700 		.ascii	"now\000"
 555 023a 01       		.byte	0x1
 556 023b 53       		.byte	0x53
 557 023c 3D010000 		.4byte	0x13d
 558 0240 20000000 		.4byte	.LLST1
 559 0244 00       		.byte	0
 560 0245 16       		.uleb128 0x16
 561 0246 01       		.byte	0x1
 562 0247 7F000000 		.4byte	.LASF38
 563 024b 01       		.byte	0x1
ARM GAS  C:\Users\DNIEL~1\AppData\Local\Temp\ccmG6E3E.s 			page 11


 564 024c 68       		.byte	0x68
 565 024d 01       		.byte	0x1
 566 024e 00000000 		.4byte	.LFB120
 567 0252 46000000 		.4byte	.LFE120
 568 0256 33000000 		.4byte	.LLST2
 569 025a 01       		.byte	0x1
 570 025b B7020000 		.4byte	0x2b7
 571 025f 17       		.uleb128 0x17
 572 0260 746D00   		.ascii	"tm\000"
 573 0263 01       		.byte	0x1
 574 0264 69       		.byte	0x69
 575 0265 49010000 		.4byte	0x149
 576 0269 02       		.byte	0x2
 577 026a 91       		.byte	0x91
 578 026b 64       		.sleb128 -28
 579 026c 18       		.uleb128 0x18
 580 026d D9010000 		.4byte	0x1d9
 581 0271 0C000000 		.4byte	.LBB8
 582 0275 00000000 		.4byte	.Ldebug_ranges0+0
 583 0279 01       		.byte	0x1
 584 027a 70       		.byte	0x70
 585 027b 89020000 		.4byte	0x289
 586 027f 19       		.uleb128 0x19
 587 0280 E6010000 		.4byte	0x1e6
 588 0284 5F000000 		.4byte	.LLST3
 589 0288 00       		.byte	0
 590 0289 18       		.uleb128 0x18
 591 028a BF010000 		.4byte	0x1bf
 592 028e 16000000 		.4byte	.LBB14
 593 0292 28000000 		.4byte	.Ldebug_ranges0+0x28
 594 0296 01       		.byte	0x1
 595 0297 6F       		.byte	0x6f
 596 0298 A6020000 		.4byte	0x2a6
 597 029c 19       		.uleb128 0x19
 598 029d CD010000 		.4byte	0x1cd
 599 02a1 8C000000 		.4byte	.LLST4
 600 02a5 00       		.byte	0
 601 02a6 1A       		.uleb128 0x1a
 602 02a7 3E000000 		.4byte	.LVL7
 603 02ab 0F020000 		.4byte	0x20f
 604 02af 1B       		.uleb128 0x1b
 605 02b0 01       		.byte	0x1
 606 02b1 50       		.byte	0x50
 607 02b2 02       		.byte	0x2
 608 02b3 91       		.byte	0x91
 609 02b4 64       		.sleb128 -28
 610 02b5 00       		.byte	0
 611 02b6 00       		.byte	0
 612 02b7 11       		.uleb128 0x11
 613 02b8 BF010000 		.4byte	0x1bf
 614 02bc 00000000 		.4byte	.LFB121
 615 02c0 22000000 		.4byte	.LFE121
 616 02c4 02       		.byte	0x2
 617 02c5 7D       		.byte	0x7d
 618 02c6 00       		.sleb128 0
 619 02c7 01       		.byte	0x1
 620 02c8 D4020000 		.4byte	0x2d4
ARM GAS  C:\Users\DNIEL~1\AppData\Local\Temp\ccmG6E3E.s 			page 12


 621 02cc 12       		.uleb128 0x12
 622 02cd CD010000 		.4byte	0x1cd
 623 02d1 01       		.byte	0x1
 624 02d2 50       		.byte	0x50
 625 02d3 00       		.byte	0
 626 02d4 1C       		.uleb128 0x1c
 627 02d5 A2010000 		.4byte	.LASF31
 628 02d9 01       		.byte	0x1
 629 02da 38       		.byte	0x38
 630 02db 3D010000 		.4byte	0x13d
 631 02df 05       		.byte	0x5
 632 02e0 03       		.byte	0x3
 633 02e1 00000000 		.4byte	measurement_offset
 634 02e5 1D       		.uleb128 0x1d
 635 02e6 BF000000 		.4byte	.LASF39
 636 02ea 06       		.byte	0x6
 637 02eb 9806     		.2byte	0x698
 638 02ed 38010000 		.4byte	0x138
 639 02f1 01       		.byte	0x1
 640 02f2 01       		.byte	0x1
 641 02f3 00       		.byte	0
 642              		.section	.debug_abbrev,"",%progbits
 643              	.Ldebug_abbrev0:
 644 0000 01       		.uleb128 0x1
 645 0001 11       		.uleb128 0x11
 646 0002 01       		.byte	0x1
 647 0003 25       		.uleb128 0x25
 648 0004 0E       		.uleb128 0xe
 649 0005 13       		.uleb128 0x13
 650 0006 0B       		.uleb128 0xb
 651 0007 03       		.uleb128 0x3
 652 0008 0E       		.uleb128 0xe
 653 0009 1B       		.uleb128 0x1b
 654 000a 0E       		.uleb128 0xe
 655 000b 55       		.uleb128 0x55
 656 000c 06       		.uleb128 0x6
 657 000d 11       		.uleb128 0x11
 658 000e 01       		.uleb128 0x1
 659 000f 52       		.uleb128 0x52
 660 0010 01       		.uleb128 0x1
 661 0011 10       		.uleb128 0x10
 662 0012 06       		.uleb128 0x6
 663 0013 00       		.byte	0
 664 0014 00       		.byte	0
 665 0015 02       		.uleb128 0x2
 666 0016 24       		.uleb128 0x24
 667 0017 00       		.byte	0
 668 0018 0B       		.uleb128 0xb
 669 0019 0B       		.uleb128 0xb
 670 001a 3E       		.uleb128 0x3e
 671 001b 0B       		.uleb128 0xb
 672 001c 03       		.uleb128 0x3
 673 001d 08       		.uleb128 0x8
 674 001e 00       		.byte	0
 675 001f 00       		.byte	0
 676 0020 03       		.uleb128 0x3
 677 0021 24       		.uleb128 0x24
ARM GAS  C:\Users\DNIEL~1\AppData\Local\Temp\ccmG6E3E.s 			page 13


 678 0022 00       		.byte	0
 679 0023 0B       		.uleb128 0xb
 680 0024 0B       		.uleb128 0xb
 681 0025 3E       		.uleb128 0x3e
 682 0026 0B       		.uleb128 0xb
 683 0027 03       		.uleb128 0x3
 684 0028 0E       		.uleb128 0xe
 685 0029 00       		.byte	0
 686 002a 00       		.byte	0
 687 002b 04       		.uleb128 0x4
 688 002c 16       		.uleb128 0x16
 689 002d 00       		.byte	0
 690 002e 03       		.uleb128 0x3
 691 002f 0E       		.uleb128 0xe
 692 0030 3A       		.uleb128 0x3a
 693 0031 0B       		.uleb128 0xb
 694 0032 3B       		.uleb128 0x3b
 695 0033 0B       		.uleb128 0xb
 696 0034 49       		.uleb128 0x49
 697 0035 13       		.uleb128 0x13
 698 0036 00       		.byte	0
 699 0037 00       		.byte	0
 700 0038 05       		.uleb128 0x5
 701 0039 35       		.uleb128 0x35
 702 003a 00       		.byte	0
 703 003b 49       		.uleb128 0x49
 704 003c 13       		.uleb128 0x13
 705 003d 00       		.byte	0
 706 003e 00       		.byte	0
 707 003f 06       		.uleb128 0x6
 708 0040 13       		.uleb128 0x13
 709 0041 01       		.byte	0x1
 710 0042 0B       		.uleb128 0xb
 711 0043 0B       		.uleb128 0xb
 712 0044 3A       		.uleb128 0x3a
 713 0045 0B       		.uleb128 0xb
 714 0046 3B       		.uleb128 0x3b
 715 0047 05       		.uleb128 0x5
 716 0048 01       		.uleb128 0x1
 717 0049 13       		.uleb128 0x13
 718 004a 00       		.byte	0
 719 004b 00       		.byte	0
 720 004c 07       		.uleb128 0x7
 721 004d 0D       		.uleb128 0xd
 722 004e 00       		.byte	0
 723 004f 03       		.uleb128 0x3
 724 0050 0E       		.uleb128 0xe
 725 0051 3A       		.uleb128 0x3a
 726 0052 0B       		.uleb128 0xb
 727 0053 3B       		.uleb128 0x3b
 728 0054 05       		.uleb128 0x5
 729 0055 49       		.uleb128 0x49
 730 0056 13       		.uleb128 0x13
 731 0057 38       		.uleb128 0x38
 732 0058 0A       		.uleb128 0xa
 733 0059 00       		.byte	0
 734 005a 00       		.byte	0
ARM GAS  C:\Users\DNIEL~1\AppData\Local\Temp\ccmG6E3E.s 			page 14


 735 005b 08       		.uleb128 0x8
 736 005c 16       		.uleb128 0x16
 737 005d 00       		.byte	0
 738 005e 03       		.uleb128 0x3
 739 005f 0E       		.uleb128 0xe
 740 0060 3A       		.uleb128 0x3a
 741 0061 0B       		.uleb128 0xb
 742 0062 3B       		.uleb128 0x3b
 743 0063 05       		.uleb128 0x5
 744 0064 49       		.uleb128 0x49
 745 0065 13       		.uleb128 0x13
 746 0066 00       		.byte	0
 747 0067 00       		.byte	0
 748 0068 09       		.uleb128 0x9
 749 0069 13       		.uleb128 0x13
 750 006a 01       		.byte	0x1
 751 006b 03       		.uleb128 0x3
 752 006c 0E       		.uleb128 0xe
 753 006d 0B       		.uleb128 0xb
 754 006e 0B       		.uleb128 0xb
 755 006f 3A       		.uleb128 0x3a
 756 0070 0B       		.uleb128 0xb
 757 0071 3B       		.uleb128 0x3b
 758 0072 0B       		.uleb128 0xb
 759 0073 01       		.uleb128 0x1
 760 0074 13       		.uleb128 0x13
 761 0075 00       		.byte	0
 762 0076 00       		.byte	0
 763 0077 0A       		.uleb128 0xa
 764 0078 0D       		.uleb128 0xd
 765 0079 00       		.byte	0
 766 007a 03       		.uleb128 0x3
 767 007b 0E       		.uleb128 0xe
 768 007c 3A       		.uleb128 0x3a
 769 007d 0B       		.uleb128 0xb
 770 007e 3B       		.uleb128 0x3b
 771 007f 0B       		.uleb128 0xb
 772 0080 49       		.uleb128 0x49
 773 0081 13       		.uleb128 0x13
 774 0082 38       		.uleb128 0x38
 775 0083 0A       		.uleb128 0xa
 776 0084 00       		.byte	0
 777 0085 00       		.byte	0
 778 0086 0B       		.uleb128 0xb
 779 0087 15       		.uleb128 0x15
 780 0088 01       		.byte	0x1
 781 0089 27       		.uleb128 0x27
 782 008a 0C       		.uleb128 0xc
 783 008b 01       		.uleb128 0x1
 784 008c 13       		.uleb128 0x13
 785 008d 00       		.byte	0
 786 008e 00       		.byte	0
 787 008f 0C       		.uleb128 0xc
 788 0090 05       		.uleb128 0x5
 789 0091 00       		.byte	0
 790 0092 49       		.uleb128 0x49
 791 0093 13       		.uleb128 0x13
ARM GAS  C:\Users\DNIEL~1\AppData\Local\Temp\ccmG6E3E.s 			page 15


 792 0094 00       		.byte	0
 793 0095 00       		.byte	0
 794 0096 0D       		.uleb128 0xd
 795 0097 0F       		.uleb128 0xf
 796 0098 00       		.byte	0
 797 0099 0B       		.uleb128 0xb
 798 009a 0B       		.uleb128 0xb
 799 009b 49       		.uleb128 0x49
 800 009c 13       		.uleb128 0x13
 801 009d 00       		.byte	0
 802 009e 00       		.byte	0
 803 009f 0E       		.uleb128 0xe
 804 00a0 2E       		.uleb128 0x2e
 805 00a1 01       		.byte	0x1
 806 00a2 3F       		.uleb128 0x3f
 807 00a3 0C       		.uleb128 0xc
 808 00a4 03       		.uleb128 0x3
 809 00a5 0E       		.uleb128 0xe
 810 00a6 3A       		.uleb128 0x3a
 811 00a7 0B       		.uleb128 0xb
 812 00a8 3B       		.uleb128 0x3b
 813 00a9 0B       		.uleb128 0xb
 814 00aa 27       		.uleb128 0x27
 815 00ab 0C       		.uleb128 0xc
 816 00ac 20       		.uleb128 0x20
 817 00ad 0B       		.uleb128 0xb
 818 00ae 01       		.uleb128 0x1
 819 00af 13       		.uleb128 0x13
 820 00b0 00       		.byte	0
 821 00b1 00       		.byte	0
 822 00b2 0F       		.uleb128 0xf
 823 00b3 05       		.uleb128 0x5
 824 00b4 00       		.byte	0
 825 00b5 03       		.uleb128 0x3
 826 00b6 08       		.uleb128 0x8
 827 00b7 3A       		.uleb128 0x3a
 828 00b8 0B       		.uleb128 0xb
 829 00b9 3B       		.uleb128 0x3b
 830 00ba 0B       		.uleb128 0xb
 831 00bb 49       		.uleb128 0x49
 832 00bc 13       		.uleb128 0x13
 833 00bd 00       		.byte	0
 834 00be 00       		.byte	0
 835 00bf 10       		.uleb128 0x10
 836 00c0 2E       		.uleb128 0x2e
 837 00c1 01       		.byte	0x1
 838 00c2 03       		.uleb128 0x3
 839 00c3 0E       		.uleb128 0xe
 840 00c4 3A       		.uleb128 0x3a
 841 00c5 0B       		.uleb128 0xb
 842 00c6 3B       		.uleb128 0x3b
 843 00c7 0B       		.uleb128 0xb
 844 00c8 27       		.uleb128 0x27
 845 00c9 0C       		.uleb128 0xc
 846 00ca 20       		.uleb128 0x20
 847 00cb 0B       		.uleb128 0xb
 848 00cc 01       		.uleb128 0x1
ARM GAS  C:\Users\DNIEL~1\AppData\Local\Temp\ccmG6E3E.s 			page 16


 849 00cd 13       		.uleb128 0x13
 850 00ce 00       		.byte	0
 851 00cf 00       		.byte	0
 852 00d0 11       		.uleb128 0x11
 853 00d1 2E       		.uleb128 0x2e
 854 00d2 01       		.byte	0x1
 855 00d3 31       		.uleb128 0x31
 856 00d4 13       		.uleb128 0x13
 857 00d5 11       		.uleb128 0x11
 858 00d6 01       		.uleb128 0x1
 859 00d7 12       		.uleb128 0x12
 860 00d8 01       		.uleb128 0x1
 861 00d9 40       		.uleb128 0x40
 862 00da 0A       		.uleb128 0xa
 863 00db 9742     		.uleb128 0x2117
 864 00dd 0C       		.uleb128 0xc
 865 00de 01       		.uleb128 0x1
 866 00df 13       		.uleb128 0x13
 867 00e0 00       		.byte	0
 868 00e1 00       		.byte	0
 869 00e2 12       		.uleb128 0x12
 870 00e3 05       		.uleb128 0x5
 871 00e4 00       		.byte	0
 872 00e5 31       		.uleb128 0x31
 873 00e6 13       		.uleb128 0x13
 874 00e7 02       		.uleb128 0x2
 875 00e8 0A       		.uleb128 0xa
 876 00e9 00       		.byte	0
 877 00ea 00       		.byte	0
 878 00eb 13       		.uleb128 0x13
 879 00ec 2E       		.uleb128 0x2e
 880 00ed 01       		.byte	0x1
 881 00ee 03       		.uleb128 0x3
 882 00ef 0E       		.uleb128 0xe
 883 00f0 3A       		.uleb128 0x3a
 884 00f1 0B       		.uleb128 0xb
 885 00f2 3B       		.uleb128 0x3b
 886 00f3 0B       		.uleb128 0xb
 887 00f4 27       		.uleb128 0x27
 888 00f5 0C       		.uleb128 0xc
 889 00f6 11       		.uleb128 0x11
 890 00f7 01       		.uleb128 0x1
 891 00f8 12       		.uleb128 0x12
 892 00f9 01       		.uleb128 0x1
 893 00fa 40       		.uleb128 0x40
 894 00fb 06       		.uleb128 0x6
 895 00fc 9742     		.uleb128 0x2117
 896 00fe 0C       		.uleb128 0xc
 897 00ff 01       		.uleb128 0x1
 898 0100 13       		.uleb128 0x13
 899 0101 00       		.byte	0
 900 0102 00       		.byte	0
 901 0103 14       		.uleb128 0x14
 902 0104 05       		.uleb128 0x5
 903 0105 00       		.byte	0
 904 0106 03       		.uleb128 0x3
 905 0107 08       		.uleb128 0x8
ARM GAS  C:\Users\DNIEL~1\AppData\Local\Temp\ccmG6E3E.s 			page 17


 906 0108 3A       		.uleb128 0x3a
 907 0109 0B       		.uleb128 0xb
 908 010a 3B       		.uleb128 0x3b
 909 010b 0B       		.uleb128 0xb
 910 010c 49       		.uleb128 0x49
 911 010d 13       		.uleb128 0x13
 912 010e 02       		.uleb128 0x2
 913 010f 0A       		.uleb128 0xa
 914 0110 00       		.byte	0
 915 0111 00       		.byte	0
 916 0112 15       		.uleb128 0x15
 917 0113 34       		.uleb128 0x34
 918 0114 00       		.byte	0
 919 0115 03       		.uleb128 0x3
 920 0116 08       		.uleb128 0x8
 921 0117 3A       		.uleb128 0x3a
 922 0118 0B       		.uleb128 0xb
 923 0119 3B       		.uleb128 0x3b
 924 011a 0B       		.uleb128 0xb
 925 011b 49       		.uleb128 0x49
 926 011c 13       		.uleb128 0x13
 927 011d 02       		.uleb128 0x2
 928 011e 06       		.uleb128 0x6
 929 011f 00       		.byte	0
 930 0120 00       		.byte	0
 931 0121 16       		.uleb128 0x16
 932 0122 2E       		.uleb128 0x2e
 933 0123 01       		.byte	0x1
 934 0124 3F       		.uleb128 0x3f
 935 0125 0C       		.uleb128 0xc
 936 0126 03       		.uleb128 0x3
 937 0127 0E       		.uleb128 0xe
 938 0128 3A       		.uleb128 0x3a
 939 0129 0B       		.uleb128 0xb
 940 012a 3B       		.uleb128 0x3b
 941 012b 0B       		.uleb128 0xb
 942 012c 27       		.uleb128 0x27
 943 012d 0C       		.uleb128 0xc
 944 012e 11       		.uleb128 0x11
 945 012f 01       		.uleb128 0x1
 946 0130 12       		.uleb128 0x12
 947 0131 01       		.uleb128 0x1
 948 0132 40       		.uleb128 0x40
 949 0133 06       		.uleb128 0x6
 950 0134 9742     		.uleb128 0x2117
 951 0136 0C       		.uleb128 0xc
 952 0137 01       		.uleb128 0x1
 953 0138 13       		.uleb128 0x13
 954 0139 00       		.byte	0
 955 013a 00       		.byte	0
 956 013b 17       		.uleb128 0x17
 957 013c 34       		.uleb128 0x34
 958 013d 00       		.byte	0
 959 013e 03       		.uleb128 0x3
 960 013f 08       		.uleb128 0x8
 961 0140 3A       		.uleb128 0x3a
 962 0141 0B       		.uleb128 0xb
ARM GAS  C:\Users\DNIEL~1\AppData\Local\Temp\ccmG6E3E.s 			page 18


 963 0142 3B       		.uleb128 0x3b
 964 0143 0B       		.uleb128 0xb
 965 0144 49       		.uleb128 0x49
 966 0145 13       		.uleb128 0x13
 967 0146 02       		.uleb128 0x2
 968 0147 0A       		.uleb128 0xa
 969 0148 00       		.byte	0
 970 0149 00       		.byte	0
 971 014a 18       		.uleb128 0x18
 972 014b 1D       		.uleb128 0x1d
 973 014c 01       		.byte	0x1
 974 014d 31       		.uleb128 0x31
 975 014e 13       		.uleb128 0x13
 976 014f 52       		.uleb128 0x52
 977 0150 01       		.uleb128 0x1
 978 0151 55       		.uleb128 0x55
 979 0152 06       		.uleb128 0x6
 980 0153 58       		.uleb128 0x58
 981 0154 0B       		.uleb128 0xb
 982 0155 59       		.uleb128 0x59
 983 0156 0B       		.uleb128 0xb
 984 0157 01       		.uleb128 0x1
 985 0158 13       		.uleb128 0x13
 986 0159 00       		.byte	0
 987 015a 00       		.byte	0
 988 015b 19       		.uleb128 0x19
 989 015c 05       		.uleb128 0x5
 990 015d 00       		.byte	0
 991 015e 31       		.uleb128 0x31
 992 015f 13       		.uleb128 0x13
 993 0160 02       		.uleb128 0x2
 994 0161 06       		.uleb128 0x6
 995 0162 00       		.byte	0
 996 0163 00       		.byte	0
 997 0164 1A       		.uleb128 0x1a
 998 0165 898201   		.uleb128 0x4109
 999 0168 01       		.byte	0x1
 1000 0169 11       		.uleb128 0x11
 1001 016a 01       		.uleb128 0x1
 1002 016b 31       		.uleb128 0x31
 1003 016c 13       		.uleb128 0x13
 1004 016d 00       		.byte	0
 1005 016e 00       		.byte	0
 1006 016f 1B       		.uleb128 0x1b
 1007 0170 8A8201   		.uleb128 0x410a
 1008 0173 00       		.byte	0
 1009 0174 02       		.uleb128 0x2
 1010 0175 0A       		.uleb128 0xa
 1011 0176 9142     		.uleb128 0x2111
 1012 0178 0A       		.uleb128 0xa
 1013 0179 00       		.byte	0
 1014 017a 00       		.byte	0
 1015 017b 1C       		.uleb128 0x1c
 1016 017c 34       		.uleb128 0x34
 1017 017d 00       		.byte	0
 1018 017e 03       		.uleb128 0x3
 1019 017f 0E       		.uleb128 0xe
ARM GAS  C:\Users\DNIEL~1\AppData\Local\Temp\ccmG6E3E.s 			page 19


 1020 0180 3A       		.uleb128 0x3a
 1021 0181 0B       		.uleb128 0xb
 1022 0182 3B       		.uleb128 0x3b
 1023 0183 0B       		.uleb128 0xb
 1024 0184 49       		.uleb128 0x49
 1025 0185 13       		.uleb128 0x13
 1026 0186 02       		.uleb128 0x2
 1027 0187 0A       		.uleb128 0xa
 1028 0188 00       		.byte	0
 1029 0189 00       		.byte	0
 1030 018a 1D       		.uleb128 0x1d
 1031 018b 34       		.uleb128 0x34
 1032 018c 00       		.byte	0
 1033 018d 03       		.uleb128 0x3
 1034 018e 0E       		.uleb128 0xe
 1035 018f 3A       		.uleb128 0x3a
 1036 0190 0B       		.uleb128 0xb
 1037 0191 3B       		.uleb128 0x3b
 1038 0192 05       		.uleb128 0x5
 1039 0193 49       		.uleb128 0x49
 1040 0194 13       		.uleb128 0x13
 1041 0195 3F       		.uleb128 0x3f
 1042 0196 0C       		.uleb128 0xc
 1043 0197 3C       		.uleb128 0x3c
 1044 0198 0C       		.uleb128 0xc
 1045 0199 00       		.byte	0
 1046 019a 00       		.byte	0
 1047 019b 00       		.byte	0
 1048              		.section	.debug_loc,"",%progbits
 1049              	.Ldebug_loc0:
 1050              	.LLST0:
 1051 0000 00000000 		.4byte	.LFB119
 1052 0004 10000000 		.4byte	.LCFI0
 1053 0008 0200     		.2byte	0x2
 1054 000a 7D       		.byte	0x7d
 1055 000b 00       		.sleb128 0
 1056 000c 10000000 		.4byte	.LCFI0
 1057 0010 34000000 		.4byte	.LFE119
 1058 0014 0200     		.2byte	0x2
 1059 0016 7D       		.byte	0x7d
 1060 0017 04       		.sleb128 4
 1061 0018 00000000 		.4byte	0
 1062 001c 00000000 		.4byte	0
 1063              	.LLST1:
 1064 0020 0E000000 		.4byte	.LVL2
 1065 0024 16000000 		.4byte	.LVL3
 1066 0028 0100     		.2byte	0x1
 1067 002a 53       		.byte	0x53
 1068 002b 00000000 		.4byte	0
 1069 002f 00000000 		.4byte	0
 1070              	.LLST2:
 1071 0033 00000000 		.4byte	.LFB120
 1072 0037 02000000 		.4byte	.LCFI1
 1073 003b 0200     		.2byte	0x2
 1074 003d 7D       		.byte	0x7d
 1075 003e 00       		.sleb128 0
 1076 003f 02000000 		.4byte	.LCFI1
ARM GAS  C:\Users\DNIEL~1\AppData\Local\Temp\ccmG6E3E.s 			page 20


 1077 0043 08000000 		.4byte	.LCFI2
 1078 0047 0200     		.2byte	0x2
 1079 0049 7D       		.byte	0x7d
 1080 004a 08       		.sleb128 8
 1081 004b 08000000 		.4byte	.LCFI2
 1082 004f 46000000 		.4byte	.LFE120
 1083 0053 0200     		.2byte	0x2
 1084 0055 7D       		.byte	0x7d
 1085 0056 20       		.sleb128 32
 1086 0057 00000000 		.4byte	0
 1087 005b 00000000 		.4byte	0
 1088              	.LLST3:
 1089 005f 20000000 		.4byte	.LVL5
 1090 0063 2C000000 		.4byte	.LVL6
 1091 0067 0300     		.2byte	0x3
 1092 0069 91       		.byte	0x91
 1093 006a 64       		.sleb128 -28
 1094 006b 9F       		.byte	0x9f
 1095 006c 2C000000 		.4byte	.LVL6
 1096 0070 3D000000 		.4byte	.LVL7-1
 1097 0074 0100     		.2byte	0x1
 1098 0076 50       		.byte	0x50
 1099 0077 3D000000 		.4byte	.LVL7-1
 1100 007b 46000000 		.4byte	.LFE120
 1101 007f 0300     		.2byte	0x3
 1102 0081 91       		.byte	0x91
 1103 0082 64       		.sleb128 -28
 1104 0083 9F       		.byte	0x9f
 1105 0084 00000000 		.4byte	0
 1106 0088 00000000 		.4byte	0
 1107              	.LLST4:
 1108 008c 1C000000 		.4byte	.LVL4
 1109 0090 2C000000 		.4byte	.LVL6
 1110 0094 0300     		.2byte	0x3
 1111 0096 91       		.byte	0x91
 1112 0097 64       		.sleb128 -28
 1113 0098 9F       		.byte	0x9f
 1114 0099 2C000000 		.4byte	.LVL6
 1115 009d 3D000000 		.4byte	.LVL7-1
 1116 00a1 0100     		.2byte	0x1
 1117 00a3 50       		.byte	0x50
 1118 00a4 3D000000 		.4byte	.LVL7-1
 1119 00a8 46000000 		.4byte	.LFE120
 1120 00ac 0300     		.2byte	0x3
 1121 00ae 91       		.byte	0x91
 1122 00af 64       		.sleb128 -28
 1123 00b0 9F       		.byte	0x9f
 1124 00b1 00000000 		.4byte	0
 1125 00b5 00000000 		.4byte	0
 1126              		.section	.debug_aranges,"",%progbits
 1127 0000 34000000 		.4byte	0x34
 1128 0004 0200     		.2byte	0x2
 1129 0006 00000000 		.4byte	.Ldebug_info0
 1130 000a 04       		.byte	0x4
 1131 000b 00       		.byte	0
 1132 000c 0000     		.2byte	0
 1133 000e 0000     		.2byte	0
ARM GAS  C:\Users\DNIEL~1\AppData\Local\Temp\ccmG6E3E.s 			page 21


 1134 0010 00000000 		.4byte	.LFB118
 1135 0014 0E000000 		.4byte	.LFE118-.LFB118
 1136 0018 00000000 		.4byte	.LFB119
 1137 001c 34000000 		.4byte	.LFE119-.LFB119
 1138 0020 00000000 		.4byte	.LFB120
 1139 0024 46000000 		.4byte	.LFE120-.LFB120
 1140 0028 00000000 		.4byte	.LFB121
 1141 002c 22000000 		.4byte	.LFE121-.LFB121
 1142 0030 00000000 		.4byte	0
 1143 0034 00000000 		.4byte	0
 1144              		.section	.debug_ranges,"",%progbits
 1145              	.Ldebug_ranges0:
 1146 0000 0C000000 		.4byte	.LBB8
 1147 0004 10000000 		.4byte	.LBE8
 1148 0008 12000000 		.4byte	.LBB13
 1149 000c 16000000 		.4byte	.LBE13
 1150 0010 20000000 		.4byte	.LBB20
 1151 0014 22000000 		.4byte	.LBE20
 1152 0018 38000000 		.4byte	.LBB23
 1153 001c 3A000000 		.4byte	.LBE23
 1154 0020 00000000 		.4byte	0
 1155 0024 00000000 		.4byte	0
 1156 0028 16000000 		.4byte	.LBB14
 1157 002c 1A000000 		.4byte	.LBE14
 1158 0030 1C000000 		.4byte	.LBB19
 1159 0034 20000000 		.4byte	.LBE19
 1160 0038 22000000 		.4byte	.LBB21
 1161 003c 2A000000 		.4byte	.LBE21
 1162 0040 2C000000 		.4byte	.LBB22
 1163 0044 38000000 		.4byte	.LBE22
 1164 0048 00000000 		.4byte	0
 1165 004c 00000000 		.4byte	0
 1166 0050 00000000 		.4byte	.LFB118
 1167 0054 0E000000 		.4byte	.LFE118
 1168 0058 00000000 		.4byte	.LFB119
 1169 005c 34000000 		.4byte	.LFE119
 1170 0060 00000000 		.4byte	.LFB120
 1171 0064 46000000 		.4byte	.LFE120
 1172 0068 00000000 		.4byte	.LFB121
 1173 006c 22000000 		.4byte	.LFE121
 1174 0070 00000000 		.4byte	0
 1175 0074 00000000 		.4byte	0
 1176              		.section	.debug_line,"",%progbits
 1177              	.Ldebug_line0:
 1178 0000 26020000 		.section	.debug_str,"MS",%progbits,1
 1178      02009601 
 1178      00000201 
 1178      FB0E0D00 
 1178      01010101 
 1179              	.LASF21:
 1180 0000 50435352 		.ascii	"PCSR\000"
 1180      00
 1181              	.LASF37:
 1182 0005 746D5F73 		.ascii	"tm_stop\000"
 1182      746F7000 
 1183              	.LASF26:
 1184 000d 73746172 		.ascii	"start\000"
ARM GAS  C:\Users\DNIEL~1\AppData\Local\Temp\ccmG6E3E.s 			page 22


 1184      7400
 1185              	.LASF34:
 1186 0013 433A5C55 		.ascii	"C:\\Users\\D\341niel\\git\\Smarty\\smarty\\firmware"
 1186      73657273 
 1186      5C44E16E 
 1186      69656C5C 
 1186      6769745C 
 1187 003d 00       		.ascii	"\000"
 1188              	.LASF17:
 1189 003e 45584343 		.ascii	"EXCCNT\000"
 1189      4E5400
 1190              	.LASF18:
 1191 0045 534C4545 		.ascii	"SLEEPCNT\000"
 1191      50434E54 
 1191      00
 1192              	.LASF27:
 1193 004e 73746F70 		.ascii	"stop\000"
 1193      00
 1194              	.LASF10:
 1195 0053 6C6F6E67 		.ascii	"long long unsigned int\000"
 1195      206C6F6E 
 1195      6720756E 
 1195      7369676E 
 1195      65642069 
 1196              	.LASF2:
 1197 006a 756E7369 		.ascii	"unsigned char\000"
 1197      676E6564 
 1197      20636861 
 1197      7200
 1198              	.LASF15:
 1199 0078 43594343 		.ascii	"CYCCNT\000"
 1199      4E5400
 1200              	.LASF38:
 1201 007f 746D496E 		.ascii	"tmInit\000"
 1201      697400
 1202              	.LASF8:
 1203 0086 6C6F6E67 		.ascii	"long unsigned int\000"
 1203      20756E73 
 1203      69676E65 
 1203      6420696E 
 1203      7400
 1204              	.LASF35:
 1205 0098 746D4F62 		.ascii	"tmObjectInit\000"
 1205      6A656374 
 1205      496E6974 
 1205      00
 1206              	.LASF4:
 1207 00a5 73686F72 		.ascii	"short unsigned int\000"
 1207      7420756E 
 1207      7369676E 
 1207      65642069 
 1207      6E7400
 1208              	.LASF16:
 1209 00b8 43504943 		.ascii	"CPICNT\000"
 1209      4E5400
 1210              	.LASF39:
 1211 00bf 49544D5F 		.ascii	"ITM_RxBuffer\000"
ARM GAS  C:\Users\DNIEL~1\AppData\Local\Temp\ccmG6E3E.s 			page 23


 1211      52784275 
 1211      66666572 
 1211      00
 1212              	.LASF20:
 1213 00cc 464F4C44 		.ascii	"FOLDCNT\000"
 1213      434E5400 
 1214              	.LASF32:
 1215 00d4 474E5520 		.ascii	"GNU C 4.7.4 20140401 (release) [ARM/embedded-4_7-br"
 1215      4320342E 
 1215      372E3420 
 1215      32303134 
 1215      30343031 
 1216 0107 616E6368 		.ascii	"anch revision 209195]\000"
 1216      20726576 
 1216      6973696F 
 1216      6E203230 
 1216      39313935 
 1217              	.LASF29:
 1218 011d 776F7273 		.ascii	"worst\000"
 1218      7400
 1219              	.LASF19:
 1220 0123 4C535543 		.ascii	"LSUCNT\000"
 1220      4E5400
 1221              	.LASF0:
 1222 012a 756E7369 		.ascii	"unsigned int\000"
 1222      676E6564 
 1222      20696E74 
 1222      00
 1223              	.LASF24:
 1224 0137 68616C72 		.ascii	"halrtcnt_t\000"
 1224      74636E74 
 1224      5F7400
 1225              	.LASF23:
 1226 0142 63686172 		.ascii	"char\000"
 1226      00
 1227              	.LASF36:
 1228 0147 746D5F73 		.ascii	"tm_start\000"
 1228      74617274 
 1228      00
 1229              	.LASF14:
 1230 0150 4354524C 		.ascii	"CTRL\000"
 1230      00
 1231              	.LASF28:
 1232 0155 6C617374 		.ascii	"last\000"
 1232      00
 1233              	.LASF6:
 1234 015a 696E7433 		.ascii	"int32_t\000"
 1234      325F7400 
 1235              	.LASF13:
 1236 0162 73697A65 		.ascii	"sizetype\000"
 1236      74797065 
 1236      00
 1237              	.LASF9:
 1238 016b 6C6F6E67 		.ascii	"long long int\000"
 1238      206C6F6E 
 1238      6720696E 
 1238      7400
ARM GAS  C:\Users\DNIEL~1\AppData\Local\Temp\ccmG6E3E.s 			page 24


 1239              	.LASF12:
 1240 0179 494F5245 		.ascii	"IOREG32\000"
 1240      47333200 
 1241              	.LASF33:
 1242 0181 2E2E2F2E 		.ascii	"../../../ChibiOS/os/hal/src/tm.c\000"
 1242      2E2F2E2E 
 1242      2F436869 
 1242      62694F53 
 1242      2F6F732F 
 1243              	.LASF31:
 1244 01a2 6D656173 		.ascii	"measurement_offset\000"
 1244      7572656D 
 1244      656E745F 
 1244      6F666673 
 1244      657400
 1245              	.LASF3:
 1246 01b5 73686F72 		.ascii	"short int\000"
 1246      7420696E 
 1246      7400
 1247              	.LASF22:
 1248 01bf 434D785F 		.ascii	"CMx_DWT\000"
 1248      44575400 
 1249              	.LASF30:
 1250 01c7 62657374 		.ascii	"best\000"
 1250      00
 1251              	.LASF7:
 1252 01cc 75696E74 		.ascii	"uint32_t\000"
 1252      33325F74 
 1252      00
 1253              	.LASF5:
 1254 01d5 6C6F6E67 		.ascii	"long int\000"
 1254      20696E74 
 1254      00
 1255              	.LASF1:
 1256 01de 7369676E 		.ascii	"signed char\000"
 1256      65642063 
 1256      68617200 
 1257              	.LASF25:
 1258 01ea 54696D65 		.ascii	"TimeMeasurement\000"
 1258      4D656173 
 1258      7572656D 
 1258      656E7400 
 1259              	.LASF11:
 1260 01fa 5F426F6F 		.ascii	"_Bool\000"
 1260      6C00
 1261              		.ident	"GCC: (GNU Tools for ARM Embedded Processors) 4.7.4 20140401 (release) [ARM/embedded-4_7-br
ARM GAS  C:\Users\DNIEL~1\AppData\Local\Temp\ccmG6E3E.s 			page 25


DEFINED SYMBOLS
                            *ABS*:00000000 tm.c
C:\Users\DNIEL~1\AppData\Local\Temp\ccmG6E3E.s:19     .text.tm_start:00000000 $t
C:\Users\DNIEL~1\AppData\Local\Temp\ccmG6E3E.s:24     .text.tm_start:00000000 tm_start
C:\Users\DNIEL~1\AppData\Local\Temp\ccmG6E3E.s:43     .text.tm_stop:00000000 $t
C:\Users\DNIEL~1\AppData\Local\Temp\ccmG6E3E.s:48     .text.tm_stop:00000000 tm_stop
C:\Users\DNIEL~1\AppData\Local\Temp\ccmG6E3E.s:101    .text.tm_stop:00000030 $d
C:\Users\DNIEL~1\AppData\Local\Temp\ccmG6E3E.s:106    .text.tmInit:00000000 $t
C:\Users\DNIEL~1\AppData\Local\Temp\ccmG6E3E.s:112    .text.tmInit:00000000 tmInit
C:\Users\DNIEL~1\AppData\Local\Temp\ccmG6E3E.s:253    .bss.measurement_offset:00000000 .LANCHOR0
C:\Users\DNIEL~1\AppData\Local\Temp\ccmG6E3E.s:211    .text.tmObjectInit:00000000 $t
C:\Users\DNIEL~1\AppData\Local\Temp\ccmG6E3E.s:217    .text.tmObjectInit:00000000 tmObjectInit
C:\Users\DNIEL~1\AppData\Local\Temp\ccmG6E3E.s:252    .bss.measurement_offset:00000000 $d
C:\Users\DNIEL~1\AppData\Local\Temp\ccmG6E3E.s:256    .bss.measurement_offset:00000000 measurement_offset
                     .debug_frame:00000010 $d
C:\Users\DNIEL~1\AppData\Local\Temp\ccmG6E3E.s:105    .text.tm_stop:00000034 $t

NO UNDEFINED SYMBOLS
