ARM GAS  C:\Users\DNIEL~1\AppData\Local\Temp\ccW3mSNe.s 			page 1


   1              		.syntax unified
   2              		.cpu cortex-m4
   3              		.fpu softvfp
   4              		.eabi_attribute 20, 1
   5              		.eabi_attribute 21, 1
   6              		.eabi_attribute 23, 3
   7              		.eabi_attribute 24, 1
   8              		.eabi_attribute 25, 1
   9              		.eabi_attribute 26, 1
  10              		.eabi_attribute 30, 2
  11              		.eabi_attribute 34, 1
  12              		.eabi_attribute 18, 4
  13              		.thumb
  14              		.file	"uart_comm.c"
  15              		.text
  16              	.Ltext0:
  17              		.cfi_sections	.debug_frame
  18              		.section	.text.uart_commInit,"ax",%progbits
  19              		.align	2
  20              		.p2align 4,,15
  21              		.global	uart_commInit
  22              		.thumb
  23              		.thumb_func
  24              		.type	uart_commInit, %function
  25              	uart_commInit:
  26              	.LFB118:
  27              		.file 1 "src/uart_comm.c"
  28              		.loc 1 22 0
  29              		.cfi_startproc
  30              		@ args = 0, pretend = 0, frame = 0
  31              		@ frame_needed = 0, uses_anonymous_args = 0
  32              		@ link register save eliminated.
  33              		.loc 1 24 0
  34 0000 40F20000 		movw	r0, #:lower16:SD2
  35 0004 40F20001 		movw	r1, #:lower16:.LANCHOR0
  36 0008 C0F20000 		movt	r0, #:upper16:SD2
  37 000c C0F20001 		movt	r1, #:upper16:.LANCHOR0
  38              		.loc 1 25 0
  39              		.loc 1 24 0
  40 0010 FFF7FEBF 		b	sdStart
  41              	.LVL0:
  42              		.cfi_endproc
  43              	.LFE118:
  44              		.size	uart_commInit, .-uart_commInit
  45 0014 AFF30080 		.section	.data.diag_ser_SD2_cfg,"aw",%progbits
  45      AFF30080 
  45      AFF30080 
  46              		.align	2
  47              		.set	.LANCHOR0,. + 0
  48              		.type	diag_ser_SD2_cfg, %object
  49              		.size	diag_ser_SD2_cfg, 12
  50              	diag_ser_SD2_cfg:
  51 0000 80250000 		.word	9600
  52 0004 0000     		.short	0
  53 0006 0000     		.short	0
  54 0008 0000     		.short	0
  55 000a 0000     		.space	2
ARM GAS  C:\Users\DNIEL~1\AppData\Local\Temp\ccW3mSNe.s 			page 2


  56              		.text
  57              	.Letext0:
  58              		.file 2 "c:\\chibistudio\\tools\\gnu tools arm embedded\\4.7 2014q2\\bin\\../lib/gcc/arm-none-eabi
  59              		.file 3 "c:\\chibistudio\\tools\\gnu tools arm embedded\\4.7 2014q2\\bin\\../lib/gcc/arm-none-eabi
  60              		.file 4 "../../../ChibiOS/os/ports/GCC/ARMCMx/chtypes.h"
  61              		.file 5 "../../../ChibiOS/os/kernel/include/chlists.h"
  62              		.file 6 "../../../ChibiOS/os/kernel/include/chthreads.h"
  63              		.file 7 "../../../ChibiOS/os/ports/GCC/ARMCMx/chcore_v7m.h"
  64              		.file 8 "../../../ChibiOS/os/kernel/include/chmtx.h"
  65              		.file 9 "../../../ChibiOS/os/kernel/include/chevents.h"
  66              		.file 10 "../../../ChibiOS/os/kernel/include/chqueues.h"
  67              		.file 11 "../../../ChibiOS/os/hal/platforms/STM32F4xx/stm32f4xx.h"
  68              		.file 12 "../../../ChibiOS/os/hal/include/serial.h"
  69              		.file 13 "../../../ChibiOS/os/hal/platforms/STM32/USARTv1/serial_lld.h"
  70              		.file 14 "../../../ChibiOS/os/ports/common/ARMCMx/CMSIS/include/core_cm4.h"
  71              		.section	.debug_info,"",%progbits
  72              	.Ldebug_info0:
  73 0000 44090000 		.4byte	0x944
  74 0004 0200     		.2byte	0x2
  75 0006 00000000 		.4byte	.Ldebug_abbrev0
  76 000a 04       		.byte	0x4
  77 000b 01       		.uleb128 0x1
  78 000c 04020000 		.4byte	.LASF107
  79 0010 01       		.byte	0x1
  80 0011 97000000 		.4byte	.LASF108
  81 0015 0E040000 		.4byte	.LASF109
  82 0019 00000000 		.4byte	.Ldebug_ranges0+0
  83 001d 00000000 		.4byte	0
  84 0021 00000000 		.4byte	0
  85 0025 00000000 		.4byte	.Ldebug_line0
  86 0029 02       		.uleb128 0x2
  87 002a 04       		.byte	0x4
  88 002b 05       		.byte	0x5
  89 002c 696E7400 		.ascii	"int\000"
  90 0030 03       		.uleb128 0x3
  91 0031 00000000 		.4byte	.LASF2
  92 0035 02       		.byte	0x2
  93 0036 D5       		.byte	0xd5
  94 0037 3B000000 		.4byte	0x3b
  95 003b 04       		.uleb128 0x4
  96 003c 04       		.byte	0x4
  97 003d 07       		.byte	0x7
  98 003e 20010000 		.4byte	.LASF0
  99 0042 04       		.uleb128 0x4
 100 0043 01       		.byte	0x1
 101 0044 06       		.byte	0x6
 102 0045 6C000000 		.4byte	.LASF1
 103 0049 03       		.uleb128 0x3
 104 004a 42040000 		.4byte	.LASF3
 105 004e 03       		.byte	0x3
 106 004f 2A       		.byte	0x2a
 107 0050 54000000 		.4byte	0x54
 108 0054 04       		.uleb128 0x4
 109 0055 01       		.byte	0x1
 110 0056 08       		.byte	0x8
 111 0057 E0020000 		.4byte	.LASF4
 112 005b 04       		.uleb128 0x4
ARM GAS  C:\Users\DNIEL~1\AppData\Local\Temp\ccW3mSNe.s 			page 3


 113 005c 02       		.byte	0x2
 114 005d 05       		.byte	0x5
 115 005e 0D030000 		.4byte	.LASF5
 116 0062 03       		.uleb128 0x3
 117 0063 2D010000 		.4byte	.LASF6
 118 0067 03       		.byte	0x3
 119 0068 36       		.byte	0x36
 120 0069 6D000000 		.4byte	0x6d
 121 006d 04       		.uleb128 0x4
 122 006e 02       		.byte	0x2
 123 006f 07       		.byte	0x7
 124 0070 63010000 		.4byte	.LASF7
 125 0074 03       		.uleb128 0x3
 126 0075 D8020000 		.4byte	.LASF8
 127 0079 03       		.byte	0x3
 128 007a 4F       		.byte	0x4f
 129 007b 7F000000 		.4byte	0x7f
 130 007f 04       		.uleb128 0x4
 131 0080 04       		.byte	0x4
 132 0081 05       		.byte	0x5
 133 0082 AD000000 		.4byte	.LASF9
 134 0086 03       		.uleb128 0x3
 135 0087 75030000 		.4byte	.LASF10
 136 008b 03       		.byte	0x3
 137 008c 50       		.byte	0x50
 138 008d 91000000 		.4byte	0x91
 139 0091 04       		.uleb128 0x4
 140 0092 04       		.byte	0x4
 141 0093 07       		.byte	0x7
 142 0094 95030000 		.4byte	.LASF11
 143 0098 04       		.uleb128 0x4
 144 0099 08       		.byte	0x8
 145 009a 05       		.byte	0x5
 146 009b 5E000000 		.4byte	.LASF12
 147 009f 04       		.uleb128 0x4
 148 00a0 08       		.byte	0x8
 149 00a1 07       		.byte	0x7
 150 00a2 1A000000 		.4byte	.LASF13
 151 00a6 04       		.uleb128 0x4
 152 00a7 01       		.byte	0x1
 153 00a8 02       		.byte	0x2
 154 00a9 D2020000 		.4byte	.LASF14
 155 00ad 03       		.uleb128 0x3
 156 00ae 98010000 		.4byte	.LASF15
 157 00b2 04       		.byte	0x4
 158 00b3 2C       		.byte	0x2c
 159 00b4 49000000 		.4byte	0x49
 160 00b8 03       		.uleb128 0x3
 161 00b9 B6000000 		.4byte	.LASF16
 162 00bd 04       		.byte	0x4
 163 00be 2D       		.byte	0x2d
 164 00bf 49000000 		.4byte	0x49
 165 00c3 03       		.uleb128 0x3
 166 00c4 77020000 		.4byte	.LASF17
 167 00c8 04       		.byte	0x4
 168 00c9 2E       		.byte	0x2e
 169 00ca 49000000 		.4byte	0x49
ARM GAS  C:\Users\DNIEL~1\AppData\Local\Temp\ccW3mSNe.s 			page 4


 170 00ce 03       		.uleb128 0x3
 171 00cf 8D000000 		.4byte	.LASF18
 172 00d3 04       		.byte	0x4
 173 00d4 2F       		.byte	0x2f
 174 00d5 49000000 		.4byte	0x49
 175 00d9 03       		.uleb128 0x3
 176 00da C2020000 		.4byte	.LASF19
 177 00de 04       		.byte	0x4
 178 00df 30       		.byte	0x30
 179 00e0 86000000 		.4byte	0x86
 180 00e4 03       		.uleb128 0x3
 181 00e5 76010000 		.4byte	.LASF20
 182 00e9 04       		.byte	0x4
 183 00ea 31       		.byte	0x31
 184 00eb 74000000 		.4byte	0x74
 185 00ef 03       		.uleb128 0x3
 186 00f0 AC010000 		.4byte	.LASF21
 187 00f4 04       		.byte	0x4
 188 00f5 33       		.byte	0x33
 189 00f6 86000000 		.4byte	0x86
 190 00fa 03       		.uleb128 0x3
 191 00fb ED030000 		.4byte	.LASF22
 192 00ff 04       		.byte	0x4
 193 0100 34       		.byte	0x34
 194 0101 86000000 		.4byte	0x86
 195 0105 03       		.uleb128 0x3
 196 0106 C0030000 		.4byte	.LASF23
 197 010a 04       		.byte	0x4
 198 010b 35       		.byte	0x35
 199 010c 86000000 		.4byte	0x86
 200 0110 03       		.uleb128 0x3
 201 0111 4F030000 		.4byte	.LASF24
 202 0115 05       		.byte	0x5
 203 0116 2A       		.byte	0x2a
 204 0117 1B010000 		.4byte	0x11b
 205 011b 05       		.uleb128 0x5
 206 011c 4F030000 		.4byte	.LASF24
 207 0120 48       		.byte	0x48
 208 0121 06       		.byte	0x6
 209 0122 5E       		.byte	0x5e
 210 0123 40020000 		.4byte	0x240
 211 0127 06       		.uleb128 0x6
 212 0128 30030000 		.4byte	.LASF25
 213 012c 06       		.byte	0x6
 214 012d 5F       		.byte	0x5f
 215 012e 65020000 		.4byte	0x265
 216 0132 02       		.byte	0x2
 217 0133 23       		.byte	0x23
 218 0134 00       		.uleb128 0
 219 0135 06       		.uleb128 0x6
 220 0136 B1020000 		.4byte	.LASF26
 221 013a 06       		.byte	0x6
 222 013b 61       		.byte	0x61
 223 013c 65020000 		.4byte	0x265
 224 0140 02       		.byte	0x2
 225 0141 23       		.byte	0x23
 226 0142 04       		.uleb128 0x4
ARM GAS  C:\Users\DNIEL~1\AppData\Local\Temp\ccW3mSNe.s 			page 5


 227 0143 06       		.uleb128 0x6
 228 0144 47000000 		.4byte	.LASF27
 229 0148 06       		.byte	0x6
 230 0149 63       		.byte	0x63
 231 014a D9000000 		.4byte	0xd9
 232 014e 02       		.byte	0x2
 233 014f 23       		.byte	0x23
 234 0150 08       		.uleb128 0x8
 235 0151 06       		.uleb128 0x6
 236 0152 74040000 		.4byte	.LASF28
 237 0156 06       		.byte	0x6
 238 0157 64       		.byte	0x64
 239 0158 33030000 		.4byte	0x333
 240 015c 02       		.byte	0x2
 241 015d 23       		.byte	0x23
 242 015e 0C       		.uleb128 0xc
 243 015f 06       		.uleb128 0x6
 244 0160 DE000000 		.4byte	.LASF29
 245 0164 06       		.byte	0x6
 246 0165 66       		.byte	0x66
 247 0166 65020000 		.4byte	0x265
 248 016a 02       		.byte	0x2
 249 016b 23       		.byte	0x23
 250 016c 10       		.uleb128 0x10
 251 016d 06       		.uleb128 0x6
 252 016e 4D020000 		.4byte	.LASF30
 253 0172 06       		.byte	0x6
 254 0173 67       		.byte	0x67
 255 0174 65020000 		.4byte	0x265
 256 0178 02       		.byte	0x2
 257 0179 23       		.byte	0x23
 258 017a 14       		.uleb128 0x14
 259 017b 06       		.uleb128 0x6
 260 017c FF030000 		.4byte	.LASF31
 261 0180 06       		.byte	0x6
 262 0181 6E       		.byte	0x6e
 263 0182 5B040000 		.4byte	0x45b
 264 0186 02       		.byte	0x2
 265 0187 23       		.byte	0x23
 266 0188 18       		.uleb128 0x18
 267 0189 06       		.uleb128 0x6
 268 018a 17030000 		.4byte	.LASF32
 269 018e 06       		.byte	0x6
 270 018f 79       		.byte	0x79
 271 0190 B8000000 		.4byte	0xb8
 272 0194 02       		.byte	0x2
 273 0195 23       		.byte	0x23
 274 0196 1C       		.uleb128 0x1c
 275 0197 06       		.uleb128 0x6
 276 0198 37030000 		.4byte	.LASF33
 277 019c 06       		.byte	0x6
 278 019d 7D       		.byte	0x7d
 279 019e AD000000 		.4byte	0xad
 280 01a2 02       		.byte	0x2
 281 01a3 23       		.byte	0x23
 282 01a4 1D       		.uleb128 0x1d
 283 01a5 06       		.uleb128 0x6
ARM GAS  C:\Users\DNIEL~1\AppData\Local\Temp\ccW3mSNe.s 			page 6


 284 01a6 BF000000 		.4byte	.LASF34
 285 01aa 06       		.byte	0x6
 286 01ab 82       		.byte	0x82
 287 01ac C3000000 		.4byte	0xc3
 288 01b0 02       		.byte	0x2
 289 01b1 23       		.byte	0x23
 290 01b2 1E       		.uleb128 0x1e
 291 01b3 06       		.uleb128 0x6
 292 01b4 1F030000 		.4byte	.LASF35
 293 01b8 06       		.byte	0x6
 294 01b9 88       		.byte	0x88
 295 01ba CE000000 		.4byte	0xce
 296 01be 02       		.byte	0x2
 297 01bf 23       		.byte	0x23
 298 01c0 1F       		.uleb128 0x1f
 299 01c1 06       		.uleb128 0x6
 300 01c2 D7000000 		.4byte	.LASF36
 301 01c6 06       		.byte	0x6
 302 01c7 8F       		.byte	0x8f
 303 01c8 5D030000 		.4byte	0x35d
 304 01cc 02       		.byte	0x2
 305 01cd 23       		.byte	0x23
 306 01ce 20       		.uleb128 0x20
 307 01cf 07       		.uleb128 0x7
 308 01d0 705F7500 		.ascii	"p_u\000"
 309 01d4 06       		.byte	0x6
 310 01d5 B4       		.byte	0xb4
 311 01d6 26040000 		.4byte	0x426
 312 01da 02       		.byte	0x2
 313 01db 23       		.byte	0x23
 314 01dc 24       		.uleb128 0x24
 315 01dd 06       		.uleb128 0x6
 316 01de 7A040000 		.4byte	.LASF37
 317 01e2 06       		.byte	0x6
 318 01e3 B9       		.byte	0xb9
 319 01e4 8D020000 		.4byte	0x28d
 320 01e8 02       		.byte	0x2
 321 01e9 23       		.byte	0x23
 322 01ea 28       		.uleb128 0x28
 323 01eb 06       		.uleb128 0x6
 324 01ec 4D010000 		.4byte	.LASF38
 325 01f0 06       		.byte	0x6
 326 01f1 BF       		.byte	0xbf
 327 01f2 6B020000 		.4byte	0x26b
 328 01f6 02       		.byte	0x2
 329 01f7 23       		.byte	0x23
 330 01f8 2C       		.uleb128 0x2c
 331 01f9 06       		.uleb128 0x6
 332 01fa 5F040000 		.4byte	.LASF39
 333 01fe 06       		.byte	0x6
 334 01ff C3       		.byte	0xc3
 335 0200 E4000000 		.4byte	0xe4
 336 0204 02       		.byte	0x2
 337 0205 23       		.byte	0x23
 338 0206 34       		.uleb128 0x34
 339 0207 06       		.uleb128 0x6
 340 0208 56030000 		.4byte	.LASF40
ARM GAS  C:\Users\DNIEL~1\AppData\Local\Temp\ccW3mSNe.s 			page 7


 341 020c 06       		.byte	0x6
 342 020d C9       		.byte	0xc9
 343 020e EF000000 		.4byte	0xef
 344 0212 02       		.byte	0x2
 345 0213 23       		.byte	0x23
 346 0214 38       		.uleb128 0x38
 347 0215 06       		.uleb128 0x6
 348 0216 03030000 		.4byte	.LASF41
 349 021a 06       		.byte	0x6
 350 021b D0       		.byte	0xd0
 351 021c 6D040000 		.4byte	0x46d
 352 0220 02       		.byte	0x2
 353 0221 23       		.byte	0x23
 354 0222 3C       		.uleb128 0x3c
 355 0223 06       		.uleb128 0x6
 356 0224 CA030000 		.4byte	.LASF42
 357 0228 06       		.byte	0x6
 358 0229 D4       		.byte	0xd4
 359 022a D9000000 		.4byte	0xd9
 360 022e 02       		.byte	0x2
 361 022f 23       		.byte	0x23
 362 0230 40       		.uleb128 0x40
 363 0231 06       		.uleb128 0x6
 364 0232 7D000000 		.4byte	.LASF43
 365 0236 06       		.byte	0x6
 366 0237 DA       		.byte	0xda
 367 0238 A3020000 		.4byte	0x2a3
 368 023c 02       		.byte	0x2
 369 023d 23       		.byte	0x23
 370 023e 44       		.uleb128 0x44
 371 023f 00       		.byte	0
 372 0240 08       		.uleb128 0x8
 373 0241 08       		.byte	0x8
 374 0242 05       		.byte	0x5
 375 0243 61       		.byte	0x61
 376 0244 65020000 		.4byte	0x265
 377 0248 06       		.uleb128 0x6
 378 0249 30030000 		.4byte	.LASF25
 379 024d 05       		.byte	0x5
 380 024e 62       		.byte	0x62
 381 024f 65020000 		.4byte	0x265
 382 0253 02       		.byte	0x2
 383 0254 23       		.byte	0x23
 384 0255 00       		.uleb128 0
 385 0256 06       		.uleb128 0x6
 386 0257 B1020000 		.4byte	.LASF26
 387 025b 05       		.byte	0x5
 388 025c 64       		.byte	0x64
 389 025d 65020000 		.4byte	0x265
 390 0261 02       		.byte	0x2
 391 0262 23       		.byte	0x23
 392 0263 04       		.uleb128 0x4
 393 0264 00       		.byte	0
 394 0265 09       		.uleb128 0x9
 395 0266 04       		.byte	0x4
 396 0267 10010000 		.4byte	0x110
 397 026b 03       		.uleb128 0x3
ARM GAS  C:\Users\DNIEL~1\AppData\Local\Temp\ccW3mSNe.s 			page 8


 398 026c 55020000 		.4byte	.LASF44
 399 0270 05       		.byte	0x5
 400 0271 66       		.byte	0x66
 401 0272 40020000 		.4byte	0x240
 402 0276 08       		.uleb128 0x8
 403 0277 04       		.byte	0x4
 404 0278 05       		.byte	0x5
 405 0279 6B       		.byte	0x6b
 406 027a 8D020000 		.4byte	0x28d
 407 027e 06       		.uleb128 0x6
 408 027f 30030000 		.4byte	.LASF25
 409 0283 05       		.byte	0x5
 410 0284 6D       		.byte	0x6d
 411 0285 65020000 		.4byte	0x265
 412 0289 02       		.byte	0x2
 413 028a 23       		.byte	0x23
 414 028b 00       		.uleb128 0
 415 028c 00       		.byte	0
 416 028d 03       		.uleb128 0x3
 417 028e A0010000 		.4byte	.LASF45
 418 0292 05       		.byte	0x5
 419 0293 70       		.byte	0x70
 420 0294 76020000 		.4byte	0x276
 421 0298 03       		.uleb128 0x3
 422 0299 E6000000 		.4byte	.LASF46
 423 029d 07       		.byte	0x7
 424 029e E5       		.byte	0xe5
 425 029f A3020000 		.4byte	0x2a3
 426 02a3 0A       		.uleb128 0xa
 427 02a4 04       		.byte	0x4
 428 02a5 0B       		.uleb128 0xb
 429 02a6 DD030000 		.4byte	.LASF47
 430 02aa 24       		.byte	0x24
 431 02ab 07       		.byte	0x7
 432 02ac 0C01     		.2byte	0x10c
 433 02ae 33030000 		.4byte	0x333
 434 02b2 0C       		.uleb128 0xc
 435 02b3 723400   		.ascii	"r4\000"
 436 02b6 07       		.byte	0x7
 437 02b7 1F01     		.2byte	0x11f
 438 02b9 98020000 		.4byte	0x298
 439 02bd 02       		.byte	0x2
 440 02be 23       		.byte	0x23
 441 02bf 00       		.uleb128 0
 442 02c0 0C       		.uleb128 0xc
 443 02c1 723500   		.ascii	"r5\000"
 444 02c4 07       		.byte	0x7
 445 02c5 2001     		.2byte	0x120
 446 02c7 98020000 		.4byte	0x298
 447 02cb 02       		.byte	0x2
 448 02cc 23       		.byte	0x23
 449 02cd 04       		.uleb128 0x4
 450 02ce 0C       		.uleb128 0xc
 451 02cf 723600   		.ascii	"r6\000"
 452 02d2 07       		.byte	0x7
 453 02d3 2101     		.2byte	0x121
 454 02d5 98020000 		.4byte	0x298
ARM GAS  C:\Users\DNIEL~1\AppData\Local\Temp\ccW3mSNe.s 			page 9


 455 02d9 02       		.byte	0x2
 456 02da 23       		.byte	0x23
 457 02db 08       		.uleb128 0x8
 458 02dc 0C       		.uleb128 0xc
 459 02dd 723700   		.ascii	"r7\000"
 460 02e0 07       		.byte	0x7
 461 02e1 2201     		.2byte	0x122
 462 02e3 98020000 		.4byte	0x298
 463 02e7 02       		.byte	0x2
 464 02e8 23       		.byte	0x23
 465 02e9 0C       		.uleb128 0xc
 466 02ea 0C       		.uleb128 0xc
 467 02eb 723800   		.ascii	"r8\000"
 468 02ee 07       		.byte	0x7
 469 02ef 2301     		.2byte	0x123
 470 02f1 98020000 		.4byte	0x298
 471 02f5 02       		.byte	0x2
 472 02f6 23       		.byte	0x23
 473 02f7 10       		.uleb128 0x10
 474 02f8 0C       		.uleb128 0xc
 475 02f9 723900   		.ascii	"r9\000"
 476 02fc 07       		.byte	0x7
 477 02fd 2401     		.2byte	0x124
 478 02ff 98020000 		.4byte	0x298
 479 0303 02       		.byte	0x2
 480 0304 23       		.byte	0x23
 481 0305 14       		.uleb128 0x14
 482 0306 0C       		.uleb128 0xc
 483 0307 72313000 		.ascii	"r10\000"
 484 030b 07       		.byte	0x7
 485 030c 2501     		.2byte	0x125
 486 030e 98020000 		.4byte	0x298
 487 0312 02       		.byte	0x2
 488 0313 23       		.byte	0x23
 489 0314 18       		.uleb128 0x18
 490 0315 0C       		.uleb128 0xc
 491 0316 72313100 		.ascii	"r11\000"
 492 031a 07       		.byte	0x7
 493 031b 2601     		.2byte	0x126
 494 031d 98020000 		.4byte	0x298
 495 0321 02       		.byte	0x2
 496 0322 23       		.byte	0x23
 497 0323 1C       		.uleb128 0x1c
 498 0324 0C       		.uleb128 0xc
 499 0325 6C7200   		.ascii	"lr\000"
 500 0328 07       		.byte	0x7
 501 0329 2701     		.2byte	0x127
 502 032b 98020000 		.4byte	0x298
 503 032f 02       		.byte	0x2
 504 0330 23       		.byte	0x23
 505 0331 20       		.uleb128 0x20
 506 0332 00       		.byte	0
 507 0333 0B       		.uleb128 0xb
 508 0334 D5030000 		.4byte	.LASF48
 509 0338 04       		.byte	0x4
 510 0339 07       		.byte	0x7
 511 033a 3101     		.2byte	0x131
ARM GAS  C:\Users\DNIEL~1\AppData\Local\Temp\ccW3mSNe.s 			page 10


 512 033c 50030000 		.4byte	0x350
 513 0340 0C       		.uleb128 0xc
 514 0341 72313300 		.ascii	"r13\000"
 515 0345 07       		.byte	0x7
 516 0346 3201     		.2byte	0x132
 517 0348 50030000 		.4byte	0x350
 518 034c 02       		.byte	0x2
 519 034d 23       		.byte	0x23
 520 034e 00       		.uleb128 0
 521 034f 00       		.byte	0
 522 0350 09       		.uleb128 0x9
 523 0351 04       		.byte	0x4
 524 0352 A5020000 		.4byte	0x2a5
 525 0356 04       		.uleb128 0x4
 526 0357 04       		.byte	0x4
 527 0358 07       		.byte	0x7
 528 0359 EB010000 		.4byte	.LASF49
 529 035d 0D       		.uleb128 0xd
 530 035e 05010000 		.4byte	0x105
 531 0362 05       		.uleb128 0x5
 532 0363 FE010000 		.4byte	.LASF50
 533 0367 10       		.byte	0x10
 534 0368 08       		.byte	0x8
 535 0369 2C       		.byte	0x2c
 536 036a 99030000 		.4byte	0x399
 537 036e 06       		.uleb128 0x6
 538 036f 85000000 		.4byte	.LASF51
 539 0373 08       		.byte	0x8
 540 0374 2D       		.byte	0x2d
 541 0375 6B020000 		.4byte	0x26b
 542 0379 02       		.byte	0x2
 543 037a 23       		.byte	0x23
 544 037b 00       		.uleb128 0
 545 037c 06       		.uleb128 0x6
 546 037d 6C040000 		.4byte	.LASF52
 547 0381 08       		.byte	0x8
 548 0382 2F       		.byte	0x2f
 549 0383 65020000 		.4byte	0x265
 550 0387 02       		.byte	0x2
 551 0388 23       		.byte	0x23
 552 0389 08       		.uleb128 0x8
 553 038a 06       		.uleb128 0x6
 554 038b B9030000 		.4byte	.LASF53
 555 038f 08       		.byte	0x8
 556 0390 31       		.byte	0x31
 557 0391 99030000 		.4byte	0x399
 558 0395 02       		.byte	0x2
 559 0396 23       		.byte	0x23
 560 0397 0C       		.uleb128 0xc
 561 0398 00       		.byte	0
 562 0399 09       		.uleb128 0x9
 563 039a 04       		.byte	0x4
 564 039b 62030000 		.4byte	0x362
 565 039f 03       		.uleb128 0x3
 566 03a0 FE010000 		.4byte	.LASF50
 567 03a4 08       		.byte	0x8
 568 03a5 33       		.byte	0x33
ARM GAS  C:\Users\DNIEL~1\AppData\Local\Temp\ccW3mSNe.s 			page 11


 569 03a6 62030000 		.4byte	0x362
 570 03aa 03       		.uleb128 0x3
 571 03ab 4A040000 		.4byte	.LASF54
 572 03af 09       		.byte	0x9
 573 03b0 2C       		.byte	0x2c
 574 03b1 B5030000 		.4byte	0x3b5
 575 03b5 05       		.uleb128 0x5
 576 03b6 4A040000 		.4byte	.LASF54
 577 03ba 10       		.byte	0x10
 578 03bb 09       		.byte	0x9
 579 03bc 31       		.byte	0x31
 580 03bd FA030000 		.4byte	0x3fa
 581 03c1 06       		.uleb128 0x6
 582 03c2 3F030000 		.4byte	.LASF55
 583 03c6 09       		.byte	0x9
 584 03c7 32       		.byte	0x32
 585 03c8 FA030000 		.4byte	0x3fa
 586 03cc 02       		.byte	0x2
 587 03cd 23       		.byte	0x23
 588 03ce 00       		.uleb128 0
 589 03cf 06       		.uleb128 0x6
 590 03d0 EE020000 		.4byte	.LASF56
 591 03d4 09       		.byte	0x9
 592 03d5 35       		.byte	0x35
 593 03d6 65020000 		.4byte	0x265
 594 03da 02       		.byte	0x2
 595 03db 23       		.byte	0x23
 596 03dc 04       		.uleb128 0x4
 597 03dd 06       		.uleb128 0x6
 598 03de 62020000 		.4byte	.LASF57
 599 03e2 09       		.byte	0x9
 600 03e3 37       		.byte	0x37
 601 03e4 EF000000 		.4byte	0xef
 602 03e8 02       		.byte	0x2
 603 03e9 23       		.byte	0x23
 604 03ea 08       		.uleb128 0x8
 605 03eb 06       		.uleb128 0x6
 606 03ec FA020000 		.4byte	.LASF58
 607 03f0 09       		.byte	0x9
 608 03f1 3A       		.byte	0x3a
 609 03f2 FA000000 		.4byte	0xfa
 610 03f6 02       		.byte	0x2
 611 03f7 23       		.byte	0x23
 612 03f8 0C       		.uleb128 0xc
 613 03f9 00       		.byte	0
 614 03fa 09       		.uleb128 0x9
 615 03fb 04       		.byte	0x4
 616 03fc AA030000 		.4byte	0x3aa
 617 0400 05       		.uleb128 0x5
 618 0401 00010000 		.4byte	.LASF59
 619 0405 04       		.byte	0x4
 620 0406 09       		.byte	0x9
 621 0407 41       		.byte	0x41
 622 0408 1B040000 		.4byte	0x41b
 623 040c 06       		.uleb128 0x6
 624 040d 06040000 		.4byte	.LASF60
 625 0411 09       		.byte	0x9
ARM GAS  C:\Users\DNIEL~1\AppData\Local\Temp\ccW3mSNe.s 			page 12


 626 0412 42       		.byte	0x42
 627 0413 FA030000 		.4byte	0x3fa
 628 0417 02       		.byte	0x2
 629 0418 23       		.byte	0x23
 630 0419 00       		.uleb128 0
 631 041a 00       		.byte	0
 632 041b 03       		.uleb128 0x3
 633 041c 00010000 		.4byte	.LASF59
 634 0420 09       		.byte	0x9
 635 0421 45       		.byte	0x45
 636 0422 00040000 		.4byte	0x400
 637 0426 0E       		.uleb128 0xe
 638 0427 04       		.byte	0x4
 639 0428 06       		.byte	0x6
 640 0429 96       		.byte	0x96
 641 042a 5B040000 		.4byte	0x45b
 642 042e 0F       		.uleb128 0xf
 643 042f 07000000 		.4byte	.LASF61
 644 0433 06       		.byte	0x6
 645 0434 9D       		.byte	0x9d
 646 0435 E4000000 		.4byte	0xe4
 647 0439 0F       		.uleb128 0xf
 648 043a 31000000 		.4byte	.LASF62
 649 043e 06       		.byte	0x6
 650 043f A4       		.byte	0xa4
 651 0440 E4000000 		.4byte	0xe4
 652 0444 0F       		.uleb128 0xf
 653 0445 58040000 		.4byte	.LASF63
 654 0449 06       		.byte	0x6
 655 044a AB       		.byte	0xab
 656 044b A3020000 		.4byte	0x2a3
 657 044f 0F       		.uleb128 0xf
 658 0450 29030000 		.4byte	.LASF64
 659 0454 06       		.byte	0x6
 660 0455 B2       		.byte	0xb2
 661 0456 EF000000 		.4byte	0xef
 662 045a 00       		.byte	0
 663 045b 09       		.uleb128 0x9
 664 045c 04       		.byte	0x4
 665 045d 61040000 		.4byte	0x461
 666 0461 10       		.uleb128 0x10
 667 0462 66040000 		.4byte	0x466
 668 0466 04       		.uleb128 0x4
 669 0467 01       		.byte	0x1
 670 0468 08       		.byte	0x8
 671 0469 AC030000 		.4byte	.LASF65
 672 046d 09       		.uleb128 0x9
 673 046e 04       		.byte	0x4
 674 046f 9F030000 		.4byte	0x39f
 675 0473 09       		.uleb128 0x9
 676 0474 04       		.byte	0x4
 677 0475 79040000 		.4byte	0x479
 678 0479 11       		.uleb128 0x11
 679 047a 01       		.byte	0x1
 680 047b E4000000 		.4byte	0xe4
 681 047f 89040000 		.4byte	0x489
 682 0483 12       		.uleb128 0x12
ARM GAS  C:\Users\DNIEL~1\AppData\Local\Temp\ccW3mSNe.s 			page 13


 683 0484 A3020000 		.4byte	0x2a3
 684 0488 00       		.byte	0
 685 0489 03       		.uleb128 0x3
 686 048a D3010000 		.4byte	.LASF66
 687 048e 0A       		.byte	0xa
 688 048f 37       		.byte	0x37
 689 0490 94040000 		.4byte	0x494
 690 0494 05       		.uleb128 0x5
 691 0495 D3010000 		.4byte	.LASF66
 692 0499 24       		.byte	0x24
 693 049a 0A       		.byte	0xa
 694 049b 45       		.byte	0x45
 695 049c 11050000 		.4byte	0x511
 696 04a0 06       		.uleb128 0x6
 697 04a1 54000000 		.4byte	.LASF67
 698 04a5 0A       		.byte	0xa
 699 04a6 46       		.byte	0x46
 700 04a7 6B020000 		.4byte	0x26b
 701 04ab 02       		.byte	0x2
 702 04ac 23       		.byte	0x23
 703 04ad 00       		.uleb128 0
 704 04ae 06       		.uleb128 0x6
 705 04af F4010000 		.4byte	.LASF68
 706 04b3 0A       		.byte	0xa
 707 04b4 47       		.byte	0x47
 708 04b5 30000000 		.4byte	0x30
 709 04b9 02       		.byte	0x2
 710 04ba 23       		.byte	0x23
 711 04bb 08       		.uleb128 0x8
 712 04bc 06       		.uleb128 0x6
 713 04bd C6000000 		.4byte	.LASF69
 714 04c1 0A       		.byte	0xa
 715 04c2 48       		.byte	0x48
 716 04c3 34050000 		.4byte	0x534
 717 04c7 02       		.byte	0x2
 718 04c8 23       		.byte	0x23
 719 04c9 0C       		.uleb128 0xc
 720 04ca 06       		.uleb128 0x6
 721 04cb F9030000 		.4byte	.LASF70
 722 04cf 0A       		.byte	0xa
 723 04d0 49       		.byte	0x49
 724 04d1 34050000 		.4byte	0x534
 725 04d5 02       		.byte	0x2
 726 04d6 23       		.byte	0x23
 727 04d7 10       		.uleb128 0x10
 728 04d8 06       		.uleb128 0x6
 729 04d9 CF000000 		.4byte	.LASF71
 730 04dd 0A       		.byte	0xa
 731 04de 4B       		.byte	0x4b
 732 04df 34050000 		.4byte	0x534
 733 04e3 02       		.byte	0x2
 734 04e4 23       		.byte	0x23
 735 04e5 14       		.uleb128 0x14
 736 04e6 06       		.uleb128 0x6
 737 04e7 CA020000 		.4byte	.LASF72
 738 04eb 0A       		.byte	0xa
 739 04ec 4C       		.byte	0x4c
ARM GAS  C:\Users\DNIEL~1\AppData\Local\Temp\ccW3mSNe.s 			page 14


 740 04ed 34050000 		.4byte	0x534
 741 04f1 02       		.byte	0x2
 742 04f2 23       		.byte	0x23
 743 04f3 18       		.uleb128 0x18
 744 04f4 06       		.uleb128 0x6
 745 04f5 39040000 		.4byte	.LASF73
 746 04f9 0A       		.byte	0xa
 747 04fa 4D       		.byte	0x4d
 748 04fb 11050000 		.4byte	0x511
 749 04ff 02       		.byte	0x2
 750 0500 23       		.byte	0x23
 751 0501 1C       		.uleb128 0x1c
 752 0502 06       		.uleb128 0x6
 753 0503 65040000 		.4byte	.LASF74
 754 0507 0A       		.byte	0xa
 755 0508 4E       		.byte	0x4e
 756 0509 A3020000 		.4byte	0x2a3
 757 050d 02       		.byte	0x2
 758 050e 23       		.byte	0x23
 759 050f 20       		.uleb128 0x20
 760 0510 00       		.byte	0
 761 0511 03       		.uleb128 0x3
 762 0512 C9010000 		.4byte	.LASF75
 763 0516 0A       		.byte	0xa
 764 0517 3A       		.byte	0x3a
 765 0518 1C050000 		.4byte	0x51c
 766 051c 09       		.uleb128 0x9
 767 051d 04       		.byte	0x4
 768 051e 22050000 		.4byte	0x522
 769 0522 13       		.uleb128 0x13
 770 0523 01       		.byte	0x1
 771 0524 2E050000 		.4byte	0x52e
 772 0528 12       		.uleb128 0x12
 773 0529 2E050000 		.4byte	0x52e
 774 052d 00       		.byte	0
 775 052e 09       		.uleb128 0x9
 776 052f 04       		.byte	0x4
 777 0530 89040000 		.4byte	0x489
 778 0534 09       		.uleb128 0x9
 779 0535 04       		.byte	0x4
 780 0536 49000000 		.4byte	0x49
 781 053a 03       		.uleb128 0x3
 782 053b B8010000 		.4byte	.LASF76
 783 053f 0A       		.byte	0xa
 784 0540 82       		.byte	0x82
 785 0541 89040000 		.4byte	0x489
 786 0545 03       		.uleb128 0x3
 787 0546 0E000000 		.4byte	.LASF77
 788 054a 0A       		.byte	0xa
 789 054b F5       		.byte	0xf5
 790 054c 89040000 		.4byte	0x489
 791 0550 11       		.uleb128 0x11
 792 0551 01       		.byte	0x1
 793 0552 30000000 		.4byte	0x30
 794 0556 6A050000 		.4byte	0x56a
 795 055a 12       		.uleb128 0x12
 796 055b A3020000 		.4byte	0x2a3
ARM GAS  C:\Users\DNIEL~1\AppData\Local\Temp\ccW3mSNe.s 			page 15


 797 055f 12       		.uleb128 0x12
 798 0560 6A050000 		.4byte	0x56a
 799 0564 12       		.uleb128 0x12
 800 0565 30000000 		.4byte	0x30
 801 0569 00       		.byte	0
 802 056a 09       		.uleb128 0x9
 803 056b 04       		.byte	0x4
 804 056c 70050000 		.4byte	0x570
 805 0570 10       		.uleb128 0x10
 806 0571 49000000 		.4byte	0x49
 807 0575 09       		.uleb128 0x9
 808 0576 04       		.byte	0x4
 809 0577 50050000 		.4byte	0x550
 810 057b 11       		.uleb128 0x11
 811 057c 01       		.byte	0x1
 812 057d 30000000 		.4byte	0x30
 813 0581 95050000 		.4byte	0x595
 814 0585 12       		.uleb128 0x12
 815 0586 A3020000 		.4byte	0x2a3
 816 058a 12       		.uleb128 0x12
 817 058b 34050000 		.4byte	0x534
 818 058f 12       		.uleb128 0x12
 819 0590 30000000 		.4byte	0x30
 820 0594 00       		.byte	0
 821 0595 09       		.uleb128 0x9
 822 0596 04       		.byte	0x4
 823 0597 7B050000 		.4byte	0x57b
 824 059b 11       		.uleb128 0x11
 825 059c 01       		.byte	0x1
 826 059d E4000000 		.4byte	0xe4
 827 05a1 B0050000 		.4byte	0x5b0
 828 05a5 12       		.uleb128 0x12
 829 05a6 A3020000 		.4byte	0x2a3
 830 05aa 12       		.uleb128 0x12
 831 05ab 49000000 		.4byte	0x49
 832 05af 00       		.byte	0
 833 05b0 09       		.uleb128 0x9
 834 05b1 04       		.byte	0x4
 835 05b2 9B050000 		.4byte	0x59b
 836 05b6 0D       		.uleb128 0xd
 837 05b7 62000000 		.4byte	0x62
 838 05bb 0D       		.uleb128 0xd
 839 05bc 74000000 		.4byte	0x74
 840 05c0 14       		.uleb128 0x14
 841 05c1 1C       		.byte	0x1c
 842 05c2 0B       		.byte	0xb
 843 05c3 2905     		.2byte	0x529
 844 05c5 9A060000 		.4byte	0x69a
 845 05c9 0C       		.uleb128 0xc
 846 05ca 535200   		.ascii	"SR\000"
 847 05cd 0B       		.byte	0xb
 848 05ce 2B05     		.2byte	0x52b
 849 05d0 B6050000 		.4byte	0x5b6
 850 05d4 02       		.byte	0x2
 851 05d5 23       		.byte	0x23
 852 05d6 00       		.uleb128 0
 853 05d7 15       		.uleb128 0x15
ARM GAS  C:\Users\DNIEL~1\AppData\Local\Temp\ccW3mSNe.s 			page 16


 854 05d8 7F020000 		.4byte	.LASF78
 855 05dc 0B       		.byte	0xb
 856 05dd 2C05     		.2byte	0x52c
 857 05df 62000000 		.4byte	0x62
 858 05e3 02       		.byte	0x2
 859 05e4 23       		.byte	0x23
 860 05e5 02       		.uleb128 0x2
 861 05e6 0C       		.uleb128 0xc
 862 05e7 445200   		.ascii	"DR\000"
 863 05ea 0B       		.byte	0xb
 864 05eb 2D05     		.2byte	0x52d
 865 05ed B6050000 		.4byte	0x5b6
 866 05f1 02       		.byte	0x2
 867 05f2 23       		.byte	0x23
 868 05f3 04       		.uleb128 0x4
 869 05f4 15       		.uleb128 0x15
 870 05f5 89020000 		.4byte	.LASF79
 871 05f9 0B       		.byte	0xb
 872 05fa 2E05     		.2byte	0x52e
 873 05fc 62000000 		.4byte	0x62
 874 0600 02       		.byte	0x2
 875 0601 23       		.byte	0x23
 876 0602 06       		.uleb128 0x6
 877 0603 0C       		.uleb128 0xc
 878 0604 42525200 		.ascii	"BRR\000"
 879 0608 0B       		.byte	0xb
 880 0609 2F05     		.2byte	0x52f
 881 060b B6050000 		.4byte	0x5b6
 882 060f 02       		.byte	0x2
 883 0610 23       		.byte	0x23
 884 0611 08       		.uleb128 0x8
 885 0612 15       		.uleb128 0x15
 886 0613 93020000 		.4byte	.LASF80
 887 0617 0B       		.byte	0xb
 888 0618 3005     		.2byte	0x530
 889 061a 62000000 		.4byte	0x62
 890 061e 02       		.byte	0x2
 891 061f 23       		.byte	0x23
 892 0620 0A       		.uleb128 0xa
 893 0621 0C       		.uleb128 0xc
 894 0622 43523100 		.ascii	"CR1\000"
 895 0626 0B       		.byte	0xb
 896 0627 3105     		.2byte	0x531
 897 0629 B6050000 		.4byte	0x5b6
 898 062d 02       		.byte	0x2
 899 062e 23       		.byte	0x23
 900 062f 0C       		.uleb128 0xc
 901 0630 15       		.uleb128 0x15
 902 0631 9D020000 		.4byte	.LASF81
 903 0635 0B       		.byte	0xb
 904 0636 3205     		.2byte	0x532
 905 0638 62000000 		.4byte	0x62
 906 063c 02       		.byte	0x2
 907 063d 23       		.byte	0x23
 908 063e 0E       		.uleb128 0xe
 909 063f 0C       		.uleb128 0xc
 910 0640 43523200 		.ascii	"CR2\000"
ARM GAS  C:\Users\DNIEL~1\AppData\Local\Temp\ccW3mSNe.s 			page 17


 911 0644 0B       		.byte	0xb
 912 0645 3305     		.2byte	0x533
 913 0647 B6050000 		.4byte	0x5b6
 914 064b 02       		.byte	0x2
 915 064c 23       		.byte	0x23
 916 064d 10       		.uleb128 0x10
 917 064e 15       		.uleb128 0x15
 918 064f A7020000 		.4byte	.LASF82
 919 0653 0B       		.byte	0xb
 920 0654 3405     		.2byte	0x534
 921 0656 62000000 		.4byte	0x62
 922 065a 02       		.byte	0x2
 923 065b 23       		.byte	0x23
 924 065c 12       		.uleb128 0x12
 925 065d 0C       		.uleb128 0xc
 926 065e 43523300 		.ascii	"CR3\000"
 927 0662 0B       		.byte	0xb
 928 0663 3505     		.2byte	0x535
 929 0665 B6050000 		.4byte	0x5b6
 930 0669 02       		.byte	0x2
 931 066a 23       		.byte	0x23
 932 066b 14       		.uleb128 0x14
 933 066c 15       		.uleb128 0x15
 934 066d 6B030000 		.4byte	.LASF83
 935 0671 0B       		.byte	0xb
 936 0672 3605     		.2byte	0x536
 937 0674 62000000 		.4byte	0x62
 938 0678 02       		.byte	0x2
 939 0679 23       		.byte	0x23
 940 067a 16       		.uleb128 0x16
 941 067b 15       		.uleb128 0x15
 942 067c 78000000 		.4byte	.LASF84
 943 0680 0B       		.byte	0xb
 944 0681 3705     		.2byte	0x537
 945 0683 B6050000 		.4byte	0x5b6
 946 0687 02       		.byte	0x2
 947 0688 23       		.byte	0x23
 948 0689 18       		.uleb128 0x18
 949 068a 15       		.uleb128 0x15
 950 068b B8020000 		.4byte	.LASF85
 951 068f 0B       		.byte	0xb
 952 0690 3805     		.2byte	0x538
 953 0692 62000000 		.4byte	0x62
 954 0696 02       		.byte	0x2
 955 0697 23       		.byte	0x23
 956 0698 1A       		.uleb128 0x1a
 957 0699 00       		.byte	0
 958 069a 16       		.uleb128 0x16
 959 069b 83010000 		.4byte	.LASF86
 960 069f 0B       		.byte	0xb
 961 06a0 3905     		.2byte	0x539
 962 06a2 C0050000 		.4byte	0x5c0
 963 06a6 11       		.uleb128 0x11
 964 06a7 01       		.byte	0x1
 965 06a8 E4000000 		.4byte	0xe4
 966 06ac C0060000 		.4byte	0x6c0
 967 06b0 12       		.uleb128 0x12
ARM GAS  C:\Users\DNIEL~1\AppData\Local\Temp\ccW3mSNe.s 			page 18


 968 06b1 A3020000 		.4byte	0x2a3
 969 06b5 12       		.uleb128 0x12
 970 06b6 49000000 		.4byte	0x49
 971 06ba 12       		.uleb128 0x12
 972 06bb 05010000 		.4byte	0x105
 973 06bf 00       		.byte	0
 974 06c0 09       		.uleb128 0x9
 975 06c1 04       		.byte	0x4
 976 06c2 A6060000 		.4byte	0x6a6
 977 06c6 11       		.uleb128 0x11
 978 06c7 01       		.byte	0x1
 979 06c8 E4000000 		.4byte	0xe4
 980 06cc DB060000 		.4byte	0x6db
 981 06d0 12       		.uleb128 0x12
 982 06d1 A3020000 		.4byte	0x2a3
 983 06d5 12       		.uleb128 0x12
 984 06d6 05010000 		.4byte	0x105
 985 06da 00       		.byte	0
 986 06db 09       		.uleb128 0x9
 987 06dc 04       		.byte	0x4
 988 06dd C6060000 		.4byte	0x6c6
 989 06e1 11       		.uleb128 0x11
 990 06e2 01       		.byte	0x1
 991 06e3 30000000 		.4byte	0x30
 992 06e7 00070000 		.4byte	0x700
 993 06eb 12       		.uleb128 0x12
 994 06ec A3020000 		.4byte	0x2a3
 995 06f0 12       		.uleb128 0x12
 996 06f1 6A050000 		.4byte	0x56a
 997 06f5 12       		.uleb128 0x12
 998 06f6 30000000 		.4byte	0x30
 999 06fa 12       		.uleb128 0x12
 1000 06fb 05010000 		.4byte	0x105
 1001 06ff 00       		.byte	0
 1002 0700 09       		.uleb128 0x9
 1003 0701 04       		.byte	0x4
 1004 0702 E1060000 		.4byte	0x6e1
 1005 0706 11       		.uleb128 0x11
 1006 0707 01       		.byte	0x1
 1007 0708 30000000 		.4byte	0x30
 1008 070c 25070000 		.4byte	0x725
 1009 0710 12       		.uleb128 0x12
 1010 0711 A3020000 		.4byte	0x2a3
 1011 0715 12       		.uleb128 0x12
 1012 0716 34050000 		.4byte	0x534
 1013 071a 12       		.uleb128 0x12
 1014 071b 30000000 		.4byte	0x30
 1015 071f 12       		.uleb128 0x12
 1016 0720 05010000 		.4byte	0x105
 1017 0724 00       		.byte	0
 1018 0725 09       		.uleb128 0x9
 1019 0726 04       		.byte	0x4
 1020 0727 06070000 		.4byte	0x706
 1021 072b 17       		.uleb128 0x17
 1022 072c 01       		.byte	0x1
 1023 072d 0C       		.byte	0xc
 1024 072e 64       		.byte	0x64
ARM GAS  C:\Users\DNIEL~1\AppData\Local\Temp\ccW3mSNe.s 			page 19


 1025 072f 46070000 		.4byte	0x746
 1026 0733 18       		.uleb128 0x18
 1027 0734 61030000 		.4byte	.LASF87
 1028 0738 00       		.sleb128 0
 1029 0739 18       		.uleb128 0x18
 1030 073a 47030000 		.4byte	.LASF88
 1031 073e 01       		.sleb128 1
 1032 073f 18       		.uleb128 0x18
 1033 0740 E4030000 		.4byte	.LASF89
 1034 0744 02       		.sleb128 2
 1035 0745 00       		.byte	0
 1036 0746 03       		.uleb128 0x3
 1037 0747 7E030000 		.4byte	.LASF90
 1038 074b 0C       		.byte	0xc
 1039 074c 68       		.byte	0x68
 1040 074d 2B070000 		.4byte	0x72b
 1041 0751 03       		.uleb128 0x3
 1042 0752 88030000 		.4byte	.LASF91
 1043 0756 0C       		.byte	0xc
 1044 0757 6D       		.byte	0x6d
 1045 0758 5C070000 		.4byte	0x75c
 1046 075c 05       		.uleb128 0x5
 1047 075d 88030000 		.4byte	.LASF91
 1048 0761 78       		.byte	0x78
 1049 0762 0C       		.byte	0xc
 1050 0763 87       		.byte	0x87
 1051 0764 D7070000 		.4byte	0x7d7
 1052 0768 07       		.uleb128 0x7
 1053 0769 766D7400 		.ascii	"vmt\000"
 1054 076d 0C       		.byte	0xc
 1055 076e 89       		.byte	0x89
 1056 076f A0080000 		.4byte	0x8a0
 1057 0773 02       		.byte	0x2
 1058 0774 23       		.byte	0x23
 1059 0775 00       		.uleb128 0
 1060 0776 06       		.uleb128 0x6
 1061 0777 5D010000 		.4byte	.LASF92
 1062 077b 0C       		.byte	0xc
 1063 077c 8A       		.byte	0x8a
 1064 077d 1B040000 		.4byte	0x41b
 1065 0781 02       		.byte	0x2
 1066 0782 23       		.byte	0x23
 1067 0783 04       		.uleb128 0x4
 1068 0784 06       		.uleb128 0x6
 1069 0785 A7000000 		.4byte	.LASF93
 1070 0789 0C       		.byte	0xc
 1071 078a 8A       		.byte	0x8a
 1072 078b 46070000 		.4byte	0x746
 1073 078f 02       		.byte	0x2
 1074 0790 23       		.byte	0x23
 1075 0791 08       		.uleb128 0x8
 1076 0792 06       		.uleb128 0x6
 1077 0793 46010000 		.4byte	.LASF94
 1078 0797 0C       		.byte	0xc
 1079 0798 8A       		.byte	0x8a
 1080 0799 3A050000 		.4byte	0x53a
 1081 079d 02       		.byte	0x2
ARM GAS  C:\Users\DNIEL~1\AppData\Local\Temp\ccW3mSNe.s 			page 20


 1082 079e 23       		.byte	0x23
 1083 079f 0C       		.uleb128 0xc
 1084 07a0 06       		.uleb128 0x6
 1085 07a1 7C010000 		.4byte	.LASF95
 1086 07a5 0C       		.byte	0xc
 1087 07a6 8A       		.byte	0x8a
 1088 07a7 45050000 		.4byte	0x545
 1089 07ab 02       		.byte	0x2
 1090 07ac 23       		.byte	0x23
 1091 07ad 30       		.uleb128 0x30
 1092 07ae 07       		.uleb128 0x7
 1093 07af 696200   		.ascii	"ib\000"
 1094 07b2 0C       		.byte	0xc
 1095 07b3 8A       		.byte	0x8a
 1096 07b4 AB080000 		.4byte	0x8ab
 1097 07b8 02       		.byte	0x2
 1098 07b9 23       		.byte	0x23
 1099 07ba 54       		.uleb128 0x54
 1100 07bb 07       		.uleb128 0x7
 1101 07bc 6F6200   		.ascii	"ob\000"
 1102 07bf 0C       		.byte	0xc
 1103 07c0 8A       		.byte	0x8a
 1104 07c1 AB080000 		.4byte	0x8ab
 1105 07c5 02       		.byte	0x2
 1106 07c6 23       		.byte	0x23
 1107 07c7 64       		.uleb128 0x64
 1108 07c8 06       		.uleb128 0x6
 1109 07c9 1A010000 		.4byte	.LASF96
 1110 07cd 0C       		.byte	0xc
 1111 07ce 8A       		.byte	0x8a
 1112 07cf BB080000 		.4byte	0x8bb
 1113 07d3 02       		.byte	0x2
 1114 07d4 23       		.byte	0x23
 1115 07d5 74       		.uleb128 0x74
 1116 07d6 00       		.byte	0
 1117 07d7 08       		.uleb128 0x8
 1118 07d8 0C       		.byte	0xc
 1119 07d9 0D       		.byte	0xd
 1120 07da D7       		.byte	0xd7
 1121 07db 18080000 		.4byte	0x818
 1122 07df 06       		.uleb128 0x6
 1123 07e0 C3010000 		.4byte	.LASF97
 1124 07e4 0D       		.byte	0xd
 1125 07e5 DB       		.byte	0xdb
 1126 07e6 86000000 		.4byte	0x86
 1127 07ea 02       		.byte	0x2
 1128 07eb 23       		.byte	0x23
 1129 07ec 00       		.uleb128 0
 1130 07ed 07       		.uleb128 0x7
 1131 07ee 63723100 		.ascii	"cr1\000"
 1132 07f2 0D       		.byte	0xd
 1133 07f3 E0       		.byte	0xe0
 1134 07f4 62000000 		.4byte	0x62
 1135 07f8 02       		.byte	0x2
 1136 07f9 23       		.byte	0x23
 1137 07fa 04       		.uleb128 0x4
 1138 07fb 07       		.uleb128 0x7
ARM GAS  C:\Users\DNIEL~1\AppData\Local\Temp\ccW3mSNe.s 			page 21


 1139 07fc 63723200 		.ascii	"cr2\000"
 1140 0800 0D       		.byte	0xd
 1141 0801 E4       		.byte	0xe4
 1142 0802 62000000 		.4byte	0x62
 1143 0806 02       		.byte	0x2
 1144 0807 23       		.byte	0x23
 1145 0808 06       		.uleb128 0x6
 1146 0809 07       		.uleb128 0x7
 1147 080a 63723300 		.ascii	"cr3\000"
 1148 080e 0D       		.byte	0xd
 1149 080f E8       		.byte	0xe8
 1150 0810 62000000 		.4byte	0x62
 1151 0814 02       		.byte	0x2
 1152 0815 23       		.byte	0x23
 1153 0816 08       		.uleb128 0x8
 1154 0817 00       		.byte	0
 1155 0818 03       		.uleb128 0x3
 1156 0819 6A020000 		.4byte	.LASF98
 1157 081d 0D       		.byte	0xd
 1158 081e E9       		.byte	0xe9
 1159 081f D7070000 		.4byte	0x7d7
 1160 0823 05       		.uleb128 0x5
 1161 0824 36010000 		.4byte	.LASF99
 1162 0828 20       		.byte	0x20
 1163 0829 0C       		.byte	0xc
 1164 082a 7C       		.byte	0x7c
 1165 082b A0080000 		.4byte	0x8a0
 1166 082f 06       		.uleb128 0x6
 1167 0830 E0010000 		.4byte	.LASF100
 1168 0834 0C       		.byte	0xc
 1169 0835 7D       		.byte	0x7d
 1170 0836 75050000 		.4byte	0x575
 1171 083a 02       		.byte	0x2
 1172 083b 23       		.byte	0x23
 1173 083c 00       		.uleb128 0
 1174 083d 06       		.uleb128 0x6
 1175 083e A7030000 		.4byte	.LASF101
 1176 0842 0C       		.byte	0xc
 1177 0843 7D       		.byte	0x7d
 1178 0844 95050000 		.4byte	0x595
 1179 0848 02       		.byte	0x2
 1180 0849 23       		.byte	0x23
 1181 084a 04       		.uleb128 0x4
 1182 084b 07       		.uleb128 0x7
 1183 084c 70757400 		.ascii	"put\000"
 1184 0850 0C       		.byte	0xc
 1185 0851 7D       		.byte	0x7d
 1186 0852 B0050000 		.4byte	0x5b0
 1187 0856 02       		.byte	0x2
 1188 0857 23       		.byte	0x23
 1189 0858 08       		.uleb128 0x8
 1190 0859 07       		.uleb128 0x7
 1191 085a 67657400 		.ascii	"get\000"
 1192 085e 0C       		.byte	0xc
 1193 085f 7D       		.byte	0x7d
 1194 0860 73040000 		.4byte	0x473
 1195 0864 02       		.byte	0x2
ARM GAS  C:\Users\DNIEL~1\AppData\Local\Temp\ccW3mSNe.s 			page 22


 1196 0865 23       		.byte	0x23
 1197 0866 0C       		.uleb128 0xc
 1198 0867 06       		.uleb128 0x6
 1199 0868 E6010000 		.4byte	.LASF102
 1200 086c 0C       		.byte	0xc
 1201 086d 7D       		.byte	0x7d
 1202 086e C0060000 		.4byte	0x6c0
 1203 0872 02       		.byte	0x2
 1204 0873 23       		.byte	0x23
 1205 0874 10       		.uleb128 0x10
 1206 0875 06       		.uleb128 0x6
 1207 0876 58010000 		.4byte	.LASF103
 1208 087a 0C       		.byte	0xc
 1209 087b 7D       		.byte	0x7d
 1210 087c DB060000 		.4byte	0x6db
 1211 0880 02       		.byte	0x2
 1212 0881 23       		.byte	0x23
 1213 0882 14       		.uleb128 0x14
 1214 0883 06       		.uleb128 0x6
 1215 0884 91010000 		.4byte	.LASF104
 1216 0888 0C       		.byte	0xc
 1217 0889 7D       		.byte	0x7d
 1218 088a 00070000 		.4byte	0x700
 1219 088e 02       		.byte	0x2
 1220 088f 23       		.byte	0x23
 1221 0890 18       		.uleb128 0x18
 1222 0891 06       		.uleb128 0x6
 1223 0892 4E000000 		.4byte	.LASF105
 1224 0896 0C       		.byte	0xc
 1225 0897 7D       		.byte	0x7d
 1226 0898 25070000 		.4byte	0x725
 1227 089c 02       		.byte	0x2
 1228 089d 23       		.byte	0x23
 1229 089e 1C       		.uleb128 0x1c
 1230 089f 00       		.byte	0
 1231 08a0 09       		.uleb128 0x9
 1232 08a1 04       		.byte	0x4
 1233 08a2 A6080000 		.4byte	0x8a6
 1234 08a6 10       		.uleb128 0x10
 1235 08a7 23080000 		.4byte	0x823
 1236 08ab 19       		.uleb128 0x19
 1237 08ac 49000000 		.4byte	0x49
 1238 08b0 BB080000 		.4byte	0x8bb
 1239 08b4 1A       		.uleb128 0x1a
 1240 08b5 56030000 		.4byte	0x356
 1241 08b9 0F       		.byte	0xf
 1242 08ba 00       		.byte	0
 1243 08bb 09       		.uleb128 0x9
 1244 08bc 04       		.byte	0x4
 1245 08bd 9A060000 		.4byte	0x69a
 1246 08c1 1B       		.uleb128 0x1b
 1247 08c2 01       		.byte	0x1
 1248 08c3 0C010000 		.4byte	.LASF110
 1249 08c7 01       		.byte	0x1
 1250 08c8 16       		.byte	0x16
 1251 08c9 01       		.byte	0x1
 1252 08ca 00000000 		.4byte	.LFB118
ARM GAS  C:\Users\DNIEL~1\AppData\Local\Temp\ccW3mSNe.s 			page 23


 1253 08ce 14000000 		.4byte	.LFE118
 1254 08d2 02       		.byte	0x2
 1255 08d3 7D       		.byte	0x7d
 1256 08d4 00       		.sleb128 0
 1257 08d5 01       		.byte	0x1
 1258 08d6 EF080000 		.4byte	0x8ef
 1259 08da 1C       		.uleb128 0x1c
 1260 08db 14000000 		.4byte	.LVL0
 1261 08df 01       		.byte	0x1
 1262 08e0 1C090000 		.4byte	0x91c
 1263 08e4 1D       		.uleb128 0x1d
 1264 08e5 01       		.byte	0x1
 1265 08e6 51       		.byte	0x51
 1266 08e7 05       		.byte	0x5
 1267 08e8 03       		.byte	0x3
 1268 08e9 00000000 		.4byte	.LANCHOR0
 1269 08ed 00       		.byte	0
 1270 08ee 00       		.byte	0
 1271 08ef 1E       		.uleb128 0x1e
 1272 08f0 EF000000 		.4byte	.LASF111
 1273 08f4 01       		.byte	0x1
 1274 08f5 0E       		.byte	0xe
 1275 08f6 18080000 		.4byte	0x818
 1276 08fa 05       		.byte	0x5
 1277 08fb 03       		.byte	0x3
 1278 08fc 00000000 		.4byte	diag_ser_SD2_cfg
 1279 0900 1F       		.uleb128 0x1f
 1280 0901 3A000000 		.4byte	.LASF106
 1281 0905 0E       		.byte	0xe
 1282 0906 9806     		.2byte	0x698
 1283 0908 BB050000 		.4byte	0x5bb
 1284 090c 01       		.byte	0x1
 1285 090d 01       		.byte	0x1
 1286 090e 20       		.uleb128 0x20
 1287 090f 53443200 		.ascii	"SD2\000"
 1288 0913 0D       		.byte	0xd
 1289 0914 1201     		.2byte	0x112
 1290 0916 51070000 		.4byte	0x751
 1291 091a 01       		.byte	0x1
 1292 091b 01       		.byte	0x1
 1293 091c 21       		.uleb128 0x21
 1294 091d 01       		.byte	0x1
 1295 091e B1030000 		.4byte	.LASF112
 1296 0922 0C       		.byte	0xc
 1297 0923 3701     		.2byte	0x137
 1298 0925 01       		.byte	0x1
 1299 0926 01       		.byte	0x1
 1300 0927 36090000 		.4byte	0x936
 1301 092b 12       		.uleb128 0x12
 1302 092c 36090000 		.4byte	0x936
 1303 0930 12       		.uleb128 0x12
 1304 0931 3C090000 		.4byte	0x93c
 1305 0935 00       		.byte	0
 1306 0936 09       		.uleb128 0x9
 1307 0937 04       		.byte	0x4
 1308 0938 51070000 		.4byte	0x751
 1309 093c 09       		.uleb128 0x9
ARM GAS  C:\Users\DNIEL~1\AppData\Local\Temp\ccW3mSNe.s 			page 24


 1310 093d 04       		.byte	0x4
 1311 093e 42090000 		.4byte	0x942
 1312 0942 10       		.uleb128 0x10
 1313 0943 18080000 		.4byte	0x818
 1314 0947 00       		.byte	0
 1315              		.section	.debug_abbrev,"",%progbits
 1316              	.Ldebug_abbrev0:
 1317 0000 01       		.uleb128 0x1
 1318 0001 11       		.uleb128 0x11
 1319 0002 01       		.byte	0x1
 1320 0003 25       		.uleb128 0x25
 1321 0004 0E       		.uleb128 0xe
 1322 0005 13       		.uleb128 0x13
 1323 0006 0B       		.uleb128 0xb
 1324 0007 03       		.uleb128 0x3
 1325 0008 0E       		.uleb128 0xe
 1326 0009 1B       		.uleb128 0x1b
 1327 000a 0E       		.uleb128 0xe
 1328 000b 55       		.uleb128 0x55
 1329 000c 06       		.uleb128 0x6
 1330 000d 11       		.uleb128 0x11
 1331 000e 01       		.uleb128 0x1
 1332 000f 52       		.uleb128 0x52
 1333 0010 01       		.uleb128 0x1
 1334 0011 10       		.uleb128 0x10
 1335 0012 06       		.uleb128 0x6
 1336 0013 00       		.byte	0
 1337 0014 00       		.byte	0
 1338 0015 02       		.uleb128 0x2
 1339 0016 24       		.uleb128 0x24
 1340 0017 00       		.byte	0
 1341 0018 0B       		.uleb128 0xb
 1342 0019 0B       		.uleb128 0xb
 1343 001a 3E       		.uleb128 0x3e
 1344 001b 0B       		.uleb128 0xb
 1345 001c 03       		.uleb128 0x3
 1346 001d 08       		.uleb128 0x8
 1347 001e 00       		.byte	0
 1348 001f 00       		.byte	0
 1349 0020 03       		.uleb128 0x3
 1350 0021 16       		.uleb128 0x16
 1351 0022 00       		.byte	0
 1352 0023 03       		.uleb128 0x3
 1353 0024 0E       		.uleb128 0xe
 1354 0025 3A       		.uleb128 0x3a
 1355 0026 0B       		.uleb128 0xb
 1356 0027 3B       		.uleb128 0x3b
 1357 0028 0B       		.uleb128 0xb
 1358 0029 49       		.uleb128 0x49
 1359 002a 13       		.uleb128 0x13
 1360 002b 00       		.byte	0
 1361 002c 00       		.byte	0
 1362 002d 04       		.uleb128 0x4
 1363 002e 24       		.uleb128 0x24
 1364 002f 00       		.byte	0
 1365 0030 0B       		.uleb128 0xb
 1366 0031 0B       		.uleb128 0xb
ARM GAS  C:\Users\DNIEL~1\AppData\Local\Temp\ccW3mSNe.s 			page 25


 1367 0032 3E       		.uleb128 0x3e
 1368 0033 0B       		.uleb128 0xb
 1369 0034 03       		.uleb128 0x3
 1370 0035 0E       		.uleb128 0xe
 1371 0036 00       		.byte	0
 1372 0037 00       		.byte	0
 1373 0038 05       		.uleb128 0x5
 1374 0039 13       		.uleb128 0x13
 1375 003a 01       		.byte	0x1
 1376 003b 03       		.uleb128 0x3
 1377 003c 0E       		.uleb128 0xe
 1378 003d 0B       		.uleb128 0xb
 1379 003e 0B       		.uleb128 0xb
 1380 003f 3A       		.uleb128 0x3a
 1381 0040 0B       		.uleb128 0xb
 1382 0041 3B       		.uleb128 0x3b
 1383 0042 0B       		.uleb128 0xb
 1384 0043 01       		.uleb128 0x1
 1385 0044 13       		.uleb128 0x13
 1386 0045 00       		.byte	0
 1387 0046 00       		.byte	0
 1388 0047 06       		.uleb128 0x6
 1389 0048 0D       		.uleb128 0xd
 1390 0049 00       		.byte	0
 1391 004a 03       		.uleb128 0x3
 1392 004b 0E       		.uleb128 0xe
 1393 004c 3A       		.uleb128 0x3a
 1394 004d 0B       		.uleb128 0xb
 1395 004e 3B       		.uleb128 0x3b
 1396 004f 0B       		.uleb128 0xb
 1397 0050 49       		.uleb128 0x49
 1398 0051 13       		.uleb128 0x13
 1399 0052 38       		.uleb128 0x38
 1400 0053 0A       		.uleb128 0xa
 1401 0054 00       		.byte	0
 1402 0055 00       		.byte	0
 1403 0056 07       		.uleb128 0x7
 1404 0057 0D       		.uleb128 0xd
 1405 0058 00       		.byte	0
 1406 0059 03       		.uleb128 0x3
 1407 005a 08       		.uleb128 0x8
 1408 005b 3A       		.uleb128 0x3a
 1409 005c 0B       		.uleb128 0xb
 1410 005d 3B       		.uleb128 0x3b
 1411 005e 0B       		.uleb128 0xb
 1412 005f 49       		.uleb128 0x49
 1413 0060 13       		.uleb128 0x13
 1414 0061 38       		.uleb128 0x38
 1415 0062 0A       		.uleb128 0xa
 1416 0063 00       		.byte	0
 1417 0064 00       		.byte	0
 1418 0065 08       		.uleb128 0x8
 1419 0066 13       		.uleb128 0x13
 1420 0067 01       		.byte	0x1
 1421 0068 0B       		.uleb128 0xb
 1422 0069 0B       		.uleb128 0xb
 1423 006a 3A       		.uleb128 0x3a
ARM GAS  C:\Users\DNIEL~1\AppData\Local\Temp\ccW3mSNe.s 			page 26


 1424 006b 0B       		.uleb128 0xb
 1425 006c 3B       		.uleb128 0x3b
 1426 006d 0B       		.uleb128 0xb
 1427 006e 01       		.uleb128 0x1
 1428 006f 13       		.uleb128 0x13
 1429 0070 00       		.byte	0
 1430 0071 00       		.byte	0
 1431 0072 09       		.uleb128 0x9
 1432 0073 0F       		.uleb128 0xf
 1433 0074 00       		.byte	0
 1434 0075 0B       		.uleb128 0xb
 1435 0076 0B       		.uleb128 0xb
 1436 0077 49       		.uleb128 0x49
 1437 0078 13       		.uleb128 0x13
 1438 0079 00       		.byte	0
 1439 007a 00       		.byte	0
 1440 007b 0A       		.uleb128 0xa
 1441 007c 0F       		.uleb128 0xf
 1442 007d 00       		.byte	0
 1443 007e 0B       		.uleb128 0xb
 1444 007f 0B       		.uleb128 0xb
 1445 0080 00       		.byte	0
 1446 0081 00       		.byte	0
 1447 0082 0B       		.uleb128 0xb
 1448 0083 13       		.uleb128 0x13
 1449 0084 01       		.byte	0x1
 1450 0085 03       		.uleb128 0x3
 1451 0086 0E       		.uleb128 0xe
 1452 0087 0B       		.uleb128 0xb
 1453 0088 0B       		.uleb128 0xb
 1454 0089 3A       		.uleb128 0x3a
 1455 008a 0B       		.uleb128 0xb
 1456 008b 3B       		.uleb128 0x3b
 1457 008c 05       		.uleb128 0x5
 1458 008d 01       		.uleb128 0x1
 1459 008e 13       		.uleb128 0x13
 1460 008f 00       		.byte	0
 1461 0090 00       		.byte	0
 1462 0091 0C       		.uleb128 0xc
 1463 0092 0D       		.uleb128 0xd
 1464 0093 00       		.byte	0
 1465 0094 03       		.uleb128 0x3
 1466 0095 08       		.uleb128 0x8
 1467 0096 3A       		.uleb128 0x3a
 1468 0097 0B       		.uleb128 0xb
 1469 0098 3B       		.uleb128 0x3b
 1470 0099 05       		.uleb128 0x5
 1471 009a 49       		.uleb128 0x49
 1472 009b 13       		.uleb128 0x13
 1473 009c 38       		.uleb128 0x38
 1474 009d 0A       		.uleb128 0xa
 1475 009e 00       		.byte	0
 1476 009f 00       		.byte	0
 1477 00a0 0D       		.uleb128 0xd
 1478 00a1 35       		.uleb128 0x35
 1479 00a2 00       		.byte	0
 1480 00a3 49       		.uleb128 0x49
ARM GAS  C:\Users\DNIEL~1\AppData\Local\Temp\ccW3mSNe.s 			page 27


 1481 00a4 13       		.uleb128 0x13
 1482 00a5 00       		.byte	0
 1483 00a6 00       		.byte	0
 1484 00a7 0E       		.uleb128 0xe
 1485 00a8 17       		.uleb128 0x17
 1486 00a9 01       		.byte	0x1
 1487 00aa 0B       		.uleb128 0xb
 1488 00ab 0B       		.uleb128 0xb
 1489 00ac 3A       		.uleb128 0x3a
 1490 00ad 0B       		.uleb128 0xb
 1491 00ae 3B       		.uleb128 0x3b
 1492 00af 0B       		.uleb128 0xb
 1493 00b0 01       		.uleb128 0x1
 1494 00b1 13       		.uleb128 0x13
 1495 00b2 00       		.byte	0
 1496 00b3 00       		.byte	0
 1497 00b4 0F       		.uleb128 0xf
 1498 00b5 0D       		.uleb128 0xd
 1499 00b6 00       		.byte	0
 1500 00b7 03       		.uleb128 0x3
 1501 00b8 0E       		.uleb128 0xe
 1502 00b9 3A       		.uleb128 0x3a
 1503 00ba 0B       		.uleb128 0xb
 1504 00bb 3B       		.uleb128 0x3b
 1505 00bc 0B       		.uleb128 0xb
 1506 00bd 49       		.uleb128 0x49
 1507 00be 13       		.uleb128 0x13
 1508 00bf 00       		.byte	0
 1509 00c0 00       		.byte	0
 1510 00c1 10       		.uleb128 0x10
 1511 00c2 26       		.uleb128 0x26
 1512 00c3 00       		.byte	0
 1513 00c4 49       		.uleb128 0x49
 1514 00c5 13       		.uleb128 0x13
 1515 00c6 00       		.byte	0
 1516 00c7 00       		.byte	0
 1517 00c8 11       		.uleb128 0x11
 1518 00c9 15       		.uleb128 0x15
 1519 00ca 01       		.byte	0x1
 1520 00cb 27       		.uleb128 0x27
 1521 00cc 0C       		.uleb128 0xc
 1522 00cd 49       		.uleb128 0x49
 1523 00ce 13       		.uleb128 0x13
 1524 00cf 01       		.uleb128 0x1
 1525 00d0 13       		.uleb128 0x13
 1526 00d1 00       		.byte	0
 1527 00d2 00       		.byte	0
 1528 00d3 12       		.uleb128 0x12
 1529 00d4 05       		.uleb128 0x5
 1530 00d5 00       		.byte	0
 1531 00d6 49       		.uleb128 0x49
 1532 00d7 13       		.uleb128 0x13
 1533 00d8 00       		.byte	0
 1534 00d9 00       		.byte	0
 1535 00da 13       		.uleb128 0x13
 1536 00db 15       		.uleb128 0x15
 1537 00dc 01       		.byte	0x1
ARM GAS  C:\Users\DNIEL~1\AppData\Local\Temp\ccW3mSNe.s 			page 28


 1538 00dd 27       		.uleb128 0x27
 1539 00de 0C       		.uleb128 0xc
 1540 00df 01       		.uleb128 0x1
 1541 00e0 13       		.uleb128 0x13
 1542 00e1 00       		.byte	0
 1543 00e2 00       		.byte	0
 1544 00e3 14       		.uleb128 0x14
 1545 00e4 13       		.uleb128 0x13
 1546 00e5 01       		.byte	0x1
 1547 00e6 0B       		.uleb128 0xb
 1548 00e7 0B       		.uleb128 0xb
 1549 00e8 3A       		.uleb128 0x3a
 1550 00e9 0B       		.uleb128 0xb
 1551 00ea 3B       		.uleb128 0x3b
 1552 00eb 05       		.uleb128 0x5
 1553 00ec 01       		.uleb128 0x1
 1554 00ed 13       		.uleb128 0x13
 1555 00ee 00       		.byte	0
 1556 00ef 00       		.byte	0
 1557 00f0 15       		.uleb128 0x15
 1558 00f1 0D       		.uleb128 0xd
 1559 00f2 00       		.byte	0
 1560 00f3 03       		.uleb128 0x3
 1561 00f4 0E       		.uleb128 0xe
 1562 00f5 3A       		.uleb128 0x3a
 1563 00f6 0B       		.uleb128 0xb
 1564 00f7 3B       		.uleb128 0x3b
 1565 00f8 05       		.uleb128 0x5
 1566 00f9 49       		.uleb128 0x49
 1567 00fa 13       		.uleb128 0x13
 1568 00fb 38       		.uleb128 0x38
 1569 00fc 0A       		.uleb128 0xa
 1570 00fd 00       		.byte	0
 1571 00fe 00       		.byte	0
 1572 00ff 16       		.uleb128 0x16
 1573 0100 16       		.uleb128 0x16
 1574 0101 00       		.byte	0
 1575 0102 03       		.uleb128 0x3
 1576 0103 0E       		.uleb128 0xe
 1577 0104 3A       		.uleb128 0x3a
 1578 0105 0B       		.uleb128 0xb
 1579 0106 3B       		.uleb128 0x3b
 1580 0107 05       		.uleb128 0x5
 1581 0108 49       		.uleb128 0x49
 1582 0109 13       		.uleb128 0x13
 1583 010a 00       		.byte	0
 1584 010b 00       		.byte	0
 1585 010c 17       		.uleb128 0x17
 1586 010d 04       		.uleb128 0x4
 1587 010e 01       		.byte	0x1
 1588 010f 0B       		.uleb128 0xb
 1589 0110 0B       		.uleb128 0xb
 1590 0111 3A       		.uleb128 0x3a
 1591 0112 0B       		.uleb128 0xb
 1592 0113 3B       		.uleb128 0x3b
 1593 0114 0B       		.uleb128 0xb
 1594 0115 01       		.uleb128 0x1
ARM GAS  C:\Users\DNIEL~1\AppData\Local\Temp\ccW3mSNe.s 			page 29


 1595 0116 13       		.uleb128 0x13
 1596 0117 00       		.byte	0
 1597 0118 00       		.byte	0
 1598 0119 18       		.uleb128 0x18
 1599 011a 28       		.uleb128 0x28
 1600 011b 00       		.byte	0
 1601 011c 03       		.uleb128 0x3
 1602 011d 0E       		.uleb128 0xe
 1603 011e 1C       		.uleb128 0x1c
 1604 011f 0D       		.uleb128 0xd
 1605 0120 00       		.byte	0
 1606 0121 00       		.byte	0
 1607 0122 19       		.uleb128 0x19
 1608 0123 01       		.uleb128 0x1
 1609 0124 01       		.byte	0x1
 1610 0125 49       		.uleb128 0x49
 1611 0126 13       		.uleb128 0x13
 1612 0127 01       		.uleb128 0x1
 1613 0128 13       		.uleb128 0x13
 1614 0129 00       		.byte	0
 1615 012a 00       		.byte	0
 1616 012b 1A       		.uleb128 0x1a
 1617 012c 21       		.uleb128 0x21
 1618 012d 00       		.byte	0
 1619 012e 49       		.uleb128 0x49
 1620 012f 13       		.uleb128 0x13
 1621 0130 2F       		.uleb128 0x2f
 1622 0131 0B       		.uleb128 0xb
 1623 0132 00       		.byte	0
 1624 0133 00       		.byte	0
 1625 0134 1B       		.uleb128 0x1b
 1626 0135 2E       		.uleb128 0x2e
 1627 0136 01       		.byte	0x1
 1628 0137 3F       		.uleb128 0x3f
 1629 0138 0C       		.uleb128 0xc
 1630 0139 03       		.uleb128 0x3
 1631 013a 0E       		.uleb128 0xe
 1632 013b 3A       		.uleb128 0x3a
 1633 013c 0B       		.uleb128 0xb
 1634 013d 3B       		.uleb128 0x3b
 1635 013e 0B       		.uleb128 0xb
 1636 013f 27       		.uleb128 0x27
 1637 0140 0C       		.uleb128 0xc
 1638 0141 11       		.uleb128 0x11
 1639 0142 01       		.uleb128 0x1
 1640 0143 12       		.uleb128 0x12
 1641 0144 01       		.uleb128 0x1
 1642 0145 40       		.uleb128 0x40
 1643 0146 0A       		.uleb128 0xa
 1644 0147 9742     		.uleb128 0x2117
 1645 0149 0C       		.uleb128 0xc
 1646 014a 01       		.uleb128 0x1
 1647 014b 13       		.uleb128 0x13
 1648 014c 00       		.byte	0
 1649 014d 00       		.byte	0
 1650 014e 1C       		.uleb128 0x1c
 1651 014f 898201   		.uleb128 0x4109
ARM GAS  C:\Users\DNIEL~1\AppData\Local\Temp\ccW3mSNe.s 			page 30


 1652 0152 01       		.byte	0x1
 1653 0153 11       		.uleb128 0x11
 1654 0154 01       		.uleb128 0x1
 1655 0155 9542     		.uleb128 0x2115
 1656 0157 0C       		.uleb128 0xc
 1657 0158 31       		.uleb128 0x31
 1658 0159 13       		.uleb128 0x13
 1659 015a 00       		.byte	0
 1660 015b 00       		.byte	0
 1661 015c 1D       		.uleb128 0x1d
 1662 015d 8A8201   		.uleb128 0x410a
 1663 0160 00       		.byte	0
 1664 0161 02       		.uleb128 0x2
 1665 0162 0A       		.uleb128 0xa
 1666 0163 9142     		.uleb128 0x2111
 1667 0165 0A       		.uleb128 0xa
 1668 0166 00       		.byte	0
 1669 0167 00       		.byte	0
 1670 0168 1E       		.uleb128 0x1e
 1671 0169 34       		.uleb128 0x34
 1672 016a 00       		.byte	0
 1673 016b 03       		.uleb128 0x3
 1674 016c 0E       		.uleb128 0xe
 1675 016d 3A       		.uleb128 0x3a
 1676 016e 0B       		.uleb128 0xb
 1677 016f 3B       		.uleb128 0x3b
 1678 0170 0B       		.uleb128 0xb
 1679 0171 49       		.uleb128 0x49
 1680 0172 13       		.uleb128 0x13
 1681 0173 02       		.uleb128 0x2
 1682 0174 0A       		.uleb128 0xa
 1683 0175 00       		.byte	0
 1684 0176 00       		.byte	0
 1685 0177 1F       		.uleb128 0x1f
 1686 0178 34       		.uleb128 0x34
 1687 0179 00       		.byte	0
 1688 017a 03       		.uleb128 0x3
 1689 017b 0E       		.uleb128 0xe
 1690 017c 3A       		.uleb128 0x3a
 1691 017d 0B       		.uleb128 0xb
 1692 017e 3B       		.uleb128 0x3b
 1693 017f 05       		.uleb128 0x5
 1694 0180 49       		.uleb128 0x49
 1695 0181 13       		.uleb128 0x13
 1696 0182 3F       		.uleb128 0x3f
 1697 0183 0C       		.uleb128 0xc
 1698 0184 3C       		.uleb128 0x3c
 1699 0185 0C       		.uleb128 0xc
 1700 0186 00       		.byte	0
 1701 0187 00       		.byte	0
 1702 0188 20       		.uleb128 0x20
 1703 0189 34       		.uleb128 0x34
 1704 018a 00       		.byte	0
 1705 018b 03       		.uleb128 0x3
 1706 018c 08       		.uleb128 0x8
 1707 018d 3A       		.uleb128 0x3a
 1708 018e 0B       		.uleb128 0xb
ARM GAS  C:\Users\DNIEL~1\AppData\Local\Temp\ccW3mSNe.s 			page 31


 1709 018f 3B       		.uleb128 0x3b
 1710 0190 05       		.uleb128 0x5
 1711 0191 49       		.uleb128 0x49
 1712 0192 13       		.uleb128 0x13
 1713 0193 3F       		.uleb128 0x3f
 1714 0194 0C       		.uleb128 0xc
 1715 0195 3C       		.uleb128 0x3c
 1716 0196 0C       		.uleb128 0xc
 1717 0197 00       		.byte	0
 1718 0198 00       		.byte	0
 1719 0199 21       		.uleb128 0x21
 1720 019a 2E       		.uleb128 0x2e
 1721 019b 01       		.byte	0x1
 1722 019c 3F       		.uleb128 0x3f
 1723 019d 0C       		.uleb128 0xc
 1724 019e 03       		.uleb128 0x3
 1725 019f 0E       		.uleb128 0xe
 1726 01a0 3A       		.uleb128 0x3a
 1727 01a1 0B       		.uleb128 0xb
 1728 01a2 3B       		.uleb128 0x3b
 1729 01a3 05       		.uleb128 0x5
 1730 01a4 27       		.uleb128 0x27
 1731 01a5 0C       		.uleb128 0xc
 1732 01a6 3C       		.uleb128 0x3c
 1733 01a7 0C       		.uleb128 0xc
 1734 01a8 01       		.uleb128 0x1
 1735 01a9 13       		.uleb128 0x13
 1736 01aa 00       		.byte	0
 1737 01ab 00       		.byte	0
 1738 01ac 00       		.byte	0
 1739              		.section	.debug_aranges,"",%progbits
 1740 0000 1C000000 		.4byte	0x1c
 1741 0004 0200     		.2byte	0x2
 1742 0006 00000000 		.4byte	.Ldebug_info0
 1743 000a 04       		.byte	0x4
 1744 000b 00       		.byte	0
 1745 000c 0000     		.2byte	0
 1746 000e 0000     		.2byte	0
 1747 0010 00000000 		.4byte	.LFB118
 1748 0014 14000000 		.4byte	.LFE118-.LFB118
 1749 0018 00000000 		.4byte	0
 1750 001c 00000000 		.4byte	0
 1751              		.section	.debug_ranges,"",%progbits
 1752              	.Ldebug_ranges0:
 1753 0000 00000000 		.4byte	.LFB118
 1754 0004 14000000 		.4byte	.LFE118
 1755 0008 00000000 		.4byte	0
 1756 000c 00000000 		.4byte	0
 1757              		.section	.debug_line,"",%progbits
 1758              	.Ldebug_line0:
 1759 0000 C7020000 		.section	.debug_str,"MS",%progbits,1
 1759      0200AF02 
 1759      00000201 
 1759      FB0E0D00 
 1759      01010101 
 1760              	.LASF2:
 1761 0000 73697A65 		.ascii	"size_t\000"
ARM GAS  C:\Users\DNIEL~1\AppData\Local\Temp\ccW3mSNe.s 			page 32


 1761      5F7400
 1762              	.LASF61:
 1763 0007 7264796D 		.ascii	"rdymsg\000"
 1763      736700
 1764              	.LASF77:
 1765 000e 4F757470 		.ascii	"OutputQueue\000"
 1765      75745175 
 1765      65756500 
 1766              	.LASF13:
 1767 001a 6C6F6E67 		.ascii	"long long unsigned int\000"
 1767      206C6F6E 
 1767      6720756E 
 1767      7369676E 
 1767      65642069 
 1768              	.LASF62:
 1769 0031 65786974 		.ascii	"exitcode\000"
 1769      636F6465 
 1769      00
 1770              	.LASF106:
 1771 003a 49544D5F 		.ascii	"ITM_RxBuffer\000"
 1771      52784275 
 1771      66666572 
 1771      00
 1772              	.LASF27:
 1773 0047 705F7072 		.ascii	"p_prio\000"
 1773      696F00
 1774              	.LASF105:
 1775 004e 72656164 		.ascii	"readt\000"
 1775      7400
 1776              	.LASF67:
 1777 0054 715F7761 		.ascii	"q_waiting\000"
 1777      6974696E 
 1777      6700
 1778              	.LASF12:
 1779 005e 6C6F6E67 		.ascii	"long long int\000"
 1779      206C6F6E 
 1779      6720696E 
 1779      7400
 1780              	.LASF1:
 1781 006c 7369676E 		.ascii	"signed char\000"
 1781      65642063 
 1781      68617200 
 1782              	.LASF84:
 1783 0078 47545052 		.ascii	"GTPR\000"
 1783      00
 1784              	.LASF43:
 1785 007d 705F6D70 		.ascii	"p_mpool\000"
 1785      6F6F6C00 
 1786              	.LASF51:
 1787 0085 6D5F7175 		.ascii	"m_queue\000"
 1787      65756500 
 1788              	.LASF18:
 1789 008d 74736C69 		.ascii	"tslices_t\000"
 1789      6365735F 
 1789      7400
 1790              	.LASF108:
 1791 0097 7372632F 		.ascii	"src/uart_comm.c\000"
ARM GAS  C:\Users\DNIEL~1\AppData\Local\Temp\ccW3mSNe.s 			page 33


 1791      75617274 
 1791      5F636F6D 
 1791      6D2E6300 
 1792              	.LASF93:
 1793 00a7 73746174 		.ascii	"state\000"
 1793      6500
 1794              	.LASF9:
 1795 00ad 6C6F6E67 		.ascii	"long int\000"
 1795      20696E74 
 1795      00
 1796              	.LASF16:
 1797 00b6 74737461 		.ascii	"tstate_t\000"
 1797      74655F74 
 1797      00
 1798              	.LASF34:
 1799 00bf 705F7265 		.ascii	"p_refs\000"
 1799      667300
 1800              	.LASF69:
 1801 00c6 715F6275 		.ascii	"q_buffer\000"
 1801      66666572 
 1801      00
 1802              	.LASF71:
 1803 00cf 715F7772 		.ascii	"q_wrptr\000"
 1803      70747200 
 1804              	.LASF36:
 1805 00d7 705F7469 		.ascii	"p_time\000"
 1805      6D6500
 1806              	.LASF29:
 1807 00de 705F6E65 		.ascii	"p_newer\000"
 1807      77657200 
 1808              	.LASF46:
 1809 00e6 72656761 		.ascii	"regarm_t\000"
 1809      726D5F74 
 1809      00
 1810              	.LASF111:
 1811 00ef 64696167 		.ascii	"diag_ser_SD2_cfg\000"
 1811      5F736572 
 1811      5F534432 
 1811      5F636667 
 1811      00
 1812              	.LASF59:
 1813 0100 4576656E 		.ascii	"EventSource\000"
 1813      74536F75 
 1813      72636500 
 1814              	.LASF110:
 1815 010c 75617274 		.ascii	"uart_commInit\000"
 1815      5F636F6D 
 1815      6D496E69 
 1815      7400
 1816              	.LASF96:
 1817 011a 75736172 		.ascii	"usart\000"
 1817      7400
 1818              	.LASF0:
 1819 0120 756E7369 		.ascii	"unsigned int\000"
 1819      676E6564 
 1819      20696E74 
 1819      00
ARM GAS  C:\Users\DNIEL~1\AppData\Local\Temp\ccW3mSNe.s 			page 34


 1820              	.LASF6:
 1821 012d 75696E74 		.ascii	"uint16_t\000"
 1821      31365F74 
 1821      00
 1822              	.LASF99:
 1823 0136 53657269 		.ascii	"SerialDriverVMT\000"
 1823      616C4472 
 1823      69766572 
 1823      564D5400 
 1824              	.LASF94:
 1825 0146 69717565 		.ascii	"iqueue\000"
 1825      756500
 1826              	.LASF38:
 1827 014d 705F6D73 		.ascii	"p_msgqueue\000"
 1827      67717565 
 1827      756500
 1828              	.LASF103:
 1829 0158 67657474 		.ascii	"gett\000"
 1829      00
 1830              	.LASF92:
 1831 015d 6576656E 		.ascii	"event\000"
 1831      7400
 1832              	.LASF7:
 1833 0163 73686F72 		.ascii	"short unsigned int\000"
 1833      7420756E 
 1833      7369676E 
 1833      65642069 
 1833      6E7400
 1834              	.LASF20:
 1835 0176 6D73675F 		.ascii	"msg_t\000"
 1835      7400
 1836              	.LASF95:
 1837 017c 6F717565 		.ascii	"oqueue\000"
 1837      756500
 1838              	.LASF86:
 1839 0183 55534152 		.ascii	"USART_TypeDef\000"
 1839      545F5479 
 1839      70654465 
 1839      6600
 1840              	.LASF104:
 1841 0191 77726974 		.ascii	"writet\000"
 1841      657400
 1842              	.LASF15:
 1843 0198 746D6F64 		.ascii	"tmode_t\000"
 1843      655F7400 
 1844              	.LASF45:
 1845 01a0 54687265 		.ascii	"ThreadsList\000"
 1845      6164734C 
 1845      69737400 
 1846              	.LASF21:
 1847 01ac 6576656E 		.ascii	"eventmask_t\000"
 1847      746D6173 
 1847      6B5F7400 
 1848              	.LASF76:
 1849 01b8 496E7075 		.ascii	"InputQueue\000"
 1849      74517565 
 1849      756500
ARM GAS  C:\Users\DNIEL~1\AppData\Local\Temp\ccW3mSNe.s 			page 35


 1850              	.LASF97:
 1851 01c3 73706565 		.ascii	"speed\000"
 1851      6400
 1852              	.LASF75:
 1853 01c9 716E6F74 		.ascii	"qnotify_t\000"
 1853      6966795F 
 1853      7400
 1854              	.LASF66:
 1855 01d3 47656E65 		.ascii	"GenericQueue\000"
 1855      72696351 
 1855      75657565 
 1855      00
 1856              	.LASF100:
 1857 01e0 77726974 		.ascii	"write\000"
 1857      6500
 1858              	.LASF102:
 1859 01e6 70757474 		.ascii	"putt\000"
 1859      00
 1860              	.LASF49:
 1861 01eb 73697A65 		.ascii	"sizetype\000"
 1861      74797065 
 1861      00
 1862              	.LASF68:
 1863 01f4 715F636F 		.ascii	"q_counter\000"
 1863      756E7465 
 1863      7200
 1864              	.LASF50:
 1865 01fe 4D757465 		.ascii	"Mutex\000"
 1865      7800
 1866              	.LASF107:
 1867 0204 474E5520 		.ascii	"GNU C 4.7.4 20140401 (release) [ARM/embedded-4_7-br"
 1867      4320342E 
 1867      372E3420 
 1867      32303134 
 1867      30343031 
 1868 0237 616E6368 		.ascii	"anch revision 209195]\000"
 1868      20726576 
 1868      6973696F 
 1868      6E203230 
 1868      39313935 
 1869              	.LASF30:
 1870 024d 705F6F6C 		.ascii	"p_older\000"
 1870      64657200 
 1871              	.LASF44:
 1872 0255 54687265 		.ascii	"ThreadsQueue\000"
 1872      61647351 
 1872      75657565 
 1872      00
 1873              	.LASF57:
 1874 0262 656C5F6D 		.ascii	"el_mask\000"
 1874      61736B00 
 1875              	.LASF98:
 1876 026a 53657269 		.ascii	"SerialConfig\000"
 1876      616C436F 
 1876      6E666967 
 1876      00
 1877              	.LASF17:
ARM GAS  C:\Users\DNIEL~1\AppData\Local\Temp\ccW3mSNe.s 			page 36


 1878 0277 74726566 		.ascii	"trefs_t\000"
 1878      735F7400 
 1879              	.LASF78:
 1880 027f 52455345 		.ascii	"RESERVED0\000"
 1880      52564544 
 1880      3000
 1881              	.LASF79:
 1882 0289 52455345 		.ascii	"RESERVED1\000"
 1882      52564544 
 1882      3100
 1883              	.LASF80:
 1884 0293 52455345 		.ascii	"RESERVED2\000"
 1884      52564544 
 1884      3200
 1885              	.LASF81:
 1886 029d 52455345 		.ascii	"RESERVED3\000"
 1886      52564544 
 1886      3300
 1887              	.LASF82:
 1888 02a7 52455345 		.ascii	"RESERVED4\000"
 1888      52564544 
 1888      3400
 1889              	.LASF26:
 1890 02b1 705F7072 		.ascii	"p_prev\000"
 1890      657600
 1891              	.LASF85:
 1892 02b8 52455345 		.ascii	"RESERVED6\000"
 1892      52564544 
 1892      3600
 1893              	.LASF19:
 1894 02c2 74707269 		.ascii	"tprio_t\000"
 1894      6F5F7400 
 1895              	.LASF72:
 1896 02ca 715F7264 		.ascii	"q_rdptr\000"
 1896      70747200 
 1897              	.LASF14:
 1898 02d2 5F426F6F 		.ascii	"_Bool\000"
 1898      6C00
 1899              	.LASF8:
 1900 02d8 696E7433 		.ascii	"int32_t\000"
 1900      325F7400 
 1901              	.LASF4:
 1902 02e0 756E7369 		.ascii	"unsigned char\000"
 1902      676E6564 
 1902      20636861 
 1902      7200
 1903              	.LASF56:
 1904 02ee 656C5F6C 		.ascii	"el_listener\000"
 1904      69737465 
 1904      6E657200 
 1905              	.LASF58:
 1906 02fa 656C5F66 		.ascii	"el_flags\000"
 1906      6C616773 
 1906      00
 1907              	.LASF41:
 1908 0303 705F6D74 		.ascii	"p_mtxlist\000"
 1908      786C6973 
ARM GAS  C:\Users\DNIEL~1\AppData\Local\Temp\ccW3mSNe.s 			page 37


 1908      7400
 1909              	.LASF5:
 1910 030d 73686F72 		.ascii	"short int\000"
 1910      7420696E 
 1910      7400
 1911              	.LASF32:
 1912 0317 705F7374 		.ascii	"p_state\000"
 1912      61746500 
 1913              	.LASF35:
 1914 031f 705F7072 		.ascii	"p_preempt\000"
 1914      65656D70 
 1914      7400
 1915              	.LASF64:
 1916 0329 65776D61 		.ascii	"ewmask\000"
 1916      736B00
 1917              	.LASF25:
 1918 0330 705F6E65 		.ascii	"p_next\000"
 1918      787400
 1919              	.LASF33:
 1920 0337 705F666C 		.ascii	"p_flags\000"
 1920      61677300 
 1921              	.LASF55:
 1922 033f 656C5F6E 		.ascii	"el_next\000"
 1922      65787400 
 1923              	.LASF88:
 1924 0347 53445F53 		.ascii	"SD_STOP\000"
 1924      544F5000 
 1925              	.LASF24:
 1926 034f 54687265 		.ascii	"Thread\000"
 1926      616400
 1927              	.LASF40:
 1928 0356 705F6570 		.ascii	"p_epending\000"
 1928      656E6469 
 1928      6E6700
 1929              	.LASF87:
 1930 0361 53445F55 		.ascii	"SD_UNINIT\000"
 1930      4E494E49 
 1930      5400
 1931              	.LASF83:
 1932 036b 52455345 		.ascii	"RESERVED5\000"
 1932      52564544 
 1932      3500
 1933              	.LASF10:
 1934 0375 75696E74 		.ascii	"uint32_t\000"
 1934      33325F74 
 1934      00
 1935              	.LASF90:
 1936 037e 73647374 		.ascii	"sdstate_t\000"
 1936      6174655F 
 1936      7400
 1937              	.LASF91:
 1938 0388 53657269 		.ascii	"SerialDriver\000"
 1938      616C4472 
 1938      69766572 
 1938      00
 1939              	.LASF11:
 1940 0395 6C6F6E67 		.ascii	"long unsigned int\000"
ARM GAS  C:\Users\DNIEL~1\AppData\Local\Temp\ccW3mSNe.s 			page 38


 1940      20756E73 
 1940      69676E65 
 1940      6420696E 
 1940      7400
 1941              	.LASF101:
 1942 03a7 72656164 		.ascii	"read\000"
 1942      00
 1943              	.LASF65:
 1944 03ac 63686172 		.ascii	"char\000"
 1944      00
 1945              	.LASF112:
 1946 03b1 73645374 		.ascii	"sdStart\000"
 1946      61727400 
 1947              	.LASF53:
 1948 03b9 6D5F6E65 		.ascii	"m_next\000"
 1948      787400
 1949              	.LASF23:
 1950 03c0 73797374 		.ascii	"systime_t\000"
 1950      696D655F 
 1950      7400
 1951              	.LASF42:
 1952 03ca 705F7265 		.ascii	"p_realprio\000"
 1952      616C7072 
 1952      696F00
 1953              	.LASF48:
 1954 03d5 636F6E74 		.ascii	"context\000"
 1954      65787400 
 1955              	.LASF47:
 1956 03dd 696E7463 		.ascii	"intctx\000"
 1956      747800
 1957              	.LASF89:
 1958 03e4 53445F52 		.ascii	"SD_READY\000"
 1958      45414459 
 1958      00
 1959              	.LASF22:
 1960 03ed 666C6167 		.ascii	"flagsmask_t\000"
 1960      736D6173 
 1960      6B5F7400 
 1961              	.LASF70:
 1962 03f9 715F746F 		.ascii	"q_top\000"
 1962      7000
 1963              	.LASF31:
 1964 03ff 705F6E61 		.ascii	"p_name\000"
 1964      6D6500
 1965              	.LASF60:
 1966 0406 65735F6E 		.ascii	"es_next\000"
 1966      65787400 
 1967              	.LASF109:
 1968 040e 433A5C55 		.ascii	"C:\\Users\\D\341niel\\git\\Smarty\\smarty\\firmware"
 1968      73657273 
 1968      5C44E16E 
 1968      69656C5C 
 1968      6769745C 
 1969 0438 00       		.ascii	"\000"
 1970              	.LASF73:
 1971 0439 715F6E6F 		.ascii	"q_notify\000"
 1971      74696679 
ARM GAS  C:\Users\DNIEL~1\AppData\Local\Temp\ccW3mSNe.s 			page 39


 1971      00
 1972              	.LASF3:
 1973 0442 75696E74 		.ascii	"uint8_t\000"
 1973      385F7400 
 1974              	.LASF54:
 1975 044a 4576656E 		.ascii	"EventListener\000"
 1975      744C6973 
 1975      74656E65 
 1975      7200
 1976              	.LASF63:
 1977 0458 77746F62 		.ascii	"wtobjp\000"
 1977      6A7000
 1978              	.LASF39:
 1979 045f 705F6D73 		.ascii	"p_msg\000"
 1979      6700
 1980              	.LASF74:
 1981 0465 715F6C69 		.ascii	"q_link\000"
 1981      6E6B00
 1982              	.LASF52:
 1983 046c 6D5F6F77 		.ascii	"m_owner\000"
 1983      6E657200 
 1984              	.LASF28:
 1985 0474 705F6374 		.ascii	"p_ctx\000"
 1985      7800
 1986              	.LASF37:
 1987 047a 705F7761 		.ascii	"p_waiting\000"
 1987      6974696E 
 1987      6700
 1988              		.ident	"GCC: (GNU Tools for ARM Embedded Processors) 4.7.4 20140401 (release) [ARM/embedded-4_7-br
ARM GAS  C:\Users\DNIEL~1\AppData\Local\Temp\ccW3mSNe.s 			page 40


DEFINED SYMBOLS
                            *ABS*:00000000 uart_comm.c
C:\Users\DNIEL~1\AppData\Local\Temp\ccW3mSNe.s:19     .text.uart_commInit:00000000 $t
C:\Users\DNIEL~1\AppData\Local\Temp\ccW3mSNe.s:25     .text.uart_commInit:00000000 uart_commInit
C:\Users\DNIEL~1\AppData\Local\Temp\ccW3mSNe.s:47     .data.diag_ser_SD2_cfg:00000000 .LANCHOR0
C:\Users\DNIEL~1\AppData\Local\Temp\ccW3mSNe.s:46     .data.diag_ser_SD2_cfg:00000000 $d
C:\Users\DNIEL~1\AppData\Local\Temp\ccW3mSNe.s:50     .data.diag_ser_SD2_cfg:00000000 diag_ser_SD2_cfg
                     .debug_frame:00000010 $d

UNDEFINED SYMBOLS
SD2
sdStart
