ARM GAS  C:\Users\DNIEL~1\AppData\Local\Temp\cc8cmjws.s 			page 1


   1              		.syntax unified
   2              		.cpu cortex-m4
   3              		.fpu softvfp
   4              		.eabi_attribute 20, 1
   5              		.eabi_attribute 21, 1
   6              		.eabi_attribute 23, 3
   7              		.eabi_attribute 24, 1
   8              		.eabi_attribute 25, 1
   9              		.eabi_attribute 26, 1
  10              		.eabi_attribute 30, 2
  11              		.eabi_attribute 18, 4
  12              		.thumb
  13              		.file	"uart.c"
  14              		.section	.debug_abbrev,"",%progbits
  15              	.Ldebug_abbrev0:
  16              		.section	.debug_info,"",%progbits
  17              	.Ldebug_info0:
  18              		.section	.debug_line,"",%progbits
  19              	.Ldebug_line0:
  20 0000 E4000000 		.text
  20      0200DE00 
  20      00000201 
  20      FB0E0D00 
  20      01010101 
  21              	.Ltext0:
  22              		.cfi_sections	.debug_frame
  23              	.Letext0:
  24              		.file 1 "../../../ChibiOS/os/ports/common/ARMCMx/CMSIS/include/core_cm4.h"
  25              		.file 2 "c:\\program files (x86)\\codesourcery\\sourcery g++ lite\\bin\\../lib/gcc/arm-none-eabi/4
  26              		.section	.debug_info
  27 0000 A2000000 		.4byte	0xa2
  28 0004 0200     		.2byte	0x2
  29 0006 00000000 		.4byte	.Ldebug_abbrev0
  30 000a 04       		.byte	0x4
  31 000b 01       		.uleb128 0x1
  32 000c 21000000 		.4byte	.LASF12
  33 0010 01       		.byte	0x1
  34 0011 B2000000 		.4byte	.LASF13
  35 0015 3A000000 		.4byte	.LASF14
  36 0019 00000000 		.4byte	.Ltext0
  37 001d 00000000 		.4byte	.Letext0
  38 0021 00000000 		.4byte	.Ldebug_line0
  39 0025 02       		.uleb128 0x2
  40 0026 04       		.byte	0x4
  41 0027 05       		.byte	0x5
  42 0028 696E7400 		.ascii	"int\000"
  43 002c 03       		.uleb128 0x3
  44 002d 04       		.byte	0x4
  45 002e 07       		.byte	0x7
  46 002f 2D000000 		.4byte	.LASF0
  47 0033 03       		.uleb128 0x3
  48 0034 01       		.byte	0x1
  49 0035 06       		.byte	0x6
  50 0036 E8000000 		.4byte	.LASF1
  51 003a 03       		.uleb128 0x3
  52 003b 01       		.byte	0x1
  53 003c 08       		.byte	0x8
ARM GAS  C:\Users\DNIEL~1\AppData\Local\Temp\cc8cmjws.s 			page 2


  54 003d 96000000 		.4byte	.LASF2
  55 0041 03       		.uleb128 0x3
  56 0042 02       		.byte	0x2
  57 0043 05       		.byte	0x5
  58 0044 F4000000 		.4byte	.LASF3
  59 0048 03       		.uleb128 0x3
  60 0049 02       		.byte	0x2
  61 004a 07       		.byte	0x7
  62 004b 0E000000 		.4byte	.LASF4
  63 004f 04       		.uleb128 0x4
  64 0050 FE000000 		.4byte	.LASF15
  65 0054 02       		.byte	0x2
  66 0055 4F       		.byte	0x4f
  67 0056 5A000000 		.4byte	0x5a
  68 005a 03       		.uleb128 0x3
  69 005b 04       		.byte	0x4
  70 005c 05       		.byte	0x5
  71 005d A9000000 		.4byte	.LASF5
  72 0061 03       		.uleb128 0x3
  73 0062 04       		.byte	0x4
  74 0063 07       		.byte	0x7
  75 0064 6D000000 		.4byte	.LASF6
  76 0068 03       		.uleb128 0x3
  77 0069 08       		.byte	0x8
  78 006a 05       		.byte	0x5
  79 006b 00000000 		.4byte	.LASF7
  80 006f 03       		.uleb128 0x3
  81 0070 08       		.byte	0x8
  82 0071 07       		.byte	0x7
  83 0072 7F000000 		.4byte	.LASF8
  84 0076 03       		.uleb128 0x3
  85 0077 01       		.byte	0x1
  86 0078 02       		.byte	0x2
  87 0079 D5000000 		.4byte	.LASF9
  88 007d 03       		.uleb128 0x3
  89 007e 01       		.byte	0x1
  90 007f 08       		.byte	0x8
  91 0080 A4000000 		.4byte	.LASF10
  92 0084 05       		.uleb128 0x5
  93 0085 4F000000 		.4byte	0x4f
  94 0089 06       		.uleb128 0x6
  95 008a DB000000 		.4byte	.LASF11
  96 008e 01       		.byte	0x1
  97 008f 9806     		.2byte	0x698
  98 0091 84000000 		.4byte	0x84
  99 0095 01       		.byte	0x1
 100 0096 01       		.byte	0x1
 101 0097 06       		.uleb128 0x6
 102 0098 DB000000 		.4byte	.LASF11
 103 009c 01       		.byte	0x1
 104 009d 9806     		.2byte	0x698
 105 009f 84000000 		.4byte	0x84
 106 00a3 01       		.byte	0x1
 107 00a4 01       		.byte	0x1
 108 00a5 00       		.byte	0x0
 109              		.section	.debug_abbrev
 110 0000 01       		.uleb128 0x1
ARM GAS  C:\Users\DNIEL~1\AppData\Local\Temp\cc8cmjws.s 			page 3


 111 0001 11       		.uleb128 0x11
 112 0002 01       		.byte	0x1
 113 0003 25       		.uleb128 0x25
 114 0004 0E       		.uleb128 0xe
 115 0005 13       		.uleb128 0x13
 116 0006 0B       		.uleb128 0xb
 117 0007 03       		.uleb128 0x3
 118 0008 0E       		.uleb128 0xe
 119 0009 1B       		.uleb128 0x1b
 120 000a 0E       		.uleb128 0xe
 121 000b 11       		.uleb128 0x11
 122 000c 01       		.uleb128 0x1
 123 000d 12       		.uleb128 0x12
 124 000e 01       		.uleb128 0x1
 125 000f 10       		.uleb128 0x10
 126 0010 06       		.uleb128 0x6
 127 0011 00       		.byte	0x0
 128 0012 00       		.byte	0x0
 129 0013 02       		.uleb128 0x2
 130 0014 24       		.uleb128 0x24
 131 0015 00       		.byte	0x0
 132 0016 0B       		.uleb128 0xb
 133 0017 0B       		.uleb128 0xb
 134 0018 3E       		.uleb128 0x3e
 135 0019 0B       		.uleb128 0xb
 136 001a 03       		.uleb128 0x3
 137 001b 08       		.uleb128 0x8
 138 001c 00       		.byte	0x0
 139 001d 00       		.byte	0x0
 140 001e 03       		.uleb128 0x3
 141 001f 24       		.uleb128 0x24
 142 0020 00       		.byte	0x0
 143 0021 0B       		.uleb128 0xb
 144 0022 0B       		.uleb128 0xb
 145 0023 3E       		.uleb128 0x3e
 146 0024 0B       		.uleb128 0xb
 147 0025 03       		.uleb128 0x3
 148 0026 0E       		.uleb128 0xe
 149 0027 00       		.byte	0x0
 150 0028 00       		.byte	0x0
 151 0029 04       		.uleb128 0x4
 152 002a 16       		.uleb128 0x16
 153 002b 00       		.byte	0x0
 154 002c 03       		.uleb128 0x3
 155 002d 0E       		.uleb128 0xe
 156 002e 3A       		.uleb128 0x3a
 157 002f 0B       		.uleb128 0xb
 158 0030 3B       		.uleb128 0x3b
 159 0031 0B       		.uleb128 0xb
 160 0032 49       		.uleb128 0x49
 161 0033 13       		.uleb128 0x13
 162 0034 00       		.byte	0x0
 163 0035 00       		.byte	0x0
 164 0036 05       		.uleb128 0x5
 165 0037 35       		.uleb128 0x35
 166 0038 00       		.byte	0x0
 167 0039 49       		.uleb128 0x49
ARM GAS  C:\Users\DNIEL~1\AppData\Local\Temp\cc8cmjws.s 			page 4


 168 003a 13       		.uleb128 0x13
 169 003b 00       		.byte	0x0
 170 003c 00       		.byte	0x0
 171 003d 06       		.uleb128 0x6
 172 003e 34       		.uleb128 0x34
 173 003f 00       		.byte	0x0
 174 0040 03       		.uleb128 0x3
 175 0041 0E       		.uleb128 0xe
 176 0042 3A       		.uleb128 0x3a
 177 0043 0B       		.uleb128 0xb
 178 0044 3B       		.uleb128 0x3b
 179 0045 05       		.uleb128 0x5
 180 0046 49       		.uleb128 0x49
 181 0047 13       		.uleb128 0x13
 182 0048 3F       		.uleb128 0x3f
 183 0049 0C       		.uleb128 0xc
 184 004a 3C       		.uleb128 0x3c
 185 004b 0C       		.uleb128 0xc
 186 004c 00       		.byte	0x0
 187 004d 00       		.byte	0x0
 188 004e 00       		.byte	0x0
 189              		.section	.debug_pubtypes,"",%progbits
 190 0000 1A000000 		.4byte	0x1a
 191 0004 0200     		.2byte	0x2
 192 0006 00000000 		.4byte	.Ldebug_info0
 193 000a A6000000 		.4byte	0xa6
 194 000e 4F000000 		.4byte	0x4f
 195 0012 696E7433 		.ascii	"int32_t\000"
 195      325F7400 
 196 001a 00000000 		.4byte	0x0
 197              		.section	.debug_str,"MS",%progbits,1
 198              	.LASF7:
 199 0000 6C6F6E67 		.ascii	"long long int\000"
 199      206C6F6E 
 199      6720696E 
 199      7400
 200              	.LASF4:
 201 000e 73686F72 		.ascii	"short unsigned int\000"
 201      7420756E 
 201      7369676E 
 201      65642069 
 201      6E7400
 202              	.LASF12:
 203 0021 474E5520 		.ascii	"GNU C 4.5.2\000"
 203      4320342E 
 203      352E3200 
 204              	.LASF0:
 205 002d 756E7369 		.ascii	"unsigned int\000"
 205      676E6564 
 205      20696E74 
 205      00
 206              	.LASF14:
 207 003a 433A5C44 		.ascii	"C:\\Dani\\MegaLux\\Repo\\Smarty\\Smarty\\smarty\\fi"
 207      616E695C 
 207      4D656761 
 207      4C75785C 
 207      5265706F 
ARM GAS  C:\Users\DNIEL~1\AppData\Local\Temp\cc8cmjws.s 			page 5


 208 0066 726D7761 		.ascii	"rmware\000"
 208      726500
 209              	.LASF6:
 210 006d 6C6F6E67 		.ascii	"long unsigned int\000"
 210      20756E73 
 210      69676E65 
 210      6420696E 
 210      7400
 211              	.LASF8:
 212 007f 6C6F6E67 		.ascii	"long long unsigned int\000"
 212      206C6F6E 
 212      6720756E 
 212      7369676E 
 212      65642069 
 213              	.LASF2:
 214 0096 756E7369 		.ascii	"unsigned char\000"
 214      676E6564 
 214      20636861 
 214      7200
 215              	.LASF10:
 216 00a4 63686172 		.ascii	"char\000"
 216      00
 217              	.LASF5:
 218 00a9 6C6F6E67 		.ascii	"long int\000"
 218      20696E74 
 218      00
 219              	.LASF13:
 220 00b2 2E2E2F2E 		.ascii	"../../../ChibiOS/os/hal/src/uart.c\000"
 220      2E2F2E2E 
 220      2F436869 
 220      62694F53 
 220      2F6F732F 
 221              	.LASF9:
 222 00d5 5F426F6F 		.ascii	"_Bool\000"
 222      6C00
 223              	.LASF11:
 224 00db 49544D5F 		.ascii	"ITM_RxBuffer\000"
 224      52784275 
 224      66666572 
 224      00
 225              	.LASF1:
 226 00e8 7369676E 		.ascii	"signed char\000"
 226      65642063 
 226      68617200 
 227              	.LASF3:
 228 00f4 73686F72 		.ascii	"short int\000"
 228      7420696E 
 228      7400
 229              	.LASF15:
 230 00fe 696E7433 		.ascii	"int32_t\000"
 230      325F7400 
 231              		.ident	"GCC: (Sourcery G++ Lite 2011.03-42) 4.5.2"
ARM GAS  C:\Users\DNIEL~1\AppData\Local\Temp\cc8cmjws.s 			page 6


DEFINED SYMBOLS
                            *ABS*:00000000 uart.c

NO UNDEFINED SYMBOLS
