ARM GAS  C:\Users\DNIEL~1\AppData\Local\Temp\cchTIoIk.s 			page 1


   1              		.syntax unified
   2              		.cpu cortex-m4
   3              		.fpu softvfp
   4              		.eabi_attribute 20, 1
   5              		.eabi_attribute 21, 1
   6              		.eabi_attribute 23, 3
   7              		.eabi_attribute 24, 1
   8              		.eabi_attribute 25, 1
   9              		.eabi_attribute 26, 1
  10              		.eabi_attribute 30, 2
  11              		.eabi_attribute 34, 1
  12              		.eabi_attribute 18, 4
  13              		.thumb
  14              		.file	"vectors.c"
  15              		.text
  16              	.Ltext0:
  17              		.cfi_sections	.debug_frame
  18              		.section	.text._unhandled_exception,"ax",%progbits
  19              		.align	2
  20              		.p2align 4,,15
  21              		.global	_unhandled_exception
  22              		.thumb
  23              		.thumb_func
  24              		.type	_unhandled_exception, %function
  25              	_unhandled_exception:
  26              	.LFB7:
  27              		.file 1 "../../../ChibiOS/os/ports/GCC/ARMCMx/STM32F4xx/vectors.c"
  28              		.loc 1 226 0
  29              		.cfi_startproc
  30              		@ Naked Function: prologue and epilogue provided by programmer.
  31              		@ Volatile: function does not return.
  32              		@ args = 0, pretend = 0, frame = 0
  33              		@ frame_needed = 0, uses_anonymous_args = 0
  34              	.L2:
  35 0000 FEE7     		b	.L2
  36              		.cfi_endproc
  37              	.LFE7:
  38              		.size	_unhandled_exception, .-_unhandled_exception
  39              		.weak	HardFaultVector
  40              		.thumb_set HardFaultVector,_unhandled_exception
  41              		.weak	MemManageVector
  42              		.thumb_set MemManageVector,_unhandled_exception
  43              		.weak	BusFaultVector
  44              		.thumb_set BusFaultVector,_unhandled_exception
  45              		.weak	UsageFaultVector
  46              		.thumb_set UsageFaultVector,_unhandled_exception
  47              		.weak	Vector1C
  48              		.thumb_set Vector1C,_unhandled_exception
  49              		.weak	Vector20
  50              		.thumb_set Vector20,_unhandled_exception
  51              		.weak	Vector24
  52              		.thumb_set Vector24,_unhandled_exception
  53              		.weak	Vector28
  54              		.thumb_set Vector28,_unhandled_exception
  55              		.weak	SVCallVector
  56              		.thumb_set SVCallVector,_unhandled_exception
  57              		.weak	DebugMonitorVector
ARM GAS  C:\Users\DNIEL~1\AppData\Local\Temp\cchTIoIk.s 			page 2


  58              		.thumb_set DebugMonitorVector,_unhandled_exception
  59              		.weak	Vector34
  60              		.thumb_set Vector34,_unhandled_exception
  61              		.weak	PendSVVector
  62              		.thumb_set PendSVVector,_unhandled_exception
  63              		.weak	SysTickVector
  64              		.thumb_set SysTickVector,_unhandled_exception
  65              		.weak	Vector40
  66              		.thumb_set Vector40,_unhandled_exception
  67              		.weak	Vector44
  68              		.thumb_set Vector44,_unhandled_exception
  69              		.weak	Vector48
  70              		.thumb_set Vector48,_unhandled_exception
  71              		.weak	Vector4C
  72              		.thumb_set Vector4C,_unhandled_exception
  73              		.weak	Vector50
  74              		.thumb_set Vector50,_unhandled_exception
  75              		.weak	Vector54
  76              		.thumb_set Vector54,_unhandled_exception
  77              		.weak	Vector58
  78              		.thumb_set Vector58,_unhandled_exception
  79              		.weak	Vector5C
  80              		.thumb_set Vector5C,_unhandled_exception
  81              		.weak	Vector60
  82              		.thumb_set Vector60,_unhandled_exception
  83              		.weak	Vector64
  84              		.thumb_set Vector64,_unhandled_exception
  85              		.weak	Vector68
  86              		.thumb_set Vector68,_unhandled_exception
  87              		.weak	Vector6C
  88              		.thumb_set Vector6C,_unhandled_exception
  89              		.weak	Vector70
  90              		.thumb_set Vector70,_unhandled_exception
  91              		.weak	Vector74
  92              		.thumb_set Vector74,_unhandled_exception
  93              		.weak	Vector78
  94              		.thumb_set Vector78,_unhandled_exception
  95              		.weak	Vector7C
  96              		.thumb_set Vector7C,_unhandled_exception
  97              		.weak	Vector80
  98              		.thumb_set Vector80,_unhandled_exception
  99              		.weak	Vector84
 100              		.thumb_set Vector84,_unhandled_exception
 101              		.weak	Vector88
 102              		.thumb_set Vector88,_unhandled_exception
 103              		.weak	Vector8C
 104              		.thumb_set Vector8C,_unhandled_exception
 105              		.weak	Vector90
 106              		.thumb_set Vector90,_unhandled_exception
 107              		.weak	Vector94
 108              		.thumb_set Vector94,_unhandled_exception
 109              		.weak	Vector98
 110              		.thumb_set Vector98,_unhandled_exception
 111              		.weak	Vector9C
 112              		.thumb_set Vector9C,_unhandled_exception
 113              		.weak	VectorA0
 114              		.thumb_set VectorA0,_unhandled_exception
ARM GAS  C:\Users\DNIEL~1\AppData\Local\Temp\cchTIoIk.s 			page 3


 115              		.weak	VectorA4
 116              		.thumb_set VectorA4,_unhandled_exception
 117              		.weak	VectorA8
 118              		.thumb_set VectorA8,_unhandled_exception
 119              		.weak	VectorAC
 120              		.thumb_set VectorAC,_unhandled_exception
 121              		.weak	VectorB0
 122              		.thumb_set VectorB0,_unhandled_exception
 123              		.weak	VectorB4
 124              		.thumb_set VectorB4,_unhandled_exception
 125              		.weak	VectorB8
 126              		.thumb_set VectorB8,_unhandled_exception
 127              		.weak	VectorBC
 128              		.thumb_set VectorBC,_unhandled_exception
 129              		.weak	VectorC0
 130              		.thumb_set VectorC0,_unhandled_exception
 131              		.weak	VectorC4
 132              		.thumb_set VectorC4,_unhandled_exception
 133              		.weak	VectorC8
 134              		.thumb_set VectorC8,_unhandled_exception
 135              		.weak	VectorCC
 136              		.thumb_set VectorCC,_unhandled_exception
 137              		.weak	VectorD0
 138              		.thumb_set VectorD0,_unhandled_exception
 139              		.weak	VectorD4
 140              		.thumb_set VectorD4,_unhandled_exception
 141              		.weak	VectorD8
 142              		.thumb_set VectorD8,_unhandled_exception
 143              		.weak	VectorDC
 144              		.thumb_set VectorDC,_unhandled_exception
 145              		.weak	VectorE0
 146              		.thumb_set VectorE0,_unhandled_exception
 147              		.weak	VectorE4
 148              		.thumb_set VectorE4,_unhandled_exception
 149              		.weak	VectorE8
 150              		.thumb_set VectorE8,_unhandled_exception
 151              		.weak	VectorEC
 152              		.thumb_set VectorEC,_unhandled_exception
 153              		.weak	VectorF0
 154              		.thumb_set VectorF0,_unhandled_exception
 155              		.weak	VectorF4
 156              		.thumb_set VectorF4,_unhandled_exception
 157              		.weak	VectorF8
 158              		.thumb_set VectorF8,_unhandled_exception
 159              		.weak	VectorFC
 160              		.thumb_set VectorFC,_unhandled_exception
 161              		.weak	Vector100
 162              		.thumb_set Vector100,_unhandled_exception
 163              		.weak	Vector104
 164              		.thumb_set Vector104,_unhandled_exception
 165              		.weak	Vector108
 166              		.thumb_set Vector108,_unhandled_exception
 167              		.weak	Vector10C
 168              		.thumb_set Vector10C,_unhandled_exception
 169              		.weak	Vector110
 170              		.thumb_set Vector110,_unhandled_exception
 171              		.weak	Vector114
ARM GAS  C:\Users\DNIEL~1\AppData\Local\Temp\cchTIoIk.s 			page 4


 172              		.thumb_set Vector114,_unhandled_exception
 173              		.weak	Vector118
 174              		.thumb_set Vector118,_unhandled_exception
 175              		.weak	Vector11C
 176              		.thumb_set Vector11C,_unhandled_exception
 177              		.weak	Vector120
 178              		.thumb_set Vector120,_unhandled_exception
 179              		.weak	Vector124
 180              		.thumb_set Vector124,_unhandled_exception
 181              		.weak	Vector128
 182              		.thumb_set Vector128,_unhandled_exception
 183              		.weak	Vector12C
 184              		.thumb_set Vector12C,_unhandled_exception
 185              		.weak	Vector130
 186              		.thumb_set Vector130,_unhandled_exception
 187              		.weak	Vector134
 188              		.thumb_set Vector134,_unhandled_exception
 189              		.weak	Vector138
 190              		.thumb_set Vector138,_unhandled_exception
 191              		.weak	Vector13C
 192              		.thumb_set Vector13C,_unhandled_exception
 193              		.weak	Vector140
 194              		.thumb_set Vector140,_unhandled_exception
 195              		.weak	Vector144
 196              		.thumb_set Vector144,_unhandled_exception
 197              		.weak	Vector148
 198              		.thumb_set Vector148,_unhandled_exception
 199              		.weak	Vector14C
 200              		.thumb_set Vector14C,_unhandled_exception
 201              		.weak	Vector150
 202              		.thumb_set Vector150,_unhandled_exception
 203              		.weak	Vector154
 204              		.thumb_set Vector154,_unhandled_exception
 205              		.weak	Vector158
 206              		.thumb_set Vector158,_unhandled_exception
 207              		.weak	Vector15C
 208              		.thumb_set Vector15C,_unhandled_exception
 209              		.weak	Vector160
 210              		.thumb_set Vector160,_unhandled_exception
 211              		.weak	Vector164
 212              		.thumb_set Vector164,_unhandled_exception
 213              		.weak	Vector168
 214              		.thumb_set Vector168,_unhandled_exception
 215              		.weak	Vector16C
 216              		.thumb_set Vector16C,_unhandled_exception
 217              		.weak	Vector170
 218              		.thumb_set Vector170,_unhandled_exception
 219              		.weak	Vector174
 220              		.thumb_set Vector174,_unhandled_exception
 221              		.weak	Vector178
 222              		.thumb_set Vector178,_unhandled_exception
 223              		.weak	Vector17C
 224              		.thumb_set Vector17C,_unhandled_exception
 225              		.weak	Vector180
 226              		.thumb_set Vector180,_unhandled_exception
 227              		.weak	Vector184
 228              		.thumb_set Vector184,_unhandled_exception
ARM GAS  C:\Users\DNIEL~1\AppData\Local\Temp\cchTIoIk.s 			page 5


 229              		.weak	Vector188
 230              		.thumb_set Vector188,_unhandled_exception
 231              		.weak	Vector18C
 232              		.thumb_set Vector18C,_unhandled_exception
 233              		.weak	Vector190
 234              		.thumb_set Vector190,_unhandled_exception
 235              		.weak	Vector194
 236              		.thumb_set Vector194,_unhandled_exception
 237              		.weak	Vector198
 238              		.thumb_set Vector198,_unhandled_exception
 239              		.weak	Vector19C
 240              		.thumb_set Vector19C,_unhandled_exception
 241              		.weak	Vector1A0
 242              		.thumb_set Vector1A0,_unhandled_exception
 243              		.weak	Vector1A4
 244              		.thumb_set Vector1A4,_unhandled_exception
 245              		.weak	Vector1A8
 246              		.thumb_set Vector1A8,_unhandled_exception
 247              		.weak	NMIVector
 248              		.thumb_set NMIVector,_unhandled_exception
 249              		.global	_vectors
 250              		.section	vectors,"aw",%progbits
 251              		.align	2
 252              		.type	_vectors, %object
 253              		.size	_vectors, 428
 254              	_vectors:
 255 0000 00000000 		.word	__main_stack_end__
 256 0004 00000000 		.word	ResetHandler
 257 0008 00000000 		.word	NMIVector
 258 000c 00000000 		.word	HardFaultVector
 259 0010 00000000 		.word	MemManageVector
 260 0014 00000000 		.word	BusFaultVector
 261 0018 00000000 		.word	UsageFaultVector
 262 001c 00000000 		.word	Vector1C
 263 0020 00000000 		.word	Vector20
 264 0024 00000000 		.word	Vector24
 265 0028 00000000 		.word	Vector28
 266 002c 00000000 		.word	SVCallVector
 267 0030 00000000 		.word	DebugMonitorVector
 268 0034 00000000 		.word	Vector34
 269 0038 00000000 		.word	PendSVVector
 270 003c 00000000 		.word	SysTickVector
 271 0040 00000000 		.word	Vector40
 272 0044 00000000 		.word	Vector44
 273 0048 00000000 		.word	Vector48
 274 004c 00000000 		.word	Vector4C
 275 0050 00000000 		.word	Vector50
 276 0054 00000000 		.word	Vector54
 277 0058 00000000 		.word	Vector58
 278 005c 00000000 		.word	Vector5C
 279 0060 00000000 		.word	Vector60
 280 0064 00000000 		.word	Vector64
 281 0068 00000000 		.word	Vector68
 282 006c 00000000 		.word	Vector6C
 283 0070 00000000 		.word	Vector70
 284 0074 00000000 		.word	Vector74
 285 0078 00000000 		.word	Vector78
ARM GAS  C:\Users\DNIEL~1\AppData\Local\Temp\cchTIoIk.s 			page 6


 286 007c 00000000 		.word	Vector7C
 287 0080 00000000 		.word	Vector80
 288 0084 00000000 		.word	Vector84
 289 0088 00000000 		.word	Vector88
 290 008c 00000000 		.word	Vector8C
 291 0090 00000000 		.word	Vector90
 292 0094 00000000 		.word	Vector94
 293 0098 00000000 		.word	Vector98
 294 009c 00000000 		.word	Vector9C
 295 00a0 00000000 		.word	VectorA0
 296 00a4 00000000 		.word	VectorA4
 297 00a8 00000000 		.word	VectorA8
 298 00ac 00000000 		.word	VectorAC
 299 00b0 00000000 		.word	VectorB0
 300 00b4 00000000 		.word	VectorB4
 301 00b8 00000000 		.word	VectorB8
 302 00bc 00000000 		.word	VectorBC
 303 00c0 00000000 		.word	VectorC0
 304 00c4 00000000 		.word	VectorC4
 305 00c8 00000000 		.word	VectorC8
 306 00cc 00000000 		.word	VectorCC
 307 00d0 00000000 		.word	VectorD0
 308 00d4 00000000 		.word	VectorD4
 309 00d8 00000000 		.word	VectorD8
 310 00dc 00000000 		.word	VectorDC
 311 00e0 00000000 		.word	VectorE0
 312 00e4 00000000 		.word	VectorE4
 313 00e8 00000000 		.word	VectorE8
 314 00ec 00000000 		.word	VectorEC
 315 00f0 00000000 		.word	VectorF0
 316 00f4 00000000 		.word	VectorF4
 317 00f8 00000000 		.word	VectorF8
 318 00fc 00000000 		.word	VectorFC
 319 0100 00000000 		.word	Vector100
 320 0104 00000000 		.word	Vector104
 321 0108 00000000 		.word	Vector108
 322 010c 00000000 		.word	Vector10C
 323 0110 00000000 		.word	Vector110
 324 0114 00000000 		.word	Vector114
 325 0118 00000000 		.word	Vector118
 326 011c 00000000 		.word	Vector11C
 327 0120 00000000 		.word	Vector120
 328 0124 00000000 		.word	Vector124
 329 0128 00000000 		.word	Vector128
 330 012c 00000000 		.word	Vector12C
 331 0130 00000000 		.word	Vector130
 332 0134 00000000 		.word	Vector134
 333 0138 00000000 		.word	Vector138
 334 013c 00000000 		.word	Vector13C
 335 0140 00000000 		.word	Vector140
 336 0144 00000000 		.word	Vector144
 337 0148 00000000 		.word	Vector148
 338 014c 00000000 		.word	Vector14C
 339 0150 00000000 		.word	Vector150
 340 0154 00000000 		.word	Vector154
 341 0158 00000000 		.word	Vector158
 342 015c 00000000 		.word	Vector15C
ARM GAS  C:\Users\DNIEL~1\AppData\Local\Temp\cchTIoIk.s 			page 7


 343 0160 00000000 		.word	Vector160
 344 0164 00000000 		.word	Vector164
 345 0168 00000000 		.word	Vector168
 346 016c 00000000 		.word	Vector16C
 347 0170 00000000 		.word	Vector170
 348 0174 00000000 		.word	Vector174
 349 0178 00000000 		.word	Vector178
 350 017c 00000000 		.word	Vector17C
 351 0180 00000000 		.word	Vector180
 352 0184 00000000 		.word	Vector184
 353 0188 00000000 		.word	Vector188
 354 018c 00000000 		.word	Vector18C
 355 0190 00000000 		.word	Vector190
 356 0194 00000000 		.word	Vector194
 357 0198 00000000 		.word	Vector198
 358 019c 00000000 		.word	Vector19C
 359 01a0 00000000 		.word	Vector1A0
 360 01a4 00000000 		.word	Vector1A4
 361 01a8 00000000 		.word	Vector1A8
 362              		.text
 363              	.Letext0:
 364              		.file 2 "c:\\chibistudio\\tools\\gnu tools arm embedded\\4.7 2014q2\\bin\\../lib/gcc/arm-none-eabi
 365              		.section	.debug_info,"",%progbits
 366              	.Ldebug_info0:
 367 0000 EC010000 		.4byte	0x1ec
 368 0004 0200     		.2byte	0x2
 369 0006 00000000 		.4byte	.Ldebug_abbrev0
 370 000a 04       		.byte	0x4
 371 000b 01       		.uleb128 0x1
 372 000c 74000000 		.4byte	.LASF34
 373 0010 01       		.byte	0x1
 374 0011 D7010000 		.4byte	.LASF35
 375 0015 DF000000 		.4byte	.LASF36
 376 0019 00000000 		.4byte	.Ldebug_ranges0+0
 377 001d 00000000 		.4byte	0
 378 0021 00000000 		.4byte	0
 379 0025 00000000 		.4byte	.Ldebug_line0
 380 0029 02       		.uleb128 0x2
 381 002a 04       		.byte	0x4
 382 002b 05       		.byte	0x5
 383 002c 696E7400 		.ascii	"int\000"
 384 0030 03       		.uleb128 0x3
 385 0031 04       		.byte	0x4
 386 0032 07       		.byte	0x7
 387 0033 0A010000 		.4byte	.LASF0
 388 0037 03       		.uleb128 0x3
 389 0038 01       		.byte	0x1
 390 0039 06       		.byte	0x6
 391 003a 2F020000 		.4byte	.LASF1
 392 003e 03       		.uleb128 0x3
 393 003f 01       		.byte	0x1
 394 0040 08       		.byte	0x8
 395 0041 41000000 		.4byte	.LASF2
 396 0045 03       		.uleb128 0x3
 397 0046 02       		.byte	0x2
 398 0047 05       		.byte	0x5
 399 0048 D5000000 		.4byte	.LASF3
ARM GAS  C:\Users\DNIEL~1\AppData\Local\Temp\cchTIoIk.s 			page 8


 400 004c 03       		.uleb128 0x3
 401 004d 02       		.byte	0x2
 402 004e 07       		.byte	0x7
 403 004f 61000000 		.4byte	.LASF4
 404 0053 03       		.uleb128 0x3
 405 0054 04       		.byte	0x4
 406 0055 05       		.byte	0x5
 407 0056 26020000 		.4byte	.LASF5
 408 005a 04       		.uleb128 0x4
 409 005b 1D020000 		.4byte	.LASF12
 410 005f 02       		.byte	0x2
 411 0060 50       		.byte	0x50
 412 0061 65000000 		.4byte	0x65
 413 0065 03       		.uleb128 0x3
 414 0066 04       		.byte	0x4
 415 0067 07       		.byte	0x7
 416 0068 4F000000 		.4byte	.LASF6
 417 006c 03       		.uleb128 0x3
 418 006d 08       		.byte	0x8
 419 006e 05       		.byte	0x5
 420 006f 96010000 		.4byte	.LASF7
 421 0073 03       		.uleb128 0x3
 422 0074 08       		.byte	0x8
 423 0075 07       		.byte	0x7
 424 0076 22010000 		.4byte	.LASF8
 425 007a 03       		.uleb128 0x3
 426 007b 01       		.byte	0x1
 427 007c 02       		.byte	0x2
 428 007d 58020000 		.4byte	.LASF9
 429 0081 03       		.uleb128 0x3
 430 0082 04       		.byte	0x4
 431 0083 07       		.byte	0x7
 432 0084 6E010000 		.4byte	.LASF10
 433 0088 03       		.uleb128 0x3
 434 0089 01       		.byte	0x1
 435 008a 08       		.byte	0x8
 436 008b A4010000 		.4byte	.LASF11
 437 008f 04       		.uleb128 0x4
 438 0090 09000000 		.4byte	.LASF13
 439 0094 01       		.byte	0x1
 440 0095 2B       		.byte	0x2b
 441 0096 9A000000 		.4byte	0x9a
 442 009a 05       		.uleb128 0x5
 443 009b 04       		.byte	0x4
 444 009c A0000000 		.4byte	0xa0
 445 00a0 06       		.uleb128 0x6
 446 00a1 01       		.byte	0x1
 447 00a2 07       		.uleb128 0x7
 448 00a3 AC01     		.2byte	0x1ac
 449 00a5 01       		.byte	0x1
 450 00a6 30       		.byte	0x30
 451 00a7 9A010000 		.4byte	0x19a
 452 00ab 08       		.uleb128 0x8
 453 00ac 28000000 		.4byte	.LASF14
 454 00b0 01       		.byte	0x1
 455 00b1 31       		.byte	0x31
 456 00b2 9A010000 		.4byte	0x19a
ARM GAS  C:\Users\DNIEL~1\AppData\Local\Temp\cchTIoIk.s 			page 9


 457 00b6 02       		.byte	0x2
 458 00b7 23       		.byte	0x23
 459 00b8 00       		.uleb128 0
 460 00b9 08       		.uleb128 0x8
 461 00ba 10020000 		.4byte	.LASF15
 462 00be 01       		.byte	0x1
 463 00bf 32       		.byte	0x32
 464 00c0 8F000000 		.4byte	0x8f
 465 00c4 02       		.byte	0x2
 466 00c5 23       		.byte	0x23
 467 00c6 04       		.uleb128 0x4
 468 00c7 08       		.uleb128 0x8
 469 00c8 17010000 		.4byte	.LASF16
 470 00cc 01       		.byte	0x1
 471 00cd 33       		.byte	0x33
 472 00ce 8F000000 		.4byte	0x8f
 473 00d2 02       		.byte	0x2
 474 00d3 23       		.byte	0x23
 475 00d4 08       		.uleb128 0x8
 476 00d5 08       		.uleb128 0x8
 477 00d6 85010000 		.4byte	.LASF17
 478 00da 01       		.byte	0x1
 479 00db 34       		.byte	0x34
 480 00dc 8F000000 		.4byte	0x8f
 481 00e0 02       		.byte	0x2
 482 00e1 23       		.byte	0x23
 483 00e2 0C       		.uleb128 0xc
 484 00e3 08       		.uleb128 0x8
 485 00e4 A9010000 		.4byte	.LASF18
 486 00e8 01       		.byte	0x1
 487 00e9 35       		.byte	0x35
 488 00ea 8F000000 		.4byte	0x8f
 489 00ee 02       		.byte	0x2
 490 00ef 23       		.byte	0x23
 491 00f0 10       		.uleb128 0x10
 492 00f1 08       		.uleb128 0x8
 493 00f2 39010000 		.4byte	.LASF19
 494 00f6 01       		.byte	0x1
 495 00f7 36       		.byte	0x36
 496 00f8 8F000000 		.4byte	0x8f
 497 00fc 02       		.byte	0x2
 498 00fd 23       		.byte	0x23
 499 00fe 14       		.uleb128 0x14
 500 00ff 08       		.uleb128 0x8
 501 0100 52010000 		.4byte	.LASF20
 502 0104 01       		.byte	0x1
 503 0105 37       		.byte	0x37
 504 0106 8F000000 		.4byte	0x8f
 505 010a 02       		.byte	0x2
 506 010b 23       		.byte	0x23
 507 010c 18       		.uleb128 0x18
 508 010d 08       		.uleb128 0x8
 509 010e BD000000 		.4byte	.LASF21
 510 0112 01       		.byte	0x1
 511 0113 38       		.byte	0x38
 512 0114 8F000000 		.4byte	0x8f
 513 0118 02       		.byte	0x2
ARM GAS  C:\Users\DNIEL~1\AppData\Local\Temp\cchTIoIk.s 			page 10


 514 0119 23       		.byte	0x23
 515 011a 1C       		.uleb128 0x1c
 516 011b 08       		.uleb128 0x8
 517 011c 4F020000 		.4byte	.LASF22
 518 0120 01       		.byte	0x1
 519 0121 39       		.byte	0x39
 520 0122 8F000000 		.4byte	0x8f
 521 0126 02       		.byte	0x2
 522 0127 23       		.byte	0x23
 523 0128 20       		.uleb128 0x20
 524 0129 08       		.uleb128 0x8
 525 012a 00000000 		.4byte	.LASF23
 526 012e 01       		.byte	0x1
 527 012f 3A       		.byte	0x3a
 528 0130 8F000000 		.4byte	0x8f
 529 0134 02       		.byte	0x2
 530 0135 23       		.byte	0x23
 531 0136 24       		.uleb128 0x24
 532 0137 08       		.uleb128 0x8
 533 0138 49010000 		.4byte	.LASF24
 534 013c 01       		.byte	0x1
 535 013d 3B       		.byte	0x3b
 536 013e 8F000000 		.4byte	0x8f
 537 0142 02       		.byte	0x2
 538 0143 23       		.byte	0x23
 539 0144 28       		.uleb128 0x28
 540 0145 08       		.uleb128 0x8
 541 0146 33000000 		.4byte	.LASF25
 542 014a 01       		.byte	0x1
 543 014b 3C       		.byte	0x3c
 544 014c 8F000000 		.4byte	0x8f
 545 0150 02       		.byte	0x2
 546 0151 23       		.byte	0x23
 547 0152 2C       		.uleb128 0x2c
 548 0153 08       		.uleb128 0x8
 549 0154 3B020000 		.4byte	.LASF26
 550 0158 01       		.byte	0x1
 551 0159 3D       		.byte	0x3d
 552 015a 8F000000 		.4byte	0x8f
 553 015e 02       		.byte	0x2
 554 015f 23       		.byte	0x23
 555 0160 30       		.uleb128 0x30
 556 0161 08       		.uleb128 0x8
 557 0162 16000000 		.4byte	.LASF27
 558 0166 01       		.byte	0x1
 559 0167 3E       		.byte	0x3e
 560 0168 8F000000 		.4byte	0x8f
 561 016c 02       		.byte	0x2
 562 016d 23       		.byte	0x23
 563 016e 34       		.uleb128 0x34
 564 016f 08       		.uleb128 0x8
 565 0170 77010000 		.4byte	.LASF28
 566 0174 01       		.byte	0x1
 567 0175 3F       		.byte	0x3f
 568 0176 8F000000 		.4byte	0x8f
 569 017a 02       		.byte	0x2
 570 017b 23       		.byte	0x23
ARM GAS  C:\Users\DNIEL~1\AppData\Local\Temp\cchTIoIk.s 			page 11


 571 017c 38       		.uleb128 0x38
 572 017d 08       		.uleb128 0x8
 573 017e C6000000 		.4byte	.LASF29
 574 0182 01       		.byte	0x1
 575 0183 40       		.byte	0x40
 576 0184 8F000000 		.4byte	0x8f
 577 0188 02       		.byte	0x2
 578 0189 23       		.byte	0x23
 579 018a 3C       		.uleb128 0x3c
 580 018b 08       		.uleb128 0x8
 581 018c CF010000 		.4byte	.LASF30
 582 0190 01       		.byte	0x1
 583 0191 41       		.byte	0x41
 584 0192 A0010000 		.4byte	0x1a0
 585 0196 02       		.byte	0x2
 586 0197 23       		.byte	0x23
 587 0198 40       		.uleb128 0x40
 588 0199 00       		.byte	0
 589 019a 05       		.uleb128 0x5
 590 019b 04       		.byte	0x4
 591 019c 5A000000 		.4byte	0x5a
 592 01a0 09       		.uleb128 0x9
 593 01a1 8F000000 		.4byte	0x8f
 594 01a5 B0010000 		.4byte	0x1b0
 595 01a9 0A       		.uleb128 0xa
 596 01aa 81000000 		.4byte	0x81
 597 01ae 5A       		.byte	0x5a
 598 01af 00       		.byte	0
 599 01b0 04       		.uleb128 0x4
 600 01b1 64010000 		.4byte	.LASF31
 601 01b5 01       		.byte	0x1
 602 01b6 42       		.byte	0x42
 603 01b7 A2000000 		.4byte	0xa2
 604 01bb 0B       		.uleb128 0xb
 605 01bc 01       		.byte	0x1
 606 01bd BA010000 		.4byte	.LASF37
 607 01c1 01       		.byte	0x1
 608 01c2 E2       		.byte	0xe2
 609 01c3 01       		.byte	0x1
 610 01c4 00000000 		.4byte	.LFB7
 611 01c8 02000000 		.4byte	.LFE7
 612 01cc 02       		.byte	0x2
 613 01cd 7D       		.byte	0x7d
 614 01ce 00       		.sleb128 0
 615 01cf 01       		.byte	0x1
 616 01d0 0C       		.uleb128 0xc
 617 01d1 5E020000 		.4byte	.LASF32
 618 01d5 01       		.byte	0x1
 619 01d6 45       		.byte	0x45
 620 01d7 5A000000 		.4byte	0x5a
 621 01db 01       		.byte	0x1
 622 01dc 01       		.byte	0x1
 623 01dd 0D       		.uleb128 0xd
 624 01de 1F000000 		.4byte	.LASF33
 625 01e2 01       		.byte	0x1
 626 01e3 B8       		.byte	0xb8
 627 01e4 B0010000 		.4byte	0x1b0
ARM GAS  C:\Users\DNIEL~1\AppData\Local\Temp\cchTIoIk.s 			page 12


 628 01e8 01       		.byte	0x1
 629 01e9 05       		.byte	0x5
 630 01ea 03       		.byte	0x3
 631 01eb 00000000 		.4byte	_vectors
 632 01ef 00       		.byte	0
 633              		.section	.debug_abbrev,"",%progbits
 634              	.Ldebug_abbrev0:
 635 0000 01       		.uleb128 0x1
 636 0001 11       		.uleb128 0x11
 637 0002 01       		.byte	0x1
 638 0003 25       		.uleb128 0x25
 639 0004 0E       		.uleb128 0xe
 640 0005 13       		.uleb128 0x13
 641 0006 0B       		.uleb128 0xb
 642 0007 03       		.uleb128 0x3
 643 0008 0E       		.uleb128 0xe
 644 0009 1B       		.uleb128 0x1b
 645 000a 0E       		.uleb128 0xe
 646 000b 55       		.uleb128 0x55
 647 000c 06       		.uleb128 0x6
 648 000d 11       		.uleb128 0x11
 649 000e 01       		.uleb128 0x1
 650 000f 52       		.uleb128 0x52
 651 0010 01       		.uleb128 0x1
 652 0011 10       		.uleb128 0x10
 653 0012 06       		.uleb128 0x6
 654 0013 00       		.byte	0
 655 0014 00       		.byte	0
 656 0015 02       		.uleb128 0x2
 657 0016 24       		.uleb128 0x24
 658 0017 00       		.byte	0
 659 0018 0B       		.uleb128 0xb
 660 0019 0B       		.uleb128 0xb
 661 001a 3E       		.uleb128 0x3e
 662 001b 0B       		.uleb128 0xb
 663 001c 03       		.uleb128 0x3
 664 001d 08       		.uleb128 0x8
 665 001e 00       		.byte	0
 666 001f 00       		.byte	0
 667 0020 03       		.uleb128 0x3
 668 0021 24       		.uleb128 0x24
 669 0022 00       		.byte	0
 670 0023 0B       		.uleb128 0xb
 671 0024 0B       		.uleb128 0xb
 672 0025 3E       		.uleb128 0x3e
 673 0026 0B       		.uleb128 0xb
 674 0027 03       		.uleb128 0x3
 675 0028 0E       		.uleb128 0xe
 676 0029 00       		.byte	0
 677 002a 00       		.byte	0
 678 002b 04       		.uleb128 0x4
 679 002c 16       		.uleb128 0x16
 680 002d 00       		.byte	0
 681 002e 03       		.uleb128 0x3
 682 002f 0E       		.uleb128 0xe
 683 0030 3A       		.uleb128 0x3a
 684 0031 0B       		.uleb128 0xb
ARM GAS  C:\Users\DNIEL~1\AppData\Local\Temp\cchTIoIk.s 			page 13


 685 0032 3B       		.uleb128 0x3b
 686 0033 0B       		.uleb128 0xb
 687 0034 49       		.uleb128 0x49
 688 0035 13       		.uleb128 0x13
 689 0036 00       		.byte	0
 690 0037 00       		.byte	0
 691 0038 05       		.uleb128 0x5
 692 0039 0F       		.uleb128 0xf
 693 003a 00       		.byte	0
 694 003b 0B       		.uleb128 0xb
 695 003c 0B       		.uleb128 0xb
 696 003d 49       		.uleb128 0x49
 697 003e 13       		.uleb128 0x13
 698 003f 00       		.byte	0
 699 0040 00       		.byte	0
 700 0041 06       		.uleb128 0x6
 701 0042 15       		.uleb128 0x15
 702 0043 00       		.byte	0
 703 0044 27       		.uleb128 0x27
 704 0045 0C       		.uleb128 0xc
 705 0046 00       		.byte	0
 706 0047 00       		.byte	0
 707 0048 07       		.uleb128 0x7
 708 0049 13       		.uleb128 0x13
 709 004a 01       		.byte	0x1
 710 004b 0B       		.uleb128 0xb
 711 004c 05       		.uleb128 0x5
 712 004d 3A       		.uleb128 0x3a
 713 004e 0B       		.uleb128 0xb
 714 004f 3B       		.uleb128 0x3b
 715 0050 0B       		.uleb128 0xb
 716 0051 01       		.uleb128 0x1
 717 0052 13       		.uleb128 0x13
 718 0053 00       		.byte	0
 719 0054 00       		.byte	0
 720 0055 08       		.uleb128 0x8
 721 0056 0D       		.uleb128 0xd
 722 0057 00       		.byte	0
 723 0058 03       		.uleb128 0x3
 724 0059 0E       		.uleb128 0xe
 725 005a 3A       		.uleb128 0x3a
 726 005b 0B       		.uleb128 0xb
 727 005c 3B       		.uleb128 0x3b
 728 005d 0B       		.uleb128 0xb
 729 005e 49       		.uleb128 0x49
 730 005f 13       		.uleb128 0x13
 731 0060 38       		.uleb128 0x38
 732 0061 0A       		.uleb128 0xa
 733 0062 00       		.byte	0
 734 0063 00       		.byte	0
 735 0064 09       		.uleb128 0x9
 736 0065 01       		.uleb128 0x1
 737 0066 01       		.byte	0x1
 738 0067 49       		.uleb128 0x49
 739 0068 13       		.uleb128 0x13
 740 0069 01       		.uleb128 0x1
 741 006a 13       		.uleb128 0x13
ARM GAS  C:\Users\DNIEL~1\AppData\Local\Temp\cchTIoIk.s 			page 14


 742 006b 00       		.byte	0
 743 006c 00       		.byte	0
 744 006d 0A       		.uleb128 0xa
 745 006e 21       		.uleb128 0x21
 746 006f 00       		.byte	0
 747 0070 49       		.uleb128 0x49
 748 0071 13       		.uleb128 0x13
 749 0072 2F       		.uleb128 0x2f
 750 0073 0B       		.uleb128 0xb
 751 0074 00       		.byte	0
 752 0075 00       		.byte	0
 753 0076 0B       		.uleb128 0xb
 754 0077 2E       		.uleb128 0x2e
 755 0078 00       		.byte	0
 756 0079 3F       		.uleb128 0x3f
 757 007a 0C       		.uleb128 0xc
 758 007b 03       		.uleb128 0x3
 759 007c 0E       		.uleb128 0xe
 760 007d 3A       		.uleb128 0x3a
 761 007e 0B       		.uleb128 0xb
 762 007f 3B       		.uleb128 0x3b
 763 0080 0B       		.uleb128 0xb
 764 0081 27       		.uleb128 0x27
 765 0082 0C       		.uleb128 0xc
 766 0083 11       		.uleb128 0x11
 767 0084 01       		.uleb128 0x1
 768 0085 12       		.uleb128 0x12
 769 0086 01       		.uleb128 0x1
 770 0087 40       		.uleb128 0x40
 771 0088 0A       		.uleb128 0xa
 772 0089 9742     		.uleb128 0x2117
 773 008b 0C       		.uleb128 0xc
 774 008c 00       		.byte	0
 775 008d 00       		.byte	0
 776 008e 0C       		.uleb128 0xc
 777 008f 34       		.uleb128 0x34
 778 0090 00       		.byte	0
 779 0091 03       		.uleb128 0x3
 780 0092 0E       		.uleb128 0xe
 781 0093 3A       		.uleb128 0x3a
 782 0094 0B       		.uleb128 0xb
 783 0095 3B       		.uleb128 0x3b
 784 0096 0B       		.uleb128 0xb
 785 0097 49       		.uleb128 0x49
 786 0098 13       		.uleb128 0x13
 787 0099 3F       		.uleb128 0x3f
 788 009a 0C       		.uleb128 0xc
 789 009b 3C       		.uleb128 0x3c
 790 009c 0C       		.uleb128 0xc
 791 009d 00       		.byte	0
 792 009e 00       		.byte	0
 793 009f 0D       		.uleb128 0xd
 794 00a0 34       		.uleb128 0x34
 795 00a1 00       		.byte	0
 796 00a2 03       		.uleb128 0x3
 797 00a3 0E       		.uleb128 0xe
 798 00a4 3A       		.uleb128 0x3a
ARM GAS  C:\Users\DNIEL~1\AppData\Local\Temp\cchTIoIk.s 			page 15


 799 00a5 0B       		.uleb128 0xb
 800 00a6 3B       		.uleb128 0x3b
 801 00a7 0B       		.uleb128 0xb
 802 00a8 49       		.uleb128 0x49
 803 00a9 13       		.uleb128 0x13
 804 00aa 3F       		.uleb128 0x3f
 805 00ab 0C       		.uleb128 0xc
 806 00ac 02       		.uleb128 0x2
 807 00ad 0A       		.uleb128 0xa
 808 00ae 00       		.byte	0
 809 00af 00       		.byte	0
 810 00b0 00       		.byte	0
 811              		.section	.debug_aranges,"",%progbits
 812 0000 1C000000 		.4byte	0x1c
 813 0004 0200     		.2byte	0x2
 814 0006 00000000 		.4byte	.Ldebug_info0
 815 000a 04       		.byte	0x4
 816 000b 00       		.byte	0
 817 000c 0000     		.2byte	0
 818 000e 0000     		.2byte	0
 819 0010 00000000 		.4byte	.LFB7
 820 0014 02000000 		.4byte	.LFE7-.LFB7
 821 0018 00000000 		.4byte	0
 822 001c 00000000 		.4byte	0
 823              		.section	.debug_ranges,"",%progbits
 824              	.Ldebug_ranges0:
 825 0000 00000000 		.4byte	.LFB7
 826 0004 02000000 		.4byte	.LFE7
 827 0008 00000000 		.4byte	0
 828 000c 00000000 		.4byte	0
 829              		.section	.debug_line,"",%progbits
 830              	.Ldebug_line0:
 831 0000 ED000000 		.section	.debug_str,"MS",%progbits,1
 831      0200D700 
 831      00000201 
 831      FB0E0D00 
 831      01010101 
 832              	.LASF23:
 833 0000 76656374 		.ascii	"vector24\000"
 833      6F723234 
 833      00
 834              	.LASF13:
 835 0009 6972715F 		.ascii	"irq_vector_t\000"
 835      76656374 
 835      6F725F74 
 835      00
 836              	.LASF27:
 837 0016 76656374 		.ascii	"vector34\000"
 837      6F723334 
 837      00
 838              	.LASF33:
 839 001f 5F766563 		.ascii	"_vectors\000"
 839      746F7273 
 839      00
 840              	.LASF14:
 841 0028 696E6974 		.ascii	"init_stack\000"
 841      5F737461 
ARM GAS  C:\Users\DNIEL~1\AppData\Local\Temp\cchTIoIk.s 			page 16


 841      636B00
 842              	.LASF25:
 843 0033 73766361 		.ascii	"svcall_vector\000"
 843      6C6C5F76 
 843      6563746F 
 843      7200
 844              	.LASF2:
 845 0041 756E7369 		.ascii	"unsigned char\000"
 845      676E6564 
 845      20636861 
 845      7200
 846              	.LASF6:
 847 004f 6C6F6E67 		.ascii	"long unsigned int\000"
 847      20756E73 
 847      69676E65 
 847      6420696E 
 847      7400
 848              	.LASF4:
 849 0061 73686F72 		.ascii	"short unsigned int\000"
 849      7420756E 
 849      7369676E 
 849      65642069 
 849      6E7400
 850              	.LASF34:
 851 0074 474E5520 		.ascii	"GNU C 4.7.4 20140401 (release) [ARM/embedded-4_7-br"
 851      4320342E 
 851      372E3420 
 851      32303134 
 851      30343031 
 852 00a7 616E6368 		.ascii	"anch revision 209195]\000"
 852      20726576 
 852      6973696F 
 852      6E203230 
 852      39313935 
 853              	.LASF21:
 854 00bd 76656374 		.ascii	"vector1c\000"
 854      6F723163 
 854      00
 855              	.LASF29:
 856 00c6 73797374 		.ascii	"systick_vector\000"
 856      69636B5F 
 856      76656374 
 856      6F7200
 857              	.LASF3:
 858 00d5 73686F72 		.ascii	"short int\000"
 858      7420696E 
 858      7400
 859              	.LASF36:
 860 00df 433A5C55 		.ascii	"C:\\Users\\D\341niel\\git\\Smarty\\smarty\\firmware"
 860      73657273 
 860      5C44E16E 
 860      69656C5C 
 860      6769745C 
 861 0109 00       		.ascii	"\000"
 862              	.LASF0:
 863 010a 756E7369 		.ascii	"unsigned int\000"
 863      676E6564 
ARM GAS  C:\Users\DNIEL~1\AppData\Local\Temp\cchTIoIk.s 			page 17


 863      20696E74 
 863      00
 864              	.LASF16:
 865 0117 6E6D695F 		.ascii	"nmi_vector\000"
 865      76656374 
 865      6F7200
 866              	.LASF8:
 867 0122 6C6F6E67 		.ascii	"long long unsigned int\000"
 867      206C6F6E 
 867      6720756E 
 867      7369676E 
 867      65642069 
 868              	.LASF19:
 869 0139 62757366 		.ascii	"busfault_vector\000"
 869      61756C74 
 869      5F766563 
 869      746F7200 
 870              	.LASF24:
 871 0149 76656374 		.ascii	"vector28\000"
 871      6F723238 
 871      00
 872              	.LASF20:
 873 0152 75736167 		.ascii	"usagefault_vector\000"
 873      65666175 
 873      6C745F76 
 873      6563746F 
 873      7200
 874              	.LASF31:
 875 0164 76656374 		.ascii	"vectors_t\000"
 875      6F72735F 
 875      7400
 876              	.LASF10:
 877 016e 73697A65 		.ascii	"sizetype\000"
 877      74797065 
 877      00
 878              	.LASF28:
 879 0177 70656E64 		.ascii	"pendsv_vector\000"
 879      73765F76 
 879      6563746F 
 879      7200
 880              	.LASF17:
 881 0185 68617264 		.ascii	"hardfault_vector\000"
 881      6661756C 
 881      745F7665 
 881      63746F72 
 881      00
 882              	.LASF7:
 883 0196 6C6F6E67 		.ascii	"long long int\000"
 883      206C6F6E 
 883      6720696E 
 883      7400
 884              	.LASF11:
 885 01a4 63686172 		.ascii	"char\000"
 885      00
 886              	.LASF18:
 887 01a9 6D656D6D 		.ascii	"memmanage_vector\000"
 887      616E6167 
ARM GAS  C:\Users\DNIEL~1\AppData\Local\Temp\cchTIoIk.s 			page 18


 887      655F7665 
 887      63746F72 
 887      00
 888              	.LASF37:
 889 01ba 5F756E68 		.ascii	"_unhandled_exception\000"
 889      616E646C 
 889      65645F65 
 889      78636570 
 889      74696F6E 
 890              	.LASF30:
 891 01cf 76656374 		.ascii	"vectors\000"
 891      6F727300 
 892              	.LASF35:
 893 01d7 2E2E2F2E 		.ascii	"../../../ChibiOS/os/ports/GCC/ARMCMx/STM32F4xx/vect"
 893      2E2F2E2E 
 893      2F436869 
 893      62694F53 
 893      2F6F732F 
 894 020a 6F72732E 		.ascii	"ors.c\000"
 894      6300
 895              	.LASF15:
 896 0210 72657365 		.ascii	"reset_vector\000"
 896      745F7665 
 896      63746F72 
 896      00
 897              	.LASF12:
 898 021d 75696E74 		.ascii	"uint32_t\000"
 898      33325F74 
 898      00
 899              	.LASF5:
 900 0226 6C6F6E67 		.ascii	"long int\000"
 900      20696E74 
 900      00
 901              	.LASF1:
 902 022f 7369676E 		.ascii	"signed char\000"
 902      65642063 
 902      68617200 
 903              	.LASF26:
 904 023b 64656275 		.ascii	"debugmonitor_vector\000"
 904      676D6F6E 
 904      69746F72 
 904      5F766563 
 904      746F7200 
 905              	.LASF22:
 906 024f 76656374 		.ascii	"vector20\000"
 906      6F723230 
 906      00
 907              	.LASF9:
 908 0258 5F426F6F 		.ascii	"_Bool\000"
 908      6C00
 909              	.LASF32:
 910 025e 5F5F6D61 		.ascii	"__main_stack_end__\000"
 910      696E5F73 
 910      7461636B 
 910      5F656E64 
 910      5F5F00
 911              		.ident	"GCC: (GNU Tools for ARM Embedded Processors) 4.7.4 20140401 (release) [ARM/embedded-4_7-br
ARM GAS  C:\Users\DNIEL~1\AppData\Local\Temp\cchTIoIk.s 			page 19


ARM GAS  C:\Users\DNIEL~1\AppData\Local\Temp\cchTIoIk.s 			page 20


DEFINED SYMBOLS
                            *ABS*:00000000 vectors.c
C:\Users\DNIEL~1\AppData\Local\Temp\cchTIoIk.s:19     .text._unhandled_exception:00000000 $t
C:\Users\DNIEL~1\AppData\Local\Temp\cchTIoIk.s:25     .text._unhandled_exception:00000000 _unhandled_exception
C:\Users\DNIEL~1\AppData\Local\Temp\cchTIoIk.s:25     .text._unhandled_exception:00000000 HardFaultVector
C:\Users\DNIEL~1\AppData\Local\Temp\cchTIoIk.s:25     .text._unhandled_exception:00000000 MemManageVector
C:\Users\DNIEL~1\AppData\Local\Temp\cchTIoIk.s:25     .text._unhandled_exception:00000000 BusFaultVector
C:\Users\DNIEL~1\AppData\Local\Temp\cchTIoIk.s:25     .text._unhandled_exception:00000000 UsageFaultVector
C:\Users\DNIEL~1\AppData\Local\Temp\cchTIoIk.s:25     .text._unhandled_exception:00000000 Vector1C
C:\Users\DNIEL~1\AppData\Local\Temp\cchTIoIk.s:25     .text._unhandled_exception:00000000 Vector20
C:\Users\DNIEL~1\AppData\Local\Temp\cchTIoIk.s:25     .text._unhandled_exception:00000000 Vector24
C:\Users\DNIEL~1\AppData\Local\Temp\cchTIoIk.s:25     .text._unhandled_exception:00000000 Vector28
C:\Users\DNIEL~1\AppData\Local\Temp\cchTIoIk.s:25     .text._unhandled_exception:00000000 SVCallVector
C:\Users\DNIEL~1\AppData\Local\Temp\cchTIoIk.s:25     .text._unhandled_exception:00000000 DebugMonitorVector
C:\Users\DNIEL~1\AppData\Local\Temp\cchTIoIk.s:25     .text._unhandled_exception:00000000 Vector34
C:\Users\DNIEL~1\AppData\Local\Temp\cchTIoIk.s:25     .text._unhandled_exception:00000000 PendSVVector
C:\Users\DNIEL~1\AppData\Local\Temp\cchTIoIk.s:25     .text._unhandled_exception:00000000 SysTickVector
C:\Users\DNIEL~1\AppData\Local\Temp\cchTIoIk.s:25     .text._unhandled_exception:00000000 Vector40
C:\Users\DNIEL~1\AppData\Local\Temp\cchTIoIk.s:25     .text._unhandled_exception:00000000 Vector44
C:\Users\DNIEL~1\AppData\Local\Temp\cchTIoIk.s:25     .text._unhandled_exception:00000000 Vector48
C:\Users\DNIEL~1\AppData\Local\Temp\cchTIoIk.s:25     .text._unhandled_exception:00000000 Vector4C
C:\Users\DNIEL~1\AppData\Local\Temp\cchTIoIk.s:25     .text._unhandled_exception:00000000 Vector50
C:\Users\DNIEL~1\AppData\Local\Temp\cchTIoIk.s:25     .text._unhandled_exception:00000000 Vector54
C:\Users\DNIEL~1\AppData\Local\Temp\cchTIoIk.s:25     .text._unhandled_exception:00000000 Vector58
C:\Users\DNIEL~1\AppData\Local\Temp\cchTIoIk.s:25     .text._unhandled_exception:00000000 Vector5C
C:\Users\DNIEL~1\AppData\Local\Temp\cchTIoIk.s:25     .text._unhandled_exception:00000000 Vector60
C:\Users\DNIEL~1\AppData\Local\Temp\cchTIoIk.s:25     .text._unhandled_exception:00000000 Vector64
C:\Users\DNIEL~1\AppData\Local\Temp\cchTIoIk.s:25     .text._unhandled_exception:00000000 Vector68
C:\Users\DNIEL~1\AppData\Local\Temp\cchTIoIk.s:25     .text._unhandled_exception:00000000 Vector6C
C:\Users\DNIEL~1\AppData\Local\Temp\cchTIoIk.s:25     .text._unhandled_exception:00000000 Vector70
C:\Users\DNIEL~1\AppData\Local\Temp\cchTIoIk.s:25     .text._unhandled_exception:00000000 Vector74
C:\Users\DNIEL~1\AppData\Local\Temp\cchTIoIk.s:25     .text._unhandled_exception:00000000 Vector78
C:\Users\DNIEL~1\AppData\Local\Temp\cchTIoIk.s:25     .text._unhandled_exception:00000000 Vector7C
C:\Users\DNIEL~1\AppData\Local\Temp\cchTIoIk.s:25     .text._unhandled_exception:00000000 Vector80
C:\Users\DNIEL~1\AppData\Local\Temp\cchTIoIk.s:25     .text._unhandled_exception:00000000 Vector84
C:\Users\DNIEL~1\AppData\Local\Temp\cchTIoIk.s:25     .text._unhandled_exception:00000000 Vector88
C:\Users\DNIEL~1\AppData\Local\Temp\cchTIoIk.s:25     .text._unhandled_exception:00000000 Vector8C
C:\Users\DNIEL~1\AppData\Local\Temp\cchTIoIk.s:25     .text._unhandled_exception:00000000 Vector90
C:\Users\DNIEL~1\AppData\Local\Temp\cchTIoIk.s:25     .text._unhandled_exception:00000000 Vector94
C:\Users\DNIEL~1\AppData\Local\Temp\cchTIoIk.s:25     .text._unhandled_exception:00000000 Vector98
C:\Users\DNIEL~1\AppData\Local\Temp\cchTIoIk.s:25     .text._unhandled_exception:00000000 Vector9C
C:\Users\DNIEL~1\AppData\Local\Temp\cchTIoIk.s:25     .text._unhandled_exception:00000000 VectorA0
C:\Users\DNIEL~1\AppData\Local\Temp\cchTIoIk.s:25     .text._unhandled_exception:00000000 VectorA4
C:\Users\DNIEL~1\AppData\Local\Temp\cchTIoIk.s:25     .text._unhandled_exception:00000000 VectorA8
C:\Users\DNIEL~1\AppData\Local\Temp\cchTIoIk.s:25     .text._unhandled_exception:00000000 VectorAC
C:\Users\DNIEL~1\AppData\Local\Temp\cchTIoIk.s:25     .text._unhandled_exception:00000000 VectorB0
C:\Users\DNIEL~1\AppData\Local\Temp\cchTIoIk.s:25     .text._unhandled_exception:00000000 VectorB4
C:\Users\DNIEL~1\AppData\Local\Temp\cchTIoIk.s:25     .text._unhandled_exception:00000000 VectorB8
C:\Users\DNIEL~1\AppData\Local\Temp\cchTIoIk.s:25     .text._unhandled_exception:00000000 VectorBC
C:\Users\DNIEL~1\AppData\Local\Temp\cchTIoIk.s:25     .text._unhandled_exception:00000000 VectorC0
C:\Users\DNIEL~1\AppData\Local\Temp\cchTIoIk.s:25     .text._unhandled_exception:00000000 VectorC4
C:\Users\DNIEL~1\AppData\Local\Temp\cchTIoIk.s:25     .text._unhandled_exception:00000000 VectorC8
C:\Users\DNIEL~1\AppData\Local\Temp\cchTIoIk.s:25     .text._unhandled_exception:00000000 VectorCC
C:\Users\DNIEL~1\AppData\Local\Temp\cchTIoIk.s:25     .text._unhandled_exception:00000000 VectorD0
C:\Users\DNIEL~1\AppData\Local\Temp\cchTIoIk.s:25     .text._unhandled_exception:00000000 VectorD4
C:\Users\DNIEL~1\AppData\Local\Temp\cchTIoIk.s:25     .text._unhandled_exception:00000000 VectorD8
C:\Users\DNIEL~1\AppData\Local\Temp\cchTIoIk.s:25     .text._unhandled_exception:00000000 VectorDC
ARM GAS  C:\Users\DNIEL~1\AppData\Local\Temp\cchTIoIk.s 			page 21


C:\Users\DNIEL~1\AppData\Local\Temp\cchTIoIk.s:25     .text._unhandled_exception:00000000 VectorE0
C:\Users\DNIEL~1\AppData\Local\Temp\cchTIoIk.s:25     .text._unhandled_exception:00000000 VectorE4
C:\Users\DNIEL~1\AppData\Local\Temp\cchTIoIk.s:25     .text._unhandled_exception:00000000 VectorE8
C:\Users\DNIEL~1\AppData\Local\Temp\cchTIoIk.s:25     .text._unhandled_exception:00000000 VectorEC
C:\Users\DNIEL~1\AppData\Local\Temp\cchTIoIk.s:25     .text._unhandled_exception:00000000 VectorF0
C:\Users\DNIEL~1\AppData\Local\Temp\cchTIoIk.s:25     .text._unhandled_exception:00000000 VectorF4
C:\Users\DNIEL~1\AppData\Local\Temp\cchTIoIk.s:25     .text._unhandled_exception:00000000 VectorF8
C:\Users\DNIEL~1\AppData\Local\Temp\cchTIoIk.s:25     .text._unhandled_exception:00000000 VectorFC
C:\Users\DNIEL~1\AppData\Local\Temp\cchTIoIk.s:25     .text._unhandled_exception:00000000 Vector100
C:\Users\DNIEL~1\AppData\Local\Temp\cchTIoIk.s:25     .text._unhandled_exception:00000000 Vector104
C:\Users\DNIEL~1\AppData\Local\Temp\cchTIoIk.s:25     .text._unhandled_exception:00000000 Vector108
C:\Users\DNIEL~1\AppData\Local\Temp\cchTIoIk.s:25     .text._unhandled_exception:00000000 Vector10C
C:\Users\DNIEL~1\AppData\Local\Temp\cchTIoIk.s:25     .text._unhandled_exception:00000000 Vector110
C:\Users\DNIEL~1\AppData\Local\Temp\cchTIoIk.s:25     .text._unhandled_exception:00000000 Vector114
C:\Users\DNIEL~1\AppData\Local\Temp\cchTIoIk.s:25     .text._unhandled_exception:00000000 Vector118
C:\Users\DNIEL~1\AppData\Local\Temp\cchTIoIk.s:25     .text._unhandled_exception:00000000 Vector11C
C:\Users\DNIEL~1\AppData\Local\Temp\cchTIoIk.s:25     .text._unhandled_exception:00000000 Vector120
C:\Users\DNIEL~1\AppData\Local\Temp\cchTIoIk.s:25     .text._unhandled_exception:00000000 Vector124
C:\Users\DNIEL~1\AppData\Local\Temp\cchTIoIk.s:25     .text._unhandled_exception:00000000 Vector128
C:\Users\DNIEL~1\AppData\Local\Temp\cchTIoIk.s:25     .text._unhandled_exception:00000000 Vector12C
C:\Users\DNIEL~1\AppData\Local\Temp\cchTIoIk.s:25     .text._unhandled_exception:00000000 Vector130
C:\Users\DNIEL~1\AppData\Local\Temp\cchTIoIk.s:25     .text._unhandled_exception:00000000 Vector134
C:\Users\DNIEL~1\AppData\Local\Temp\cchTIoIk.s:25     .text._unhandled_exception:00000000 Vector138
C:\Users\DNIEL~1\AppData\Local\Temp\cchTIoIk.s:25     .text._unhandled_exception:00000000 Vector13C
C:\Users\DNIEL~1\AppData\Local\Temp\cchTIoIk.s:25     .text._unhandled_exception:00000000 Vector140
C:\Users\DNIEL~1\AppData\Local\Temp\cchTIoIk.s:25     .text._unhandled_exception:00000000 Vector144
C:\Users\DNIEL~1\AppData\Local\Temp\cchTIoIk.s:25     .text._unhandled_exception:00000000 Vector148
C:\Users\DNIEL~1\AppData\Local\Temp\cchTIoIk.s:25     .text._unhandled_exception:00000000 Vector14C
C:\Users\DNIEL~1\AppData\Local\Temp\cchTIoIk.s:25     .text._unhandled_exception:00000000 Vector150
C:\Users\DNIEL~1\AppData\Local\Temp\cchTIoIk.s:25     .text._unhandled_exception:00000000 Vector154
C:\Users\DNIEL~1\AppData\Local\Temp\cchTIoIk.s:25     .text._unhandled_exception:00000000 Vector158
C:\Users\DNIEL~1\AppData\Local\Temp\cchTIoIk.s:25     .text._unhandled_exception:00000000 Vector15C
C:\Users\DNIEL~1\AppData\Local\Temp\cchTIoIk.s:25     .text._unhandled_exception:00000000 Vector160
C:\Users\DNIEL~1\AppData\Local\Temp\cchTIoIk.s:25     .text._unhandled_exception:00000000 Vector164
C:\Users\DNIEL~1\AppData\Local\Temp\cchTIoIk.s:25     .text._unhandled_exception:00000000 Vector168
C:\Users\DNIEL~1\AppData\Local\Temp\cchTIoIk.s:25     .text._unhandled_exception:00000000 Vector16C
C:\Users\DNIEL~1\AppData\Local\Temp\cchTIoIk.s:25     .text._unhandled_exception:00000000 Vector170
C:\Users\DNIEL~1\AppData\Local\Temp\cchTIoIk.s:25     .text._unhandled_exception:00000000 Vector174
C:\Users\DNIEL~1\AppData\Local\Temp\cchTIoIk.s:25     .text._unhandled_exception:00000000 Vector178
C:\Users\DNIEL~1\AppData\Local\Temp\cchTIoIk.s:25     .text._unhandled_exception:00000000 Vector17C
C:\Users\DNIEL~1\AppData\Local\Temp\cchTIoIk.s:25     .text._unhandled_exception:00000000 Vector180
C:\Users\DNIEL~1\AppData\Local\Temp\cchTIoIk.s:25     .text._unhandled_exception:00000000 Vector184
C:\Users\DNIEL~1\AppData\Local\Temp\cchTIoIk.s:25     .text._unhandled_exception:00000000 Vector188
C:\Users\DNIEL~1\AppData\Local\Temp\cchTIoIk.s:25     .text._unhandled_exception:00000000 Vector18C
C:\Users\DNIEL~1\AppData\Local\Temp\cchTIoIk.s:25     .text._unhandled_exception:00000000 Vector190
C:\Users\DNIEL~1\AppData\Local\Temp\cchTIoIk.s:25     .text._unhandled_exception:00000000 Vector194
C:\Users\DNIEL~1\AppData\Local\Temp\cchTIoIk.s:25     .text._unhandled_exception:00000000 Vector198
C:\Users\DNIEL~1\AppData\Local\Temp\cchTIoIk.s:25     .text._unhandled_exception:00000000 Vector19C
C:\Users\DNIEL~1\AppData\Local\Temp\cchTIoIk.s:25     .text._unhandled_exception:00000000 Vector1A0
C:\Users\DNIEL~1\AppData\Local\Temp\cchTIoIk.s:25     .text._unhandled_exception:00000000 Vector1A4
C:\Users\DNIEL~1\AppData\Local\Temp\cchTIoIk.s:25     .text._unhandled_exception:00000000 Vector1A8
C:\Users\DNIEL~1\AppData\Local\Temp\cchTIoIk.s:25     .text._unhandled_exception:00000000 NMIVector
C:\Users\DNIEL~1\AppData\Local\Temp\cchTIoIk.s:254    vectors:00000000 _vectors
C:\Users\DNIEL~1\AppData\Local\Temp\cchTIoIk.s:251    vectors:00000000 $d
                     .debug_frame:00000010 $d

UNDEFINED SYMBOLS
ARM GAS  C:\Users\DNIEL~1\AppData\Local\Temp\cchTIoIk.s 			page 22


__main_stack_end__
ResetHandler
