ARM GAS  C:\Users\DNIEL~1\AppData\Local\Temp\ccEnp3Ee.s 			page 1


   1              		.syntax unified
   2              		.cpu cortex-m4
   3              		.fpu softvfp
   4              		.eabi_attribute 20, 1
   5              		.eabi_attribute 21, 1
   6              		.eabi_attribute 23, 3
   7              		.eabi_attribute 24, 1
   8              		.eabi_attribute 25, 1
   9              		.eabi_attribute 26, 1
  10              		.eabi_attribute 30, 2
  11              		.eabi_attribute 18, 4
  12              		.thumb
  13              		.file	"button.c"
  14              		.section	.debug_abbrev,"",%progbits
  15              	.Ldebug_abbrev0:
  16              		.section	.debug_info,"",%progbits
  17              	.Ldebug_info0:
  18              		.section	.debug_line,"",%progbits
  19              	.Ldebug_line0:
  20 0000 B8030000 		.text
  20      02006F02 
  20      00000201 
  20      FB0E0D00 
  20      01010101 
  21              	.Ltext0:
  22              		.cfi_sections	.debug_frame
  23              		.section	.text.chprintf,"ax",%progbits
  24              		.align	2
  25              		.p2align 4,,15
  26              		.thumb
  27              		.thumb_func
  28              		.type	chprintf, %function
  29              	chprintf:
  30              	.LFB118:
  31              		.file 1 "../../../ChibiOS/os/various/chprintf.h"
  32              		.loc 1 69 0
  33              		.cfi_startproc
  34              		@ args = 4, pretend = 12, frame = 8
  35              		@ frame_needed = 0, uses_anonymous_args = 1
  36              	.LVL0:
  37 0000 0EB4     		push	{r1, r2, r3}
  38              	.LCFI0:
  39              		.cfi_def_cfa_offset 12
  40 0002 00B5     		push	{lr}
  41              	.LCFI1:
  42              		.cfi_def_cfa_offset 16
  43 0004 82B0     		sub	sp, sp, #8
  44              	.LCFI2:
  45              		.cfi_def_cfa_offset 24
  46              		.loc 1 69 0
  47 0006 03AB     		add	r3, sp, #12
  48              		.cfi_offset 14, -16
  49              		.cfi_offset 3, -4
  50              		.cfi_offset 2, -8
  51              		.cfi_offset 1, -12
  52 0008 53F8041B 		ldr	r1, [r3], #4
  53              		.loc 1 73 0
ARM GAS  C:\Users\DNIEL~1\AppData\Local\Temp\ccEnp3Ee.s 			page 2


  54 000c 1A46     		mov	r2, r3
  55              		.loc 1 72 0
  56 000e 0193     		str	r3, [sp, #4]
  57              		.loc 1 73 0
  58 0010 FFF7FEFF 		bl	chvprintf
  59              	.LVL1:
  60              		.loc 1 75 0
  61 0014 02B0     		add	sp, sp, #8
  62 0016 5DF804EB 		pop	{lr}
  63 001a 03B0     		add	sp, sp, #12
  64 001c 7047     		bx	lr
  65              		.cfi_endproc
  66              	.LFE118:
  67              		.size	chprintf, .-chprintf
  68 001e 00BF     		.section	.text.buttonInit,"ax",%progbits
  69              		.align	2
  70              		.p2align 4,,15
  71              		.global	buttonInit
  72              		.thumb
  73              		.thumb_func
  74              		.type	buttonInit, %function
  75              	buttonInit:
  76              	.LFB119:
  77              		.file 2 "src/button.c"
  78              		.loc 2 34 0
  79              		.cfi_startproc
  80              		@ args = 0, pretend = 0, frame = 0
  81              		@ frame_needed = 0, uses_anonymous_args = 0
  82              		@ link register save eliminated.
  83              		.loc 2 35 0
  84 0000 0649     		ldr	r1, .L3
  85              		.loc 2 36 0
  86 0002 0748     		ldr	r0, .L3+4
  87              		.loc 2 37 0
  88 0004 074A     		ldr	r2, .L3+8
  89              		.loc 2 35 0
  90 0006 0023     		movs	r3, #0
  91 0008 0B70     		strb	r3, [r1, #0]
  92              		.loc 2 36 0
  93 000a 0370     		strb	r3, [r0, #0]
  94              		.loc 2 37 0
  95 000c 1380     		strh	r3, [r2, #0]	@ movhi
  96              		.loc 2 38 0
  97 000e 0649     		ldr	r1, .L3+12
  98              		.loc 2 40 0
  99 0010 0648     		ldr	r0, .L3+16
 100              		.loc 2 41 0
 101 0012 074A     		ldr	r2, .L3+20
 102              		.loc 2 38 0
 103 0014 0B70     		strb	r3, [r1, #0]
 104              		.loc 2 40 0
 105 0016 0370     		strb	r3, [r0, #0]
 106              		.loc 2 41 0
 107 0018 1370     		strb	r3, [r2, #0]
 108              		.loc 2 42 0
 109 001a 7047     		bx	lr
 110              	.L4:
ARM GAS  C:\Users\DNIEL~1\AppData\Local\Temp\ccEnp3Ee.s 			page 3


 111              		.align	2
 112              	.L3:
 113 001c 00000000 		.word	.LANCHOR0
 114 0020 00000000 		.word	.LANCHOR1
 115 0024 00000000 		.word	.LANCHOR2
 116 0028 00000000 		.word	.LANCHOR3
 117 002c 00000000 		.word	.LANCHOR4
 118 0030 00000000 		.word	.LANCHOR5
 119              		.cfi_endproc
 120              	.LFE119:
 121              		.size	buttonInit, .-buttonInit
 122              		.global	__aeabi_ui2d
 123 0034 AFF30080 		.section	.text.buttonCalc,"ax",%progbits
 123      AFF30080 
 123      AFF30080 
 124              		.align	2
 125              		.p2align 4,,15
 126              		.global	buttonCalc
 127              		.thumb
 128              		.thumb_func
 129              		.type	buttonCalc, %function
 130              	buttonCalc:
 131              	.LFB120:
 132              		.loc 2 44 0
 133              		.cfi_startproc
 134              		@ args = 0, pretend = 0, frame = 0
 135              		@ frame_needed = 0, uses_anonymous_args = 0
 136 0000 2DE9F041 		push	{r4, r5, r6, r7, r8, lr}
 137              	.LCFI3:
 138              		.cfi_def_cfa_offset 24
 139              		.loc 2 47 0
 140 0004 0820     		movs	r0, #8
 141              		.cfi_offset 14, -4
 142              		.cfi_offset 8, -8
 143              		.cfi_offset 7, -12
 144              		.cfi_offset 6, -16
 145              		.cfi_offset 5, -20
 146              		.cfi_offset 4, -24
 147 0006 FFF7FEFF 		bl	dspGetValue
 148 000a 0446     		mov	r4, r0
 149 000c 20B9     		cbnz	r0, .L6
 150              		.loc 2 47 0 is_stmt 0 discriminator 1
 151 000e 894D     		ldr	r5, .L40
 152 0010 2B78     		ldrb	r3, [r5, #0]	@ zero_extendqisi2
 153 0012 002B     		cmp	r3, #0
 154 0014 40F0AC80 		bne	.L27
 155              	.L6:
 156              		.loc 2 59 0 is_stmt 1
 157 0018 0820     		movs	r0, #8
 158 001a FFF7FEFF 		bl	dspGetValue
 159 001e 0028     		cmp	r0, #0
 160 0020 40F09780 		bne	.L28
 161              	.L8:
 162              		.loc 2 65 0
 163 0024 0420     		movs	r0, #4
 164 0026 FFF7FEFF 		bl	dspGetValue
 165 002a 0446     		mov	r4, r0
ARM GAS  C:\Users\DNIEL~1\AppData\Local\Temp\ccEnp3Ee.s 			page 4


 166 002c 20B9     		cbnz	r0, .L9
 167              		.loc 2 65 0 is_stmt 0 discriminator 1
 168 002e 824D     		ldr	r5, .L40+4
 169 0030 2978     		ldrb	r1, [r5, #0]	@ zero_extendqisi2
 170 0032 0029     		cmp	r1, #0
 171 0034 40F0A580 		bne	.L29
 172              	.L9:
 173              		.loc 2 69 0 is_stmt 1
 174 0038 0420     		movs	r0, #4
 175 003a FFF7FEFF 		bl	dspGetValue
 176 003e 0028     		cmp	r0, #0
 177 0040 5BD1     		bne	.L11
 178              		.loc 2 69 0 is_stmt 0 discriminator 1
 179 0042 7D4B     		ldr	r3, .L40+4
 180 0044 1C78     		ldrb	r4, [r3, #0]	@ zero_extendqisi2
 181 0046 002C     		cmp	r4, #0
 182 0048 57D1     		bne	.L11
 183              		.loc 2 70 0 is_stmt 1
 184 004a 7C4A     		ldr	r2, .L40+8
 185 004c 1188     		ldrh	r1, [r2, #0]
 186 004e 481C     		adds	r0, r1, #1
 187 0050 1FFA80FC 		uxth	ip, r0
 188              		.loc 2 79 0
 189 0054 BCF1320F 		cmp	ip, #50
 190              		.loc 2 70 0
 191 0058 A2F800C0 		strh	ip, [r2, #0]	@ movhi
 192              		.loc 2 79 0
 193 005c 00F2CF80 		bhi	.L30
 194              	.L10:
 195              		.loc 2 97 0
 196 0060 0320     		movs	r0, #3
 197 0062 FFF7FEFF 		bl	dspGetValue
 198 0066 0446     		mov	r4, r0
 199 0068 20B9     		cbnz	r0, .L13
 200              		.loc 2 97 0 is_stmt 0 discriminator 1
 201 006a 754D     		ldr	r5, .L40+12
 202 006c 2878     		ldrb	r0, [r5, #0]	@ zero_extendqisi2
 203 006e 0028     		cmp	r0, #0
 204 0070 40F09180 		bne	.L31
 205              	.L13:
 206              		.loc 2 101 0 is_stmt 1
 207 0074 0320     		movs	r0, #3
 208 0076 FFF7FEFF 		bl	dspGetValue
 209 007a 0028     		cmp	r0, #0
 210 007c 4ED1     		bne	.L15
 211              		.loc 2 101 0 is_stmt 0 discriminator 1
 212 007e 704C     		ldr	r4, .L40+12
 213 0080 2178     		ldrb	r1, [r4, #0]	@ zero_extendqisi2
 214 0082 0029     		cmp	r1, #0
 215 0084 4AD1     		bne	.L15
 216              		.loc 2 102 0 is_stmt 1
 217 0086 6F4A     		ldr	r2, .L40+16
 218 0088 1088     		ldrh	r0, [r2, #0]
 219 008a 431C     		adds	r3, r0, #1
 220 008c 1FFA83FE 		uxth	lr, r3
 221              		.loc 2 110 0
 222 0090 BEF1320F 		cmp	lr, #50
ARM GAS  C:\Users\DNIEL~1\AppData\Local\Temp\ccEnp3Ee.s 			page 5


 223              		.loc 2 102 0
 224 0094 A2F800E0 		strh	lr, [r2, #0]	@ movhi
 225              		.loc 2 110 0
 226 0098 00F2AB80 		bhi	.L32
 227              	.L14:
 228              		.loc 2 129 0
 229 009c 6A49     		ldr	r1, .L40+20
 230 009e 0869     		ldr	r0, [r1, #16]
 231 00a0 C0F38004 		ubfx	r4, r0, #2, #1
 232 00a4 24B9     		cbnz	r4, .L17
 233              		.loc 2 129 0 is_stmt 0 discriminator 1
 234 00a6 694D     		ldr	r5, .L40+24
 235 00a8 2B78     		ldrb	r3, [r5, #0]	@ zero_extendqisi2
 236 00aa 002B     		cmp	r3, #0
 237 00ac 40F08780 		bne	.L33
 238              	.L17:
 239              		.loc 2 144 0 is_stmt 1
 240 00b0 6549     		ldr	r1, .L40+20
 241 00b2 0869     		ldr	r0, [r1, #16]
 242 00b4 10F0040F 		tst	r0, #4
 243 00b8 44D1     		bne	.L34
 244              	.L19:
 245              		.loc 2 152 0
 246 00ba 634A     		ldr	r2, .L40+20
 247 00bc 1169     		ldr	r1, [r2, #16]
 248 00be C1F3C004 		ubfx	r4, r1, #3, #1
 249 00c2 1CB9     		cbnz	r4, .L20
 250              		.loc 2 152 0 is_stmt 0 discriminator 1
 251 00c4 624D     		ldr	r5, .L40+28
 252 00c6 2B78     		ldrb	r3, [r5, #0]	@ zero_extendqisi2
 253 00c8 002B     		cmp	r3, #0
 254 00ca 6ED1     		bne	.L35
 255              	.L20:
 256              		.loc 2 163 0 is_stmt 1
 257 00cc 5E48     		ldr	r0, .L40+20
 258 00ce 0469     		ldr	r4, [r0, #16]
 259 00d0 14F0080F 		tst	r4, #8
 260 00d4 32D1     		bne	.L36
 261              	.L22:
 262              		.loc 2 169 0
 263 00d6 0520     		movs	r0, #5
 264 00d8 FFF7FEFF 		bl	dspGetValue
 265 00dc 0446     		mov	r4, r0
 266 00de 18B9     		cbnz	r0, .L23
 267              		.loc 2 169 0 is_stmt 0 discriminator 1
 268 00e0 5C4D     		ldr	r5, .L40+32
 269 00e2 2B78     		ldrb	r3, [r5, #0]	@ zero_extendqisi2
 270 00e4 002B     		cmp	r3, #0
 271 00e6 38D1     		bne	.L37
 272              	.L23:
 273              		.loc 2 181 0 is_stmt 1
 274 00e8 0520     		movs	r0, #5
 275 00ea FFF7FEFF 		bl	dspGetValue
 276 00ee 10B1     		cbz	r0, .L5
 277              		.loc 2 183 0
 278 00f0 5849     		ldr	r1, .L40+32
 279 00f2 0120     		movs	r0, #1
ARM GAS  C:\Users\DNIEL~1\AppData\Local\Temp\ccEnp3Ee.s 			page 6


 280 00f4 0870     		strb	r0, [r1, #0]
 281              	.L5:
 282 00f6 BDE8F081 		pop	{r4, r5, r6, r7, r8, pc}
 283              	.L11:
 284              		.loc 2 85 0
 285 00fa 0420     		movs	r0, #4
 286 00fc FFF7FEFF 		bl	dspGetValue
 287 0100 0028     		cmp	r0, #0
 288 0102 ADD0     		beq	.L10
 289              		.loc 2 87 0
 290 0104 544B     		ldr	r3, .L40+36
 291 0106 1A78     		ldrb	r2, [r3, #0]	@ zero_extendqisi2
 292 0108 002A     		cmp	r2, #0
 293 010a 40F08380 		bne	.L38
 294              	.L12:
 295              		.loc 2 92 0
 296 010e 4A4B     		ldr	r3, .L40+4
 297              		.loc 2 93 0
 298 0110 4A4C     		ldr	r4, .L40+8
 299              		.loc 2 92 0
 300 0112 0122     		movs	r2, #1
 301              		.loc 2 93 0
 302 0114 0021     		movs	r1, #0
 303              		.loc 2 92 0
 304 0116 1A70     		strb	r2, [r3, #0]
 305              		.loc 2 93 0
 306 0118 2180     		strh	r1, [r4, #0]	@ movhi
 307 011a A1E7     		b	.L10
 308              	.L15:
 309              		.loc 2 116 0
 310 011c 0320     		movs	r0, #3
 311 011e FFF7FEFF 		bl	dspGetValue
 312 0122 0028     		cmp	r0, #0
 313 0124 BAD0     		beq	.L14
 314              		.loc 2 118 0
 315 0126 4D4B     		ldr	r3, .L40+40
 316 0128 1A78     		ldrb	r2, [r3, #0]	@ zero_extendqisi2
 317 012a 002A     		cmp	r2, #0
 318 012c 6DD1     		bne	.L39
 319              	.L16:
 320              		.loc 2 123 0
 321 012e 444A     		ldr	r2, .L40+12
 322              		.loc 2 124 0
 323 0130 444B     		ldr	r3, .L40+16
 324              		.loc 2 123 0
 325 0132 0124     		movs	r4, #1
 326              		.loc 2 124 0
 327 0134 0021     		movs	r1, #0
 328              		.loc 2 123 0
 329 0136 1470     		strb	r4, [r2, #0]
 330              		.loc 2 124 0
 331 0138 1980     		strh	r1, [r3, #0]	@ movhi
 332 013a AFE7     		b	.L14
 333              	.L36:
 334              		.loc 2 165 0
 335 013c 444A     		ldr	r2, .L40+28
 336 013e 0121     		movs	r1, #1
ARM GAS  C:\Users\DNIEL~1\AppData\Local\Temp\ccEnp3Ee.s 			page 7


 337 0140 1170     		strb	r1, [r2, #0]
 338 0142 C8E7     		b	.L22
 339              	.L34:
 340              		.loc 2 146 0
 341 0144 4148     		ldr	r0, .L40+24
 342              		.loc 2 147 0
 343 0146 464B     		ldr	r3, .L40+44
 344              		.loc 2 146 0
 345 0148 0124     		movs	r4, #1
 346              		.loc 2 147 0
 347 014a 0422     		movs	r2, #4
 348              		.loc 2 146 0
 349 014c 0470     		strb	r4, [r0, #0]
 350              		.loc 2 147 0
 351 014e 1A70     		strb	r2, [r3, #0]
 352 0150 B3E7     		b	.L19
 353              	.L28:
 354              		.loc 2 61 0
 355 0152 3848     		ldr	r0, .L40
 356 0154 0122     		movs	r2, #1
 357 0156 0270     		strb	r2, [r0, #0]
 358 0158 64E7     		b	.L8
 359              	.L37:
 360              	.LBB2:
 361              		.loc 2 170 0
 362 015a 0520     		movs	r0, #5
 363 015c FFF7FEFF 		bl	getLightFlashing
 364 0160 0646     		mov	r6, r0
 365 0162 0028     		cmp	r0, #0
 366 0164 40D0     		beq	.L24
 367              	.LBB3:
 368              		.loc 2 172 0
 369 0166 FFF7FEFF 		bl	lightPosLampOff
 370              		.loc 2 173 0
 371 016a 2C70     		strb	r4, [r5, #0]
 372 016c BDE8F081 		pop	{r4, r5, r6, r7, r8, pc}
 373              	.L27:
 374              	.LBE3:
 375              	.LBE2:
 376              		.loc 2 48 0
 377 0170 FFF7FEFF 		bl	cruiseStatus
 378 0174 0646     		mov	r6, r0
 379 0176 0028     		cmp	r0, #0
 380 0178 32D0     		beq	.L7
 381              		.loc 2 50 0
 382 017a FFF7FEFF 		bl	cruiseDisable
 383              		.loc 2 51 0
 384 017e 2C70     		strb	r4, [r5, #0]
 385 0180 50E7     		b	.L8
 386              	.L29:
 387              		.loc 2 66 0
 388 0182 3849     		ldr	r1, .L40+48
 389 0184 0020     		movs	r0, #0
 390 0186 FFF7FEFF 		bl	speedKMPH_TO_RPM
 391 018a FFF7FEFF 		bl	__aeabi_ui2d
 392 018e FFF7FEFF 		bl	cruiseIncrease
 393              		.loc 2 67 0
ARM GAS  C:\Users\DNIEL~1\AppData\Local\Temp\ccEnp3Ee.s 			page 8


 394 0192 2C70     		strb	r4, [r5, #0]
 395 0194 64E7     		b	.L10
 396              	.L31:
 397              		.loc 2 98 0
 398 0196 3349     		ldr	r1, .L40+48
 399 0198 0020     		movs	r0, #0
 400 019a FFF7FEFF 		bl	speedKMPH_TO_RPM
 401 019e FFF7FEFF 		bl	__aeabi_ui2d
 402 01a2 FFF7FEFF 		bl	cruiseReduction
 403              		.loc 2 99 0
 404 01a6 2C70     		strb	r4, [r5, #0]
 405 01a8 78E7     		b	.L14
 406              	.L35:
 407              	.LBB5:
 408              		.loc 2 153 0
 409 01aa 0320     		movs	r0, #3
 410 01ac FFF7FEFF 		bl	getLightFlashing
 411 01b0 0028     		cmp	r0, #0
 412 01b2 3BD0     		beq	.L21
 413              	.LBB6:
 414              		.loc 2 155 0
 415 01b4 2046     		mov	r0, r4
 416 01b6 FFF7FEFF 		bl	lightFlashing
 417              		.loc 2 156 0
 418 01ba 2C70     		strb	r4, [r5, #0]
 419 01bc 8BE7     		b	.L22
 420              	.L33:
 421              	.LBE6:
 422              	.LBE5:
 423              	.LBB8:
 424              		.loc 2 130 0
 425 01be 284E     		ldr	r6, .L40+44
 426 01c0 4FF00108 		mov	r8, #1
 427              		.loc 2 131 0
 428 01c4 0220     		movs	r0, #2
 429              		.loc 2 130 0
 430 01c6 86F80080 		strb	r8, [r6, #0]
 431              		.loc 2 131 0
 432 01ca FFF7FEFF 		bl	getLightFlashing
 433 01ce 0746     		mov	r7, r0
 434 01d0 28B3     		cbz	r0, .L18
 435              	.LBB9:
 436              		.loc 2 133 0
 437 01d2 0222     		movs	r2, #2
 438              		.loc 2 134 0
 439 01d4 2046     		mov	r0, r4
 440              		.loc 2 133 0
 441 01d6 3270     		strb	r2, [r6, #0]
 442              		.loc 2 134 0
 443 01d8 FFF7FEFF 		bl	lightFlashing
 444              		.loc 2 135 0
 445 01dc 2C70     		strb	r4, [r5, #0]
 446 01de 6CE7     		b	.L19
 447              	.L7:
 448              	.LBE9:
 449              	.LBE8:
 450              		.loc 2 55 0
ARM GAS  C:\Users\DNIEL~1\AppData\Local\Temp\ccEnp3Ee.s 			page 9


 451 01e0 FFF7FEFF 		bl	cruiseEnable
 452              		.loc 2 56 0
 453 01e4 2E70     		strb	r6, [r5, #0]
 454 01e6 1DE7     		b	.L8
 455              	.L24:
 456              	.LBB11:
 457              	.LBB4:
 458              		.loc 2 177 0
 459 01e8 FFF7FEFF 		bl	lightPosLampOn
 460              		.loc 2 178 0
 461 01ec 2E70     		strb	r6, [r5, #0]
 462 01ee BDE8F081 		pop	{r4, r5, r6, r7, r8, pc}
 463              	.L32:
 464              	.LBE4:
 465              	.LBE11:
 466              		.loc 2 113 0
 467 01f2 1A4C     		ldr	r4, .L40+40
 468              		.loc 2 112 0
 469 01f4 FFF7FEFF 		bl	cruiseDecelerat
 470              		.loc 2 113 0
 471 01f8 0121     		movs	r1, #1
 472 01fa 2170     		strb	r1, [r4, #0]
 473 01fc 4EE7     		b	.L14
 474              	.L30:
 475              		.loc 2 81 0
 476 01fe FFF7FEFF 		bl	cruiseAccel
 477              		.loc 2 82 0
 478 0202 154B     		ldr	r3, .L40+36
 479 0204 0124     		movs	r4, #1
 480 0206 1C70     		strb	r4, [r3, #0]
 481 0208 2AE7     		b	.L10
 482              	.L39:
 483              		.loc 2 120 0
 484 020a 0020     		movs	r0, #0
 485 020c 1870     		strb	r0, [r3, #0]
 486              		.loc 2 121 0
 487 020e FFF7FEFF 		bl	cruiseDeceleratOk
 488 0212 8CE7     		b	.L16
 489              	.L38:
 490              		.loc 2 89 0
 491 0214 0020     		movs	r0, #0
 492 0216 1870     		strb	r0, [r3, #0]
 493              		.loc 2 90 0
 494 0218 FFF7FEFF 		bl	cruiseAccelOk
 495 021c 77E7     		b	.L12
 496              	.L18:
 497              	.LBB12:
 498              	.LBB10:
 499              		.loc 2 139 0
 500 021e 4046     		mov	r0, r8
 501              		.loc 2 141 0
 502 0220 0324     		movs	r4, #3
 503              		.loc 2 139 0
 504 0222 FFF7FEFF 		bl	lightFlashing
 505              		.loc 2 140 0
 506 0226 2F70     		strb	r7, [r5, #0]
 507              		.loc 2 141 0
ARM GAS  C:\Users\DNIEL~1\AppData\Local\Temp\ccEnp3Ee.s 			page 10


 508 0228 3470     		strb	r4, [r6, #0]
 509 022a 46E7     		b	.L19
 510              	.L21:
 511              	.LBE10:
 512              	.LBE12:
 513              	.LBB13:
 514              	.LBB7:
 515              		.loc 2 160 0
 516 022c 0220     		movs	r0, #2
 517 022e FFF7FEFF 		bl	lightFlashing
 518 0232 50E7     		b	.L22
 519              	.L41:
 520              		.align	2
 521              	.L40:
 522 0234 00000000 		.word	.LANCHOR0
 523 0238 00000000 		.word	.LANCHOR1
 524 023c 00000000 		.word	.LANCHOR2
 525 0240 00000000 		.word	.LANCHOR3
 526 0244 00000000 		.word	.LANCHOR6
 527 0248 00000240 		.word	1073872896
 528 024c 00000000 		.word	.LANCHOR8
 529 0250 00000000 		.word	.LANCHOR10
 530 0254 00000000 		.word	.LANCHOR4
 531 0258 00000000 		.word	.LANCHOR5
 532 025c 00000000 		.word	.LANCHOR7
 533 0260 00000000 		.word	.LANCHOR9
 534 0264 0000F03F 		.word	1072693248
 535              	.LBE7:
 536              	.LBE13:
 537              		.cfi_endproc
 538              	.LFE120:
 539              		.size	buttonCalc, .-buttonCalc
 540 0268 AFF30080 		.section	.text.cmd_buttonvalues,"ax",%progbits
 540      AFF30080 
 541              		.align	2
 542              		.p2align 4,,15
 543              		.global	cmd_buttonvalues
 544              		.thumb
 545              		.thumb_func
 546              		.type	cmd_buttonvalues, %function
 547              	cmd_buttonvalues:
 548              	.LFB121:
 549              		.loc 2 187 0
 550              		.cfi_startproc
 551              		@ args = 0, pretend = 0, frame = 0
 552              		@ frame_needed = 0, uses_anonymous_args = 0
 553              	.LVL2:
 554 0000 F8B5     		push	{r3, r4, r5, r6, r7, lr}
 555              	.LCFI4:
 556              		.cfi_def_cfa_offset 24
 557              		.loc 2 192 0
 558 0002 3849     		ldr	r1, .L45
 559              	.LVL3:
 560              		.loc 2 201 0
 561 0004 384F     		ldr	r7, .L45+4
 562              		.cfi_offset 14, -4
 563              		.cfi_offset 7, -8
ARM GAS  C:\Users\DNIEL~1\AppData\Local\Temp\ccEnp3Ee.s 			page 11


 564              		.cfi_offset 6, -12
 565              		.cfi_offset 5, -16
 566              		.cfi_offset 4, -20
 567              		.cfi_offset 3, -24
 568 0006 394E     		ldr	r6, .L45+8
 569              		.loc 2 202 0
 570 0008 394D     		ldr	r5, .L45+12
 571              		.loc 2 187 0
 572 000a 0446     		mov	r4, r0
 573              		.loc 2 192 0
 574 000c FFF7FEFF 		bl	chprintf
 575              	.LVL4:
 576              		.loc 2 193 0
 577 0010 2046     		mov	r0, r4
 578 0012 3849     		ldr	r1, .L45+16
 579 0014 FFF7FEFF 		bl	chprintf
 580              		.loc 2 194 0
 581 0018 5BE0     		b	.L43
 582              	.LVL5:
 583              	.L44:
 584              		.loc 2 195 0
 585 001a 0022     		movs	r2, #0
 586 001c 1346     		mov	r3, r2
 587 001e 3649     		ldr	r1, .L45+20
 588 0020 2046     		mov	r0, r4
 589 0022 FFF7FEFF 		bl	chprintf
 590              		.loc 2 196 0
 591 0026 3549     		ldr	r1, .L45+24
 592 0028 2046     		mov	r0, r4
 593 002a FFF7FEFF 		bl	chprintf
 594              	.LVL6:
 595              		.loc 2 198 0
 596 002e 0120     		movs	r0, #1
 597 0030 FFF7FEFF 		bl	dspGetValue
 598 0034 3249     		ldr	r1, .L45+28
 599 0036 0246     		mov	r2, r0
 600 0038 2046     		mov	r0, r4
 601 003a FFF7FEFF 		bl	chprintf
 602              	.LVL7:
 603 003e 0220     		movs	r0, #2
 604 0040 FFF7FEFF 		bl	dspGetValue
 605 0044 2E49     		ldr	r1, .L45+28
 606 0046 0246     		mov	r2, r0
 607 0048 2046     		mov	r0, r4
 608 004a FFF7FEFF 		bl	chprintf
 609              	.LVL8:
 610 004e 0320     		movs	r0, #3
 611 0050 FFF7FEFF 		bl	dspGetValue
 612 0054 2A49     		ldr	r1, .L45+28
 613 0056 0246     		mov	r2, r0
 614 0058 2046     		mov	r0, r4
 615 005a FFF7FEFF 		bl	chprintf
 616              	.LVL9:
 617 005e 0420     		movs	r0, #4
 618 0060 FFF7FEFF 		bl	dspGetValue
 619 0064 2649     		ldr	r1, .L45+28
 620 0066 0246     		mov	r2, r0
ARM GAS  C:\Users\DNIEL~1\AppData\Local\Temp\ccEnp3Ee.s 			page 12


 621 0068 2046     		mov	r0, r4
 622 006a FFF7FEFF 		bl	chprintf
 623              	.LVL10:
 624 006e 0520     		movs	r0, #5
 625 0070 FFF7FEFF 		bl	dspGetValue
 626 0074 2249     		ldr	r1, .L45+28
 627 0076 0246     		mov	r2, r0
 628 0078 2046     		mov	r0, r4
 629 007a FFF7FEFF 		bl	chprintf
 630              	.LVL11:
 631 007e 0620     		movs	r0, #6
 632 0080 FFF7FEFF 		bl	dspGetValue
 633 0084 1E49     		ldr	r1, .L45+28
 634 0086 0246     		mov	r2, r0
 635 0088 2046     		mov	r0, r4
 636 008a FFF7FEFF 		bl	chprintf
 637              	.LVL12:
 638 008e 0720     		movs	r0, #7
 639 0090 FFF7FEFF 		bl	dspGetValue
 640 0094 1A49     		ldr	r1, .L45+28
 641 0096 0246     		mov	r2, r0
 642 0098 2046     		mov	r0, r4
 643 009a FFF7FEFF 		bl	chprintf
 644              	.LVL13:
 645 009e 0820     		movs	r0, #8
 646 00a0 FFF7FEFF 		bl	dspGetValue
 647 00a4 1649     		ldr	r1, .L45+28
 648 00a6 0246     		mov	r2, r0
 649 00a8 2046     		mov	r0, r4
 650 00aa FFF7FEFF 		bl	chprintf
 651              	.LVL14:
 652              		.loc 2 200 0
 653 00ae 2046     		mov	r0, r4
 654 00b0 1449     		ldr	r1, .L45+32
 655 00b2 FFF7FEFF 		bl	chprintf
 656              		.loc 2 201 0
 657 00b6 2046     		mov	r0, r4
 658 00b8 1349     		ldr	r1, .L45+36
 659 00ba 3A78     		ldrb	r2, [r7, #0]	@ zero_extendqisi2
 660 00bc 3378     		ldrb	r3, [r6, #0]	@ zero_extendqisi2
 661 00be FFF7FEFF 		bl	chprintf
 662              		.loc 2 202 0
 663 00c2 2046     		mov	r0, r4
 664 00c4 1149     		ldr	r1, .L45+40
 665 00c6 2A78     		ldrb	r2, [r5, #0]	@ zero_extendqisi2
 666 00c8 FFF7FEFF 		bl	chprintf
 667              		.loc 2 203 0
 668 00cc 6420     		movs	r0, #100
 669 00ce FFF7FEFF 		bl	chThdSleep
 670              	.LVL15:
 671              	.L43:
 672              		.loc 2 194 0 discriminator 1
 673 00d2 2168     		ldr	r1, [r4, #0]
 674 00d4 2046     		mov	r0, r4
 675 00d6 4B69     		ldr	r3, [r1, #20]
 676 00d8 0021     		movs	r1, #0
 677 00da 9847     		blx	r3
ARM GAS  C:\Users\DNIEL~1\AppData\Local\Temp\ccEnp3Ee.s 			page 13


 678 00dc B0F1FF3F 		cmp	r0, #-1
 679 00e0 9BD0     		beq	.L44
 680              		.loc 2 205 0
 681 00e2 F8BD     		pop	{r3, r4, r5, r6, r7, pc}
 682              	.L46:
 683              		.align	2
 684              	.L45:
 685 00e4 00000000 		.word	.LC0
 686 00e8 00000000 		.word	.LANCHOR8
 687 00ec 00000000 		.word	.LANCHOR10
 688 00f0 00000000 		.word	.LANCHOR9
 689 00f4 04000000 		.word	.LC1
 690 00f8 0C000000 		.word	.LC2
 691 00fc 18000000 		.word	.LC3
 692 0100 28000000 		.word	.LC4
 693 0104 2C000000 		.word	.LC5
 694 0108 30000000 		.word	.LC6
 695 010c 48000000 		.word	.LC7
 696              		.cfi_endproc
 697              	.LFE121:
 698              		.size	cmd_buttonvalues, .-cmd_buttonvalues
 699              		.section	.bss.cruise_long_plusz,"aw",%nobits
 700              		.align	1
 701              		.set	.LANCHOR2,. + 0
 702              		.type	cruise_long_plusz, %object
 703              		.size	cruise_long_plusz, 2
 704              	cruise_long_plusz:
 705 0000 0000     		.space	2
 706              		.section	.bss.index_left,"aw",%nobits
 707              		.set	.LANCHOR10,. + 0
 708              		.type	index_left, %object
 709              		.size	index_left, 1
 710              	index_left:
 711 0000 00       		.space	1
 712              		.section	.bss.button_decelerat,"aw",%nobits
 713              		.set	.LANCHOR7,. + 0
 714              		.type	button_decelerat, %object
 715              		.size	button_decelerat, 1
 716              	button_decelerat:
 717 0000 00       		.space	1
 718              		.section	.bss.seged,"aw",%nobits
 719              		.set	.LANCHOR9,. + 0
 720              		.type	seged, %object
 721              		.size	seged, 1
 722              	seged:
 723 0000 00       		.space	1
 724              		.section	.bss.lamp_ok,"aw",%nobits
 725              		.set	.LANCHOR4,. + 0
 726              		.type	lamp_ok, %object
 727              		.size	lamp_ok, 1
 728              	lamp_ok:
 729 0000 00       		.space	1
 730              		.section	.bss.button_accel,"aw",%nobits
 731              		.set	.LANCHOR5,. + 0
 732              		.type	button_accel, %object
 733              		.size	button_accel, 1
 734              	button_accel:
ARM GAS  C:\Users\DNIEL~1\AppData\Local\Temp\ccEnp3Ee.s 			page 14


 735 0000 00       		.space	1
 736              		.section	.rodata.str1.4,"aMS",%progbits,1
 737              		.align	2
 738              	.LC0:
 739 0000 1B6300   		.ascii	"\033c\000"
 740 0003 00       		.space	1
 741              	.LC1:
 742 0004 1B5B324A 		.ascii	"\033[2J\000"
 742      00
 743 0009 000000   		.space	3
 744              	.LC2:
 745 000c 1B5B2564 		.ascii	"\033[%d;%dH\000"
 745      3B256448 
 745      00
 746 0015 000000   		.space	3
 747              	.LC3:
 748 0018 6275735F 		.ascii	"bus_status: \000"
 748      73746174 
 748      75733A20 
 748      00
 749 0025 000000   		.space	3
 750              	.LC4:
 751 0028 25642000 		.ascii	"%d \000"
 752              	.LC5:
 753 002c 0D0A00   		.ascii	"\015\012\000"
 754 002f 00       		.space	1
 755              	.LC6:
 756 0030 72696768 		.ascii	"right: %d left: %d \015\012\000"
 756      743A2025 
 756      64206C65 
 756      66743A20 
 756      2564200D 
 757 0046 0000     		.space	2
 758              	.LC7:
 759 0048 73656765 		.ascii	"seged: %d \015\012\000"
 759      643A2025 
 759      64200D0A 
 759      00
 760 0055 000000   		.section	.bss.cruise_minusz,"aw",%nobits
 761              		.set	.LANCHOR3,. + 0
 762              		.type	cruise_minusz, %object
 763              		.size	cruise_minusz, 1
 764              	cruise_minusz:
 765 0000 00       		.space	1
 766              		.section	.bss.cruise_long_minusz,"aw",%nobits
 767              		.align	1
 768              		.set	.LANCHOR6,. + 0
 769              		.type	cruise_long_minusz, %object
 770              		.size	cruise_long_minusz, 2
 771              	cruise_long_minusz:
 772 0000 0000     		.space	2
 773              		.section	.bss.cruise_ok,"aw",%nobits
 774              		.set	.LANCHOR0,. + 0
 775              		.type	cruise_ok, %object
 776              		.size	cruise_ok, 1
 777              	cruise_ok:
 778 0000 00       		.space	1
ARM GAS  C:\Users\DNIEL~1\AppData\Local\Temp\ccEnp3Ee.s 			page 15


 779              		.section	.bss.cruise_plusz,"aw",%nobits
 780              		.set	.LANCHOR1,. + 0
 781              		.type	cruise_plusz, %object
 782              		.size	cruise_plusz, 1
 783              	cruise_plusz:
 784 0000 00       		.space	1
 785              		.section	.bss.index_right,"aw",%nobits
 786              		.set	.LANCHOR8,. + 0
 787              		.type	index_right, %object
 788              		.size	index_right, 1
 789              	index_right:
 790 0000 00       		.space	1
 791              		.text
 792              	.Letext0:
 793              		.section	.debug_loc,"",%progbits
 794              	.Ldebug_loc0:
 795              	.LLST0:
 796 0000 00000000 		.4byte	.LFB118
 797 0004 02000000 		.4byte	.LCFI0
 798 0008 0200     		.2byte	0x2
 799 000a 7D       		.byte	0x7d
 800 000b 00       		.sleb128 0
 801 000c 02000000 		.4byte	.LCFI0
 802 0010 04000000 		.4byte	.LCFI1
 803 0014 0200     		.2byte	0x2
 804 0016 7D       		.byte	0x7d
 805 0017 0C       		.sleb128 12
 806 0018 04000000 		.4byte	.LCFI1
 807 001c 06000000 		.4byte	.LCFI2
 808 0020 0200     		.2byte	0x2
 809 0022 7D       		.byte	0x7d
 810 0023 10       		.sleb128 16
 811 0024 06000000 		.4byte	.LCFI2
 812 0028 1E000000 		.4byte	.LFE118
 813 002c 0200     		.2byte	0x2
 814 002e 7D       		.byte	0x7d
 815 002f 18       		.sleb128 24
 816 0030 00000000 		.4byte	0x0
 817 0034 00000000 		.4byte	0x0
 818              	.LLST1:
 819 0038 00000000 		.4byte	.LVL0
 820 003c 13000000 		.4byte	.LVL1-1
 821 0040 0100     		.2byte	0x1
 822 0042 50       		.byte	0x50
 823 0043 00000000 		.4byte	0x0
 824 0047 00000000 		.4byte	0x0
 825              	.LLST2:
 826 004b 00000000 		.4byte	.LFB120
 827 004f 04000000 		.4byte	.LCFI3
 828 0053 0200     		.2byte	0x2
 829 0055 7D       		.byte	0x7d
 830 0056 00       		.sleb128 0
 831 0057 04000000 		.4byte	.LCFI3
 832 005b 68020000 		.4byte	.LFE120
 833 005f 0200     		.2byte	0x2
 834 0061 7D       		.byte	0x7d
 835 0062 18       		.sleb128 24
ARM GAS  C:\Users\DNIEL~1\AppData\Local\Temp\ccEnp3Ee.s 			page 16


 836 0063 00000000 		.4byte	0x0
 837 0067 00000000 		.4byte	0x0
 838              	.LLST3:
 839 006b 00000000 		.4byte	.LFB121
 840 006f 02000000 		.4byte	.LCFI4
 841 0073 0200     		.2byte	0x2
 842 0075 7D       		.byte	0x7d
 843 0076 00       		.sleb128 0
 844 0077 02000000 		.4byte	.LCFI4
 845 007b 10010000 		.4byte	.LFE121
 846 007f 0200     		.2byte	0x2
 847 0081 7D       		.byte	0x7d
 848 0082 18       		.sleb128 24
 849 0083 00000000 		.4byte	0x0
 850 0087 00000000 		.4byte	0x0
 851              	.LLST4:
 852 008b 00000000 		.4byte	.LVL2
 853 008f 0F000000 		.4byte	.LVL4-1
 854 0093 0100     		.2byte	0x1
 855 0095 50       		.byte	0x50
 856 0096 0F000000 		.4byte	.LVL4-1
 857 009a 10010000 		.4byte	.LFE121
 858 009e 0100     		.2byte	0x1
 859 00a0 54       		.byte	0x54
 860 00a1 00000000 		.4byte	0x0
 861 00a5 00000000 		.4byte	0x0
 862              	.LLST5:
 863 00a9 00000000 		.4byte	.LVL2
 864 00ad 04000000 		.4byte	.LVL3
 865 00b1 0100     		.2byte	0x1
 866 00b3 51       		.byte	0x51
 867 00b4 00000000 		.4byte	0x0
 868 00b8 00000000 		.4byte	0x0
 869              	.LLST6:
 870 00bc 00000000 		.4byte	.LVL2
 871 00c0 0F000000 		.4byte	.LVL4-1
 872 00c4 0100     		.2byte	0x1
 873 00c6 52       		.byte	0x52
 874 00c7 00000000 		.4byte	0x0
 875 00cb 00000000 		.4byte	0x0
 876              	.LLST7:
 877 00cf 00000000 		.4byte	.LVL2
 878 00d3 1A000000 		.4byte	.LVL5
 879 00d7 0200     		.2byte	0x2
 880 00d9 30       		.byte	0x30
 881 00da 9F       		.byte	0x9f
 882 00db 2E000000 		.4byte	.LVL6
 883 00df 3E000000 		.4byte	.LVL7
 884 00e3 0200     		.2byte	0x2
 885 00e5 31       		.byte	0x31
 886 00e6 9F       		.byte	0x9f
 887 00e7 3E000000 		.4byte	.LVL7
 888 00eb 4E000000 		.4byte	.LVL8
 889 00ef 0200     		.2byte	0x2
 890 00f1 32       		.byte	0x32
 891 00f2 9F       		.byte	0x9f
 892 00f3 4E000000 		.4byte	.LVL8
ARM GAS  C:\Users\DNIEL~1\AppData\Local\Temp\ccEnp3Ee.s 			page 17


 893 00f7 5E000000 		.4byte	.LVL9
 894 00fb 0200     		.2byte	0x2
 895 00fd 33       		.byte	0x33
 896 00fe 9F       		.byte	0x9f
 897 00ff 5E000000 		.4byte	.LVL9
 898 0103 6E000000 		.4byte	.LVL10
 899 0107 0200     		.2byte	0x2
 900 0109 34       		.byte	0x34
 901 010a 9F       		.byte	0x9f
 902 010b 6E000000 		.4byte	.LVL10
 903 010f 7E000000 		.4byte	.LVL11
 904 0113 0200     		.2byte	0x2
 905 0115 35       		.byte	0x35
 906 0116 9F       		.byte	0x9f
 907 0117 7E000000 		.4byte	.LVL11
 908 011b 8E000000 		.4byte	.LVL12
 909 011f 0200     		.2byte	0x2
 910 0121 36       		.byte	0x36
 911 0122 9F       		.byte	0x9f
 912 0123 8E000000 		.4byte	.LVL12
 913 0127 9E000000 		.4byte	.LVL13
 914 012b 0200     		.2byte	0x2
 915 012d 37       		.byte	0x37
 916 012e 9F       		.byte	0x9f
 917 012f 9E000000 		.4byte	.LVL13
 918 0133 AE000000 		.4byte	.LVL14
 919 0137 0200     		.2byte	0x2
 920 0139 38       		.byte	0x38
 921 013a 9F       		.byte	0x9f
 922 013b AE000000 		.4byte	.LVL14
 923 013f D2000000 		.4byte	.LVL15
 924 0143 0200     		.2byte	0x2
 925 0145 39       		.byte	0x39
 926 0146 9F       		.byte	0x9f
 927 0147 00000000 		.4byte	0x0
 928 014b 00000000 		.4byte	0x0
 929              		.file 3 "c:\\program files (x86)\\codesourcery\\sourcery g++ lite\\bin\\../lib/gcc/arm-none-eabi/4
 930              		.file 4 "c:\\program files (x86)\\codesourcery\\sourcery g++ lite\\bin\\../lib/gcc/arm-none-eabi/4
 931              		.file 5 "../../../ChibiOS/os/ports/GCC/ARMCMx/chtypes.h"
 932              		.file 6 "../../../ChibiOS/os/kernel/include/chstreams.h"
 933              		.file 7 "../../../ChibiOS/os/hal/include/io_channel.h"
 934              		.file 8 "../../../ChibiOS/os/hal/platforms/STM32/GPIOv2/pal_lld.h"
 935              		.file 9 "c:\\program files (x86)\\codesourcery\\sourcery g++ lite\\bin\\../lib/gcc/arm-none-eabi/4
 936              		.file 10 "<built-in>"
 937              		.file 11 "../../../ChibiOS/os/ports/common/ARMCMx/CMSIS/include/core_cm4.h"
 938              		.section	.debug_info
 939 0000 D0060000 		.4byte	0x6d0
 940 0004 0200     		.2byte	0x2
 941 0006 00000000 		.4byte	.Ldebug_abbrev0
 942 000a 04       		.byte	0x4
 943 000b 01       		.uleb128 0x1
 944 000c 7A020000 		.4byte	.LASF64
 945 0010 01       		.byte	0x1
 946 0011 43010000 		.4byte	.LASF65
 947 0015 68000000 		.4byte	.LASF66
 948 0019 00000000 		.4byte	0x0
 949 001d 00000000 		.4byte	0x0
ARM GAS  C:\Users\DNIEL~1\AppData\Local\Temp\ccEnp3Ee.s 			page 18


 950 0021 48000000 		.4byte	.Ldebug_ranges0+0x48
 951 0025 00000000 		.4byte	.Ldebug_line0
 952 0029 02       		.uleb128 0x2
 953 002a 04       		.byte	0x4
 954 002b 05       		.byte	0x5
 955 002c 696E7400 		.ascii	"int\000"
 956 0030 03       		.uleb128 0x3
 957 0031 41000000 		.4byte	.LASF1
 958 0035 03       		.byte	0x3
 959 0036 D3       		.byte	0xd3
 960 0037 3B000000 		.4byte	0x3b
 961 003b 04       		.uleb128 0x4
 962 003c 04       		.byte	0x4
 963 003d 07       		.byte	0x7
 964 003e DB010000 		.4byte	.LASF0
 965 0042 03       		.uleb128 0x3
 966 0043 30000000 		.4byte	.LASF2
 967 0047 04       		.byte	0x4
 968 0048 29       		.byte	0x29
 969 0049 4D000000 		.4byte	0x4d
 970 004d 04       		.uleb128 0x4
 971 004e 01       		.byte	0x1
 972 004f 06       		.byte	0x6
 973 0050 AF010000 		.4byte	.LASF3
 974 0054 03       		.uleb128 0x3
 975 0055 D9000000 		.4byte	.LASF4
 976 0059 04       		.byte	0x4
 977 005a 2A       		.byte	0x2a
 978 005b 5F000000 		.4byte	0x5f
 979 005f 04       		.uleb128 0x4
 980 0060 01       		.byte	0x1
 981 0061 08       		.byte	0x8
 982 0062 7D010000 		.4byte	.LASF5
 983 0066 04       		.uleb128 0x4
 984 0067 02       		.byte	0x2
 985 0068 05       		.byte	0x5
 986 0069 37000000 		.4byte	.LASF6
 987 006d 03       		.uleb128 0x3
 988 006e ED010000 		.4byte	.LASF7
 989 0072 04       		.byte	0x4
 990 0073 36       		.byte	0x36
 991 0074 78000000 		.4byte	0x78
 992 0078 04       		.uleb128 0x4
 993 0079 02       		.byte	0x2
 994 007a 07       		.byte	0x7
 995 007b 05020000 		.4byte	.LASF8
 996 007f 03       		.uleb128 0x3
 997 0080 2D020000 		.4byte	.LASF9
 998 0084 04       		.byte	0x4
 999 0085 4F       		.byte	0x4f
 1000 0086 8A000000 		.4byte	0x8a
 1001 008a 04       		.uleb128 0x4
 1002 008b 04       		.byte	0x4
 1003 008c 05       		.byte	0x5
 1004 008d 29010000 		.4byte	.LASF10
 1005 0091 03       		.uleb128 0x3
 1006 0092 D2010000 		.4byte	.LASF11
ARM GAS  C:\Users\DNIEL~1\AppData\Local\Temp\ccEnp3Ee.s 			page 19


 1007 0096 04       		.byte	0x4
 1008 0097 50       		.byte	0x50
 1009 0098 9C000000 		.4byte	0x9c
 1010 009c 04       		.uleb128 0x4
 1011 009d 04       		.byte	0x4
 1012 009e 07       		.byte	0x7
 1013 009f 5D020000 		.4byte	.LASF12
 1014 00a3 04       		.uleb128 0x4
 1015 00a4 08       		.byte	0x8
 1016 00a5 05       		.byte	0x5
 1017 00a6 0B010000 		.4byte	.LASF13
 1018 00aa 04       		.uleb128 0x4
 1019 00ab 08       		.byte	0x8
 1020 00ac 07       		.byte	0x7
 1021 00ad BB010000 		.4byte	.LASF14
 1022 00b1 03       		.uleb128 0x3
 1023 00b2 35020000 		.4byte	.LASF15
 1024 00b6 05       		.byte	0x5
 1025 00b7 2B       		.byte	0x2b
 1026 00b8 BC000000 		.4byte	0xbc
 1027 00bc 04       		.uleb128 0x4
 1028 00bd 01       		.byte	0x1
 1029 00be 02       		.byte	0x2
 1030 00bf 46020000 		.4byte	.LASF16
 1031 00c3 03       		.uleb128 0x3
 1032 00c4 E3020000 		.4byte	.LASF17
 1033 00c8 05       		.byte	0x5
 1034 00c9 31       		.byte	0x31
 1035 00ca 7F000000 		.4byte	0x7f
 1036 00ce 03       		.uleb128 0x3
 1037 00cf 18020000 		.4byte	.LASF18
 1038 00d3 05       		.byte	0x5
 1039 00d4 35       		.byte	0x35
 1040 00d5 91000000 		.4byte	0x91
 1041 00d9 05       		.uleb128 0x5
 1042 00da 04       		.byte	0x4
 1043 00db 06       		.uleb128 0x6
 1044 00dc 91000000 		.4byte	0x91
 1045 00e0 07       		.uleb128 0x7
 1046 00e1 04       		.byte	0x4
 1047 00e2 E6000000 		.4byte	0xe6
 1048 00e6 08       		.uleb128 0x8
 1049 00e7 EB000000 		.4byte	0xeb
 1050 00eb 04       		.uleb128 0x4
 1051 00ec 01       		.byte	0x1
 1052 00ed 08       		.byte	0x8
 1053 00ee 28020000 		.4byte	.LASF19
 1054 00f2 07       		.uleb128 0x7
 1055 00f3 04       		.byte	0x4
 1056 00f4 F8000000 		.4byte	0xf8
 1057 00f8 09       		.uleb128 0x9
 1058 00f9 01       		.byte	0x1
 1059 00fa C3000000 		.4byte	0xc3
 1060 00fe 08010000 		.4byte	0x108
 1061 0102 0A       		.uleb128 0xa
 1062 0103 D9000000 		.4byte	0xd9
 1063 0107 00       		.byte	0x0
ARM GAS  C:\Users\DNIEL~1\AppData\Local\Temp\ccEnp3Ee.s 			page 20


 1064 0108 07       		.uleb128 0x7
 1065 0109 04       		.byte	0x4
 1066 010a 54000000 		.4byte	0x54
 1067 010e 0B       		.uleb128 0xb
 1068 010f E9020000 		.4byte	.LASF23
 1069 0113 10       		.byte	0x10
 1070 0114 06       		.byte	0x6
 1071 0115 48       		.byte	0x48
 1072 0116 53010000 		.4byte	0x153
 1073 011a 0C       		.uleb128 0xc
 1074 011b 2A000000 		.4byte	.LASF20
 1075 011f 06       		.byte	0x6
 1076 0120 49       		.byte	0x49
 1077 0121 78010000 		.4byte	0x178
 1078 0125 02       		.byte	0x2
 1079 0126 23       		.byte	0x23
 1080 0127 00       		.uleb128 0x0
 1081 0128 0C       		.uleb128 0xc
 1082 0129 06010000 		.4byte	.LASF21
 1083 012d 06       		.byte	0x6
 1084 012e 49       		.byte	0x49
 1085 012f 98010000 		.4byte	0x198
 1086 0133 02       		.byte	0x2
 1087 0134 23       		.byte	0x23
 1088 0135 04       		.uleb128 0x4
 1089 0136 0D       		.uleb128 0xd
 1090 0137 70757400 		.ascii	"put\000"
 1091 013b 06       		.byte	0x6
 1092 013c 49       		.byte	0x49
 1093 013d B3010000 		.4byte	0x1b3
 1094 0141 02       		.byte	0x2
 1095 0142 23       		.byte	0x23
 1096 0143 08       		.uleb128 0x8
 1097 0144 0D       		.uleb128 0xd
 1098 0145 67657400 		.ascii	"get\000"
 1099 0149 06       		.byte	0x6
 1100 014a 49       		.byte	0x49
 1101 014b F2000000 		.4byte	0xf2
 1102 014f 02       		.byte	0x2
 1103 0150 23       		.byte	0x23
 1104 0151 0C       		.uleb128 0xc
 1105 0152 00       		.byte	0x0
 1106 0153 09       		.uleb128 0x9
 1107 0154 01       		.byte	0x1
 1108 0155 30000000 		.4byte	0x30
 1109 0159 6D010000 		.4byte	0x16d
 1110 015d 0A       		.uleb128 0xa
 1111 015e D9000000 		.4byte	0xd9
 1112 0162 0A       		.uleb128 0xa
 1113 0163 6D010000 		.4byte	0x16d
 1114 0167 0A       		.uleb128 0xa
 1115 0168 30000000 		.4byte	0x30
 1116 016c 00       		.byte	0x0
 1117 016d 07       		.uleb128 0x7
 1118 016e 04       		.byte	0x4
 1119 016f 73010000 		.4byte	0x173
 1120 0173 08       		.uleb128 0x8
ARM GAS  C:\Users\DNIEL~1\AppData\Local\Temp\ccEnp3Ee.s 			page 21


 1121 0174 54000000 		.4byte	0x54
 1122 0178 07       		.uleb128 0x7
 1123 0179 04       		.byte	0x4
 1124 017a 53010000 		.4byte	0x153
 1125 017e 09       		.uleb128 0x9
 1126 017f 01       		.byte	0x1
 1127 0180 30000000 		.4byte	0x30
 1128 0184 98010000 		.4byte	0x198
 1129 0188 0A       		.uleb128 0xa
 1130 0189 D9000000 		.4byte	0xd9
 1131 018d 0A       		.uleb128 0xa
 1132 018e 08010000 		.4byte	0x108
 1133 0192 0A       		.uleb128 0xa
 1134 0193 30000000 		.4byte	0x30
 1135 0197 00       		.byte	0x0
 1136 0198 07       		.uleb128 0x7
 1137 0199 04       		.byte	0x4
 1138 019a 7E010000 		.4byte	0x17e
 1139 019e 09       		.uleb128 0x9
 1140 019f 01       		.byte	0x1
 1141 01a0 C3000000 		.4byte	0xc3
 1142 01a4 B3010000 		.4byte	0x1b3
 1143 01a8 0A       		.uleb128 0xa
 1144 01a9 D9000000 		.4byte	0xd9
 1145 01ad 0A       		.uleb128 0xa
 1146 01ae 54000000 		.4byte	0x54
 1147 01b2 00       		.byte	0x0
 1148 01b3 07       		.uleb128 0x7
 1149 01b4 04       		.byte	0x4
 1150 01b5 9E010000 		.4byte	0x19e
 1151 01b9 0E       		.uleb128 0xe
 1152 01ba 04       		.byte	0x4
 1153 01bb 06       		.byte	0x6
 1154 01bc 51       		.byte	0x51
 1155 01bd D0010000 		.4byte	0x1d0
 1156 01c1 0D       		.uleb128 0xd
 1157 01c2 766D7400 		.ascii	"vmt\000"
 1158 01c6 06       		.byte	0x6
 1159 01c7 53       		.byte	0x53
 1160 01c8 D0010000 		.4byte	0x1d0
 1161 01cc 02       		.byte	0x2
 1162 01cd 23       		.byte	0x23
 1163 01ce 00       		.uleb128 0x0
 1164 01cf 00       		.byte	0x0
 1165 01d0 07       		.uleb128 0x7
 1166 01d1 04       		.byte	0x4
 1167 01d2 D6010000 		.4byte	0x1d6
 1168 01d6 08       		.uleb128 0x8
 1169 01d7 0E010000 		.4byte	0x10e
 1170 01db 03       		.uleb128 0x3
 1171 01dc 53000000 		.4byte	.LASF22
 1172 01e0 06       		.byte	0x6
 1173 01e1 55       		.byte	0x55
 1174 01e2 B9010000 		.4byte	0x1b9
 1175 01e6 06       		.uleb128 0x6
 1176 01e7 7F000000 		.4byte	0x7f
 1177 01eb 0B       		.uleb128 0xb
ARM GAS  C:\Users\DNIEL~1\AppData\Local\Temp\ccEnp3Ee.s 			page 22


 1178 01ec CA000000 		.4byte	.LASF24
 1179 01f0 20       		.byte	0x20
 1180 01f1 07       		.byte	0x7
 1181 01f2 4E       		.byte	0x4e
 1182 01f3 68020000 		.4byte	0x268
 1183 01f7 0C       		.uleb128 0xc
 1184 01f8 2A000000 		.4byte	.LASF20
 1185 01fc 07       		.byte	0x7
 1186 01fd 4F       		.byte	0x4f
 1187 01fe 78010000 		.4byte	0x178
 1188 0202 02       		.byte	0x2
 1189 0203 23       		.byte	0x23
 1190 0204 00       		.uleb128 0x0
 1191 0205 0C       		.uleb128 0xc
 1192 0206 06010000 		.4byte	.LASF21
 1193 020a 07       		.byte	0x7
 1194 020b 4F       		.byte	0x4f
 1195 020c 98010000 		.4byte	0x198
 1196 0210 02       		.byte	0x2
 1197 0211 23       		.byte	0x23
 1198 0212 04       		.uleb128 0x4
 1199 0213 0D       		.uleb128 0xd
 1200 0214 70757400 		.ascii	"put\000"
 1201 0218 07       		.byte	0x7
 1202 0219 4F       		.byte	0x4f
 1203 021a B3010000 		.4byte	0x1b3
 1204 021e 02       		.byte	0x2
 1205 021f 23       		.byte	0x23
 1206 0220 08       		.uleb128 0x8
 1207 0221 0D       		.uleb128 0xd
 1208 0222 67657400 		.ascii	"get\000"
 1209 0226 07       		.byte	0x7
 1210 0227 4F       		.byte	0x4f
 1211 0228 F2000000 		.4byte	0xf2
 1212 022c 02       		.byte	0x2
 1213 022d 23       		.byte	0x23
 1214 022e 0C       		.uleb128 0xc
 1215 022f 0C       		.uleb128 0xc
 1216 0230 F6010000 		.4byte	.LASF25
 1217 0234 07       		.byte	0x7
 1218 0235 4F       		.byte	0x4f
 1219 0236 82020000 		.4byte	0x282
 1220 023a 02       		.byte	0x2
 1221 023b 23       		.byte	0x23
 1222 023c 10       		.uleb128 0x10
 1223 023d 0C       		.uleb128 0xc
 1224 023e 32010000 		.4byte	.LASF26
 1225 0242 07       		.byte	0x7
 1226 0243 4F       		.byte	0x4f
 1227 0244 9D020000 		.4byte	0x29d
 1228 0248 02       		.byte	0x2
 1229 0249 23       		.byte	0x23
 1230 024a 14       		.uleb128 0x14
 1231 024b 0C       		.uleb128 0xc
 1232 024c BB000000 		.4byte	.LASF27
 1233 0250 07       		.byte	0x7
 1234 0251 4F       		.byte	0x4f
ARM GAS  C:\Users\DNIEL~1\AppData\Local\Temp\ccEnp3Ee.s 			page 23


 1235 0252 C2020000 		.4byte	0x2c2
 1236 0256 02       		.byte	0x2
 1237 0257 23       		.byte	0x23
 1238 0258 18       		.uleb128 0x18
 1239 0259 0C       		.uleb128 0xc
 1240 025a 22020000 		.4byte	.LASF28
 1241 025e 07       		.byte	0x7
 1242 025f 4F       		.byte	0x4f
 1243 0260 E7020000 		.4byte	0x2e7
 1244 0264 02       		.byte	0x2
 1245 0265 23       		.byte	0x23
 1246 0266 1C       		.uleb128 0x1c
 1247 0267 00       		.byte	0x0
 1248 0268 09       		.uleb128 0x9
 1249 0269 01       		.byte	0x1
 1250 026a C3000000 		.4byte	0xc3
 1251 026e 82020000 		.4byte	0x282
 1252 0272 0A       		.uleb128 0xa
 1253 0273 D9000000 		.4byte	0xd9
 1254 0277 0A       		.uleb128 0xa
 1255 0278 54000000 		.4byte	0x54
 1256 027c 0A       		.uleb128 0xa
 1257 027d CE000000 		.4byte	0xce
 1258 0281 00       		.byte	0x0
 1259 0282 07       		.uleb128 0x7
 1260 0283 04       		.byte	0x4
 1261 0284 68020000 		.4byte	0x268
 1262 0288 09       		.uleb128 0x9
 1263 0289 01       		.byte	0x1
 1264 028a C3000000 		.4byte	0xc3
 1265 028e 9D020000 		.4byte	0x29d
 1266 0292 0A       		.uleb128 0xa
 1267 0293 D9000000 		.4byte	0xd9
 1268 0297 0A       		.uleb128 0xa
 1269 0298 CE000000 		.4byte	0xce
 1270 029c 00       		.byte	0x0
 1271 029d 07       		.uleb128 0x7
 1272 029e 04       		.byte	0x4
 1273 029f 88020000 		.4byte	0x288
 1274 02a3 09       		.uleb128 0x9
 1275 02a4 01       		.byte	0x1
 1276 02a5 30000000 		.4byte	0x30
 1277 02a9 C2020000 		.4byte	0x2c2
 1278 02ad 0A       		.uleb128 0xa
 1279 02ae D9000000 		.4byte	0xd9
 1280 02b2 0A       		.uleb128 0xa
 1281 02b3 6D010000 		.4byte	0x16d
 1282 02b7 0A       		.uleb128 0xa
 1283 02b8 30000000 		.4byte	0x30
 1284 02bc 0A       		.uleb128 0xa
 1285 02bd CE000000 		.4byte	0xce
 1286 02c1 00       		.byte	0x0
 1287 02c2 07       		.uleb128 0x7
 1288 02c3 04       		.byte	0x4
 1289 02c4 A3020000 		.4byte	0x2a3
 1290 02c8 09       		.uleb128 0x9
 1291 02c9 01       		.byte	0x1
ARM GAS  C:\Users\DNIEL~1\AppData\Local\Temp\ccEnp3Ee.s 			page 24


 1292 02ca 30000000 		.4byte	0x30
 1293 02ce E7020000 		.4byte	0x2e7
 1294 02d2 0A       		.uleb128 0xa
 1295 02d3 D9000000 		.4byte	0xd9
 1296 02d7 0A       		.uleb128 0xa
 1297 02d8 08010000 		.4byte	0x108
 1298 02dc 0A       		.uleb128 0xa
 1299 02dd 30000000 		.4byte	0x30
 1300 02e1 0A       		.uleb128 0xa
 1301 02e2 CE000000 		.4byte	0xce
 1302 02e6 00       		.byte	0x0
 1303 02e7 07       		.uleb128 0x7
 1304 02e8 04       		.byte	0x4
 1305 02e9 C8020000 		.4byte	0x2c8
 1306 02ed 0E       		.uleb128 0xe
 1307 02ee 04       		.byte	0x4
 1308 02ef 07       		.byte	0x7
 1309 02f0 59       		.byte	0x59
 1310 02f1 04030000 		.4byte	0x304
 1311 02f5 0D       		.uleb128 0xd
 1312 02f6 766D7400 		.ascii	"vmt\000"
 1313 02fa 07       		.byte	0x7
 1314 02fb 5B       		.byte	0x5b
 1315 02fc 04030000 		.4byte	0x304
 1316 0300 02       		.byte	0x2
 1317 0301 23       		.byte	0x23
 1318 0302 00       		.uleb128 0x0
 1319 0303 00       		.byte	0x0
 1320 0304 07       		.uleb128 0x7
 1321 0305 04       		.byte	0x4
 1322 0306 0A030000 		.4byte	0x30a
 1323 030a 08       		.uleb128 0x8
 1324 030b EB010000 		.4byte	0x1eb
 1325 030f 03       		.uleb128 0x3
 1326 0310 B5020000 		.4byte	.LASF29
 1327 0314 07       		.byte	0x7
 1328 0315 5D       		.byte	0x5d
 1329 0316 ED020000 		.4byte	0x2ed
 1330 031a 0E       		.uleb128 0xe
 1331 031b 04       		.byte	0x4
 1332 031c 08       		.byte	0x8
 1333 031d 96       		.byte	0x96
 1334 031e 3F030000 		.4byte	0x33f
 1335 0322 0D       		.uleb128 0xd
 1336 0323 73657400 		.ascii	"set\000"
 1337 0327 08       		.byte	0x8
 1338 0328 97       		.byte	0x97
 1339 0329 6D000000 		.4byte	0x6d
 1340 032d 02       		.byte	0x2
 1341 032e 23       		.byte	0x23
 1342 032f 00       		.uleb128 0x0
 1343 0330 0C       		.uleb128 0xc
 1344 0331 3D010000 		.4byte	.LASF30
 1345 0335 08       		.byte	0x8
 1346 0336 98       		.byte	0x98
 1347 0337 6D000000 		.4byte	0x6d
 1348 033b 02       		.byte	0x2
ARM GAS  C:\Users\DNIEL~1\AppData\Local\Temp\ccEnp3Ee.s 			page 25


 1349 033c 23       		.byte	0x23
 1350 033d 02       		.uleb128 0x2
 1351 033e 00       		.byte	0x0
 1352 033f 0F       		.uleb128 0xf
 1353 0340 04       		.byte	0x4
 1354 0341 08       		.byte	0x8
 1355 0342 94       		.byte	0x94
 1356 0343 5A030000 		.4byte	0x35a
 1357 0347 10       		.uleb128 0x10
 1358 0348 5700     		.ascii	"W\000"
 1359 034a 08       		.byte	0x8
 1360 034b 95       		.byte	0x95
 1361 034c 91000000 		.4byte	0x91
 1362 0350 10       		.uleb128 0x10
 1363 0351 4800     		.ascii	"H\000"
 1364 0353 08       		.byte	0x8
 1365 0354 99       		.byte	0x99
 1366 0355 1A030000 		.4byte	0x31a
 1367 0359 00       		.byte	0x0
 1368 035a 0E       		.uleb128 0xe
 1369 035b 28       		.byte	0x28
 1370 035c 08       		.byte	0x8
 1371 035d 8C       		.byte	0x8c
 1372 035e EF030000 		.4byte	0x3ef
 1373 0362 0C       		.uleb128 0xc
 1374 0363 37010000 		.4byte	.LASF31
 1375 0367 08       		.byte	0x8
 1376 0368 8E       		.byte	0x8e
 1377 0369 DB000000 		.4byte	0xdb
 1378 036d 02       		.byte	0x2
 1379 036e 23       		.byte	0x23
 1380 036f 00       		.uleb128 0x0
 1381 0370 0C       		.uleb128 0xc
 1382 0371 E9000000 		.4byte	.LASF32
 1383 0375 08       		.byte	0x8
 1384 0376 8F       		.byte	0x8f
 1385 0377 DB000000 		.4byte	0xdb
 1386 037b 02       		.byte	0x2
 1387 037c 23       		.byte	0x23
 1388 037d 04       		.uleb128 0x4
 1389 037e 0C       		.uleb128 0xc
 1390 037f 55020000 		.4byte	.LASF33
 1391 0383 08       		.byte	0x8
 1392 0384 90       		.byte	0x90
 1393 0385 DB000000 		.4byte	0xdb
 1394 0389 02       		.byte	0x2
 1395 038a 23       		.byte	0x23
 1396 038b 08       		.uleb128 0x8
 1397 038c 0C       		.uleb128 0xc
 1398 038d 19010000 		.4byte	.LASF34
 1399 0391 08       		.byte	0x8
 1400 0392 91       		.byte	0x91
 1401 0393 DB000000 		.4byte	0xdb
 1402 0397 02       		.byte	0x2
 1403 0398 23       		.byte	0x23
 1404 0399 0C       		.uleb128 0xc
 1405 039a 0D       		.uleb128 0xd
ARM GAS  C:\Users\DNIEL~1\AppData\Local\Temp\ccEnp3Ee.s 			page 26


 1406 039b 49445200 		.ascii	"IDR\000"
 1407 039f 08       		.byte	0x8
 1408 03a0 92       		.byte	0x92
 1409 03a1 DB000000 		.4byte	0xdb
 1410 03a5 02       		.byte	0x2
 1411 03a6 23       		.byte	0x23
 1412 03a7 10       		.uleb128 0x10
 1413 03a8 0D       		.uleb128 0xd
 1414 03a9 4F445200 		.ascii	"ODR\000"
 1415 03ad 08       		.byte	0x8
 1416 03ae 93       		.byte	0x93
 1417 03af DB000000 		.4byte	0xdb
 1418 03b3 02       		.byte	0x2
 1419 03b4 23       		.byte	0x23
 1420 03b5 14       		.uleb128 0x14
 1421 03b6 0C       		.uleb128 0xc
 1422 03b7 01030000 		.4byte	.LASF35
 1423 03bb 08       		.byte	0x8
 1424 03bc 9A       		.byte	0x9a
 1425 03bd EF030000 		.4byte	0x3ef
 1426 03c1 02       		.byte	0x2
 1427 03c2 23       		.byte	0x23
 1428 03c3 18       		.uleb128 0x18
 1429 03c4 0C       		.uleb128 0xc
 1430 03c5 DE020000 		.4byte	.LASF36
 1431 03c9 08       		.byte	0x8
 1432 03ca 9B       		.byte	0x9b
 1433 03cb DB000000 		.4byte	0xdb
 1434 03cf 02       		.byte	0x2
 1435 03d0 23       		.byte	0x23
 1436 03d1 1C       		.uleb128 0x1c
 1437 03d2 0C       		.uleb128 0xc
 1438 03d3 00020000 		.4byte	.LASF37
 1439 03d7 08       		.byte	0x8
 1440 03d8 9C       		.byte	0x9c
 1441 03d9 DB000000 		.4byte	0xdb
 1442 03dd 02       		.byte	0x2
 1443 03de 23       		.byte	0x23
 1444 03df 20       		.uleb128 0x20
 1445 03e0 0C       		.uleb128 0xc
 1446 03e1 FB010000 		.4byte	.LASF38
 1447 03e5 08       		.byte	0x8
 1448 03e6 9D       		.byte	0x9d
 1449 03e7 DB000000 		.4byte	0xdb
 1450 03eb 02       		.byte	0x2
 1451 03ec 23       		.byte	0x23
 1452 03ed 24       		.uleb128 0x24
 1453 03ee 00       		.byte	0x0
 1454 03ef 06       		.uleb128 0x6
 1455 03f0 3F030000 		.4byte	0x33f
 1456 03f4 03       		.uleb128 0x3
 1457 03f5 00000000 		.4byte	.LASF39
 1458 03f9 08       		.byte	0x8
 1459 03fa 9E       		.byte	0x9e
 1460 03fb 5A030000 		.4byte	0x35a
 1461 03ff 03       		.uleb128 0x3
 1462 0400 86020000 		.4byte	.LASF40
ARM GAS  C:\Users\DNIEL~1\AppData\Local\Temp\ccEnp3Ee.s 			page 27


 1463 0404 09       		.byte	0x9
 1464 0405 28       		.byte	0x28
 1465 0406 0A040000 		.4byte	0x40a
 1466 040a 0B       		.uleb128 0xb
 1467 040b 1F010000 		.4byte	.LASF41
 1468 040f 04       		.byte	0x4
 1469 0410 0A       		.byte	0xa
 1470 0411 00       		.byte	0x0
 1471 0412 24040000 		.4byte	0x424
 1472 0416 11       		.uleb128 0x11
 1473 0417 E8010000 		.4byte	.LASF42
 1474 041b D9000000 		.4byte	0xd9
 1475 041f 02       		.byte	0x2
 1476 0420 23       		.byte	0x23
 1477 0421 00       		.uleb128 0x0
 1478 0422 01       		.byte	0x1
 1479 0423 00       		.byte	0x0
 1480 0424 03       		.uleb128 0x3
 1481 0425 C2000000 		.4byte	.LASF43
 1482 0429 09       		.byte	0x9
 1483 042a 66       		.byte	0x66
 1484 042b FF030000 		.4byte	0x3ff
 1485 042f 12       		.uleb128 0x12
 1486 0430 4C020000 		.4byte	.LASF67
 1487 0434 01       		.byte	0x1
 1488 0435 45       		.byte	0x45
 1489 0436 01       		.byte	0x1
 1490 0437 00000000 		.4byte	.LFB118
 1491 043b 1E000000 		.4byte	.LFE118
 1492 043f 00000000 		.4byte	.LLST0
 1493 0443 73040000 		.4byte	0x473
 1494 0447 13       		.uleb128 0x13
 1495 0448 63687000 		.ascii	"chp\000"
 1496 044c 01       		.byte	0x1
 1497 044d 45       		.byte	0x45
 1498 044e 73040000 		.4byte	0x473
 1499 0452 38000000 		.4byte	.LLST1
 1500 0456 14       		.uleb128 0x14
 1501 0457 666D7400 		.ascii	"fmt\000"
 1502 045b 01       		.byte	0x1
 1503 045c 45       		.byte	0x45
 1504 045d E0000000 		.4byte	0xe0
 1505 0461 02       		.byte	0x2
 1506 0462 91       		.byte	0x91
 1507 0463 74       		.sleb128 -12
 1508 0464 15       		.uleb128 0x15
 1509 0465 16       		.uleb128 0x16
 1510 0466 617000   		.ascii	"ap\000"
 1511 0469 01       		.byte	0x1
 1512 046a 46       		.byte	0x46
 1513 046b 24040000 		.4byte	0x424
 1514 046f 02       		.byte	0x2
 1515 0470 91       		.byte	0x91
 1516 0471 6C       		.sleb128 -20
 1517 0472 00       		.byte	0x0
 1518 0473 07       		.uleb128 0x7
 1519 0474 04       		.byte	0x4
ARM GAS  C:\Users\DNIEL~1\AppData\Local\Temp\ccEnp3Ee.s 			page 28


 1520 0475 DB010000 		.4byte	0x1db
 1521 0479 17       		.uleb128 0x17
 1522 047a 01       		.byte	0x1
 1523 047b 48000000 		.4byte	.LASF68
 1524 047f 02       		.byte	0x2
 1525 0480 22       		.byte	0x22
 1526 0481 01       		.byte	0x1
 1527 0482 00000000 		.4byte	.LFB119
 1528 0486 34000000 		.4byte	.LFE119
 1529 048a 02       		.byte	0x2
 1530 048b 7D       		.byte	0x7d
 1531 048c 00       		.sleb128 0
 1532 048d 18       		.uleb128 0x18
 1533 048e 01       		.byte	0x1
 1534 048f 6F020000 		.4byte	.LASF48
 1535 0493 02       		.byte	0x2
 1536 0494 2C       		.byte	0x2c
 1537 0495 01       		.byte	0x1
 1538 0496 00000000 		.4byte	.LFB120
 1539 049a 68020000 		.4byte	.LFE120
 1540 049e 4B000000 		.4byte	.LLST2
 1541 04a2 9C050000 		.4byte	0x59c
 1542 04a6 19       		.uleb128 0x19
 1543 04a7 00000000 		.4byte	.Ldebug_ranges0+0x0
 1544 04ab F9040000 		.4byte	0x4f9
 1545 04af 1A       		.uleb128 0x1a
 1546 04b0 01       		.byte	0x1
 1547 04b1 8B010000 		.4byte	.LASF46
 1548 04b5 02       		.byte	0x2
 1549 04b6 83       		.byte	0x83
 1550 04b7 29000000 		.4byte	0x29
 1551 04bb 01       		.byte	0x1
 1552 04bc C2040000 		.4byte	0x4c2
 1553 04c0 15       		.uleb128 0x15
 1554 04c1 00       		.byte	0x0
 1555 04c2 1B       		.uleb128 0x1b
 1556 04c3 66010000 		.4byte	.LBB3
 1557 04c7 70010000 		.4byte	.LBE3
 1558 04cb DF040000 		.4byte	0x4df
 1559 04cf 1C       		.uleb128 0x1c
 1560 04d0 01       		.byte	0x1
 1561 04d1 CE020000 		.4byte	.LASF44
 1562 04d5 02       		.byte	0x2
 1563 04d6 AC       		.byte	0xac
 1564 04d7 29000000 		.4byte	0x29
 1565 04db 01       		.byte	0x1
 1566 04dc 15       		.uleb128 0x15
 1567 04dd 00       		.byte	0x0
 1568 04de 00       		.byte	0x0
 1569 04df 1D       		.uleb128 0x1d
 1570 04e0 E8010000 		.4byte	.LBB4
 1571 04e4 F2010000 		.4byte	.LBE4
 1572 04e8 1C       		.uleb128 0x1c
 1573 04e9 01       		.byte	0x1
 1574 04ea 9B000000 		.4byte	.LASF45
 1575 04ee 02       		.byte	0x2
 1576 04ef B1       		.byte	0xb1
ARM GAS  C:\Users\DNIEL~1\AppData\Local\Temp\ccEnp3Ee.s 			page 29


 1577 04f0 29000000 		.4byte	0x29
 1578 04f4 01       		.byte	0x1
 1579 04f5 15       		.uleb128 0x15
 1580 04f6 00       		.byte	0x0
 1581 04f7 00       		.byte	0x0
 1582 04f8 00       		.byte	0x0
 1583 04f9 19       		.uleb128 0x19
 1584 04fa 18000000 		.4byte	.Ldebug_ranges0+0x18
 1585 04fe 4C050000 		.4byte	0x54c
 1586 0502 1A       		.uleb128 0x1a
 1587 0503 01       		.byte	0x1
 1588 0504 8B010000 		.4byte	.LASF46
 1589 0508 02       		.byte	0x2
 1590 0509 83       		.byte	0x83
 1591 050a 29000000 		.4byte	0x29
 1592 050e 01       		.byte	0x1
 1593 050f 15050000 		.4byte	0x515
 1594 0513 15       		.uleb128 0x15
 1595 0514 00       		.byte	0x0
 1596 0515 1B       		.uleb128 0x1b
 1597 0516 B4010000 		.4byte	.LBB6
 1598 051a BE010000 		.4byte	.LBE6
 1599 051e 32050000 		.4byte	0x532
 1600 0522 1C       		.uleb128 0x1c
 1601 0523 01       		.byte	0x1
 1602 0524 50010000 		.4byte	.LASF47
 1603 0528 02       		.byte	0x2
 1604 0529 86       		.byte	0x86
 1605 052a 29000000 		.4byte	0x29
 1606 052e 01       		.byte	0x1
 1607 052f 15       		.uleb128 0x15
 1608 0530 00       		.byte	0x0
 1609 0531 00       		.byte	0x0
 1610 0532 1D       		.uleb128 0x1d
 1611 0533 2C020000 		.4byte	.LBB7
 1612 0537 68020000 		.4byte	.LBE7
 1613 053b 1C       		.uleb128 0x1c
 1614 053c 01       		.byte	0x1
 1615 053d 50010000 		.4byte	.LASF47
 1616 0541 02       		.byte	0x2
 1617 0542 86       		.byte	0x86
 1618 0543 29000000 		.4byte	0x29
 1619 0547 01       		.byte	0x1
 1620 0548 15       		.uleb128 0x15
 1621 0549 00       		.byte	0x0
 1622 054a 00       		.byte	0x0
 1623 054b 00       		.byte	0x0
 1624 054c 1E       		.uleb128 0x1e
 1625 054d 30000000 		.4byte	.Ldebug_ranges0+0x30
 1626 0551 1A       		.uleb128 0x1a
 1627 0552 01       		.byte	0x1
 1628 0553 8B010000 		.4byte	.LASF46
 1629 0557 02       		.byte	0x2
 1630 0558 83       		.byte	0x83
 1631 0559 29000000 		.4byte	0x29
 1632 055d 01       		.byte	0x1
 1633 055e 64050000 		.4byte	0x564
ARM GAS  C:\Users\DNIEL~1\AppData\Local\Temp\ccEnp3Ee.s 			page 30


 1634 0562 15       		.uleb128 0x15
 1635 0563 00       		.byte	0x0
 1636 0564 1B       		.uleb128 0x1b
 1637 0565 D2010000 		.4byte	.LBB9
 1638 0569 E0010000 		.4byte	.LBE9
 1639 056d 81050000 		.4byte	0x581
 1640 0571 1C       		.uleb128 0x1c
 1641 0572 01       		.byte	0x1
 1642 0573 50010000 		.4byte	.LASF47
 1643 0577 02       		.byte	0x2
 1644 0578 86       		.byte	0x86
 1645 0579 29000000 		.4byte	0x29
 1646 057d 01       		.byte	0x1
 1647 057e 15       		.uleb128 0x15
 1648 057f 00       		.byte	0x0
 1649 0580 00       		.byte	0x0
 1650 0581 1D       		.uleb128 0x1d
 1651 0582 1E020000 		.4byte	.LBB10
 1652 0586 2C020000 		.4byte	.LBE10
 1653 058a 1C       		.uleb128 0x1c
 1654 058b 01       		.byte	0x1
 1655 058c 50010000 		.4byte	.LASF47
 1656 0590 02       		.byte	0x2
 1657 0591 86       		.byte	0x86
 1658 0592 29000000 		.4byte	0x29
 1659 0596 01       		.byte	0x1
 1660 0597 15       		.uleb128 0x15
 1661 0598 00       		.byte	0x0
 1662 0599 00       		.byte	0x0
 1663 059a 00       		.byte	0x0
 1664 059b 00       		.byte	0x0
 1665 059c 18       		.uleb128 0x18
 1666 059d 01       		.byte	0x1
 1667 059e F5000000 		.4byte	.LASF49
 1668 05a2 02       		.byte	0x2
 1669 05a3 BB       		.byte	0xbb
 1670 05a4 01       		.byte	0x1
 1671 05a5 00000000 		.4byte	.LFB121
 1672 05a9 10010000 		.4byte	.LFE121
 1673 05ad 6B000000 		.4byte	.LLST3
 1674 05b1 F0050000 		.4byte	0x5f0
 1675 05b5 13       		.uleb128 0x13
 1676 05b6 63687000 		.ascii	"chp\000"
 1677 05ba 02       		.byte	0x2
 1678 05bb BB       		.byte	0xbb
 1679 05bc 73040000 		.4byte	0x473
 1680 05c0 8B000000 		.4byte	.LLST4
 1681 05c4 1F       		.uleb128 0x1f
 1682 05c5 F0000000 		.4byte	.LASF50
 1683 05c9 02       		.byte	0x2
 1684 05ca BB       		.byte	0xbb
 1685 05cb 29000000 		.4byte	0x29
 1686 05cf A9000000 		.4byte	.LLST5
 1687 05d3 1F       		.uleb128 0x1f
 1688 05d4 78010000 		.4byte	.LASF51
 1689 05d8 02       		.byte	0x2
 1690 05d9 BB       		.byte	0xbb
ARM GAS  C:\Users\DNIEL~1\AppData\Local\Temp\ccEnp3Ee.s 			page 31


 1691 05da F0050000 		.4byte	0x5f0
 1692 05de BC000000 		.4byte	.LLST6
 1693 05e2 20       		.uleb128 0x20
 1694 05e3 6900     		.ascii	"i\000"
 1695 05e5 02       		.byte	0x2
 1696 05e6 BF       		.byte	0xbf
 1697 05e7 42000000 		.4byte	0x42
 1698 05eb CF000000 		.4byte	.LLST7
 1699 05ef 00       		.byte	0x0
 1700 05f0 07       		.uleb128 0x7
 1701 05f1 04       		.byte	0x4
 1702 05f2 F6050000 		.4byte	0x5f6
 1703 05f6 07       		.uleb128 0x7
 1704 05f7 04       		.byte	0x4
 1705 05f8 EB000000 		.4byte	0xeb
 1706 05fc 21       		.uleb128 0x21
 1707 05fd C1020000 		.4byte	.LASF63
 1708 0601 0B       		.byte	0xb
 1709 0602 9806     		.2byte	0x698
 1710 0604 E6010000 		.4byte	0x1e6
 1711 0608 01       		.byte	0x1
 1712 0609 01       		.byte	0x1
 1713 060a 22       		.uleb128 0x22
 1714 060b 3C020000 		.4byte	.LASF52
 1715 060f 02       		.byte	0x2
 1716 0610 14       		.byte	0x14
 1717 0611 B1000000 		.4byte	0xb1
 1718 0615 05       		.byte	0x5
 1719 0616 03       		.byte	0x3
 1720 0617 00000000 		.4byte	cruise_ok
 1721 061b 22       		.uleb128 0x22
 1722 061c A2010000 		.4byte	.LASF53
 1723 0620 02       		.byte	0x2
 1724 0621 15       		.byte	0x15
 1725 0622 B1000000 		.4byte	0xb1
 1726 0626 05       		.byte	0x5
 1727 0627 03       		.byte	0x3
 1728 0628 00000000 		.4byte	cruise_plusz
 1729 062c 22       		.uleb128 0x22
 1730 062d 18000000 		.4byte	.LASF54
 1731 0631 02       		.byte	0x2
 1732 0632 16       		.byte	0x16
 1733 0633 6D000000 		.4byte	0x6d
 1734 0637 05       		.byte	0x5
 1735 0638 03       		.byte	0x3
 1736 0639 00000000 		.4byte	cruise_long_plusz
 1737 063d 22       		.uleb128 0x22
 1738 063e 5E010000 		.4byte	.LASF55
 1739 0642 02       		.byte	0x2
 1740 0643 17       		.byte	0x17
 1741 0644 B1000000 		.4byte	0xb1
 1742 0648 05       		.byte	0x5
 1743 0649 03       		.byte	0x3
 1744 064a 00000000 		.4byte	cruise_minusz
 1745 064e 22       		.uleb128 0x22
 1746 064f A2020000 		.4byte	.LASF56
 1747 0653 02       		.byte	0x2
ARM GAS  C:\Users\DNIEL~1\AppData\Local\Temp\ccEnp3Ee.s 			page 32


 1748 0654 18       		.byte	0x18
 1749 0655 6D000000 		.4byte	0x6d
 1750 0659 05       		.byte	0x5
 1751 065a 03       		.byte	0x3
 1752 065b 00000000 		.4byte	cruise_long_minusz
 1753 065f 22       		.uleb128 0x22
 1754 0660 95020000 		.4byte	.LASF57
 1755 0664 02       		.byte	0x2
 1756 0665 19       		.byte	0x19
 1757 0666 B1000000 		.4byte	0xb1
 1758 066a 05       		.byte	0x5
 1759 066b 03       		.byte	0x3
 1760 066c 00000000 		.4byte	button_accel
 1761 0670 22       		.uleb128 0x22
 1762 0671 AA000000 		.4byte	.LASF58
 1763 0675 02       		.byte	0x2
 1764 0676 1A       		.byte	0x1a
 1765 0677 B1000000 		.4byte	0xb1
 1766 067b 05       		.byte	0x5
 1767 067c 03       		.byte	0x3
 1768 067d 00000000 		.4byte	button_decelerat
 1769 0681 22       		.uleb128 0x22
 1770 0682 6C010000 		.4byte	.LASF59
 1771 0686 02       		.byte	0x2
 1772 0687 1C       		.byte	0x1c
 1773 0688 B1000000 		.4byte	0xb1
 1774 068c 05       		.byte	0x5
 1775 068d 03       		.byte	0x3
 1776 068e 00000000 		.4byte	index_right
 1777 0692 22       		.uleb128 0x22
 1778 0693 0D000000 		.4byte	.LASF60
 1779 0697 02       		.byte	0x2
 1780 0698 1D       		.byte	0x1d
 1781 0699 B1000000 		.4byte	0xb1
 1782 069d 05       		.byte	0x5
 1783 069e 03       		.byte	0x3
 1784 069f 00000000 		.4byte	index_left
 1785 06a3 22       		.uleb128 0x22
 1786 06a4 E1000000 		.4byte	.LASF61
 1787 06a8 02       		.byte	0x2
 1788 06a9 1F       		.byte	0x1f
 1789 06aa B1000000 		.4byte	0xb1
 1790 06ae 05       		.byte	0x5
 1791 06af 03       		.byte	0x3
 1792 06b0 00000000 		.4byte	lamp_ok
 1793 06b4 22       		.uleb128 0x22
 1794 06b5 9C010000 		.4byte	.LASF62
 1795 06b9 02       		.byte	0x2
 1796 06ba 20       		.byte	0x20
 1797 06bb 54000000 		.4byte	0x54
 1798 06bf 05       		.byte	0x5
 1799 06c0 03       		.byte	0x3
 1800 06c1 00000000 		.4byte	seged
 1801 06c5 21       		.uleb128 0x21
 1802 06c6 C1020000 		.4byte	.LASF63
 1803 06ca 0B       		.byte	0xb
 1804 06cb 9806     		.2byte	0x698
ARM GAS  C:\Users\DNIEL~1\AppData\Local\Temp\ccEnp3Ee.s 			page 33


 1805 06cd E6010000 		.4byte	0x1e6
 1806 06d1 01       		.byte	0x1
 1807 06d2 01       		.byte	0x1
 1808 06d3 00       		.byte	0x0
 1809              		.section	.debug_abbrev
 1810 0000 01       		.uleb128 0x1
 1811 0001 11       		.uleb128 0x11
 1812 0002 01       		.byte	0x1
 1813 0003 25       		.uleb128 0x25
 1814 0004 0E       		.uleb128 0xe
 1815 0005 13       		.uleb128 0x13
 1816 0006 0B       		.uleb128 0xb
 1817 0007 03       		.uleb128 0x3
 1818 0008 0E       		.uleb128 0xe
 1819 0009 1B       		.uleb128 0x1b
 1820 000a 0E       		.uleb128 0xe
 1821 000b 11       		.uleb128 0x11
 1822 000c 01       		.uleb128 0x1
 1823 000d 52       		.uleb128 0x52
 1824 000e 01       		.uleb128 0x1
 1825 000f 55       		.uleb128 0x55
 1826 0010 06       		.uleb128 0x6
 1827 0011 10       		.uleb128 0x10
 1828 0012 06       		.uleb128 0x6
 1829 0013 00       		.byte	0x0
 1830 0014 00       		.byte	0x0
 1831 0015 02       		.uleb128 0x2
 1832 0016 24       		.uleb128 0x24
 1833 0017 00       		.byte	0x0
 1834 0018 0B       		.uleb128 0xb
 1835 0019 0B       		.uleb128 0xb
 1836 001a 3E       		.uleb128 0x3e
 1837 001b 0B       		.uleb128 0xb
 1838 001c 03       		.uleb128 0x3
 1839 001d 08       		.uleb128 0x8
 1840 001e 00       		.byte	0x0
 1841 001f 00       		.byte	0x0
 1842 0020 03       		.uleb128 0x3
 1843 0021 16       		.uleb128 0x16
 1844 0022 00       		.byte	0x0
 1845 0023 03       		.uleb128 0x3
 1846 0024 0E       		.uleb128 0xe
 1847 0025 3A       		.uleb128 0x3a
 1848 0026 0B       		.uleb128 0xb
 1849 0027 3B       		.uleb128 0x3b
 1850 0028 0B       		.uleb128 0xb
 1851 0029 49       		.uleb128 0x49
 1852 002a 13       		.uleb128 0x13
 1853 002b 00       		.byte	0x0
 1854 002c 00       		.byte	0x0
 1855 002d 04       		.uleb128 0x4
 1856 002e 24       		.uleb128 0x24
 1857 002f 00       		.byte	0x0
 1858 0030 0B       		.uleb128 0xb
 1859 0031 0B       		.uleb128 0xb
 1860 0032 3E       		.uleb128 0x3e
 1861 0033 0B       		.uleb128 0xb
ARM GAS  C:\Users\DNIEL~1\AppData\Local\Temp\ccEnp3Ee.s 			page 34


 1862 0034 03       		.uleb128 0x3
 1863 0035 0E       		.uleb128 0xe
 1864 0036 00       		.byte	0x0
 1865 0037 00       		.byte	0x0
 1866 0038 05       		.uleb128 0x5
 1867 0039 0F       		.uleb128 0xf
 1868 003a 00       		.byte	0x0
 1869 003b 0B       		.uleb128 0xb
 1870 003c 0B       		.uleb128 0xb
 1871 003d 00       		.byte	0x0
 1872 003e 00       		.byte	0x0
 1873 003f 06       		.uleb128 0x6
 1874 0040 35       		.uleb128 0x35
 1875 0041 00       		.byte	0x0
 1876 0042 49       		.uleb128 0x49
 1877 0043 13       		.uleb128 0x13
 1878 0044 00       		.byte	0x0
 1879 0045 00       		.byte	0x0
 1880 0046 07       		.uleb128 0x7
 1881 0047 0F       		.uleb128 0xf
 1882 0048 00       		.byte	0x0
 1883 0049 0B       		.uleb128 0xb
 1884 004a 0B       		.uleb128 0xb
 1885 004b 49       		.uleb128 0x49
 1886 004c 13       		.uleb128 0x13
 1887 004d 00       		.byte	0x0
 1888 004e 00       		.byte	0x0
 1889 004f 08       		.uleb128 0x8
 1890 0050 26       		.uleb128 0x26
 1891 0051 00       		.byte	0x0
 1892 0052 49       		.uleb128 0x49
 1893 0053 13       		.uleb128 0x13
 1894 0054 00       		.byte	0x0
 1895 0055 00       		.byte	0x0
 1896 0056 09       		.uleb128 0x9
 1897 0057 15       		.uleb128 0x15
 1898 0058 01       		.byte	0x1
 1899 0059 27       		.uleb128 0x27
 1900 005a 0C       		.uleb128 0xc
 1901 005b 49       		.uleb128 0x49
 1902 005c 13       		.uleb128 0x13
 1903 005d 01       		.uleb128 0x1
 1904 005e 13       		.uleb128 0x13
 1905 005f 00       		.byte	0x0
 1906 0060 00       		.byte	0x0
 1907 0061 0A       		.uleb128 0xa
 1908 0062 05       		.uleb128 0x5
 1909 0063 00       		.byte	0x0
 1910 0064 49       		.uleb128 0x49
 1911 0065 13       		.uleb128 0x13
 1912 0066 00       		.byte	0x0
 1913 0067 00       		.byte	0x0
 1914 0068 0B       		.uleb128 0xb
 1915 0069 13       		.uleb128 0x13
 1916 006a 01       		.byte	0x1
 1917 006b 03       		.uleb128 0x3
 1918 006c 0E       		.uleb128 0xe
ARM GAS  C:\Users\DNIEL~1\AppData\Local\Temp\ccEnp3Ee.s 			page 35


 1919 006d 0B       		.uleb128 0xb
 1920 006e 0B       		.uleb128 0xb
 1921 006f 3A       		.uleb128 0x3a
 1922 0070 0B       		.uleb128 0xb
 1923 0071 3B       		.uleb128 0x3b
 1924 0072 0B       		.uleb128 0xb
 1925 0073 01       		.uleb128 0x1
 1926 0074 13       		.uleb128 0x13
 1927 0075 00       		.byte	0x0
 1928 0076 00       		.byte	0x0
 1929 0077 0C       		.uleb128 0xc
 1930 0078 0D       		.uleb128 0xd
 1931 0079 00       		.byte	0x0
 1932 007a 03       		.uleb128 0x3
 1933 007b 0E       		.uleb128 0xe
 1934 007c 3A       		.uleb128 0x3a
 1935 007d 0B       		.uleb128 0xb
 1936 007e 3B       		.uleb128 0x3b
 1937 007f 0B       		.uleb128 0xb
 1938 0080 49       		.uleb128 0x49
 1939 0081 13       		.uleb128 0x13
 1940 0082 38       		.uleb128 0x38
 1941 0083 0A       		.uleb128 0xa
 1942 0084 00       		.byte	0x0
 1943 0085 00       		.byte	0x0
 1944 0086 0D       		.uleb128 0xd
 1945 0087 0D       		.uleb128 0xd
 1946 0088 00       		.byte	0x0
 1947 0089 03       		.uleb128 0x3
 1948 008a 08       		.uleb128 0x8
 1949 008b 3A       		.uleb128 0x3a
 1950 008c 0B       		.uleb128 0xb
 1951 008d 3B       		.uleb128 0x3b
 1952 008e 0B       		.uleb128 0xb
 1953 008f 49       		.uleb128 0x49
 1954 0090 13       		.uleb128 0x13
 1955 0091 38       		.uleb128 0x38
 1956 0092 0A       		.uleb128 0xa
 1957 0093 00       		.byte	0x0
 1958 0094 00       		.byte	0x0
 1959 0095 0E       		.uleb128 0xe
 1960 0096 13       		.uleb128 0x13
 1961 0097 01       		.byte	0x1
 1962 0098 0B       		.uleb128 0xb
 1963 0099 0B       		.uleb128 0xb
 1964 009a 3A       		.uleb128 0x3a
 1965 009b 0B       		.uleb128 0xb
 1966 009c 3B       		.uleb128 0x3b
 1967 009d 0B       		.uleb128 0xb
 1968 009e 01       		.uleb128 0x1
 1969 009f 13       		.uleb128 0x13
 1970 00a0 00       		.byte	0x0
 1971 00a1 00       		.byte	0x0
 1972 00a2 0F       		.uleb128 0xf
 1973 00a3 17       		.uleb128 0x17
 1974 00a4 01       		.byte	0x1
 1975 00a5 0B       		.uleb128 0xb
ARM GAS  C:\Users\DNIEL~1\AppData\Local\Temp\ccEnp3Ee.s 			page 36


 1976 00a6 0B       		.uleb128 0xb
 1977 00a7 3A       		.uleb128 0x3a
 1978 00a8 0B       		.uleb128 0xb
 1979 00a9 3B       		.uleb128 0x3b
 1980 00aa 0B       		.uleb128 0xb
 1981 00ab 01       		.uleb128 0x1
 1982 00ac 13       		.uleb128 0x13
 1983 00ad 00       		.byte	0x0
 1984 00ae 00       		.byte	0x0
 1985 00af 10       		.uleb128 0x10
 1986 00b0 0D       		.uleb128 0xd
 1987 00b1 00       		.byte	0x0
 1988 00b2 03       		.uleb128 0x3
 1989 00b3 08       		.uleb128 0x8
 1990 00b4 3A       		.uleb128 0x3a
 1991 00b5 0B       		.uleb128 0xb
 1992 00b6 3B       		.uleb128 0x3b
 1993 00b7 0B       		.uleb128 0xb
 1994 00b8 49       		.uleb128 0x49
 1995 00b9 13       		.uleb128 0x13
 1996 00ba 00       		.byte	0x0
 1997 00bb 00       		.byte	0x0
 1998 00bc 11       		.uleb128 0x11
 1999 00bd 0D       		.uleb128 0xd
 2000 00be 00       		.byte	0x0
 2001 00bf 03       		.uleb128 0x3
 2002 00c0 0E       		.uleb128 0xe
 2003 00c1 49       		.uleb128 0x49
 2004 00c2 13       		.uleb128 0x13
 2005 00c3 38       		.uleb128 0x38
 2006 00c4 0A       		.uleb128 0xa
 2007 00c5 34       		.uleb128 0x34
 2008 00c6 0C       		.uleb128 0xc
 2009 00c7 00       		.byte	0x0
 2010 00c8 00       		.byte	0x0
 2011 00c9 12       		.uleb128 0x12
 2012 00ca 2E       		.uleb128 0x2e
 2013 00cb 01       		.byte	0x1
 2014 00cc 03       		.uleb128 0x3
 2015 00cd 0E       		.uleb128 0xe
 2016 00ce 3A       		.uleb128 0x3a
 2017 00cf 0B       		.uleb128 0xb
 2018 00d0 3B       		.uleb128 0x3b
 2019 00d1 0B       		.uleb128 0xb
 2020 00d2 27       		.uleb128 0x27
 2021 00d3 0C       		.uleb128 0xc
 2022 00d4 11       		.uleb128 0x11
 2023 00d5 01       		.uleb128 0x1
 2024 00d6 12       		.uleb128 0x12
 2025 00d7 01       		.uleb128 0x1
 2026 00d8 40       		.uleb128 0x40
 2027 00d9 06       		.uleb128 0x6
 2028 00da 01       		.uleb128 0x1
 2029 00db 13       		.uleb128 0x13
 2030 00dc 00       		.byte	0x0
 2031 00dd 00       		.byte	0x0
 2032 00de 13       		.uleb128 0x13
ARM GAS  C:\Users\DNIEL~1\AppData\Local\Temp\ccEnp3Ee.s 			page 37


 2033 00df 05       		.uleb128 0x5
 2034 00e0 00       		.byte	0x0
 2035 00e1 03       		.uleb128 0x3
 2036 00e2 08       		.uleb128 0x8
 2037 00e3 3A       		.uleb128 0x3a
 2038 00e4 0B       		.uleb128 0xb
 2039 00e5 3B       		.uleb128 0x3b
 2040 00e6 0B       		.uleb128 0xb
 2041 00e7 49       		.uleb128 0x49
 2042 00e8 13       		.uleb128 0x13
 2043 00e9 02       		.uleb128 0x2
 2044 00ea 06       		.uleb128 0x6
 2045 00eb 00       		.byte	0x0
 2046 00ec 00       		.byte	0x0
 2047 00ed 14       		.uleb128 0x14
 2048 00ee 05       		.uleb128 0x5
 2049 00ef 00       		.byte	0x0
 2050 00f0 03       		.uleb128 0x3
 2051 00f1 08       		.uleb128 0x8
 2052 00f2 3A       		.uleb128 0x3a
 2053 00f3 0B       		.uleb128 0xb
 2054 00f4 3B       		.uleb128 0x3b
 2055 00f5 0B       		.uleb128 0xb
 2056 00f6 49       		.uleb128 0x49
 2057 00f7 13       		.uleb128 0x13
 2058 00f8 02       		.uleb128 0x2
 2059 00f9 0A       		.uleb128 0xa
 2060 00fa 00       		.byte	0x0
 2061 00fb 00       		.byte	0x0
 2062 00fc 15       		.uleb128 0x15
 2063 00fd 18       		.uleb128 0x18
 2064 00fe 00       		.byte	0x0
 2065 00ff 00       		.byte	0x0
 2066 0100 00       		.byte	0x0
 2067 0101 16       		.uleb128 0x16
 2068 0102 34       		.uleb128 0x34
 2069 0103 00       		.byte	0x0
 2070 0104 03       		.uleb128 0x3
 2071 0105 08       		.uleb128 0x8
 2072 0106 3A       		.uleb128 0x3a
 2073 0107 0B       		.uleb128 0xb
 2074 0108 3B       		.uleb128 0x3b
 2075 0109 0B       		.uleb128 0xb
 2076 010a 49       		.uleb128 0x49
 2077 010b 13       		.uleb128 0x13
 2078 010c 02       		.uleb128 0x2
 2079 010d 0A       		.uleb128 0xa
 2080 010e 00       		.byte	0x0
 2081 010f 00       		.byte	0x0
 2082 0110 17       		.uleb128 0x17
 2083 0111 2E       		.uleb128 0x2e
 2084 0112 00       		.byte	0x0
 2085 0113 3F       		.uleb128 0x3f
 2086 0114 0C       		.uleb128 0xc
 2087 0115 03       		.uleb128 0x3
 2088 0116 0E       		.uleb128 0xe
 2089 0117 3A       		.uleb128 0x3a
ARM GAS  C:\Users\DNIEL~1\AppData\Local\Temp\ccEnp3Ee.s 			page 38


 2090 0118 0B       		.uleb128 0xb
 2091 0119 3B       		.uleb128 0x3b
 2092 011a 0B       		.uleb128 0xb
 2093 011b 27       		.uleb128 0x27
 2094 011c 0C       		.uleb128 0xc
 2095 011d 11       		.uleb128 0x11
 2096 011e 01       		.uleb128 0x1
 2097 011f 12       		.uleb128 0x12
 2098 0120 01       		.uleb128 0x1
 2099 0121 40       		.uleb128 0x40
 2100 0122 0A       		.uleb128 0xa
 2101 0123 00       		.byte	0x0
 2102 0124 00       		.byte	0x0
 2103 0125 18       		.uleb128 0x18
 2104 0126 2E       		.uleb128 0x2e
 2105 0127 01       		.byte	0x1
 2106 0128 3F       		.uleb128 0x3f
 2107 0129 0C       		.uleb128 0xc
 2108 012a 03       		.uleb128 0x3
 2109 012b 0E       		.uleb128 0xe
 2110 012c 3A       		.uleb128 0x3a
 2111 012d 0B       		.uleb128 0xb
 2112 012e 3B       		.uleb128 0x3b
 2113 012f 0B       		.uleb128 0xb
 2114 0130 27       		.uleb128 0x27
 2115 0131 0C       		.uleb128 0xc
 2116 0132 11       		.uleb128 0x11
 2117 0133 01       		.uleb128 0x1
 2118 0134 12       		.uleb128 0x12
 2119 0135 01       		.uleb128 0x1
 2120 0136 40       		.uleb128 0x40
 2121 0137 06       		.uleb128 0x6
 2122 0138 01       		.uleb128 0x1
 2123 0139 13       		.uleb128 0x13
 2124 013a 00       		.byte	0x0
 2125 013b 00       		.byte	0x0
 2126 013c 19       		.uleb128 0x19
 2127 013d 0B       		.uleb128 0xb
 2128 013e 01       		.byte	0x1
 2129 013f 55       		.uleb128 0x55
 2130 0140 06       		.uleb128 0x6
 2131 0141 01       		.uleb128 0x1
 2132 0142 13       		.uleb128 0x13
 2133 0143 00       		.byte	0x0
 2134 0144 00       		.byte	0x0
 2135 0145 1A       		.uleb128 0x1a
 2136 0146 2E       		.uleb128 0x2e
 2137 0147 01       		.byte	0x1
 2138 0148 3F       		.uleb128 0x3f
 2139 0149 0C       		.uleb128 0xc
 2140 014a 03       		.uleb128 0x3
 2141 014b 0E       		.uleb128 0xe
 2142 014c 3A       		.uleb128 0x3a
 2143 014d 0B       		.uleb128 0xb
 2144 014e 3B       		.uleb128 0x3b
 2145 014f 0B       		.uleb128 0xb
 2146 0150 49       		.uleb128 0x49
ARM GAS  C:\Users\DNIEL~1\AppData\Local\Temp\ccEnp3Ee.s 			page 39


 2147 0151 13       		.uleb128 0x13
 2148 0152 3C       		.uleb128 0x3c
 2149 0153 0C       		.uleb128 0xc
 2150 0154 01       		.uleb128 0x1
 2151 0155 13       		.uleb128 0x13
 2152 0156 00       		.byte	0x0
 2153 0157 00       		.byte	0x0
 2154 0158 1B       		.uleb128 0x1b
 2155 0159 0B       		.uleb128 0xb
 2156 015a 01       		.byte	0x1
 2157 015b 11       		.uleb128 0x11
 2158 015c 01       		.uleb128 0x1
 2159 015d 12       		.uleb128 0x12
 2160 015e 01       		.uleb128 0x1
 2161 015f 01       		.uleb128 0x1
 2162 0160 13       		.uleb128 0x13
 2163 0161 00       		.byte	0x0
 2164 0162 00       		.byte	0x0
 2165 0163 1C       		.uleb128 0x1c
 2166 0164 2E       		.uleb128 0x2e
 2167 0165 01       		.byte	0x1
 2168 0166 3F       		.uleb128 0x3f
 2169 0167 0C       		.uleb128 0xc
 2170 0168 03       		.uleb128 0x3
 2171 0169 0E       		.uleb128 0xe
 2172 016a 3A       		.uleb128 0x3a
 2173 016b 0B       		.uleb128 0xb
 2174 016c 3B       		.uleb128 0x3b
 2175 016d 0B       		.uleb128 0xb
 2176 016e 49       		.uleb128 0x49
 2177 016f 13       		.uleb128 0x13
 2178 0170 3C       		.uleb128 0x3c
 2179 0171 0C       		.uleb128 0xc
 2180 0172 00       		.byte	0x0
 2181 0173 00       		.byte	0x0
 2182 0174 1D       		.uleb128 0x1d
 2183 0175 0B       		.uleb128 0xb
 2184 0176 01       		.byte	0x1
 2185 0177 11       		.uleb128 0x11
 2186 0178 01       		.uleb128 0x1
 2187 0179 12       		.uleb128 0x12
 2188 017a 01       		.uleb128 0x1
 2189 017b 00       		.byte	0x0
 2190 017c 00       		.byte	0x0
 2191 017d 1E       		.uleb128 0x1e
 2192 017e 0B       		.uleb128 0xb
 2193 017f 01       		.byte	0x1
 2194 0180 55       		.uleb128 0x55
 2195 0181 06       		.uleb128 0x6
 2196 0182 00       		.byte	0x0
 2197 0183 00       		.byte	0x0
 2198 0184 1F       		.uleb128 0x1f
 2199 0185 05       		.uleb128 0x5
 2200 0186 00       		.byte	0x0
 2201 0187 03       		.uleb128 0x3
 2202 0188 0E       		.uleb128 0xe
 2203 0189 3A       		.uleb128 0x3a
ARM GAS  C:\Users\DNIEL~1\AppData\Local\Temp\ccEnp3Ee.s 			page 40


 2204 018a 0B       		.uleb128 0xb
 2205 018b 3B       		.uleb128 0x3b
 2206 018c 0B       		.uleb128 0xb
 2207 018d 49       		.uleb128 0x49
 2208 018e 13       		.uleb128 0x13
 2209 018f 02       		.uleb128 0x2
 2210 0190 06       		.uleb128 0x6
 2211 0191 00       		.byte	0x0
 2212 0192 00       		.byte	0x0
 2213 0193 20       		.uleb128 0x20
 2214 0194 34       		.uleb128 0x34
 2215 0195 00       		.byte	0x0
 2216 0196 03       		.uleb128 0x3
 2217 0197 08       		.uleb128 0x8
 2218 0198 3A       		.uleb128 0x3a
 2219 0199 0B       		.uleb128 0xb
 2220 019a 3B       		.uleb128 0x3b
 2221 019b 0B       		.uleb128 0xb
 2222 019c 49       		.uleb128 0x49
 2223 019d 13       		.uleb128 0x13
 2224 019e 02       		.uleb128 0x2
 2225 019f 06       		.uleb128 0x6
 2226 01a0 00       		.byte	0x0
 2227 01a1 00       		.byte	0x0
 2228 01a2 21       		.uleb128 0x21
 2229 01a3 34       		.uleb128 0x34
 2230 01a4 00       		.byte	0x0
 2231 01a5 03       		.uleb128 0x3
 2232 01a6 0E       		.uleb128 0xe
 2233 01a7 3A       		.uleb128 0x3a
 2234 01a8 0B       		.uleb128 0xb
 2235 01a9 3B       		.uleb128 0x3b
 2236 01aa 05       		.uleb128 0x5
 2237 01ab 49       		.uleb128 0x49
 2238 01ac 13       		.uleb128 0x13
 2239 01ad 3F       		.uleb128 0x3f
 2240 01ae 0C       		.uleb128 0xc
 2241 01af 3C       		.uleb128 0x3c
 2242 01b0 0C       		.uleb128 0xc
 2243 01b1 00       		.byte	0x0
 2244 01b2 00       		.byte	0x0
 2245 01b3 22       		.uleb128 0x22
 2246 01b4 34       		.uleb128 0x34
 2247 01b5 00       		.byte	0x0
 2248 01b6 03       		.uleb128 0x3
 2249 01b7 0E       		.uleb128 0xe
 2250 01b8 3A       		.uleb128 0x3a
 2251 01b9 0B       		.uleb128 0xb
 2252 01ba 3B       		.uleb128 0x3b
 2253 01bb 0B       		.uleb128 0xb
 2254 01bc 49       		.uleb128 0x49
 2255 01bd 13       		.uleb128 0x13
 2256 01be 02       		.uleb128 0x2
 2257 01bf 0A       		.uleb128 0xa
 2258 01c0 00       		.byte	0x0
 2259 01c1 00       		.byte	0x0
 2260 01c2 00       		.byte	0x0
ARM GAS  C:\Users\DNIEL~1\AppData\Local\Temp\ccEnp3Ee.s 			page 41


 2261              		.section	.debug_pubnames,"",%progbits
 2262 0000 41000000 		.4byte	0x41
 2263 0004 0200     		.2byte	0x2
 2264 0006 00000000 		.4byte	.Ldebug_info0
 2265 000a D4060000 		.4byte	0x6d4
 2266 000e 79040000 		.4byte	0x479
 2267 0012 62757474 		.ascii	"buttonInit\000"
 2267      6F6E496E 
 2267      697400
 2268 001d 8D040000 		.4byte	0x48d
 2269 0021 62757474 		.ascii	"buttonCalc\000"
 2269      6F6E4361 
 2269      6C6300
 2270 002c 9C050000 		.4byte	0x59c
 2271 0030 636D645F 		.ascii	"cmd_buttonvalues\000"
 2271      62757474 
 2271      6F6E7661 
 2271      6C756573 
 2271      00
 2272 0041 00000000 		.4byte	0x0
 2273              		.section	.debug_pubtypes,"",%progbits
 2274 0000 0F010000 		.4byte	0x10f
 2275 0004 0200     		.2byte	0x2
 2276 0006 00000000 		.4byte	.Ldebug_info0
 2277 000a D4060000 		.4byte	0x6d4
 2278 000e 30000000 		.4byte	0x30
 2279 0012 73697A65 		.ascii	"size_t\000"
 2279      5F7400
 2280 0019 42000000 		.4byte	0x42
 2281 001d 696E7438 		.ascii	"int8_t\000"
 2281      5F7400
 2282 0024 54000000 		.4byte	0x54
 2283 0028 75696E74 		.ascii	"uint8_t\000"
 2283      385F7400 
 2284 0030 6D000000 		.4byte	0x6d
 2285 0034 75696E74 		.ascii	"uint16_t\000"
 2285      31365F74 
 2285      00
 2286 003d 7F000000 		.4byte	0x7f
 2287 0041 696E7433 		.ascii	"int32_t\000"
 2287      325F7400 
 2288 0049 91000000 		.4byte	0x91
 2289 004d 75696E74 		.ascii	"uint32_t\000"
 2289      33325F74 
 2289      00
 2290 0056 B1000000 		.4byte	0xb1
 2291 005a 626F6F6C 		.ascii	"bool_t\000"
 2291      5F7400
 2292 0061 C3000000 		.4byte	0xc3
 2293 0065 6D73675F 		.ascii	"msg_t\000"
 2293      7400
 2294 006b CE000000 		.4byte	0xce
 2295 006f 73797374 		.ascii	"systime_t\000"
 2295      696D655F 
 2295      7400
 2296 0079 0E010000 		.4byte	0x10e
 2297 007d 42617365 		.ascii	"BaseSequentialStreamVMT\000"
ARM GAS  C:\Users\DNIEL~1\AppData\Local\Temp\ccEnp3Ee.s 			page 42


 2297      53657175 
 2297      656E7469 
 2297      616C5374 
 2297      7265616D 
 2298 0095 DB010000 		.4byte	0x1db
 2299 0099 42617365 		.ascii	"BaseSequentialStream\000"
 2299      53657175 
 2299      656E7469 
 2299      616C5374 
 2299      7265616D 
 2300 00ae EB010000 		.4byte	0x1eb
 2301 00b2 42617365 		.ascii	"BaseChannelVMT\000"
 2301      4368616E 
 2301      6E656C56 
 2301      4D5400
 2302 00c1 0F030000 		.4byte	0x30f
 2303 00c5 42617365 		.ascii	"BaseChannel\000"
 2303      4368616E 
 2303      6E656C00 
 2304 00d1 F4030000 		.4byte	0x3f4
 2305 00d5 4750494F 		.ascii	"GPIO_TypeDef\000"
 2305      5F547970 
 2305      65446566 
 2305      00
 2306 00e2 0A040000 		.4byte	0x40a
 2307 00e6 5F5F7661 		.ascii	"__va_list\000"
 2307      5F6C6973 
 2307      7400
 2308 00f0 FF030000 		.4byte	0x3ff
 2309 00f4 5F5F676E 		.ascii	"__gnuc_va_list\000"
 2309      75635F76 
 2309      615F6C69 
 2309      737400
 2310 0103 24040000 		.4byte	0x424
 2311 0107 76615F6C 		.ascii	"va_list\000"
 2311      69737400 
 2312 010f 00000000 		.4byte	0x0
 2313              		.section	.debug_aranges,"",%progbits
 2314 0000 34000000 		.4byte	0x34
 2315 0004 0200     		.2byte	0x2
 2316 0006 00000000 		.4byte	.Ldebug_info0
 2317 000a 04       		.byte	0x4
 2318 000b 00       		.byte	0x0
 2319 000c 0000     		.2byte	0x0
 2320 000e 0000     		.2byte	0x0
 2321 0010 00000000 		.4byte	.LFB118
 2322 0014 1E000000 		.4byte	.LFE118-.LFB118
 2323 0018 00000000 		.4byte	.LFB119
 2324 001c 34000000 		.4byte	.LFE119-.LFB119
 2325 0020 00000000 		.4byte	.LFB120
 2326 0024 68020000 		.4byte	.LFE120-.LFB120
 2327 0028 00000000 		.4byte	.LFB121
 2328 002c 10010000 		.4byte	.LFE121-.LFB121
 2329 0030 00000000 		.4byte	0x0
 2330 0034 00000000 		.4byte	0x0
 2331              		.section	.debug_ranges,"",%progbits
 2332              	.Ldebug_ranges0:
ARM GAS  C:\Users\DNIEL~1\AppData\Local\Temp\ccEnp3Ee.s 			page 43


 2333 0000 5A010000 		.4byte	.LBB2
 2334 0004 70010000 		.4byte	.LBE2
 2335 0008 E8010000 		.4byte	.LBB11
 2336 000c F2010000 		.4byte	.LBE11
 2337 0010 00000000 		.4byte	0x0
 2338 0014 00000000 		.4byte	0x0
 2339 0018 AA010000 		.4byte	.LBB5
 2340 001c BE010000 		.4byte	.LBE5
 2341 0020 2C020000 		.4byte	.LBB13
 2342 0024 68020000 		.4byte	.LBE13
 2343 0028 00000000 		.4byte	0x0
 2344 002c 00000000 		.4byte	0x0
 2345 0030 BE010000 		.4byte	.LBB8
 2346 0034 E0010000 		.4byte	.LBE8
 2347 0038 1E020000 		.4byte	.LBB12
 2348 003c 2C020000 		.4byte	.LBE12
 2349 0040 00000000 		.4byte	0x0
 2350 0044 00000000 		.4byte	0x0
 2351 0048 00000000 		.4byte	.LFB118
 2352 004c 1E000000 		.4byte	.LFE118
 2353 0050 00000000 		.4byte	.LFB119
 2354 0054 34000000 		.4byte	.LFE119
 2355 0058 00000000 		.4byte	.LFB120
 2356 005c 68020000 		.4byte	.LFE120
 2357 0060 00000000 		.4byte	.LFB121
 2358 0064 10010000 		.4byte	.LFE121
 2359 0068 00000000 		.4byte	0x0
 2360 006c 00000000 		.4byte	0x0
 2361              		.section	.debug_str,"MS",%progbits,1
 2362              	.LASF39:
 2363 0000 4750494F 		.ascii	"GPIO_TypeDef\000"
 2363      5F547970 
 2363      65446566 
 2363      00
 2364              	.LASF60:
 2365 000d 696E6465 		.ascii	"index_left\000"
 2365      785F6C65 
 2365      667400
 2366              	.LASF54:
 2367 0018 63727569 		.ascii	"cruise_long_plusz\000"
 2367      73655F6C 
 2367      6F6E675F 
 2367      706C7573 
 2367      7A00
 2368              	.LASF20:
 2369 002a 77726974 		.ascii	"write\000"
 2369      6500
 2370              	.LASF2:
 2371 0030 696E7438 		.ascii	"int8_t\000"
 2371      5F7400
 2372              	.LASF6:
 2373 0037 73686F72 		.ascii	"short int\000"
 2373      7420696E 
 2373      7400
 2374              	.LASF1:
 2375 0041 73697A65 		.ascii	"size_t\000"
 2375      5F7400
ARM GAS  C:\Users\DNIEL~1\AppData\Local\Temp\ccEnp3Ee.s 			page 44


 2376              	.LASF68:
 2377 0048 62757474 		.ascii	"buttonInit\000"
 2377      6F6E496E 
 2377      697400
 2378              	.LASF22:
 2379 0053 42617365 		.ascii	"BaseSequentialStream\000"
 2379      53657175 
 2379      656E7469 
 2379      616C5374 
 2379      7265616D 
 2380              	.LASF66:
 2381 0068 433A5C44 		.ascii	"C:\\Dani\\MegaLux\\Repo\\Smarty\\Smarty\\smarty\\fi"
 2381      616E695C 
 2381      4D656761 
 2381      4C75785C 
 2381      5265706F 
 2382 0094 726D7761 		.ascii	"rmware\000"
 2382      726500
 2383              	.LASF45:
 2384 009b 6C696768 		.ascii	"lightPosLampOn\000"
 2384      74506F73 
 2384      4C616D70 
 2384      4F6E00
 2385              	.LASF58:
 2386 00aa 62757474 		.ascii	"button_decelerat\000"
 2386      6F6E5F64 
 2386      6563656C 
 2386      65726174 
 2386      00
 2387              	.LASF27:
 2388 00bb 77726974 		.ascii	"writet\000"
 2388      657400
 2389              	.LASF43:
 2390 00c2 76615F6C 		.ascii	"va_list\000"
 2390      69737400 
 2391              	.LASF24:
 2392 00ca 42617365 		.ascii	"BaseChannelVMT\000"
 2392      4368616E 
 2392      6E656C56 
 2392      4D5400
 2393              	.LASF4:
 2394 00d9 75696E74 		.ascii	"uint8_t\000"
 2394      385F7400 
 2395              	.LASF61:
 2396 00e1 6C616D70 		.ascii	"lamp_ok\000"
 2396      5F6F6B00 
 2397              	.LASF32:
 2398 00e9 4F545950 		.ascii	"OTYPER\000"
 2398      455200
 2399              	.LASF50:
 2400 00f0 61726763 		.ascii	"argc\000"
 2400      00
 2401              	.LASF49:
 2402 00f5 636D645F 		.ascii	"cmd_buttonvalues\000"
 2402      62757474 
 2402      6F6E7661 
 2402      6C756573 
ARM GAS  C:\Users\DNIEL~1\AppData\Local\Temp\ccEnp3Ee.s 			page 45


 2402      00
 2403              	.LASF21:
 2404 0106 72656164 		.ascii	"read\000"
 2404      00
 2405              	.LASF13:
 2406 010b 6C6F6E67 		.ascii	"long long int\000"
 2406      206C6F6E 
 2406      6720696E 
 2406      7400
 2407              	.LASF34:
 2408 0119 50555044 		.ascii	"PUPDR\000"
 2408      5200
 2409              	.LASF41:
 2410 011f 5F5F7661 		.ascii	"__va_list\000"
 2410      5F6C6973 
 2410      7400
 2411              	.LASF10:
 2412 0129 6C6F6E67 		.ascii	"long int\000"
 2412      20696E74 
 2412      00
 2413              	.LASF26:
 2414 0132 67657474 		.ascii	"gett\000"
 2414      00
 2415              	.LASF31:
 2416 0137 4D4F4445 		.ascii	"MODER\000"
 2416      5200
 2417              	.LASF30:
 2418 013d 636C6561 		.ascii	"clear\000"
 2418      7200
 2419              	.LASF65:
 2420 0143 7372632F 		.ascii	"src/button.c\000"
 2420      62757474 
 2420      6F6E2E63 
 2420      00
 2421              	.LASF47:
 2422 0150 6C696768 		.ascii	"lightFlashing\000"
 2422      74466C61 
 2422      7368696E 
 2422      6700
 2423              	.LASF55:
 2424 015e 63727569 		.ascii	"cruise_minusz\000"
 2424      73655F6D 
 2424      696E7573 
 2424      7A00
 2425              	.LASF59:
 2426 016c 696E6465 		.ascii	"index_right\000"
 2426      785F7269 
 2426      67687400 
 2427              	.LASF51:
 2428 0178 61726776 		.ascii	"argv\000"
 2428      00
 2429              	.LASF5:
 2430 017d 756E7369 		.ascii	"unsigned char\000"
 2430      676E6564 
 2430      20636861 
 2430      7200
 2431              	.LASF46:
ARM GAS  C:\Users\DNIEL~1\AppData\Local\Temp\ccEnp3Ee.s 			page 46


 2432 018b 6765744C 		.ascii	"getLightFlashing\000"
 2432      69676874 
 2432      466C6173 
 2432      68696E67 
 2432      00
 2433              	.LASF62:
 2434 019c 73656765 		.ascii	"seged\000"
 2434      6400
 2435              	.LASF53:
 2436 01a2 63727569 		.ascii	"cruise_plusz\000"
 2436      73655F70 
 2436      6C75737A 
 2436      00
 2437              	.LASF3:
 2438 01af 7369676E 		.ascii	"signed char\000"
 2438      65642063 
 2438      68617200 
 2439              	.LASF14:
 2440 01bb 6C6F6E67 		.ascii	"long long unsigned int\000"
 2440      206C6F6E 
 2440      6720756E 
 2440      7369676E 
 2440      65642069 
 2441              	.LASF11:
 2442 01d2 75696E74 		.ascii	"uint32_t\000"
 2442      33325F74 
 2442      00
 2443              	.LASF0:
 2444 01db 756E7369 		.ascii	"unsigned int\000"
 2444      676E6564 
 2444      20696E74 
 2444      00
 2445              	.LASF42:
 2446 01e8 5F5F6170 		.ascii	"__ap\000"
 2446      00
 2447              	.LASF7:
 2448 01ed 75696E74 		.ascii	"uint16_t\000"
 2448      31365F74 
 2448      00
 2449              	.LASF25:
 2450 01f6 70757474 		.ascii	"putt\000"
 2450      00
 2451              	.LASF38:
 2452 01fb 41465248 		.ascii	"AFRH\000"
 2452      00
 2453              	.LASF37:
 2454 0200 4146524C 		.ascii	"AFRL\000"
 2454      00
 2455              	.LASF8:
 2456 0205 73686F72 		.ascii	"short unsigned int\000"
 2456      7420756E 
 2456      7369676E 
 2456      65642069 
 2456      6E7400
 2457              	.LASF18:
 2458 0218 73797374 		.ascii	"systime_t\000"
 2458      696D655F 
ARM GAS  C:\Users\DNIEL~1\AppData\Local\Temp\ccEnp3Ee.s 			page 47


 2458      7400
 2459              	.LASF28:
 2460 0222 72656164 		.ascii	"readt\000"
 2460      7400
 2461              	.LASF19:
 2462 0228 63686172 		.ascii	"char\000"
 2462      00
 2463              	.LASF9:
 2464 022d 696E7433 		.ascii	"int32_t\000"
 2464      325F7400 
 2465              	.LASF15:
 2466 0235 626F6F6C 		.ascii	"bool_t\000"
 2466      5F7400
 2467              	.LASF52:
 2468 023c 63727569 		.ascii	"cruise_ok\000"
 2468      73655F6F 
 2468      6B00
 2469              	.LASF16:
 2470 0246 5F426F6F 		.ascii	"_Bool\000"
 2470      6C00
 2471              	.LASF67:
 2472 024c 63687072 		.ascii	"chprintf\000"
 2472      696E7466 
 2472      00
 2473              	.LASF33:
 2474 0255 4F535045 		.ascii	"OSPEEDR\000"
 2474      45445200 
 2475              	.LASF12:
 2476 025d 6C6F6E67 		.ascii	"long unsigned int\000"
 2476      20756E73 
 2476      69676E65 
 2476      6420696E 
 2476      7400
 2477              	.LASF48:
 2478 026f 62757474 		.ascii	"buttonCalc\000"
 2478      6F6E4361 
 2478      6C6300
 2479              	.LASF64:
 2480 027a 474E5520 		.ascii	"GNU C 4.5.2\000"
 2480      4320342E 
 2480      352E3200 
 2481              	.LASF40:
 2482 0286 5F5F676E 		.ascii	"__gnuc_va_list\000"
 2482      75635F76 
 2482      615F6C69 
 2482      737400
 2483              	.LASF57:
 2484 0295 62757474 		.ascii	"button_accel\000"
 2484      6F6E5F61 
 2484      6363656C 
 2484      00
 2485              	.LASF56:
 2486 02a2 63727569 		.ascii	"cruise_long_minusz\000"
 2486      73655F6C 
 2486      6F6E675F 
 2486      6D696E75 
 2486      737A00
ARM GAS  C:\Users\DNIEL~1\AppData\Local\Temp\ccEnp3Ee.s 			page 48


 2487              	.LASF29:
 2488 02b5 42617365 		.ascii	"BaseChannel\000"
 2488      4368616E 
 2488      6E656C00 
 2489              	.LASF63:
 2490 02c1 49544D5F 		.ascii	"ITM_RxBuffer\000"
 2490      52784275 
 2490      66666572 
 2490      00
 2491              	.LASF44:
 2492 02ce 6C696768 		.ascii	"lightPosLampOff\000"
 2492      74506F73 
 2492      4C616D70 
 2492      4F666600 
 2493              	.LASF36:
 2494 02de 4C434B52 		.ascii	"LCKR\000"
 2494      00
 2495              	.LASF17:
 2496 02e3 6D73675F 		.ascii	"msg_t\000"
 2496      7400
 2497              	.LASF23:
 2498 02e9 42617365 		.ascii	"BaseSequentialStreamVMT\000"
 2498      53657175 
 2498      656E7469 
 2498      616C5374 
 2498      7265616D 
 2499              	.LASF35:
 2500 0301 42535252 		.ascii	"BSRR\000"
 2500      00
 2501              		.ident	"GCC: (Sourcery G++ Lite 2011.03-42) 4.5.2"
ARM GAS  C:\Users\DNIEL~1\AppData\Local\Temp\ccEnp3Ee.s 			page 49


DEFINED SYMBOLS
                            *ABS*:00000000 button.c
C:\Users\DNIEL~1\AppData\Local\Temp\ccEnp3Ee.s:24     .text.chprintf:00000000 $t
C:\Users\DNIEL~1\AppData\Local\Temp\ccEnp3Ee.s:29     .text.chprintf:00000000 chprintf
C:\Users\DNIEL~1\AppData\Local\Temp\ccEnp3Ee.s:69     .text.buttonInit:00000000 $t
C:\Users\DNIEL~1\AppData\Local\Temp\ccEnp3Ee.s:75     .text.buttonInit:00000000 buttonInit
C:\Users\DNIEL~1\AppData\Local\Temp\ccEnp3Ee.s:113    .text.buttonInit:0000001c $d
C:\Users\DNIEL~1\AppData\Local\Temp\ccEnp3Ee.s:124    .text.buttonCalc:00000000 $t
C:\Users\DNIEL~1\AppData\Local\Temp\ccEnp3Ee.s:130    .text.buttonCalc:00000000 buttonCalc
C:\Users\DNIEL~1\AppData\Local\Temp\ccEnp3Ee.s:522    .text.buttonCalc:00000234 $d
C:\Users\DNIEL~1\AppData\Local\Temp\ccEnp3Ee.s:541    .text.cmd_buttonvalues:00000000 $t
C:\Users\DNIEL~1\AppData\Local\Temp\ccEnp3Ee.s:547    .text.cmd_buttonvalues:00000000 cmd_buttonvalues
C:\Users\DNIEL~1\AppData\Local\Temp\ccEnp3Ee.s:685    .text.cmd_buttonvalues:000000e4 $d
C:\Users\DNIEL~1\AppData\Local\Temp\ccEnp3Ee.s:700    .bss.cruise_long_plusz:00000000 $d
C:\Users\DNIEL~1\AppData\Local\Temp\ccEnp3Ee.s:704    .bss.cruise_long_plusz:00000000 cruise_long_plusz
C:\Users\DNIEL~1\AppData\Local\Temp\ccEnp3Ee.s:710    .bss.index_left:00000000 index_left
C:\Users\DNIEL~1\AppData\Local\Temp\ccEnp3Ee.s:711    .bss.index_left:00000000 $d
C:\Users\DNIEL~1\AppData\Local\Temp\ccEnp3Ee.s:716    .bss.button_decelerat:00000000 button_decelerat
C:\Users\DNIEL~1\AppData\Local\Temp\ccEnp3Ee.s:717    .bss.button_decelerat:00000000 $d
C:\Users\DNIEL~1\AppData\Local\Temp\ccEnp3Ee.s:722    .bss.seged:00000000 seged
C:\Users\DNIEL~1\AppData\Local\Temp\ccEnp3Ee.s:723    .bss.seged:00000000 $d
C:\Users\DNIEL~1\AppData\Local\Temp\ccEnp3Ee.s:728    .bss.lamp_ok:00000000 lamp_ok
C:\Users\DNIEL~1\AppData\Local\Temp\ccEnp3Ee.s:729    .bss.lamp_ok:00000000 $d
C:\Users\DNIEL~1\AppData\Local\Temp\ccEnp3Ee.s:734    .bss.button_accel:00000000 button_accel
C:\Users\DNIEL~1\AppData\Local\Temp\ccEnp3Ee.s:735    .bss.button_accel:00000000 $d
C:\Users\DNIEL~1\AppData\Local\Temp\ccEnp3Ee.s:737    .rodata.str1.4:00000000 $d
C:\Users\DNIEL~1\AppData\Local\Temp\ccEnp3Ee.s:764    .bss.cruise_minusz:00000000 cruise_minusz
C:\Users\DNIEL~1\AppData\Local\Temp\ccEnp3Ee.s:765    .bss.cruise_minusz:00000000 $d
C:\Users\DNIEL~1\AppData\Local\Temp\ccEnp3Ee.s:767    .bss.cruise_long_minusz:00000000 $d
C:\Users\DNIEL~1\AppData\Local\Temp\ccEnp3Ee.s:771    .bss.cruise_long_minusz:00000000 cruise_long_minusz
C:\Users\DNIEL~1\AppData\Local\Temp\ccEnp3Ee.s:777    .bss.cruise_ok:00000000 cruise_ok
C:\Users\DNIEL~1\AppData\Local\Temp\ccEnp3Ee.s:778    .bss.cruise_ok:00000000 $d
C:\Users\DNIEL~1\AppData\Local\Temp\ccEnp3Ee.s:783    .bss.cruise_plusz:00000000 cruise_plusz
C:\Users\DNIEL~1\AppData\Local\Temp\ccEnp3Ee.s:784    .bss.cruise_plusz:00000000 $d
C:\Users\DNIEL~1\AppData\Local\Temp\ccEnp3Ee.s:789    .bss.index_right:00000000 index_right
C:\Users\DNIEL~1\AppData\Local\Temp\ccEnp3Ee.s:790    .bss.index_right:00000000 $d
                     .debug_frame:00000010 $d
C:\Users\DNIEL~1\AppData\Local\Temp\ccEnp3Ee.s:123    .text.buttonInit:00000034 $t
C:\Users\DNIEL~1\AppData\Local\Temp\ccEnp3Ee.s:540    .text.buttonCalc:00000268 $t

UNDEFINED SYMBOLS
chvprintf
__aeabi_ui2d
dspGetValue
getLightFlashing
lightPosLampOff
cruiseStatus
cruiseDisable
speedKMPH_TO_RPM
cruiseIncrease
cruiseReduction
lightFlashing
cruiseEnable
lightPosLampOn
cruiseDecelerat
cruiseAccel
cruiseDeceleratOk
ARM GAS  C:\Users\DNIEL~1\AppData\Local\Temp\ccEnp3Ee.s 			page 50


cruiseAccelOk
chThdSleep
