ARM GAS  C:\Users\srich\AppData\Local\Temp\cc8Kj9XE.s 			page 1


   1              		.syntax unified
   2              		.cpu cortex-m4
   3              		.fpu softvfp
   4              		.eabi_attribute 20, 1
   5              		.eabi_attribute 21, 1
   6              		.eabi_attribute 23, 3
   7              		.eabi_attribute 24, 1
   8              		.eabi_attribute 25, 1
   9              		.eabi_attribute 26, 1
  10              		.eabi_attribute 30, 2
  11              		.eabi_attribute 34, 1
  12              		.eabi_attribute 18, 4
  13              		.thumb
  14              		.file	"ccsbcs.c"
  15              		.text
  16              	.Ltext0:
  17              		.cfi_sections	.debug_frame
  18              		.section	.text.ff_convert,"ax",%progbits
  19              		.align	2
  20              		.p2align 4,,15
  21              		.global	ff_convert
  22              		.thumb
  23              		.thumb_func
  24              		.type	ff_convert, %function
  25              	ff_convert:
  26              	.LFB7:
  27              		.file 1 "../../../ChibiOS/ext/fatfs/src/option/ccsbcs.c"
  28              		.loc 1 505 0
  29              		.cfi_startproc
  30              		@ args = 0, pretend = 0, frame = 0
  31              		@ frame_needed = 0, uses_anonymous_args = 0
  32              		@ link register save eliminated.
  33              		.loc 1 509 0
  34 0000 7F28     		cmp	r0, #127
  35 0002 11D9     		bls	.L11
  36              		.loc 1 513 0
  37 0004 89B9     		cbnz	r1, .L13
  38              		.loc 1 505 0
  39 0006 10B4     		push	{r4}
  40              		.cfi_def_cfa_offset 4
  41              		.cfi_offset 4, -4
  42 0008 0D4B     		ldr	r3, .L15
  43 000a 01E0     		b	.L6
  44              	.L4:
  45              		.loc 1 517 0 discriminator 2
  46 000c 8029     		cmp	r1, #128
  47 000e 15D0     		beq	.L14
  48              	.L6:
  49              		.loc 1 518 0
  50 0010 33F8022F 		ldrh	r2, [r3, #2]!
  51 0014 8242     		cmp	r2, r0
  52 0016 8CB2     		uxth	r4, r1
  53 0018 01F10101 		add	r1, r1, #1
  54 001c F6D1     		bne	.L4
  55 001e 04F18000 		add	r0, r4, #128
  56 0022 80B2     		uxth	r0, r0
  57              	.L2:
ARM GAS  C:\Users\srich\AppData\Local\Temp\cc8Kj9XE.s 			page 2


  58              		.loc 1 525 0
  59 0024 5DF8044B 		ldr	r4, [sp], #4
  60              		.cfi_restore 4
  61              		.cfi_def_cfa_offset 0
  62              	.L11:
  63 0028 7047     		bx	lr
  64              	.L13:
  65              		.loc 1 514 0
  66 002a FF28     		cmp	r0, #255
  67 002c 04D8     		bhi	.L7
  68              		.loc 1 514 0 is_stmt 0 discriminator 1
  69 002e 054B     		ldr	r3, .L15+4
  70 0030 8038     		subs	r0, r0, #128
  71 0032 33F81000 		ldrh	r0, [r3, r0, lsl #1]
  72 0036 7047     		bx	lr
  73              	.L7:
  74              		.loc 1 514 0
  75 0038 0020     		movs	r0, #0
  76 003a 7047     		bx	lr
  77              	.L14:
  78              		.cfi_def_cfa_offset 4
  79              		.cfi_offset 4, -4
  80 003c 0020     		movs	r0, #0
  81 003e F1E7     		b	.L2
  82              	.L16:
  83              		.align	2
  84              	.L15:
  85 0040 FEFFFFFF 		.word	.LANCHOR0-2
  86 0044 00000000 		.word	.LANCHOR0
  87              		.cfi_endproc
  88              	.LFE7:
  89              		.size	ff_convert, .-ff_convert
  90              		.section	.text.ff_wtoupper,"ax",%progbits
  91              		.align	2
  92              		.p2align 4,,15
  93              		.global	ff_wtoupper
  94              		.thumb
  95              		.thumb_func
  96              		.type	ff_wtoupper, %function
  97              	ff_wtoupper:
  98              	.LFB8:
  99              		.loc 1 531 0 is_stmt 1
 100              		.cfi_startproc
 101              		@ args = 0, pretend = 0, frame = 0
 102              		@ frame_needed = 0, uses_anonymous_args = 0
 103              		@ link register save eliminated.
 104              	.LVL0:
 105              		.loc 1 537 0
 106 0000 6128     		cmp	r0, #97
 107 0002 0AD0     		beq	.L21
 108 0004 0749     		ldr	r1, .L26
 109 0006 0022     		movs	r2, #0
 110 0008 01E0     		b	.L20
 111              	.LVL1:
 112              	.L25:
 113              		.loc 1 537 0 is_stmt 0 discriminator 3
 114 000a 8342     		cmp	r3, r0
ARM GAS  C:\Users\srich\AppData\Local\Temp\cc8Kj9XE.s 			page 3


 115 000c 06D0     		beq	.L18
 116              	.LVL2:
 117              	.L20:
 118              		.loc 1 537 0 discriminator 4
 119 000e 31F8023F 		ldrh	r3, [r1, #2]!
 120 0012 0132     		adds	r2, r2, #1
 121              	.LVL3:
 122 0014 002B     		cmp	r3, #0
 123 0016 F8D1     		bne	.L25
 124              		.loc 1 540 0 is_stmt 1
 125 0018 7047     		bx	lr
 126              	.LVL4:
 127              	.L21:
 128              		.loc 1 537 0
 129 001a 0022     		movs	r2, #0
 130              	.LVL5:
 131              	.L18:
 132              		.loc 1 539 0
 133 001c 024B     		ldr	r3, .L26+4
 134 001e 33F81200 		ldrh	r0, [r3, r2, lsl #1]
 135              	.LVL6:
 136              		.loc 1 540 0
 137 0022 7047     		bx	lr
 138              	.L27:
 139              		.align	2
 140              	.L26:
 141 0024 00000000 		.word	.LANCHOR1
 142 0028 00000000 		.word	.LANCHOR2
 143              		.cfi_endproc
 144              	.LFE8:
 145              		.size	ff_wtoupper, .-ff_wtoupper
 146              		.section	.rodata.tbl_upper.5006,"a",%progbits
 147              		.align	2
 148              		.set	.LANCHOR2,. + 0
 149              		.type	tbl_upper.5006, %object
 150              		.size	tbl_upper.5006, 480
 151              	tbl_upper.5006:
 152 0000 4100     		.short	65
 153 0002 4200     		.short	66
 154 0004 4300     		.short	67
 155 0006 4400     		.short	68
 156 0008 4500     		.short	69
 157 000a 4600     		.short	70
 158 000c 4700     		.short	71
 159 000e 4800     		.short	72
 160 0010 4900     		.short	73
 161 0012 4A00     		.short	74
 162 0014 4B00     		.short	75
 163 0016 4C00     		.short	76
 164 0018 4D00     		.short	77
 165 001a 4E00     		.short	78
 166 001c 4F00     		.short	79
 167 001e 5000     		.short	80
 168 0020 5100     		.short	81
 169 0022 5200     		.short	82
 170 0024 5300     		.short	83
 171 0026 5400     		.short	84
ARM GAS  C:\Users\srich\AppData\Local\Temp\cc8Kj9XE.s 			page 4


 172 0028 5500     		.short	85
 173 002a 5600     		.short	86
 174 002c 5700     		.short	87
 175 002e 5800     		.short	88
 176 0030 5900     		.short	89
 177 0032 5A00     		.short	90
 178 0034 2100     		.short	33
 179 0036 E0FF     		.short	-32
 180 0038 E1FF     		.short	-31
 181 003a E5FF     		.short	-27
 182 003c E2FF     		.short	-30
 183 003e E3FF     		.short	-29
 184 0040 C000     		.short	192
 185 0042 C100     		.short	193
 186 0044 C200     		.short	194
 187 0046 C300     		.short	195
 188 0048 C400     		.short	196
 189 004a C500     		.short	197
 190 004c C600     		.short	198
 191 004e C700     		.short	199
 192 0050 C800     		.short	200
 193 0052 C900     		.short	201
 194 0054 CA00     		.short	202
 195 0056 CB00     		.short	203
 196 0058 CC00     		.short	204
 197 005a CD00     		.short	205
 198 005c CE00     		.short	206
 199 005e CF00     		.short	207
 200 0060 D000     		.short	208
 201 0062 D100     		.short	209
 202 0064 D200     		.short	210
 203 0066 D300     		.short	211
 204 0068 D400     		.short	212
 205 006a D500     		.short	213
 206 006c D600     		.short	214
 207 006e D800     		.short	216
 208 0070 D900     		.short	217
 209 0072 DA00     		.short	218
 210 0074 DB00     		.short	219
 211 0076 DC00     		.short	220
 212 0078 DD00     		.short	221
 213 007a DE00     		.short	222
 214 007c 7801     		.short	376
 215 007e 0001     		.short	256
 216 0080 0201     		.short	258
 217 0082 0401     		.short	260
 218 0084 0601     		.short	262
 219 0086 0801     		.short	264
 220 0088 0A01     		.short	266
 221 008a 0C01     		.short	268
 222 008c 0E01     		.short	270
 223 008e 1001     		.short	272
 224 0090 1201     		.short	274
 225 0092 1401     		.short	276
 226 0094 1601     		.short	278
 227 0096 1801     		.short	280
 228 0098 1A01     		.short	282
ARM GAS  C:\Users\srich\AppData\Local\Temp\cc8Kj9XE.s 			page 5


 229 009a 1C01     		.short	284
 230 009c 1E01     		.short	286
 231 009e 2001     		.short	288
 232 00a0 2201     		.short	290
 233 00a2 2401     		.short	292
 234 00a4 2601     		.short	294
 235 00a6 2801     		.short	296
 236 00a8 2A01     		.short	298
 237 00aa 2C01     		.short	300
 238 00ac 2E01     		.short	302
 239 00ae 3001     		.short	304
 240 00b0 3201     		.short	306
 241 00b2 3401     		.short	308
 242 00b4 3601     		.short	310
 243 00b6 3901     		.short	313
 244 00b8 3B01     		.short	315
 245 00ba 3D01     		.short	317
 246 00bc 3F01     		.short	319
 247 00be 4101     		.short	321
 248 00c0 4301     		.short	323
 249 00c2 4501     		.short	325
 250 00c4 4701     		.short	327
 251 00c6 4A01     		.short	330
 252 00c8 4C01     		.short	332
 253 00ca 4E01     		.short	334
 254 00cc 5001     		.short	336
 255 00ce 5201     		.short	338
 256 00d0 5401     		.short	340
 257 00d2 5601     		.short	342
 258 00d4 5801     		.short	344
 259 00d6 5A01     		.short	346
 260 00d8 5C01     		.short	348
 261 00da 5E01     		.short	350
 262 00dc 6001     		.short	352
 263 00de 6201     		.short	354
 264 00e0 6401     		.short	356
 265 00e2 6601     		.short	358
 266 00e4 6801     		.short	360
 267 00e6 6A01     		.short	362
 268 00e8 6C01     		.short	364
 269 00ea 6E01     		.short	366
 270 00ec 7001     		.short	368
 271 00ee 7201     		.short	370
 272 00f0 7401     		.short	372
 273 00f2 7601     		.short	374
 274 00f4 7901     		.short	377
 275 00f6 7B01     		.short	379
 276 00f8 7D01     		.short	381
 277 00fa 9101     		.short	401
 278 00fc 9103     		.short	913
 279 00fe 9203     		.short	914
 280 0100 9303     		.short	915
 281 0102 9403     		.short	916
 282 0104 9503     		.short	917
 283 0106 9603     		.short	918
 284 0108 9703     		.short	919
 285 010a 9803     		.short	920
ARM GAS  C:\Users\srich\AppData\Local\Temp\cc8Kj9XE.s 			page 6


 286 010c 9903     		.short	921
 287 010e 9A03     		.short	922
 288 0110 9B03     		.short	923
 289 0112 9C03     		.short	924
 290 0114 9D03     		.short	925
 291 0116 9E03     		.short	926
 292 0118 9F03     		.short	927
 293 011a A003     		.short	928
 294 011c A103     		.short	929
 295 011e A303     		.short	931
 296 0120 A403     		.short	932
 297 0122 A503     		.short	933
 298 0124 A603     		.short	934
 299 0126 A703     		.short	935
 300 0128 A803     		.short	936
 301 012a A903     		.short	937
 302 012c AA03     		.short	938
 303 012e 1004     		.short	1040
 304 0130 1104     		.short	1041
 305 0132 1204     		.short	1042
 306 0134 1304     		.short	1043
 307 0136 1404     		.short	1044
 308 0138 1504     		.short	1045
 309 013a 1604     		.short	1046
 310 013c 1704     		.short	1047
 311 013e 1804     		.short	1048
 312 0140 1904     		.short	1049
 313 0142 1A04     		.short	1050
 314 0144 1B04     		.short	1051
 315 0146 1C04     		.short	1052
 316 0148 1D04     		.short	1053
 317 014a 1E04     		.short	1054
 318 014c 1F04     		.short	1055
 319 014e 2004     		.short	1056
 320 0150 2104     		.short	1057
 321 0152 2204     		.short	1058
 322 0154 2304     		.short	1059
 323 0156 2404     		.short	1060
 324 0158 2504     		.short	1061
 325 015a 2604     		.short	1062
 326 015c 2704     		.short	1063
 327 015e 2804     		.short	1064
 328 0160 2904     		.short	1065
 329 0162 2A04     		.short	1066
 330 0164 2B04     		.short	1067
 331 0166 2C04     		.short	1068
 332 0168 2D04     		.short	1069
 333 016a 2E04     		.short	1070
 334 016c 2F04     		.short	1071
 335 016e 0104     		.short	1025
 336 0170 0204     		.short	1026
 337 0172 0304     		.short	1027
 338 0174 0404     		.short	1028
 339 0176 0504     		.short	1029
 340 0178 0604     		.short	1030
 341 017a 0704     		.short	1031
 342 017c 0804     		.short	1032
ARM GAS  C:\Users\srich\AppData\Local\Temp\cc8Kj9XE.s 			page 7


 343 017e 0904     		.short	1033
 344 0180 0A04     		.short	1034
 345 0182 0B04     		.short	1035
 346 0184 0C04     		.short	1036
 347 0186 0E04     		.short	1038
 348 0188 0F04     		.short	1039
 349 018a 6021     		.short	8544
 350 018c 6121     		.short	8545
 351 018e 6221     		.short	8546
 352 0190 6321     		.short	8547
 353 0192 6421     		.short	8548
 354 0194 6521     		.short	8549
 355 0196 6621     		.short	8550
 356 0198 6721     		.short	8551
 357 019a 6821     		.short	8552
 358 019c 6921     		.short	8553
 359 019e 6A21     		.short	8554
 360 01a0 6B21     		.short	8555
 361 01a2 6C21     		.short	8556
 362 01a4 6D21     		.short	8557
 363 01a6 6E21     		.short	8558
 364 01a8 6F21     		.short	8559
 365 01aa 21FF     		.short	-223
 366 01ac 22FF     		.short	-222
 367 01ae 23FF     		.short	-221
 368 01b0 24FF     		.short	-220
 369 01b2 25FF     		.short	-219
 370 01b4 26FF     		.short	-218
 371 01b6 27FF     		.short	-217
 372 01b8 28FF     		.short	-216
 373 01ba 29FF     		.short	-215
 374 01bc 2AFF     		.short	-214
 375 01be 2BFF     		.short	-213
 376 01c0 2CFF     		.short	-212
 377 01c2 2DFF     		.short	-211
 378 01c4 2EFF     		.short	-210
 379 01c6 2FFF     		.short	-209
 380 01c8 30FF     		.short	-208
 381 01ca 31FF     		.short	-207
 382 01cc 32FF     		.short	-206
 383 01ce 33FF     		.short	-205
 384 01d0 34FF     		.short	-204
 385 01d2 35FF     		.short	-203
 386 01d4 36FF     		.short	-202
 387 01d6 37FF     		.short	-201
 388 01d8 38FF     		.short	-200
 389 01da 39FF     		.short	-199
 390 01dc 3AFF     		.short	-198
 391 01de 0000     		.short	0
 392              		.section	.rodata.Tbl,"a",%progbits
 393              		.align	2
 394              		.set	.LANCHOR0,. + 0
 395              		.type	Tbl, %object
 396              		.size	Tbl, 256
 397              	Tbl:
 398 0000 AC20     		.short	8364
 399 0002 0000     		.short	0
ARM GAS  C:\Users\srich\AppData\Local\Temp\cc8Kj9XE.s 			page 8


 400 0004 1A20     		.short	8218
 401 0006 0000     		.short	0
 402 0008 1E20     		.short	8222
 403 000a 2620     		.short	8230
 404 000c 2020     		.short	8224
 405 000e 2120     		.short	8225
 406 0010 0000     		.short	0
 407 0012 3020     		.short	8240
 408 0014 6001     		.short	352
 409 0016 3920     		.short	8249
 410 0018 5A01     		.short	346
 411 001a 6401     		.short	356
 412 001c 7D01     		.short	381
 413 001e 7901     		.short	377
 414 0020 0000     		.short	0
 415 0022 1820     		.short	8216
 416 0024 1920     		.short	8217
 417 0026 1C20     		.short	8220
 418 0028 1D20     		.short	8221
 419 002a 2220     		.short	8226
 420 002c 1320     		.short	8211
 421 002e 1420     		.short	8212
 422 0030 0000     		.short	0
 423 0032 2221     		.short	8482
 424 0034 6101     		.short	353
 425 0036 3A20     		.short	8250
 426 0038 5B01     		.short	347
 427 003a 6501     		.short	357
 428 003c 7E01     		.short	382
 429 003e 7A01     		.short	378
 430 0040 A000     		.short	160
 431 0042 C702     		.short	711
 432 0044 D802     		.short	728
 433 0046 4101     		.short	321
 434 0048 A400     		.short	164
 435 004a 0401     		.short	260
 436 004c A600     		.short	166
 437 004e A700     		.short	167
 438 0050 A800     		.short	168
 439 0052 A900     		.short	169
 440 0054 5E01     		.short	350
 441 0056 AB00     		.short	171
 442 0058 AC00     		.short	172
 443 005a AD00     		.short	173
 444 005c AE00     		.short	174
 445 005e 7B01     		.short	379
 446 0060 B000     		.short	176
 447 0062 B100     		.short	177
 448 0064 DB02     		.short	731
 449 0066 4201     		.short	322
 450 0068 B400     		.short	180
 451 006a B500     		.short	181
 452 006c B600     		.short	182
 453 006e B700     		.short	183
 454 0070 B800     		.short	184
 455 0072 0501     		.short	261
 456 0074 5F01     		.short	351
ARM GAS  C:\Users\srich\AppData\Local\Temp\cc8Kj9XE.s 			page 9


 457 0076 BB00     		.short	187
 458 0078 3D01     		.short	317
 459 007a DD02     		.short	733
 460 007c 3E01     		.short	318
 461 007e 7C01     		.short	380
 462 0080 5401     		.short	340
 463 0082 C100     		.short	193
 464 0084 C200     		.short	194
 465 0086 0201     		.short	258
 466 0088 C400     		.short	196
 467 008a 3901     		.short	313
 468 008c 0601     		.short	262
 469 008e C700     		.short	199
 470 0090 0C01     		.short	268
 471 0092 C900     		.short	201
 472 0094 1801     		.short	280
 473 0096 CB00     		.short	203
 474 0098 1A01     		.short	282
 475 009a CD00     		.short	205
 476 009c CE00     		.short	206
 477 009e 0E01     		.short	270
 478 00a0 1001     		.short	272
 479 00a2 4301     		.short	323
 480 00a4 4701     		.short	327
 481 00a6 D300     		.short	211
 482 00a8 D400     		.short	212
 483 00aa 5001     		.short	336
 484 00ac D600     		.short	214
 485 00ae D700     		.short	215
 486 00b0 5801     		.short	344
 487 00b2 6E01     		.short	366
 488 00b4 DA00     		.short	218
 489 00b6 7001     		.short	368
 490 00b8 DC00     		.short	220
 491 00ba DD00     		.short	221
 492 00bc 6201     		.short	354
 493 00be DF00     		.short	223
 494 00c0 5501     		.short	341
 495 00c2 E100     		.short	225
 496 00c4 E200     		.short	226
 497 00c6 0301     		.short	259
 498 00c8 E400     		.short	228
 499 00ca 3A01     		.short	314
 500 00cc 0701     		.short	263
 501 00ce E700     		.short	231
 502 00d0 0D01     		.short	269
 503 00d2 E900     		.short	233
 504 00d4 1901     		.short	281
 505 00d6 EB00     		.short	235
 506 00d8 1B01     		.short	283
 507 00da ED00     		.short	237
 508 00dc EE00     		.short	238
 509 00de 0F01     		.short	271
 510 00e0 1101     		.short	273
 511 00e2 4401     		.short	324
 512 00e4 4801     		.short	328
 513 00e6 F300     		.short	243
ARM GAS  C:\Users\srich\AppData\Local\Temp\cc8Kj9XE.s 			page 10


 514 00e8 F400     		.short	244
 515 00ea 5101     		.short	337
 516 00ec F600     		.short	246
 517 00ee F700     		.short	247
 518 00f0 5901     		.short	345
 519 00f2 6F01     		.short	367
 520 00f4 FA00     		.short	250
 521 00f6 7101     		.short	369
 522 00f8 FC00     		.short	252
 523 00fa FD00     		.short	253
 524 00fc 6301     		.short	355
 525 00fe D902     		.short	729
 526              		.section	.rodata.tbl_lower.5005,"a",%progbits
 527              		.align	2
 528              		.set	.LANCHOR1,. + 0
 529              		.type	tbl_lower.5005, %object
 530              		.size	tbl_lower.5005, 480
 531              	tbl_lower.5005:
 532 0000 6100     		.short	97
 533 0002 6200     		.short	98
 534 0004 6300     		.short	99
 535 0006 6400     		.short	100
 536 0008 6500     		.short	101
 537 000a 6600     		.short	102
 538 000c 6700     		.short	103
 539 000e 6800     		.short	104
 540 0010 6900     		.short	105
 541 0012 6A00     		.short	106
 542 0014 6B00     		.short	107
 543 0016 6C00     		.short	108
 544 0018 6D00     		.short	109
 545 001a 6E00     		.short	110
 546 001c 6F00     		.short	111
 547 001e 7000     		.short	112
 548 0020 7100     		.short	113
 549 0022 7200     		.short	114
 550 0024 7300     		.short	115
 551 0026 7400     		.short	116
 552 0028 7500     		.short	117
 553 002a 7600     		.short	118
 554 002c 7700     		.short	119
 555 002e 7800     		.short	120
 556 0030 7900     		.short	121
 557 0032 7A00     		.short	122
 558 0034 A100     		.short	161
 559 0036 A200     		.short	162
 560 0038 A300     		.short	163
 561 003a A500     		.short	165
 562 003c AC00     		.short	172
 563 003e AF00     		.short	175
 564 0040 E000     		.short	224
 565 0042 E100     		.short	225
 566 0044 E200     		.short	226
 567 0046 E300     		.short	227
 568 0048 E400     		.short	228
 569 004a E500     		.short	229
 570 004c E600     		.short	230
ARM GAS  C:\Users\srich\AppData\Local\Temp\cc8Kj9XE.s 			page 11


 571 004e E700     		.short	231
 572 0050 E800     		.short	232
 573 0052 E900     		.short	233
 574 0054 EA00     		.short	234
 575 0056 EB00     		.short	235
 576 0058 EC00     		.short	236
 577 005a ED00     		.short	237
 578 005c EE00     		.short	238
 579 005e EF00     		.short	239
 580 0060 F000     		.short	240
 581 0062 F100     		.short	241
 582 0064 F200     		.short	242
 583 0066 F300     		.short	243
 584 0068 F400     		.short	244
 585 006a F500     		.short	245
 586 006c F600     		.short	246
 587 006e F800     		.short	248
 588 0070 F900     		.short	249
 589 0072 FA00     		.short	250
 590 0074 FB00     		.short	251
 591 0076 FC00     		.short	252
 592 0078 FD00     		.short	253
 593 007a FE00     		.short	254
 594 007c FF00     		.short	255
 595 007e 0101     		.short	257
 596 0080 0301     		.short	259
 597 0082 0501     		.short	261
 598 0084 0701     		.short	263
 599 0086 0901     		.short	265
 600 0088 0B01     		.short	267
 601 008a 0D01     		.short	269
 602 008c 0F01     		.short	271
 603 008e 1101     		.short	273
 604 0090 1301     		.short	275
 605 0092 1501     		.short	277
 606 0094 1701     		.short	279
 607 0096 1901     		.short	281
 608 0098 1B01     		.short	283
 609 009a 1D01     		.short	285
 610 009c 1F01     		.short	287
 611 009e 2101     		.short	289
 612 00a0 2301     		.short	291
 613 00a2 2501     		.short	293
 614 00a4 2701     		.short	295
 615 00a6 2901     		.short	297
 616 00a8 2B01     		.short	299
 617 00aa 2D01     		.short	301
 618 00ac 2F01     		.short	303
 619 00ae 3101     		.short	305
 620 00b0 3301     		.short	307
 621 00b2 3501     		.short	309
 622 00b4 3701     		.short	311
 623 00b6 3A01     		.short	314
 624 00b8 3C01     		.short	316
 625 00ba 3E01     		.short	318
 626 00bc 4001     		.short	320
 627 00be 4201     		.short	322
ARM GAS  C:\Users\srich\AppData\Local\Temp\cc8Kj9XE.s 			page 12


 628 00c0 4401     		.short	324
 629 00c2 4601     		.short	326
 630 00c4 4801     		.short	328
 631 00c6 4B01     		.short	331
 632 00c8 4D01     		.short	333
 633 00ca 4F01     		.short	335
 634 00cc 5101     		.short	337
 635 00ce 5301     		.short	339
 636 00d0 5501     		.short	341
 637 00d2 5701     		.short	343
 638 00d4 5901     		.short	345
 639 00d6 5B01     		.short	347
 640 00d8 5D01     		.short	349
 641 00da 5F01     		.short	351
 642 00dc 6101     		.short	353
 643 00de 6301     		.short	355
 644 00e0 6501     		.short	357
 645 00e2 6701     		.short	359
 646 00e4 6901     		.short	361
 647 00e6 6B01     		.short	363
 648 00e8 6D01     		.short	365
 649 00ea 6F01     		.short	367
 650 00ec 7101     		.short	369
 651 00ee 7301     		.short	371
 652 00f0 7501     		.short	373
 653 00f2 7701     		.short	375
 654 00f4 7A01     		.short	378
 655 00f6 7C01     		.short	380
 656 00f8 7E01     		.short	382
 657 00fa 9201     		.short	402
 658 00fc B103     		.short	945
 659 00fe B203     		.short	946
 660 0100 B303     		.short	947
 661 0102 B403     		.short	948
 662 0104 B503     		.short	949
 663 0106 B603     		.short	950
 664 0108 B703     		.short	951
 665 010a B803     		.short	952
 666 010c B903     		.short	953
 667 010e BA03     		.short	954
 668 0110 BB03     		.short	955
 669 0112 BC03     		.short	956
 670 0114 BD03     		.short	957
 671 0116 BE03     		.short	958
 672 0118 BF03     		.short	959
 673 011a C003     		.short	960
 674 011c C103     		.short	961
 675 011e C303     		.short	963
 676 0120 C403     		.short	964
 677 0122 C503     		.short	965
 678 0124 C603     		.short	966
 679 0126 C703     		.short	967
 680 0128 C803     		.short	968
 681 012a C903     		.short	969
 682 012c CA03     		.short	970
 683 012e 3004     		.short	1072
 684 0130 3104     		.short	1073
ARM GAS  C:\Users\srich\AppData\Local\Temp\cc8Kj9XE.s 			page 13


 685 0132 3204     		.short	1074
 686 0134 3304     		.short	1075
 687 0136 3404     		.short	1076
 688 0138 3504     		.short	1077
 689 013a 3604     		.short	1078
 690 013c 3704     		.short	1079
 691 013e 3804     		.short	1080
 692 0140 3904     		.short	1081
 693 0142 3A04     		.short	1082
 694 0144 3B04     		.short	1083
 695 0146 3C04     		.short	1084
 696 0148 3D04     		.short	1085
 697 014a 3E04     		.short	1086
 698 014c 3F04     		.short	1087
 699 014e 4004     		.short	1088
 700 0150 4104     		.short	1089
 701 0152 4204     		.short	1090
 702 0154 4304     		.short	1091
 703 0156 4404     		.short	1092
 704 0158 4504     		.short	1093
 705 015a 4604     		.short	1094
 706 015c 4704     		.short	1095
 707 015e 4804     		.short	1096
 708 0160 4904     		.short	1097
 709 0162 4A04     		.short	1098
 710 0164 4B04     		.short	1099
 711 0166 4C04     		.short	1100
 712 0168 4D04     		.short	1101
 713 016a 4E04     		.short	1102
 714 016c 4F04     		.short	1103
 715 016e 5104     		.short	1105
 716 0170 5204     		.short	1106
 717 0172 5304     		.short	1107
 718 0174 5404     		.short	1108
 719 0176 5504     		.short	1109
 720 0178 5604     		.short	1110
 721 017a 5704     		.short	1111
 722 017c 5804     		.short	1112
 723 017e 5904     		.short	1113
 724 0180 5A04     		.short	1114
 725 0182 5B04     		.short	1115
 726 0184 5C04     		.short	1116
 727 0186 5E04     		.short	1118
 728 0188 5F04     		.short	1119
 729 018a 7021     		.short	8560
 730 018c 7121     		.short	8561
 731 018e 7221     		.short	8562
 732 0190 7321     		.short	8563
 733 0192 7421     		.short	8564
 734 0194 7521     		.short	8565
 735 0196 7621     		.short	8566
 736 0198 7721     		.short	8567
 737 019a 7821     		.short	8568
 738 019c 7921     		.short	8569
 739 019e 7A21     		.short	8570
 740 01a0 7B21     		.short	8571
 741 01a2 7C21     		.short	8572
ARM GAS  C:\Users\srich\AppData\Local\Temp\cc8Kj9XE.s 			page 14


 742 01a4 7D21     		.short	8573
 743 01a6 7E21     		.short	8574
 744 01a8 7F21     		.short	8575
 745 01aa 41FF     		.short	-191
 746 01ac 42FF     		.short	-190
 747 01ae 43FF     		.short	-189
 748 01b0 44FF     		.short	-188
 749 01b2 45FF     		.short	-187
 750 01b4 46FF     		.short	-186
 751 01b6 47FF     		.short	-185
 752 01b8 48FF     		.short	-184
 753 01ba 49FF     		.short	-183
 754 01bc 4AFF     		.short	-182
 755 01be 4BFF     		.short	-181
 756 01c0 4CFF     		.short	-180
 757 01c2 4DFF     		.short	-179
 758 01c4 4EFF     		.short	-178
 759 01c6 4FFF     		.short	-177
 760 01c8 50FF     		.short	-176
 761 01ca 51FF     		.short	-175
 762 01cc 52FF     		.short	-174
 763 01ce 53FF     		.short	-173
 764 01d0 54FF     		.short	-172
 765 01d2 55FF     		.short	-171
 766 01d4 56FF     		.short	-170
 767 01d6 57FF     		.short	-169
 768 01d8 58FF     		.short	-168
 769 01da 59FF     		.short	-167
 770 01dc 5AFF     		.short	-166
 771 01de 0000     		.short	0
 772              		.text
 773              	.Letext0:
 774              		.file 2 "d:\\github\\chibios\\ext\\fatfs\\src\\integer.h"
 775              		.section	.debug_info,"",%progbits
 776              	.Ldebug_info0:
 777 0000 74010000 		.4byte	0x174
 778 0004 0400     		.2byte	0x4
 779 0006 00000000 		.4byte	.Ldebug_abbrev0
 780 000a 04       		.byte	0x4
 781 000b 01       		.uleb128 0x1
 782 000c 09010000 		.4byte	.LASF18
 783 0010 01       		.byte	0x1
 784 0011 2E000000 		.4byte	.LASF19
 785 0015 90000000 		.4byte	.LASF20
 786 0019 00000000 		.4byte	.Ldebug_ranges0+0
 787 001d 00000000 		.4byte	0
 788 0021 00000000 		.4byte	.Ldebug_line0
 789 0025 02       		.uleb128 0x2
 790 0026 04       		.byte	0x4
 791 0027 05       		.byte	0x5
 792 0028 696E7400 		.ascii	"int\000"
 793 002c 03       		.uleb128 0x3
 794 002d C4000000 		.4byte	.LASF5
 795 0031 02       		.byte	0x2
 796 0032 11       		.byte	0x11
 797 0033 37000000 		.4byte	0x37
 798 0037 04       		.uleb128 0x4
ARM GAS  C:\Users\srich\AppData\Local\Temp\cc8Kj9XE.s 			page 15


 799 0038 04       		.byte	0x4
 800 0039 07       		.byte	0x7
 801 003a 21000000 		.4byte	.LASF0
 802 003e 04       		.uleb128 0x4
 803 003f 01       		.byte	0x1
 804 0040 08       		.byte	0x8
 805 0041 BF000000 		.4byte	.LASF1
 806 0045 04       		.uleb128 0x4
 807 0046 01       		.byte	0x1
 808 0047 08       		.byte	0x8
 809 0048 B1000000 		.4byte	.LASF2
 810 004c 04       		.uleb128 0x4
 811 004d 02       		.byte	0x2
 812 004e 05       		.byte	0x5
 813 004f FF000000 		.4byte	.LASF3
 814 0053 04       		.uleb128 0x4
 815 0054 02       		.byte	0x2
 816 0055 07       		.byte	0x7
 817 0056 0E000000 		.4byte	.LASF4
 818 005a 03       		.uleb128 0x3
 819 005b 5D000000 		.4byte	.LASF6
 820 005f 02       		.byte	0x2
 821 0060 1C       		.byte	0x1c
 822 0061 53000000 		.4byte	0x53
 823 0065 04       		.uleb128 0x4
 824 0066 04       		.byte	0x4
 825 0067 05       		.byte	0x5
 826 0068 C9000000 		.4byte	.LASF7
 827 006c 04       		.uleb128 0x4
 828 006d 04       		.byte	0x4
 829 006e 07       		.byte	0x7
 830 006f D2000000 		.4byte	.LASF8
 831 0073 04       		.uleb128 0x4
 832 0074 01       		.byte	0x1
 833 0075 06       		.byte	0x6
 834 0076 EA000000 		.4byte	.LASF9
 835 007a 04       		.uleb128 0x4
 836 007b 08       		.byte	0x8
 837 007c 05       		.byte	0x5
 838 007d 00000000 		.4byte	.LASF10
 839 0081 04       		.uleb128 0x4
 840 0082 08       		.byte	0x8
 841 0083 07       		.byte	0x7
 842 0084 6F000000 		.4byte	.LASF11
 843 0088 04       		.uleb128 0x4
 844 0089 01       		.byte	0x1
 845 008a 02       		.byte	0x2
 846 008b E4000000 		.4byte	.LASF12
 847 008f 04       		.uleb128 0x4
 848 0090 04       		.byte	0x4
 849 0091 07       		.byte	0x7
 850 0092 F6000000 		.4byte	.LASF13
 851 0096 05       		.uleb128 0x5
 852 0097 E3010000 		.4byte	.LASF14
 853 009b 01       		.byte	0x1
 854 009c F501     		.2byte	0x1f5
 855 009e 5A000000 		.4byte	0x5a
ARM GAS  C:\Users\srich\AppData\Local\Temp\cc8Kj9XE.s 			page 16


 856 00a2 00000000 		.4byte	.LFB7
 857 00a6 48000000 		.4byte	.LFE7-.LFB7
 858 00aa 01       		.uleb128 0x1
 859 00ab 9C       		.byte	0x9c
 860 00ac D9000000 		.4byte	0xd9
 861 00b0 06       		.uleb128 0x6
 862 00b1 73726300 		.ascii	"src\000"
 863 00b5 01       		.byte	0x1
 864 00b6 F601     		.2byte	0x1f6
 865 00b8 5A000000 		.4byte	0x5a
 866 00bc 01       		.uleb128 0x1
 867 00bd 50       		.byte	0x50
 868 00be 06       		.uleb128 0x6
 869 00bf 64697200 		.ascii	"dir\000"
 870 00c3 01       		.byte	0x1
 871 00c4 F701     		.2byte	0x1f7
 872 00c6 2C000000 		.4byte	0x2c
 873 00ca 01       		.uleb128 0x1
 874 00cb 51       		.byte	0x51
 875 00cc 07       		.uleb128 0x7
 876 00cd 6300     		.ascii	"c\000"
 877 00cf 01       		.byte	0x1
 878 00d0 FA01     		.2byte	0x1fa
 879 00d2 5A000000 		.4byte	0x5a
 880 00d6 01       		.uleb128 0x1
 881 00d7 54       		.byte	0x54
 882 00d8 00       		.byte	0
 883 00d9 05       		.uleb128 0x5
 884 00da 63000000 		.4byte	.LASF15
 885 00de 01       		.byte	0x1
 886 00df 1002     		.2byte	0x210
 887 00e1 5A000000 		.4byte	0x5a
 888 00e5 00000000 		.4byte	.LFB8
 889 00e9 2C000000 		.4byte	.LFE8-.LFB8
 890 00ed 01       		.uleb128 0x1
 891 00ee 9C       		.byte	0x9c
 892 00ef 36010000 		.4byte	0x136
 893 00f3 08       		.uleb128 0x8
 894 00f4 63687200 		.ascii	"chr\000"
 895 00f8 01       		.byte	0x1
 896 00f9 1102     		.2byte	0x211
 897 00fb 5A000000 		.4byte	0x5a
 898 00ff 00000000 		.4byte	.LLST0
 899 0103 09       		.uleb128 0x9
 900 0104 86000000 		.4byte	.LASF16
 901 0108 01       		.byte	0x1
 902 0109 1402     		.2byte	0x214
 903 010b 46010000 		.4byte	0x146
 904 010f 05       		.uleb128 0x5
 905 0110 03       		.byte	0x3
 906 0111 00000000 		.4byte	tbl_lower.5005
 907 0115 09       		.uleb128 0x9
 908 0116 EE010000 		.4byte	.LASF17
 909 011a 01       		.byte	0x1
 910 011b 1502     		.2byte	0x215
 911 011d 4B010000 		.4byte	0x14b
 912 0121 05       		.uleb128 0x5
ARM GAS  C:\Users\srich\AppData\Local\Temp\cc8Kj9XE.s 			page 17


 913 0122 03       		.byte	0x3
 914 0123 00000000 		.4byte	tbl_upper.5006
 915 0127 0A       		.uleb128 0xa
 916 0128 6900     		.ascii	"i\000"
 917 012a 01       		.byte	0x1
 918 012b 1602     		.2byte	0x216
 919 012d 25000000 		.4byte	0x25
 920 0131 21000000 		.4byte	.LLST1
 921 0135 00       		.byte	0
 922 0136 0B       		.uleb128 0xb
 923 0137 5A000000 		.4byte	0x5a
 924 013b 46010000 		.4byte	0x146
 925 013f 0C       		.uleb128 0xc
 926 0140 8F000000 		.4byte	0x8f
 927 0144 EF       		.byte	0xef
 928 0145 00       		.byte	0
 929 0146 0D       		.uleb128 0xd
 930 0147 36010000 		.4byte	0x136
 931 014b 0D       		.uleb128 0xd
 932 014c 36010000 		.4byte	0x136
 933 0150 0B       		.uleb128 0xb
 934 0151 5A000000 		.4byte	0x5a
 935 0155 60010000 		.4byte	0x160
 936 0159 0C       		.uleb128 0xc
 937 015a 8F000000 		.4byte	0x8f
 938 015e 7F       		.byte	0x7f
 939 015f 00       		.byte	0
 940 0160 07       		.uleb128 0x7
 941 0161 54626C00 		.ascii	"Tbl\000"
 942 0165 01       		.byte	0x1
 943 0166 2A01     		.2byte	0x12a
 944 0168 72010000 		.4byte	0x172
 945 016c 05       		.uleb128 0x5
 946 016d 03       		.byte	0x3
 947 016e 00000000 		.4byte	Tbl
 948 0172 0D       		.uleb128 0xd
 949 0173 50010000 		.4byte	0x150
 950 0177 00       		.byte	0
 951              		.section	.debug_abbrev,"",%progbits
 952              	.Ldebug_abbrev0:
 953 0000 01       		.uleb128 0x1
 954 0001 11       		.uleb128 0x11
 955 0002 01       		.byte	0x1
 956 0003 25       		.uleb128 0x25
 957 0004 0E       		.uleb128 0xe
 958 0005 13       		.uleb128 0x13
 959 0006 0B       		.uleb128 0xb
 960 0007 03       		.uleb128 0x3
 961 0008 0E       		.uleb128 0xe
 962 0009 1B       		.uleb128 0x1b
 963 000a 0E       		.uleb128 0xe
 964 000b 55       		.uleb128 0x55
 965 000c 17       		.uleb128 0x17
 966 000d 11       		.uleb128 0x11
 967 000e 01       		.uleb128 0x1
 968 000f 10       		.uleb128 0x10
 969 0010 17       		.uleb128 0x17
ARM GAS  C:\Users\srich\AppData\Local\Temp\cc8Kj9XE.s 			page 18


 970 0011 00       		.byte	0
 971 0012 00       		.byte	0
 972 0013 02       		.uleb128 0x2
 973 0014 24       		.uleb128 0x24
 974 0015 00       		.byte	0
 975 0016 0B       		.uleb128 0xb
 976 0017 0B       		.uleb128 0xb
 977 0018 3E       		.uleb128 0x3e
 978 0019 0B       		.uleb128 0xb
 979 001a 03       		.uleb128 0x3
 980 001b 08       		.uleb128 0x8
 981 001c 00       		.byte	0
 982 001d 00       		.byte	0
 983 001e 03       		.uleb128 0x3
 984 001f 16       		.uleb128 0x16
 985 0020 00       		.byte	0
 986 0021 03       		.uleb128 0x3
 987 0022 0E       		.uleb128 0xe
 988 0023 3A       		.uleb128 0x3a
 989 0024 0B       		.uleb128 0xb
 990 0025 3B       		.uleb128 0x3b
 991 0026 0B       		.uleb128 0xb
 992 0027 49       		.uleb128 0x49
 993 0028 13       		.uleb128 0x13
 994 0029 00       		.byte	0
 995 002a 00       		.byte	0
 996 002b 04       		.uleb128 0x4
 997 002c 24       		.uleb128 0x24
 998 002d 00       		.byte	0
 999 002e 0B       		.uleb128 0xb
 1000 002f 0B       		.uleb128 0xb
 1001 0030 3E       		.uleb128 0x3e
 1002 0031 0B       		.uleb128 0xb
 1003 0032 03       		.uleb128 0x3
 1004 0033 0E       		.uleb128 0xe
 1005 0034 00       		.byte	0
 1006 0035 00       		.byte	0
 1007 0036 05       		.uleb128 0x5
 1008 0037 2E       		.uleb128 0x2e
 1009 0038 01       		.byte	0x1
 1010 0039 3F       		.uleb128 0x3f
 1011 003a 19       		.uleb128 0x19
 1012 003b 03       		.uleb128 0x3
 1013 003c 0E       		.uleb128 0xe
 1014 003d 3A       		.uleb128 0x3a
 1015 003e 0B       		.uleb128 0xb
 1016 003f 3B       		.uleb128 0x3b
 1017 0040 05       		.uleb128 0x5
 1018 0041 27       		.uleb128 0x27
 1019 0042 19       		.uleb128 0x19
 1020 0043 49       		.uleb128 0x49
 1021 0044 13       		.uleb128 0x13
 1022 0045 11       		.uleb128 0x11
 1023 0046 01       		.uleb128 0x1
 1024 0047 12       		.uleb128 0x12
 1025 0048 06       		.uleb128 0x6
 1026 0049 40       		.uleb128 0x40
ARM GAS  C:\Users\srich\AppData\Local\Temp\cc8Kj9XE.s 			page 19


 1027 004a 18       		.uleb128 0x18
 1028 004b 9742     		.uleb128 0x2117
 1029 004d 19       		.uleb128 0x19
 1030 004e 01       		.uleb128 0x1
 1031 004f 13       		.uleb128 0x13
 1032 0050 00       		.byte	0
 1033 0051 00       		.byte	0
 1034 0052 06       		.uleb128 0x6
 1035 0053 05       		.uleb128 0x5
 1036 0054 00       		.byte	0
 1037 0055 03       		.uleb128 0x3
 1038 0056 08       		.uleb128 0x8
 1039 0057 3A       		.uleb128 0x3a
 1040 0058 0B       		.uleb128 0xb
 1041 0059 3B       		.uleb128 0x3b
 1042 005a 05       		.uleb128 0x5
 1043 005b 49       		.uleb128 0x49
 1044 005c 13       		.uleb128 0x13
 1045 005d 02       		.uleb128 0x2
 1046 005e 18       		.uleb128 0x18
 1047 005f 00       		.byte	0
 1048 0060 00       		.byte	0
 1049 0061 07       		.uleb128 0x7
 1050 0062 34       		.uleb128 0x34
 1051 0063 00       		.byte	0
 1052 0064 03       		.uleb128 0x3
 1053 0065 08       		.uleb128 0x8
 1054 0066 3A       		.uleb128 0x3a
 1055 0067 0B       		.uleb128 0xb
 1056 0068 3B       		.uleb128 0x3b
 1057 0069 05       		.uleb128 0x5
 1058 006a 49       		.uleb128 0x49
 1059 006b 13       		.uleb128 0x13
 1060 006c 02       		.uleb128 0x2
 1061 006d 18       		.uleb128 0x18
 1062 006e 00       		.byte	0
 1063 006f 00       		.byte	0
 1064 0070 08       		.uleb128 0x8
 1065 0071 05       		.uleb128 0x5
 1066 0072 00       		.byte	0
 1067 0073 03       		.uleb128 0x3
 1068 0074 08       		.uleb128 0x8
 1069 0075 3A       		.uleb128 0x3a
 1070 0076 0B       		.uleb128 0xb
 1071 0077 3B       		.uleb128 0x3b
 1072 0078 05       		.uleb128 0x5
 1073 0079 49       		.uleb128 0x49
 1074 007a 13       		.uleb128 0x13
 1075 007b 02       		.uleb128 0x2
 1076 007c 17       		.uleb128 0x17
 1077 007d 00       		.byte	0
 1078 007e 00       		.byte	0
 1079 007f 09       		.uleb128 0x9
 1080 0080 34       		.uleb128 0x34
 1081 0081 00       		.byte	0
 1082 0082 03       		.uleb128 0x3
 1083 0083 0E       		.uleb128 0xe
ARM GAS  C:\Users\srich\AppData\Local\Temp\cc8Kj9XE.s 			page 20


 1084 0084 3A       		.uleb128 0x3a
 1085 0085 0B       		.uleb128 0xb
 1086 0086 3B       		.uleb128 0x3b
 1087 0087 05       		.uleb128 0x5
 1088 0088 49       		.uleb128 0x49
 1089 0089 13       		.uleb128 0x13
 1090 008a 02       		.uleb128 0x2
 1091 008b 18       		.uleb128 0x18
 1092 008c 00       		.byte	0
 1093 008d 00       		.byte	0
 1094 008e 0A       		.uleb128 0xa
 1095 008f 34       		.uleb128 0x34
 1096 0090 00       		.byte	0
 1097 0091 03       		.uleb128 0x3
 1098 0092 08       		.uleb128 0x8
 1099 0093 3A       		.uleb128 0x3a
 1100 0094 0B       		.uleb128 0xb
 1101 0095 3B       		.uleb128 0x3b
 1102 0096 05       		.uleb128 0x5
 1103 0097 49       		.uleb128 0x49
 1104 0098 13       		.uleb128 0x13
 1105 0099 02       		.uleb128 0x2
 1106 009a 17       		.uleb128 0x17
 1107 009b 00       		.byte	0
 1108 009c 00       		.byte	0
 1109 009d 0B       		.uleb128 0xb
 1110 009e 01       		.uleb128 0x1
 1111 009f 01       		.byte	0x1
 1112 00a0 49       		.uleb128 0x49
 1113 00a1 13       		.uleb128 0x13
 1114 00a2 01       		.uleb128 0x1
 1115 00a3 13       		.uleb128 0x13
 1116 00a4 00       		.byte	0
 1117 00a5 00       		.byte	0
 1118 00a6 0C       		.uleb128 0xc
 1119 00a7 21       		.uleb128 0x21
 1120 00a8 00       		.byte	0
 1121 00a9 49       		.uleb128 0x49
 1122 00aa 13       		.uleb128 0x13
 1123 00ab 2F       		.uleb128 0x2f
 1124 00ac 0B       		.uleb128 0xb
 1125 00ad 00       		.byte	0
 1126 00ae 00       		.byte	0
 1127 00af 0D       		.uleb128 0xd
 1128 00b0 26       		.uleb128 0x26
 1129 00b1 00       		.byte	0
 1130 00b2 49       		.uleb128 0x49
 1131 00b3 13       		.uleb128 0x13
 1132 00b4 00       		.byte	0
 1133 00b5 00       		.byte	0
 1134 00b6 00       		.byte	0
 1135              		.section	.debug_loc,"",%progbits
 1136              	.Ldebug_loc0:
 1137              	.LLST0:
 1138 0000 00000000 		.4byte	.LVL0
 1139 0004 22000000 		.4byte	.LVL6
 1140 0008 0100     		.2byte	0x1
ARM GAS  C:\Users\srich\AppData\Local\Temp\cc8Kj9XE.s 			page 21


 1141 000a 50       		.byte	0x50
 1142 000b 22000000 		.4byte	.LVL6
 1143 000f 2C000000 		.4byte	.LFE8
 1144 0013 0400     		.2byte	0x4
 1145 0015 F3       		.byte	0xf3
 1146 0016 01       		.uleb128 0x1
 1147 0017 50       		.byte	0x50
 1148 0018 9F       		.byte	0x9f
 1149 0019 00000000 		.4byte	0
 1150 001d 00000000 		.4byte	0
 1151              	.LLST1:
 1152 0021 00000000 		.4byte	.LVL0
 1153 0025 0A000000 		.4byte	.LVL1
 1154 0029 0200     		.2byte	0x2
 1155 002b 30       		.byte	0x30
 1156 002c 9F       		.byte	0x9f
 1157 002d 0A000000 		.4byte	.LVL1
 1158 0031 1A000000 		.4byte	.LVL4
 1159 0035 0100     		.2byte	0x1
 1160 0037 52       		.byte	0x52
 1161 0038 1A000000 		.4byte	.LVL4
 1162 003c 1C000000 		.4byte	.LVL5
 1163 0040 0200     		.2byte	0x2
 1164 0042 30       		.byte	0x30
 1165 0043 9F       		.byte	0x9f
 1166 0044 00000000 		.4byte	0
 1167 0048 00000000 		.4byte	0
 1168              		.section	.debug_aranges,"",%progbits
 1169 0000 24000000 		.4byte	0x24
 1170 0004 0200     		.2byte	0x2
 1171 0006 00000000 		.4byte	.Ldebug_info0
 1172 000a 04       		.byte	0x4
 1173 000b 00       		.byte	0
 1174 000c 0000     		.2byte	0
 1175 000e 0000     		.2byte	0
 1176 0010 00000000 		.4byte	.LFB7
 1177 0014 48000000 		.4byte	.LFE7-.LFB7
 1178 0018 00000000 		.4byte	.LFB8
 1179 001c 2C000000 		.4byte	.LFE8-.LFB8
 1180 0020 00000000 		.4byte	0
 1181 0024 00000000 		.4byte	0
 1182              		.section	.debug_ranges,"",%progbits
 1183              	.Ldebug_ranges0:
 1184 0000 00000000 		.4byte	.LFB7
 1185 0004 48000000 		.4byte	.LFE7
 1186 0008 00000000 		.4byte	.LFB8
 1187 000c 2C000000 		.4byte	.LFE8
 1188 0010 00000000 		.4byte	0
 1189 0014 00000000 		.4byte	0
 1190              		.section	.debug_line,"",%progbits
 1191              	.Ldebug_line0:
 1192 0000 C1000000 		.section	.debug_str,"MS",%progbits,1
 1192      02007200 
 1192      00000201 
 1192      FB0E0D00 
 1192      01010101 
 1193              	.LASF10:
ARM GAS  C:\Users\srich\AppData\Local\Temp\cc8Kj9XE.s 			page 22


 1194 0000 6C6F6E67 		.ascii	"long long int\000"
 1194      206C6F6E 
 1194      6720696E 
 1194      7400
 1195              	.LASF4:
 1196 000e 73686F72 		.ascii	"short unsigned int\000"
 1196      7420756E 
 1196      7369676E 
 1196      65642069 
 1196      6E7400
 1197              	.LASF0:
 1198 0021 756E7369 		.ascii	"unsigned int\000"
 1198      676E6564 
 1198      20696E74 
 1198      00
 1199              	.LASF19:
 1200 002e 2E2E2F2E 		.ascii	"../../../ChibiOS/ext/fatfs/src/option/ccsbcs.c\000"
 1200      2E2F2E2E 
 1200      2F436869 
 1200      62694F53 
 1200      2F657874 
 1201              	.LASF6:
 1202 005d 57434841 		.ascii	"WCHAR\000"
 1202      5200
 1203              	.LASF15:
 1204 0063 66665F77 		.ascii	"ff_wtoupper\000"
 1204      746F7570 
 1204      70657200 
 1205              	.LASF11:
 1206 006f 6C6F6E67 		.ascii	"long long unsigned int\000"
 1206      206C6F6E 
 1206      6720756E 
 1206      7369676E 
 1206      65642069 
 1207              	.LASF16:
 1208 0086 74626C5F 		.ascii	"tbl_lower\000"
 1208      6C6F7765 
 1208      7200
 1209              	.LASF20:
 1210 0090 443A5C47 		.ascii	"D:\\GitHub\\Smarty\\smarty\\firmware\000"
 1210      69744875 
 1210      625C536D 
 1210      61727479 
 1210      5C736D61 
 1211              	.LASF2:
 1212 00b1 756E7369 		.ascii	"unsigned char\000"
 1212      676E6564 
 1212      20636861 
 1212      7200
 1213              	.LASF1:
 1214 00bf 63686172 		.ascii	"char\000"
 1214      00
 1215              	.LASF5:
 1216 00c4 55494E54 		.ascii	"UINT\000"
 1216      00
 1217              	.LASF7:
 1218 00c9 6C6F6E67 		.ascii	"long int\000"
ARM GAS  C:\Users\srich\AppData\Local\Temp\cc8Kj9XE.s 			page 23


 1218      20696E74 
 1218      00
 1219              	.LASF8:
 1220 00d2 6C6F6E67 		.ascii	"long unsigned int\000"
 1220      20756E73 
 1220      69676E65 
 1220      6420696E 
 1220      7400
 1221              	.LASF12:
 1222 00e4 5F426F6F 		.ascii	"_Bool\000"
 1222      6C00
 1223              	.LASF9:
 1224 00ea 7369676E 		.ascii	"signed char\000"
 1224      65642063 
 1224      68617200 
 1225              	.LASF13:
 1226 00f6 73697A65 		.ascii	"sizetype\000"
 1226      74797065 
 1226      00
 1227              	.LASF3:
 1228 00ff 73686F72 		.ascii	"short int\000"
 1228      7420696E 
 1228      7400
 1229              	.LASF18:
 1230 0109 474E5520 		.ascii	"GNU C 4.9.3 20150529 (release) [ARM/embedded-4_9-br"
 1230      4320342E 
 1230      392E3320 
 1230      32303135 
 1230      30353239 
 1231 013c 616E6368 		.ascii	"anch revision 227977] -mcpu=cortex-m4 -mno-thumb-in"
 1231      20726576 
 1231      6973696F 
 1231      6E203232 
 1231      37393737 
 1232 016f 74657277 		.ascii	"terwork -mthumb -ggdb -O2 -fomit-frame-pointer -fal"
 1232      6F726B20 
 1232      2D6D7468 
 1232      756D6220 
 1232      2D676764 
 1233 01a2 69676E2D 		.ascii	"ign-functions=16 -ffunction-sections -fdata-section"
 1233      66756E63 
 1233      74696F6E 
 1233      733D3136 
 1233      202D6666 
 1234 01d5 73202D66 		.ascii	"s -fno-common\000"
 1234      6E6F2D63 
 1234      6F6D6D6F 
 1234      6E00
 1235              	.LASF14:
 1236 01e3 66665F63 		.ascii	"ff_convert\000"
 1236      6F6E7665 
 1236      727400
 1237              	.LASF17:
 1238 01ee 74626C5F 		.ascii	"tbl_upper\000"
 1238      75707065 
 1238      7200
 1239              		.ident	"GCC: (GNU Tools for ARM Embedded Processors) 4.9.3 20150529 (release) [ARM/embedded-4_9-br
ARM GAS  C:\Users\srich\AppData\Local\Temp\cc8Kj9XE.s 			page 24


ARM GAS  C:\Users\srich\AppData\Local\Temp\cc8Kj9XE.s 			page 25


DEFINED SYMBOLS
                            *ABS*:00000000 ccsbcs.c
C:\Users\srich\AppData\Local\Temp\cc8Kj9XE.s:19     .text.ff_convert:00000000 $t
C:\Users\srich\AppData\Local\Temp\cc8Kj9XE.s:25     .text.ff_convert:00000000 ff_convert
C:\Users\srich\AppData\Local\Temp\cc8Kj9XE.s:85     .text.ff_convert:00000040 $d
C:\Users\srich\AppData\Local\Temp\cc8Kj9XE.s:91     .text.ff_wtoupper:00000000 $t
C:\Users\srich\AppData\Local\Temp\cc8Kj9XE.s:97     .text.ff_wtoupper:00000000 ff_wtoupper
C:\Users\srich\AppData\Local\Temp\cc8Kj9XE.s:141    .text.ff_wtoupper:00000024 $d
C:\Users\srich\AppData\Local\Temp\cc8Kj9XE.s:147    .rodata.tbl_upper.5006:00000000 $d
C:\Users\srich\AppData\Local\Temp\cc8Kj9XE.s:151    .rodata.tbl_upper.5006:00000000 tbl_upper.5006
C:\Users\srich\AppData\Local\Temp\cc8Kj9XE.s:393    .rodata.Tbl:00000000 $d
C:\Users\srich\AppData\Local\Temp\cc8Kj9XE.s:397    .rodata.Tbl:00000000 Tbl
C:\Users\srich\AppData\Local\Temp\cc8Kj9XE.s:527    .rodata.tbl_lower.5005:00000000 $d
C:\Users\srich\AppData\Local\Temp\cc8Kj9XE.s:531    .rodata.tbl_lower.5005:00000000 tbl_lower.5005
                     .debug_frame:00000010 $d

NO UNDEFINED SYMBOLS
