ARM GAS  C:\Users\DNIEL~1\AppData\Local\Temp\ccT8Lyt3.s 			page 1


   1              		.syntax unified
   2              		.cpu cortex-m4
   3              		.fpu softvfp
   4              		.eabi_attribute 20, 1
   5              		.eabi_attribute 21, 1
   6              		.eabi_attribute 23, 3
   7              		.eabi_attribute 24, 1
   8              		.eabi_attribute 25, 1
   9              		.eabi_attribute 26, 1
  10              		.eabi_attribute 30, 2
  11              		.eabi_attribute 18, 4
  12              		.thumb
  13              		.file	"chcore_v7m.c"
  14              		.section	.debug_abbrev,"",%progbits
  15              	.Ldebug_abbrev0:
  16              		.section	.debug_info,"",%progbits
  17              	.Ldebug_info0:
  18              		.section	.debug_line,"",%progbits
  19              	.Ldebug_line0:
  20 0000 2A020000 		.text
  20      02007401 
  20      00000201 
  20      FB0E0D00 
  20      01010101 
  21              	.Ltext0:
  22              		.cfi_sections	.debug_frame
  23              		.section	.text._port_switch_from_isr,"ax",%progbits
  24              		.align	2
  25              		.p2align 4,,15
  26              		.global	_port_switch_from_isr
  27              		.thumb
  28              		.thumb_func
  29              		.type	_port_switch_from_isr, %function
  30              	_port_switch_from_isr:
  31              	.LFB11:
  32              		.file 1 "../../../ChibiOS/os/ports/GCC/ARMCMx/chcore_v7m.c"
  33              		.loc 1 200 0
  34              		.cfi_startproc
  35              		@ Naked Function: prologue and epilogue provided by programmer.
  36              		@ args = 0, pretend = 0, frame = 0
  37              		@ frame_needed = 0, uses_anonymous_args = 0
  38              		.loc 1 203 0
  39 0000 FFF7FEFF 		bl	chSchDoReschedule
  40              		.loc 1 205 0
  41              	@ 205 "../../../ChibiOS/os/ports/GCC/ARMCMx/chcore_v7m.c" 1
  42              		_port_exit_from_isr:
  43              	@ 0 "" 2
  44              		.loc 1 207 0
  45              	@ 207 "../../../ChibiOS/os/ports/GCC/ARMCMx/chcore_v7m.c" 1
  46 0004 00DF     		svc     #0
  47              	@ 0 "" 2
  48              		.loc 1 214 0
  49              		.thumb
  50              		.cfi_endproc
  51              	.LFE11:
  52              		.size	_port_switch_from_isr, .-_port_switch_from_isr
  53 0006 00BFAFF3 		.section	.text.SVCallVector,"ax",%progbits
ARM GAS  C:\Users\DNIEL~1\AppData\Local\Temp\ccT8Lyt3.s 			page 2


  53      0080AFF3 
  53      0080
  54              		.align	2
  55              		.p2align 4,,15
  56              		.global	SVCallVector
  57              		.thumb
  58              		.thumb_func
  59              		.type	SVCallVector, %function
  60              	SVCallVector:
  61              	.LFB8:
  62              		.loc 1 65 0
  63              		.cfi_startproc
  64              		@ args = 0, pretend = 0, frame = 0
  65              		@ frame_needed = 0, uses_anonymous_args = 0
  66              		@ link register save eliminated.
  67              		.loc 1 74 0
  68              	@ 74 "../../../ChibiOS/os/ports/GCC/ARMCMx/chcore_v7m.c" 1
  69 0000 EFF30983 		mrs     r3, PSP
  70              	@ 0 "" 2
  71              	.LVL0:
  72              		.loc 1 78 0
  73              		.thumb
  74 0004 2033     		adds	r3, r3, #32
  75              	.LVL1:
  76              		.loc 1 81 0
  77              	@ 81 "../../../ChibiOS/os/ports/GCC/ARMCMx/chcore_v7m.c" 1
  78 0006 83F30988 		msr     PSP, r3
  79              	@ 0 "" 2
  80              		.thumb
  81              	.LBB2:
  82              		.loc 1 82 0
  83 000a 0023     		movs	r3, #0
  84              	.LVL2:
  85              	@ 82 "../../../ChibiOS/os/ports/GCC/ARMCMx/chcore_v7m.c" 1
  86 000c 83F31188 		msr     BASEPRI, r3
  87              	@ 0 "" 2
  88              	.LVL3:
  89              		.thumb
  90              	.LBE2:
  91              		.loc 1 83 0
  92 0010 7047     		bx	lr
  93              		.cfi_endproc
  94              	.LFE8:
  95              		.size	SVCallVector, .-SVCallVector
  96 0012 00BFAFF3 		.section	.text._port_init,"ax",%progbits
  96      0080AFF3 
  96      0080AFF3 
  96      0080
  97              		.align	2
  98              		.p2align 4,,15
  99              		.global	_port_init
 100              		.thumb
 101              		.thumb_func
 102              		.type	_port_init, %function
 103              	_port_init:
 104              	.LFB9:
 105              		.loc 1 120 0
ARM GAS  C:\Users\DNIEL~1\AppData\Local\Temp\ccT8Lyt3.s 			page 3


 106              		.cfi_startproc
 107              		@ args = 0, pretend = 0, frame = 0
 108              		@ frame_needed = 0, uses_anonymous_args = 0
 109              		.loc 1 123 0
 110 0000 094B     		ldr	r3, .L4
 111 0002 0022     		movs	r2, #0
 112              		.loc 1 120 0
 113 0004 10B5     		push	{r4, lr}
 114              	.LCFI0:
 115              		.cfi_def_cfa_offset 8
 116              		.loc 1 123 0
 117 0006 9A60     		str	r2, [r3, #8]
 118              		.loc 1 124 0
 119 0008 084A     		ldr	r2, .L4+4
 120              		.loc 1 127 0
 121 000a 0720     		movs	r0, #7
 122 000c 1021     		movs	r1, #16
 123              		.loc 1 124 0
 124 000e DA60     		str	r2, [r3, #12]
 125              		.loc 1 127 0
 126              		.cfi_offset 14, -4
 127              		.cfi_offset 4, -8
 128 0010 FFF7FEFF 		bl	nvicSetSystemHandlerPriority
 129              		.loc 1 129 0
 130 0014 0A20     		movs	r0, #10
 131 0016 2021     		movs	r1, #32
 132 0018 FFF7FEFF 		bl	nvicSetSystemHandlerPriority
 133              		.loc 1 131 0
 134 001c 0B20     		movs	r0, #11
 135 001e 8021     		movs	r1, #128
 136              		.loc 1 133 0
 137 0020 BDE81040 		pop	{r4, lr}
 138              		.loc 1 131 0
 139 0024 FFF7FEBF 		b	nvicSetSystemHandlerPriority
 140              	.L5:
 141              		.align	2
 142              	.L4:
 143 0028 00ED00E0 		.word	-536810240
 144 002c 0003FA05 		.word	100270848
 145              		.cfi_endproc
 146              	.LFE9:
 147              		.size	_port_init, .-_port_init
 148              		.section	.text._port_irq_epilogue,"ax",%progbits
 149              		.align	2
 150              		.p2align 4,,15
 151              		.global	_port_irq_epilogue
 152              		.thumb
 153              		.thumb_func
 154              		.type	_port_irq_epilogue, %function
 155              	_port_irq_epilogue:
 156              	.LFB10:
 157              		.loc 1 150 0
 158              		.cfi_startproc
 159              		@ args = 0, pretend = 0, frame = 0
 160              		@ frame_needed = 0, uses_anonymous_args = 0
 161              		@ link register save eliminated.
 162              	.LBB3:
ARM GAS  C:\Users\DNIEL~1\AppData\Local\Temp\ccT8Lyt3.s 			page 4


 163              		.loc 1 152 0
 164 0000 2023     		movs	r3, #32
 165              	.LVL4:
 166              	@ 152 "../../../ChibiOS/os/ports/GCC/ARMCMx/chcore_v7m.c" 1
 167 0002 83F31188 		msr     BASEPRI, r3
 168              	@ 0 "" 2
 169              	.LVL5:
 170              		.thumb
 171              	.LBE3:
 172              		.loc 1 153 0
 173 0006 1548     		ldr	r0, .L14
 174 0008 4368     		ldr	r3, [r0, #4]
 175              	.LVL6:
 176 000a 13F40063 		ands	r3, r3, #2048
 177 000e 16D0     		beq	.L7
 178              	.LBB4:
 179              		.loc 1 163 0
 180              	@ 163 "../../../ChibiOS/os/ports/GCC/ARMCMx/chcore_v7m.c" 1
 181 0010 EFF30983 		mrs     r3, PSP
 182              	@ 0 "" 2
 183              	.LVL7:
 184              		.loc 1 167 0
 185              		.thumb
 186 0014 203B     		subs	r3, r3, #32
 187              	.LVL8:
 188              		.loc 1 168 0
 189 0016 4FF08072 		mov	r2, #16777216
 190 001a DA61     		str	r2, [r3, #28]
 191              		.loc 1 172 0
 192              	@ 172 "../../../ChibiOS/os/ports/GCC/ARMCMx/chcore_v7m.c" 1
 193 001c 83F30988 		msr     PSP, r3
 194              	@ 0 "" 2
 195              		.loc 1 176 0
 196              		.thumb
 197 0020 0F49     		ldr	r1, .L14+4
 198 0022 8A69     		ldr	r2, [r1, #24]
 199 0024 D07F     		ldrb	r0, [r2, #31]	@ zero_extendqisi2
 200 0026 68B1     		cbz	r0, .L8
 201              		.loc 1 176 0 is_stmt 0 discriminator 1
 202 0028 0868     		ldr	r0, [r1, #0]
 203 002a 9268     		ldr	r2, [r2, #8]
 204 002c 8168     		ldr	r1, [r0, #8]
 205 002e 9142     		cmp	r1, r2
 206 0030 94BF     		ite	ls
 207 0032 0022     		movls	r2, #0
 208 0034 0122     		movhi	r2, #1
 209 0036 72B1     		cbz	r2, .L10
 210              	.L13:
 211              		.loc 1 178 0 is_stmt 1
 212 0038 0A4A     		ldr	r2, .L14+8
 213 003a 9A61     		str	r2, [r3, #24]
 214 003c 7047     		bx	lr
 215              	.LVL9:
 216              	.L7:
 217              	.LBE4:
 218              	.LBB5:
 219              		.loc 1 190 0
ARM GAS  C:\Users\DNIEL~1\AppData\Local\Temp\ccT8Lyt3.s 			page 5


 220              	@ 190 "../../../ChibiOS/os/ports/GCC/ARMCMx/chcore_v7m.c" 1
 221 003e 83F31188 		msr     BASEPRI, r3
 222              	@ 0 "" 2
 223              	.LVL10:
 224              		.thumb
 225 0042 7047     		bx	lr
 226              	.LVL11:
 227              	.L8:
 228              	.LBE5:
 229              	.LBB6:
 230              		.loc 1 176 0 discriminator 2
 231 0044 0868     		ldr	r0, [r1, #0]
 232 0046 9268     		ldr	r2, [r2, #8]
 233 0048 8168     		ldr	r1, [r0, #8]
 234 004a 9142     		cmp	r1, r2
 235 004c 34BF     		ite	cc
 236 004e 0022     		movcc	r2, #0
 237 0050 0122     		movcs	r2, #1
 238 0052 002A     		cmp	r2, #0
 239 0054 F0D1     		bne	.L13
 240              	.L10:
 241              		.loc 1 183 0
 242 0056 0449     		ldr	r1, .L14+12
 243 0058 9961     		str	r1, [r3, #24]
 244 005a 7047     		bx	lr
 245              	.L15:
 246              		.align	2
 247              	.L14:
 248 005c 00ED00E0 		.word	-536810240
 249 0060 00000000 		.word	rlist
 250 0064 00000000 		.word	_port_switch_from_isr
 251 0068 04000000 		.word	_port_exit_from_isr
 252              	.LBE6:
 253              		.cfi_endproc
 254              	.LFE10:
 255              		.size	_port_irq_epilogue, .-_port_irq_epilogue
 256 006c AFF30080 		.section	.text.SysTickVector,"ax",%progbits
 257              		.align	2
 258              		.p2align 4,,15
 259              		.global	SysTickVector
 260              		.thumb
 261              		.thumb_func
 262              		.type	SysTickVector, %function
 263              	SysTickVector:
 264              	.LFB7:
 265              		.loc 1 47 0
 266              		.cfi_startproc
 267              		@ args = 0, pretend = 0, frame = 0
 268              		@ frame_needed = 0, uses_anonymous_args = 0
 269 0000 10B5     		push	{r4, lr}
 270              	.LCFI1:
 271              		.cfi_def_cfa_offset 8
 272              	.LBB7:
 273              		.loc 1 51 0
 274 0002 2023     		movs	r3, #32
 275              	.LVL12:
 276              	@ 51 "../../../ChibiOS/os/ports/GCC/ARMCMx/chcore_v7m.c" 1
ARM GAS  C:\Users\DNIEL~1\AppData\Local\Temp\ccT8Lyt3.s 			page 6


 277 0004 83F31188 		msr     BASEPRI, r3
 278              	@ 0 "" 2
 279              	.LVL13:
 280              		.thumb
 281              	.LBE7:
 282              		.loc 1 52 0
 283              		.cfi_offset 14, -4
 284              		.cfi_offset 4, -8
 285 0008 FFF7FEFF 		bl	chSysTimerHandlerI
 286              	.LVL14:
 287              	.LBB8:
 288              		.loc 1 53 0
 289 000c 0023     		movs	r3, #0
 290              	.LVL15:
 291              	@ 53 "../../../ChibiOS/os/ports/GCC/ARMCMx/chcore_v7m.c" 1
 292 000e 83F31188 		msr     BASEPRI, r3
 293              	@ 0 "" 2
 294              	.LVL16:
 295              		.thumb
 296              	.LBE8:
 297              		.loc 1 56 0
 298 0012 BDE81040 		pop	{r4, lr}
 299              		.loc 1 55 0
 300 0016 FFF7FEBF 		b	_port_irq_epilogue
 301              		.cfi_endproc
 302              	.LFE7:
 303              		.size	SysTickVector, .-SysTickVector
 304 001a 00BFAFF3 		.section	.text._port_switch,"ax",%progbits
 304      0080
 305              		.align	2
 306              		.p2align 4,,15
 307              		.global	_port_switch
 308              		.thumb
 309              		.thumb_func
 310              		.type	_port_switch, %function
 311              	_port_switch:
 312              	.LFB12:
 313              		.loc 1 229 0
 314              		.cfi_startproc
 315              		@ Naked Function: prologue and epilogue provided by programmer.
 316              		@ args = 0, pretend = 0, frame = 0
 317              		@ frame_needed = 0, uses_anonymous_args = 0
 318              	.LVL17:
 319              		.loc 1 231 0
 320              	@ 231 "../../../ChibiOS/os/ports/GCC/ARMCMx/chcore_v7m.c" 1
 321 0000 2DE9F04F 		push    {r4, r5, r6, r7, r8, r9, r10, r11, lr}
 322              	@ 0 "" 2
 323              		.loc 1 237 0
 324              	@ 237 "../../../ChibiOS/os/ports/GCC/ARMCMx/chcore_v7m.c" 1
 325 0004 C1F80CD0 		str     sp, [r1, #12]                          
 326 0008 D0F80CD0 		ldr     sp, [r0, #12]
 327              	@ 0 "" 2
 328              		.loc 1 243 0
 329              	@ 243 "../../../ChibiOS/os/ports/GCC/ARMCMx/chcore_v7m.c" 1
 330 000c BDE8F08F 		pop     {r4, r5, r6, r7, r8, r9, r10, r11, pc}
 331              	@ 0 "" 2
 332              		.loc 1 245 0
ARM GAS  C:\Users\DNIEL~1\AppData\Local\Temp\ccT8Lyt3.s 			page 7


 333              		.thumb
 334              		.cfi_endproc
 335              	.LFE12:
 336              		.size	_port_switch, .-_port_switch
 337              		.section	.text._port_thread_start,"ax",%progbits
 338              		.align	2
 339              		.p2align 4,,15
 340              		.global	_port_thread_start
 341              		.thumb
 342              		.thumb_func
 343              		.type	_port_thread_start, %function
 344              	_port_thread_start:
 345              	.LFB13:
 346              		.loc 1 252 0
 347              		.cfi_startproc
 348              		@ args = 0, pretend = 0, frame = 0
 349              		@ frame_needed = 0, uses_anonymous_args = 0
 350              		@ link register save eliminated.
 351              	.LBB9:
 352              		.loc 1 254 0
 353 0000 0023     		movs	r3, #0
 354              	.LVL18:
 355              	@ 254 "../../../ChibiOS/os/ports/GCC/ARMCMx/chcore_v7m.c" 1
 356 0002 83F31188 		msr     BASEPRI, r3
 357              	@ 0 "" 2
 358              	.LVL19:
 359              		.thumb
 360              	.LBE9:
 361              		.loc 1 255 0
 362              	@ 255 "../../../ChibiOS/os/ports/GCC/ARMCMx/chcore_v7m.c" 1
 363 0006 2846     		mov     r0, r5                                 
 364 0008 A047     		blx     r4                                     
 365 000a FFF7FEFF 		bl      chThdExit
 366              	@ 0 "" 2
 367              		.loc 1 258 0
 368              		.thumb
 369 000e 7047     		bx	lr
 370              		.cfi_endproc
 371              	.LFE13:
 372              		.size	_port_thread_start, .-_port_thread_start
 373              		.text
 374              	.Letext0:
 375              		.section	.debug_loc,"",%progbits
 376              	.Ldebug_loc0:
 377              	.LLST0:
 378 0000 04000000 		.4byte	.LVL0
 379 0004 06000000 		.4byte	.LVL1
 380 0008 0300     		.2byte	0x3
 381 000a 73       		.byte	0x73
 382 000b 20       		.sleb128 32
 383 000c 9F       		.byte	0x9f
 384 000d 06000000 		.4byte	.LVL1
 385 0011 0C000000 		.4byte	.LVL2
 386 0015 0100     		.2byte	0x1
 387 0017 53       		.byte	0x53
 388 0018 00000000 		.4byte	0x0
 389 001c 00000000 		.4byte	0x0
ARM GAS  C:\Users\DNIEL~1\AppData\Local\Temp\ccT8Lyt3.s 			page 8


 390              	.LLST1:
 391 0020 10000000 		.4byte	.LVL3
 392 0024 12000000 		.4byte	.LFE8
 393 0028 0100     		.2byte	0x1
 394 002a 53       		.byte	0x53
 395 002b 00000000 		.4byte	0x0
 396 002f 00000000 		.4byte	0x0
 397              	.LLST2:
 398 0033 00000000 		.4byte	.LFB9
 399 0037 06000000 		.4byte	.LCFI0
 400 003b 0200     		.2byte	0x2
 401 003d 7D       		.byte	0x7d
 402 003e 00       		.sleb128 0
 403 003f 06000000 		.4byte	.LCFI0
 404 0043 30000000 		.4byte	.LFE9
 405 0047 0200     		.2byte	0x2
 406 0049 7D       		.byte	0x7d
 407 004a 08       		.sleb128 8
 408 004b 00000000 		.4byte	0x0
 409 004f 00000000 		.4byte	0x0
 410              	.LLST3:
 411 0053 06000000 		.4byte	.LVL5
 412 0057 0A000000 		.4byte	.LVL6
 413 005b 0100     		.2byte	0x1
 414 005d 53       		.byte	0x53
 415 005e 00000000 		.4byte	0x0
 416 0062 00000000 		.4byte	0x0
 417              	.LLST4:
 418 0066 14000000 		.4byte	.LVL7
 419 006a 16000000 		.4byte	.LVL8
 420 006e 0100     		.2byte	0x1
 421 0070 53       		.byte	0x53
 422 0071 16000000 		.4byte	.LVL8
 423 0075 3E000000 		.4byte	.LVL9
 424 0079 0100     		.2byte	0x1
 425 007b 53       		.byte	0x53
 426 007c 44000000 		.4byte	.LVL11
 427 0080 6C000000 		.4byte	.LFE10
 428 0084 0100     		.2byte	0x1
 429 0086 53       		.byte	0x53
 430 0087 00000000 		.4byte	0x0
 431 008b 00000000 		.4byte	0x0
 432              	.LLST5:
 433 008f 42000000 		.4byte	.LVL10
 434 0093 44000000 		.4byte	.LVL11
 435 0097 0100     		.2byte	0x1
 436 0099 53       		.byte	0x53
 437 009a 00000000 		.4byte	0x0
 438 009e 00000000 		.4byte	0x0
 439              	.LLST6:
 440 00a2 00000000 		.4byte	.LFB7
 441 00a6 02000000 		.4byte	.LCFI1
 442 00aa 0200     		.2byte	0x2
 443 00ac 7D       		.byte	0x7d
 444 00ad 00       		.sleb128 0
 445 00ae 02000000 		.4byte	.LCFI1
 446 00b2 1A000000 		.4byte	.LFE7
ARM GAS  C:\Users\DNIEL~1\AppData\Local\Temp\ccT8Lyt3.s 			page 9


 447 00b6 0200     		.2byte	0x2
 448 00b8 7D       		.byte	0x7d
 449 00b9 08       		.sleb128 8
 450 00ba 00000000 		.4byte	0x0
 451 00be 00000000 		.4byte	0x0
 452              	.LLST7:
 453 00c2 08000000 		.4byte	.LVL13
 454 00c6 0B000000 		.4byte	.LVL14-1
 455 00ca 0100     		.2byte	0x1
 456 00cc 53       		.byte	0x53
 457 00cd 00000000 		.4byte	0x0
 458 00d1 00000000 		.4byte	0x0
 459              	.LLST8:
 460 00d5 12000000 		.4byte	.LVL16
 461 00d9 1A000000 		.4byte	.LFE7
 462 00dd 0100     		.2byte	0x1
 463 00df 53       		.byte	0x53
 464 00e0 00000000 		.4byte	0x0
 465 00e4 00000000 		.4byte	0x0
 466              	.LLST9:
 467 00e8 06000000 		.4byte	.LVL19
 468 00ec 10000000 		.4byte	.LFE13
 469 00f0 0100     		.2byte	0x1
 470 00f2 53       		.byte	0x53
 471 00f3 00000000 		.4byte	0x0
 472 00f7 00000000 		.4byte	0x0
 473              		.file 2 "c:\\program files (x86)\\codesourcery\\sourcery g++ lite\\bin\\../lib/gcc/arm-none-eabi/4
 474              		.file 3 "../../../ChibiOS/os/ports/GCC/ARMCMx/chtypes.h"
 475              		.file 4 "../../../ChibiOS/os/kernel/include/chlists.h"
 476              		.file 5 "../../../ChibiOS/os/kernel/include/chthreads.h"
 477              		.file 6 "../../../ChibiOS/os/ports/GCC/ARMCMx/chcore_v7m.h"
 478              		.file 7 "../../../ChibiOS/os/ports/common/ARMCMx/nvic.h"
 479              		.file 8 "../../../ChibiOS/os/kernel/include/chschd.h"
 480              		.file 9 "../../../ChibiOS/os/kernel/include/chmtx.h"
 481              		.section	.debug_info
 482 0000 EC070000 		.4byte	0x7ec
 483 0004 0200     		.2byte	0x2
 484 0006 00000000 		.4byte	.Ldebug_abbrev0
 485 000a 04       		.byte	0x4
 486 000b 01       		.uleb128 0x1
 487 000c 5B030000 		.4byte	.LASF90
 488 0010 01       		.byte	0x1
 489 0011 7A000000 		.4byte	.LASF91
 490 0015 AC000000 		.4byte	.LASF92
 491 0019 00000000 		.4byte	0x0
 492 001d 00000000 		.4byte	0x0
 493 0021 18000000 		.4byte	.Ldebug_ranges0+0x18
 494 0025 00000000 		.4byte	.Ldebug_line0
 495 0029 02       		.uleb128 0x2
 496 002a 04       		.byte	0x4
 497 002b 05       		.byte	0x5
 498 002c 696E7400 		.ascii	"int\000"
 499 0030 03       		.uleb128 0x3
 500 0031 04       		.byte	0x4
 501 0032 07       		.byte	0x7
 502 0033 22010000 		.4byte	.LASF0
 503 0037 03       		.uleb128 0x3
ARM GAS  C:\Users\DNIEL~1\AppData\Local\Temp\ccT8Lyt3.s 			page 10


 504 0038 01       		.byte	0x1
 505 0039 06       		.byte	0x6
 506 003a 5E000000 		.4byte	.LASF1
 507 003e 04       		.uleb128 0x4
 508 003f 41030000 		.4byte	.LASF5
 509 0043 02       		.byte	0x2
 510 0044 2A       		.byte	0x2a
 511 0045 49000000 		.4byte	0x49
 512 0049 03       		.uleb128 0x3
 513 004a 01       		.byte	0x1
 514 004b 08       		.byte	0x8
 515 004c 43020000 		.4byte	.LASF2
 516 0050 03       		.uleb128 0x3
 517 0051 02       		.byte	0x2
 518 0052 05       		.byte	0x5
 519 0053 61020000 		.4byte	.LASF3
 520 0057 03       		.uleb128 0x3
 521 0058 02       		.byte	0x2
 522 0059 07       		.byte	0x7
 523 005a 7F010000 		.4byte	.LASF4
 524 005e 04       		.uleb128 0x4
 525 005f 3B020000 		.4byte	.LASF6
 526 0063 02       		.byte	0x2
 527 0064 4F       		.byte	0x4f
 528 0065 69000000 		.4byte	0x69
 529 0069 03       		.uleb128 0x3
 530 006a 04       		.byte	0x4
 531 006b 05       		.byte	0x5
 532 006c DF000000 		.4byte	.LASF7
 533 0070 04       		.uleb128 0x4
 534 0071 B1020000 		.4byte	.LASF8
 535 0075 02       		.byte	0x2
 536 0076 50       		.byte	0x50
 537 0077 7B000000 		.4byte	0x7b
 538 007b 03       		.uleb128 0x3
 539 007c 04       		.byte	0x4
 540 007d 07       		.byte	0x7
 541 007e 4A010000 		.4byte	.LASF9
 542 0082 03       		.uleb128 0x3
 543 0083 08       		.byte	0x8
 544 0084 05       		.byte	0x5
 545 0085 50000000 		.4byte	.LASF10
 546 0089 03       		.uleb128 0x3
 547 008a 08       		.byte	0x8
 548 008b 07       		.byte	0x7
 549 008c 23000000 		.4byte	.LASF11
 550 0090 03       		.uleb128 0x3
 551 0091 01       		.byte	0x1
 552 0092 02       		.byte	0x2
 553 0093 35020000 		.4byte	.LASF12
 554 0097 04       		.uleb128 0x4
 555 0098 C1010000 		.4byte	.LASF13
 556 009c 03       		.byte	0x3
 557 009d 2C       		.byte	0x2c
 558 009e 3E000000 		.4byte	0x3e
 559 00a2 04       		.uleb128 0x4
 560 00a3 E8000000 		.4byte	.LASF14
ARM GAS  C:\Users\DNIEL~1\AppData\Local\Temp\ccT8Lyt3.s 			page 11


 561 00a7 03       		.byte	0x3
 562 00a8 2D       		.byte	0x2d
 563 00a9 3E000000 		.4byte	0x3e
 564 00ad 04       		.uleb128 0x4
 565 00ae 19020000 		.4byte	.LASF15
 566 00b2 03       		.byte	0x3
 567 00b3 2E       		.byte	0x2e
 568 00b4 3E000000 		.4byte	0x3e
 569 00b8 04       		.uleb128 0x4
 570 00b9 CF020000 		.4byte	.LASF16
 571 00bd 03       		.byte	0x3
 572 00be 2F       		.byte	0x2f
 573 00bf 3E000000 		.4byte	0x3e
 574 00c3 04       		.uleb128 0x4
 575 00c4 2D020000 		.4byte	.LASF17
 576 00c8 03       		.byte	0x3
 577 00c9 30       		.byte	0x30
 578 00ca 70000000 		.4byte	0x70
 579 00ce 04       		.uleb128 0x4
 580 00cf 97010000 		.4byte	.LASF18
 581 00d3 03       		.byte	0x3
 582 00d4 31       		.byte	0x31
 583 00d5 5E000000 		.4byte	0x5e
 584 00d9 04       		.uleb128 0x4
 585 00da D5010000 		.4byte	.LASF19
 586 00de 03       		.byte	0x3
 587 00df 33       		.byte	0x33
 588 00e0 70000000 		.4byte	0x70
 589 00e4 04       		.uleb128 0x4
 590 00e5 E5020000 		.4byte	.LASF20
 591 00e9 03       		.byte	0x3
 592 00ea 35       		.byte	0x35
 593 00eb 70000000 		.4byte	0x70
 594 00ef 04       		.uleb128 0x4
 595 00f0 9F020000 		.4byte	.LASF21
 596 00f4 04       		.byte	0x4
 597 00f5 2A       		.byte	0x2a
 598 00f6 FA000000 		.4byte	0xfa
 599 00fa 05       		.uleb128 0x5
 600 00fb 9F020000 		.4byte	.LASF21
 601 00ff 48       		.byte	0x48
 602 0100 05       		.byte	0x5
 603 0101 5E       		.byte	0x5e
 604 0102 1F020000 		.4byte	0x21f
 605 0106 06       		.uleb128 0x6
 606 0107 90020000 		.4byte	.LASF22
 607 010b 05       		.byte	0x5
 608 010c 5F       		.byte	0x5f
 609 010d 44020000 		.4byte	0x244
 610 0111 02       		.byte	0x2
 611 0112 23       		.byte	0x23
 612 0113 00       		.uleb128 0x0
 613 0114 06       		.uleb128 0x6
 614 0115 26020000 		.4byte	.LASF23
 615 0119 05       		.byte	0x5
 616 011a 61       		.byte	0x61
 617 011b 44020000 		.4byte	0x244
ARM GAS  C:\Users\DNIEL~1\AppData\Local\Temp\ccT8Lyt3.s 			page 12


 618 011f 02       		.byte	0x2
 619 0120 23       		.byte	0x23
 620 0121 04       		.uleb128 0x4
 621 0122 06       		.uleb128 0x6
 622 0123 49000000 		.4byte	.LASF24
 623 0127 05       		.byte	0x5
 624 0128 63       		.byte	0x63
 625 0129 C3000000 		.4byte	0xc3
 626 012d 02       		.byte	0x2
 627 012e 23       		.byte	0x23
 628 012f 08       		.uleb128 0x8
 629 0130 06       		.uleb128 0x6
 630 0131 81030000 		.4byte	.LASF25
 631 0135 05       		.byte	0x5
 632 0136 64       		.byte	0x64
 633 0137 8A030000 		.4byte	0x38a
 634 013b 02       		.byte	0x2
 635 013c 23       		.byte	0x23
 636 013d 0C       		.uleb128 0xc
 637 013e 06       		.uleb128 0x6
 638 013f 04010000 		.4byte	.LASF26
 639 0143 05       		.byte	0x5
 640 0144 66       		.byte	0x66
 641 0145 44020000 		.4byte	0x244
 642 0149 02       		.byte	0x2
 643 014a 23       		.byte	0x23
 644 014b 10       		.uleb128 0x10
 645 014c 06       		.uleb128 0x6
 646 014d EC010000 		.4byte	.LASF27
 647 0151 05       		.byte	0x5
 648 0152 67       		.byte	0x67
 649 0153 44020000 		.4byte	0x244
 650 0157 02       		.byte	0x2
 651 0158 23       		.byte	0x23
 652 0159 14       		.uleb128 0x14
 653 015a 06       		.uleb128 0x6
 654 015b 67030000 		.4byte	.LASF28
 655 015f 05       		.byte	0x5
 656 0160 6E       		.byte	0x6e
 657 0161 30060000 		.4byte	0x630
 658 0165 02       		.byte	0x2
 659 0166 23       		.byte	0x23
 660 0167 18       		.uleb128 0x18
 661 0168 06       		.uleb128 0x6
 662 0169 6B020000 		.4byte	.LASF29
 663 016d 05       		.byte	0x5
 664 016e 79       		.byte	0x79
 665 016f A2000000 		.4byte	0xa2
 666 0173 02       		.byte	0x2
 667 0174 23       		.byte	0x23
 668 0175 1C       		.uleb128 0x1c
 669 0176 06       		.uleb128 0x6
 670 0177 97020000 		.4byte	.LASF30
 671 017b 05       		.byte	0x5
 672 017c 7D       		.byte	0x7d
 673 017d 97000000 		.4byte	0x97
 674 0181 02       		.byte	0x2
ARM GAS  C:\Users\DNIEL~1\AppData\Local\Temp\ccT8Lyt3.s 			page 13


 675 0182 23       		.byte	0x23
 676 0183 1D       		.uleb128 0x1d
 677 0184 06       		.uleb128 0x6
 678 0185 25030000 		.4byte	.LASF31
 679 0189 05       		.byte	0x5
 680 018a 82       		.byte	0x82
 681 018b AD000000 		.4byte	0xad
 682 018f 02       		.byte	0x2
 683 0190 23       		.byte	0x23
 684 0191 1E       		.uleb128 0x1e
 685 0192 06       		.uleb128 0x6
 686 0193 73020000 		.4byte	.LASF32
 687 0197 05       		.byte	0x5
 688 0198 88       		.byte	0x88
 689 0199 B8000000 		.4byte	0xb8
 690 019d 02       		.byte	0x2
 691 019e 23       		.byte	0x23
 692 019f 1F       		.uleb128 0x1f
 693 01a0 06       		.uleb128 0x6
 694 01a1 07030000 		.4byte	.LASF33
 695 01a5 05       		.byte	0x5
 696 01a6 8F       		.byte	0x8f
 697 01a7 46050000 		.4byte	0x546
 698 01ab 02       		.byte	0x2
 699 01ac 23       		.byte	0x23
 700 01ad 20       		.uleb128 0x20
 701 01ae 07       		.uleb128 0x7
 702 01af 705F7500 		.ascii	"p_u\000"
 703 01b3 05       		.byte	0x5
 704 01b4 B4       		.byte	0xb4
 705 01b5 FB050000 		.4byte	0x5fb
 706 01b9 02       		.byte	0x2
 707 01ba 23       		.byte	0x23
 708 01bb 24       		.uleb128 0x24
 709 01bc 06       		.uleb128 0x6
 710 01bd 87030000 		.4byte	.LASF34
 711 01c1 05       		.byte	0x5
 712 01c2 B9       		.byte	0xb9
 713 01c3 6C020000 		.4byte	0x26c
 714 01c7 02       		.byte	0x2
 715 01c8 23       		.byte	0x23
 716 01c9 28       		.uleb128 0x28
 717 01ca 06       		.uleb128 0x6
 718 01cb 1A030000 		.4byte	.LASF35
 719 01cf 05       		.byte	0x5
 720 01d0 BF       		.byte	0xbf
 721 01d1 4A020000 		.4byte	0x24a
 722 01d5 02       		.byte	0x2
 723 01d6 23       		.byte	0x23
 724 01d7 2C       		.uleb128 0x2c
 725 01d8 06       		.uleb128 0x6
 726 01d9 00000000 		.4byte	.LASF36
 727 01dd 05       		.byte	0x5
 728 01de C3       		.byte	0xc3
 729 01df CE000000 		.4byte	0xce
 730 01e3 02       		.byte	0x2
 731 01e4 23       		.byte	0x23
ARM GAS  C:\Users\DNIEL~1\AppData\Local\Temp\ccT8Lyt3.s 			page 14


 732 01e5 34       		.uleb128 0x34
 733 01e6 06       		.uleb128 0x6
 734 01e7 A6020000 		.4byte	.LASF37
 735 01eb 05       		.byte	0x5
 736 01ec C9       		.byte	0xc9
 737 01ed D9000000 		.4byte	0xd9
 738 01f1 02       		.byte	0x2
 739 01f2 23       		.byte	0x23
 740 01f3 38       		.uleb128 0x38
 741 01f4 06       		.uleb128 0x6
 742 01f5 57020000 		.4byte	.LASF38
 743 01f9 05       		.byte	0x5
 744 01fa D0       		.byte	0xd0
 745 01fb 42060000 		.4byte	0x642
 746 01ff 02       		.byte	0x2
 747 0200 23       		.byte	0x23
 748 0201 3C       		.uleb128 0x3c
 749 0202 06       		.uleb128 0x6
 750 0203 EF020000 		.4byte	.LASF39
 751 0207 05       		.byte	0x5
 752 0208 D4       		.byte	0xd4
 753 0209 C3000000 		.4byte	0xc3
 754 020d 02       		.byte	0x2
 755 020e 23       		.byte	0x23
 756 020f 40       		.uleb128 0x40
 757 0210 06       		.uleb128 0x6
 758 0211 6A000000 		.4byte	.LASF40
 759 0215 05       		.byte	0x5
 760 0216 DA       		.byte	0xda
 761 0217 82020000 		.4byte	0x282
 762 021b 02       		.byte	0x2
 763 021c 23       		.byte	0x23
 764 021d 44       		.uleb128 0x44
 765 021e 00       		.byte	0x0
 766 021f 08       		.uleb128 0x8
 767 0220 08       		.byte	0x8
 768 0221 04       		.byte	0x4
 769 0222 61       		.byte	0x61
 770 0223 44020000 		.4byte	0x244
 771 0227 06       		.uleb128 0x6
 772 0228 90020000 		.4byte	.LASF22
 773 022c 04       		.byte	0x4
 774 022d 62       		.byte	0x62
 775 022e 44020000 		.4byte	0x244
 776 0232 02       		.byte	0x2
 777 0233 23       		.byte	0x23
 778 0234 00       		.uleb128 0x0
 779 0235 06       		.uleb128 0x6
 780 0236 26020000 		.4byte	.LASF23
 781 023a 04       		.byte	0x4
 782 023b 64       		.byte	0x64
 783 023c 44020000 		.4byte	0x244
 784 0240 02       		.byte	0x2
 785 0241 23       		.byte	0x23
 786 0242 04       		.uleb128 0x4
 787 0243 00       		.byte	0x0
 788 0244 09       		.uleb128 0x9
ARM GAS  C:\Users\DNIEL~1\AppData\Local\Temp\ccT8Lyt3.s 			page 15


 789 0245 04       		.byte	0x4
 790 0246 EF000000 		.4byte	0xef
 791 024a 04       		.uleb128 0x4
 792 024b FA010000 		.4byte	.LASF41
 793 024f 04       		.byte	0x4
 794 0250 66       		.byte	0x66
 795 0251 1F020000 		.4byte	0x21f
 796 0255 08       		.uleb128 0x8
 797 0256 04       		.byte	0x4
 798 0257 04       		.byte	0x4
 799 0258 6B       		.byte	0x6b
 800 0259 6C020000 		.4byte	0x26c
 801 025d 06       		.uleb128 0x6
 802 025e 90020000 		.4byte	.LASF22
 803 0262 04       		.byte	0x4
 804 0263 6D       		.byte	0x6d
 805 0264 44020000 		.4byte	0x244
 806 0268 02       		.byte	0x2
 807 0269 23       		.byte	0x23
 808 026a 00       		.uleb128 0x0
 809 026b 00       		.byte	0x0
 810 026c 04       		.uleb128 0x4
 811 026d C9010000 		.4byte	.LASF42
 812 0271 04       		.byte	0x4
 813 0272 70       		.byte	0x70
 814 0273 55020000 		.4byte	0x255
 815 0277 04       		.uleb128 0x4
 816 0278 19010000 		.4byte	.LASF43
 817 027c 06       		.byte	0x6
 818 027d E5       		.byte	0xe5
 819 027e 82020000 		.4byte	0x282
 820 0282 0A       		.uleb128 0xa
 821 0283 04       		.byte	0x4
 822 0284 05       		.uleb128 0x5
 823 0285 36010000 		.4byte	.LASF44
 824 0289 20       		.byte	0x20
 825 028a 06       		.byte	0x6
 826 028b ED       		.byte	0xed
 827 028c FC020000 		.4byte	0x2fc
 828 0290 07       		.uleb128 0x7
 829 0291 723000   		.ascii	"r0\000"
 830 0294 06       		.byte	0x6
 831 0295 EE       		.byte	0xee
 832 0296 77020000 		.4byte	0x277
 833 029a 02       		.byte	0x2
 834 029b 23       		.byte	0x23
 835 029c 00       		.uleb128 0x0
 836 029d 07       		.uleb128 0x7
 837 029e 723100   		.ascii	"r1\000"
 838 02a1 06       		.byte	0x6
 839 02a2 EF       		.byte	0xef
 840 02a3 77020000 		.4byte	0x277
 841 02a7 02       		.byte	0x2
 842 02a8 23       		.byte	0x23
 843 02a9 04       		.uleb128 0x4
 844 02aa 07       		.uleb128 0x7
 845 02ab 723200   		.ascii	"r2\000"
ARM GAS  C:\Users\DNIEL~1\AppData\Local\Temp\ccT8Lyt3.s 			page 16


 846 02ae 06       		.byte	0x6
 847 02af F0       		.byte	0xf0
 848 02b0 77020000 		.4byte	0x277
 849 02b4 02       		.byte	0x2
 850 02b5 23       		.byte	0x23
 851 02b6 08       		.uleb128 0x8
 852 02b7 07       		.uleb128 0x7
 853 02b8 723300   		.ascii	"r3\000"
 854 02bb 06       		.byte	0x6
 855 02bc F1       		.byte	0xf1
 856 02bd 77020000 		.4byte	0x277
 857 02c1 02       		.byte	0x2
 858 02c2 23       		.byte	0x23
 859 02c3 0C       		.uleb128 0xc
 860 02c4 07       		.uleb128 0x7
 861 02c5 72313200 		.ascii	"r12\000"
 862 02c9 06       		.byte	0x6
 863 02ca F2       		.byte	0xf2
 864 02cb 77020000 		.4byte	0x277
 865 02cf 02       		.byte	0x2
 866 02d0 23       		.byte	0x23
 867 02d1 10       		.uleb128 0x10
 868 02d2 06       		.uleb128 0x6
 869 02d3 2F010000 		.4byte	.LASF45
 870 02d7 06       		.byte	0x6
 871 02d8 F3       		.byte	0xf3
 872 02d9 77020000 		.4byte	0x277
 873 02dd 02       		.byte	0x2
 874 02de 23       		.byte	0x23
 875 02df 14       		.uleb128 0x14
 876 02e0 07       		.uleb128 0x7
 877 02e1 706300   		.ascii	"pc\000"
 878 02e4 06       		.byte	0x6
 879 02e5 F4       		.byte	0xf4
 880 02e6 77020000 		.4byte	0x277
 881 02ea 02       		.byte	0x2
 882 02eb 23       		.byte	0x23
 883 02ec 18       		.uleb128 0x18
 884 02ed 06       		.uleb128 0x6
 885 02ee 7D020000 		.4byte	.LASF46
 886 02f2 06       		.byte	0x6
 887 02f3 F5       		.byte	0xf5
 888 02f4 77020000 		.4byte	0x277
 889 02f8 02       		.byte	0x2
 890 02f9 23       		.byte	0x23
 891 02fa 1C       		.uleb128 0x1c
 892 02fb 00       		.byte	0x0
 893 02fc 0B       		.uleb128 0xb
 894 02fd 13030000 		.4byte	.LASF47
 895 0301 24       		.byte	0x24
 896 0302 06       		.byte	0x6
 897 0303 0C01     		.2byte	0x10c
 898 0305 8A030000 		.4byte	0x38a
 899 0309 0C       		.uleb128 0xc
 900 030a 723400   		.ascii	"r4\000"
 901 030d 06       		.byte	0x6
 902 030e 1F01     		.2byte	0x11f
ARM GAS  C:\Users\DNIEL~1\AppData\Local\Temp\ccT8Lyt3.s 			page 17


 903 0310 77020000 		.4byte	0x277
 904 0314 02       		.byte	0x2
 905 0315 23       		.byte	0x23
 906 0316 00       		.uleb128 0x0
 907 0317 0C       		.uleb128 0xc
 908 0318 723500   		.ascii	"r5\000"
 909 031b 06       		.byte	0x6
 910 031c 2001     		.2byte	0x120
 911 031e 77020000 		.4byte	0x277
 912 0322 02       		.byte	0x2
 913 0323 23       		.byte	0x23
 914 0324 04       		.uleb128 0x4
 915 0325 0C       		.uleb128 0xc
 916 0326 723600   		.ascii	"r6\000"
 917 0329 06       		.byte	0x6
 918 032a 2101     		.2byte	0x121
 919 032c 77020000 		.4byte	0x277
 920 0330 02       		.byte	0x2
 921 0331 23       		.byte	0x23
 922 0332 08       		.uleb128 0x8
 923 0333 0C       		.uleb128 0xc
 924 0334 723700   		.ascii	"r7\000"
 925 0337 06       		.byte	0x6
 926 0338 2201     		.2byte	0x122
 927 033a 77020000 		.4byte	0x277
 928 033e 02       		.byte	0x2
 929 033f 23       		.byte	0x23
 930 0340 0C       		.uleb128 0xc
 931 0341 0C       		.uleb128 0xc
 932 0342 723800   		.ascii	"r8\000"
 933 0345 06       		.byte	0x6
 934 0346 2301     		.2byte	0x123
 935 0348 77020000 		.4byte	0x277
 936 034c 02       		.byte	0x2
 937 034d 23       		.byte	0x23
 938 034e 10       		.uleb128 0x10
 939 034f 0C       		.uleb128 0xc
 940 0350 723900   		.ascii	"r9\000"
 941 0353 06       		.byte	0x6
 942 0354 2401     		.2byte	0x124
 943 0356 77020000 		.4byte	0x277
 944 035a 02       		.byte	0x2
 945 035b 23       		.byte	0x23
 946 035c 14       		.uleb128 0x14
 947 035d 0C       		.uleb128 0xc
 948 035e 72313000 		.ascii	"r10\000"
 949 0362 06       		.byte	0x6
 950 0363 2501     		.2byte	0x125
 951 0365 77020000 		.4byte	0x277
 952 0369 02       		.byte	0x2
 953 036a 23       		.byte	0x23
 954 036b 18       		.uleb128 0x18
 955 036c 0C       		.uleb128 0xc
 956 036d 72313100 		.ascii	"r11\000"
 957 0371 06       		.byte	0x6
 958 0372 2601     		.2byte	0x126
 959 0374 77020000 		.4byte	0x277
ARM GAS  C:\Users\DNIEL~1\AppData\Local\Temp\ccT8Lyt3.s 			page 18


 960 0378 02       		.byte	0x2
 961 0379 23       		.byte	0x23
 962 037a 1C       		.uleb128 0x1c
 963 037b 0C       		.uleb128 0xc
 964 037c 6C7200   		.ascii	"lr\000"
 965 037f 06       		.byte	0x6
 966 0380 2701     		.2byte	0x127
 967 0382 77020000 		.4byte	0x277
 968 0386 02       		.byte	0x2
 969 0387 23       		.byte	0x23
 970 0388 20       		.uleb128 0x20
 971 0389 00       		.byte	0x0
 972 038a 0B       		.uleb128 0xb
 973 038b 77010000 		.4byte	.LASF48
 974 038f 04       		.byte	0x4
 975 0390 06       		.byte	0x6
 976 0391 3101     		.2byte	0x131
 977 0393 A7030000 		.4byte	0x3a7
 978 0397 0C       		.uleb128 0xc
 979 0398 72313300 		.ascii	"r13\000"
 980 039c 06       		.byte	0x6
 981 039d 3201     		.2byte	0x132
 982 039f A7030000 		.4byte	0x3a7
 983 03a3 02       		.byte	0x2
 984 03a4 23       		.byte	0x23
 985 03a5 00       		.uleb128 0x0
 986 03a6 00       		.byte	0x0
 987 03a7 09       		.uleb128 0x9
 988 03a8 04       		.byte	0x4
 989 03a9 FC020000 		.4byte	0x2fc
 990 03ad 0D       		.uleb128 0xd
 991 03ae 7B000000 		.4byte	0x7b
 992 03b2 08       		.uleb128 0x8
 993 03b3 8C       		.byte	0x8c
 994 03b4 07       		.byte	0x7
 995 03b5 89       		.byte	0x89
 996 03b6 E2040000 		.4byte	0x4e2
 997 03ba 06       		.uleb128 0x6
 998 03bb 43000000 		.4byte	.LASF49
 999 03bf 07       		.byte	0x7
 1000 03c0 8A       		.byte	0x8a
 1001 03c1 AD030000 		.4byte	0x3ad
 1002 03c5 02       		.byte	0x2
 1003 03c6 23       		.byte	0x23
 1004 03c7 00       		.uleb128 0x0
 1005 03c8 06       		.uleb128 0x6
 1006 03c9 92010000 		.4byte	.LASF50
 1007 03cd 07       		.byte	0x7
 1008 03ce 8B       		.byte	0x8b
 1009 03cf AD030000 		.4byte	0x3ad
 1010 03d3 02       		.byte	0x2
 1011 03d4 23       		.byte	0x23
 1012 03d5 04       		.uleb128 0x4
 1013 03d6 06       		.uleb128 0x6
 1014 03d7 5C010000 		.4byte	.LASF51
 1015 03db 07       		.byte	0x7
 1016 03dc 8C       		.byte	0x8c
ARM GAS  C:\Users\DNIEL~1\AppData\Local\Temp\ccT8Lyt3.s 			page 19


 1017 03dd AD030000 		.4byte	0x3ad
 1018 03e1 02       		.byte	0x2
 1019 03e2 23       		.byte	0x23
 1020 03e3 08       		.uleb128 0x8
 1021 03e4 06       		.uleb128 0x6
 1022 03e5 9D010000 		.4byte	.LASF52
 1023 03e9 07       		.byte	0x7
 1024 03ea 8D       		.byte	0x8d
 1025 03eb AD030000 		.4byte	0x3ad
 1026 03ef 02       		.byte	0x2
 1027 03f0 23       		.byte	0x23
 1028 03f1 0C       		.uleb128 0xc
 1029 03f2 07       		.uleb128 0x7
 1030 03f3 53435200 		.ascii	"SCR\000"
 1031 03f7 07       		.byte	0x7
 1032 03f8 8E       		.byte	0x8e
 1033 03f9 AD030000 		.4byte	0x3ad
 1034 03fd 02       		.byte	0x2
 1035 03fe 23       		.byte	0x23
 1036 03ff 10       		.uleb128 0x10
 1037 0400 07       		.uleb128 0x7
 1038 0401 43435200 		.ascii	"CCR\000"
 1039 0405 07       		.byte	0x7
 1040 0406 8F       		.byte	0x8f
 1041 0407 AD030000 		.4byte	0x3ad
 1042 040b 02       		.byte	0x2
 1043 040c 23       		.byte	0x23
 1044 040d 14       		.uleb128 0x14
 1045 040e 06       		.uleb128 0x6
 1046 040f 0E030000 		.4byte	.LASF53
 1047 0413 07       		.byte	0x7
 1048 0414 90       		.byte	0x90
 1049 0415 F2040000 		.4byte	0x4f2
 1050 0419 02       		.byte	0x2
 1051 041a 23       		.byte	0x23
 1052 041b 18       		.uleb128 0x18
 1053 041c 06       		.uleb128 0x6
 1054 041d 51020000 		.4byte	.LASF54
 1055 0421 07       		.byte	0x7
 1056 0422 91       		.byte	0x91
 1057 0423 AD030000 		.4byte	0x3ad
 1058 0427 02       		.byte	0x2
 1059 0428 23       		.byte	0x23
 1060 0429 24       		.uleb128 0x24
 1061 042a 06       		.uleb128 0x6
 1062 042b E7010000 		.4byte	.LASF55
 1063 042f 07       		.byte	0x7
 1064 0430 92       		.byte	0x92
 1065 0431 AD030000 		.4byte	0x3ad
 1066 0435 02       		.byte	0x2
 1067 0436 23       		.byte	0x23
 1068 0437 28       		.uleb128 0x28
 1069 0438 06       		.uleb128 0x6
 1070 0439 74030000 		.4byte	.LASF56
 1071 043d 07       		.byte	0x7
 1072 043e 93       		.byte	0x93
 1073 043f AD030000 		.4byte	0x3ad
ARM GAS  C:\Users\DNIEL~1\AppData\Local\Temp\ccT8Lyt3.s 			page 20


 1074 0443 02       		.byte	0x2
 1075 0444 23       		.byte	0x23
 1076 0445 2C       		.uleb128 0x2c
 1077 0446 06       		.uleb128 0x6
 1078 0447 A3010000 		.4byte	.LASF57
 1079 044b 07       		.byte	0x7
 1080 044c 94       		.byte	0x94
 1081 044d AD030000 		.4byte	0x3ad
 1082 0451 02       		.byte	0x2
 1083 0452 23       		.byte	0x23
 1084 0453 30       		.uleb128 0x30
 1085 0454 06       		.uleb128 0x6
 1086 0455 A8010000 		.4byte	.LASF58
 1087 0459 07       		.byte	0x7
 1088 045a 95       		.byte	0x95
 1089 045b AD030000 		.4byte	0x3ad
 1090 045f 02       		.byte	0x2
 1091 0460 23       		.byte	0x23
 1092 0461 34       		.uleb128 0x34
 1093 0462 06       		.uleb128 0x6
 1094 0463 0C010000 		.4byte	.LASF59
 1095 0467 07       		.byte	0x7
 1096 0468 96       		.byte	0x96
 1097 0469 AD030000 		.4byte	0x3ad
 1098 046d 02       		.byte	0x2
 1099 046e 23       		.byte	0x23
 1100 046f 38       		.uleb128 0x38
 1101 0470 06       		.uleb128 0x6
 1102 0471 C2020000 		.4byte	.LASF60
 1103 0475 07       		.byte	0x7
 1104 0476 97       		.byte	0x97
 1105 0477 AD030000 		.4byte	0x3ad
 1106 047b 02       		.byte	0x2
 1107 047c 23       		.byte	0x23
 1108 047d 3C       		.uleb128 0x3c
 1109 047e 07       		.uleb128 0x7
 1110 047f 50465200 		.ascii	"PFR\000"
 1111 0483 07       		.byte	0x7
 1112 0484 98       		.byte	0x98
 1113 0485 07050000 		.4byte	0x507
 1114 0489 02       		.byte	0x2
 1115 048a 23       		.byte	0x23
 1116 048b 40       		.uleb128 0x40
 1117 048c 07       		.uleb128 0x7
 1118 048d 44465200 		.ascii	"DFR\000"
 1119 0491 07       		.byte	0x7
 1120 0492 99       		.byte	0x99
 1121 0493 AD030000 		.4byte	0x3ad
 1122 0497 02       		.byte	0x2
 1123 0498 23       		.byte	0x23
 1124 0499 48       		.uleb128 0x48
 1125 049a 07       		.uleb128 0x7
 1126 049b 41445200 		.ascii	"ADR\000"
 1127 049f 07       		.byte	0x7
 1128 04a0 9A       		.byte	0x9a
 1129 04a1 AD030000 		.4byte	0x3ad
 1130 04a5 02       		.byte	0x2
ARM GAS  C:\Users\DNIEL~1\AppData\Local\Temp\ccT8Lyt3.s 			page 21


 1131 04a6 23       		.byte	0x23
 1132 04a7 4C       		.uleb128 0x4c
 1133 04a8 06       		.uleb128 0x6
 1134 04a9 36030000 		.4byte	.LASF61
 1135 04ad 07       		.byte	0x7
 1136 04ae 9B       		.byte	0x9b
 1137 04af 1C050000 		.4byte	0x51c
 1138 04b3 02       		.byte	0x2
 1139 04b4 23       		.byte	0x23
 1140 04b5 50       		.uleb128 0x50
 1141 04b6 07       		.uleb128 0x7
 1142 04b7 53415200 		.ascii	"SAR\000"
 1143 04bb 07       		.byte	0x7
 1144 04bc 9C       		.byte	0x9c
 1145 04bd 31050000 		.4byte	0x531
 1146 04c1 02       		.byte	0x2
 1147 04c2 23       		.byte	0x23
 1148 04c3 60       		.uleb128 0x60
 1149 04c4 06       		.uleb128 0x6
 1150 04c5 C7020000 		.4byte	.LASF62
 1151 04c9 07       		.byte	0x7
 1152 04ca 9D       		.byte	0x9d
 1153 04cb 36050000 		.4byte	0x536
 1154 04cf 02       		.byte	0x2
 1155 04d0 23       		.byte	0x23
 1156 04d1 74       		.uleb128 0x74
 1157 04d2 06       		.uleb128 0x6
 1158 04d3 6E030000 		.4byte	.LASF63
 1159 04d7 07       		.byte	0x7
 1160 04d8 9E       		.byte	0x9e
 1161 04d9 AD030000 		.4byte	0x3ad
 1162 04dd 03       		.byte	0x3
 1163 04de 23       		.byte	0x23
 1164 04df 8801     		.uleb128 0x88
 1165 04e1 00       		.byte	0x0
 1166 04e2 0E       		.uleb128 0xe
 1167 04e3 7B000000 		.4byte	0x7b
 1168 04e7 F2040000 		.4byte	0x4f2
 1169 04eb 0F       		.uleb128 0xf
 1170 04ec 30000000 		.4byte	0x30
 1171 04f0 02       		.byte	0x2
 1172 04f1 00       		.byte	0x0
 1173 04f2 0D       		.uleb128 0xd
 1174 04f3 E2040000 		.4byte	0x4e2
 1175 04f7 0E       		.uleb128 0xe
 1176 04f8 7B000000 		.4byte	0x7b
 1177 04fc 07050000 		.4byte	0x507
 1178 0500 0F       		.uleb128 0xf
 1179 0501 30000000 		.4byte	0x30
 1180 0505 01       		.byte	0x1
 1181 0506 00       		.byte	0x0
 1182 0507 0D       		.uleb128 0xd
 1183 0508 F7040000 		.4byte	0x4f7
 1184 050c 0E       		.uleb128 0xe
 1185 050d 7B000000 		.4byte	0x7b
 1186 0511 1C050000 		.4byte	0x51c
 1187 0515 0F       		.uleb128 0xf
ARM GAS  C:\Users\DNIEL~1\AppData\Local\Temp\ccT8Lyt3.s 			page 22


 1188 0516 30000000 		.4byte	0x30
 1189 051a 03       		.byte	0x3
 1190 051b 00       		.byte	0x0
 1191 051c 0D       		.uleb128 0xd
 1192 051d 0C050000 		.4byte	0x50c
 1193 0521 0E       		.uleb128 0xe
 1194 0522 7B000000 		.4byte	0x7b
 1195 0526 31050000 		.4byte	0x531
 1196 052a 0F       		.uleb128 0xf
 1197 052b 30000000 		.4byte	0x30
 1198 052f 04       		.byte	0x4
 1199 0530 00       		.byte	0x0
 1200 0531 0D       		.uleb128 0xd
 1201 0532 21050000 		.4byte	0x521
 1202 0536 0D       		.uleb128 0xd
 1203 0537 21050000 		.4byte	0x521
 1204 053b 04       		.uleb128 0x4
 1205 053c 0D000000 		.4byte	.LASF64
 1206 0540 07       		.byte	0x7
 1207 0541 9F       		.byte	0x9f
 1208 0542 B2030000 		.4byte	0x3b2
 1209 0546 0D       		.uleb128 0xd
 1210 0547 E4000000 		.4byte	0xe4
 1211 054b 08       		.uleb128 0x8
 1212 054c 1C       		.byte	0x1c
 1213 054d 08       		.byte	0x8
 1214 054e 5E       		.byte	0x5e
 1215 054f A8050000 		.4byte	0x5a8
 1216 0553 06       		.uleb128 0x6
 1217 0554 BA020000 		.4byte	.LASF65
 1218 0558 08       		.byte	0x8
 1219 0559 5F       		.byte	0x5f
 1220 055a 4A020000 		.4byte	0x24a
 1221 055e 02       		.byte	0x2
 1222 055f 23       		.byte	0x23
 1223 0560 00       		.uleb128 0x0
 1224 0561 06       		.uleb128 0x6
 1225 0562 82020000 		.4byte	.LASF66
 1226 0566 08       		.byte	0x8
 1227 0567 60       		.byte	0x60
 1228 0568 C3000000 		.4byte	0xc3
 1229 056c 02       		.byte	0x2
 1230 056d 23       		.byte	0x23
 1231 056e 08       		.uleb128 0x8
 1232 056f 06       		.uleb128 0x6
 1233 0570 F4010000 		.4byte	.LASF67
 1234 0574 08       		.byte	0x8
 1235 0575 62       		.byte	0x62
 1236 0576 8A030000 		.4byte	0x38a
 1237 057a 02       		.byte	0x2
 1238 057b 23       		.byte	0x23
 1239 057c 0C       		.uleb128 0xc
 1240 057d 06       		.uleb128 0x6
 1241 057e 11010000 		.4byte	.LASF68
 1242 0582 08       		.byte	0x8
 1243 0583 65       		.byte	0x65
 1244 0584 44020000 		.4byte	0x244
ARM GAS  C:\Users\DNIEL~1\AppData\Local\Temp\ccT8Lyt3.s 			page 23


 1245 0588 02       		.byte	0x2
 1246 0589 23       		.byte	0x23
 1247 058a 10       		.uleb128 0x10
 1248 058b 06       		.uleb128 0x6
 1249 058c 11020000 		.4byte	.LASF69
 1250 0590 08       		.byte	0x8
 1251 0591 66       		.byte	0x66
 1252 0592 44020000 		.4byte	0x244
 1253 0596 02       		.byte	0x2
 1254 0597 23       		.byte	0x23
 1255 0598 14       		.uleb128 0x14
 1256 0599 06       		.uleb128 0x6
 1257 059a 07020000 		.4byte	.LASF70
 1258 059e 08       		.byte	0x8
 1259 059f 69       		.byte	0x69
 1260 05a0 44020000 		.4byte	0x244
 1261 05a4 02       		.byte	0x2
 1262 05a5 23       		.byte	0x23
 1263 05a6 18       		.uleb128 0x18
 1264 05a7 00       		.byte	0x0
 1265 05a8 04       		.uleb128 0x4
 1266 05a9 2C030000 		.4byte	.LASF71
 1267 05ad 08       		.byte	0x8
 1268 05ae 6B       		.byte	0x6b
 1269 05af 4B050000 		.4byte	0x54b
 1270 05b3 05       		.uleb128 0x5
 1271 05b4 E1010000 		.4byte	.LASF72
 1272 05b8 10       		.byte	0x10
 1273 05b9 09       		.byte	0x9
 1274 05ba 2C       		.byte	0x2c
 1275 05bb EA050000 		.4byte	0x5ea
 1276 05bf 06       		.uleb128 0x6
 1277 05c0 72000000 		.4byte	.LASF73
 1278 05c4 09       		.byte	0x9
 1279 05c5 2D       		.byte	0x2d
 1280 05c6 4A020000 		.4byte	0x24a
 1281 05ca 02       		.byte	0x2
 1282 05cb 23       		.byte	0x23
 1283 05cc 00       		.uleb128 0x0
 1284 05cd 06       		.uleb128 0x6
 1285 05ce 79030000 		.4byte	.LASF74
 1286 05d2 09       		.byte	0x9
 1287 05d3 2F       		.byte	0x2f
 1288 05d4 44020000 		.4byte	0x244
 1289 05d8 02       		.byte	0x2
 1290 05d9 23       		.byte	0x23
 1291 05da 08       		.uleb128 0x8
 1292 05db 06       		.uleb128 0x6
 1293 05dc DE020000 		.4byte	.LASF75
 1294 05e0 09       		.byte	0x9
 1295 05e1 31       		.byte	0x31
 1296 05e2 EA050000 		.4byte	0x5ea
 1297 05e6 02       		.byte	0x2
 1298 05e7 23       		.byte	0x23
 1299 05e8 0C       		.uleb128 0xc
 1300 05e9 00       		.byte	0x0
 1301 05ea 09       		.uleb128 0x9
ARM GAS  C:\Users\DNIEL~1\AppData\Local\Temp\ccT8Lyt3.s 			page 24


 1302 05eb 04       		.byte	0x4
 1303 05ec B3050000 		.4byte	0x5b3
 1304 05f0 04       		.uleb128 0x4
 1305 05f1 E1010000 		.4byte	.LASF72
 1306 05f5 09       		.byte	0x9
 1307 05f6 33       		.byte	0x33
 1308 05f7 B3050000 		.4byte	0x5b3
 1309 05fb 10       		.uleb128 0x10
 1310 05fc 04       		.byte	0x4
 1311 05fd 05       		.byte	0x5
 1312 05fe 96       		.byte	0x96
 1313 05ff 30060000 		.4byte	0x630
 1314 0603 11       		.uleb128 0x11
 1315 0604 06000000 		.4byte	.LASF76
 1316 0608 05       		.byte	0x5
 1317 0609 9D       		.byte	0x9d
 1318 060a CE000000 		.4byte	0xce
 1319 060e 11       		.uleb128 0x11
 1320 060f 3A000000 		.4byte	.LASF77
 1321 0613 05       		.byte	0x5
 1322 0614 A4       		.byte	0xa4
 1323 0615 CE000000 		.4byte	0xce
 1324 0619 11       		.uleb128 0x11
 1325 061a 54030000 		.4byte	.LASF78
 1326 061e 05       		.byte	0x5
 1327 061f AB       		.byte	0xab
 1328 0620 82020000 		.4byte	0x282
 1329 0624 11       		.uleb128 0x11
 1330 0625 89020000 		.4byte	.LASF79
 1331 0629 05       		.byte	0x5
 1332 062a B2       		.byte	0xb2
 1333 062b D9000000 		.4byte	0xd9
 1334 062f 00       		.byte	0x0
 1335 0630 09       		.uleb128 0x9
 1336 0631 04       		.byte	0x4
 1337 0632 36060000 		.4byte	0x636
 1338 0636 12       		.uleb128 0x12
 1339 0637 3B060000 		.4byte	0x63b
 1340 063b 03       		.uleb128 0x3
 1341 063c 01       		.byte	0x1
 1342 063d 08       		.byte	0x8
 1343 063e D9020000 		.4byte	.LASF80
 1344 0642 09       		.uleb128 0x9
 1345 0643 04       		.byte	0x4
 1346 0644 F0050000 		.4byte	0x5f0
 1347 0648 13       		.uleb128 0x13
 1348 0649 01       		.byte	0x1
 1349 064a 61010000 		.4byte	.LASF82
 1350 064e 01       		.byte	0x1
 1351 064f C8       		.byte	0xc8
 1352 0650 01       		.byte	0x1
 1353 0651 00000000 		.4byte	.LFB11
 1354 0655 06000000 		.4byte	.LFE11
 1355 0659 02       		.byte	0x2
 1356 065a 7D       		.byte	0x7d
 1357 065b 00       		.sleb128 0
 1358 065c 14       		.uleb128 0x14
ARM GAS  C:\Users\DNIEL~1\AppData\Local\Temp\ccT8Lyt3.s 			page 25


 1359 065d 01       		.byte	0x1
 1360 065e FA020000 		.4byte	.LASF84
 1361 0662 01       		.byte	0x1
 1362 0663 41       		.byte	0x41
 1363 0664 01       		.byte	0x1
 1364 0665 00000000 		.4byte	.LFB8
 1365 0669 12000000 		.4byte	.LFE8
 1366 066d 02       		.byte	0x2
 1367 066e 7D       		.byte	0x7d
 1368 066f 00       		.sleb128 0
 1369 0670 9D060000 		.4byte	0x69d
 1370 0674 15       		.uleb128 0x15
 1371 0675 21020000 		.4byte	.LASF81
 1372 0679 01       		.byte	0x1
 1373 067a 42       		.byte	0x42
 1374 067b 9D060000 		.4byte	0x69d
 1375 067f 00000000 		.4byte	.LLST0
 1376 0683 16       		.uleb128 0x16
 1377 0684 0A000000 		.4byte	.LBB2
 1378 0688 10000000 		.4byte	.LBE2
 1379 068c 17       		.uleb128 0x17
 1380 068d 746D7000 		.ascii	"tmp\000"
 1381 0691 01       		.byte	0x1
 1382 0692 52       		.byte	0x52
 1383 0693 70000000 		.4byte	0x70
 1384 0697 20000000 		.4byte	.LLST1
 1385 069b 00       		.byte	0x0
 1386 069c 00       		.byte	0x0
 1387 069d 09       		.uleb128 0x9
 1388 069e 04       		.byte	0x4
 1389 069f 84020000 		.4byte	0x284
 1390 06a3 18       		.uleb128 0x18
 1391 06a4 01       		.byte	0x1
 1392 06a5 49030000 		.4byte	.LASF83
 1393 06a9 01       		.byte	0x1
 1394 06aa 78       		.byte	0x78
 1395 06ab 01       		.byte	0x1
 1396 06ac 00000000 		.4byte	.LFB9
 1397 06b0 30000000 		.4byte	.LFE9
 1398 06b4 33000000 		.4byte	.LLST2
 1399 06b8 14       		.uleb128 0x14
 1400 06b9 01       		.byte	0x1
 1401 06ba AE010000 		.4byte	.LASF85
 1402 06be 01       		.byte	0x1
 1403 06bf 96       		.byte	0x96
 1404 06c0 01       		.byte	0x1
 1405 06c1 00000000 		.4byte	.LFB10
 1406 06c5 6C000000 		.4byte	.LFE10
 1407 06c9 02       		.byte	0x2
 1408 06ca 7D       		.byte	0x7d
 1409 06cb 00       		.sleb128 0
 1410 06cc 20070000 		.4byte	0x720
 1411 06d0 19       		.uleb128 0x19
 1412 06d1 00000000 		.4byte	.LBB3
 1413 06d5 06000000 		.4byte	.LBE3
 1414 06d9 ED060000 		.4byte	0x6ed
 1415 06dd 17       		.uleb128 0x17
ARM GAS  C:\Users\DNIEL~1\AppData\Local\Temp\ccT8Lyt3.s 			page 26


 1416 06de 746D7000 		.ascii	"tmp\000"
 1417 06e2 01       		.byte	0x1
 1418 06e3 98       		.byte	0x98
 1419 06e4 70000000 		.4byte	0x70
 1420 06e8 53000000 		.4byte	.LLST3
 1421 06ec 00       		.byte	0x0
 1422 06ed 1A       		.uleb128 0x1a
 1423 06ee 00000000 		.4byte	.Ldebug_ranges0+0x0
 1424 06f2 06070000 		.4byte	0x706
 1425 06f6 15       		.uleb128 0x15
 1426 06f7 21020000 		.4byte	.LASF81
 1427 06fb 01       		.byte	0x1
 1428 06fc 9A       		.byte	0x9a
 1429 06fd 9D060000 		.4byte	0x69d
 1430 0701 66000000 		.4byte	.LLST4
 1431 0705 00       		.byte	0x0
 1432 0706 16       		.uleb128 0x16
 1433 0707 3E000000 		.4byte	.LBB5
 1434 070b 44000000 		.4byte	.LBE5
 1435 070f 17       		.uleb128 0x17
 1436 0710 746D7000 		.ascii	"tmp\000"
 1437 0714 01       		.byte	0x1
 1438 0715 BE       		.byte	0xbe
 1439 0716 70000000 		.4byte	0x70
 1440 071a 8F000000 		.4byte	.LLST5
 1441 071e 00       		.byte	0x0
 1442 071f 00       		.byte	0x0
 1443 0720 1B       		.uleb128 0x1b
 1444 0721 01       		.byte	0x1
 1445 0722 15000000 		.4byte	.LASF86
 1446 0726 01       		.byte	0x1
 1447 0727 2F       		.byte	0x2f
 1448 0728 01       		.byte	0x1
 1449 0729 00000000 		.4byte	.LFB7
 1450 072d 1A000000 		.4byte	.LFE7
 1451 0731 A2000000 		.4byte	.LLST6
 1452 0735 70070000 		.4byte	0x770
 1453 0739 19       		.uleb128 0x19
 1454 073a 02000000 		.4byte	.LBB7
 1455 073e 08000000 		.4byte	.LBE7
 1456 0742 56070000 		.4byte	0x756
 1457 0746 17       		.uleb128 0x17
 1458 0747 746D7000 		.ascii	"tmp\000"
 1459 074b 01       		.byte	0x1
 1460 074c 33       		.byte	0x33
 1461 074d 70000000 		.4byte	0x70
 1462 0751 C2000000 		.4byte	.LLST7
 1463 0755 00       		.byte	0x0
 1464 0756 16       		.uleb128 0x16
 1465 0757 0C000000 		.4byte	.LBB8
 1466 075b 12000000 		.4byte	.LBE8
 1467 075f 17       		.uleb128 0x17
 1468 0760 746D7000 		.ascii	"tmp\000"
 1469 0764 01       		.byte	0x1
 1470 0765 35       		.byte	0x35
 1471 0766 70000000 		.4byte	0x70
 1472 076a D5000000 		.4byte	.LLST8
ARM GAS  C:\Users\DNIEL~1\AppData\Local\Temp\ccT8Lyt3.s 			page 27


 1473 076e 00       		.byte	0x0
 1474 076f 00       		.byte	0x0
 1475 0770 14       		.uleb128 0x14
 1476 0771 01       		.byte	0x1
 1477 0772 3D010000 		.4byte	.LASF87
 1478 0776 01       		.byte	0x1
 1479 0777 E5       		.byte	0xe5
 1480 0778 01       		.byte	0x1
 1481 0779 00000000 		.4byte	.LFB12
 1482 077d 10000000 		.4byte	.LFE12
 1483 0781 02       		.byte	0x2
 1484 0782 7D       		.byte	0x7d
 1485 0783 00       		.sleb128 0
 1486 0784 A3070000 		.4byte	0x7a3
 1487 0788 1C       		.uleb128 0x1c
 1488 0789 6E747000 		.ascii	"ntp\000"
 1489 078d 01       		.byte	0x1
 1490 078e E5       		.byte	0xe5
 1491 078f 44020000 		.4byte	0x244
 1492 0793 01       		.byte	0x1
 1493 0794 50       		.byte	0x50
 1494 0795 1C       		.uleb128 0x1c
 1495 0796 6F747000 		.ascii	"otp\000"
 1496 079a 01       		.byte	0x1
 1497 079b E5       		.byte	0xe5
 1498 079c 44020000 		.4byte	0x244
 1499 07a0 01       		.byte	0x1
 1500 07a1 51       		.byte	0x51
 1501 07a2 00       		.byte	0x0
 1502 07a3 14       		.uleb128 0x14
 1503 07a4 01       		.byte	0x1
 1504 07a5 F1000000 		.4byte	.LASF88
 1505 07a9 01       		.byte	0x1
 1506 07aa FC       		.byte	0xfc
 1507 07ab 01       		.byte	0x1
 1508 07ac 00000000 		.4byte	.LFB13
 1509 07b0 10000000 		.4byte	.LFE13
 1510 07b4 02       		.byte	0x2
 1511 07b5 7D       		.byte	0x7d
 1512 07b6 00       		.sleb128 0
 1513 07b7 D5070000 		.4byte	0x7d5
 1514 07bb 16       		.uleb128 0x16
 1515 07bc 00000000 		.4byte	.LBB9
 1516 07c0 06000000 		.4byte	.LBE9
 1517 07c4 17       		.uleb128 0x17
 1518 07c5 746D7000 		.ascii	"tmp\000"
 1519 07c9 01       		.byte	0x1
 1520 07ca FE       		.byte	0xfe
 1521 07cb 70000000 		.4byte	0x70
 1522 07cf E8000000 		.4byte	.LLST9
 1523 07d3 00       		.byte	0x0
 1524 07d4 00       		.byte	0x0
 1525 07d5 1D       		.uleb128 0x1d
 1526 07d6 3B030000 		.4byte	.LASF89
 1527 07da 08       		.byte	0x8
 1528 07db 6F       		.byte	0x6f
 1529 07dc A8050000 		.4byte	0x5a8
ARM GAS  C:\Users\DNIEL~1\AppData\Local\Temp\ccT8Lyt3.s 			page 28


 1530 07e0 01       		.byte	0x1
 1531 07e1 01       		.byte	0x1
 1532 07e2 1D       		.uleb128 0x1d
 1533 07e3 3B030000 		.4byte	.LASF89
 1534 07e7 08       		.byte	0x8
 1535 07e8 6F       		.byte	0x6f
 1536 07e9 A8050000 		.4byte	0x5a8
 1537 07ed 01       		.byte	0x1
 1538 07ee 01       		.byte	0x1
 1539 07ef 00       		.byte	0x0
 1540              		.section	.debug_abbrev
 1541 0000 01       		.uleb128 0x1
 1542 0001 11       		.uleb128 0x11
 1543 0002 01       		.byte	0x1
 1544 0003 25       		.uleb128 0x25
 1545 0004 0E       		.uleb128 0xe
 1546 0005 13       		.uleb128 0x13
 1547 0006 0B       		.uleb128 0xb
 1548 0007 03       		.uleb128 0x3
 1549 0008 0E       		.uleb128 0xe
 1550 0009 1B       		.uleb128 0x1b
 1551 000a 0E       		.uleb128 0xe
 1552 000b 11       		.uleb128 0x11
 1553 000c 01       		.uleb128 0x1
 1554 000d 52       		.uleb128 0x52
 1555 000e 01       		.uleb128 0x1
 1556 000f 55       		.uleb128 0x55
 1557 0010 06       		.uleb128 0x6
 1558 0011 10       		.uleb128 0x10
 1559 0012 06       		.uleb128 0x6
 1560 0013 00       		.byte	0x0
 1561 0014 00       		.byte	0x0
 1562 0015 02       		.uleb128 0x2
 1563 0016 24       		.uleb128 0x24
 1564 0017 00       		.byte	0x0
 1565 0018 0B       		.uleb128 0xb
 1566 0019 0B       		.uleb128 0xb
 1567 001a 3E       		.uleb128 0x3e
 1568 001b 0B       		.uleb128 0xb
 1569 001c 03       		.uleb128 0x3
 1570 001d 08       		.uleb128 0x8
 1571 001e 00       		.byte	0x0
 1572 001f 00       		.byte	0x0
 1573 0020 03       		.uleb128 0x3
 1574 0021 24       		.uleb128 0x24
 1575 0022 00       		.byte	0x0
 1576 0023 0B       		.uleb128 0xb
 1577 0024 0B       		.uleb128 0xb
 1578 0025 3E       		.uleb128 0x3e
 1579 0026 0B       		.uleb128 0xb
 1580 0027 03       		.uleb128 0x3
 1581 0028 0E       		.uleb128 0xe
 1582 0029 00       		.byte	0x0
 1583 002a 00       		.byte	0x0
 1584 002b 04       		.uleb128 0x4
 1585 002c 16       		.uleb128 0x16
 1586 002d 00       		.byte	0x0
ARM GAS  C:\Users\DNIEL~1\AppData\Local\Temp\ccT8Lyt3.s 			page 29


 1587 002e 03       		.uleb128 0x3
 1588 002f 0E       		.uleb128 0xe
 1589 0030 3A       		.uleb128 0x3a
 1590 0031 0B       		.uleb128 0xb
 1591 0032 3B       		.uleb128 0x3b
 1592 0033 0B       		.uleb128 0xb
 1593 0034 49       		.uleb128 0x49
 1594 0035 13       		.uleb128 0x13
 1595 0036 00       		.byte	0x0
 1596 0037 00       		.byte	0x0
 1597 0038 05       		.uleb128 0x5
 1598 0039 13       		.uleb128 0x13
 1599 003a 01       		.byte	0x1
 1600 003b 03       		.uleb128 0x3
 1601 003c 0E       		.uleb128 0xe
 1602 003d 0B       		.uleb128 0xb
 1603 003e 0B       		.uleb128 0xb
 1604 003f 3A       		.uleb128 0x3a
 1605 0040 0B       		.uleb128 0xb
 1606 0041 3B       		.uleb128 0x3b
 1607 0042 0B       		.uleb128 0xb
 1608 0043 01       		.uleb128 0x1
 1609 0044 13       		.uleb128 0x13
 1610 0045 00       		.byte	0x0
 1611 0046 00       		.byte	0x0
 1612 0047 06       		.uleb128 0x6
 1613 0048 0D       		.uleb128 0xd
 1614 0049 00       		.byte	0x0
 1615 004a 03       		.uleb128 0x3
 1616 004b 0E       		.uleb128 0xe
 1617 004c 3A       		.uleb128 0x3a
 1618 004d 0B       		.uleb128 0xb
 1619 004e 3B       		.uleb128 0x3b
 1620 004f 0B       		.uleb128 0xb
 1621 0050 49       		.uleb128 0x49
 1622 0051 13       		.uleb128 0x13
 1623 0052 38       		.uleb128 0x38
 1624 0053 0A       		.uleb128 0xa
 1625 0054 00       		.byte	0x0
 1626 0055 00       		.byte	0x0
 1627 0056 07       		.uleb128 0x7
 1628 0057 0D       		.uleb128 0xd
 1629 0058 00       		.byte	0x0
 1630 0059 03       		.uleb128 0x3
 1631 005a 08       		.uleb128 0x8
 1632 005b 3A       		.uleb128 0x3a
 1633 005c 0B       		.uleb128 0xb
 1634 005d 3B       		.uleb128 0x3b
 1635 005e 0B       		.uleb128 0xb
 1636 005f 49       		.uleb128 0x49
 1637 0060 13       		.uleb128 0x13
 1638 0061 38       		.uleb128 0x38
 1639 0062 0A       		.uleb128 0xa
 1640 0063 00       		.byte	0x0
 1641 0064 00       		.byte	0x0
 1642 0065 08       		.uleb128 0x8
 1643 0066 13       		.uleb128 0x13
ARM GAS  C:\Users\DNIEL~1\AppData\Local\Temp\ccT8Lyt3.s 			page 30


 1644 0067 01       		.byte	0x1
 1645 0068 0B       		.uleb128 0xb
 1646 0069 0B       		.uleb128 0xb
 1647 006a 3A       		.uleb128 0x3a
 1648 006b 0B       		.uleb128 0xb
 1649 006c 3B       		.uleb128 0x3b
 1650 006d 0B       		.uleb128 0xb
 1651 006e 01       		.uleb128 0x1
 1652 006f 13       		.uleb128 0x13
 1653 0070 00       		.byte	0x0
 1654 0071 00       		.byte	0x0
 1655 0072 09       		.uleb128 0x9
 1656 0073 0F       		.uleb128 0xf
 1657 0074 00       		.byte	0x0
 1658 0075 0B       		.uleb128 0xb
 1659 0076 0B       		.uleb128 0xb
 1660 0077 49       		.uleb128 0x49
 1661 0078 13       		.uleb128 0x13
 1662 0079 00       		.byte	0x0
 1663 007a 00       		.byte	0x0
 1664 007b 0A       		.uleb128 0xa
 1665 007c 0F       		.uleb128 0xf
 1666 007d 00       		.byte	0x0
 1667 007e 0B       		.uleb128 0xb
 1668 007f 0B       		.uleb128 0xb
 1669 0080 00       		.byte	0x0
 1670 0081 00       		.byte	0x0
 1671 0082 0B       		.uleb128 0xb
 1672 0083 13       		.uleb128 0x13
 1673 0084 01       		.byte	0x1
 1674 0085 03       		.uleb128 0x3
 1675 0086 0E       		.uleb128 0xe
 1676 0087 0B       		.uleb128 0xb
 1677 0088 0B       		.uleb128 0xb
 1678 0089 3A       		.uleb128 0x3a
 1679 008a 0B       		.uleb128 0xb
 1680 008b 3B       		.uleb128 0x3b
 1681 008c 05       		.uleb128 0x5
 1682 008d 01       		.uleb128 0x1
 1683 008e 13       		.uleb128 0x13
 1684 008f 00       		.byte	0x0
 1685 0090 00       		.byte	0x0
 1686 0091 0C       		.uleb128 0xc
 1687 0092 0D       		.uleb128 0xd
 1688 0093 00       		.byte	0x0
 1689 0094 03       		.uleb128 0x3
 1690 0095 08       		.uleb128 0x8
 1691 0096 3A       		.uleb128 0x3a
 1692 0097 0B       		.uleb128 0xb
 1693 0098 3B       		.uleb128 0x3b
 1694 0099 05       		.uleb128 0x5
 1695 009a 49       		.uleb128 0x49
 1696 009b 13       		.uleb128 0x13
 1697 009c 38       		.uleb128 0x38
 1698 009d 0A       		.uleb128 0xa
 1699 009e 00       		.byte	0x0
 1700 009f 00       		.byte	0x0
ARM GAS  C:\Users\DNIEL~1\AppData\Local\Temp\ccT8Lyt3.s 			page 31


 1701 00a0 0D       		.uleb128 0xd
 1702 00a1 35       		.uleb128 0x35
 1703 00a2 00       		.byte	0x0
 1704 00a3 49       		.uleb128 0x49
 1705 00a4 13       		.uleb128 0x13
 1706 00a5 00       		.byte	0x0
 1707 00a6 00       		.byte	0x0
 1708 00a7 0E       		.uleb128 0xe
 1709 00a8 01       		.uleb128 0x1
 1710 00a9 01       		.byte	0x1
 1711 00aa 49       		.uleb128 0x49
 1712 00ab 13       		.uleb128 0x13
 1713 00ac 01       		.uleb128 0x1
 1714 00ad 13       		.uleb128 0x13
 1715 00ae 00       		.byte	0x0
 1716 00af 00       		.byte	0x0
 1717 00b0 0F       		.uleb128 0xf
 1718 00b1 21       		.uleb128 0x21
 1719 00b2 00       		.byte	0x0
 1720 00b3 49       		.uleb128 0x49
 1721 00b4 13       		.uleb128 0x13
 1722 00b5 2F       		.uleb128 0x2f
 1723 00b6 0B       		.uleb128 0xb
 1724 00b7 00       		.byte	0x0
 1725 00b8 00       		.byte	0x0
 1726 00b9 10       		.uleb128 0x10
 1727 00ba 17       		.uleb128 0x17
 1728 00bb 01       		.byte	0x1
 1729 00bc 0B       		.uleb128 0xb
 1730 00bd 0B       		.uleb128 0xb
 1731 00be 3A       		.uleb128 0x3a
 1732 00bf 0B       		.uleb128 0xb
 1733 00c0 3B       		.uleb128 0x3b
 1734 00c1 0B       		.uleb128 0xb
 1735 00c2 01       		.uleb128 0x1
 1736 00c3 13       		.uleb128 0x13
 1737 00c4 00       		.byte	0x0
 1738 00c5 00       		.byte	0x0
 1739 00c6 11       		.uleb128 0x11
 1740 00c7 0D       		.uleb128 0xd
 1741 00c8 00       		.byte	0x0
 1742 00c9 03       		.uleb128 0x3
 1743 00ca 0E       		.uleb128 0xe
 1744 00cb 3A       		.uleb128 0x3a
 1745 00cc 0B       		.uleb128 0xb
 1746 00cd 3B       		.uleb128 0x3b
 1747 00ce 0B       		.uleb128 0xb
 1748 00cf 49       		.uleb128 0x49
 1749 00d0 13       		.uleb128 0x13
 1750 00d1 00       		.byte	0x0
 1751 00d2 00       		.byte	0x0
 1752 00d3 12       		.uleb128 0x12
 1753 00d4 26       		.uleb128 0x26
 1754 00d5 00       		.byte	0x0
 1755 00d6 49       		.uleb128 0x49
 1756 00d7 13       		.uleb128 0x13
 1757 00d8 00       		.byte	0x0
ARM GAS  C:\Users\DNIEL~1\AppData\Local\Temp\ccT8Lyt3.s 			page 32


 1758 00d9 00       		.byte	0x0
 1759 00da 13       		.uleb128 0x13
 1760 00db 2E       		.uleb128 0x2e
 1761 00dc 00       		.byte	0x0
 1762 00dd 3F       		.uleb128 0x3f
 1763 00de 0C       		.uleb128 0xc
 1764 00df 03       		.uleb128 0x3
 1765 00e0 0E       		.uleb128 0xe
 1766 00e1 3A       		.uleb128 0x3a
 1767 00e2 0B       		.uleb128 0xb
 1768 00e3 3B       		.uleb128 0x3b
 1769 00e4 0B       		.uleb128 0xb
 1770 00e5 27       		.uleb128 0x27
 1771 00e6 0C       		.uleb128 0xc
 1772 00e7 11       		.uleb128 0x11
 1773 00e8 01       		.uleb128 0x1
 1774 00e9 12       		.uleb128 0x12
 1775 00ea 01       		.uleb128 0x1
 1776 00eb 40       		.uleb128 0x40
 1777 00ec 0A       		.uleb128 0xa
 1778 00ed 00       		.byte	0x0
 1779 00ee 00       		.byte	0x0
 1780 00ef 14       		.uleb128 0x14
 1781 00f0 2E       		.uleb128 0x2e
 1782 00f1 01       		.byte	0x1
 1783 00f2 3F       		.uleb128 0x3f
 1784 00f3 0C       		.uleb128 0xc
 1785 00f4 03       		.uleb128 0x3
 1786 00f5 0E       		.uleb128 0xe
 1787 00f6 3A       		.uleb128 0x3a
 1788 00f7 0B       		.uleb128 0xb
 1789 00f8 3B       		.uleb128 0x3b
 1790 00f9 0B       		.uleb128 0xb
 1791 00fa 27       		.uleb128 0x27
 1792 00fb 0C       		.uleb128 0xc
 1793 00fc 11       		.uleb128 0x11
 1794 00fd 01       		.uleb128 0x1
 1795 00fe 12       		.uleb128 0x12
 1796 00ff 01       		.uleb128 0x1
 1797 0100 40       		.uleb128 0x40
 1798 0101 0A       		.uleb128 0xa
 1799 0102 01       		.uleb128 0x1
 1800 0103 13       		.uleb128 0x13
 1801 0104 00       		.byte	0x0
 1802 0105 00       		.byte	0x0
 1803 0106 15       		.uleb128 0x15
 1804 0107 34       		.uleb128 0x34
 1805 0108 00       		.byte	0x0
 1806 0109 03       		.uleb128 0x3
 1807 010a 0E       		.uleb128 0xe
 1808 010b 3A       		.uleb128 0x3a
 1809 010c 0B       		.uleb128 0xb
 1810 010d 3B       		.uleb128 0x3b
 1811 010e 0B       		.uleb128 0xb
 1812 010f 49       		.uleb128 0x49
 1813 0110 13       		.uleb128 0x13
 1814 0111 02       		.uleb128 0x2
ARM GAS  C:\Users\DNIEL~1\AppData\Local\Temp\ccT8Lyt3.s 			page 33


 1815 0112 06       		.uleb128 0x6
 1816 0113 00       		.byte	0x0
 1817 0114 00       		.byte	0x0
 1818 0115 16       		.uleb128 0x16
 1819 0116 0B       		.uleb128 0xb
 1820 0117 01       		.byte	0x1
 1821 0118 11       		.uleb128 0x11
 1822 0119 01       		.uleb128 0x1
 1823 011a 12       		.uleb128 0x12
 1824 011b 01       		.uleb128 0x1
 1825 011c 00       		.byte	0x0
 1826 011d 00       		.byte	0x0
 1827 011e 17       		.uleb128 0x17
 1828 011f 34       		.uleb128 0x34
 1829 0120 00       		.byte	0x0
 1830 0121 03       		.uleb128 0x3
 1831 0122 08       		.uleb128 0x8
 1832 0123 3A       		.uleb128 0x3a
 1833 0124 0B       		.uleb128 0xb
 1834 0125 3B       		.uleb128 0x3b
 1835 0126 0B       		.uleb128 0xb
 1836 0127 49       		.uleb128 0x49
 1837 0128 13       		.uleb128 0x13
 1838 0129 02       		.uleb128 0x2
 1839 012a 06       		.uleb128 0x6
 1840 012b 00       		.byte	0x0
 1841 012c 00       		.byte	0x0
 1842 012d 18       		.uleb128 0x18
 1843 012e 2E       		.uleb128 0x2e
 1844 012f 00       		.byte	0x0
 1845 0130 3F       		.uleb128 0x3f
 1846 0131 0C       		.uleb128 0xc
 1847 0132 03       		.uleb128 0x3
 1848 0133 0E       		.uleb128 0xe
 1849 0134 3A       		.uleb128 0x3a
 1850 0135 0B       		.uleb128 0xb
 1851 0136 3B       		.uleb128 0x3b
 1852 0137 0B       		.uleb128 0xb
 1853 0138 27       		.uleb128 0x27
 1854 0139 0C       		.uleb128 0xc
 1855 013a 11       		.uleb128 0x11
 1856 013b 01       		.uleb128 0x1
 1857 013c 12       		.uleb128 0x12
 1858 013d 01       		.uleb128 0x1
 1859 013e 40       		.uleb128 0x40
 1860 013f 06       		.uleb128 0x6
 1861 0140 00       		.byte	0x0
 1862 0141 00       		.byte	0x0
 1863 0142 19       		.uleb128 0x19
 1864 0143 0B       		.uleb128 0xb
 1865 0144 01       		.byte	0x1
 1866 0145 11       		.uleb128 0x11
 1867 0146 01       		.uleb128 0x1
 1868 0147 12       		.uleb128 0x12
 1869 0148 01       		.uleb128 0x1
 1870 0149 01       		.uleb128 0x1
 1871 014a 13       		.uleb128 0x13
ARM GAS  C:\Users\DNIEL~1\AppData\Local\Temp\ccT8Lyt3.s 			page 34


 1872 014b 00       		.byte	0x0
 1873 014c 00       		.byte	0x0
 1874 014d 1A       		.uleb128 0x1a
 1875 014e 0B       		.uleb128 0xb
 1876 014f 01       		.byte	0x1
 1877 0150 55       		.uleb128 0x55
 1878 0151 06       		.uleb128 0x6
 1879 0152 01       		.uleb128 0x1
 1880 0153 13       		.uleb128 0x13
 1881 0154 00       		.byte	0x0
 1882 0155 00       		.byte	0x0
 1883 0156 1B       		.uleb128 0x1b
 1884 0157 2E       		.uleb128 0x2e
 1885 0158 01       		.byte	0x1
 1886 0159 3F       		.uleb128 0x3f
 1887 015a 0C       		.uleb128 0xc
 1888 015b 03       		.uleb128 0x3
 1889 015c 0E       		.uleb128 0xe
 1890 015d 3A       		.uleb128 0x3a
 1891 015e 0B       		.uleb128 0xb
 1892 015f 3B       		.uleb128 0x3b
 1893 0160 0B       		.uleb128 0xb
 1894 0161 27       		.uleb128 0x27
 1895 0162 0C       		.uleb128 0xc
 1896 0163 11       		.uleb128 0x11
 1897 0164 01       		.uleb128 0x1
 1898 0165 12       		.uleb128 0x12
 1899 0166 01       		.uleb128 0x1
 1900 0167 40       		.uleb128 0x40
 1901 0168 06       		.uleb128 0x6
 1902 0169 01       		.uleb128 0x1
 1903 016a 13       		.uleb128 0x13
 1904 016b 00       		.byte	0x0
 1905 016c 00       		.byte	0x0
 1906 016d 1C       		.uleb128 0x1c
 1907 016e 05       		.uleb128 0x5
 1908 016f 00       		.byte	0x0
 1909 0170 03       		.uleb128 0x3
 1910 0171 08       		.uleb128 0x8
 1911 0172 3A       		.uleb128 0x3a
 1912 0173 0B       		.uleb128 0xb
 1913 0174 3B       		.uleb128 0x3b
 1914 0175 0B       		.uleb128 0xb
 1915 0176 49       		.uleb128 0x49
 1916 0177 13       		.uleb128 0x13
 1917 0178 02       		.uleb128 0x2
 1918 0179 0A       		.uleb128 0xa
 1919 017a 00       		.byte	0x0
 1920 017b 00       		.byte	0x0
 1921 017c 1D       		.uleb128 0x1d
 1922 017d 34       		.uleb128 0x34
 1923 017e 00       		.byte	0x0
 1924 017f 03       		.uleb128 0x3
 1925 0180 0E       		.uleb128 0xe
 1926 0181 3A       		.uleb128 0x3a
 1927 0182 0B       		.uleb128 0xb
 1928 0183 3B       		.uleb128 0x3b
ARM GAS  C:\Users\DNIEL~1\AppData\Local\Temp\ccT8Lyt3.s 			page 35


 1929 0184 0B       		.uleb128 0xb
 1930 0185 49       		.uleb128 0x49
 1931 0186 13       		.uleb128 0x13
 1932 0187 3F       		.uleb128 0x3f
 1933 0188 0C       		.uleb128 0xc
 1934 0189 3C       		.uleb128 0x3c
 1935 018a 0C       		.uleb128 0xc
 1936 018b 00       		.byte	0x0
 1937 018c 00       		.byte	0x0
 1938 018d 00       		.byte	0x0
 1939              		.section	.debug_pubnames,"",%progbits
 1940 0000 99000000 		.4byte	0x99
 1941 0004 0200     		.2byte	0x2
 1942 0006 00000000 		.4byte	.Ldebug_info0
 1943 000a F0070000 		.4byte	0x7f0
 1944 000e 48060000 		.4byte	0x648
 1945 0012 5F706F72 		.ascii	"_port_switch_from_isr\000"
 1945      745F7377 
 1945      69746368 
 1945      5F66726F 
 1945      6D5F6973 
 1946 0028 5C060000 		.4byte	0x65c
 1947 002c 53564361 		.ascii	"SVCallVector\000"
 1947      6C6C5665 
 1947      63746F72 
 1947      00
 1948 0039 A3060000 		.4byte	0x6a3
 1949 003d 5F706F72 		.ascii	"_port_init\000"
 1949      745F696E 
 1949      697400
 1950 0048 B8060000 		.4byte	0x6b8
 1951 004c 5F706F72 		.ascii	"_port_irq_epilogue\000"
 1951      745F6972 
 1951      715F6570 
 1951      696C6F67 
 1951      756500
 1952 005f 20070000 		.4byte	0x720
 1953 0063 53797354 		.ascii	"SysTickVector\000"
 1953      69636B56 
 1953      6563746F 
 1953      7200
 1954 0071 70070000 		.4byte	0x770
 1955 0075 5F706F72 		.ascii	"_port_switch\000"
 1955      745F7377 
 1955      69746368 
 1955      00
 1956 0082 A3070000 		.4byte	0x7a3
 1957 0086 5F706F72 		.ascii	"_port_thread_start\000"
 1957      745F7468 
 1957      72656164 
 1957      5F737461 
 1957      727400
 1958 0099 00000000 		.4byte	0x0
 1959              		.section	.debug_pubtypes,"",%progbits
 1960 0000 2E010000 		.4byte	0x12e
 1961 0004 0200     		.2byte	0x2
 1962 0006 00000000 		.4byte	.Ldebug_info0
ARM GAS  C:\Users\DNIEL~1\AppData\Local\Temp\ccT8Lyt3.s 			page 36


 1963 000a F0070000 		.4byte	0x7f0
 1964 000e 3E000000 		.4byte	0x3e
 1965 0012 75696E74 		.ascii	"uint8_t\000"
 1965      385F7400 
 1966 001a 5E000000 		.4byte	0x5e
 1967 001e 696E7433 		.ascii	"int32_t\000"
 1967      325F7400 
 1968 0026 70000000 		.4byte	0x70
 1969 002a 75696E74 		.ascii	"uint32_t\000"
 1969      33325F74 
 1969      00
 1970 0033 97000000 		.4byte	0x97
 1971 0037 746D6F64 		.ascii	"tmode_t\000"
 1971      655F7400 
 1972 003f A2000000 		.4byte	0xa2
 1973 0043 74737461 		.ascii	"tstate_t\000"
 1973      74655F74 
 1973      00
 1974 004c AD000000 		.4byte	0xad
 1975 0050 74726566 		.ascii	"trefs_t\000"
 1975      735F7400 
 1976 0058 B8000000 		.4byte	0xb8
 1977 005c 74736C69 		.ascii	"tslices_t\000"
 1977      6365735F 
 1977      7400
 1978 0066 C3000000 		.4byte	0xc3
 1979 006a 74707269 		.ascii	"tprio_t\000"
 1979      6F5F7400 
 1980 0072 CE000000 		.4byte	0xce
 1981 0076 6D73675F 		.ascii	"msg_t\000"
 1981      7400
 1982 007c D9000000 		.4byte	0xd9
 1983 0080 6576656E 		.ascii	"eventmask_t\000"
 1983      746D6173 
 1983      6B5F7400 
 1984 008c E4000000 		.4byte	0xe4
 1985 0090 73797374 		.ascii	"systime_t\000"
 1985      696D655F 
 1985      7400
 1986 009a EF000000 		.4byte	0xef
 1987 009e 54687265 		.ascii	"Thread\000"
 1987      616400
 1988 00a5 4A020000 		.4byte	0x24a
 1989 00a9 54687265 		.ascii	"ThreadsQueue\000"
 1989      61647351 
 1989      75657565 
 1989      00
 1990 00b6 6C020000 		.4byte	0x26c
 1991 00ba 54687265 		.ascii	"ThreadsList\000"
 1991      6164734C 
 1991      69737400 
 1992 00c6 77020000 		.4byte	0x277
 1993 00ca 72656761 		.ascii	"regarm_t\000"
 1993      726D5F74 
 1993      00
 1994 00d3 84020000 		.4byte	0x284
 1995 00d7 65787463 		.ascii	"extctx\000"
ARM GAS  C:\Users\DNIEL~1\AppData\Local\Temp\ccT8Lyt3.s 			page 37


 1995      747800
 1996 00de FC020000 		.4byte	0x2fc
 1997 00e2 696E7463 		.ascii	"intctx\000"
 1997      747800
 1998 00e9 8A030000 		.4byte	0x38a
 1999 00ed 636F6E74 		.ascii	"context\000"
 1999      65787400 
 2000 00f5 3B050000 		.4byte	0x53b
 2001 00f9 434D785F 		.ascii	"CMx_SCB\000"
 2001      53434200 
 2002 0101 A8050000 		.4byte	0x5a8
 2003 0105 52656164 		.ascii	"ReadyList\000"
 2003      794C6973 
 2003      7400
 2004 010f B3050000 		.4byte	0x5b3
 2005 0113 4D757465 		.ascii	"Mutex\000"
 2005      7800
 2006 0119 F0050000 		.4byte	0x5f0
 2007 011d 4D757465 		.ascii	"Mutex\000"
 2007      7800
 2008 0123 FA000000 		.4byte	0xfa
 2009 0127 54687265 		.ascii	"Thread\000"
 2009      616400
 2010 012e 00000000 		.4byte	0x0
 2011              		.section	.debug_aranges,"",%progbits
 2012 0000 4C000000 		.4byte	0x4c
 2013 0004 0200     		.2byte	0x2
 2014 0006 00000000 		.4byte	.Ldebug_info0
 2015 000a 04       		.byte	0x4
 2016 000b 00       		.byte	0x0
 2017 000c 0000     		.2byte	0x0
 2018 000e 0000     		.2byte	0x0
 2019 0010 00000000 		.4byte	.LFB11
 2020 0014 06000000 		.4byte	.LFE11-.LFB11
 2021 0018 00000000 		.4byte	.LFB8
 2022 001c 12000000 		.4byte	.LFE8-.LFB8
 2023 0020 00000000 		.4byte	.LFB9
 2024 0024 30000000 		.4byte	.LFE9-.LFB9
 2025 0028 00000000 		.4byte	.LFB10
 2026 002c 6C000000 		.4byte	.LFE10-.LFB10
 2027 0030 00000000 		.4byte	.LFB7
 2028 0034 1A000000 		.4byte	.LFE7-.LFB7
 2029 0038 00000000 		.4byte	.LFB12
 2030 003c 10000000 		.4byte	.LFE12-.LFB12
 2031 0040 00000000 		.4byte	.LFB13
 2032 0044 10000000 		.4byte	.LFE13-.LFB13
 2033 0048 00000000 		.4byte	0x0
 2034 004c 00000000 		.4byte	0x0
 2035              		.section	.debug_ranges,"",%progbits
 2036              	.Ldebug_ranges0:
 2037 0000 10000000 		.4byte	.LBB4
 2038 0004 3E000000 		.4byte	.LBE4
 2039 0008 44000000 		.4byte	.LBB6
 2040 000c 6C000000 		.4byte	.LBE6
 2041 0010 00000000 		.4byte	0x0
 2042 0014 00000000 		.4byte	0x0
 2043 0018 00000000 		.4byte	.LFB11
ARM GAS  C:\Users\DNIEL~1\AppData\Local\Temp\ccT8Lyt3.s 			page 38


 2044 001c 06000000 		.4byte	.LFE11
 2045 0020 00000000 		.4byte	.LFB8
 2046 0024 12000000 		.4byte	.LFE8
 2047 0028 00000000 		.4byte	.LFB9
 2048 002c 30000000 		.4byte	.LFE9
 2049 0030 00000000 		.4byte	.LFB10
 2050 0034 6C000000 		.4byte	.LFE10
 2051 0038 00000000 		.4byte	.LFB7
 2052 003c 1A000000 		.4byte	.LFE7
 2053 0040 00000000 		.4byte	.LFB12
 2054 0044 10000000 		.4byte	.LFE12
 2055 0048 00000000 		.4byte	.LFB13
 2056 004c 10000000 		.4byte	.LFE13
 2057 0050 00000000 		.4byte	0x0
 2058 0054 00000000 		.4byte	0x0
 2059              		.section	.debug_str,"MS",%progbits,1
 2060              	.LASF36:
 2061 0000 705F6D73 		.ascii	"p_msg\000"
 2061      6700
 2062              	.LASF76:
 2063 0006 7264796D 		.ascii	"rdymsg\000"
 2063      736700
 2064              	.LASF64:
 2065 000d 434D785F 		.ascii	"CMx_SCB\000"
 2065      53434200 
 2066              	.LASF86:
 2067 0015 53797354 		.ascii	"SysTickVector\000"
 2067      69636B56 
 2067      6563746F 
 2067      7200
 2068              	.LASF11:
 2069 0023 6C6F6E67 		.ascii	"long long unsigned int\000"
 2069      206C6F6E 
 2069      6720756E 
 2069      7369676E 
 2069      65642069 
 2070              	.LASF77:
 2071 003a 65786974 		.ascii	"exitcode\000"
 2071      636F6465 
 2071      00
 2072              	.LASF49:
 2073 0043 43505549 		.ascii	"CPUID\000"
 2073      4400
 2074              	.LASF24:
 2075 0049 705F7072 		.ascii	"p_prio\000"
 2075      696F00
 2076              	.LASF10:
 2077 0050 6C6F6E67 		.ascii	"long long int\000"
 2077      206C6F6E 
 2077      6720696E 
 2077      7400
 2078              	.LASF1:
 2079 005e 7369676E 		.ascii	"signed char\000"
 2079      65642063 
 2079      68617200 
 2080              	.LASF40:
 2081 006a 705F6D70 		.ascii	"p_mpool\000"
ARM GAS  C:\Users\DNIEL~1\AppData\Local\Temp\ccT8Lyt3.s 			page 39


 2081      6F6F6C00 
 2082              	.LASF73:
 2083 0072 6D5F7175 		.ascii	"m_queue\000"
 2083      65756500 
 2084              	.LASF91:
 2085 007a 2E2E2F2E 		.ascii	"../../../ChibiOS/os/ports/GCC/ARMCMx/chcore_v7m.c\000"
 2085      2E2F2E2E 
 2085      2F436869 
 2085      62694F53 
 2085      2F6F732F 
 2086              	.LASF92:
 2087 00ac 433A5C44 		.ascii	"C:\\Dani\\MegaLux\\Repo\\Smarty\\Smarty\\smarty\\fi"
 2087      616E695C 
 2087      4D656761 
 2087      4C75785C 
 2087      5265706F 
 2088 00d8 726D7761 		.ascii	"rmware\000"
 2088      726500
 2089              	.LASF7:
 2090 00df 6C6F6E67 		.ascii	"long int\000"
 2090      20696E74 
 2090      00
 2091              	.LASF14:
 2092 00e8 74737461 		.ascii	"tstate_t\000"
 2092      74655F74 
 2092      00
 2093              	.LASF88:
 2094 00f1 5F706F72 		.ascii	"_port_thread_start\000"
 2094      745F7468 
 2094      72656164 
 2094      5F737461 
 2094      727400
 2095              	.LASF26:
 2096 0104 705F6E65 		.ascii	"p_newer\000"
 2096      77657200 
 2097              	.LASF59:
 2098 010c 42464152 		.ascii	"BFAR\000"
 2098      00
 2099              	.LASF68:
 2100 0111 725F6E65 		.ascii	"r_newer\000"
 2100      77657200 
 2101              	.LASF43:
 2102 0119 72656761 		.ascii	"regarm_t\000"
 2102      726D5F74 
 2102      00
 2103              	.LASF0:
 2104 0122 756E7369 		.ascii	"unsigned int\000"
 2104      676E6564 
 2104      20696E74 
 2104      00
 2105              	.LASF45:
 2106 012f 6C725F74 		.ascii	"lr_thd\000"
 2106      686400
 2107              	.LASF44:
 2108 0136 65787463 		.ascii	"extctx\000"
 2108      747800
 2109              	.LASF87:
ARM GAS  C:\Users\DNIEL~1\AppData\Local\Temp\ccT8Lyt3.s 			page 40


 2110 013d 5F706F72 		.ascii	"_port_switch\000"
 2110      745F7377 
 2110      69746368 
 2110      00
 2111              	.LASF9:
 2112 014a 6C6F6E67 		.ascii	"long unsigned int\000"
 2112      20756E73 
 2112      69676E65 
 2112      6420696E 
 2112      7400
 2113              	.LASF51:
 2114 015c 56544F52 		.ascii	"VTOR\000"
 2114      00
 2115              	.LASF82:
 2116 0161 5F706F72 		.ascii	"_port_switch_from_isr\000"
 2116      745F7377 
 2116      69746368 
 2116      5F66726F 
 2116      6D5F6973 
 2117              	.LASF48:
 2118 0177 636F6E74 		.ascii	"context\000"
 2118      65787400 
 2119              	.LASF4:
 2120 017f 73686F72 		.ascii	"short unsigned int\000"
 2120      7420756E 
 2120      7369676E 
 2120      65642069 
 2120      6E7400
 2121              	.LASF50:
 2122 0192 49435352 		.ascii	"ICSR\000"
 2122      00
 2123              	.LASF18:
 2124 0197 6D73675F 		.ascii	"msg_t\000"
 2124      7400
 2125              	.LASF52:
 2126 019d 41495243 		.ascii	"AIRCR\000"
 2126      5200
 2127              	.LASF57:
 2128 01a3 44465352 		.ascii	"DFSR\000"
 2128      00
 2129              	.LASF58:
 2130 01a8 4D4D4641 		.ascii	"MMFAR\000"
 2130      5200
 2131              	.LASF85:
 2132 01ae 5F706F72 		.ascii	"_port_irq_epilogue\000"
 2132      745F6972 
 2132      715F6570 
 2132      696C6F67 
 2132      756500
 2133              	.LASF13:
 2134 01c1 746D6F64 		.ascii	"tmode_t\000"
 2134      655F7400 
 2135              	.LASF42:
 2136 01c9 54687265 		.ascii	"ThreadsList\000"
 2136      6164734C 
 2136      69737400 
 2137              	.LASF19:
ARM GAS  C:\Users\DNIEL~1\AppData\Local\Temp\ccT8Lyt3.s 			page 41


 2138 01d5 6576656E 		.ascii	"eventmask_t\000"
 2138      746D6173 
 2138      6B5F7400 
 2139              	.LASF72:
 2140 01e1 4D757465 		.ascii	"Mutex\000"
 2140      7800
 2141              	.LASF55:
 2142 01e7 43465352 		.ascii	"CFSR\000"
 2142      00
 2143              	.LASF27:
 2144 01ec 705F6F6C 		.ascii	"p_older\000"
 2144      64657200 
 2145              	.LASF67:
 2146 01f4 725F6374 		.ascii	"r_ctx\000"
 2146      7800
 2147              	.LASF41:
 2148 01fa 54687265 		.ascii	"ThreadsQueue\000"
 2148      61647351 
 2148      75657565 
 2148      00
 2149              	.LASF70:
 2150 0207 725F6375 		.ascii	"r_current\000"
 2150      7272656E 
 2150      7400
 2151              	.LASF69:
 2152 0211 725F6F6C 		.ascii	"r_older\000"
 2152      64657200 
 2153              	.LASF15:
 2154 0219 74726566 		.ascii	"trefs_t\000"
 2154      735F7400 
 2155              	.LASF81:
 2156 0221 63747870 		.ascii	"ctxp\000"
 2156      00
 2157              	.LASF23:
 2158 0226 705F7072 		.ascii	"p_prev\000"
 2158      657600
 2159              	.LASF17:
 2160 022d 74707269 		.ascii	"tprio_t\000"
 2160      6F5F7400 
 2161              	.LASF12:
 2162 0235 5F426F6F 		.ascii	"_Bool\000"
 2162      6C00
 2163              	.LASF6:
 2164 023b 696E7433 		.ascii	"int32_t\000"
 2164      325F7400 
 2165              	.LASF2:
 2166 0243 756E7369 		.ascii	"unsigned char\000"
 2166      676E6564 
 2166      20636861 
 2166      7200
 2167              	.LASF54:
 2168 0251 53484353 		.ascii	"SHCSR\000"
 2168      5200
 2169              	.LASF38:
 2170 0257 705F6D74 		.ascii	"p_mtxlist\000"
 2170      786C6973 
 2170      7400
ARM GAS  C:\Users\DNIEL~1\AppData\Local\Temp\ccT8Lyt3.s 			page 42


 2171              	.LASF3:
 2172 0261 73686F72 		.ascii	"short int\000"
 2172      7420696E 
 2172      7400
 2173              	.LASF29:
 2174 026b 705F7374 		.ascii	"p_state\000"
 2174      61746500 
 2175              	.LASF32:
 2176 0273 705F7072 		.ascii	"p_preempt\000"
 2176      65656D70 
 2176      7400
 2177              	.LASF46:
 2178 027d 78707372 		.ascii	"xpsr\000"
 2178      00
 2179              	.LASF66:
 2180 0282 725F7072 		.ascii	"r_prio\000"
 2180      696F00
 2181              	.LASF79:
 2182 0289 65776D61 		.ascii	"ewmask\000"
 2182      736B00
 2183              	.LASF22:
 2184 0290 705F6E65 		.ascii	"p_next\000"
 2184      787400
 2185              	.LASF30:
 2186 0297 705F666C 		.ascii	"p_flags\000"
 2186      61677300 
 2187              	.LASF21:
 2188 029f 54687265 		.ascii	"Thread\000"
 2188      616400
 2189              	.LASF37:
 2190 02a6 705F6570 		.ascii	"p_epending\000"
 2190      656E6469 
 2190      6E6700
 2191              	.LASF8:
 2192 02b1 75696E74 		.ascii	"uint32_t\000"
 2192      33325F74 
 2192      00
 2193              	.LASF65:
 2194 02ba 725F7175 		.ascii	"r_queue\000"
 2194      65756500 
 2195              	.LASF60:
 2196 02c2 41465352 		.ascii	"AFSR\000"
 2196      00
 2197              	.LASF62:
 2198 02c7 756E7573 		.ascii	"unused1\000"
 2198      65643100 
 2199              	.LASF16:
 2200 02cf 74736C69 		.ascii	"tslices_t\000"
 2200      6365735F 
 2200      7400
 2201              	.LASF80:
 2202 02d9 63686172 		.ascii	"char\000"
 2202      00
 2203              	.LASF75:
 2204 02de 6D5F6E65 		.ascii	"m_next\000"
 2204      787400
 2205              	.LASF20:
ARM GAS  C:\Users\DNIEL~1\AppData\Local\Temp\ccT8Lyt3.s 			page 43


 2206 02e5 73797374 		.ascii	"systime_t\000"
 2206      696D655F 
 2206      7400
 2207              	.LASF39:
 2208 02ef 705F7265 		.ascii	"p_realprio\000"
 2208      616C7072 
 2208      696F00
 2209              	.LASF84:
 2210 02fa 53564361 		.ascii	"SVCallVector\000"
 2210      6C6C5665 
 2210      63746F72 
 2210      00
 2211              	.LASF33:
 2212 0307 705F7469 		.ascii	"p_time\000"
 2212      6D6500
 2213              	.LASF53:
 2214 030e 53485052 		.ascii	"SHPR\000"
 2214      00
 2215              	.LASF47:
 2216 0313 696E7463 		.ascii	"intctx\000"
 2216      747800
 2217              	.LASF35:
 2218 031a 705F6D73 		.ascii	"p_msgqueue\000"
 2218      67717565 
 2218      756500
 2219              	.LASF31:
 2220 0325 705F7265 		.ascii	"p_refs\000"
 2220      667300
 2221              	.LASF71:
 2222 032c 52656164 		.ascii	"ReadyList\000"
 2222      794C6973 
 2222      7400
 2223              	.LASF61:
 2224 0336 4D4D4652 		.ascii	"MMFR\000"
 2224      00
 2225              	.LASF89:
 2226 033b 726C6973 		.ascii	"rlist\000"
 2226      7400
 2227              	.LASF5:
 2228 0341 75696E74 		.ascii	"uint8_t\000"
 2228      385F7400 
 2229              	.LASF83:
 2230 0349 5F706F72 		.ascii	"_port_init\000"
 2230      745F696E 
 2230      697400
 2231              	.LASF78:
 2232 0354 77746F62 		.ascii	"wtobjp\000"
 2232      6A7000
 2233              	.LASF90:
 2234 035b 474E5520 		.ascii	"GNU C 4.5.2\000"
 2234      4320342E 
 2234      352E3200 
 2235              	.LASF28:
 2236 0367 705F6E61 		.ascii	"p_name\000"
 2236      6D6500
 2237              	.LASF63:
 2238 036e 43504143 		.ascii	"CPACR\000"
ARM GAS  C:\Users\DNIEL~1\AppData\Local\Temp\ccT8Lyt3.s 			page 44


 2238      5200
 2239              	.LASF56:
 2240 0374 48465352 		.ascii	"HFSR\000"
 2240      00
 2241              	.LASF74:
 2242 0379 6D5F6F77 		.ascii	"m_owner\000"
 2242      6E657200 
 2243              	.LASF25:
 2244 0381 705F6374 		.ascii	"p_ctx\000"
 2244      7800
 2245              	.LASF34:
 2246 0387 705F7761 		.ascii	"p_waiting\000"
 2246      6974696E 
 2246      6700
 2247              		.ident	"GCC: (Sourcery G++ Lite 2011.03-42) 4.5.2"
ARM GAS  C:\Users\DNIEL~1\AppData\Local\Temp\ccT8Lyt3.s 			page 45


DEFINED SYMBOLS
                            *ABS*:00000000 chcore_v7m.c
C:\Users\DNIEL~1\AppData\Local\Temp\ccT8Lyt3.s:24     .text._port_switch_from_isr:00000000 $t
C:\Users\DNIEL~1\AppData\Local\Temp\ccT8Lyt3.s:30     .text._port_switch_from_isr:00000000 _port_switch_from_isr
C:\Users\DNIEL~1\AppData\Local\Temp\ccT8Lyt3.s:42     .text._port_switch_from_isr:00000004 _port_exit_from_isr
C:\Users\DNIEL~1\AppData\Local\Temp\ccT8Lyt3.s:54     .text.SVCallVector:00000000 $t
C:\Users\DNIEL~1\AppData\Local\Temp\ccT8Lyt3.s:60     .text.SVCallVector:00000000 SVCallVector
C:\Users\DNIEL~1\AppData\Local\Temp\ccT8Lyt3.s:97     .text._port_init:00000000 $t
C:\Users\DNIEL~1\AppData\Local\Temp\ccT8Lyt3.s:103    .text._port_init:00000000 _port_init
C:\Users\DNIEL~1\AppData\Local\Temp\ccT8Lyt3.s:143    .text._port_init:00000028 $d
C:\Users\DNIEL~1\AppData\Local\Temp\ccT8Lyt3.s:149    .text._port_irq_epilogue:00000000 $t
C:\Users\DNIEL~1\AppData\Local\Temp\ccT8Lyt3.s:155    .text._port_irq_epilogue:00000000 _port_irq_epilogue
C:\Users\DNIEL~1\AppData\Local\Temp\ccT8Lyt3.s:248    .text._port_irq_epilogue:0000005c $d
C:\Users\DNIEL~1\AppData\Local\Temp\ccT8Lyt3.s:257    .text.SysTickVector:00000000 $t
C:\Users\DNIEL~1\AppData\Local\Temp\ccT8Lyt3.s:263    .text.SysTickVector:00000000 SysTickVector
C:\Users\DNIEL~1\AppData\Local\Temp\ccT8Lyt3.s:305    .text._port_switch:00000000 $t
C:\Users\DNIEL~1\AppData\Local\Temp\ccT8Lyt3.s:311    .text._port_switch:00000000 _port_switch
C:\Users\DNIEL~1\AppData\Local\Temp\ccT8Lyt3.s:338    .text._port_thread_start:00000000 $t
C:\Users\DNIEL~1\AppData\Local\Temp\ccT8Lyt3.s:344    .text._port_thread_start:00000000 _port_thread_start
                     .debug_frame:00000010 $d
C:\Users\DNIEL~1\AppData\Local\Temp\ccT8Lyt3.s:256    .text._port_irq_epilogue:0000006c $t

UNDEFINED SYMBOLS
chSchDoReschedule
nvicSetSystemHandlerPriority
rlist
chSysTimerHandlerI
chThdExit
