ARM GAS  C:\Users\srich\AppData\Local\Temp\cc4iCEkb.s 			page 1


   1              		.syntax unified
   2              		.cpu cortex-m4
   3              		.fpu softvfp
   4              		.eabi_attribute 20, 1
   5              		.eabi_attribute 21, 1
   6              		.eabi_attribute 23, 3
   7              		.eabi_attribute 24, 1
   8              		.eabi_attribute 25, 1
   9              		.eabi_attribute 26, 1
  10              		.eabi_attribute 30, 2
  11              		.eabi_attribute 34, 1
  12              		.eabi_attribute 18, 4
  13              		.thumb
  14              		.file	"chlists.c"
  15              		.text
  16              	.Ltext0:
  17              		.cfi_sections	.debug_frame
  18              	.Letext0:
  19              		.section	.debug_info,"",%progbits
  20              	.Ldebug_info0:
  21 0000 75000000 		.4byte	0x75
  22 0004 0400     		.2byte	0x4
  23 0006 00000000 		.4byte	.Ldebug_abbrev0
  24 000a 04       		.byte	0x4
  25 000b 01       		.uleb128 0x1
  26 000c D9000000 		.4byte	.LASF12
  27 0010 01       		.byte	0x1
  28 0011 65000000 		.4byte	.LASF13
  29 0015 44000000 		.4byte	.LASF14
  30 0019 00000000 		.4byte	.Ldebug_line0
  31 001d 02       		.uleb128 0x2
  32 001e 04       		.byte	0x4
  33 001f 05       		.byte	0x5
  34 0020 696E7400 		.ascii	"int\000"
  35 0024 03       		.uleb128 0x3
  36 0025 04       		.byte	0x4
  37 0026 07       		.byte	0x7
  38 0027 0E000000 		.4byte	.LASF0
  39 002b 03       		.uleb128 0x3
  40 002c 01       		.byte	0x1
  41 002d 06       		.byte	0x6
  42 002e C3000000 		.4byte	.LASF1
  43 0032 03       		.uleb128 0x3
  44 0033 01       		.byte	0x1
  45 0034 08       		.byte	0x8
  46 0035 8E000000 		.4byte	.LASF2
  47 0039 03       		.uleb128 0x3
  48 003a 02       		.byte	0x2
  49 003b 05       		.byte	0x5
  50 003c CF000000 		.4byte	.LASF3
  51 0040 03       		.uleb128 0x3
  52 0041 02       		.byte	0x2
  53 0042 07       		.byte	0x7
  54 0043 B0000000 		.4byte	.LASF4
  55 0047 03       		.uleb128 0x3
  56 0048 04       		.byte	0x4
  57 0049 05       		.byte	0x5
ARM GAS  C:\Users\srich\AppData\Local\Temp\cc4iCEkb.s 			page 2


  58 004a A1000000 		.4byte	.LASF5
  59 004e 03       		.uleb128 0x3
  60 004f 04       		.byte	0x4
  61 0050 07       		.byte	0x7
  62 0051 1B000000 		.4byte	.LASF6
  63 0055 03       		.uleb128 0x3
  64 0056 08       		.byte	0x8
  65 0057 05       		.byte	0x5
  66 0058 00000000 		.4byte	.LASF7
  67 005c 03       		.uleb128 0x3
  68 005d 08       		.byte	0x8
  69 005e 07       		.byte	0x7
  70 005f 2D000000 		.4byte	.LASF8
  71 0063 03       		.uleb128 0x3
  72 0064 01       		.byte	0x1
  73 0065 02       		.byte	0x2
  74 0066 AA000000 		.4byte	.LASF9
  75 006a 03       		.uleb128 0x3
  76 006b 04       		.byte	0x4
  77 006c 07       		.byte	0x7
  78 006d B3010000 		.4byte	.LASF10
  79 0071 03       		.uleb128 0x3
  80 0072 01       		.byte	0x1
  81 0073 08       		.byte	0x8
  82 0074 9C000000 		.4byte	.LASF11
  83 0078 00       		.byte	0
  84              		.section	.debug_abbrev,"",%progbits
  85              	.Ldebug_abbrev0:
  86 0000 01       		.uleb128 0x1
  87 0001 11       		.uleb128 0x11
  88 0002 01       		.byte	0x1
  89 0003 25       		.uleb128 0x25
  90 0004 0E       		.uleb128 0xe
  91 0005 13       		.uleb128 0x13
  92 0006 0B       		.uleb128 0xb
  93 0007 03       		.uleb128 0x3
  94 0008 0E       		.uleb128 0xe
  95 0009 1B       		.uleb128 0x1b
  96 000a 0E       		.uleb128 0xe
  97 000b 10       		.uleb128 0x10
  98 000c 17       		.uleb128 0x17
  99 000d 00       		.byte	0
 100 000e 00       		.byte	0
 101 000f 02       		.uleb128 0x2
 102 0010 24       		.uleb128 0x24
 103 0011 00       		.byte	0
 104 0012 0B       		.uleb128 0xb
 105 0013 0B       		.uleb128 0xb
 106 0014 3E       		.uleb128 0x3e
 107 0015 0B       		.uleb128 0xb
 108 0016 03       		.uleb128 0x3
 109 0017 08       		.uleb128 0x8
 110 0018 00       		.byte	0
 111 0019 00       		.byte	0
 112 001a 03       		.uleb128 0x3
 113 001b 24       		.uleb128 0x24
 114 001c 00       		.byte	0
ARM GAS  C:\Users\srich\AppData\Local\Temp\cc4iCEkb.s 			page 3


 115 001d 0B       		.uleb128 0xb
 116 001e 0B       		.uleb128 0xb
 117 001f 3E       		.uleb128 0x3e
 118 0020 0B       		.uleb128 0xb
 119 0021 03       		.uleb128 0x3
 120 0022 0E       		.uleb128 0xe
 121 0023 00       		.byte	0
 122 0024 00       		.byte	0
 123 0025 00       		.byte	0
 124              		.section	.debug_aranges,"",%progbits
 125 0000 14000000 		.4byte	0x14
 126 0004 0200     		.2byte	0x2
 127 0006 00000000 		.4byte	.Ldebug_info0
 128 000a 04       		.byte	0x4
 129 000b 00       		.byte	0
 130 000c 0000     		.2byte	0
 131 000e 0000     		.2byte	0
 132 0010 00000000 		.4byte	0
 133 0014 00000000 		.4byte	0
 134              		.section	.debug_line,"",%progbits
 135              	.Ldebug_line0:
 136 0000 19000000 		.section	.debug_str,"MS",%progbits,1
 136      02001300 
 136      00000201 
 136      FB0E0D00 
 136      01010101 
 137              	.LASF7:
 138 0000 6C6F6E67 		.ascii	"long long int\000"
 138      206C6F6E 
 138      6720696E 
 138      7400
 139              	.LASF0:
 140 000e 756E7369 		.ascii	"unsigned int\000"
 140      676E6564 
 140      20696E74 
 140      00
 141              	.LASF6:
 142 001b 6C6F6E67 		.ascii	"long unsigned int\000"
 142      20756E73 
 142      69676E65 
 142      6420696E 
 142      7400
 143              	.LASF8:
 144 002d 6C6F6E67 		.ascii	"long long unsigned int\000"
 144      206C6F6E 
 144      6720756E 
 144      7369676E 
 144      65642069 
 145              	.LASF14:
 146 0044 443A5C47 		.ascii	"D:\\GitHub\\Smarty\\smarty\\firmware\000"
 146      69744875 
 146      625C536D 
 146      61727479 
 146      5C736D61 
 147              	.LASF13:
 148 0065 2E2E2F2E 		.ascii	"../../../ChibiOS/os/kernel/src/chlists.c\000"
 148      2E2F2E2E 
ARM GAS  C:\Users\srich\AppData\Local\Temp\cc4iCEkb.s 			page 4


 148      2F436869 
 148      62694F53 
 148      2F6F732F 
 149              	.LASF2:
 150 008e 756E7369 		.ascii	"unsigned char\000"
 150      676E6564 
 150      20636861 
 150      7200
 151              	.LASF11:
 152 009c 63686172 		.ascii	"char\000"
 152      00
 153              	.LASF5:
 154 00a1 6C6F6E67 		.ascii	"long int\000"
 154      20696E74 
 154      00
 155              	.LASF9:
 156 00aa 5F426F6F 		.ascii	"_Bool\000"
 156      6C00
 157              	.LASF4:
 158 00b0 73686F72 		.ascii	"short unsigned int\000"
 158      7420756E 
 158      7369676E 
 158      65642069 
 158      6E7400
 159              	.LASF1:
 160 00c3 7369676E 		.ascii	"signed char\000"
 160      65642063 
 160      68617200 
 161              	.LASF3:
 162 00cf 73686F72 		.ascii	"short int\000"
 162      7420696E 
 162      7400
 163              	.LASF12:
 164 00d9 474E5520 		.ascii	"GNU C 4.9.3 20150529 (release) [ARM/embedded-4_9-br"
 164      4320342E 
 164      392E3320 
 164      32303135 
 164      30353239 
 165 010c 616E6368 		.ascii	"anch revision 227977] -mcpu=cortex-m4 -mno-thumb-in"
 165      20726576 
 165      6973696F 
 165      6E203232 
 165      37393737 
 166 013f 74657277 		.ascii	"terwork -mthumb -ggdb -O2 -fomit-frame-pointer -fal"
 166      6F726B20 
 166      2D6D7468 
 166      756D6220 
 166      2D676764 
 167 0172 69676E2D 		.ascii	"ign-functions=16 -ffunction-sections -fdata-section"
 167      66756E63 
 167      74696F6E 
 167      733D3136 
 167      202D6666 
 168 01a5 73202D66 		.ascii	"s -fno-common\000"
 168      6E6F2D63 
 168      6F6D6D6F 
 168      6E00
ARM GAS  C:\Users\srich\AppData\Local\Temp\cc4iCEkb.s 			page 5


 169              	.LASF10:
 170 01b3 73697A65 		.ascii	"sizetype\000"
 170      74797065 
 170      00
 171              		.ident	"GCC: (GNU Tools for ARM Embedded Processors) 4.9.3 20150529 (release) [ARM/embedded-4_9-br
ARM GAS  C:\Users\srich\AppData\Local\Temp\cc4iCEkb.s 			page 6


DEFINED SYMBOLS
                            *ABS*:00000000 chlists.c

NO UNDEFINED SYMBOLS
