ARM GAS  C:\Users\DNIEL~1\AppData\Local\Temp\ccheUCy9.s 			page 1


   1              		.syntax unified
   2              		.cpu cortex-m4
   3              		.fpu softvfp
   4              		.eabi_attribute 20, 1
   5              		.eabi_attribute 21, 1
   6              		.eabi_attribute 23, 3
   7              		.eabi_attribute 24, 1
   8              		.eabi_attribute 25, 1
   9              		.eabi_attribute 26, 1
  10              		.eabi_attribute 30, 2
  11              		.eabi_attribute 18, 4
  12              		.thumb
  13              		.file	"chmemcore.c"
  14              		.section	.debug_abbrev,"",%progbits
  15              	.Ldebug_abbrev0:
  16              		.section	.debug_info,"",%progbits
  17              	.Ldebug_info0:
  18              		.section	.debug_line,"",%progbits
  19              	.Ldebug_line0:
  20 0000 98010000 		.text
  20      02003501 
  20      00000201 
  20      FB0E0D00 
  20      01010101 
  21              	.Ltext0:
  22              		.cfi_sections	.debug_frame
  23              		.section	.text._core_init,"ax",%progbits
  24              		.align	2
  25              		.p2align 4,,15
  26              		.global	_core_init
  27              		.thumb
  28              		.thumb_func
  29              		.type	_core_init, %function
  30              	_core_init:
  31              	.LFB7:
  32              		.file 1 "../../../ChibiOS/os/kernel/src/chmemcore.c"
  33              		.loc 1 66 0
  34              		.cfi_startproc
  35              		@ args = 0, pretend = 0, frame = 0
  36              		@ frame_needed = 0, uses_anonymous_args = 0
  37              		@ link register save eliminated.
  38              		.loc 1 70 0
  39 0000 054B     		ldr	r3, .L2
  40 0002 064A     		ldr	r2, .L2+4
  41              		.loc 1 71 0
  42 0004 0648     		ldr	r0, .L2+8
  43              		.loc 1 70 0
  44 0006 23F00701 		bic	r1, r3, #7
  45              		.loc 1 71 0
  46 000a 064B     		ldr	r3, .L2+12
  47              		.loc 1 70 0
  48 000c 1160     		str	r1, [r2, #0]
  49              		.loc 1 71 0
  50 000e 20F00702 		bic	r2, r0, #7
  51 0012 1A60     		str	r2, [r3, #0]
  52              		.loc 1 77 0
  53 0014 7047     		bx	lr
ARM GAS  C:\Users\DNIEL~1\AppData\Local\Temp\ccheUCy9.s 			page 2


  54              	.L3:
  55 0016 00BF     		.align	2
  56              	.L2:
  57 0018 07000000 		.word	__heap_base__+7
  58 001c 00000000 		.word	.LANCHOR0
  59 0020 00000000 		.word	__heap_end__
  60 0024 00000000 		.word	.LANCHOR1
  61              		.cfi_endproc
  62              	.LFE7:
  63              		.size	_core_init, .-_core_init
  64 0028 AFF30080 		.section	.text.chCoreAlloc,"ax",%progbits
  64      AFF30080 
  65              		.align	2
  66              		.p2align 4,,15
  67              		.global	chCoreAlloc
  68              		.thumb
  69              		.thumb_func
  70              		.type	chCoreAlloc, %function
  71              	chCoreAlloc:
  72              	.LFB8:
  73              		.loc 1 91 0
  74              		.cfi_startproc
  75              		@ args = 0, pretend = 0, frame = 0
  76              		@ frame_needed = 0, uses_anonymous_args = 0
  77              		@ link register save eliminated.
  78              	.LVL0:
  79              	.LBB6:
  80              		.loc 1 94 0
  81 0000 2023     		movs	r3, #32
  82              	.LVL1:
  83              	@ 94 "../../../ChibiOS/os/kernel/src/chmemcore.c" 1
  84 0002 83F31188 		msr     BASEPRI, r3
  85              	@ 0 "" 2
  86              	.LVL2:
  87              		.thumb
  88              	.LBE6:
  89              	.LBB7:
  90              	.LBB8:
  91              		.loc 1 118 0
  92 0006 094A     		ldr	r2, .L7
  93 0008 0949     		ldr	r1, .L7+4
  94 000a 1368     		ldr	r3, [r2, #0]
  95              	.LVL3:
  96 000c 0968     		ldr	r1, [r1, #0]
  97              		.loc 1 117 0
  98 000e 0730     		adds	r0, r0, #7
  99              	.LVL4:
 100 0010 20F00700 		bic	r0, r0, #7
 101              	.LVL5:
 102              		.loc 1 118 0
 103 0014 C91A     		subs	r1, r1, r3
 104 0016 8842     		cmp	r0, r1
 105              	.LVL6:
 106              		.loc 1 121 0
 107 0018 9DBF     		ittte	ls
 108 001a 1818     		addls	r0, r3, r0
 109              	.LVL7:
ARM GAS  C:\Users\DNIEL~1\AppData\Local\Temp\ccheUCy9.s 			page 3


 110 001c 1060     		strls	r0, [r2, #0]
 111              		.loc 1 122 0
 112 001e 1846     		movls	r0, r3
 113              		.loc 1 119 0
 114 0020 0020     		movhi	r0, #0
 115              	.LBE8:
 116              	.LBE7:
 117              	.LBB9:
 118              		.loc 1 96 0
 119 0022 0023     		movs	r3, #0
 120              	.LVL8:
 121              	@ 96 "../../../ChibiOS/os/kernel/src/chmemcore.c" 1
 122 0024 83F31188 		msr     BASEPRI, r3
 123              	@ 0 "" 2
 124              	.LVL9:
 125              		.thumb
 126              	.LBE9:
 127              		.loc 1 98 0
 128 0028 7047     		bx	lr
 129              	.L8:
 130 002a 00BF     		.align	2
 131              	.L7:
 132 002c 00000000 		.word	.LANCHOR0
 133 0030 00000000 		.word	.LANCHOR1
 134              		.cfi_endproc
 135              	.LFE8:
 136              		.size	chCoreAlloc, .-chCoreAlloc
 137 0034 AFF30080 		.section	.text.chCoreAllocI,"ax",%progbits
 137      AFF30080 
 137      AFF30080 
 138              		.align	2
 139              		.p2align 4,,15
 140              		.global	chCoreAllocI
 141              		.thumb
 142              		.thumb_func
 143              		.type	chCoreAllocI, %function
 144              	chCoreAllocI:
 145              	.LFB9:
 146              		.loc 1 112 0
 147              		.cfi_startproc
 148              		@ args = 0, pretend = 0, frame = 0
 149              		@ frame_needed = 0, uses_anonymous_args = 0
 150              		@ link register save eliminated.
 151              	.LVL10:
 152              		.loc 1 118 0
 153 0000 074A     		ldr	r2, .L13
 154 0002 0849     		ldr	r1, .L13+4
 155 0004 1368     		ldr	r3, [r2, #0]
 156 0006 0968     		ldr	r1, [r1, #0]
 157              		.loc 1 117 0
 158 0008 0730     		adds	r0, r0, #7
 159              	.LVL11:
 160 000a 20F00700 		bic	r0, r0, #7
 161              	.LVL12:
 162              		.loc 1 118 0
 163 000e C91A     		subs	r1, r1, r3
 164 0010 8842     		cmp	r0, r1
ARM GAS  C:\Users\DNIEL~1\AppData\Local\Temp\ccheUCy9.s 			page 4


 165 0012 03D8     		bhi	.L11
 166              	.LVL13:
 167              		.loc 1 121 0
 168 0014 1818     		adds	r0, r3, r0
 169              	.LVL14:
 170 0016 1060     		str	r0, [r2, #0]
 171              		.loc 1 122 0
 172 0018 1846     		mov	r0, r3
 173 001a 7047     		bx	lr
 174              	.LVL15:
 175              	.L11:
 176              		.loc 1 119 0
 177 001c 0020     		movs	r0, #0
 178              	.LVL16:
 179              		.loc 1 123 0
 180 001e 7047     		bx	lr
 181              	.L14:
 182              		.align	2
 183              	.L13:
 184 0020 00000000 		.word	.LANCHOR0
 185 0024 00000000 		.word	.LANCHOR1
 186              		.cfi_endproc
 187              	.LFE9:
 188              		.size	chCoreAllocI, .-chCoreAllocI
 189 0028 AFF30080 		.section	.text.chCoreStatus,"ax",%progbits
 189      AFF30080 
 190              		.align	2
 191              		.p2align 4,,15
 192              		.global	chCoreStatus
 193              		.thumb
 194              		.thumb_func
 195              		.type	chCoreStatus, %function
 196              	chCoreStatus:
 197              	.LFB10:
 198              		.loc 1 132 0
 199              		.cfi_startproc
 200              		@ args = 0, pretend = 0, frame = 0
 201              		@ frame_needed = 0, uses_anonymous_args = 0
 202              		@ link register save eliminated.
 203              		.loc 1 134 0
 204 0000 024A     		ldr	r2, .L16
 205 0002 0349     		ldr	r1, .L16+4
 206 0004 1068     		ldr	r0, [r2, #0]
 207 0006 0B68     		ldr	r3, [r1, #0]
 208              		.loc 1 135 0
 209 0008 C01A     		subs	r0, r0, r3
 210 000a 7047     		bx	lr
 211              	.L17:
 212              		.align	2
 213              	.L16:
 214 000c 00000000 		.word	.LANCHOR1
 215 0010 00000000 		.word	.LANCHOR0
 216              		.cfi_endproc
 217              	.LFE10:
 218              		.size	chCoreStatus, .-chCoreStatus
 219 0014 AFF30080 		.section	.bss.endmem,"aw",%nobits
 219      AFF30080 
ARM GAS  C:\Users\DNIEL~1\AppData\Local\Temp\ccheUCy9.s 			page 5


 219      AFF30080 
 220              		.align	2
 221              		.set	.LANCHOR1,. + 0
 222              		.type	endmem, %object
 223              		.size	endmem, 4
 224              	endmem:
 225 0000 00000000 		.space	4
 226              		.section	.bss.nextmem,"aw",%nobits
 227              		.align	2
 228              		.set	.LANCHOR0,. + 0
 229              		.type	nextmem, %object
 230              		.size	nextmem, 4
 231              	nextmem:
 232 0000 00000000 		.space	4
 233              		.text
 234              	.Letext0:
 235              		.section	.debug_loc,"",%progbits
 236              	.Ldebug_loc0:
 237              	.LLST0:
 238 0000 00000000 		.4byte	.LVL0
 239 0004 10000000 		.4byte	.LVL4
 240 0008 0100     		.2byte	0x1
 241 000a 50       		.byte	0x50
 242 000b 10000000 		.4byte	.LVL4
 243 000f 14000000 		.4byte	.LVL5
 244 0013 0300     		.2byte	0x3
 245 0015 70       		.byte	0x70
 246 0016 79       		.sleb128 -7
 247 0017 9F       		.byte	0x9f
 248 0018 00000000 		.4byte	0x0
 249 001c 00000000 		.4byte	0x0
 250              	.LLST1:
 251 0020 06000000 		.4byte	.LVL2
 252 0024 0C000000 		.4byte	.LVL3
 253 0028 0100     		.2byte	0x1
 254 002a 53       		.byte	0x53
 255 002b 00000000 		.4byte	0x0
 256 002f 00000000 		.4byte	0x0
 257              	.LLST2:
 258 0033 06000000 		.4byte	.LVL2
 259 0037 10000000 		.4byte	.LVL4
 260 003b 0100     		.2byte	0x1
 261 003d 50       		.byte	0x50
 262 003e 10000000 		.4byte	.LVL4
 263 0042 14000000 		.4byte	.LVL5
 264 0046 0300     		.2byte	0x3
 265 0048 70       		.byte	0x70
 266 0049 79       		.sleb128 -7
 267 004a 9F       		.byte	0x9f
 268 004b 14000000 		.4byte	.LVL5
 269 004f 1C000000 		.4byte	.LVL7
 270 0053 0100     		.2byte	0x1
 271 0055 50       		.byte	0x50
 272 0056 00000000 		.4byte	0x0
 273 005a 00000000 		.4byte	0x0
 274              	.LLST3:
 275 005e 28000000 		.4byte	.LVL9
ARM GAS  C:\Users\DNIEL~1\AppData\Local\Temp\ccheUCy9.s 			page 6


 276 0062 34000000 		.4byte	.LFE8
 277 0066 0100     		.2byte	0x1
 278 0068 53       		.byte	0x53
 279 0069 00000000 		.4byte	0x0
 280 006d 00000000 		.4byte	0x0
 281              	.LLST4:
 282 0071 00000000 		.4byte	.LVL10
 283 0075 0A000000 		.4byte	.LVL11
 284 0079 0100     		.2byte	0x1
 285 007b 50       		.byte	0x50
 286 007c 0A000000 		.4byte	.LVL11
 287 0080 0E000000 		.4byte	.LVL12
 288 0084 0300     		.2byte	0x3
 289 0086 70       		.byte	0x70
 290 0087 79       		.sleb128 -7
 291 0088 9F       		.byte	0x9f
 292 0089 0E000000 		.4byte	.LVL12
 293 008d 16000000 		.4byte	.LVL14
 294 0091 0100     		.2byte	0x1
 295 0093 50       		.byte	0x50
 296 0094 1C000000 		.4byte	.LVL15
 297 0098 1E000000 		.4byte	.LVL16
 298 009c 0100     		.2byte	0x1
 299 009e 50       		.byte	0x50
 300 009f 00000000 		.4byte	0x0
 301 00a3 00000000 		.4byte	0x0
 302              	.LLST5:
 303 00a7 14000000 		.4byte	.LVL13
 304 00ab 1C000000 		.4byte	.LVL15
 305 00af 0500     		.2byte	0x5
 306 00b1 03       		.byte	0x3
 307 00b2 00000000 		.4byte	nextmem
 308 00b6 00000000 		.4byte	0x0
 309 00ba 00000000 		.4byte	0x0
 310              		.file 2 "c:\\program files (x86)\\codesourcery\\sourcery g++ lite\\bin\\../lib/gcc/arm-none-eabi/4
 311              		.file 3 "c:\\program files (x86)\\codesourcery\\sourcery g++ lite\\bin\\../lib/gcc/arm-none-eabi/4
 312              		.section	.debug_info
 313 0000 22020000 		.4byte	0x222
 314 0004 0200     		.2byte	0x2
 315 0006 00000000 		.4byte	.Ldebug_abbrev0
 316 000a 04       		.byte	0x4
 317 000b 01       		.uleb128 0x1
 318 000c 21000000 		.4byte	.LASF18
 319 0010 01       		.byte	0x1
 320 0011 AB000000 		.4byte	.LASF19
 321 0015 34000000 		.4byte	.LASF20
 322 0019 00000000 		.4byte	0x0
 323 001d 00000000 		.4byte	0x0
 324 0021 00000000 		.4byte	.Ldebug_ranges0+0x0
 325 0025 00000000 		.4byte	.Ldebug_line0
 326 0029 02       		.uleb128 0x2
 327 002a 04       		.byte	0x4
 328 002b 05       		.byte	0x5
 329 002c 696E7400 		.ascii	"int\000"
 330 0030 03       		.uleb128 0x3
 331 0031 2D000000 		.4byte	.LASF2
 332 0035 02       		.byte	0x2
ARM GAS  C:\Users\DNIEL~1\AppData\Local\Temp\ccheUCy9.s 			page 7


 333 0036 D3       		.byte	0xd3
 334 0037 3B000000 		.4byte	0x3b
 335 003b 04       		.uleb128 0x4
 336 003c 04       		.byte	0x4
 337 003d 07       		.byte	0x7
 338 003e 57010000 		.4byte	.LASF0
 339 0042 04       		.uleb128 0x4
 340 0043 01       		.byte	0x1
 341 0044 06       		.byte	0x6
 342 0045 29010000 		.4byte	.LASF1
 343 0049 03       		.uleb128 0x3
 344 004a D6000000 		.4byte	.LASF3
 345 004e 03       		.byte	0x3
 346 004f 2A       		.byte	0x2a
 347 0050 54000000 		.4byte	0x54
 348 0054 04       		.uleb128 0x4
 349 0055 01       		.byte	0x1
 350 0056 08       		.byte	0x8
 351 0057 DE000000 		.4byte	.LASF4
 352 005b 04       		.uleb128 0x4
 353 005c 02       		.byte	0x2
 354 005d 05       		.byte	0x5
 355 005e 4D010000 		.4byte	.LASF5
 356 0062 04       		.uleb128 0x4
 357 0063 02       		.byte	0x2
 358 0064 07       		.byte	0x7
 359 0065 0E000000 		.4byte	.LASF6
 360 0069 04       		.uleb128 0x4
 361 006a 04       		.byte	0x4
 362 006b 05       		.byte	0x5
 363 006c 06010000 		.4byte	.LASF7
 364 0070 03       		.uleb128 0x3
 365 0071 FD000000 		.4byte	.LASF8
 366 0075 03       		.byte	0x3
 367 0076 50       		.byte	0x50
 368 0077 7B000000 		.4byte	0x7b
 369 007b 04       		.uleb128 0x4
 370 007c 04       		.byte	0x4
 371 007d 07       		.byte	0x7
 372 007e 82000000 		.4byte	.LASF9
 373 0082 04       		.uleb128 0x4
 374 0083 08       		.byte	0x8
 375 0084 05       		.byte	0x5
 376 0085 00000000 		.4byte	.LASF10
 377 0089 04       		.uleb128 0x4
 378 008a 08       		.byte	0x8
 379 008b 07       		.byte	0x7
 380 008c 94000000 		.4byte	.LASF11
 381 0090 04       		.uleb128 0x4
 382 0091 01       		.byte	0x1
 383 0092 02       		.byte	0x2
 384 0093 0F010000 		.4byte	.LASF12
 385 0097 05       		.uleb128 0x5
 386 0098 04       		.byte	0x4
 387 0099 04       		.uleb128 0x4
 388 009a 01       		.byte	0x1
 389 009b 08       		.byte	0x8
ARM GAS  C:\Users\DNIEL~1\AppData\Local\Temp\ccheUCy9.s 			page 8


 390 009c EC000000 		.4byte	.LASF13
 391 00a0 06       		.uleb128 0x6
 392 00a1 04       		.byte	0x4
 393 00a2 49000000 		.4byte	0x49
 394 00a6 07       		.uleb128 0x7
 395 00a7 01       		.byte	0x1
 396 00a8 1C010000 		.4byte	.LASF21
 397 00ac 01       		.byte	0x1
 398 00ad 70       		.byte	0x70
 399 00ae 01       		.byte	0x1
 400 00af 97000000 		.4byte	0x97
 401 00b3 01       		.byte	0x1
 402 00b4 CD000000 		.4byte	0xcd
 403 00b8 08       		.uleb128 0x8
 404 00b9 35010000 		.4byte	.LASF22
 405 00bd 01       		.byte	0x1
 406 00be 70       		.byte	0x70
 407 00bf 30000000 		.4byte	0x30
 408 00c3 09       		.uleb128 0x9
 409 00c4 7000     		.ascii	"p\000"
 410 00c6 01       		.byte	0x1
 411 00c7 71       		.byte	0x71
 412 00c8 97000000 		.4byte	0x97
 413 00cc 00       		.byte	0x0
 414 00cd 0A       		.uleb128 0xa
 415 00ce 01       		.byte	0x1
 416 00cf 42010000 		.4byte	.LASF23
 417 00d3 01       		.byte	0x1
 418 00d4 42       		.byte	0x42
 419 00d5 01       		.byte	0x1
 420 00d6 00000000 		.4byte	.LFB7
 421 00da 28000000 		.4byte	.LFE7
 422 00de 02       		.byte	0x2
 423 00df 7D       		.byte	0x7d
 424 00e0 00       		.sleb128 0
 425 00e1 00010000 		.4byte	0x100
 426 00e5 0B       		.uleb128 0xb
 427 00e6 74000000 		.4byte	.LASF14
 428 00ea 01       		.byte	0x1
 429 00eb 44       		.byte	0x44
 430 00ec 00010000 		.4byte	0x100
 431 00f0 01       		.byte	0x1
 432 00f1 01       		.byte	0x1
 433 00f2 0B       		.uleb128 0xb
 434 00f3 67000000 		.4byte	.LASF15
 435 00f7 01       		.byte	0x1
 436 00f8 45       		.byte	0x45
 437 00f9 00010000 		.4byte	0x100
 438 00fd 01       		.byte	0x1
 439 00fe 01       		.byte	0x1
 440 00ff 00       		.byte	0x0
 441 0100 0C       		.uleb128 0xc
 442 0101 49000000 		.4byte	0x49
 443 0105 0B010000 		.4byte	0x10b
 444 0109 0D       		.uleb128 0xd
 445 010a 00       		.byte	0x0
 446 010b 0E       		.uleb128 0xe
ARM GAS  C:\Users\DNIEL~1\AppData\Local\Temp\ccheUCy9.s 			page 9


 447 010c 01       		.byte	0x1
 448 010d F1000000 		.4byte	.LASF24
 449 0111 01       		.byte	0x1
 450 0112 5B       		.byte	0x5b
 451 0113 01       		.byte	0x1
 452 0114 97000000 		.4byte	0x97
 453 0118 00000000 		.4byte	.LFB8
 454 011c 34000000 		.4byte	.LFE8
 455 0120 02       		.byte	0x2
 456 0121 7D       		.byte	0x7d
 457 0122 00       		.sleb128 0
 458 0123 AA010000 		.4byte	0x1aa
 459 0127 0F       		.uleb128 0xf
 460 0128 35010000 		.4byte	.LASF22
 461 012c 01       		.byte	0x1
 462 012d 5B       		.byte	0x5b
 463 012e 30000000 		.4byte	0x30
 464 0132 00000000 		.4byte	.LLST0
 465 0136 10       		.uleb128 0x10
 466 0137 7000     		.ascii	"p\000"
 467 0139 01       		.byte	0x1
 468 013a 5C       		.byte	0x5c
 469 013b 97000000 		.4byte	0x97
 470 013f 01       		.byte	0x1
 471 0140 50       		.byte	0x50
 472 0141 11       		.uleb128 0x11
 473 0142 00000000 		.4byte	.LBB6
 474 0146 06000000 		.4byte	.LBE6
 475 014a 5E010000 		.4byte	0x15e
 476 014e 12       		.uleb128 0x12
 477 014f 746D7000 		.ascii	"tmp\000"
 478 0153 01       		.byte	0x1
 479 0154 5E       		.byte	0x5e
 480 0155 70000000 		.4byte	0x70
 481 0159 20000000 		.4byte	.LLST1
 482 015d 00       		.byte	0x0
 483 015e 13       		.uleb128 0x13
 484 015f A6000000 		.4byte	0xa6
 485 0163 06000000 		.4byte	.LBB7
 486 0167 22000000 		.4byte	.LBE7
 487 016b 01       		.byte	0x1
 488 016c 5F       		.byte	0x5f
 489 016d 90010000 		.4byte	0x190
 490 0171 14       		.uleb128 0x14
 491 0172 B8000000 		.4byte	0xb8
 492 0176 33000000 		.4byte	.LLST2
 493 017a 15       		.uleb128 0x15
 494 017b 06000000 		.4byte	.LBB8
 495 017f 22000000 		.4byte	.LBE8
 496 0183 16       		.uleb128 0x16
 497 0184 C3000000 		.4byte	0xc3
 498 0188 05       		.byte	0x5
 499 0189 03       		.byte	0x3
 500 018a 00000000 		.4byte	nextmem
 501 018e 00       		.byte	0x0
 502 018f 00       		.byte	0x0
 503 0190 15       		.uleb128 0x15
ARM GAS  C:\Users\DNIEL~1\AppData\Local\Temp\ccheUCy9.s 			page 10


 504 0191 22000000 		.4byte	.LBB9
 505 0195 28000000 		.4byte	.LBE9
 506 0199 12       		.uleb128 0x12
 507 019a 746D7000 		.ascii	"tmp\000"
 508 019e 01       		.byte	0x1
 509 019f 60       		.byte	0x60
 510 01a0 70000000 		.4byte	0x70
 511 01a4 5E000000 		.4byte	.LLST3
 512 01a8 00       		.byte	0x0
 513 01a9 00       		.byte	0x0
 514 01aa 17       		.uleb128 0x17
 515 01ab A6000000 		.4byte	0xa6
 516 01af 00000000 		.4byte	.LFB9
 517 01b3 28000000 		.4byte	.LFE9
 518 01b7 02       		.byte	0x2
 519 01b8 7D       		.byte	0x7d
 520 01b9 00       		.sleb128 0
 521 01ba D1010000 		.4byte	0x1d1
 522 01be 14       		.uleb128 0x14
 523 01bf B8000000 		.4byte	0xb8
 524 01c3 71000000 		.4byte	.LLST4
 525 01c7 18       		.uleb128 0x18
 526 01c8 C3000000 		.4byte	0xc3
 527 01cc A7000000 		.4byte	.LLST5
 528 01d0 00       		.byte	0x0
 529 01d1 19       		.uleb128 0x19
 530 01d2 01       		.byte	0x1
 531 01d3 64010000 		.4byte	.LASF25
 532 01d7 01       		.byte	0x1
 533 01d8 84       		.byte	0x84
 534 01d9 01       		.byte	0x1
 535 01da 30000000 		.4byte	0x30
 536 01de 00000000 		.4byte	.LFB10
 537 01e2 14000000 		.4byte	.LFE10
 538 01e6 02       		.byte	0x2
 539 01e7 7D       		.byte	0x7d
 540 01e8 00       		.sleb128 0
 541 01e9 1A       		.uleb128 0x1a
 542 01ea 3A010000 		.4byte	.LASF16
 543 01ee 01       		.byte	0x1
 544 01ef 3A       		.byte	0x3a
 545 01f0 A0000000 		.4byte	0xa0
 546 01f4 05       		.byte	0x5
 547 01f5 03       		.byte	0x3
 548 01f6 00000000 		.4byte	nextmem
 549 01fa 1A       		.uleb128 0x1a
 550 01fb 15010000 		.4byte	.LASF17
 551 01ff 01       		.byte	0x1
 552 0200 3B       		.byte	0x3b
 553 0201 A0000000 		.4byte	0xa0
 554 0205 05       		.byte	0x5
 555 0206 03       		.byte	0x3
 556 0207 00000000 		.4byte	endmem
 557 020b 0B       		.uleb128 0xb
 558 020c 74000000 		.4byte	.LASF14
 559 0210 01       		.byte	0x1
 560 0211 44       		.byte	0x44
ARM GAS  C:\Users\DNIEL~1\AppData\Local\Temp\ccheUCy9.s 			page 11


 561 0212 00010000 		.4byte	0x100
 562 0216 01       		.byte	0x1
 563 0217 01       		.byte	0x1
 564 0218 0B       		.uleb128 0xb
 565 0219 67000000 		.4byte	.LASF15
 566 021d 01       		.byte	0x1
 567 021e 45       		.byte	0x45
 568 021f 00010000 		.4byte	0x100
 569 0223 01       		.byte	0x1
 570 0224 01       		.byte	0x1
 571 0225 00       		.byte	0x0
 572              		.section	.debug_abbrev
 573 0000 01       		.uleb128 0x1
 574 0001 11       		.uleb128 0x11
 575 0002 01       		.byte	0x1
 576 0003 25       		.uleb128 0x25
 577 0004 0E       		.uleb128 0xe
 578 0005 13       		.uleb128 0x13
 579 0006 0B       		.uleb128 0xb
 580 0007 03       		.uleb128 0x3
 581 0008 0E       		.uleb128 0xe
 582 0009 1B       		.uleb128 0x1b
 583 000a 0E       		.uleb128 0xe
 584 000b 11       		.uleb128 0x11
 585 000c 01       		.uleb128 0x1
 586 000d 52       		.uleb128 0x52
 587 000e 01       		.uleb128 0x1
 588 000f 55       		.uleb128 0x55
 589 0010 06       		.uleb128 0x6
 590 0011 10       		.uleb128 0x10
 591 0012 06       		.uleb128 0x6
 592 0013 00       		.byte	0x0
 593 0014 00       		.byte	0x0
 594 0015 02       		.uleb128 0x2
 595 0016 24       		.uleb128 0x24
 596 0017 00       		.byte	0x0
 597 0018 0B       		.uleb128 0xb
 598 0019 0B       		.uleb128 0xb
 599 001a 3E       		.uleb128 0x3e
 600 001b 0B       		.uleb128 0xb
 601 001c 03       		.uleb128 0x3
 602 001d 08       		.uleb128 0x8
 603 001e 00       		.byte	0x0
 604 001f 00       		.byte	0x0
 605 0020 03       		.uleb128 0x3
 606 0021 16       		.uleb128 0x16
 607 0022 00       		.byte	0x0
 608 0023 03       		.uleb128 0x3
 609 0024 0E       		.uleb128 0xe
 610 0025 3A       		.uleb128 0x3a
 611 0026 0B       		.uleb128 0xb
 612 0027 3B       		.uleb128 0x3b
 613 0028 0B       		.uleb128 0xb
 614 0029 49       		.uleb128 0x49
 615 002a 13       		.uleb128 0x13
 616 002b 00       		.byte	0x0
 617 002c 00       		.byte	0x0
ARM GAS  C:\Users\DNIEL~1\AppData\Local\Temp\ccheUCy9.s 			page 12


 618 002d 04       		.uleb128 0x4
 619 002e 24       		.uleb128 0x24
 620 002f 00       		.byte	0x0
 621 0030 0B       		.uleb128 0xb
 622 0031 0B       		.uleb128 0xb
 623 0032 3E       		.uleb128 0x3e
 624 0033 0B       		.uleb128 0xb
 625 0034 03       		.uleb128 0x3
 626 0035 0E       		.uleb128 0xe
 627 0036 00       		.byte	0x0
 628 0037 00       		.byte	0x0
 629 0038 05       		.uleb128 0x5
 630 0039 0F       		.uleb128 0xf
 631 003a 00       		.byte	0x0
 632 003b 0B       		.uleb128 0xb
 633 003c 0B       		.uleb128 0xb
 634 003d 00       		.byte	0x0
 635 003e 00       		.byte	0x0
 636 003f 06       		.uleb128 0x6
 637 0040 0F       		.uleb128 0xf
 638 0041 00       		.byte	0x0
 639 0042 0B       		.uleb128 0xb
 640 0043 0B       		.uleb128 0xb
 641 0044 49       		.uleb128 0x49
 642 0045 13       		.uleb128 0x13
 643 0046 00       		.byte	0x0
 644 0047 00       		.byte	0x0
 645 0048 07       		.uleb128 0x7
 646 0049 2E       		.uleb128 0x2e
 647 004a 01       		.byte	0x1
 648 004b 3F       		.uleb128 0x3f
 649 004c 0C       		.uleb128 0xc
 650 004d 03       		.uleb128 0x3
 651 004e 0E       		.uleb128 0xe
 652 004f 3A       		.uleb128 0x3a
 653 0050 0B       		.uleb128 0xb
 654 0051 3B       		.uleb128 0x3b
 655 0052 0B       		.uleb128 0xb
 656 0053 27       		.uleb128 0x27
 657 0054 0C       		.uleb128 0xc
 658 0055 49       		.uleb128 0x49
 659 0056 13       		.uleb128 0x13
 660 0057 20       		.uleb128 0x20
 661 0058 0B       		.uleb128 0xb
 662 0059 01       		.uleb128 0x1
 663 005a 13       		.uleb128 0x13
 664 005b 00       		.byte	0x0
 665 005c 00       		.byte	0x0
 666 005d 08       		.uleb128 0x8
 667 005e 05       		.uleb128 0x5
 668 005f 00       		.byte	0x0
 669 0060 03       		.uleb128 0x3
 670 0061 0E       		.uleb128 0xe
 671 0062 3A       		.uleb128 0x3a
 672 0063 0B       		.uleb128 0xb
 673 0064 3B       		.uleb128 0x3b
 674 0065 0B       		.uleb128 0xb
ARM GAS  C:\Users\DNIEL~1\AppData\Local\Temp\ccheUCy9.s 			page 13


 675 0066 49       		.uleb128 0x49
 676 0067 13       		.uleb128 0x13
 677 0068 00       		.byte	0x0
 678 0069 00       		.byte	0x0
 679 006a 09       		.uleb128 0x9
 680 006b 34       		.uleb128 0x34
 681 006c 00       		.byte	0x0
 682 006d 03       		.uleb128 0x3
 683 006e 08       		.uleb128 0x8
 684 006f 3A       		.uleb128 0x3a
 685 0070 0B       		.uleb128 0xb
 686 0071 3B       		.uleb128 0x3b
 687 0072 0B       		.uleb128 0xb
 688 0073 49       		.uleb128 0x49
 689 0074 13       		.uleb128 0x13
 690 0075 00       		.byte	0x0
 691 0076 00       		.byte	0x0
 692 0077 0A       		.uleb128 0xa
 693 0078 2E       		.uleb128 0x2e
 694 0079 01       		.byte	0x1
 695 007a 3F       		.uleb128 0x3f
 696 007b 0C       		.uleb128 0xc
 697 007c 03       		.uleb128 0x3
 698 007d 0E       		.uleb128 0xe
 699 007e 3A       		.uleb128 0x3a
 700 007f 0B       		.uleb128 0xb
 701 0080 3B       		.uleb128 0x3b
 702 0081 0B       		.uleb128 0xb
 703 0082 27       		.uleb128 0x27
 704 0083 0C       		.uleb128 0xc
 705 0084 11       		.uleb128 0x11
 706 0085 01       		.uleb128 0x1
 707 0086 12       		.uleb128 0x12
 708 0087 01       		.uleb128 0x1
 709 0088 40       		.uleb128 0x40
 710 0089 0A       		.uleb128 0xa
 711 008a 01       		.uleb128 0x1
 712 008b 13       		.uleb128 0x13
 713 008c 00       		.byte	0x0
 714 008d 00       		.byte	0x0
 715 008e 0B       		.uleb128 0xb
 716 008f 34       		.uleb128 0x34
 717 0090 00       		.byte	0x0
 718 0091 03       		.uleb128 0x3
 719 0092 0E       		.uleb128 0xe
 720 0093 3A       		.uleb128 0x3a
 721 0094 0B       		.uleb128 0xb
 722 0095 3B       		.uleb128 0x3b
 723 0096 0B       		.uleb128 0xb
 724 0097 49       		.uleb128 0x49
 725 0098 13       		.uleb128 0x13
 726 0099 3F       		.uleb128 0x3f
 727 009a 0C       		.uleb128 0xc
 728 009b 3C       		.uleb128 0x3c
 729 009c 0C       		.uleb128 0xc
 730 009d 00       		.byte	0x0
 731 009e 00       		.byte	0x0
ARM GAS  C:\Users\DNIEL~1\AppData\Local\Temp\ccheUCy9.s 			page 14


 732 009f 0C       		.uleb128 0xc
 733 00a0 01       		.uleb128 0x1
 734 00a1 01       		.byte	0x1
 735 00a2 49       		.uleb128 0x49
 736 00a3 13       		.uleb128 0x13
 737 00a4 01       		.uleb128 0x1
 738 00a5 13       		.uleb128 0x13
 739 00a6 00       		.byte	0x0
 740 00a7 00       		.byte	0x0
 741 00a8 0D       		.uleb128 0xd
 742 00a9 21       		.uleb128 0x21
 743 00aa 00       		.byte	0x0
 744 00ab 00       		.byte	0x0
 745 00ac 00       		.byte	0x0
 746 00ad 0E       		.uleb128 0xe
 747 00ae 2E       		.uleb128 0x2e
 748 00af 01       		.byte	0x1
 749 00b0 3F       		.uleb128 0x3f
 750 00b1 0C       		.uleb128 0xc
 751 00b2 03       		.uleb128 0x3
 752 00b3 0E       		.uleb128 0xe
 753 00b4 3A       		.uleb128 0x3a
 754 00b5 0B       		.uleb128 0xb
 755 00b6 3B       		.uleb128 0x3b
 756 00b7 0B       		.uleb128 0xb
 757 00b8 27       		.uleb128 0x27
 758 00b9 0C       		.uleb128 0xc
 759 00ba 49       		.uleb128 0x49
 760 00bb 13       		.uleb128 0x13
 761 00bc 11       		.uleb128 0x11
 762 00bd 01       		.uleb128 0x1
 763 00be 12       		.uleb128 0x12
 764 00bf 01       		.uleb128 0x1
 765 00c0 40       		.uleb128 0x40
 766 00c1 0A       		.uleb128 0xa
 767 00c2 01       		.uleb128 0x1
 768 00c3 13       		.uleb128 0x13
 769 00c4 00       		.byte	0x0
 770 00c5 00       		.byte	0x0
 771 00c6 0F       		.uleb128 0xf
 772 00c7 05       		.uleb128 0x5
 773 00c8 00       		.byte	0x0
 774 00c9 03       		.uleb128 0x3
 775 00ca 0E       		.uleb128 0xe
 776 00cb 3A       		.uleb128 0x3a
 777 00cc 0B       		.uleb128 0xb
 778 00cd 3B       		.uleb128 0x3b
 779 00ce 0B       		.uleb128 0xb
 780 00cf 49       		.uleb128 0x49
 781 00d0 13       		.uleb128 0x13
 782 00d1 02       		.uleb128 0x2
 783 00d2 06       		.uleb128 0x6
 784 00d3 00       		.byte	0x0
 785 00d4 00       		.byte	0x0
 786 00d5 10       		.uleb128 0x10
 787 00d6 34       		.uleb128 0x34
 788 00d7 00       		.byte	0x0
ARM GAS  C:\Users\DNIEL~1\AppData\Local\Temp\ccheUCy9.s 			page 15


 789 00d8 03       		.uleb128 0x3
 790 00d9 08       		.uleb128 0x8
 791 00da 3A       		.uleb128 0x3a
 792 00db 0B       		.uleb128 0xb
 793 00dc 3B       		.uleb128 0x3b
 794 00dd 0B       		.uleb128 0xb
 795 00de 49       		.uleb128 0x49
 796 00df 13       		.uleb128 0x13
 797 00e0 02       		.uleb128 0x2
 798 00e1 0A       		.uleb128 0xa
 799 00e2 00       		.byte	0x0
 800 00e3 00       		.byte	0x0
 801 00e4 11       		.uleb128 0x11
 802 00e5 0B       		.uleb128 0xb
 803 00e6 01       		.byte	0x1
 804 00e7 11       		.uleb128 0x11
 805 00e8 01       		.uleb128 0x1
 806 00e9 12       		.uleb128 0x12
 807 00ea 01       		.uleb128 0x1
 808 00eb 01       		.uleb128 0x1
 809 00ec 13       		.uleb128 0x13
 810 00ed 00       		.byte	0x0
 811 00ee 00       		.byte	0x0
 812 00ef 12       		.uleb128 0x12
 813 00f0 34       		.uleb128 0x34
 814 00f1 00       		.byte	0x0
 815 00f2 03       		.uleb128 0x3
 816 00f3 08       		.uleb128 0x8
 817 00f4 3A       		.uleb128 0x3a
 818 00f5 0B       		.uleb128 0xb
 819 00f6 3B       		.uleb128 0x3b
 820 00f7 0B       		.uleb128 0xb
 821 00f8 49       		.uleb128 0x49
 822 00f9 13       		.uleb128 0x13
 823 00fa 02       		.uleb128 0x2
 824 00fb 06       		.uleb128 0x6
 825 00fc 00       		.byte	0x0
 826 00fd 00       		.byte	0x0
 827 00fe 13       		.uleb128 0x13
 828 00ff 1D       		.uleb128 0x1d
 829 0100 01       		.byte	0x1
 830 0101 31       		.uleb128 0x31
 831 0102 13       		.uleb128 0x13
 832 0103 11       		.uleb128 0x11
 833 0104 01       		.uleb128 0x1
 834 0105 12       		.uleb128 0x12
 835 0106 01       		.uleb128 0x1
 836 0107 58       		.uleb128 0x58
 837 0108 0B       		.uleb128 0xb
 838 0109 59       		.uleb128 0x59
 839 010a 0B       		.uleb128 0xb
 840 010b 01       		.uleb128 0x1
 841 010c 13       		.uleb128 0x13
 842 010d 00       		.byte	0x0
 843 010e 00       		.byte	0x0
 844 010f 14       		.uleb128 0x14
 845 0110 05       		.uleb128 0x5
ARM GAS  C:\Users\DNIEL~1\AppData\Local\Temp\ccheUCy9.s 			page 16


 846 0111 00       		.byte	0x0
 847 0112 31       		.uleb128 0x31
 848 0113 13       		.uleb128 0x13
 849 0114 02       		.uleb128 0x2
 850 0115 06       		.uleb128 0x6
 851 0116 00       		.byte	0x0
 852 0117 00       		.byte	0x0
 853 0118 15       		.uleb128 0x15
 854 0119 0B       		.uleb128 0xb
 855 011a 01       		.byte	0x1
 856 011b 11       		.uleb128 0x11
 857 011c 01       		.uleb128 0x1
 858 011d 12       		.uleb128 0x12
 859 011e 01       		.uleb128 0x1
 860 011f 00       		.byte	0x0
 861 0120 00       		.byte	0x0
 862 0121 16       		.uleb128 0x16
 863 0122 34       		.uleb128 0x34
 864 0123 00       		.byte	0x0
 865 0124 31       		.uleb128 0x31
 866 0125 13       		.uleb128 0x13
 867 0126 02       		.uleb128 0x2
 868 0127 0A       		.uleb128 0xa
 869 0128 00       		.byte	0x0
 870 0129 00       		.byte	0x0
 871 012a 17       		.uleb128 0x17
 872 012b 2E       		.uleb128 0x2e
 873 012c 01       		.byte	0x1
 874 012d 31       		.uleb128 0x31
 875 012e 13       		.uleb128 0x13
 876 012f 11       		.uleb128 0x11
 877 0130 01       		.uleb128 0x1
 878 0131 12       		.uleb128 0x12
 879 0132 01       		.uleb128 0x1
 880 0133 40       		.uleb128 0x40
 881 0134 0A       		.uleb128 0xa
 882 0135 01       		.uleb128 0x1
 883 0136 13       		.uleb128 0x13
 884 0137 00       		.byte	0x0
 885 0138 00       		.byte	0x0
 886 0139 18       		.uleb128 0x18
 887 013a 34       		.uleb128 0x34
 888 013b 00       		.byte	0x0
 889 013c 31       		.uleb128 0x31
 890 013d 13       		.uleb128 0x13
 891 013e 02       		.uleb128 0x2
 892 013f 06       		.uleb128 0x6
 893 0140 00       		.byte	0x0
 894 0141 00       		.byte	0x0
 895 0142 19       		.uleb128 0x19
 896 0143 2E       		.uleb128 0x2e
 897 0144 00       		.byte	0x0
 898 0145 3F       		.uleb128 0x3f
 899 0146 0C       		.uleb128 0xc
 900 0147 03       		.uleb128 0x3
 901 0148 0E       		.uleb128 0xe
 902 0149 3A       		.uleb128 0x3a
ARM GAS  C:\Users\DNIEL~1\AppData\Local\Temp\ccheUCy9.s 			page 17


 903 014a 0B       		.uleb128 0xb
 904 014b 3B       		.uleb128 0x3b
 905 014c 0B       		.uleb128 0xb
 906 014d 27       		.uleb128 0x27
 907 014e 0C       		.uleb128 0xc
 908 014f 49       		.uleb128 0x49
 909 0150 13       		.uleb128 0x13
 910 0151 11       		.uleb128 0x11
 911 0152 01       		.uleb128 0x1
 912 0153 12       		.uleb128 0x12
 913 0154 01       		.uleb128 0x1
 914 0155 40       		.uleb128 0x40
 915 0156 0A       		.uleb128 0xa
 916 0157 00       		.byte	0x0
 917 0158 00       		.byte	0x0
 918 0159 1A       		.uleb128 0x1a
 919 015a 34       		.uleb128 0x34
 920 015b 00       		.byte	0x0
 921 015c 03       		.uleb128 0x3
 922 015d 0E       		.uleb128 0xe
 923 015e 3A       		.uleb128 0x3a
 924 015f 0B       		.uleb128 0xb
 925 0160 3B       		.uleb128 0x3b
 926 0161 0B       		.uleb128 0xb
 927 0162 49       		.uleb128 0x49
 928 0163 13       		.uleb128 0x13
 929 0164 02       		.uleb128 0x2
 930 0165 0A       		.uleb128 0xa
 931 0166 00       		.byte	0x0
 932 0167 00       		.byte	0x0
 933 0168 00       		.byte	0x0
 934              		.section	.debug_pubnames,"",%progbits
 935 0000 4F000000 		.4byte	0x4f
 936 0004 0200     		.2byte	0x2
 937 0006 00000000 		.4byte	.Ldebug_info0
 938 000a 26020000 		.4byte	0x226
 939 000e CD000000 		.4byte	0xcd
 940 0012 5F636F72 		.ascii	"_core_init\000"
 940      655F696E 
 940      697400
 941 001d 0B010000 		.4byte	0x10b
 942 0021 6368436F 		.ascii	"chCoreAlloc\000"
 942      7265416C 
 942      6C6F6300 
 943 002d AA010000 		.4byte	0x1aa
 944 0031 6368436F 		.ascii	"chCoreAllocI\000"
 944      7265416C 
 944      6C6F6349 
 944      00
 945 003e D1010000 		.4byte	0x1d1
 946 0042 6368436F 		.ascii	"chCoreStatus\000"
 946      72655374 
 946      61747573 
 946      00
 947 004f 00000000 		.4byte	0x0
 948              		.section	.debug_pubtypes,"",%progbits
 949 0000 32000000 		.4byte	0x32
ARM GAS  C:\Users\DNIEL~1\AppData\Local\Temp\ccheUCy9.s 			page 18


 950 0004 0200     		.2byte	0x2
 951 0006 00000000 		.4byte	.Ldebug_info0
 952 000a 26020000 		.4byte	0x226
 953 000e 30000000 		.4byte	0x30
 954 0012 73697A65 		.ascii	"size_t\000"
 954      5F7400
 955 0019 49000000 		.4byte	0x49
 956 001d 75696E74 		.ascii	"uint8_t\000"
 956      385F7400 
 957 0025 70000000 		.4byte	0x70
 958 0029 75696E74 		.ascii	"uint32_t\000"
 958      33325F74 
 958      00
 959 0032 00000000 		.4byte	0x0
 960              		.section	.debug_aranges,"",%progbits
 961 0000 34000000 		.4byte	0x34
 962 0004 0200     		.2byte	0x2
 963 0006 00000000 		.4byte	.Ldebug_info0
 964 000a 04       		.byte	0x4
 965 000b 00       		.byte	0x0
 966 000c 0000     		.2byte	0x0
 967 000e 0000     		.2byte	0x0
 968 0010 00000000 		.4byte	.LFB7
 969 0014 28000000 		.4byte	.LFE7-.LFB7
 970 0018 00000000 		.4byte	.LFB8
 971 001c 34000000 		.4byte	.LFE8-.LFB8
 972 0020 00000000 		.4byte	.LFB9
 973 0024 28000000 		.4byte	.LFE9-.LFB9
 974 0028 00000000 		.4byte	.LFB10
 975 002c 14000000 		.4byte	.LFE10-.LFB10
 976 0030 00000000 		.4byte	0x0
 977 0034 00000000 		.4byte	0x0
 978              		.section	.debug_ranges,"",%progbits
 979              	.Ldebug_ranges0:
 980 0000 00000000 		.4byte	.LFB7
 981 0004 28000000 		.4byte	.LFE7
 982 0008 00000000 		.4byte	.LFB8
 983 000c 34000000 		.4byte	.LFE8
 984 0010 00000000 		.4byte	.LFB9
 985 0014 28000000 		.4byte	.LFE9
 986 0018 00000000 		.4byte	.LFB10
 987 001c 14000000 		.4byte	.LFE10
 988 0020 00000000 		.4byte	0x0
 989 0024 00000000 		.4byte	0x0
 990              		.section	.debug_str,"MS",%progbits,1
 991              	.LASF10:
 992 0000 6C6F6E67 		.ascii	"long long int\000"
 992      206C6F6E 
 992      6720696E 
 992      7400
 993              	.LASF6:
 994 000e 73686F72 		.ascii	"short unsigned int\000"
 994      7420756E 
 994      7369676E 
 994      65642069 
 994      6E7400
 995              	.LASF18:
ARM GAS  C:\Users\DNIEL~1\AppData\Local\Temp\ccheUCy9.s 			page 19


 996 0021 474E5520 		.ascii	"GNU C 4.5.2\000"
 996      4320342E 
 996      352E3200 
 997              	.LASF2:
 998 002d 73697A65 		.ascii	"size_t\000"
 998      5F7400
 999              	.LASF20:
 1000 0034 433A5C44 		.ascii	"C:\\Dani\\MegaLux\\Repo\\Smarty\\Smarty\\smarty\\fi"
 1000      616E695C 
 1000      4D656761 
 1000      4C75785C 
 1000      5265706F 
 1001 0060 726D7761 		.ascii	"rmware\000"
 1001      726500
 1002              	.LASF15:
 1003 0067 5F5F6865 		.ascii	"__heap_end__\000"
 1003      61705F65 
 1003      6E645F5F 
 1003      00
 1004              	.LASF14:
 1005 0074 5F5F6865 		.ascii	"__heap_base__\000"
 1005      61705F62 
 1005      6173655F 
 1005      5F00
 1006              	.LASF9:
 1007 0082 6C6F6E67 		.ascii	"long unsigned int\000"
 1007      20756E73 
 1007      69676E65 
 1007      6420696E 
 1007      7400
 1008              	.LASF11:
 1009 0094 6C6F6E67 		.ascii	"long long unsigned int\000"
 1009      206C6F6E 
 1009      6720756E 
 1009      7369676E 
 1009      65642069 
 1010              	.LASF19:
 1011 00ab 2E2E2F2E 		.ascii	"../../../ChibiOS/os/kernel/src/chmemcore.c\000"
 1011      2E2F2E2E 
 1011      2F436869 
 1011      62694F53 
 1011      2F6F732F 
 1012              	.LASF3:
 1013 00d6 75696E74 		.ascii	"uint8_t\000"
 1013      385F7400 
 1014              	.LASF4:
 1015 00de 756E7369 		.ascii	"unsigned char\000"
 1015      676E6564 
 1015      20636861 
 1015      7200
 1016              	.LASF13:
 1017 00ec 63686172 		.ascii	"char\000"
 1017      00
 1018              	.LASF24:
 1019 00f1 6368436F 		.ascii	"chCoreAlloc\000"
 1019      7265416C 
 1019      6C6F6300 
ARM GAS  C:\Users\DNIEL~1\AppData\Local\Temp\ccheUCy9.s 			page 20


 1020              	.LASF8:
 1021 00fd 75696E74 		.ascii	"uint32_t\000"
 1021      33325F74 
 1021      00
 1022              	.LASF7:
 1023 0106 6C6F6E67 		.ascii	"long int\000"
 1023      20696E74 
 1023      00
 1024              	.LASF12:
 1025 010f 5F426F6F 		.ascii	"_Bool\000"
 1025      6C00
 1026              	.LASF17:
 1027 0115 656E646D 		.ascii	"endmem\000"
 1027      656D00
 1028              	.LASF21:
 1029 011c 6368436F 		.ascii	"chCoreAllocI\000"
 1029      7265416C 
 1029      6C6F6349 
 1029      00
 1030              	.LASF1:
 1031 0129 7369676E 		.ascii	"signed char\000"
 1031      65642063 
 1031      68617200 
 1032              	.LASF22:
 1033 0135 73697A65 		.ascii	"size\000"
 1033      00
 1034              	.LASF16:
 1035 013a 6E657874 		.ascii	"nextmem\000"
 1035      6D656D00 
 1036              	.LASF23:
 1037 0142 5F636F72 		.ascii	"_core_init\000"
 1037      655F696E 
 1037      697400
 1038              	.LASF5:
 1039 014d 73686F72 		.ascii	"short int\000"
 1039      7420696E 
 1039      7400
 1040              	.LASF0:
 1041 0157 756E7369 		.ascii	"unsigned int\000"
 1041      676E6564 
 1041      20696E74 
 1041      00
 1042              	.LASF25:
 1043 0164 6368436F 		.ascii	"chCoreStatus\000"
 1043      72655374 
 1043      61747573 
 1043      00
 1044              		.ident	"GCC: (Sourcery G++ Lite 2011.03-42) 4.5.2"
ARM GAS  C:\Users\DNIEL~1\AppData\Local\Temp\ccheUCy9.s 			page 21


DEFINED SYMBOLS
                            *ABS*:00000000 chmemcore.c
C:\Users\DNIEL~1\AppData\Local\Temp\ccheUCy9.s:24     .text._core_init:00000000 $t
C:\Users\DNIEL~1\AppData\Local\Temp\ccheUCy9.s:30     .text._core_init:00000000 _core_init
C:\Users\DNIEL~1\AppData\Local\Temp\ccheUCy9.s:57     .text._core_init:00000018 $d
C:\Users\DNIEL~1\AppData\Local\Temp\ccheUCy9.s:65     .text.chCoreAlloc:00000000 $t
C:\Users\DNIEL~1\AppData\Local\Temp\ccheUCy9.s:71     .text.chCoreAlloc:00000000 chCoreAlloc
C:\Users\DNIEL~1\AppData\Local\Temp\ccheUCy9.s:132    .text.chCoreAlloc:0000002c $d
C:\Users\DNIEL~1\AppData\Local\Temp\ccheUCy9.s:138    .text.chCoreAllocI:00000000 $t
C:\Users\DNIEL~1\AppData\Local\Temp\ccheUCy9.s:144    .text.chCoreAllocI:00000000 chCoreAllocI
C:\Users\DNIEL~1\AppData\Local\Temp\ccheUCy9.s:184    .text.chCoreAllocI:00000020 $d
C:\Users\DNIEL~1\AppData\Local\Temp\ccheUCy9.s:190    .text.chCoreStatus:00000000 $t
C:\Users\DNIEL~1\AppData\Local\Temp\ccheUCy9.s:196    .text.chCoreStatus:00000000 chCoreStatus
C:\Users\DNIEL~1\AppData\Local\Temp\ccheUCy9.s:214    .text.chCoreStatus:0000000c $d
C:\Users\DNIEL~1\AppData\Local\Temp\ccheUCy9.s:220    .bss.endmem:00000000 $d
C:\Users\DNIEL~1\AppData\Local\Temp\ccheUCy9.s:224    .bss.endmem:00000000 endmem
C:\Users\DNIEL~1\AppData\Local\Temp\ccheUCy9.s:227    .bss.nextmem:00000000 $d
C:\Users\DNIEL~1\AppData\Local\Temp\ccheUCy9.s:231    .bss.nextmem:00000000 nextmem
                     .debug_frame:00000010 $d
C:\Users\DNIEL~1\AppData\Local\Temp\ccheUCy9.s:64     .text._core_init:00000028 $t
C:\Users\DNIEL~1\AppData\Local\Temp\ccheUCy9.s:137    .text.chCoreAlloc:00000034 $t
C:\Users\DNIEL~1\AppData\Local\Temp\ccheUCy9.s:189    .text.chCoreAllocI:00000028 $t
C:\Users\DNIEL~1\AppData\Local\Temp\ccheUCy9.s:219    .text.chCoreStatus:00000014 $t

UNDEFINED SYMBOLS
__heap_base__
__heap_end__
