ARM GAS  C:\Users\DNIEL~1\AppData\Local\Temp\cc6TuQZB.s 			page 1


   1              		.syntax unified
   2              		.cpu cortex-m4
   3              		.fpu softvfp
   4              		.eabi_attribute 20, 1
   5              		.eabi_attribute 21, 1
   6              		.eabi_attribute 23, 3
   7              		.eabi_attribute 24, 1
   8              		.eabi_attribute 25, 1
   9              		.eabi_attribute 26, 1
  10              		.eabi_attribute 30, 2
  11              		.eabi_attribute 18, 4
  12              		.thumb
  13              		.file	"chmsg.c"
  14              		.section	.debug_abbrev,"",%progbits
  15              	.Ldebug_abbrev0:
  16              		.section	.debug_info,"",%progbits
  17              	.Ldebug_info0:
  18              		.section	.debug_line,"",%progbits
  19              	.Ldebug_line0:
  20 0000 EB010000 		.text
  20      02006A01 
  20      00000201 
  20      FB0E0D00 
  20      01010101 
  21              	.Ltext0:
  22              		.cfi_sections	.debug_frame
  23              		.section	.text.chMsgSend,"ax",%progbits
  24              		.align	2
  25              		.p2align 4,,15
  26              		.global	chMsgSend
  27              		.thumb
  28              		.thumb_func
  29              		.type	chMsgSend, %function
  30              	chMsgSend:
  31              	.LFB7:
  32              		.file 1 "../../../ChibiOS/os/kernel/src/chmsg.c"
  33              		.loc 1 75 0
  34              		.cfi_startproc
  35              		@ args = 0, pretend = 0, frame = 0
  36              		@ frame_needed = 0, uses_anonymous_args = 0
  37              	.LVL0:
  38 0000 38B5     		push	{r3, r4, r5, lr}
  39              	.LCFI0:
  40              		.cfi_def_cfa_offset 16
  41              		.loc 1 76 0
  42 0002 114A     		ldr	r2, .L5
  43              	.LBB10:
  44              		.loc 1 80 0
  45 0004 2023     		movs	r3, #32
  46              		.cfi_offset 14, -4
  47              		.cfi_offset 5, -8
  48              		.cfi_offset 4, -12
  49              		.cfi_offset 3, -16
  50              	.LVL1:
  51              	.LBE10:
  52              		.loc 1 76 0
  53 0006 9469     		ldr	r4, [r2, #24]
ARM GAS  C:\Users\DNIEL~1\AppData\Local\Temp\cc6TuQZB.s 			page 2


  54              	.LVL2:
  55              	.LBB11:
  56              		.loc 1 80 0
  57              	@ 80 "../../../ChibiOS/os/kernel/src/chmsg.c" 1
  58 0008 83F31188 		msr     BASEPRI, r3
  59              	@ 0 "" 2
  60              	.LVL3:
  61              		.thumb
  62              	.LBE11:
  63              		.loc 1 84 0
  64 000c 057F     		ldrb	r5, [r0, #28]	@ zero_extendqisi2
  65              	.LBB12:
  66              	.LBB14:
  67              		.file 2 "../../../ChibiOS/os/kernel/include/chinline.h"
  68              		.loc 2 55 0
  69 000e 036B     		ldr	r3, [r0, #48]
  70              	.LVL4:
  71              	.LBE14:
  72              	.LBE12:
  73              		.loc 1 81 0
  74 0010 6163     		str	r1, [r4, #52]
  75              		.loc 1 84 0
  76 0012 0C2D     		cmp	r5, #12
  77              		.loc 1 82 0
  78 0014 00F12C01 		add	r1, r0, #44
  79              	.LVL5:
  80              	.LBB16:
  81              	.LBB13:
  82              		.loc 2 54 0
  83 0018 2160     		str	r1, [r4, #0]
  84              	.LBE13:
  85              	.LBE16:
  86              		.loc 1 82 0
  87 001a 6162     		str	r1, [r4, #36]
  88              	.LVL6:
  89              	.LBB17:
  90              	.LBB15:
  91              		.loc 2 55 0
  92 001c 6360     		str	r3, [r4, #4]
  93              		.loc 2 56 0
  94 001e 0463     		str	r4, [r0, #48]
  95 0020 1C60     		str	r4, [r3, #0]
  96              	.LBE15:
  97              	.LBE17:
  98              		.loc 1 84 0
  99 0022 07D0     		beq	.L4
 100              		.loc 1 86 0
 101 0024 0A20     		movs	r0, #10
 102              	.LVL7:
 103 0026 FFF7FEFF 		bl	chSchGoSleepS
 104              	.LVL8:
 105              		.loc 1 87 0
 106 002a 606A     		ldr	r0, [r4, #36]
 107              	.LVL9:
 108              	.LBB18:
 109              		.loc 1 88 0
 110 002c 0023     		movs	r3, #0
ARM GAS  C:\Users\DNIEL~1\AppData\Local\Temp\cc6TuQZB.s 			page 3


 111              	.LVL10:
 112              	@ 88 "../../../ChibiOS/os/kernel/src/chmsg.c" 1
 113 002e 83F31188 		msr     BASEPRI, r3
 114              	@ 0 "" 2
 115              	.LVL11:
 116              		.thumb
 117              	.LBE18:
 118              		.loc 1 90 0
 119 0032 38BD     		pop	{r3, r4, r5, pc}
 120              	.LVL12:
 121              	.L4:
 122              		.loc 1 85 0
 123 0034 FFF7FEFF 		bl	chSchReadyI
 124              	.LVL13:
 125              		.loc 1 86 0
 126 0038 0A20     		movs	r0, #10
 127 003a FFF7FEFF 		bl	chSchGoSleepS
 128              		.loc 1 87 0
 129 003e 606A     		ldr	r0, [r4, #36]
 130              	.LVL14:
 131              	.LBB19:
 132              		.loc 1 88 0
 133 0040 0023     		movs	r3, #0
 134              	@ 88 "../../../ChibiOS/os/kernel/src/chmsg.c" 1
 135 0042 83F31188 		msr     BASEPRI, r3
 136              	@ 0 "" 2
 137              	.LVL15:
 138              		.thumb
 139              	.LBE19:
 140              		.loc 1 90 0
 141 0046 38BD     		pop	{r3, r4, r5, pc}
 142              	.L6:
 143              		.align	2
 144              	.L5:
 145 0048 00000000 		.word	rlist
 146              		.cfi_endproc
 147              	.LFE7:
 148              		.size	chMsgSend, .-chMsgSend
 149 004c AFF30080 		.section	.text.chMsgWait,"ax",%progbits
 150              		.align	2
 151              		.p2align 4,,15
 152              		.global	chMsgWait
 153              		.thumb
 154              		.thumb_func
 155              		.type	chMsgWait, %function
 156              	chMsgWait:
 157              	.LFB8:
 158              		.loc 1 106 0
 159              		.cfi_startproc
 160              		@ args = 0, pretend = 0, frame = 0
 161              		@ frame_needed = 0, uses_anonymous_args = 0
 162 0000 10B5     		push	{r4, lr}
 163              	.LCFI1:
 164              		.cfi_def_cfa_offset 8
 165              	.LBB20:
 166              		.loc 1 109 0
 167 0002 2023     		movs	r3, #32
ARM GAS  C:\Users\DNIEL~1\AppData\Local\Temp\cc6TuQZB.s 			page 4


 168              	.LVL16:
 169              	@ 109 "../../../ChibiOS/os/kernel/src/chmsg.c" 1
 170 0004 83F31188 		msr     BASEPRI, r3
 171              	@ 0 "" 2
 172              	.LVL17:
 173              		.thumb
 174              	.LBE20:
 175              		.loc 1 110 0
 176 0008 0B4C     		ldr	r4, .L10
 177              		.cfi_offset 14, -4
 178              		.cfi_offset 4, -8
 179 000a A269     		ldr	r2, [r4, #24]
 180 000c 1346     		mov	r3, r2
 181              	.LVL18:
 182 000e 53F82C0F 		ldr	r0, [r3, #44]!
 183 0012 9842     		cmp	r0, r3
 184 0014 08D0     		beq	.L9
 185              	.L8:
 186              	.LVL19:
 187              	.LBB21:
 188              	.LBB22:
 189              		.loc 2 62 0
 190 0016 0168     		ldr	r1, [r0, #0]
 191 0018 4B60     		str	r3, [r1, #4]
 192              	.LBE22:
 193              	.LBE21:
 194              		.loc 1 113 0
 195 001a 0B23     		movs	r3, #11
 196 001c 0377     		strb	r3, [r0, #28]
 197              	.LBB24:
 198              	.LBB23:
 199              		.loc 2 62 0
 200 001e D162     		str	r1, [r2, #44]
 201              	.LBE23:
 202              	.LBE24:
 203              	.LBB25:
 204              		.loc 1 114 0
 205 0020 0023     		movs	r3, #0
 206              	.LVL20:
 207              	@ 114 "../../../ChibiOS/os/kernel/src/chmsg.c" 1
 208 0022 83F31188 		msr     BASEPRI, r3
 209              	@ 0 "" 2
 210              	.LVL21:
 211              		.thumb
 212              	.LBE25:
 213              		.loc 1 116 0
 214 0026 10BD     		pop	{r4, pc}
 215              	.LVL22:
 216              	.L9:
 217              		.loc 1 111 0
 218 0028 0C20     		movs	r0, #12
 219 002a FFF7FEFF 		bl	chSchGoSleepS
 220 002e A269     		ldr	r2, [r4, #24]
 221 0030 1346     		mov	r3, r2
 222 0032 53F82C0F 		ldr	r0, [r3, #44]!
 223 0036 EEE7     		b	.L8
 224              	.L11:
ARM GAS  C:\Users\DNIEL~1\AppData\Local\Temp\cc6TuQZB.s 			page 5


 225              		.align	2
 226              	.L10:
 227 0038 00000000 		.word	rlist
 228              		.cfi_endproc
 229              	.LFE8:
 230              		.size	chMsgWait, .-chMsgWait
 231 003c AFF30080 		.section	.text.chMsgRelease,"ax",%progbits
 232              		.align	2
 233              		.p2align 4,,15
 234              		.global	chMsgRelease
 235              		.thumb
 236              		.thumb_func
 237              		.type	chMsgRelease, %function
 238              	chMsgRelease:
 239              	.LFB9:
 240              		.loc 1 128 0
 241              		.cfi_startproc
 242              		@ args = 0, pretend = 0, frame = 0
 243              		@ frame_needed = 0, uses_anonymous_args = 0
 244              	.LVL23:
 245 0000 08B5     		push	{r3, lr}
 246              	.LCFI2:
 247              		.cfi_def_cfa_offset 8
 248              	.LBB26:
 249              		.loc 1 130 0
 250 0002 2023     		movs	r3, #32
 251              		.cfi_offset 14, -4
 252              		.cfi_offset 3, -8
 253              	.LVL24:
 254              	@ 130 "../../../ChibiOS/os/kernel/src/chmsg.c" 1
 255 0004 83F31188 		msr     BASEPRI, r3
 256              	@ 0 "" 2
 257              	.LVL25:
 258              		.thumb
 259              	.LBE26:
 260              		.loc 1 133 0
 261 0008 FFF7FEFF 		bl	chSchWakeupS
 262              	.LVL26:
 263              	.LBB27:
 264              		.loc 1 134 0
 265 000c 0023     		movs	r3, #0
 266              	.LVL27:
 267              	@ 134 "../../../ChibiOS/os/kernel/src/chmsg.c" 1
 268 000e 83F31188 		msr     BASEPRI, r3
 269              	@ 0 "" 2
 270              	.LVL28:
 271              		.thumb
 272              	.LBE27:
 273              		.loc 1 135 0
 274 0012 08BD     		pop	{r3, pc}
 275              		.cfi_endproc
 276              	.LFE9:
 277              		.size	chMsgRelease, .-chMsgRelease
 278 0014 AFF30080 		.text
 278      AFF30080 
 278      AFF30080 
 279              	.Letext0:
ARM GAS  C:\Users\DNIEL~1\AppData\Local\Temp\cc6TuQZB.s 			page 6


 280              		.section	.debug_loc,"",%progbits
 281              	.Ldebug_loc0:
 282              	.LLST0:
 283 0000 00000000 		.4byte	.LFB7
 284 0004 02000000 		.4byte	.LCFI0
 285 0008 0200     		.2byte	0x2
 286 000a 7D       		.byte	0x7d
 287 000b 00       		.sleb128 0
 288 000c 02000000 		.4byte	.LCFI0
 289 0010 4C000000 		.4byte	.LFE7
 290 0014 0200     		.2byte	0x2
 291 0016 7D       		.byte	0x7d
 292 0017 10       		.sleb128 16
 293 0018 00000000 		.4byte	0x0
 294 001c 00000000 		.4byte	0x0
 295              	.LLST1:
 296 0020 00000000 		.4byte	.LVL0
 297 0024 26000000 		.4byte	.LVL7
 298 0028 0100     		.2byte	0x1
 299 002a 50       		.byte	0x50
 300 002b 26000000 		.4byte	.LVL7
 301 002f 29000000 		.4byte	.LVL8-1
 302 0033 0300     		.2byte	0x3
 303 0035 71       		.byte	0x71
 304 0036 54       		.sleb128 -44
 305 0037 9F       		.byte	0x9f
 306 0038 34000000 		.4byte	.LVL12
 307 003c 37000000 		.4byte	.LVL13-1
 308 0040 0100     		.2byte	0x1
 309 0042 50       		.byte	0x50
 310 0043 00000000 		.4byte	0x0
 311 0047 00000000 		.4byte	0x0
 312              	.LLST2:
 313 004b 00000000 		.4byte	.LVL0
 314 004f 18000000 		.4byte	.LVL5
 315 0053 0100     		.2byte	0x1
 316 0055 51       		.byte	0x51
 317 0056 18000000 		.4byte	.LVL5
 318 005a 29000000 		.4byte	.LVL8-1
 319 005e 0500     		.2byte	0x5
 320 0060 72       		.byte	0x72
 321 0061 18       		.sleb128 24
 322 0062 06       		.byte	0x6
 323 0063 23       		.byte	0x23
 324 0064 34       		.uleb128 0x34
 325 0065 2C000000 		.4byte	.LVL9
 326 0069 34000000 		.4byte	.LVL12
 327 006d 0200     		.2byte	0x2
 328 006f 74       		.byte	0x74
 329 0070 24       		.sleb128 36
 330 0071 34000000 		.4byte	.LVL12
 331 0075 37000000 		.4byte	.LVL13-1
 332 0079 0200     		.2byte	0x2
 333 007b 74       		.byte	0x74
 334 007c 34       		.sleb128 52
 335 007d 40000000 		.4byte	.LVL14
 336 0081 4C000000 		.4byte	.LFE7
ARM GAS  C:\Users\DNIEL~1\AppData\Local\Temp\cc6TuQZB.s 			page 7


 337 0085 0200     		.2byte	0x2
 338 0087 74       		.byte	0x74
 339 0088 24       		.sleb128 36
 340 0089 00000000 		.4byte	0x0
 341 008d 00000000 		.4byte	0x0
 342              	.LLST3:
 343 0091 08000000 		.4byte	.LVL2
 344 0095 29000000 		.4byte	.LVL8-1
 345 0099 0200     		.2byte	0x2
 346 009b 72       		.byte	0x72
 347 009c 18       		.sleb128 24
 348 009d 29000000 		.4byte	.LVL8-1
 349 00a1 4C000000 		.4byte	.LFE7
 350 00a5 0100     		.2byte	0x1
 351 00a7 54       		.byte	0x54
 352 00a8 00000000 		.4byte	0x0
 353 00ac 00000000 		.4byte	0x0
 354              	.LLST4:
 355 00b0 0C000000 		.4byte	.LVL3
 356 00b4 10000000 		.4byte	.LVL4
 357 00b8 0100     		.2byte	0x1
 358 00ba 53       		.byte	0x53
 359 00bb 00000000 		.4byte	0x0
 360 00bf 00000000 		.4byte	0x0
 361              	.LLST5:
 362 00c3 1C000000 		.4byte	.LVL6
 363 00c7 29000000 		.4byte	.LVL8-1
 364 00cb 0200     		.2byte	0x2
 365 00cd 72       		.byte	0x72
 366 00ce 18       		.sleb128 24
 367 00cf 29000000 		.4byte	.LVL8-1
 368 00d3 4C000000 		.4byte	.LFE7
 369 00d7 0100     		.2byte	0x1
 370 00d9 54       		.byte	0x54
 371 00da 00000000 		.4byte	0x0
 372 00de 00000000 		.4byte	0x0
 373              	.LLST6:
 374 00e2 32000000 		.4byte	.LVL11
 375 00e6 34000000 		.4byte	.LVL12
 376 00ea 0100     		.2byte	0x1
 377 00ec 53       		.byte	0x53
 378 00ed 46000000 		.4byte	.LVL15
 379 00f1 4C000000 		.4byte	.LFE7
 380 00f5 0100     		.2byte	0x1
 381 00f7 53       		.byte	0x53
 382 00f8 00000000 		.4byte	0x0
 383 00fc 00000000 		.4byte	0x0
 384              	.LLST7:
 385 0100 00000000 		.4byte	.LFB8
 386 0104 02000000 		.4byte	.LCFI1
 387 0108 0200     		.2byte	0x2
 388 010a 7D       		.byte	0x7d
 389 010b 00       		.sleb128 0
 390 010c 02000000 		.4byte	.LCFI1
 391 0110 3C000000 		.4byte	.LFE8
 392 0114 0200     		.2byte	0x2
 393 0116 7D       		.byte	0x7d
ARM GAS  C:\Users\DNIEL~1\AppData\Local\Temp\cc6TuQZB.s 			page 8


 394 0117 08       		.sleb128 8
 395 0118 00000000 		.4byte	0x0
 396 011c 00000000 		.4byte	0x0
 397              	.LLST8:
 398 0120 08000000 		.4byte	.LVL17
 399 0124 0E000000 		.4byte	.LVL18
 400 0128 0100     		.2byte	0x1
 401 012a 53       		.byte	0x53
 402 012b 00000000 		.4byte	0x0
 403 012f 00000000 		.4byte	0x0
 404              	.LLST9:
 405 0133 16000000 		.4byte	.LVL19
 406 0137 28000000 		.4byte	.LVL22
 407 013b 0300     		.2byte	0x3
 408 013d 72       		.byte	0x72
 409 013e 2C       		.sleb128 44
 410 013f 9F       		.byte	0x9f
 411 0140 00000000 		.4byte	0x0
 412 0144 00000000 		.4byte	0x0
 413              	.LLST10:
 414 0148 16000000 		.4byte	.LVL19
 415 014c 28000000 		.4byte	.LVL22
 416 0150 0100     		.2byte	0x1
 417 0152 50       		.byte	0x50
 418 0153 00000000 		.4byte	0x0
 419 0157 00000000 		.4byte	0x0
 420              	.LLST11:
 421 015b 26000000 		.4byte	.LVL21
 422 015f 28000000 		.4byte	.LVL22
 423 0163 0100     		.2byte	0x1
 424 0165 53       		.byte	0x53
 425 0166 00000000 		.4byte	0x0
 426 016a 00000000 		.4byte	0x0
 427              	.LLST12:
 428 016e 00000000 		.4byte	.LFB9
 429 0172 02000000 		.4byte	.LCFI2
 430 0176 0200     		.2byte	0x2
 431 0178 7D       		.byte	0x7d
 432 0179 00       		.sleb128 0
 433 017a 02000000 		.4byte	.LCFI2
 434 017e 14000000 		.4byte	.LFE9
 435 0182 0200     		.2byte	0x2
 436 0184 7D       		.byte	0x7d
 437 0185 08       		.sleb128 8
 438 0186 00000000 		.4byte	0x0
 439 018a 00000000 		.4byte	0x0
 440              	.LLST13:
 441 018e 00000000 		.4byte	.LVL23
 442 0192 0B000000 		.4byte	.LVL26-1
 443 0196 0100     		.2byte	0x1
 444 0198 50       		.byte	0x50
 445 0199 00000000 		.4byte	0x0
 446 019d 00000000 		.4byte	0x0
 447              	.LLST14:
 448 01a1 00000000 		.4byte	.LVL23
 449 01a5 0B000000 		.4byte	.LVL26-1
 450 01a9 0100     		.2byte	0x1
ARM GAS  C:\Users\DNIEL~1\AppData\Local\Temp\cc6TuQZB.s 			page 9


 451 01ab 51       		.byte	0x51
 452 01ac 00000000 		.4byte	0x0
 453 01b0 00000000 		.4byte	0x0
 454              	.LLST15:
 455 01b4 08000000 		.4byte	.LVL25
 456 01b8 0B000000 		.4byte	.LVL26-1
 457 01bc 0100     		.2byte	0x1
 458 01be 53       		.byte	0x53
 459 01bf 00000000 		.4byte	0x0
 460 01c3 00000000 		.4byte	0x0
 461              	.LLST16:
 462 01c7 12000000 		.4byte	.LVL28
 463 01cb 14000000 		.4byte	.LFE9
 464 01cf 0100     		.2byte	0x1
 465 01d1 53       		.byte	0x53
 466 01d2 00000000 		.4byte	0x0
 467 01d6 00000000 		.4byte	0x0
 468              		.file 3 "c:\\program files (x86)\\codesourcery\\sourcery g++ lite\\bin\\../lib/gcc/arm-none-eabi/4
 469              		.file 4 "../../../ChibiOS/os/ports/GCC/ARMCMx/chtypes.h"
 470              		.file 5 "../../../ChibiOS/os/kernel/include/chlists.h"
 471              		.file 6 "../../../ChibiOS/os/kernel/include/chthreads.h"
 472              		.file 7 "../../../ChibiOS/os/ports/GCC/ARMCMx/chcore_v7m.h"
 473              		.file 8 "../../../ChibiOS/os/kernel/include/chschd.h"
 474              		.file 9 "../../../ChibiOS/os/kernel/include/chmtx.h"
 475              		.section	.debug_info
 476 0000 2F060000 		.4byte	0x62f
 477 0004 0200     		.2byte	0x2
 478 0006 00000000 		.4byte	.Ldebug_abbrev0
 479 000a 04       		.byte	0x4
 480 000b 01       		.uleb128 0x1
 481 000c B3020000 		.4byte	.LASF65
 482 0010 01       		.byte	0x1
 483 0011 33010000 		.4byte	.LASF66
 484 0015 77000000 		.4byte	.LASF67
 485 0019 00000000 		.4byte	0x0
 486 001d 00000000 		.4byte	0x0
 487 0021 80000000 		.4byte	.Ldebug_ranges0+0x80
 488 0025 00000000 		.4byte	.Ldebug_line0
 489 0029 02       		.uleb128 0x2
 490 002a 04       		.byte	0x4
 491 002b 05       		.byte	0x5
 492 002c 696E7400 		.ascii	"int\000"
 493 0030 03       		.uleb128 0x3
 494 0031 04       		.byte	0x4
 495 0032 07       		.byte	0x7
 496 0033 DF000000 		.4byte	.LASF0
 497 0037 03       		.uleb128 0x3
 498 0038 01       		.byte	0x1
 499 0039 06       		.byte	0x6
 500 003a 5B000000 		.4byte	.LASF1
 501 003e 04       		.uleb128 0x4
 502 003f A4020000 		.4byte	.LASF5
 503 0043 03       		.byte	0x3
 504 0044 2A       		.byte	0x2a
 505 0045 49000000 		.4byte	0x49
 506 0049 03       		.uleb128 0x3
 507 004a 01       		.byte	0x1
ARM GAS  C:\Users\DNIEL~1\AppData\Local\Temp\cc6TuQZB.s 			page 10


 508 004b 08       		.byte	0x8
 509 004c B2010000 		.4byte	.LASF2
 510 0050 03       		.uleb128 0x3
 511 0051 02       		.byte	0x2
 512 0052 05       		.byte	0x5
 513 0053 CA010000 		.4byte	.LASF3
 514 0057 03       		.uleb128 0x3
 515 0058 02       		.byte	0x2
 516 0059 07       		.byte	0x7
 517 005a 06010000 		.4byte	.LASF4
 518 005e 04       		.uleb128 0x4
 519 005f AA010000 		.4byte	.LASF6
 520 0063 03       		.byte	0x3
 521 0064 4F       		.byte	0x4f
 522 0065 69000000 		.4byte	0x69
 523 0069 03       		.uleb128 0x3
 524 006a 04       		.byte	0x4
 525 006b 05       		.byte	0x5
 526 006c AA000000 		.4byte	.LASF7
 527 0070 04       		.uleb128 0x4
 528 0071 22020000 		.4byte	.LASF8
 529 0075 03       		.byte	0x3
 530 0076 50       		.byte	0x50
 531 0077 7B000000 		.4byte	0x7b
 532 007b 03       		.uleb128 0x3
 533 007c 04       		.byte	0x4
 534 007d 07       		.byte	0x7
 535 007e EC000000 		.4byte	.LASF9
 536 0082 03       		.uleb128 0x3
 537 0083 08       		.byte	0x8
 538 0084 05       		.byte	0x5
 539 0085 4D000000 		.4byte	.LASF10
 540 0089 03       		.uleb128 0x3
 541 008a 08       		.byte	0x8
 542 008b 07       		.byte	0x7
 543 008c 26000000 		.4byte	.LASF11
 544 0090 03       		.uleb128 0x3
 545 0091 01       		.byte	0x1
 546 0092 02       		.byte	0x2
 547 0093 A4010000 		.4byte	.LASF12
 548 0097 04       		.uleb128 0x4
 549 0098 1F010000 		.4byte	.LASF13
 550 009c 04       		.byte	0x4
 551 009d 2C       		.byte	0x2c
 552 009e 3E000000 		.4byte	0x3e
 553 00a2 04       		.uleb128 0x4
 554 00a3 BD000000 		.4byte	.LASF14
 555 00a7 04       		.byte	0x4
 556 00a8 2D       		.byte	0x2d
 557 00a9 3E000000 		.4byte	0x3e
 558 00ad 04       		.uleb128 0x4
 559 00ae 8D010000 		.4byte	.LASF15
 560 00b2 04       		.byte	0x4
 561 00b3 2E       		.byte	0x2e
 562 00b4 3E000000 		.4byte	0x3e
 563 00b8 04       		.uleb128 0x4
 564 00b9 33020000 		.4byte	.LASF16
ARM GAS  C:\Users\DNIEL~1\AppData\Local\Temp\cc6TuQZB.s 			page 11


 565 00bd 04       		.byte	0x4
 566 00be 2F       		.byte	0x2f
 567 00bf 3E000000 		.4byte	0x3e
 568 00c3 04       		.uleb128 0x4
 569 00c4 9C010000 		.4byte	.LASF17
 570 00c8 04       		.byte	0x4
 571 00c9 30       		.byte	0x30
 572 00ca 70000000 		.4byte	0x70
 573 00ce 04       		.uleb128 0x4
 574 00cf 19010000 		.4byte	.LASF18
 575 00d3 04       		.byte	0x4
 576 00d4 31       		.byte	0x31
 577 00d5 5E000000 		.4byte	0x5e
 578 00d9 04       		.uleb128 0x4
 579 00da 1A000000 		.4byte	.LASF19
 580 00de 04       		.byte	0x4
 581 00df 33       		.byte	0x33
 582 00e0 70000000 		.4byte	0x70
 583 00e4 04       		.uleb128 0x4
 584 00e5 55020000 		.4byte	.LASF20
 585 00e9 04       		.byte	0x4
 586 00ea 35       		.byte	0x35
 587 00eb 70000000 		.4byte	0x70
 588 00ef 04       		.uleb128 0x4
 589 00f0 03020000 		.4byte	.LASF21
 590 00f4 05       		.byte	0x5
 591 00f5 2A       		.byte	0x2a
 592 00f6 FA000000 		.4byte	0xfa
 593 00fa 05       		.uleb128 0x5
 594 00fb 03020000 		.4byte	.LASF21
 595 00ff 48       		.byte	0x48
 596 0100 06       		.byte	0x6
 597 0101 5E       		.byte	0x5e
 598 0102 1F020000 		.4byte	0x21f
 599 0106 06       		.uleb128 0x6
 600 0107 F4010000 		.4byte	.LASF22
 601 010b 06       		.byte	0x6
 602 010c 5F       		.byte	0x5f
 603 010d 44020000 		.4byte	0x244
 604 0111 02       		.byte	0x2
 605 0112 23       		.byte	0x23
 606 0113 00       		.uleb128 0x0
 607 0114 06       		.uleb128 0x6
 608 0115 95010000 		.4byte	.LASF23
 609 0119 06       		.byte	0x6
 610 011a 61       		.byte	0x61
 611 011b 44020000 		.4byte	0x244
 612 011f 02       		.byte	0x2
 613 0120 23       		.byte	0x23
 614 0121 04       		.uleb128 0x4
 615 0122 06       		.uleb128 0x6
 616 0123 46000000 		.4byte	.LASF24
 617 0127 06       		.byte	0x6
 618 0128 63       		.byte	0x63
 619 0129 C3000000 		.4byte	0xc3
 620 012d 02       		.byte	0x2
 621 012e 23       		.byte	0x23
ARM GAS  C:\Users\DNIEL~1\AppData\Local\Temp\cc6TuQZB.s 			page 12


 622 012f 08       		.uleb128 0x8
 623 0130 06       		.uleb128 0x6
 624 0131 CE020000 		.4byte	.LASF25
 625 0135 06       		.byte	0x6
 626 0136 64       		.byte	0x64
 627 0137 12030000 		.4byte	0x312
 628 013b 02       		.byte	0x2
 629 013c 23       		.byte	0x23
 630 013d 0C       		.uleb128 0xc
 631 013e 06       		.uleb128 0x6
 632 013f C6000000 		.4byte	.LASF26
 633 0143 06       		.byte	0x6
 634 0144 66       		.byte	0x66
 635 0145 44020000 		.4byte	0x244
 636 0149 02       		.byte	0x2
 637 014a 23       		.byte	0x23
 638 014b 10       		.uleb128 0x10
 639 014c 06       		.uleb128 0x6
 640 014d 60010000 		.4byte	.LASF27
 641 0151 06       		.byte	0x6
 642 0152 67       		.byte	0x67
 643 0153 44020000 		.4byte	0x244
 644 0157 02       		.byte	0x2
 645 0158 23       		.byte	0x23
 646 0159 14       		.uleb128 0x14
 647 015a 06       		.uleb128 0x6
 648 015b BF020000 		.4byte	.LASF28
 649 015f 06       		.byte	0x6
 650 0160 6E       		.byte	0x6e
 651 0161 1F040000 		.4byte	0x41f
 652 0165 02       		.byte	0x2
 653 0166 23       		.byte	0x23
 654 0167 18       		.uleb128 0x18
 655 0168 06       		.uleb128 0x6
 656 0169 D4010000 		.4byte	.LASF29
 657 016d 06       		.byte	0x6
 658 016e 79       		.byte	0x79
 659 016f A2000000 		.4byte	0xa2
 660 0173 02       		.byte	0x2
 661 0174 23       		.byte	0x23
 662 0175 1C       		.uleb128 0x1c
 663 0176 06       		.uleb128 0x6
 664 0177 FB010000 		.4byte	.LASF30
 665 017b 06       		.byte	0x6
 666 017c 7D       		.byte	0x7d
 667 017d 97000000 		.4byte	0x97
 668 0181 02       		.byte	0x2
 669 0182 23       		.byte	0x23
 670 0183 1D       		.uleb128 0x1d
 671 0184 06       		.uleb128 0x6
 672 0185 8D020000 		.4byte	.LASF31
 673 0189 06       		.byte	0x6
 674 018a 82       		.byte	0x82
 675 018b AD000000 		.4byte	0xad
 676 018f 02       		.byte	0x2
 677 0190 23       		.byte	0x23
 678 0191 1E       		.uleb128 0x1e
ARM GAS  C:\Users\DNIEL~1\AppData\Local\Temp\cc6TuQZB.s 			page 13


 679 0192 06       		.uleb128 0x6
 680 0193 DC010000 		.4byte	.LASF32
 681 0197 06       		.byte	0x6
 682 0198 88       		.byte	0x88
 683 0199 B8000000 		.4byte	0xb8
 684 019d 02       		.byte	0x2
 685 019e 23       		.byte	0x23
 686 019f 1F       		.uleb128 0x1f
 687 01a0 06       		.uleb128 0x6
 688 01a1 6A020000 		.4byte	.LASF33
 689 01a5 06       		.byte	0x6
 690 01a6 8F       		.byte	0x8f
 691 01a7 35030000 		.4byte	0x335
 692 01ab 02       		.byte	0x2
 693 01ac 23       		.byte	0x23
 694 01ad 20       		.uleb128 0x20
 695 01ae 07       		.uleb128 0x7
 696 01af 705F7500 		.ascii	"p_u\000"
 697 01b3 06       		.byte	0x6
 698 01b4 B4       		.byte	0xb4
 699 01b5 EA030000 		.4byte	0x3ea
 700 01b9 02       		.byte	0x2
 701 01ba 23       		.byte	0x23
 702 01bb 24       		.uleb128 0x24
 703 01bc 06       		.uleb128 0x6
 704 01bd D4020000 		.4byte	.LASF34
 705 01c1 06       		.byte	0x6
 706 01c2 B9       		.byte	0xb9
 707 01c3 6C020000 		.4byte	0x26c
 708 01c7 02       		.byte	0x2
 709 01c8 23       		.byte	0x23
 710 01c9 28       		.uleb128 0x28
 711 01ca 06       		.uleb128 0x6
 712 01cb 78020000 		.4byte	.LASF35
 713 01cf 06       		.byte	0x6
 714 01d0 BF       		.byte	0xbf
 715 01d1 4A020000 		.4byte	0x24a
 716 01d5 02       		.byte	0x2
 717 01d6 23       		.byte	0x23
 718 01d7 2C       		.uleb128 0x2c
 719 01d8 06       		.uleb128 0x6
 720 01d9 00000000 		.4byte	.LASF36
 721 01dd 06       		.byte	0x6
 722 01de C3       		.byte	0xc3
 723 01df CE000000 		.4byte	0xce
 724 01e3 02       		.byte	0x2
 725 01e4 23       		.byte	0x23
 726 01e5 34       		.uleb128 0x34
 727 01e6 06       		.uleb128 0x6
 728 01e7 17020000 		.4byte	.LASF37
 729 01eb 06       		.byte	0x6
 730 01ec C9       		.byte	0xc9
 731 01ed D9000000 		.4byte	0xd9
 732 01f1 02       		.byte	0x2
 733 01f2 23       		.byte	0x23
 734 01f3 38       		.uleb128 0x38
 735 01f4 06       		.uleb128 0x6
ARM GAS  C:\Users\DNIEL~1\AppData\Local\Temp\cc6TuQZB.s 			page 14


 736 01f5 C0010000 		.4byte	.LASF38
 737 01f9 06       		.byte	0x6
 738 01fa D0       		.byte	0xd0
 739 01fb 31040000 		.4byte	0x431
 740 01ff 02       		.byte	0x2
 741 0200 23       		.byte	0x23
 742 0201 3C       		.uleb128 0x3c
 743 0202 06       		.uleb128 0x6
 744 0203 5F020000 		.4byte	.LASF39
 745 0207 06       		.byte	0x6
 746 0208 D4       		.byte	0xd4
 747 0209 C3000000 		.4byte	0xc3
 748 020d 02       		.byte	0x2
 749 020e 23       		.byte	0x23
 750 020f 40       		.uleb128 0x40
 751 0210 06       		.uleb128 0x6
 752 0211 67000000 		.4byte	.LASF40
 753 0215 06       		.byte	0x6
 754 0216 DA       		.byte	0xda
 755 0217 82020000 		.4byte	0x282
 756 021b 02       		.byte	0x2
 757 021c 23       		.byte	0x23
 758 021d 44       		.uleb128 0x44
 759 021e 00       		.byte	0x0
 760 021f 08       		.uleb128 0x8
 761 0220 08       		.byte	0x8
 762 0221 05       		.byte	0x5
 763 0222 61       		.byte	0x61
 764 0223 44020000 		.4byte	0x244
 765 0227 06       		.uleb128 0x6
 766 0228 F4010000 		.4byte	.LASF22
 767 022c 05       		.byte	0x5
 768 022d 62       		.byte	0x62
 769 022e 44020000 		.4byte	0x244
 770 0232 02       		.byte	0x2
 771 0233 23       		.byte	0x23
 772 0234 00       		.uleb128 0x0
 773 0235 06       		.uleb128 0x6
 774 0236 95010000 		.4byte	.LASF23
 775 023a 05       		.byte	0x5
 776 023b 64       		.byte	0x64
 777 023c 44020000 		.4byte	0x244
 778 0240 02       		.byte	0x2
 779 0241 23       		.byte	0x23
 780 0242 04       		.uleb128 0x4
 781 0243 00       		.byte	0x0
 782 0244 09       		.uleb128 0x9
 783 0245 04       		.byte	0x4
 784 0246 EF000000 		.4byte	0xef
 785 024a 04       		.uleb128 0x4
 786 024b 6E010000 		.4byte	.LASF41
 787 024f 05       		.byte	0x5
 788 0250 66       		.byte	0x66
 789 0251 1F020000 		.4byte	0x21f
 790 0255 08       		.uleb128 0x8
 791 0256 04       		.byte	0x4
 792 0257 05       		.byte	0x5
ARM GAS  C:\Users\DNIEL~1\AppData\Local\Temp\cc6TuQZB.s 			page 15


 793 0258 6B       		.byte	0x6b
 794 0259 6C020000 		.4byte	0x26c
 795 025d 06       		.uleb128 0x6
 796 025e F4010000 		.4byte	.LASF22
 797 0262 05       		.byte	0x5
 798 0263 6D       		.byte	0x6d
 799 0264 44020000 		.4byte	0x244
 800 0268 02       		.byte	0x2
 801 0269 23       		.byte	0x23
 802 026a 00       		.uleb128 0x0
 803 026b 00       		.byte	0x0
 804 026c 04       		.uleb128 0x4
 805 026d 27010000 		.4byte	.LASF42
 806 0271 05       		.byte	0x5
 807 0272 70       		.byte	0x70
 808 0273 55020000 		.4byte	0x255
 809 0277 04       		.uleb128 0x4
 810 0278 D6000000 		.4byte	.LASF43
 811 027c 07       		.byte	0x7
 812 027d E5       		.byte	0xe5
 813 027e 82020000 		.4byte	0x282
 814 0282 0A       		.uleb128 0xa
 815 0283 04       		.byte	0x4
 816 0284 0B       		.uleb128 0xb
 817 0285 71020000 		.4byte	.LASF44
 818 0289 24       		.byte	0x24
 819 028a 07       		.byte	0x7
 820 028b 0C01     		.2byte	0x10c
 821 028d 12030000 		.4byte	0x312
 822 0291 0C       		.uleb128 0xc
 823 0292 723400   		.ascii	"r4\000"
 824 0295 07       		.byte	0x7
 825 0296 1F01     		.2byte	0x11f
 826 0298 77020000 		.4byte	0x277
 827 029c 02       		.byte	0x2
 828 029d 23       		.byte	0x23
 829 029e 00       		.uleb128 0x0
 830 029f 0C       		.uleb128 0xc
 831 02a0 723500   		.ascii	"r5\000"
 832 02a3 07       		.byte	0x7
 833 02a4 2001     		.2byte	0x120
 834 02a6 77020000 		.4byte	0x277
 835 02aa 02       		.byte	0x2
 836 02ab 23       		.byte	0x23
 837 02ac 04       		.uleb128 0x4
 838 02ad 0C       		.uleb128 0xc
 839 02ae 723600   		.ascii	"r6\000"
 840 02b1 07       		.byte	0x7
 841 02b2 2101     		.2byte	0x121
 842 02b4 77020000 		.4byte	0x277
 843 02b8 02       		.byte	0x2
 844 02b9 23       		.byte	0x23
 845 02ba 08       		.uleb128 0x8
 846 02bb 0C       		.uleb128 0xc
 847 02bc 723700   		.ascii	"r7\000"
 848 02bf 07       		.byte	0x7
 849 02c0 2201     		.2byte	0x122
ARM GAS  C:\Users\DNIEL~1\AppData\Local\Temp\cc6TuQZB.s 			page 16


 850 02c2 77020000 		.4byte	0x277
 851 02c6 02       		.byte	0x2
 852 02c7 23       		.byte	0x23
 853 02c8 0C       		.uleb128 0xc
 854 02c9 0C       		.uleb128 0xc
 855 02ca 723800   		.ascii	"r8\000"
 856 02cd 07       		.byte	0x7
 857 02ce 2301     		.2byte	0x123
 858 02d0 77020000 		.4byte	0x277
 859 02d4 02       		.byte	0x2
 860 02d5 23       		.byte	0x23
 861 02d6 10       		.uleb128 0x10
 862 02d7 0C       		.uleb128 0xc
 863 02d8 723900   		.ascii	"r9\000"
 864 02db 07       		.byte	0x7
 865 02dc 2401     		.2byte	0x124
 866 02de 77020000 		.4byte	0x277
 867 02e2 02       		.byte	0x2
 868 02e3 23       		.byte	0x23
 869 02e4 14       		.uleb128 0x14
 870 02e5 0C       		.uleb128 0xc
 871 02e6 72313000 		.ascii	"r10\000"
 872 02ea 07       		.byte	0x7
 873 02eb 2501     		.2byte	0x125
 874 02ed 77020000 		.4byte	0x277
 875 02f1 02       		.byte	0x2
 876 02f2 23       		.byte	0x23
 877 02f3 18       		.uleb128 0x18
 878 02f4 0C       		.uleb128 0xc
 879 02f5 72313100 		.ascii	"r11\000"
 880 02f9 07       		.byte	0x7
 881 02fa 2601     		.2byte	0x126
 882 02fc 77020000 		.4byte	0x277
 883 0300 02       		.byte	0x2
 884 0301 23       		.byte	0x23
 885 0302 1C       		.uleb128 0x1c
 886 0303 0C       		.uleb128 0xc
 887 0304 6C7200   		.ascii	"lr\000"
 888 0307 07       		.byte	0x7
 889 0308 2701     		.2byte	0x127
 890 030a 77020000 		.4byte	0x277
 891 030e 02       		.byte	0x2
 892 030f 23       		.byte	0x23
 893 0310 20       		.uleb128 0x20
 894 0311 00       		.byte	0x0
 895 0312 0B       		.uleb128 0xb
 896 0313 FE000000 		.4byte	.LASF45
 897 0317 04       		.byte	0x4
 898 0318 07       		.byte	0x7
 899 0319 3101     		.2byte	0x131
 900 031b 2F030000 		.4byte	0x32f
 901 031f 0C       		.uleb128 0xc
 902 0320 72313300 		.ascii	"r13\000"
 903 0324 07       		.byte	0x7
 904 0325 3201     		.2byte	0x132
 905 0327 2F030000 		.4byte	0x32f
 906 032b 02       		.byte	0x2
ARM GAS  C:\Users\DNIEL~1\AppData\Local\Temp\cc6TuQZB.s 			page 17


 907 032c 23       		.byte	0x23
 908 032d 00       		.uleb128 0x0
 909 032e 00       		.byte	0x0
 910 032f 09       		.uleb128 0x9
 911 0330 04       		.byte	0x4
 912 0331 84020000 		.4byte	0x284
 913 0335 0D       		.uleb128 0xd
 914 0336 E4000000 		.4byte	0xe4
 915 033a 08       		.uleb128 0x8
 916 033b 1C       		.byte	0x1c
 917 033c 08       		.byte	0x8
 918 033d 5E       		.byte	0x5e
 919 033e 97030000 		.4byte	0x397
 920 0342 06       		.uleb128 0x6
 921 0343 2B020000 		.4byte	.LASF46
 922 0347 08       		.byte	0x8
 923 0348 5F       		.byte	0x5f
 924 0349 4A020000 		.4byte	0x24a
 925 034d 02       		.byte	0x2
 926 034e 23       		.byte	0x23
 927 034f 00       		.uleb128 0x0
 928 0350 06       		.uleb128 0x6
 929 0351 E6010000 		.4byte	.LASF47
 930 0355 08       		.byte	0x8
 931 0356 60       		.byte	0x60
 932 0357 C3000000 		.4byte	0xc3
 933 035b 02       		.byte	0x2
 934 035c 23       		.byte	0x23
 935 035d 08       		.uleb128 0x8
 936 035e 06       		.uleb128 0x6
 937 035f 68010000 		.4byte	.LASF48
 938 0363 08       		.byte	0x8
 939 0364 62       		.byte	0x62
 940 0365 12030000 		.4byte	0x312
 941 0369 02       		.byte	0x2
 942 036a 23       		.byte	0x23
 943 036b 0C       		.uleb128 0xc
 944 036c 06       		.uleb128 0x6
 945 036d CE000000 		.4byte	.LASF49
 946 0371 08       		.byte	0x8
 947 0372 65       		.byte	0x65
 948 0373 44020000 		.4byte	0x244
 949 0377 02       		.byte	0x2
 950 0378 23       		.byte	0x23
 951 0379 10       		.uleb128 0x10
 952 037a 06       		.uleb128 0x6
 953 037b 85010000 		.4byte	.LASF50
 954 037f 08       		.byte	0x8
 955 0380 66       		.byte	0x66
 956 0381 44020000 		.4byte	0x244
 957 0385 02       		.byte	0x2
 958 0386 23       		.byte	0x23
 959 0387 14       		.uleb128 0x14
 960 0388 06       		.uleb128 0x6
 961 0389 7B010000 		.4byte	.LASF51
 962 038d 08       		.byte	0x8
 963 038e 69       		.byte	0x69
ARM GAS  C:\Users\DNIEL~1\AppData\Local\Temp\cc6TuQZB.s 			page 18


 964 038f 44020000 		.4byte	0x244
 965 0393 02       		.byte	0x2
 966 0394 23       		.byte	0x23
 967 0395 18       		.uleb128 0x18
 968 0396 00       		.byte	0x0
 969 0397 04       		.uleb128 0x4
 970 0398 94020000 		.4byte	.LASF52
 971 039c 08       		.byte	0x8
 972 039d 6B       		.byte	0x6b
 973 039e 3A030000 		.4byte	0x33a
 974 03a2 05       		.uleb128 0x5
 975 03a3 5A010000 		.4byte	.LASF53
 976 03a7 10       		.byte	0x10
 977 03a8 09       		.byte	0x9
 978 03a9 2C       		.byte	0x2c
 979 03aa D9030000 		.4byte	0x3d9
 980 03ae 06       		.uleb128 0x6
 981 03af 6F000000 		.4byte	.LASF54
 982 03b3 09       		.byte	0x9
 983 03b4 2D       		.byte	0x2d
 984 03b5 4A020000 		.4byte	0x24a
 985 03b9 02       		.byte	0x2
 986 03ba 23       		.byte	0x23
 987 03bb 00       		.uleb128 0x0
 988 03bc 06       		.uleb128 0x6
 989 03bd C6020000 		.4byte	.LASF55
 990 03c1 09       		.byte	0x9
 991 03c2 2F       		.byte	0x2f
 992 03c3 44020000 		.4byte	0x244
 993 03c7 02       		.byte	0x2
 994 03c8 23       		.byte	0x23
 995 03c9 08       		.uleb128 0x8
 996 03ca 06       		.uleb128 0x6
 997 03cb 4E020000 		.4byte	.LASF56
 998 03cf 09       		.byte	0x9
 999 03d0 31       		.byte	0x31
 1000 03d1 D9030000 		.4byte	0x3d9
 1001 03d5 02       		.byte	0x2
 1002 03d6 23       		.byte	0x23
 1003 03d7 0C       		.uleb128 0xc
 1004 03d8 00       		.byte	0x0
 1005 03d9 09       		.uleb128 0x9
 1006 03da 04       		.byte	0x4
 1007 03db A2030000 		.4byte	0x3a2
 1008 03df 04       		.uleb128 0x4
 1009 03e0 5A010000 		.4byte	.LASF53
 1010 03e4 09       		.byte	0x9
 1011 03e5 33       		.byte	0x33
 1012 03e6 A2030000 		.4byte	0x3a2
 1013 03ea 0E       		.uleb128 0xe
 1014 03eb 04       		.byte	0x4
 1015 03ec 06       		.byte	0x6
 1016 03ed 96       		.byte	0x96
 1017 03ee 1F040000 		.4byte	0x41f
 1018 03f2 0F       		.uleb128 0xf
 1019 03f3 13000000 		.4byte	.LASF57
 1020 03f7 06       		.byte	0x6
ARM GAS  C:\Users\DNIEL~1\AppData\Local\Temp\cc6TuQZB.s 			page 19


 1021 03f8 9D       		.byte	0x9d
 1022 03f9 CE000000 		.4byte	0xce
 1023 03fd 0F       		.uleb128 0xf
 1024 03fe 3D000000 		.4byte	.LASF58
 1025 0402 06       		.byte	0x6
 1026 0403 A4       		.byte	0xa4
 1027 0404 CE000000 		.4byte	0xce
 1028 0408 0F       		.uleb128 0xf
 1029 0409 AC020000 		.4byte	.LASF59
 1030 040d 06       		.byte	0x6
 1031 040e AB       		.byte	0xab
 1032 040f 82020000 		.4byte	0x282
 1033 0413 0F       		.uleb128 0xf
 1034 0414 ED010000 		.4byte	.LASF60
 1035 0418 06       		.byte	0x6
 1036 0419 B2       		.byte	0xb2
 1037 041a D9000000 		.4byte	0xd9
 1038 041e 00       		.byte	0x0
 1039 041f 09       		.uleb128 0x9
 1040 0420 04       		.byte	0x4
 1041 0421 25040000 		.4byte	0x425
 1042 0425 10       		.uleb128 0x10
 1043 0426 2A040000 		.4byte	0x42a
 1044 042a 03       		.uleb128 0x3
 1045 042b 01       		.byte	0x1
 1046 042c 08       		.byte	0x8
 1047 042d 3D020000 		.4byte	.LASF61
 1048 0431 09       		.uleb128 0x9
 1049 0432 04       		.byte	0x4
 1050 0433 DF030000 		.4byte	0x3df
 1051 0437 11       		.uleb128 0x11
 1052 0438 06000000 		.4byte	.LASF68
 1053 043c 02       		.byte	0x2
 1054 043d 34       		.byte	0x34
 1055 043e 01       		.byte	0x1
 1056 043f 03       		.byte	0x3
 1057 0440 5A040000 		.4byte	0x45a
 1058 0444 12       		.uleb128 0x12
 1059 0445 747000   		.ascii	"tp\000"
 1060 0448 02       		.byte	0x2
 1061 0449 34       		.byte	0x34
 1062 044a 44020000 		.4byte	0x244
 1063 044e 12       		.uleb128 0x12
 1064 044f 74717000 		.ascii	"tqp\000"
 1065 0453 02       		.byte	0x2
 1066 0454 34       		.byte	0x34
 1067 0455 5A040000 		.4byte	0x45a
 1068 0459 00       		.byte	0x0
 1069 045a 09       		.uleb128 0x9
 1070 045b 04       		.byte	0x4
 1071 045c 4A020000 		.4byte	0x24a
 1072 0460 13       		.uleb128 0x13
 1073 0461 42020000 		.4byte	.LASF69
 1074 0465 02       		.byte	0x2
 1075 0466 3B       		.byte	0x3b
 1076 0467 01       		.byte	0x1
 1077 0468 44020000 		.4byte	0x244
ARM GAS  C:\Users\DNIEL~1\AppData\Local\Temp\cc6TuQZB.s 			page 20


 1078 046c 03       		.byte	0x3
 1079 046d 87040000 		.4byte	0x487
 1080 0471 12       		.uleb128 0x12
 1081 0472 74717000 		.ascii	"tqp\000"
 1082 0476 02       		.byte	0x2
 1083 0477 3B       		.byte	0x3b
 1084 0478 5A040000 		.4byte	0x45a
 1085 047c 14       		.uleb128 0x14
 1086 047d 747000   		.ascii	"tp\000"
 1087 0480 02       		.byte	0x2
 1088 0481 3C       		.byte	0x3c
 1089 0482 44020000 		.4byte	0x244
 1090 0486 00       		.byte	0x0
 1091 0487 15       		.uleb128 0x15
 1092 0488 01       		.byte	0x1
 1093 0489 B3000000 		.4byte	.LASF62
 1094 048d 01       		.byte	0x1
 1095 048e 4B       		.byte	0x4b
 1096 048f 01       		.byte	0x1
 1097 0490 CE000000 		.4byte	0xce
 1098 0494 00000000 		.4byte	.LFB7
 1099 0498 4C000000 		.4byte	.LFE7
 1100 049c 00000000 		.4byte	.LLST0
 1101 04a0 21050000 		.4byte	0x521
 1102 04a4 16       		.uleb128 0x16
 1103 04a5 747000   		.ascii	"tp\000"
 1104 04a8 01       		.byte	0x1
 1105 04a9 4B       		.byte	0x4b
 1106 04aa 44020000 		.4byte	0x244
 1107 04ae 20000000 		.4byte	.LLST1
 1108 04b2 16       		.uleb128 0x16
 1109 04b3 6D736700 		.ascii	"msg\000"
 1110 04b7 01       		.byte	0x1
 1111 04b8 4B       		.byte	0x4b
 1112 04b9 CE000000 		.4byte	0xce
 1113 04bd 4B000000 		.4byte	.LLST2
 1114 04c1 17       		.uleb128 0x17
 1115 04c2 63747000 		.ascii	"ctp\000"
 1116 04c6 01       		.byte	0x1
 1117 04c7 4C       		.byte	0x4c
 1118 04c8 44020000 		.4byte	0x244
 1119 04cc 91000000 		.4byte	.LLST3
 1120 04d0 18       		.uleb128 0x18
 1121 04d1 00000000 		.4byte	.Ldebug_ranges0+0x0
 1122 04d5 E9040000 		.4byte	0x4e9
 1123 04d9 17       		.uleb128 0x17
 1124 04da 746D7000 		.ascii	"tmp\000"
 1125 04de 01       		.byte	0x1
 1126 04df 50       		.byte	0x50
 1127 04e0 70000000 		.4byte	0x70
 1128 04e4 B0000000 		.4byte	.LLST4
 1129 04e8 00       		.byte	0x0
 1130 04e9 19       		.uleb128 0x19
 1131 04ea 37040000 		.4byte	0x437
 1132 04ee 0E000000 		.4byte	.LBB12
 1133 04f2 18000000 		.4byte	.Ldebug_ranges0+0x18
 1134 04f6 01       		.byte	0x1
ARM GAS  C:\Users\DNIEL~1\AppData\Local\Temp\cc6TuQZB.s 			page 21


 1135 04f7 53       		.byte	0x53
 1136 04f8 0B050000 		.4byte	0x50b
 1137 04fc 1A       		.uleb128 0x1a
 1138 04fd 4E040000 		.4byte	0x44e
 1139 0501 1B       		.uleb128 0x1b
 1140 0502 44040000 		.4byte	0x444
 1141 0506 C3000000 		.4byte	.LLST5
 1142 050a 00       		.byte	0x0
 1143 050b 1C       		.uleb128 0x1c
 1144 050c 38000000 		.4byte	.Ldebug_ranges0+0x38
 1145 0510 17       		.uleb128 0x17
 1146 0511 746D7000 		.ascii	"tmp\000"
 1147 0515 01       		.byte	0x1
 1148 0516 58       		.byte	0x58
 1149 0517 70000000 		.4byte	0x70
 1150 051b E2000000 		.4byte	.LLST6
 1151 051f 00       		.byte	0x0
 1152 0520 00       		.byte	0x0
 1153 0521 15       		.uleb128 0x15
 1154 0522 01       		.byte	0x1
 1155 0523 83020000 		.4byte	.LASF63
 1156 0527 01       		.byte	0x1
 1157 0528 6A       		.byte	0x6a
 1158 0529 01       		.byte	0x1
 1159 052a 44020000 		.4byte	0x244
 1160 052e 00000000 		.4byte	.LFB8
 1161 0532 3C000000 		.4byte	.LFE8
 1162 0536 00010000 		.4byte	.LLST7
 1163 053a AB050000 		.4byte	0x5ab
 1164 053e 14       		.uleb128 0x14
 1165 053f 747000   		.ascii	"tp\000"
 1166 0542 01       		.byte	0x1
 1167 0543 6B       		.byte	0x6b
 1168 0544 44020000 		.4byte	0x244
 1169 0548 1D       		.uleb128 0x1d
 1170 0549 02000000 		.4byte	.LBB20
 1171 054d 08000000 		.4byte	.LBE20
 1172 0551 65050000 		.4byte	0x565
 1173 0555 17       		.uleb128 0x17
 1174 0556 746D7000 		.ascii	"tmp\000"
 1175 055a 01       		.byte	0x1
 1176 055b 6D       		.byte	0x6d
 1177 055c 70000000 		.4byte	0x70
 1178 0560 20010000 		.4byte	.LLST8
 1179 0564 00       		.byte	0x0
 1180 0565 19       		.uleb128 0x19
 1181 0566 60040000 		.4byte	0x460
 1182 056a 16000000 		.4byte	.LBB21
 1183 056e 50000000 		.4byte	.Ldebug_ranges0+0x50
 1184 0572 01       		.byte	0x1
 1185 0573 70       		.byte	0x70
 1186 0574 91050000 		.4byte	0x591
 1187 0578 1B       		.uleb128 0x1b
 1188 0579 71040000 		.4byte	0x471
 1189 057d 33010000 		.4byte	.LLST9
 1190 0581 1C       		.uleb128 0x1c
 1191 0582 68000000 		.4byte	.Ldebug_ranges0+0x68
ARM GAS  C:\Users\DNIEL~1\AppData\Local\Temp\cc6TuQZB.s 			page 22


 1192 0586 1E       		.uleb128 0x1e
 1193 0587 7C040000 		.4byte	0x47c
 1194 058b 48010000 		.4byte	.LLST10
 1195 058f 00       		.byte	0x0
 1196 0590 00       		.byte	0x0
 1197 0591 1F       		.uleb128 0x1f
 1198 0592 20000000 		.4byte	.LBB25
 1199 0596 26000000 		.4byte	.LBE25
 1200 059a 17       		.uleb128 0x17
 1201 059b 746D7000 		.ascii	"tmp\000"
 1202 059f 01       		.byte	0x1
 1203 05a0 72       		.byte	0x72
 1204 05a1 70000000 		.4byte	0x70
 1205 05a5 5B010000 		.4byte	.LLST11
 1206 05a9 00       		.byte	0x0
 1207 05aa 00       		.byte	0x0
 1208 05ab 20       		.uleb128 0x20
 1209 05ac 01       		.byte	0x1
 1210 05ad 0A020000 		.4byte	.LASF70
 1211 05b1 01       		.byte	0x1
 1212 05b2 80       		.byte	0x80
 1213 05b3 01       		.byte	0x1
 1214 05b4 00000000 		.4byte	.LFB9
 1215 05b8 14000000 		.4byte	.LFE9
 1216 05bc 6E010000 		.4byte	.LLST12
 1217 05c0 18060000 		.4byte	0x618
 1218 05c4 16       		.uleb128 0x16
 1219 05c5 747000   		.ascii	"tp\000"
 1220 05c8 01       		.byte	0x1
 1221 05c9 80       		.byte	0x80
 1222 05ca 44020000 		.4byte	0x244
 1223 05ce 8E010000 		.4byte	.LLST13
 1224 05d2 16       		.uleb128 0x16
 1225 05d3 6D736700 		.ascii	"msg\000"
 1226 05d7 01       		.byte	0x1
 1227 05d8 80       		.byte	0x80
 1228 05d9 CE000000 		.4byte	0xce
 1229 05dd A1010000 		.4byte	.LLST14
 1230 05e1 1D       		.uleb128 0x1d
 1231 05e2 02000000 		.4byte	.LBB26
 1232 05e6 08000000 		.4byte	.LBE26
 1233 05ea FE050000 		.4byte	0x5fe
 1234 05ee 17       		.uleb128 0x17
 1235 05ef 746D7000 		.ascii	"tmp\000"
 1236 05f3 01       		.byte	0x1
 1237 05f4 82       		.byte	0x82
 1238 05f5 70000000 		.4byte	0x70
 1239 05f9 B4010000 		.4byte	.LLST15
 1240 05fd 00       		.byte	0x0
 1241 05fe 1F       		.uleb128 0x1f
 1242 05ff 0C000000 		.4byte	.LBB27
 1243 0603 12000000 		.4byte	.LBE27
 1244 0607 17       		.uleb128 0x17
 1245 0608 746D7000 		.ascii	"tmp\000"
 1246 060c 01       		.byte	0x1
 1247 060d 86       		.byte	0x86
 1248 060e 70000000 		.4byte	0x70
ARM GAS  C:\Users\DNIEL~1\AppData\Local\Temp\cc6TuQZB.s 			page 23


 1249 0612 C7010000 		.4byte	.LLST16
 1250 0616 00       		.byte	0x0
 1251 0617 00       		.byte	0x0
 1252 0618 21       		.uleb128 0x21
 1253 0619 9E020000 		.4byte	.LASF64
 1254 061d 08       		.byte	0x8
 1255 061e 6F       		.byte	0x6f
 1256 061f 97030000 		.4byte	0x397
 1257 0623 01       		.byte	0x1
 1258 0624 01       		.byte	0x1
 1259 0625 21       		.uleb128 0x21
 1260 0626 9E020000 		.4byte	.LASF64
 1261 062a 08       		.byte	0x8
 1262 062b 6F       		.byte	0x6f
 1263 062c 97030000 		.4byte	0x397
 1264 0630 01       		.byte	0x1
 1265 0631 01       		.byte	0x1
 1266 0632 00       		.byte	0x0
 1267              		.section	.debug_abbrev
 1268 0000 01       		.uleb128 0x1
 1269 0001 11       		.uleb128 0x11
 1270 0002 01       		.byte	0x1
 1271 0003 25       		.uleb128 0x25
 1272 0004 0E       		.uleb128 0xe
 1273 0005 13       		.uleb128 0x13
 1274 0006 0B       		.uleb128 0xb
 1275 0007 03       		.uleb128 0x3
 1276 0008 0E       		.uleb128 0xe
 1277 0009 1B       		.uleb128 0x1b
 1278 000a 0E       		.uleb128 0xe
 1279 000b 11       		.uleb128 0x11
 1280 000c 01       		.uleb128 0x1
 1281 000d 52       		.uleb128 0x52
 1282 000e 01       		.uleb128 0x1
 1283 000f 55       		.uleb128 0x55
 1284 0010 06       		.uleb128 0x6
 1285 0011 10       		.uleb128 0x10
 1286 0012 06       		.uleb128 0x6
 1287 0013 00       		.byte	0x0
 1288 0014 00       		.byte	0x0
 1289 0015 02       		.uleb128 0x2
 1290 0016 24       		.uleb128 0x24
 1291 0017 00       		.byte	0x0
 1292 0018 0B       		.uleb128 0xb
 1293 0019 0B       		.uleb128 0xb
 1294 001a 3E       		.uleb128 0x3e
 1295 001b 0B       		.uleb128 0xb
 1296 001c 03       		.uleb128 0x3
 1297 001d 08       		.uleb128 0x8
 1298 001e 00       		.byte	0x0
 1299 001f 00       		.byte	0x0
 1300 0020 03       		.uleb128 0x3
 1301 0021 24       		.uleb128 0x24
 1302 0022 00       		.byte	0x0
 1303 0023 0B       		.uleb128 0xb
 1304 0024 0B       		.uleb128 0xb
 1305 0025 3E       		.uleb128 0x3e
ARM GAS  C:\Users\DNIEL~1\AppData\Local\Temp\cc6TuQZB.s 			page 24


 1306 0026 0B       		.uleb128 0xb
 1307 0027 03       		.uleb128 0x3
 1308 0028 0E       		.uleb128 0xe
 1309 0029 00       		.byte	0x0
 1310 002a 00       		.byte	0x0
 1311 002b 04       		.uleb128 0x4
 1312 002c 16       		.uleb128 0x16
 1313 002d 00       		.byte	0x0
 1314 002e 03       		.uleb128 0x3
 1315 002f 0E       		.uleb128 0xe
 1316 0030 3A       		.uleb128 0x3a
 1317 0031 0B       		.uleb128 0xb
 1318 0032 3B       		.uleb128 0x3b
 1319 0033 0B       		.uleb128 0xb
 1320 0034 49       		.uleb128 0x49
 1321 0035 13       		.uleb128 0x13
 1322 0036 00       		.byte	0x0
 1323 0037 00       		.byte	0x0
 1324 0038 05       		.uleb128 0x5
 1325 0039 13       		.uleb128 0x13
 1326 003a 01       		.byte	0x1
 1327 003b 03       		.uleb128 0x3
 1328 003c 0E       		.uleb128 0xe
 1329 003d 0B       		.uleb128 0xb
 1330 003e 0B       		.uleb128 0xb
 1331 003f 3A       		.uleb128 0x3a
 1332 0040 0B       		.uleb128 0xb
 1333 0041 3B       		.uleb128 0x3b
 1334 0042 0B       		.uleb128 0xb
 1335 0043 01       		.uleb128 0x1
 1336 0044 13       		.uleb128 0x13
 1337 0045 00       		.byte	0x0
 1338 0046 00       		.byte	0x0
 1339 0047 06       		.uleb128 0x6
 1340 0048 0D       		.uleb128 0xd
 1341 0049 00       		.byte	0x0
 1342 004a 03       		.uleb128 0x3
 1343 004b 0E       		.uleb128 0xe
 1344 004c 3A       		.uleb128 0x3a
 1345 004d 0B       		.uleb128 0xb
 1346 004e 3B       		.uleb128 0x3b
 1347 004f 0B       		.uleb128 0xb
 1348 0050 49       		.uleb128 0x49
 1349 0051 13       		.uleb128 0x13
 1350 0052 38       		.uleb128 0x38
 1351 0053 0A       		.uleb128 0xa
 1352 0054 00       		.byte	0x0
 1353 0055 00       		.byte	0x0
 1354 0056 07       		.uleb128 0x7
 1355 0057 0D       		.uleb128 0xd
 1356 0058 00       		.byte	0x0
 1357 0059 03       		.uleb128 0x3
 1358 005a 08       		.uleb128 0x8
 1359 005b 3A       		.uleb128 0x3a
 1360 005c 0B       		.uleb128 0xb
 1361 005d 3B       		.uleb128 0x3b
 1362 005e 0B       		.uleb128 0xb
ARM GAS  C:\Users\DNIEL~1\AppData\Local\Temp\cc6TuQZB.s 			page 25


 1363 005f 49       		.uleb128 0x49
 1364 0060 13       		.uleb128 0x13
 1365 0061 38       		.uleb128 0x38
 1366 0062 0A       		.uleb128 0xa
 1367 0063 00       		.byte	0x0
 1368 0064 00       		.byte	0x0
 1369 0065 08       		.uleb128 0x8
 1370 0066 13       		.uleb128 0x13
 1371 0067 01       		.byte	0x1
 1372 0068 0B       		.uleb128 0xb
 1373 0069 0B       		.uleb128 0xb
 1374 006a 3A       		.uleb128 0x3a
 1375 006b 0B       		.uleb128 0xb
 1376 006c 3B       		.uleb128 0x3b
 1377 006d 0B       		.uleb128 0xb
 1378 006e 01       		.uleb128 0x1
 1379 006f 13       		.uleb128 0x13
 1380 0070 00       		.byte	0x0
 1381 0071 00       		.byte	0x0
 1382 0072 09       		.uleb128 0x9
 1383 0073 0F       		.uleb128 0xf
 1384 0074 00       		.byte	0x0
 1385 0075 0B       		.uleb128 0xb
 1386 0076 0B       		.uleb128 0xb
 1387 0077 49       		.uleb128 0x49
 1388 0078 13       		.uleb128 0x13
 1389 0079 00       		.byte	0x0
 1390 007a 00       		.byte	0x0
 1391 007b 0A       		.uleb128 0xa
 1392 007c 0F       		.uleb128 0xf
 1393 007d 00       		.byte	0x0
 1394 007e 0B       		.uleb128 0xb
 1395 007f 0B       		.uleb128 0xb
 1396 0080 00       		.byte	0x0
 1397 0081 00       		.byte	0x0
 1398 0082 0B       		.uleb128 0xb
 1399 0083 13       		.uleb128 0x13
 1400 0084 01       		.byte	0x1
 1401 0085 03       		.uleb128 0x3
 1402 0086 0E       		.uleb128 0xe
 1403 0087 0B       		.uleb128 0xb
 1404 0088 0B       		.uleb128 0xb
 1405 0089 3A       		.uleb128 0x3a
 1406 008a 0B       		.uleb128 0xb
 1407 008b 3B       		.uleb128 0x3b
 1408 008c 05       		.uleb128 0x5
 1409 008d 01       		.uleb128 0x1
 1410 008e 13       		.uleb128 0x13
 1411 008f 00       		.byte	0x0
 1412 0090 00       		.byte	0x0
 1413 0091 0C       		.uleb128 0xc
 1414 0092 0D       		.uleb128 0xd
 1415 0093 00       		.byte	0x0
 1416 0094 03       		.uleb128 0x3
 1417 0095 08       		.uleb128 0x8
 1418 0096 3A       		.uleb128 0x3a
 1419 0097 0B       		.uleb128 0xb
ARM GAS  C:\Users\DNIEL~1\AppData\Local\Temp\cc6TuQZB.s 			page 26


 1420 0098 3B       		.uleb128 0x3b
 1421 0099 05       		.uleb128 0x5
 1422 009a 49       		.uleb128 0x49
 1423 009b 13       		.uleb128 0x13
 1424 009c 38       		.uleb128 0x38
 1425 009d 0A       		.uleb128 0xa
 1426 009e 00       		.byte	0x0
 1427 009f 00       		.byte	0x0
 1428 00a0 0D       		.uleb128 0xd
 1429 00a1 35       		.uleb128 0x35
 1430 00a2 00       		.byte	0x0
 1431 00a3 49       		.uleb128 0x49
 1432 00a4 13       		.uleb128 0x13
 1433 00a5 00       		.byte	0x0
 1434 00a6 00       		.byte	0x0
 1435 00a7 0E       		.uleb128 0xe
 1436 00a8 17       		.uleb128 0x17
 1437 00a9 01       		.byte	0x1
 1438 00aa 0B       		.uleb128 0xb
 1439 00ab 0B       		.uleb128 0xb
 1440 00ac 3A       		.uleb128 0x3a
 1441 00ad 0B       		.uleb128 0xb
 1442 00ae 3B       		.uleb128 0x3b
 1443 00af 0B       		.uleb128 0xb
 1444 00b0 01       		.uleb128 0x1
 1445 00b1 13       		.uleb128 0x13
 1446 00b2 00       		.byte	0x0
 1447 00b3 00       		.byte	0x0
 1448 00b4 0F       		.uleb128 0xf
 1449 00b5 0D       		.uleb128 0xd
 1450 00b6 00       		.byte	0x0
 1451 00b7 03       		.uleb128 0x3
 1452 00b8 0E       		.uleb128 0xe
 1453 00b9 3A       		.uleb128 0x3a
 1454 00ba 0B       		.uleb128 0xb
 1455 00bb 3B       		.uleb128 0x3b
 1456 00bc 0B       		.uleb128 0xb
 1457 00bd 49       		.uleb128 0x49
 1458 00be 13       		.uleb128 0x13
 1459 00bf 00       		.byte	0x0
 1460 00c0 00       		.byte	0x0
 1461 00c1 10       		.uleb128 0x10
 1462 00c2 26       		.uleb128 0x26
 1463 00c3 00       		.byte	0x0
 1464 00c4 49       		.uleb128 0x49
 1465 00c5 13       		.uleb128 0x13
 1466 00c6 00       		.byte	0x0
 1467 00c7 00       		.byte	0x0
 1468 00c8 11       		.uleb128 0x11
 1469 00c9 2E       		.uleb128 0x2e
 1470 00ca 01       		.byte	0x1
 1471 00cb 03       		.uleb128 0x3
 1472 00cc 0E       		.uleb128 0xe
 1473 00cd 3A       		.uleb128 0x3a
 1474 00ce 0B       		.uleb128 0xb
 1475 00cf 3B       		.uleb128 0x3b
 1476 00d0 0B       		.uleb128 0xb
ARM GAS  C:\Users\DNIEL~1\AppData\Local\Temp\cc6TuQZB.s 			page 27


 1477 00d1 27       		.uleb128 0x27
 1478 00d2 0C       		.uleb128 0xc
 1479 00d3 20       		.uleb128 0x20
 1480 00d4 0B       		.uleb128 0xb
 1481 00d5 01       		.uleb128 0x1
 1482 00d6 13       		.uleb128 0x13
 1483 00d7 00       		.byte	0x0
 1484 00d8 00       		.byte	0x0
 1485 00d9 12       		.uleb128 0x12
 1486 00da 05       		.uleb128 0x5
 1487 00db 00       		.byte	0x0
 1488 00dc 03       		.uleb128 0x3
 1489 00dd 08       		.uleb128 0x8
 1490 00de 3A       		.uleb128 0x3a
 1491 00df 0B       		.uleb128 0xb
 1492 00e0 3B       		.uleb128 0x3b
 1493 00e1 0B       		.uleb128 0xb
 1494 00e2 49       		.uleb128 0x49
 1495 00e3 13       		.uleb128 0x13
 1496 00e4 00       		.byte	0x0
 1497 00e5 00       		.byte	0x0
 1498 00e6 13       		.uleb128 0x13
 1499 00e7 2E       		.uleb128 0x2e
 1500 00e8 01       		.byte	0x1
 1501 00e9 03       		.uleb128 0x3
 1502 00ea 0E       		.uleb128 0xe
 1503 00eb 3A       		.uleb128 0x3a
 1504 00ec 0B       		.uleb128 0xb
 1505 00ed 3B       		.uleb128 0x3b
 1506 00ee 0B       		.uleb128 0xb
 1507 00ef 27       		.uleb128 0x27
 1508 00f0 0C       		.uleb128 0xc
 1509 00f1 49       		.uleb128 0x49
 1510 00f2 13       		.uleb128 0x13
 1511 00f3 20       		.uleb128 0x20
 1512 00f4 0B       		.uleb128 0xb
 1513 00f5 01       		.uleb128 0x1
 1514 00f6 13       		.uleb128 0x13
 1515 00f7 00       		.byte	0x0
 1516 00f8 00       		.byte	0x0
 1517 00f9 14       		.uleb128 0x14
 1518 00fa 34       		.uleb128 0x34
 1519 00fb 00       		.byte	0x0
 1520 00fc 03       		.uleb128 0x3
 1521 00fd 08       		.uleb128 0x8
 1522 00fe 3A       		.uleb128 0x3a
 1523 00ff 0B       		.uleb128 0xb
 1524 0100 3B       		.uleb128 0x3b
 1525 0101 0B       		.uleb128 0xb
 1526 0102 49       		.uleb128 0x49
 1527 0103 13       		.uleb128 0x13
 1528 0104 00       		.byte	0x0
 1529 0105 00       		.byte	0x0
 1530 0106 15       		.uleb128 0x15
 1531 0107 2E       		.uleb128 0x2e
 1532 0108 01       		.byte	0x1
 1533 0109 3F       		.uleb128 0x3f
ARM GAS  C:\Users\DNIEL~1\AppData\Local\Temp\cc6TuQZB.s 			page 28


 1534 010a 0C       		.uleb128 0xc
 1535 010b 03       		.uleb128 0x3
 1536 010c 0E       		.uleb128 0xe
 1537 010d 3A       		.uleb128 0x3a
 1538 010e 0B       		.uleb128 0xb
 1539 010f 3B       		.uleb128 0x3b
 1540 0110 0B       		.uleb128 0xb
 1541 0111 27       		.uleb128 0x27
 1542 0112 0C       		.uleb128 0xc
 1543 0113 49       		.uleb128 0x49
 1544 0114 13       		.uleb128 0x13
 1545 0115 11       		.uleb128 0x11
 1546 0116 01       		.uleb128 0x1
 1547 0117 12       		.uleb128 0x12
 1548 0118 01       		.uleb128 0x1
 1549 0119 40       		.uleb128 0x40
 1550 011a 06       		.uleb128 0x6
 1551 011b 01       		.uleb128 0x1
 1552 011c 13       		.uleb128 0x13
 1553 011d 00       		.byte	0x0
 1554 011e 00       		.byte	0x0
 1555 011f 16       		.uleb128 0x16
 1556 0120 05       		.uleb128 0x5
 1557 0121 00       		.byte	0x0
 1558 0122 03       		.uleb128 0x3
 1559 0123 08       		.uleb128 0x8
 1560 0124 3A       		.uleb128 0x3a
 1561 0125 0B       		.uleb128 0xb
 1562 0126 3B       		.uleb128 0x3b
 1563 0127 0B       		.uleb128 0xb
 1564 0128 49       		.uleb128 0x49
 1565 0129 13       		.uleb128 0x13
 1566 012a 02       		.uleb128 0x2
 1567 012b 06       		.uleb128 0x6
 1568 012c 00       		.byte	0x0
 1569 012d 00       		.byte	0x0
 1570 012e 17       		.uleb128 0x17
 1571 012f 34       		.uleb128 0x34
 1572 0130 00       		.byte	0x0
 1573 0131 03       		.uleb128 0x3
 1574 0132 08       		.uleb128 0x8
 1575 0133 3A       		.uleb128 0x3a
 1576 0134 0B       		.uleb128 0xb
 1577 0135 3B       		.uleb128 0x3b
 1578 0136 0B       		.uleb128 0xb
 1579 0137 49       		.uleb128 0x49
 1580 0138 13       		.uleb128 0x13
 1581 0139 02       		.uleb128 0x2
 1582 013a 06       		.uleb128 0x6
 1583 013b 00       		.byte	0x0
 1584 013c 00       		.byte	0x0
 1585 013d 18       		.uleb128 0x18
 1586 013e 0B       		.uleb128 0xb
 1587 013f 01       		.byte	0x1
 1588 0140 55       		.uleb128 0x55
 1589 0141 06       		.uleb128 0x6
 1590 0142 01       		.uleb128 0x1
ARM GAS  C:\Users\DNIEL~1\AppData\Local\Temp\cc6TuQZB.s 			page 29


 1591 0143 13       		.uleb128 0x13
 1592 0144 00       		.byte	0x0
 1593 0145 00       		.byte	0x0
 1594 0146 19       		.uleb128 0x19
 1595 0147 1D       		.uleb128 0x1d
 1596 0148 01       		.byte	0x1
 1597 0149 31       		.uleb128 0x31
 1598 014a 13       		.uleb128 0x13
 1599 014b 52       		.uleb128 0x52
 1600 014c 01       		.uleb128 0x1
 1601 014d 55       		.uleb128 0x55
 1602 014e 06       		.uleb128 0x6
 1603 014f 58       		.uleb128 0x58
 1604 0150 0B       		.uleb128 0xb
 1605 0151 59       		.uleb128 0x59
 1606 0152 0B       		.uleb128 0xb
 1607 0153 01       		.uleb128 0x1
 1608 0154 13       		.uleb128 0x13
 1609 0155 00       		.byte	0x0
 1610 0156 00       		.byte	0x0
 1611 0157 1A       		.uleb128 0x1a
 1612 0158 05       		.uleb128 0x5
 1613 0159 00       		.byte	0x0
 1614 015a 31       		.uleb128 0x31
 1615 015b 13       		.uleb128 0x13
 1616 015c 00       		.byte	0x0
 1617 015d 00       		.byte	0x0
 1618 015e 1B       		.uleb128 0x1b
 1619 015f 05       		.uleb128 0x5
 1620 0160 00       		.byte	0x0
 1621 0161 31       		.uleb128 0x31
 1622 0162 13       		.uleb128 0x13
 1623 0163 02       		.uleb128 0x2
 1624 0164 06       		.uleb128 0x6
 1625 0165 00       		.byte	0x0
 1626 0166 00       		.byte	0x0
 1627 0167 1C       		.uleb128 0x1c
 1628 0168 0B       		.uleb128 0xb
 1629 0169 01       		.byte	0x1
 1630 016a 55       		.uleb128 0x55
 1631 016b 06       		.uleb128 0x6
 1632 016c 00       		.byte	0x0
 1633 016d 00       		.byte	0x0
 1634 016e 1D       		.uleb128 0x1d
 1635 016f 0B       		.uleb128 0xb
 1636 0170 01       		.byte	0x1
 1637 0171 11       		.uleb128 0x11
 1638 0172 01       		.uleb128 0x1
 1639 0173 12       		.uleb128 0x12
 1640 0174 01       		.uleb128 0x1
 1641 0175 01       		.uleb128 0x1
 1642 0176 13       		.uleb128 0x13
 1643 0177 00       		.byte	0x0
 1644 0178 00       		.byte	0x0
 1645 0179 1E       		.uleb128 0x1e
 1646 017a 34       		.uleb128 0x34
 1647 017b 00       		.byte	0x0
ARM GAS  C:\Users\DNIEL~1\AppData\Local\Temp\cc6TuQZB.s 			page 30


 1648 017c 31       		.uleb128 0x31
 1649 017d 13       		.uleb128 0x13
 1650 017e 02       		.uleb128 0x2
 1651 017f 06       		.uleb128 0x6
 1652 0180 00       		.byte	0x0
 1653 0181 00       		.byte	0x0
 1654 0182 1F       		.uleb128 0x1f
 1655 0183 0B       		.uleb128 0xb
 1656 0184 01       		.byte	0x1
 1657 0185 11       		.uleb128 0x11
 1658 0186 01       		.uleb128 0x1
 1659 0187 12       		.uleb128 0x12
 1660 0188 01       		.uleb128 0x1
 1661 0189 00       		.byte	0x0
 1662 018a 00       		.byte	0x0
 1663 018b 20       		.uleb128 0x20
 1664 018c 2E       		.uleb128 0x2e
 1665 018d 01       		.byte	0x1
 1666 018e 3F       		.uleb128 0x3f
 1667 018f 0C       		.uleb128 0xc
 1668 0190 03       		.uleb128 0x3
 1669 0191 0E       		.uleb128 0xe
 1670 0192 3A       		.uleb128 0x3a
 1671 0193 0B       		.uleb128 0xb
 1672 0194 3B       		.uleb128 0x3b
 1673 0195 0B       		.uleb128 0xb
 1674 0196 27       		.uleb128 0x27
 1675 0197 0C       		.uleb128 0xc
 1676 0198 11       		.uleb128 0x11
 1677 0199 01       		.uleb128 0x1
 1678 019a 12       		.uleb128 0x12
 1679 019b 01       		.uleb128 0x1
 1680 019c 40       		.uleb128 0x40
 1681 019d 06       		.uleb128 0x6
 1682 019e 01       		.uleb128 0x1
 1683 019f 13       		.uleb128 0x13
 1684 01a0 00       		.byte	0x0
 1685 01a1 00       		.byte	0x0
 1686 01a2 21       		.uleb128 0x21
 1687 01a3 34       		.uleb128 0x34
 1688 01a4 00       		.byte	0x0
 1689 01a5 03       		.uleb128 0x3
 1690 01a6 0E       		.uleb128 0xe
 1691 01a7 3A       		.uleb128 0x3a
 1692 01a8 0B       		.uleb128 0xb
 1693 01a9 3B       		.uleb128 0x3b
 1694 01aa 0B       		.uleb128 0xb
 1695 01ab 49       		.uleb128 0x49
 1696 01ac 13       		.uleb128 0x13
 1697 01ad 3F       		.uleb128 0x3f
 1698 01ae 0C       		.uleb128 0xc
 1699 01af 3C       		.uleb128 0x3c
 1700 01b0 0C       		.uleb128 0xc
 1701 01b1 00       		.byte	0x0
 1702 01b2 00       		.byte	0x0
 1703 01b3 00       		.byte	0x0
 1704              		.section	.debug_pubnames,"",%progbits
ARM GAS  C:\Users\DNIEL~1\AppData\Local\Temp\cc6TuQZB.s 			page 31


 1705 0000 3B000000 		.4byte	0x3b
 1706 0004 0200     		.2byte	0x2
 1707 0006 00000000 		.4byte	.Ldebug_info0
 1708 000a 33060000 		.4byte	0x633
 1709 000e 87040000 		.4byte	0x487
 1710 0012 63684D73 		.ascii	"chMsgSend\000"
 1710      6753656E 
 1710      6400
 1711 001c 21050000 		.4byte	0x521
 1712 0020 63684D73 		.ascii	"chMsgWait\000"
 1712      67576169 
 1712      7400
 1713 002a AB050000 		.4byte	0x5ab
 1714 002e 63684D73 		.ascii	"chMsgRelease\000"
 1714      6752656C 
 1714      65617365 
 1714      00
 1715 003b 00000000 		.4byte	0x0
 1716              		.section	.debug_pubtypes,"",%progbits
 1717 0000 17010000 		.4byte	0x117
 1718 0004 0200     		.2byte	0x2
 1719 0006 00000000 		.4byte	.Ldebug_info0
 1720 000a 33060000 		.4byte	0x633
 1721 000e 3E000000 		.4byte	0x3e
 1722 0012 75696E74 		.ascii	"uint8_t\000"
 1722      385F7400 
 1723 001a 5E000000 		.4byte	0x5e
 1724 001e 696E7433 		.ascii	"int32_t\000"
 1724      325F7400 
 1725 0026 70000000 		.4byte	0x70
 1726 002a 75696E74 		.ascii	"uint32_t\000"
 1726      33325F74 
 1726      00
 1727 0033 97000000 		.4byte	0x97
 1728 0037 746D6F64 		.ascii	"tmode_t\000"
 1728      655F7400 
 1729 003f A2000000 		.4byte	0xa2
 1730 0043 74737461 		.ascii	"tstate_t\000"
 1730      74655F74 
 1730      00
 1731 004c AD000000 		.4byte	0xad
 1732 0050 74726566 		.ascii	"trefs_t\000"
 1732      735F7400 
 1733 0058 B8000000 		.4byte	0xb8
 1734 005c 74736C69 		.ascii	"tslices_t\000"
 1734      6365735F 
 1734      7400
 1735 0066 C3000000 		.4byte	0xc3
 1736 006a 74707269 		.ascii	"tprio_t\000"
 1736      6F5F7400 
 1737 0072 CE000000 		.4byte	0xce
 1738 0076 6D73675F 		.ascii	"msg_t\000"
 1738      7400
 1739 007c D9000000 		.4byte	0xd9
 1740 0080 6576656E 		.ascii	"eventmask_t\000"
 1740      746D6173 
 1740      6B5F7400 
ARM GAS  C:\Users\DNIEL~1\AppData\Local\Temp\cc6TuQZB.s 			page 32


 1741 008c E4000000 		.4byte	0xe4
 1742 0090 73797374 		.ascii	"systime_t\000"
 1742      696D655F 
 1742      7400
 1743 009a EF000000 		.4byte	0xef
 1744 009e 54687265 		.ascii	"Thread\000"
 1744      616400
 1745 00a5 4A020000 		.4byte	0x24a
 1746 00a9 54687265 		.ascii	"ThreadsQueue\000"
 1746      61647351 
 1746      75657565 
 1746      00
 1747 00b6 6C020000 		.4byte	0x26c
 1748 00ba 54687265 		.ascii	"ThreadsList\000"
 1748      6164734C 
 1748      69737400 
 1749 00c6 77020000 		.4byte	0x277
 1750 00ca 72656761 		.ascii	"regarm_t\000"
 1750      726D5F74 
 1750      00
 1751 00d3 84020000 		.4byte	0x284
 1752 00d7 696E7463 		.ascii	"intctx\000"
 1752      747800
 1753 00de 12030000 		.4byte	0x312
 1754 00e2 636F6E74 		.ascii	"context\000"
 1754      65787400 
 1755 00ea 97030000 		.4byte	0x397
 1756 00ee 52656164 		.ascii	"ReadyList\000"
 1756      794C6973 
 1756      7400
 1757 00f8 A2030000 		.4byte	0x3a2
 1758 00fc 4D757465 		.ascii	"Mutex\000"
 1758      7800
 1759 0102 DF030000 		.4byte	0x3df
 1760 0106 4D757465 		.ascii	"Mutex\000"
 1760      7800
 1761 010c FA000000 		.4byte	0xfa
 1762 0110 54687265 		.ascii	"Thread\000"
 1762      616400
 1763 0117 00000000 		.4byte	0x0
 1764              		.section	.debug_aranges,"",%progbits
 1765 0000 2C000000 		.4byte	0x2c
 1766 0004 0200     		.2byte	0x2
 1767 0006 00000000 		.4byte	.Ldebug_info0
 1768 000a 04       		.byte	0x4
 1769 000b 00       		.byte	0x0
 1770 000c 0000     		.2byte	0x0
 1771 000e 0000     		.2byte	0x0
 1772 0010 00000000 		.4byte	.LFB7
 1773 0014 4C000000 		.4byte	.LFE7-.LFB7
 1774 0018 00000000 		.4byte	.LFB8
 1775 001c 3C000000 		.4byte	.LFE8-.LFB8
 1776 0020 00000000 		.4byte	.LFB9
 1777 0024 14000000 		.4byte	.LFE9-.LFB9
 1778 0028 00000000 		.4byte	0x0
 1779 002c 00000000 		.4byte	0x0
 1780              		.section	.debug_ranges,"",%progbits
ARM GAS  C:\Users\DNIEL~1\AppData\Local\Temp\cc6TuQZB.s 			page 33


 1781              	.Ldebug_ranges0:
 1782 0000 04000000 		.4byte	.LBB10
 1783 0004 06000000 		.4byte	.LBE10
 1784 0008 08000000 		.4byte	.LBB11
 1785 000c 0C000000 		.4byte	.LBE11
 1786 0010 00000000 		.4byte	0x0
 1787 0014 00000000 		.4byte	0x0
 1788 0018 0E000000 		.4byte	.LBB12
 1789 001c 10000000 		.4byte	.LBE12
 1790 0020 1C000000 		.4byte	.LBB17
 1791 0024 22000000 		.4byte	.LBE17
 1792 0028 18000000 		.4byte	.LBB16
 1793 002c 1A000000 		.4byte	.LBE16
 1794 0030 00000000 		.4byte	0x0
 1795 0034 00000000 		.4byte	0x0
 1796 0038 2C000000 		.4byte	.LBB18
 1797 003c 32000000 		.4byte	.LBE18
 1798 0040 40000000 		.4byte	.LBB19
 1799 0044 46000000 		.4byte	.LBE19
 1800 0048 00000000 		.4byte	0x0
 1801 004c 00000000 		.4byte	0x0
 1802 0050 16000000 		.4byte	.LBB21
 1803 0054 1A000000 		.4byte	.LBE21
 1804 0058 1E000000 		.4byte	.LBB24
 1805 005c 20000000 		.4byte	.LBE24
 1806 0060 00000000 		.4byte	0x0
 1807 0064 00000000 		.4byte	0x0
 1808 0068 16000000 		.4byte	.LBB22
 1809 006c 1A000000 		.4byte	.LBE22
 1810 0070 1E000000 		.4byte	.LBB23
 1811 0074 20000000 		.4byte	.LBE23
 1812 0078 00000000 		.4byte	0x0
 1813 007c 00000000 		.4byte	0x0
 1814 0080 00000000 		.4byte	.LFB7
 1815 0084 4C000000 		.4byte	.LFE7
 1816 0088 00000000 		.4byte	.LFB8
 1817 008c 3C000000 		.4byte	.LFE8
 1818 0090 00000000 		.4byte	.LFB9
 1819 0094 14000000 		.4byte	.LFE9
 1820 0098 00000000 		.4byte	0x0
 1821 009c 00000000 		.4byte	0x0
 1822              		.section	.debug_str,"MS",%progbits,1
 1823              	.LASF36:
 1824 0000 705F6D73 		.ascii	"p_msg\000"
 1824      6700
 1825              	.LASF68:
 1826 0006 71756575 		.ascii	"queue_insert\000"
 1826      655F696E 
 1826      73657274 
 1826      00
 1827              	.LASF57:
 1828 0013 7264796D 		.ascii	"rdymsg\000"
 1828      736700
 1829              	.LASF19:
 1830 001a 6576656E 		.ascii	"eventmask_t\000"
 1830      746D6173 
 1830      6B5F7400 
ARM GAS  C:\Users\DNIEL~1\AppData\Local\Temp\cc6TuQZB.s 			page 34


 1831              	.LASF11:
 1832 0026 6C6F6E67 		.ascii	"long long unsigned int\000"
 1832      206C6F6E 
 1832      6720756E 
 1832      7369676E 
 1832      65642069 
 1833              	.LASF58:
 1834 003d 65786974 		.ascii	"exitcode\000"
 1834      636F6465 
 1834      00
 1835              	.LASF24:
 1836 0046 705F7072 		.ascii	"p_prio\000"
 1836      696F00
 1837              	.LASF10:
 1838 004d 6C6F6E67 		.ascii	"long long int\000"
 1838      206C6F6E 
 1838      6720696E 
 1838      7400
 1839              	.LASF1:
 1840 005b 7369676E 		.ascii	"signed char\000"
 1840      65642063 
 1840      68617200 
 1841              	.LASF40:
 1842 0067 705F6D70 		.ascii	"p_mpool\000"
 1842      6F6F6C00 
 1843              	.LASF54:
 1844 006f 6D5F7175 		.ascii	"m_queue\000"
 1844      65756500 
 1845              	.LASF67:
 1846 0077 433A5C44 		.ascii	"C:\\Dani\\MegaLux\\Repo\\Smarty\\Smarty\\smarty\\fi"
 1846      616E695C 
 1846      4D656761 
 1846      4C75785C 
 1846      5265706F 
 1847 00a3 726D7761 		.ascii	"rmware\000"
 1847      726500
 1848              	.LASF7:
 1849 00aa 6C6F6E67 		.ascii	"long int\000"
 1849      20696E74 
 1849      00
 1850              	.LASF62:
 1851 00b3 63684D73 		.ascii	"chMsgSend\000"
 1851      6753656E 
 1851      6400
 1852              	.LASF14:
 1853 00bd 74737461 		.ascii	"tstate_t\000"
 1853      74655F74 
 1853      00
 1854              	.LASF26:
 1855 00c6 705F6E65 		.ascii	"p_newer\000"
 1855      77657200 
 1856              	.LASF49:
 1857 00ce 725F6E65 		.ascii	"r_newer\000"
 1857      77657200 
 1858              	.LASF43:
 1859 00d6 72656761 		.ascii	"regarm_t\000"
 1859      726D5F74 
ARM GAS  C:\Users\DNIEL~1\AppData\Local\Temp\cc6TuQZB.s 			page 35


 1859      00
 1860              	.LASF0:
 1861 00df 756E7369 		.ascii	"unsigned int\000"
 1861      676E6564 
 1861      20696E74 
 1861      00
 1862              	.LASF9:
 1863 00ec 6C6F6E67 		.ascii	"long unsigned int\000"
 1863      20756E73 
 1863      69676E65 
 1863      6420696E 
 1863      7400
 1864              	.LASF45:
 1865 00fe 636F6E74 		.ascii	"context\000"
 1865      65787400 
 1866              	.LASF4:
 1867 0106 73686F72 		.ascii	"short unsigned int\000"
 1867      7420756E 
 1867      7369676E 
 1867      65642069 
 1867      6E7400
 1868              	.LASF18:
 1869 0119 6D73675F 		.ascii	"msg_t\000"
 1869      7400
 1870              	.LASF13:
 1871 011f 746D6F64 		.ascii	"tmode_t\000"
 1871      655F7400 
 1872              	.LASF42:
 1873 0127 54687265 		.ascii	"ThreadsList\000"
 1873      6164734C 
 1873      69737400 
 1874              	.LASF66:
 1875 0133 2E2E2F2E 		.ascii	"../../../ChibiOS/os/kernel/src/chmsg.c\000"
 1875      2E2F2E2E 
 1875      2F436869 
 1875      62694F53 
 1875      2F6F732F 
 1876              	.LASF53:
 1877 015a 4D757465 		.ascii	"Mutex\000"
 1877      7800
 1878              	.LASF27:
 1879 0160 705F6F6C 		.ascii	"p_older\000"
 1879      64657200 
 1880              	.LASF48:
 1881 0168 725F6374 		.ascii	"r_ctx\000"
 1881      7800
 1882              	.LASF41:
 1883 016e 54687265 		.ascii	"ThreadsQueue\000"
 1883      61647351 
 1883      75657565 
 1883      00
 1884              	.LASF51:
 1885 017b 725F6375 		.ascii	"r_current\000"
 1885      7272656E 
 1885      7400
 1886              	.LASF50:
 1887 0185 725F6F6C 		.ascii	"r_older\000"
ARM GAS  C:\Users\DNIEL~1\AppData\Local\Temp\cc6TuQZB.s 			page 36


 1887      64657200 
 1888              	.LASF15:
 1889 018d 74726566 		.ascii	"trefs_t\000"
 1889      735F7400 
 1890              	.LASF23:
 1891 0195 705F7072 		.ascii	"p_prev\000"
 1891      657600
 1892              	.LASF17:
 1893 019c 74707269 		.ascii	"tprio_t\000"
 1893      6F5F7400 
 1894              	.LASF12:
 1895 01a4 5F426F6F 		.ascii	"_Bool\000"
 1895      6C00
 1896              	.LASF6:
 1897 01aa 696E7433 		.ascii	"int32_t\000"
 1897      325F7400 
 1898              	.LASF2:
 1899 01b2 756E7369 		.ascii	"unsigned char\000"
 1899      676E6564 
 1899      20636861 
 1899      7200
 1900              	.LASF38:
 1901 01c0 705F6D74 		.ascii	"p_mtxlist\000"
 1901      786C6973 
 1901      7400
 1902              	.LASF3:
 1903 01ca 73686F72 		.ascii	"short int\000"
 1903      7420696E 
 1903      7400
 1904              	.LASF29:
 1905 01d4 705F7374 		.ascii	"p_state\000"
 1905      61746500 
 1906              	.LASF32:
 1907 01dc 705F7072 		.ascii	"p_preempt\000"
 1907      65656D70 
 1907      7400
 1908              	.LASF47:
 1909 01e6 725F7072 		.ascii	"r_prio\000"
 1909      696F00
 1910              	.LASF60:
 1911 01ed 65776D61 		.ascii	"ewmask\000"
 1911      736B00
 1912              	.LASF22:
 1913 01f4 705F6E65 		.ascii	"p_next\000"
 1913      787400
 1914              	.LASF30:
 1915 01fb 705F666C 		.ascii	"p_flags\000"
 1915      61677300 
 1916              	.LASF21:
 1917 0203 54687265 		.ascii	"Thread\000"
 1917      616400
 1918              	.LASF70:
 1919 020a 63684D73 		.ascii	"chMsgRelease\000"
 1919      6752656C 
 1919      65617365 
 1919      00
 1920              	.LASF37:
ARM GAS  C:\Users\DNIEL~1\AppData\Local\Temp\cc6TuQZB.s 			page 37


 1921 0217 705F6570 		.ascii	"p_epending\000"
 1921      656E6469 
 1921      6E6700
 1922              	.LASF8:
 1923 0222 75696E74 		.ascii	"uint32_t\000"
 1923      33325F74 
 1923      00
 1924              	.LASF46:
 1925 022b 725F7175 		.ascii	"r_queue\000"
 1925      65756500 
 1926              	.LASF16:
 1927 0233 74736C69 		.ascii	"tslices_t\000"
 1927      6365735F 
 1927      7400
 1928              	.LASF61:
 1929 023d 63686172 		.ascii	"char\000"
 1929      00
 1930              	.LASF69:
 1931 0242 6669666F 		.ascii	"fifo_remove\000"
 1931      5F72656D 
 1931      6F766500 
 1932              	.LASF56:
 1933 024e 6D5F6E65 		.ascii	"m_next\000"
 1933      787400
 1934              	.LASF20:
 1935 0255 73797374 		.ascii	"systime_t\000"
 1935      696D655F 
 1935      7400
 1936              	.LASF39:
 1937 025f 705F7265 		.ascii	"p_realprio\000"
 1937      616C7072 
 1937      696F00
 1938              	.LASF33:
 1939 026a 705F7469 		.ascii	"p_time\000"
 1939      6D6500
 1940              	.LASF44:
 1941 0271 696E7463 		.ascii	"intctx\000"
 1941      747800
 1942              	.LASF35:
 1943 0278 705F6D73 		.ascii	"p_msgqueue\000"
 1943      67717565 
 1943      756500
 1944              	.LASF63:
 1945 0283 63684D73 		.ascii	"chMsgWait\000"
 1945      67576169 
 1945      7400
 1946              	.LASF31:
 1947 028d 705F7265 		.ascii	"p_refs\000"
 1947      667300
 1948              	.LASF52:
 1949 0294 52656164 		.ascii	"ReadyList\000"
 1949      794C6973 
 1949      7400
 1950              	.LASF64:
 1951 029e 726C6973 		.ascii	"rlist\000"
 1951      7400
 1952              	.LASF5:
ARM GAS  C:\Users\DNIEL~1\AppData\Local\Temp\cc6TuQZB.s 			page 38


 1953 02a4 75696E74 		.ascii	"uint8_t\000"
 1953      385F7400 
 1954              	.LASF59:
 1955 02ac 77746F62 		.ascii	"wtobjp\000"
 1955      6A7000
 1956              	.LASF65:
 1957 02b3 474E5520 		.ascii	"GNU C 4.5.2\000"
 1957      4320342E 
 1957      352E3200 
 1958              	.LASF28:
 1959 02bf 705F6E61 		.ascii	"p_name\000"
 1959      6D6500
 1960              	.LASF55:
 1961 02c6 6D5F6F77 		.ascii	"m_owner\000"
 1961      6E657200 
 1962              	.LASF25:
 1963 02ce 705F6374 		.ascii	"p_ctx\000"
 1963      7800
 1964              	.LASF34:
 1965 02d4 705F7761 		.ascii	"p_waiting\000"
 1965      6974696E 
 1965      6700
 1966              		.ident	"GCC: (Sourcery G++ Lite 2011.03-42) 4.5.2"
ARM GAS  C:\Users\DNIEL~1\AppData\Local\Temp\cc6TuQZB.s 			page 39


DEFINED SYMBOLS
                            *ABS*:00000000 chmsg.c
C:\Users\DNIEL~1\AppData\Local\Temp\cc6TuQZB.s:24     .text.chMsgSend:00000000 $t
C:\Users\DNIEL~1\AppData\Local\Temp\cc6TuQZB.s:30     .text.chMsgSend:00000000 chMsgSend
C:\Users\DNIEL~1\AppData\Local\Temp\cc6TuQZB.s:145    .text.chMsgSend:00000048 $d
C:\Users\DNIEL~1\AppData\Local\Temp\cc6TuQZB.s:150    .text.chMsgWait:00000000 $t
C:\Users\DNIEL~1\AppData\Local\Temp\cc6TuQZB.s:156    .text.chMsgWait:00000000 chMsgWait
C:\Users\DNIEL~1\AppData\Local\Temp\cc6TuQZB.s:227    .text.chMsgWait:00000038 $d
C:\Users\DNIEL~1\AppData\Local\Temp\cc6TuQZB.s:232    .text.chMsgRelease:00000000 $t
C:\Users\DNIEL~1\AppData\Local\Temp\cc6TuQZB.s:238    .text.chMsgRelease:00000000 chMsgRelease
                     .debug_frame:00000010 $d
C:\Users\DNIEL~1\AppData\Local\Temp\cc6TuQZB.s:149    .text.chMsgSend:0000004c $t
C:\Users\DNIEL~1\AppData\Local\Temp\cc6TuQZB.s:231    .text.chMsgWait:0000003c $t

UNDEFINED SYMBOLS
chSchGoSleepS
chSchReadyI
rlist
chSchWakeupS
