<<<<<<< HEAD
ARM GAS  C:\Users\DNIEL~1\AppData\Local\Temp\cctwai0q.s 			page 1
=======
ARM GAS  C:\Users\DNIEL~1\AppData\Local\Temp\ccxJDW4D.s 			page 1
>>>>>>> origin/master


   1              		.syntax unified
   2              		.cpu cortex-m4
   3              		.fpu softvfp
   4              		.eabi_attribute 20, 1
   5              		.eabi_attribute 21, 1
   6              		.eabi_attribute 23, 3
   7              		.eabi_attribute 24, 1
   8              		.eabi_attribute 25, 1
   9              		.eabi_attribute 26, 1
  10              		.eabi_attribute 30, 2
  11              		.eabi_attribute 18, 4
  12              		.thumb
  13              		.file	"chregistry.c"
  14              		.section	.debug_abbrev,"",%progbits
  15              	.Ldebug_abbrev0:
  16              		.section	.debug_info,"",%progbits
  17              	.Ldebug_info0:
  18              		.section	.debug_line,"",%progbits
  19              	.Ldebug_line0:
  20 0000 17020000 		.text
  20      0200DE01 
  20      00000201 
  20      FB0E0D00 
  20      01010101 
  21              	.Ltext0:
  22              		.cfi_sections	.debug_frame
  23              		.section	.text.chRegFirstThread,"ax",%progbits
  24              		.align	2
  25              		.p2align 4,,15
  26              		.global	chRegFirstThread
  27              		.thumb
  28              		.thumb_func
  29              		.type	chRegFirstThread, %function
  30              	chRegFirstThread:
  31              	.LFB7:
  32              		.file 1 "../../../ChibiOS/os/kernel/src/chregistry.c"
  33              		.loc 1 117 0
  34              		.cfi_startproc
  35              		@ args = 0, pretend = 0, frame = 0
  36              		@ frame_needed = 0, uses_anonymous_args = 0
  37              		@ link register save eliminated.
  38              	.LBB2:
  39              		.loc 1 120 0
  40 0000 2023     		movs	r3, #32
  41              	.LVL0:
  42              	@ 120 "../../../ChibiOS/os/kernel/src/chregistry.c" 1
  43 0002 83F31188 		msr     BASEPRI, r3
  44              	@ 0 "" 2
  45              	.LVL1:
  46              		.thumb
  47              	.LBE2:
  48              		.loc 1 121 0
  49 0006 0448     		ldr	r0, .L2
  50 0008 0069     		ldr	r0, [r0, #16]
  51              	.LVL2:
  52              		.loc 1 123 0
  53 000a 817F     		ldrb	r1, [r0, #30]	@ zero_extendqisi2
<<<<<<< HEAD
ARM GAS  C:\Users\DNIEL~1\AppData\Local\Temp\cctwai0q.s 			page 2
=======
ARM GAS  C:\Users\DNIEL~1\AppData\Local\Temp\ccxJDW4D.s 			page 2
>>>>>>> origin/master


  54 000c 4B1C     		adds	r3, r1, #1
  55              	.LVL3:
  56 000e 8377     		strb	r3, [r0, #30]
  57              	.LBB3:
  58              		.loc 1 125 0
  59 0010 0023     		movs	r3, #0
  60              	.LVL4:
  61              	@ 125 "../../../ChibiOS/os/kernel/src/chregistry.c" 1
  62 0012 83F31188 		msr     BASEPRI, r3
  63              	@ 0 "" 2
  64              	.LVL5:
  65              		.thumb
  66              	.LBE3:
  67              		.loc 1 127 0
  68 0016 7047     		bx	lr
  69              	.L3:
  70              		.align	2
  71              	.L2:
  72 0018 00000000 		.word	rlist
  73              		.cfi_endproc
  74              	.LFE7:
  75              		.size	chRegFirstThread, .-chRegFirstThread
  76 001c AFF30080 		.section	.text.chRegNextThread,"ax",%progbits
  77              		.align	2
  78              		.p2align 4,,15
  79              		.global	chRegNextThread
  80              		.thumb
  81              		.thumb_func
  82              		.type	chRegNextThread, %function
  83              	chRegNextThread:
  84              	.LFB8:
  85              		.loc 1 140 0
  86              		.cfi_startproc
  87              		@ args = 0, pretend = 0, frame = 0
  88              		@ frame_needed = 0, uses_anonymous_args = 0
  89              	.LVL6:
  90 0000 10B5     		push	{r4, lr}
  91              	.LCFI0:
  92              		.cfi_def_cfa_offset 8
  93              	.LBB4:
  94              		.loc 1 143 0
  95 0002 2023     		movs	r3, #32
  96              	.LVL7:
  97              	@ 143 "../../../ChibiOS/os/kernel/src/chregistry.c" 1
  98 0004 83F31188 		msr     BASEPRI, r3
  99              	@ 0 "" 2
 100              	.LVL8:
 101              		.thumb
 102              	.LBE4:
 103              		.loc 1 145 0
 104 0008 0A4B     		ldr	r3, .L8
 105              	.LVL9:
 106              		.loc 1 144 0
 107 000a 0469     		ldr	r4, [r0, #16]
 108              		.cfi_offset 14, -4
 109              		.cfi_offset 4, -8
 110              	.LVL10:
<<<<<<< HEAD
ARM GAS  C:\Users\DNIEL~1\AppData\Local\Temp\cctwai0q.s 			page 3
=======
ARM GAS  C:\Users\DNIEL~1\AppData\Local\Temp\ccxJDW4D.s 			page 3
>>>>>>> origin/master


 111              		.loc 1 145 0
 112 000c 9C42     		cmp	r4, r3
 113 000e 09D0     		beq	.L6
 114              		.loc 1 151 0
 115 0010 A27F     		ldrb	r2, [r4, #30]	@ zero_extendqisi2
 116 0012 511C     		adds	r1, r2, #1
 117 0014 A177     		strb	r1, [r4, #30]
 118              	.LBB5:
 119              		.loc 1 154 0
 120 0016 0023     		movs	r3, #0
 121              	.LVL11:
 122              	@ 154 "../../../ChibiOS/os/kernel/src/chregistry.c" 1
 123 0018 83F31188 		msr     BASEPRI, r3
 124              	@ 0 "" 2
 125              	.LVL12:
 126              		.thumb
 127              	.LBE5:
 128              		.loc 1 156 0
 129 001c FFF7FEFF 		bl	chThdRelease
 130              	.LVL13:
 131              		.loc 1 159 0
 132 0020 2046     		mov	r0, r4
 133 0022 10BD     		pop	{r4, pc}
 134              	.LVL14:
 135              	.L6:
 136              		.loc 1 146 0
 137 0024 0024     		movs	r4, #0
 138              	.LVL15:
 139              	.LBB6:
 140              		.loc 1 154 0
 141 0026 0023     		movs	r3, #0
 142              	@ 154 "../../../ChibiOS/os/kernel/src/chregistry.c" 1
 143 0028 83F31188 		msr     BASEPRI, r3
 144              	@ 0 "" 2
 145              	.LVL16:
 146              		.thumb
 147              	.LBE6:
 148              		.loc 1 156 0
 149 002c FFF7FEFF 		bl	chThdRelease
 150              	.LVL17:
 151              		.loc 1 159 0
 152 0030 2046     		mov	r0, r4
 153 0032 10BD     		pop	{r4, pc}
 154              	.L9:
 155              		.align	2
 156              	.L8:
 157 0034 00000000 		.word	rlist
 158              		.cfi_endproc
 159              	.LFE8:
 160              		.size	chRegNextThread, .-chRegNextThread
 161              		.global	ch_debug
 162 0038 AFF30080 		.section	.rodata.ch_debug,"a",%progbits
 162      AFF30080 
 163              		.align	2
 164              		.type	ch_debug, %object
 165              		.size	ch_debug, 22
 166              	ch_debug:
<<<<<<< HEAD
ARM GAS  C:\Users\DNIEL~1\AppData\Local\Temp\cctwai0q.s 			page 4
=======
ARM GAS  C:\Users\DNIEL~1\AppData\Local\Temp\ccxJDW4D.s 			page 4
>>>>>>> origin/master


 167 0000 6D61696E 		.ascii	"main"
 168 0004 00       		.byte	0
 169 0005 16       		.byte	22
 170 0006 8711     		.short	4487
 171 0008 04       		.byte	4
 172 0009 04       		.byte	4
 173 000a 48       		.byte	72
 174 000b 08       		.byte	8
 175 000c 0C       		.byte	12
 176 000d 10       		.byte	16
 177 000e 14       		.byte	20
 178 000f 18       		.byte	24
 179 0010 00       		.byte	0
 180 0011 1C       		.byte	28
 181 0012 1D       		.byte	29
 182 0013 1E       		.byte	30
 183 0014 1F       		.byte	31
 184 0015 20       		.byte	32
 185 0016 0000     		.text
 186              	.Letext0:
 187              		.section	.debug_loc,"",%progbits
 188              	.Ldebug_loc0:
 189              	.LLST0:
 190 0000 06000000 		.4byte	.LVL1
 191 0004 0E000000 		.4byte	.LVL3
 192 0008 0100     		.2byte	0x1
 193 000a 53       		.byte	0x53
 194 000b 00000000 		.4byte	0x0
 195 000f 00000000 		.4byte	0x0
 196              	.LLST1:
 197 0013 16000000 		.4byte	.LVL5
 198 0017 1C000000 		.4byte	.LFE7
 199 001b 0100     		.2byte	0x1
 200 001d 53       		.byte	0x53
 201 001e 00000000 		.4byte	0x0
 202 0022 00000000 		.4byte	0x0
 203              	.LLST2:
 204 0026 00000000 		.4byte	.LFB8
 205 002a 02000000 		.4byte	.LCFI0
 206 002e 0200     		.2byte	0x2
 207 0030 7D       		.byte	0x7d
 208 0031 00       		.sleb128 0
 209 0032 02000000 		.4byte	.LCFI0
 210 0036 38000000 		.4byte	.LFE8
 211 003a 0200     		.2byte	0x2
 212 003c 7D       		.byte	0x7d
 213 003d 08       		.sleb128 8
 214 003e 00000000 		.4byte	0x0
 215 0042 00000000 		.4byte	0x0
 216              	.LLST3:
 217 0046 00000000 		.4byte	.LVL6
 218 004a 1F000000 		.4byte	.LVL13-1
 219 004e 0100     		.2byte	0x1
 220 0050 50       		.byte	0x50
 221 0051 24000000 		.4byte	.LVL14
 222 0055 2F000000 		.4byte	.LVL17-1
 223 0059 0100     		.2byte	0x1
<<<<<<< HEAD
ARM GAS  C:\Users\DNIEL~1\AppData\Local\Temp\cctwai0q.s 			page 5
=======
ARM GAS  C:\Users\DNIEL~1\AppData\Local\Temp\ccxJDW4D.s 			page 5
>>>>>>> origin/master


 224 005b 50       		.byte	0x50
 225 005c 00000000 		.4byte	0x0
 226 0060 00000000 		.4byte	0x0
 227              	.LLST4:
 228 0064 0C000000 		.4byte	.LVL10
 229 0068 1F000000 		.4byte	.LVL13-1
 230 006c 0200     		.2byte	0x2
 231 006e 70       		.byte	0x70
 232 006f 10       		.sleb128 16
 233 0070 1F000000 		.4byte	.LVL13-1
 234 0074 26000000 		.4byte	.LVL15
 235 0078 0100     		.2byte	0x1
 236 007a 54       		.byte	0x54
 237 007b 26000000 		.4byte	.LVL15
 238 007f 38000000 		.4byte	.LFE8
 239 0083 0100     		.2byte	0x1
 240 0085 54       		.byte	0x54
 241 0086 00000000 		.4byte	0x0
 242 008a 00000000 		.4byte	0x0
 243              	.LLST5:
 244 008e 08000000 		.4byte	.LVL8
 245 0092 0A000000 		.4byte	.LVL9
 246 0096 0100     		.2byte	0x1
 247 0098 53       		.byte	0x53
 248 0099 00000000 		.4byte	0x0
 249 009d 00000000 		.4byte	0x0
 250              	.LLST6:
 251 00a1 1C000000 		.4byte	.LVL12
 252 00a5 1F000000 		.4byte	.LVL13-1
 253 00a9 0100     		.2byte	0x1
 254 00ab 53       		.byte	0x53
 255 00ac 2C000000 		.4byte	.LVL16
 256 00b0 2F000000 		.4byte	.LVL17-1
 257 00b4 0100     		.2byte	0x1
 258 00b6 53       		.byte	0x53
 259 00b7 00000000 		.4byte	0x0
 260 00bb 00000000 		.4byte	0x0
 261              		.file 2 "c:\\program files (x86)\\codesourcery\\sourcery g++ lite\\bin\\../lib/gcc/arm-none-eabi/4
 262              		.file 3 "c:\\program files (x86)\\codesourcery\\sourcery g++ lite\\bin\\../lib/gcc/arm-none-eabi/4
 263              		.file 4 "../../../ChibiOS/os/ports/GCC/ARMCMx/chtypes.h"
 264              		.file 5 "../../../ChibiOS/os/kernel/include/chlists.h"
 265              		.file 6 "../../../ChibiOS/os/kernel/include/chthreads.h"
 266              		.file 7 "../../../ChibiOS/os/ports/GCC/ARMCMx/chcore_v7m.h"
 267              		.file 8 "../../../ChibiOS/os/kernel/include/chschd.h"
 268              		.file 9 "../../../ChibiOS/os/kernel/include/chmtx.h"
 269              		.file 10 "../../../ChibiOS/os/kernel/include/chregistry.h"
 270              		.section	.debug_info
 271 0000 65060000 		.4byte	0x665
 272 0004 0200     		.2byte	0x2
 273 0006 00000000 		.4byte	.Ldebug_abbrev0
 274 000a 04       		.byte	0x4
 275 000b 01       		.uleb128 0x1
 276 000c 93030000 		.4byte	.LASF87
 277 0010 01       		.byte	0x1
 278 0011 A9010000 		.4byte	.LASF88
 279 0015 BB000000 		.4byte	.LASF89
 280 0019 00000000 		.4byte	0x0
<<<<<<< HEAD
ARM GAS  C:\Users\DNIEL~1\AppData\Local\Temp\cctwai0q.s 			page 6
=======
ARM GAS  C:\Users\DNIEL~1\AppData\Local\Temp\ccxJDW4D.s 			page 6
>>>>>>> origin/master


 281 001d 00000000 		.4byte	0x0
 282 0021 18000000 		.4byte	.Ldebug_ranges0+0x18
 283 0025 00000000 		.4byte	.Ldebug_line0
 284 0029 02       		.uleb128 0x2
 285 002a 04       		.byte	0x4
 286 002b 05       		.byte	0x5
 287 002c 696E7400 		.ascii	"int\000"
 288 0030 03       		.uleb128 0x3
 289 0031 13000000 		.4byte	.LASF2
 290 0035 02       		.byte	0x2
 291 0036 D3       		.byte	0xd3
 292 0037 3B000000 		.4byte	0x3b
 293 003b 04       		.uleb128 0x4
 294 003c 04       		.byte	0x4
 295 003d 07       		.byte	0x7
 296 003e 2C010000 		.4byte	.LASF0
 297 0042 04       		.uleb128 0x4
 298 0043 01       		.byte	0x1
 299 0044 06       		.byte	0x6
 300 0045 82000000 		.4byte	.LASF1
 301 0049 03       		.uleb128 0x3
 302 004a 84030000 		.4byte	.LASF3
 303 004e 03       		.byte	0x3
 304 004f 2A       		.byte	0x2a
 305 0050 54000000 		.4byte	0x54
 306 0054 04       		.uleb128 0x4
 307 0055 01       		.byte	0x1
 308 0056 08       		.byte	0x8
 309 0057 66020000 		.4byte	.LASF4
 310 005b 04       		.uleb128 0x4
 311 005c 02       		.byte	0x2
 312 005d 05       		.byte	0x5
 313 005e 7E020000 		.4byte	.LASF5
 314 0062 03       		.uleb128 0x3
 315 0063 00010000 		.4byte	.LASF6
 316 0067 03       		.byte	0x3
 317 0068 36       		.byte	0x36
 318 0069 6D000000 		.4byte	0x6d
 319 006d 04       		.uleb128 0x4
 320 006e 02       		.byte	0x2
 321 006f 07       		.byte	0x7
 322 0070 6A010000 		.4byte	.LASF7
 323 0074 03       		.uleb128 0x3
 324 0075 5E020000 		.4byte	.LASF8
 325 0079 03       		.byte	0x3
 326 007a 4F       		.byte	0x4f
 327 007b 7F000000 		.4byte	0x7f
 328 007f 04       		.uleb128 0x4
 329 0080 04       		.byte	0x4
 330 0081 05       		.byte	0x5
 331 0082 EE000000 		.4byte	.LASF9
 332 0086 03       		.uleb128 0x3
 333 0087 F1020000 		.4byte	.LASF10
 334 008b 03       		.byte	0x3
 335 008c 50       		.byte	0x50
 336 008d 91000000 		.4byte	0x91
 337 0091 04       		.uleb128 0x4
<<<<<<< HEAD
ARM GAS  C:\Users\DNIEL~1\AppData\Local\Temp\cctwai0q.s 			page 7
=======
ARM GAS  C:\Users\DNIEL~1\AppData\Local\Temp\ccxJDW4D.s 			page 7
>>>>>>> origin/master


 338 0092 04       		.byte	0x4
 339 0093 07       		.byte	0x7
 340 0094 39010000 		.4byte	.LASF11
 341 0098 04       		.uleb128 0x4
 342 0099 08       		.byte	0x8
 343 009a 05       		.byte	0x5
 344 009b 74000000 		.4byte	.LASF12
 345 009f 04       		.uleb128 0x4
 346 00a0 08       		.byte	0x8
 347 00a1 07       		.byte	0x7
 348 00a2 21000000 		.4byte	.LASF13
 349 00a6 04       		.uleb128 0x4
 350 00a7 01       		.byte	0x1
 351 00a8 02       		.byte	0x2
 352 00a9 58020000 		.4byte	.LASF14
 353 00ad 03       		.uleb128 0x3
 354 00ae 83010000 		.4byte	.LASF15
 355 00b2 04       		.byte	0x4
 356 00b3 2C       		.byte	0x2c
 357 00b4 49000000 		.4byte	0x49
 358 00b8 03       		.uleb128 0x3
 359 00b9 F7000000 		.4byte	.LASF16
 360 00bd 04       		.byte	0x4
 361 00be 2D       		.byte	0x2d
 362 00bf 49000000 		.4byte	0x49
 363 00c3 03       		.uleb128 0x3
 364 00c4 36020000 		.4byte	.LASF17
 365 00c8 04       		.byte	0x4
 366 00c9 2E       		.byte	0x2e
 367 00ca 49000000 		.4byte	0x49
 368 00ce 03       		.uleb128 0x3
 369 00cf 0E030000 		.4byte	.LASF18
 370 00d3 04       		.byte	0x4
 371 00d4 2F       		.byte	0x2f
 372 00d5 49000000 		.4byte	0x49
 373 00d9 03       		.uleb128 0x3
 374 00da 50020000 		.4byte	.LASF19
 375 00de 04       		.byte	0x4
 376 00df 30       		.byte	0x30
 377 00e0 86000000 		.4byte	0x86
 378 00e4 03       		.uleb128 0x3
 379 00e5 7D010000 		.4byte	.LASF20
 380 00e9 04       		.byte	0x4
 381 00ea 31       		.byte	0x31
 382 00eb 74000000 		.4byte	0x74
 383 00ef 03       		.uleb128 0x3
 384 00f0 97010000 		.4byte	.LASF21
 385 00f4 04       		.byte	0x4
 386 00f5 33       		.byte	0x33
 387 00f6 86000000 		.4byte	0x86
 388 00fa 03       		.uleb128 0x3
 389 00fb 34030000 		.4byte	.LASF22
 390 00ff 04       		.byte	0x4
 391 0100 35       		.byte	0x35
 392 0101 86000000 		.4byte	0x86
 393 0105 03       		.uleb128 0x3
 394 0106 D2020000 		.4byte	.LASF23
<<<<<<< HEAD
ARM GAS  C:\Users\DNIEL~1\AppData\Local\Temp\cctwai0q.s 			page 8
=======
ARM GAS  C:\Users\DNIEL~1\AppData\Local\Temp\ccxJDW4D.s 			page 8
>>>>>>> origin/master


 395 010a 05       		.byte	0x5
 396 010b 2A       		.byte	0x2a
 397 010c 10010000 		.4byte	0x110
 398 0110 05       		.uleb128 0x5
 399 0111 D2020000 		.4byte	.LASF23
 400 0115 48       		.byte	0x48
 401 0116 06       		.byte	0x6
 402 0117 5E       		.byte	0x5e
 403 0118 35020000 		.4byte	0x235
 404 011c 06       		.uleb128 0x6
 405 011d B4020000 		.4byte	.LASF24
 406 0121 06       		.byte	0x6
 407 0122 5F       		.byte	0x5f
 408 0123 5A020000 		.4byte	0x25a
 409 0127 02       		.byte	0x2
 410 0128 23       		.byte	0x23
 411 0129 00       		.uleb128 0x0
 412 012a 06       		.uleb128 0x6
 413 012b 49020000 		.4byte	.LASF25
 414 012f 06       		.byte	0x6
 415 0130 61       		.byte	0x61
 416 0131 5A020000 		.4byte	0x25a
 417 0135 02       		.byte	0x2
 418 0136 23       		.byte	0x23
 419 0137 04       		.uleb128 0x4
 420 0138 06       		.uleb128 0x6
 421 0139 60000000 		.4byte	.LASF26
 422 013d 06       		.byte	0x6
 423 013e 63       		.byte	0x63
 424 013f D9000000 		.4byte	0xd9
 425 0143 02       		.byte	0x2
 426 0144 23       		.byte	0x23
 427 0145 08       		.uleb128 0x8
 428 0146 06       		.uleb128 0x6
 429 0147 B9030000 		.4byte	.LASF27
 430 014b 06       		.byte	0x6
 431 014c 64       		.byte	0x64
 432 014d 28030000 		.4byte	0x328
 433 0151 02       		.byte	0x2
 434 0152 23       		.byte	0x23
 435 0153 0C       		.uleb128 0xc
 436 0154 06       		.uleb128 0x6
 437 0155 13010000 		.4byte	.LASF28
 438 0159 06       		.byte	0x6
 439 015a 66       		.byte	0x66
 440 015b 5A020000 		.4byte	0x25a
 441 015f 02       		.byte	0x2
 442 0160 23       		.byte	0x23
 443 0161 10       		.uleb128 0x10
 444 0162 06       		.uleb128 0x6
 445 0163 01020000 		.4byte	.LASF29
 446 0167 06       		.byte	0x6
 447 0168 67       		.byte	0x67
 448 0169 5A020000 		.4byte	0x25a
 449 016d 02       		.byte	0x2
 450 016e 23       		.byte	0x23
 451 016f 14       		.uleb128 0x14
<<<<<<< HEAD
ARM GAS  C:\Users\DNIEL~1\AppData\Local\Temp\cctwai0q.s 			page 9
=======
ARM GAS  C:\Users\DNIEL~1\AppData\Local\Temp\ccxJDW4D.s 			page 9
>>>>>>> origin/master


 452 0170 06       		.uleb128 0x6
 453 0171 9F030000 		.4byte	.LASF30
 454 0175 06       		.byte	0x6
 455 0176 6E       		.byte	0x6e
 456 0177 35040000 		.4byte	0x435
 457 017b 02       		.byte	0x2
 458 017c 23       		.byte	0x23
 459 017d 18       		.uleb128 0x18
 460 017e 06       		.uleb128 0x6
 461 017f 88020000 		.4byte	.LASF31
 462 0183 06       		.byte	0x6
 463 0184 79       		.byte	0x79
 464 0185 B8000000 		.4byte	0xb8
 465 0189 02       		.byte	0x2
 466 018a 23       		.byte	0x23
 467 018b 1C       		.uleb128 0x1c
 468 018c 06       		.uleb128 0x6
 469 018d CA020000 		.4byte	.LASF32
 470 0191 06       		.byte	0x6
 471 0192 7D       		.byte	0x7d
 472 0193 AD000000 		.4byte	0xad
 473 0197 02       		.byte	0x2
 474 0198 23       		.byte	0x23
 475 0199 1D       		.uleb128 0x1d
 476 019a 06       		.uleb128 0x6
 477 019b 6D030000 		.4byte	.LASF33
 478 019f 06       		.byte	0x6
 479 01a0 82       		.byte	0x82
 480 01a1 C3000000 		.4byte	0xc3
 481 01a5 02       		.byte	0x2
 482 01a6 23       		.byte	0x23
 483 01a7 1E       		.uleb128 0x1e
 484 01a8 06       		.uleb128 0x6
 485 01a9 90020000 		.4byte	.LASF34
 486 01ad 06       		.byte	0x6
 487 01ae 88       		.byte	0x88
 488 01af CE000000 		.4byte	0xce
 489 01b3 02       		.byte	0x2
 490 01b4 23       		.byte	0x23
 491 01b5 1F       		.uleb128 0x1f
 492 01b6 06       		.uleb128 0x6
 493 01b7 49030000 		.4byte	.LASF35
 494 01bb 06       		.byte	0x6
 495 01bc 8F       		.byte	0x8f
 496 01bd 4B030000 		.4byte	0x34b
 497 01c1 02       		.byte	0x2
 498 01c2 23       		.byte	0x23
 499 01c3 20       		.uleb128 0x20
 500 01c4 07       		.uleb128 0x7
 501 01c5 705F7500 		.ascii	"p_u\000"
 502 01c9 06       		.byte	0x6
 503 01ca B4       		.byte	0xb4
 504 01cb 00040000 		.4byte	0x400
 505 01cf 02       		.byte	0x2
 506 01d0 23       		.byte	0x23
 507 01d1 24       		.uleb128 0x24
 508 01d2 06       		.uleb128 0x6
<<<<<<< HEAD
ARM GAS  C:\Users\DNIEL~1\AppData\Local\Temp\cctwai0q.s 			page 10
=======
ARM GAS  C:\Users\DNIEL~1\AppData\Local\Temp\ccxJDW4D.s 			page 10
>>>>>>> origin/master


 509 01d3 BF030000 		.4byte	.LASF36
 510 01d7 06       		.byte	0x6
 511 01d8 B9       		.byte	0xb9
 512 01d9 82020000 		.4byte	0x282
 513 01dd 02       		.byte	0x2
 514 01de 23       		.byte	0x23
 515 01df 28       		.uleb128 0x28
 516 01e0 06       		.uleb128 0x6
 517 01e1 57030000 		.4byte	.LASF37
 518 01e5 06       		.byte	0x6
 519 01e6 BF       		.byte	0xbf
 520 01e7 60020000 		.4byte	0x260
 521 01eb 02       		.byte	0x2
 522 01ec 23       		.byte	0x23
 523 01ed 2C       		.uleb128 0x2c
 524 01ee 06       		.uleb128 0x6
 525 01ef 0D000000 		.4byte	.LASF38
 526 01f3 06       		.byte	0x6
 527 01f4 C3       		.byte	0xc3
 528 01f5 E4000000 		.4byte	0xe4
 529 01f9 02       		.byte	0x2
 530 01fa 23       		.byte	0x23
 531 01fb 34       		.uleb128 0x34
 532 01fc 06       		.uleb128 0x6
 533 01fd E6020000 		.4byte	.LASF39
 534 0201 06       		.byte	0x6
 535 0202 C9       		.byte	0xc9
 536 0203 EF000000 		.4byte	0xef
 537 0207 02       		.byte	0x2
 538 0208 23       		.byte	0x23
 539 0209 38       		.uleb128 0x38
 540 020a 06       		.uleb128 0x6
 541 020b 74020000 		.4byte	.LASF40
 542 020f 06       		.byte	0x6
 543 0210 D0       		.byte	0xd0
 544 0211 47040000 		.4byte	0x447
 545 0215 02       		.byte	0x2
 546 0216 23       		.byte	0x23
 547 0217 3C       		.uleb128 0x3c
 548 0218 06       		.uleb128 0x6
 549 0219 3E030000 		.4byte	.LASF41
 550 021d 06       		.byte	0x6
 551 021e D4       		.byte	0xd4
 552 021f D9000000 		.4byte	0xd9
 553 0223 02       		.byte	0x2
 554 0224 23       		.byte	0x23
 555 0225 40       		.uleb128 0x40
 556 0226 06       		.uleb128 0x6
 557 0227 AB000000 		.4byte	.LASF42
 558 022b 06       		.byte	0x6
 559 022c DA       		.byte	0xda
 560 022d 98020000 		.4byte	0x298
 561 0231 02       		.byte	0x2
 562 0232 23       		.byte	0x23
 563 0233 44       		.uleb128 0x44
 564 0234 00       		.byte	0x0
 565 0235 08       		.uleb128 0x8
<<<<<<< HEAD
ARM GAS  C:\Users\DNIEL~1\AppData\Local\Temp\cctwai0q.s 			page 11
=======
ARM GAS  C:\Users\DNIEL~1\AppData\Local\Temp\ccxJDW4D.s 			page 11
>>>>>>> origin/master


 566 0236 08       		.byte	0x8
 567 0237 05       		.byte	0x5
 568 0238 61       		.byte	0x61
 569 0239 5A020000 		.4byte	0x25a
 570 023d 06       		.uleb128 0x6
 571 023e B4020000 		.4byte	.LASF24
 572 0242 05       		.byte	0x5
 573 0243 62       		.byte	0x62
 574 0244 5A020000 		.4byte	0x25a
 575 0248 02       		.byte	0x2
 576 0249 23       		.byte	0x23
 577 024a 00       		.uleb128 0x0
 578 024b 06       		.uleb128 0x6
 579 024c 49020000 		.4byte	.LASF25
 580 0250 05       		.byte	0x5
 581 0251 64       		.byte	0x64
 582 0252 5A020000 		.4byte	0x25a
 583 0256 02       		.byte	0x2
 584 0257 23       		.byte	0x23
 585 0258 04       		.uleb128 0x4
 586 0259 00       		.byte	0x0
 587 025a 09       		.uleb128 0x9
 588 025b 04       		.byte	0x4
 589 025c 05010000 		.4byte	0x105
 590 0260 03       		.uleb128 0x3
 591 0261 0F020000 		.4byte	.LASF43
 592 0265 05       		.byte	0x5
 593 0266 66       		.byte	0x66
 594 0267 35020000 		.4byte	0x235
 595 026b 08       		.uleb128 0x8
 596 026c 04       		.byte	0x4
 597 026d 05       		.byte	0x5
 598 026e 6B       		.byte	0x6b
 599 026f 82020000 		.4byte	0x282
 600 0273 06       		.uleb128 0x6
 601 0274 B4020000 		.4byte	.LASF24
 602 0278 05       		.byte	0x5
 603 0279 6D       		.byte	0x6d
 604 027a 5A020000 		.4byte	0x25a
 605 027e 02       		.byte	0x2
 606 027f 23       		.byte	0x23
 607 0280 00       		.uleb128 0x0
 608 0281 00       		.byte	0x0
 609 0282 03       		.uleb128 0x3
 610 0283 8B010000 		.4byte	.LASF44
 611 0287 05       		.byte	0x5
 612 0288 70       		.byte	0x70
 613 0289 6B020000 		.4byte	0x26b
 614 028d 03       		.uleb128 0x3
 615 028e 23010000 		.4byte	.LASF45
 616 0292 07       		.byte	0x7
 617 0293 E5       		.byte	0xe5
 618 0294 98020000 		.4byte	0x298
 619 0298 0A       		.uleb128 0xa
 620 0299 04       		.byte	0x4
 621 029a 0B       		.uleb128 0xb
 622 029b 50030000 		.4byte	.LASF46
<<<<<<< HEAD
ARM GAS  C:\Users\DNIEL~1\AppData\Local\Temp\cctwai0q.s 			page 12
=======
ARM GAS  C:\Users\DNIEL~1\AppData\Local\Temp\ccxJDW4D.s 			page 12
>>>>>>> origin/master


 623 029f 24       		.byte	0x24
 624 02a0 07       		.byte	0x7
 625 02a1 0C01     		.2byte	0x10c
 626 02a3 28030000 		.4byte	0x328
 627 02a7 0C       		.uleb128 0xc
 628 02a8 723400   		.ascii	"r4\000"
 629 02ab 07       		.byte	0x7
 630 02ac 1F01     		.2byte	0x11f
 631 02ae 8D020000 		.4byte	0x28d
 632 02b2 02       		.byte	0x2
 633 02b3 23       		.byte	0x23
 634 02b4 00       		.uleb128 0x0
 635 02b5 0C       		.uleb128 0xc
 636 02b6 723500   		.ascii	"r5\000"
 637 02b9 07       		.byte	0x7
 638 02ba 2001     		.2byte	0x120
 639 02bc 8D020000 		.4byte	0x28d
 640 02c0 02       		.byte	0x2
 641 02c1 23       		.byte	0x23
 642 02c2 04       		.uleb128 0x4
 643 02c3 0C       		.uleb128 0xc
 644 02c4 723600   		.ascii	"r6\000"
 645 02c7 07       		.byte	0x7
 646 02c8 2101     		.2byte	0x121
 647 02ca 8D020000 		.4byte	0x28d
 648 02ce 02       		.byte	0x2
 649 02cf 23       		.byte	0x23
 650 02d0 08       		.uleb128 0x8
 651 02d1 0C       		.uleb128 0xc
 652 02d2 723700   		.ascii	"r7\000"
 653 02d5 07       		.byte	0x7
 654 02d6 2201     		.2byte	0x122
 655 02d8 8D020000 		.4byte	0x28d
 656 02dc 02       		.byte	0x2
 657 02dd 23       		.byte	0x23
 658 02de 0C       		.uleb128 0xc
 659 02df 0C       		.uleb128 0xc
 660 02e0 723800   		.ascii	"r8\000"
 661 02e3 07       		.byte	0x7
 662 02e4 2301     		.2byte	0x123
 663 02e6 8D020000 		.4byte	0x28d
 664 02ea 02       		.byte	0x2
 665 02eb 23       		.byte	0x23
 666 02ec 10       		.uleb128 0x10
 667 02ed 0C       		.uleb128 0xc
 668 02ee 723900   		.ascii	"r9\000"
 669 02f1 07       		.byte	0x7
 670 02f2 2401     		.2byte	0x124
 671 02f4 8D020000 		.4byte	0x28d
 672 02f8 02       		.byte	0x2
 673 02f9 23       		.byte	0x23
 674 02fa 14       		.uleb128 0x14
 675 02fb 0C       		.uleb128 0xc
 676 02fc 72313000 		.ascii	"r10\000"
 677 0300 07       		.byte	0x7
 678 0301 2501     		.2byte	0x125
 679 0303 8D020000 		.4byte	0x28d
<<<<<<< HEAD
ARM GAS  C:\Users\DNIEL~1\AppData\Local\Temp\cctwai0q.s 			page 13
=======
ARM GAS  C:\Users\DNIEL~1\AppData\Local\Temp\ccxJDW4D.s 			page 13
>>>>>>> origin/master


 680 0307 02       		.byte	0x2
 681 0308 23       		.byte	0x23
 682 0309 18       		.uleb128 0x18
 683 030a 0C       		.uleb128 0xc
 684 030b 72313100 		.ascii	"r11\000"
 685 030f 07       		.byte	0x7
 686 0310 2601     		.2byte	0x126
 687 0312 8D020000 		.4byte	0x28d
 688 0316 02       		.byte	0x2
 689 0317 23       		.byte	0x23
 690 0318 1C       		.uleb128 0x1c
 691 0319 0C       		.uleb128 0xc
 692 031a 6C7200   		.ascii	"lr\000"
 693 031d 07       		.byte	0x7
 694 031e 2701     		.2byte	0x127
 695 0320 8D020000 		.4byte	0x28d
 696 0324 02       		.byte	0x2
 697 0325 23       		.byte	0x23
 698 0326 20       		.uleb128 0x20
 699 0327 00       		.byte	0x0
 700 0328 0B       		.uleb128 0xb
 701 0329 62010000 		.4byte	.LASF47
 702 032d 04       		.byte	0x4
 703 032e 07       		.byte	0x7
 704 032f 3101     		.2byte	0x131
 705 0331 45030000 		.4byte	0x345
 706 0335 0C       		.uleb128 0xc
 707 0336 72313300 		.ascii	"r13\000"
 708 033a 07       		.byte	0x7
 709 033b 3201     		.2byte	0x132
 710 033d 45030000 		.4byte	0x345
 711 0341 02       		.byte	0x2
 712 0342 23       		.byte	0x23
 713 0343 00       		.uleb128 0x0
 714 0344 00       		.byte	0x0
 715 0345 09       		.uleb128 0x9
 716 0346 04       		.byte	0x4
 717 0347 9A020000 		.4byte	0x29a
 718 034b 0D       		.uleb128 0xd
 719 034c FA000000 		.4byte	0xfa
 720 0350 08       		.uleb128 0x8
 721 0351 1C       		.byte	0x1c
 722 0352 08       		.byte	0x8
 723 0353 5E       		.byte	0x5e
 724 0354 AD030000 		.4byte	0x3ad
 725 0358 06       		.uleb128 0x6
 726 0359 06030000 		.4byte	.LASF48
 727 035d 08       		.byte	0x8
 728 035e 5F       		.byte	0x5f
 729 035f 60020000 		.4byte	0x260
 730 0363 02       		.byte	0x2
 731 0364 23       		.byte	0x23
 732 0365 00       		.uleb128 0x0
 733 0366 06       		.uleb128 0x6
 734 0367 A6020000 		.4byte	.LASF49
 735 036b 08       		.byte	0x8
 736 036c 60       		.byte	0x60
<<<<<<< HEAD
ARM GAS  C:\Users\DNIEL~1\AppData\Local\Temp\cctwai0q.s 			page 14
=======
ARM GAS  C:\Users\DNIEL~1\AppData\Local\Temp\ccxJDW4D.s 			page 14
>>>>>>> origin/master


 737 036d D9000000 		.4byte	0xd9
 738 0371 02       		.byte	0x2
 739 0372 23       		.byte	0x23
 740 0373 08       		.uleb128 0x8
 741 0374 06       		.uleb128 0x6
 742 0375 09020000 		.4byte	.LASF50
 743 0379 08       		.byte	0x8
 744 037a 62       		.byte	0x62
 745 037b 28030000 		.4byte	0x328
 746 037f 02       		.byte	0x2
 747 0380 23       		.byte	0x23
 748 0381 0C       		.uleb128 0xc
 749 0382 06       		.uleb128 0x6
 750 0383 1B010000 		.4byte	.LASF51
 751 0387 08       		.byte	0x8
 752 0388 65       		.byte	0x65
 753 0389 5A020000 		.4byte	0x25a
 754 038d 02       		.byte	0x2
 755 038e 23       		.byte	0x23
 756 038f 10       		.uleb128 0x10
 757 0390 06       		.uleb128 0x6
 758 0391 2E020000 		.4byte	.LASF52
 759 0395 08       		.byte	0x8
 760 0396 66       		.byte	0x66
 761 0397 5A020000 		.4byte	0x25a
 762 039b 02       		.byte	0x2
 763 039c 23       		.byte	0x23
 764 039d 14       		.uleb128 0x14
 765 039e 06       		.uleb128 0x6
 766 039f 24020000 		.4byte	.LASF53
 767 03a3 08       		.byte	0x8
 768 03a4 69       		.byte	0x69
 769 03a5 5A020000 		.4byte	0x25a
 770 03a9 02       		.byte	0x2
 771 03aa 23       		.byte	0x23
 772 03ab 18       		.uleb128 0x18
 773 03ac 00       		.byte	0x0
 774 03ad 03       		.uleb128 0x3
 775 03ae 74030000 		.4byte	.LASF54
 776 03b2 08       		.byte	0x8
 777 03b3 6B       		.byte	0x6b
 778 03b4 50030000 		.4byte	0x350
 779 03b8 05       		.uleb128 0x5
 780 03b9 A3010000 		.4byte	.LASF55
 781 03bd 10       		.byte	0x10
 782 03be 09       		.byte	0x9
 783 03bf 2C       		.byte	0x2c
 784 03c0 EF030000 		.4byte	0x3ef
 785 03c4 06       		.uleb128 0x6
 786 03c5 B3000000 		.4byte	.LASF56
 787 03c9 09       		.byte	0x9
 788 03ca 2D       		.byte	0x2d
 789 03cb 60020000 		.4byte	0x260
 790 03cf 02       		.byte	0x2
 791 03d0 23       		.byte	0x23
 792 03d1 00       		.uleb128 0x0
 793 03d2 06       		.uleb128 0x6
<<<<<<< HEAD
ARM GAS  C:\Users\DNIEL~1\AppData\Local\Temp\cctwai0q.s 			page 15
=======
ARM GAS  C:\Users\DNIEL~1\AppData\Local\Temp\ccxJDW4D.s 			page 15
>>>>>>> origin/master


 794 03d3 B1030000 		.4byte	.LASF57
 795 03d7 09       		.byte	0x9
 796 03d8 2F       		.byte	0x2f
 797 03d9 5A020000 		.4byte	0x25a
 798 03dd 02       		.byte	0x2
 799 03de 23       		.byte	0x23
 800 03df 08       		.uleb128 0x8
 801 03e0 06       		.uleb128 0x6
 802 03e1 2D030000 		.4byte	.LASF58
 803 03e5 09       		.byte	0x9
 804 03e6 31       		.byte	0x31
 805 03e7 EF030000 		.4byte	0x3ef
 806 03eb 02       		.byte	0x2
 807 03ec 23       		.byte	0x23
 808 03ed 0C       		.uleb128 0xc
 809 03ee 00       		.byte	0x0
 810 03ef 09       		.uleb128 0x9
 811 03f0 04       		.byte	0x4
 812 03f1 B8030000 		.4byte	0x3b8
 813 03f5 03       		.uleb128 0x3
 814 03f6 A3010000 		.4byte	.LASF55
 815 03fa 09       		.byte	0x9
 816 03fb 33       		.byte	0x33
 817 03fc B8030000 		.4byte	0x3b8
 818 0400 0E       		.uleb128 0xe
 819 0401 04       		.byte	0x4
 820 0402 06       		.byte	0x6
 821 0403 96       		.byte	0x96
 822 0404 35040000 		.4byte	0x435
 823 0408 0F       		.uleb128 0xf
 824 0409 1A000000 		.4byte	.LASF59
 825 040d 06       		.byte	0x6
 826 040e 9D       		.byte	0x9d
 827 040f E4000000 		.4byte	0xe4
 828 0413 0F       		.uleb128 0xf
 829 0414 46000000 		.4byte	.LASF60
 830 0418 06       		.byte	0x6
 831 0419 A4       		.byte	0xa4
 832 041a E4000000 		.4byte	0xe4
 833 041e 0F       		.uleb128 0xf
 834 041f 8C030000 		.4byte	.LASF61
 835 0423 06       		.byte	0x6
 836 0424 AB       		.byte	0xab
 837 0425 98020000 		.4byte	0x298
 838 0429 0F       		.uleb128 0xf
 839 042a AD020000 		.4byte	.LASF62
 840 042e 06       		.byte	0x6
 841 042f B2       		.byte	0xb2
 842 0430 EF000000 		.4byte	0xef
 843 0434 00       		.byte	0x0
 844 0435 09       		.uleb128 0x9
 845 0436 04       		.byte	0x4
 846 0437 3B040000 		.4byte	0x43b
 847 043b 10       		.uleb128 0x10
 848 043c 40040000 		.4byte	0x440
 849 0440 04       		.uleb128 0x4
 850 0441 01       		.byte	0x1
<<<<<<< HEAD
ARM GAS  C:\Users\DNIEL~1\AppData\Local\Temp\cctwai0q.s 			page 16
=======
ARM GAS  C:\Users\DNIEL~1\AppData\Local\Temp\ccxJDW4D.s 			page 16
>>>>>>> origin/master


 851 0442 08       		.byte	0x8
 852 0443 18030000 		.4byte	.LASF63
 853 0447 09       		.uleb128 0x9
 854 0448 04       		.byte	0x4
 855 0449 F5030000 		.4byte	0x3f5
 856 044d 08       		.uleb128 0x8
 857 044e 16       		.byte	0x16
 858 044f 0A       		.byte	0xa
 859 0450 2C       		.byte	0x2c
 860 0451 52050000 		.4byte	0x552
 861 0455 06       		.uleb128 0x6
 862 0456 54010000 		.4byte	.LASF64
 863 045a 0A       		.byte	0xa
 864 045b 2D       		.byte	0x2d
 865 045c 52050000 		.4byte	0x552
 866 0460 02       		.byte	0x2
 867 0461 23       		.byte	0x23
 868 0462 00       		.uleb128 0x0
 869 0463 06       		.uleb128 0x6
 870 0464 D5010000 		.4byte	.LASF65
 871 0468 0A       		.byte	0xa
 872 0469 2E       		.byte	0x2e
 873 046a 49000000 		.4byte	0x49
 874 046e 02       		.byte	0x2
 875 046f 23       		.byte	0x23
 876 0470 04       		.uleb128 0x4
 877 0471 06       		.uleb128 0x6
 878 0472 1C020000 		.4byte	.LASF66
 879 0476 0A       		.byte	0xa
 880 0477 2F       		.byte	0x2f
 881 0478 49000000 		.4byte	0x49
 882 047c 02       		.byte	0x2
 883 047d 23       		.byte	0x23
 884 047e 05       		.uleb128 0x5
 885 047f 06       		.uleb128 0x6
 886 0480 A6030000 		.4byte	.LASF67
 887 0484 0A       		.byte	0xa
 888 0485 30       		.byte	0x30
 889 0486 62000000 		.4byte	0x62
 890 048a 02       		.byte	0x2
 891 048b 23       		.byte	0x23
 892 048c 06       		.uleb128 0x6
 893 048d 06       		.uleb128 0x6
 894 048e 3E020000 		.4byte	.LASF68
 895 0492 0A       		.byte	0xa
 896 0493 31       		.byte	0x31
 897 0494 49000000 		.4byte	0x49
 898 0498 02       		.byte	0x2
 899 0499 23       		.byte	0x23
 900 049a 08       		.uleb128 0x8
 901 049b 06       		.uleb128 0x6
 902 049c E9010000 		.4byte	.LASF69
 903 04a0 0A       		.byte	0xa
 904 04a1 32       		.byte	0x32
 905 04a2 49000000 		.4byte	0x49
 906 04a6 02       		.byte	0x2
 907 04a7 23       		.byte	0x23
<<<<<<< HEAD
ARM GAS  C:\Users\DNIEL~1\AppData\Local\Temp\cctwai0q.s 			page 17
=======
ARM GAS  C:\Users\DNIEL~1\AppData\Local\Temp\ccxJDW4D.s 			page 17
>>>>>>> origin/master


 908 04a8 09       		.uleb128 0x9
 909 04a9 06       		.uleb128 0x6
 910 04aa 38000000 		.4byte	.LASF70
 911 04ae 0A       		.byte	0xa
 912 04af 33       		.byte	0x33
 913 04b0 49000000 		.4byte	0x49
 914 04b4 02       		.byte	0x2
 915 04b5 23       		.byte	0x23
 916 04b6 0A       		.uleb128 0xa
 917 04b7 06       		.uleb128 0x6
 918 04b8 FA020000 		.4byte	.LASF71
 919 04bc 0A       		.byte	0xa
 920 04bd 34       		.byte	0x34
 921 04be 49000000 		.4byte	0x49
 922 04c2 02       		.byte	0x2
 923 04c3 23       		.byte	0x23
 924 04c4 0B       		.uleb128 0xb
 925 04c5 06       		.uleb128 0x6
 926 04c6 62030000 		.4byte	.LASF72
 927 04ca 0A       		.byte	0xa
 928 04cb 35       		.byte	0x35
 929 04cc 49000000 		.4byte	0x49
 930 04d0 02       		.byte	0x2
 931 04d1 23       		.byte	0x23
 932 04d2 0C       		.uleb128 0xc
 933 04d3 06       		.uleb128 0x6
 934 04d4 D9020000 		.4byte	.LASF73
 935 04d8 0A       		.byte	0xa
 936 04d9 36       		.byte	0x36
 937 04da 49000000 		.4byte	0x49
 938 04de 02       		.byte	0x2
 939 04df 23       		.byte	0x23
 940 04e0 0D       		.uleb128 0xd
 941 04e1 06       		.uleb128 0x6
 942 04e2 00000000 		.4byte	.LASF74
 943 04e6 0A       		.byte	0xa
 944 04e7 37       		.byte	0x37
 945 04e8 49000000 		.4byte	0x49
 946 04ec 02       		.byte	0x2
 947 04ed 23       		.byte	0x23
 948 04ee 0E       		.uleb128 0xe
 949 04ef 06       		.uleb128 0x6
 950 04f0 F5010000 		.4byte	.LASF75
 951 04f4 0A       		.byte	0xa
 952 04f5 38       		.byte	0x38
 953 04f6 49000000 		.4byte	0x49
 954 04fa 02       		.byte	0x2
 955 04fb 23       		.byte	0x23
 956 04fc 0F       		.uleb128 0xf
 957 04fd 06       		.uleb128 0x6
 958 04fe 8E000000 		.4byte	.LASF76
 959 0502 0A       		.byte	0xa
 960 0503 39       		.byte	0x39
 961 0504 49000000 		.4byte	0x49
 962 0508 02       		.byte	0x2
 963 0509 23       		.byte	0x23
 964 050a 10       		.uleb128 0x10
<<<<<<< HEAD
ARM GAS  C:\Users\DNIEL~1\AppData\Local\Temp\cctwai0q.s 			page 18
=======
ARM GAS  C:\Users\DNIEL~1\AppData\Local\Temp\ccxJDW4D.s 			page 18
>>>>>>> origin/master


 965 050b 06       		.uleb128 0x6
 966 050c 67000000 		.4byte	.LASF77
 967 0510 0A       		.byte	0xa
 968 0511 3B       		.byte	0x3b
 969 0512 49000000 		.4byte	0x49
 970 0516 02       		.byte	0x2
 971 0517 23       		.byte	0x23
 972 0518 11       		.uleb128 0x11
 973 0519 06       		.uleb128 0x6
 974 051a 9E000000 		.4byte	.LASF78
 975 051e 0A       		.byte	0xa
 976 051f 3C       		.byte	0x3c
 977 0520 49000000 		.4byte	0x49
 978 0524 02       		.byte	0x2
 979 0525 23       		.byte	0x23
 980 0526 12       		.uleb128 0x12
 981 0527 06       		.uleb128 0x6
 982 0528 DD010000 		.4byte	.LASF79
 983 052c 0A       		.byte	0xa
 984 052d 3D       		.byte	0x3d
 985 052e 49000000 		.4byte	0x49
 986 0532 02       		.byte	0x2
 987 0533 23       		.byte	0x23
 988 0534 13       		.uleb128 0x13
 989 0535 06       		.uleb128 0x6
 990 0536 BB020000 		.4byte	.LASF80
 991 053a 0A       		.byte	0xa
 992 053b 3E       		.byte	0x3e
 993 053c 49000000 		.4byte	0x49
 994 0540 02       		.byte	0x2
 995 0541 23       		.byte	0x23
 996 0542 14       		.uleb128 0x14
 997 0543 06       		.uleb128 0x6
 998 0544 9A020000 		.4byte	.LASF81
 999 0548 0A       		.byte	0xa
 1000 0549 40       		.byte	0x40
 1001 054a 49000000 		.4byte	0x49
 1002 054e 02       		.byte	0x2
 1003 054f 23       		.byte	0x23
 1004 0550 15       		.uleb128 0x15
 1005 0551 00       		.byte	0x0
 1006 0552 11       		.uleb128 0x11
 1007 0553 40040000 		.4byte	0x440
 1008 0557 62050000 		.4byte	0x562
 1009 055b 12       		.uleb128 0x12
 1010 055c 3B000000 		.4byte	0x3b
 1011 0560 03       		.byte	0x3
 1012 0561 00       		.byte	0x0
 1013 0562 03       		.uleb128 0x3
 1014 0563 09010000 		.4byte	.LASF82
 1015 0567 0A       		.byte	0xa
 1016 0568 41       		.byte	0x41
 1017 0569 4D040000 		.4byte	0x44d
 1018 056d 13       		.uleb128 0x13
 1019 056e 01       		.byte	0x1
 1020 056f 4F000000 		.4byte	.LASF83
 1021 0573 01       		.byte	0x1
<<<<<<< HEAD
ARM GAS  C:\Users\DNIEL~1\AppData\Local\Temp\cctwai0q.s 			page 19
=======
ARM GAS  C:\Users\DNIEL~1\AppData\Local\Temp\ccxJDW4D.s 			page 19
>>>>>>> origin/master


 1022 0574 75       		.byte	0x75
 1023 0575 01       		.byte	0x1
 1024 0576 5A020000 		.4byte	0x25a
 1025 057a 00000000 		.4byte	.LFB7
 1026 057e 1C000000 		.4byte	.LFE7
 1027 0582 02       		.byte	0x2
 1028 0583 7D       		.byte	0x7d
 1029 0584 00       		.sleb128 0
 1030 0585 CA050000 		.4byte	0x5ca
 1031 0589 14       		.uleb128 0x14
 1032 058a 747000   		.ascii	"tp\000"
 1033 058d 01       		.byte	0x1
 1034 058e 76       		.byte	0x76
 1035 058f 5A020000 		.4byte	0x25a
 1036 0593 15       		.uleb128 0x15
 1037 0594 00000000 		.4byte	.LBB2
 1038 0598 06000000 		.4byte	.LBE2
 1039 059c B0050000 		.4byte	0x5b0
 1040 05a0 16       		.uleb128 0x16
 1041 05a1 746D7000 		.ascii	"tmp\000"
 1042 05a5 01       		.byte	0x1
 1043 05a6 78       		.byte	0x78
 1044 05a7 86000000 		.4byte	0x86
 1045 05ab 00000000 		.4byte	.LLST0
 1046 05af 00       		.byte	0x0
 1047 05b0 17       		.uleb128 0x17
 1048 05b1 10000000 		.4byte	.LBB3
 1049 05b5 16000000 		.4byte	.LBE3
 1050 05b9 16       		.uleb128 0x16
 1051 05ba 746D7000 		.ascii	"tmp\000"
 1052 05be 01       		.byte	0x1
 1053 05bf 7D       		.byte	0x7d
 1054 05c0 86000000 		.4byte	0x86
 1055 05c4 13000000 		.4byte	.LLST1
 1056 05c8 00       		.byte	0x0
 1057 05c9 00       		.byte	0x0
 1058 05ca 18       		.uleb128 0x18
 1059 05cb 01       		.byte	0x1
 1060 05cc 1D030000 		.4byte	.LASF84
 1061 05d0 01       		.byte	0x1
 1062 05d1 8C       		.byte	0x8c
 1063 05d2 01       		.byte	0x1
 1064 05d3 5A020000 		.4byte	0x25a
 1065 05d7 00000000 		.4byte	.LFB8
 1066 05db 38000000 		.4byte	.LFE8
 1067 05df 26000000 		.4byte	.LLST2
 1068 05e3 37060000 		.4byte	0x637
 1069 05e7 19       		.uleb128 0x19
 1070 05e8 747000   		.ascii	"tp\000"
 1071 05eb 01       		.byte	0x1
 1072 05ec 8C       		.byte	0x8c
 1073 05ed 5A020000 		.4byte	0x25a
 1074 05f1 46000000 		.4byte	.LLST3
 1075 05f5 16       		.uleb128 0x16
 1076 05f6 6E747000 		.ascii	"ntp\000"
 1077 05fa 01       		.byte	0x1
 1078 05fb 8D       		.byte	0x8d
<<<<<<< HEAD
ARM GAS  C:\Users\DNIEL~1\AppData\Local\Temp\cctwai0q.s 			page 20
=======
ARM GAS  C:\Users\DNIEL~1\AppData\Local\Temp\ccxJDW4D.s 			page 20
>>>>>>> origin/master


 1079 05fc 5A020000 		.4byte	0x25a
 1080 0600 64000000 		.4byte	.LLST4
 1081 0604 15       		.uleb128 0x15
 1082 0605 02000000 		.4byte	.LBB4
 1083 0609 08000000 		.4byte	.LBE4
 1084 060d 21060000 		.4byte	0x621
 1085 0611 16       		.uleb128 0x16
 1086 0612 746D7000 		.ascii	"tmp\000"
 1087 0616 01       		.byte	0x1
 1088 0617 8F       		.byte	0x8f
 1089 0618 86000000 		.4byte	0x86
 1090 061c 8E000000 		.4byte	.LLST5
 1091 0620 00       		.byte	0x0
 1092 0621 1A       		.uleb128 0x1a
 1093 0622 00000000 		.4byte	.Ldebug_ranges0+0x0
 1094 0626 16       		.uleb128 0x16
 1095 0627 746D7000 		.ascii	"tmp\000"
 1096 062b 01       		.byte	0x1
 1097 062c 9A       		.byte	0x9a
 1098 062d 86000000 		.4byte	0x86
 1099 0631 A1000000 		.4byte	.LLST6
 1100 0635 00       		.byte	0x0
 1101 0636 00       		.byte	0x0
 1102 0637 1B       		.uleb128 0x1b
 1103 0638 7E030000 		.4byte	.LASF85
 1104 063c 08       		.byte	0x8
 1105 063d 6F       		.byte	0x6f
 1106 063e AD030000 		.4byte	0x3ad
 1107 0642 01       		.byte	0x1
 1108 0643 01       		.byte	0x1
 1109 0644 1B       		.uleb128 0x1b
 1110 0645 7E030000 		.4byte	.LASF85
 1111 0649 08       		.byte	0x8
 1112 064a 6F       		.byte	0x6f
 1113 064b AD030000 		.4byte	0x3ad
 1114 064f 01       		.byte	0x1
 1115 0650 01       		.byte	0x1
 1116 0651 1C       		.uleb128 0x1c
 1117 0652 4B010000 		.4byte	.LASF86
 1118 0656 01       		.byte	0x1
 1119 0657 42       		.byte	0x42
 1120 0658 63060000 		.4byte	0x663
 1121 065c 01       		.byte	0x1
 1122 065d 05       		.byte	0x5
 1123 065e 03       		.byte	0x3
 1124 065f 00000000 		.4byte	ch_debug
 1125 0663 10       		.uleb128 0x10
 1126 0664 62050000 		.4byte	0x562
 1127 0668 00       		.byte	0x0
 1128              		.section	.debug_abbrev
 1129 0000 01       		.uleb128 0x1
 1130 0001 11       		.uleb128 0x11
 1131 0002 01       		.byte	0x1
 1132 0003 25       		.uleb128 0x25
 1133 0004 0E       		.uleb128 0xe
 1134 0005 13       		.uleb128 0x13
 1135 0006 0B       		.uleb128 0xb
<<<<<<< HEAD
ARM GAS  C:\Users\DNIEL~1\AppData\Local\Temp\cctwai0q.s 			page 21
=======
ARM GAS  C:\Users\DNIEL~1\AppData\Local\Temp\ccxJDW4D.s 			page 21
>>>>>>> origin/master


 1136 0007 03       		.uleb128 0x3
 1137 0008 0E       		.uleb128 0xe
 1138 0009 1B       		.uleb128 0x1b
 1139 000a 0E       		.uleb128 0xe
 1140 000b 11       		.uleb128 0x11
 1141 000c 01       		.uleb128 0x1
 1142 000d 52       		.uleb128 0x52
 1143 000e 01       		.uleb128 0x1
 1144 000f 55       		.uleb128 0x55
 1145 0010 06       		.uleb128 0x6
 1146 0011 10       		.uleb128 0x10
 1147 0012 06       		.uleb128 0x6
 1148 0013 00       		.byte	0x0
 1149 0014 00       		.byte	0x0
 1150 0015 02       		.uleb128 0x2
 1151 0016 24       		.uleb128 0x24
 1152 0017 00       		.byte	0x0
 1153 0018 0B       		.uleb128 0xb
 1154 0019 0B       		.uleb128 0xb
 1155 001a 3E       		.uleb128 0x3e
 1156 001b 0B       		.uleb128 0xb
 1157 001c 03       		.uleb128 0x3
 1158 001d 08       		.uleb128 0x8
 1159 001e 00       		.byte	0x0
 1160 001f 00       		.byte	0x0
 1161 0020 03       		.uleb128 0x3
 1162 0021 16       		.uleb128 0x16
 1163 0022 00       		.byte	0x0
 1164 0023 03       		.uleb128 0x3
 1165 0024 0E       		.uleb128 0xe
 1166 0025 3A       		.uleb128 0x3a
 1167 0026 0B       		.uleb128 0xb
 1168 0027 3B       		.uleb128 0x3b
 1169 0028 0B       		.uleb128 0xb
 1170 0029 49       		.uleb128 0x49
 1171 002a 13       		.uleb128 0x13
 1172 002b 00       		.byte	0x0
 1173 002c 00       		.byte	0x0
 1174 002d 04       		.uleb128 0x4
 1175 002e 24       		.uleb128 0x24
 1176 002f 00       		.byte	0x0
 1177 0030 0B       		.uleb128 0xb
 1178 0031 0B       		.uleb128 0xb
 1179 0032 3E       		.uleb128 0x3e
 1180 0033 0B       		.uleb128 0xb
 1181 0034 03       		.uleb128 0x3
 1182 0035 0E       		.uleb128 0xe
 1183 0036 00       		.byte	0x0
 1184 0037 00       		.byte	0x0
 1185 0038 05       		.uleb128 0x5
 1186 0039 13       		.uleb128 0x13
 1187 003a 01       		.byte	0x1
 1188 003b 03       		.uleb128 0x3
 1189 003c 0E       		.uleb128 0xe
 1190 003d 0B       		.uleb128 0xb
 1191 003e 0B       		.uleb128 0xb
 1192 003f 3A       		.uleb128 0x3a
<<<<<<< HEAD
ARM GAS  C:\Users\DNIEL~1\AppData\Local\Temp\cctwai0q.s 			page 22
=======
ARM GAS  C:\Users\DNIEL~1\AppData\Local\Temp\ccxJDW4D.s 			page 22
>>>>>>> origin/master


 1193 0040 0B       		.uleb128 0xb
 1194 0041 3B       		.uleb128 0x3b
 1195 0042 0B       		.uleb128 0xb
 1196 0043 01       		.uleb128 0x1
 1197 0044 13       		.uleb128 0x13
 1198 0045 00       		.byte	0x0
 1199 0046 00       		.byte	0x0
 1200 0047 06       		.uleb128 0x6
 1201 0048 0D       		.uleb128 0xd
 1202 0049 00       		.byte	0x0
 1203 004a 03       		.uleb128 0x3
 1204 004b 0E       		.uleb128 0xe
 1205 004c 3A       		.uleb128 0x3a
 1206 004d 0B       		.uleb128 0xb
 1207 004e 3B       		.uleb128 0x3b
 1208 004f 0B       		.uleb128 0xb
 1209 0050 49       		.uleb128 0x49
 1210 0051 13       		.uleb128 0x13
 1211 0052 38       		.uleb128 0x38
 1212 0053 0A       		.uleb128 0xa
 1213 0054 00       		.byte	0x0
 1214 0055 00       		.byte	0x0
 1215 0056 07       		.uleb128 0x7
 1216 0057 0D       		.uleb128 0xd
 1217 0058 00       		.byte	0x0
 1218 0059 03       		.uleb128 0x3
 1219 005a 08       		.uleb128 0x8
 1220 005b 3A       		.uleb128 0x3a
 1221 005c 0B       		.uleb128 0xb
 1222 005d 3B       		.uleb128 0x3b
 1223 005e 0B       		.uleb128 0xb
 1224 005f 49       		.uleb128 0x49
 1225 0060 13       		.uleb128 0x13
 1226 0061 38       		.uleb128 0x38
 1227 0062 0A       		.uleb128 0xa
 1228 0063 00       		.byte	0x0
 1229 0064 00       		.byte	0x0
 1230 0065 08       		.uleb128 0x8
 1231 0066 13       		.uleb128 0x13
 1232 0067 01       		.byte	0x1
 1233 0068 0B       		.uleb128 0xb
 1234 0069 0B       		.uleb128 0xb
 1235 006a 3A       		.uleb128 0x3a
 1236 006b 0B       		.uleb128 0xb
 1237 006c 3B       		.uleb128 0x3b
 1238 006d 0B       		.uleb128 0xb
 1239 006e 01       		.uleb128 0x1
 1240 006f 13       		.uleb128 0x13
 1241 0070 00       		.byte	0x0
 1242 0071 00       		.byte	0x0
 1243 0072 09       		.uleb128 0x9
 1244 0073 0F       		.uleb128 0xf
 1245 0074 00       		.byte	0x0
 1246 0075 0B       		.uleb128 0xb
 1247 0076 0B       		.uleb128 0xb
 1248 0077 49       		.uleb128 0x49
 1249 0078 13       		.uleb128 0x13
<<<<<<< HEAD
ARM GAS  C:\Users\DNIEL~1\AppData\Local\Temp\cctwai0q.s 			page 23
=======
ARM GAS  C:\Users\DNIEL~1\AppData\Local\Temp\ccxJDW4D.s 			page 23
>>>>>>> origin/master


 1250 0079 00       		.byte	0x0
 1251 007a 00       		.byte	0x0
 1252 007b 0A       		.uleb128 0xa
 1253 007c 0F       		.uleb128 0xf
 1254 007d 00       		.byte	0x0
 1255 007e 0B       		.uleb128 0xb
 1256 007f 0B       		.uleb128 0xb
 1257 0080 00       		.byte	0x0
 1258 0081 00       		.byte	0x0
 1259 0082 0B       		.uleb128 0xb
 1260 0083 13       		.uleb128 0x13
 1261 0084 01       		.byte	0x1
 1262 0085 03       		.uleb128 0x3
 1263 0086 0E       		.uleb128 0xe
 1264 0087 0B       		.uleb128 0xb
 1265 0088 0B       		.uleb128 0xb
 1266 0089 3A       		.uleb128 0x3a
 1267 008a 0B       		.uleb128 0xb
 1268 008b 3B       		.uleb128 0x3b
 1269 008c 05       		.uleb128 0x5
 1270 008d 01       		.uleb128 0x1
 1271 008e 13       		.uleb128 0x13
 1272 008f 00       		.byte	0x0
 1273 0090 00       		.byte	0x0
 1274 0091 0C       		.uleb128 0xc
 1275 0092 0D       		.uleb128 0xd
 1276 0093 00       		.byte	0x0
 1277 0094 03       		.uleb128 0x3
 1278 0095 08       		.uleb128 0x8
 1279 0096 3A       		.uleb128 0x3a
 1280 0097 0B       		.uleb128 0xb
 1281 0098 3B       		.uleb128 0x3b
 1282 0099 05       		.uleb128 0x5
 1283 009a 49       		.uleb128 0x49
 1284 009b 13       		.uleb128 0x13
 1285 009c 38       		.uleb128 0x38
 1286 009d 0A       		.uleb128 0xa
 1287 009e 00       		.byte	0x0
 1288 009f 00       		.byte	0x0
 1289 00a0 0D       		.uleb128 0xd
 1290 00a1 35       		.uleb128 0x35
 1291 00a2 00       		.byte	0x0
 1292 00a3 49       		.uleb128 0x49
 1293 00a4 13       		.uleb128 0x13
 1294 00a5 00       		.byte	0x0
 1295 00a6 00       		.byte	0x0
 1296 00a7 0E       		.uleb128 0xe
 1297 00a8 17       		.uleb128 0x17
 1298 00a9 01       		.byte	0x1
 1299 00aa 0B       		.uleb128 0xb
 1300 00ab 0B       		.uleb128 0xb
 1301 00ac 3A       		.uleb128 0x3a
 1302 00ad 0B       		.uleb128 0xb
 1303 00ae 3B       		.uleb128 0x3b
 1304 00af 0B       		.uleb128 0xb
 1305 00b0 01       		.uleb128 0x1
 1306 00b1 13       		.uleb128 0x13
<<<<<<< HEAD
ARM GAS  C:\Users\DNIEL~1\AppData\Local\Temp\cctwai0q.s 			page 24
=======
ARM GAS  C:\Users\DNIEL~1\AppData\Local\Temp\ccxJDW4D.s 			page 24
>>>>>>> origin/master


 1307 00b2 00       		.byte	0x0
 1308 00b3 00       		.byte	0x0
 1309 00b4 0F       		.uleb128 0xf
 1310 00b5 0D       		.uleb128 0xd
 1311 00b6 00       		.byte	0x0
 1312 00b7 03       		.uleb128 0x3
 1313 00b8 0E       		.uleb128 0xe
 1314 00b9 3A       		.uleb128 0x3a
 1315 00ba 0B       		.uleb128 0xb
 1316 00bb 3B       		.uleb128 0x3b
 1317 00bc 0B       		.uleb128 0xb
 1318 00bd 49       		.uleb128 0x49
 1319 00be 13       		.uleb128 0x13
 1320 00bf 00       		.byte	0x0
 1321 00c0 00       		.byte	0x0
 1322 00c1 10       		.uleb128 0x10
 1323 00c2 26       		.uleb128 0x26
 1324 00c3 00       		.byte	0x0
 1325 00c4 49       		.uleb128 0x49
 1326 00c5 13       		.uleb128 0x13
 1327 00c6 00       		.byte	0x0
 1328 00c7 00       		.byte	0x0
 1329 00c8 11       		.uleb128 0x11
 1330 00c9 01       		.uleb128 0x1
 1331 00ca 01       		.byte	0x1
 1332 00cb 49       		.uleb128 0x49
 1333 00cc 13       		.uleb128 0x13
 1334 00cd 01       		.uleb128 0x1
 1335 00ce 13       		.uleb128 0x13
 1336 00cf 00       		.byte	0x0
 1337 00d0 00       		.byte	0x0
 1338 00d1 12       		.uleb128 0x12
 1339 00d2 21       		.uleb128 0x21
 1340 00d3 00       		.byte	0x0
 1341 00d4 49       		.uleb128 0x49
 1342 00d5 13       		.uleb128 0x13
 1343 00d6 2F       		.uleb128 0x2f
 1344 00d7 0B       		.uleb128 0xb
 1345 00d8 00       		.byte	0x0
 1346 00d9 00       		.byte	0x0
 1347 00da 13       		.uleb128 0x13
 1348 00db 2E       		.uleb128 0x2e
 1349 00dc 01       		.byte	0x1
 1350 00dd 3F       		.uleb128 0x3f
 1351 00de 0C       		.uleb128 0xc
 1352 00df 03       		.uleb128 0x3
 1353 00e0 0E       		.uleb128 0xe
 1354 00e1 3A       		.uleb128 0x3a
 1355 00e2 0B       		.uleb128 0xb
 1356 00e3 3B       		.uleb128 0x3b
 1357 00e4 0B       		.uleb128 0xb
 1358 00e5 27       		.uleb128 0x27
 1359 00e6 0C       		.uleb128 0xc
 1360 00e7 49       		.uleb128 0x49
 1361 00e8 13       		.uleb128 0x13
 1362 00e9 11       		.uleb128 0x11
 1363 00ea 01       		.uleb128 0x1
<<<<<<< HEAD
ARM GAS  C:\Users\DNIEL~1\AppData\Local\Temp\cctwai0q.s 			page 25
=======
ARM GAS  C:\Users\DNIEL~1\AppData\Local\Temp\ccxJDW4D.s 			page 25
>>>>>>> origin/master


 1364 00eb 12       		.uleb128 0x12
 1365 00ec 01       		.uleb128 0x1
 1366 00ed 40       		.uleb128 0x40
 1367 00ee 0A       		.uleb128 0xa
 1368 00ef 01       		.uleb128 0x1
 1369 00f0 13       		.uleb128 0x13
 1370 00f1 00       		.byte	0x0
 1371 00f2 00       		.byte	0x0
 1372 00f3 14       		.uleb128 0x14
 1373 00f4 34       		.uleb128 0x34
 1374 00f5 00       		.byte	0x0
 1375 00f6 03       		.uleb128 0x3
 1376 00f7 08       		.uleb128 0x8
 1377 00f8 3A       		.uleb128 0x3a
 1378 00f9 0B       		.uleb128 0xb
 1379 00fa 3B       		.uleb128 0x3b
 1380 00fb 0B       		.uleb128 0xb
 1381 00fc 49       		.uleb128 0x49
 1382 00fd 13       		.uleb128 0x13
 1383 00fe 00       		.byte	0x0
 1384 00ff 00       		.byte	0x0
 1385 0100 15       		.uleb128 0x15
 1386 0101 0B       		.uleb128 0xb
 1387 0102 01       		.byte	0x1
 1388 0103 11       		.uleb128 0x11
 1389 0104 01       		.uleb128 0x1
 1390 0105 12       		.uleb128 0x12
 1391 0106 01       		.uleb128 0x1
 1392 0107 01       		.uleb128 0x1
 1393 0108 13       		.uleb128 0x13
 1394 0109 00       		.byte	0x0
 1395 010a 00       		.byte	0x0
 1396 010b 16       		.uleb128 0x16
 1397 010c 34       		.uleb128 0x34
 1398 010d 00       		.byte	0x0
 1399 010e 03       		.uleb128 0x3
 1400 010f 08       		.uleb128 0x8
 1401 0110 3A       		.uleb128 0x3a
 1402 0111 0B       		.uleb128 0xb
 1403 0112 3B       		.uleb128 0x3b
 1404 0113 0B       		.uleb128 0xb
 1405 0114 49       		.uleb128 0x49
 1406 0115 13       		.uleb128 0x13
 1407 0116 02       		.uleb128 0x2
 1408 0117 06       		.uleb128 0x6
 1409 0118 00       		.byte	0x0
 1410 0119 00       		.byte	0x0
 1411 011a 17       		.uleb128 0x17
 1412 011b 0B       		.uleb128 0xb
 1413 011c 01       		.byte	0x1
 1414 011d 11       		.uleb128 0x11
 1415 011e 01       		.uleb128 0x1
 1416 011f 12       		.uleb128 0x12
 1417 0120 01       		.uleb128 0x1
 1418 0121 00       		.byte	0x0
 1419 0122 00       		.byte	0x0
 1420 0123 18       		.uleb128 0x18
<<<<<<< HEAD
ARM GAS  C:\Users\DNIEL~1\AppData\Local\Temp\cctwai0q.s 			page 26
=======
ARM GAS  C:\Users\DNIEL~1\AppData\Local\Temp\ccxJDW4D.s 			page 26
>>>>>>> origin/master


 1421 0124 2E       		.uleb128 0x2e
 1422 0125 01       		.byte	0x1
 1423 0126 3F       		.uleb128 0x3f
 1424 0127 0C       		.uleb128 0xc
 1425 0128 03       		.uleb128 0x3
 1426 0129 0E       		.uleb128 0xe
 1427 012a 3A       		.uleb128 0x3a
 1428 012b 0B       		.uleb128 0xb
 1429 012c 3B       		.uleb128 0x3b
 1430 012d 0B       		.uleb128 0xb
 1431 012e 27       		.uleb128 0x27
 1432 012f 0C       		.uleb128 0xc
 1433 0130 49       		.uleb128 0x49
 1434 0131 13       		.uleb128 0x13
 1435 0132 11       		.uleb128 0x11
 1436 0133 01       		.uleb128 0x1
 1437 0134 12       		.uleb128 0x12
 1438 0135 01       		.uleb128 0x1
 1439 0136 40       		.uleb128 0x40
 1440 0137 06       		.uleb128 0x6
 1441 0138 01       		.uleb128 0x1
 1442 0139 13       		.uleb128 0x13
 1443 013a 00       		.byte	0x0
 1444 013b 00       		.byte	0x0
 1445 013c 19       		.uleb128 0x19
 1446 013d 05       		.uleb128 0x5
 1447 013e 00       		.byte	0x0
 1448 013f 03       		.uleb128 0x3
 1449 0140 08       		.uleb128 0x8
 1450 0141 3A       		.uleb128 0x3a
 1451 0142 0B       		.uleb128 0xb
 1452 0143 3B       		.uleb128 0x3b
 1453 0144 0B       		.uleb128 0xb
 1454 0145 49       		.uleb128 0x49
 1455 0146 13       		.uleb128 0x13
 1456 0147 02       		.uleb128 0x2
 1457 0148 06       		.uleb128 0x6
 1458 0149 00       		.byte	0x0
 1459 014a 00       		.byte	0x0
 1460 014b 1A       		.uleb128 0x1a
 1461 014c 0B       		.uleb128 0xb
 1462 014d 01       		.byte	0x1
 1463 014e 55       		.uleb128 0x55
 1464 014f 06       		.uleb128 0x6
 1465 0150 00       		.byte	0x0
 1466 0151 00       		.byte	0x0
 1467 0152 1B       		.uleb128 0x1b
 1468 0153 34       		.uleb128 0x34
 1469 0154 00       		.byte	0x0
 1470 0155 03       		.uleb128 0x3
 1471 0156 0E       		.uleb128 0xe
 1472 0157 3A       		.uleb128 0x3a
 1473 0158 0B       		.uleb128 0xb
 1474 0159 3B       		.uleb128 0x3b
 1475 015a 0B       		.uleb128 0xb
 1476 015b 49       		.uleb128 0x49
 1477 015c 13       		.uleb128 0x13
<<<<<<< HEAD
ARM GAS  C:\Users\DNIEL~1\AppData\Local\Temp\cctwai0q.s 			page 27
=======
ARM GAS  C:\Users\DNIEL~1\AppData\Local\Temp\ccxJDW4D.s 			page 27
>>>>>>> origin/master


 1478 015d 3F       		.uleb128 0x3f
 1479 015e 0C       		.uleb128 0xc
 1480 015f 3C       		.uleb128 0x3c
 1481 0160 0C       		.uleb128 0xc
 1482 0161 00       		.byte	0x0
 1483 0162 00       		.byte	0x0
 1484 0163 1C       		.uleb128 0x1c
 1485 0164 34       		.uleb128 0x34
 1486 0165 00       		.byte	0x0
 1487 0166 03       		.uleb128 0x3
 1488 0167 0E       		.uleb128 0xe
 1489 0168 3A       		.uleb128 0x3a
 1490 0169 0B       		.uleb128 0xb
 1491 016a 3B       		.uleb128 0x3b
 1492 016b 0B       		.uleb128 0xb
 1493 016c 49       		.uleb128 0x49
 1494 016d 13       		.uleb128 0x13
 1495 016e 3F       		.uleb128 0x3f
 1496 016f 0C       		.uleb128 0xc
 1497 0170 02       		.uleb128 0x2
 1498 0171 0A       		.uleb128 0xa
 1499 0172 00       		.byte	0x0
 1500 0173 00       		.byte	0x0
 1501 0174 00       		.byte	0x0
 1502              		.section	.debug_pubnames,"",%progbits
 1503 0000 44000000 		.4byte	0x44
 1504 0004 0200     		.2byte	0x2
 1505 0006 00000000 		.4byte	.Ldebug_info0
 1506 000a 69060000 		.4byte	0x669
 1507 000e 6D050000 		.4byte	0x56d
 1508 0012 63685265 		.ascii	"chRegFirstThread\000"
 1508      67466972 
 1508      73745468 
 1508      72656164 
 1508      00
 1509 0023 CA050000 		.4byte	0x5ca
 1510 0027 63685265 		.ascii	"chRegNextThread\000"
 1510      674E6578 
 1510      74546872 
 1510      65616400 
 1511 0037 51060000 		.4byte	0x651
 1512 003b 63685F64 		.ascii	"ch_debug\000"
 1512      65627567 
 1512      00
 1513 0044 00000000 		.4byte	0x0
 1514              		.section	.debug_pubtypes,"",%progbits
 1515 0000 3D010000 		.4byte	0x13d
 1516 0004 0200     		.2byte	0x2
 1517 0006 00000000 		.4byte	.Ldebug_info0
 1518 000a 69060000 		.4byte	0x669
 1519 000e 30000000 		.4byte	0x30
 1520 0012 73697A65 		.ascii	"size_t\000"
 1520      5F7400
 1521 0019 49000000 		.4byte	0x49
 1522 001d 75696E74 		.ascii	"uint8_t\000"
 1522      385F7400 
 1523 0025 62000000 		.4byte	0x62
<<<<<<< HEAD
ARM GAS  C:\Users\DNIEL~1\AppData\Local\Temp\cctwai0q.s 			page 28
=======
ARM GAS  C:\Users\DNIEL~1\AppData\Local\Temp\ccxJDW4D.s 			page 28
>>>>>>> origin/master


 1524 0029 75696E74 		.ascii	"uint16_t\000"
 1524      31365F74 
 1524      00
 1525 0032 74000000 		.4byte	0x74
 1526 0036 696E7433 		.ascii	"int32_t\000"
 1526      325F7400 
 1527 003e 86000000 		.4byte	0x86
 1528 0042 75696E74 		.ascii	"uint32_t\000"
 1528      33325F74 
 1528      00
 1529 004b AD000000 		.4byte	0xad
 1530 004f 746D6F64 		.ascii	"tmode_t\000"
 1530      655F7400 
 1531 0057 B8000000 		.4byte	0xb8
 1532 005b 74737461 		.ascii	"tstate_t\000"
 1532      74655F74 
 1532      00
 1533 0064 C3000000 		.4byte	0xc3
 1534 0068 74726566 		.ascii	"trefs_t\000"
 1534      735F7400 
 1535 0070 CE000000 		.4byte	0xce
 1536 0074 74736C69 		.ascii	"tslices_t\000"
 1536      6365735F 
 1536      7400
 1537 007e D9000000 		.4byte	0xd9
 1538 0082 74707269 		.ascii	"tprio_t\000"
 1538      6F5F7400 
 1539 008a E4000000 		.4byte	0xe4
 1540 008e 6D73675F 		.ascii	"msg_t\000"
 1540      7400
 1541 0094 EF000000 		.4byte	0xef
 1542 0098 6576656E 		.ascii	"eventmask_t\000"
 1542      746D6173 
 1542      6B5F7400 
 1543 00a4 FA000000 		.4byte	0xfa
 1544 00a8 73797374 		.ascii	"systime_t\000"
 1544      696D655F 
 1544      7400
 1545 00b2 05010000 		.4byte	0x105
 1546 00b6 54687265 		.ascii	"Thread\000"
 1546      616400
 1547 00bd 60020000 		.4byte	0x260
 1548 00c1 54687265 		.ascii	"ThreadsQueue\000"
 1548      61647351 
 1548      75657565 
 1548      00
 1549 00ce 82020000 		.4byte	0x282
 1550 00d2 54687265 		.ascii	"ThreadsList\000"
 1550      6164734C 
 1550      69737400 
 1551 00de 8D020000 		.4byte	0x28d
 1552 00e2 72656761 		.ascii	"regarm_t\000"
 1552      726D5F74 
 1552      00
 1553 00eb 9A020000 		.4byte	0x29a
 1554 00ef 696E7463 		.ascii	"intctx\000"
 1554      747800
<<<<<<< HEAD
ARM GAS  C:\Users\DNIEL~1\AppData\Local\Temp\cctwai0q.s 			page 29
=======
ARM GAS  C:\Users\DNIEL~1\AppData\Local\Temp\ccxJDW4D.s 			page 29
>>>>>>> origin/master


 1555 00f6 28030000 		.4byte	0x328
 1556 00fa 636F6E74 		.ascii	"context\000"
 1556      65787400 
 1557 0102 AD030000 		.4byte	0x3ad
 1558 0106 52656164 		.ascii	"ReadyList\000"
 1558      794C6973 
 1558      7400
 1559 0110 B8030000 		.4byte	0x3b8
 1560 0114 4D757465 		.ascii	"Mutex\000"
 1560      7800
 1561 011a F5030000 		.4byte	0x3f5
 1562 011e 4D757465 		.ascii	"Mutex\000"
 1562      7800
 1563 0124 10010000 		.4byte	0x110
 1564 0128 54687265 		.ascii	"Thread\000"
 1564      616400
 1565 012f 62050000 		.4byte	0x562
 1566 0133 63686465 		.ascii	"chdebug_t\000"
 1566      6275675F 
 1566      7400
 1567 013d 00000000 		.4byte	0x0
 1568              		.section	.debug_aranges,"",%progbits
 1569 0000 24000000 		.4byte	0x24
 1570 0004 0200     		.2byte	0x2
 1571 0006 00000000 		.4byte	.Ldebug_info0
 1572 000a 04       		.byte	0x4
 1573 000b 00       		.byte	0x0
 1574 000c 0000     		.2byte	0x0
 1575 000e 0000     		.2byte	0x0
 1576 0010 00000000 		.4byte	.LFB7
 1577 0014 1C000000 		.4byte	.LFE7-.LFB7
 1578 0018 00000000 		.4byte	.LFB8
 1579 001c 38000000 		.4byte	.LFE8-.LFB8
 1580 0020 00000000 		.4byte	0x0
 1581 0024 00000000 		.4byte	0x0
 1582              		.section	.debug_ranges,"",%progbits
 1583              	.Ldebug_ranges0:
 1584 0000 16000000 		.4byte	.LBB5
 1585 0004 1C000000 		.4byte	.LBE5
 1586 0008 26000000 		.4byte	.LBB6
 1587 000c 2C000000 		.4byte	.LBE6
 1588 0010 00000000 		.4byte	0x0
 1589 0014 00000000 		.4byte	0x0
 1590 0018 00000000 		.4byte	.LFB7
 1591 001c 1C000000 		.4byte	.LFE7
 1592 0020 00000000 		.4byte	.LFB8
 1593 0024 38000000 		.4byte	.LFE8
 1594 0028 00000000 		.4byte	0x0
 1595 002c 00000000 		.4byte	0x0
 1596              		.section	.debug_str,"MS",%progbits,1
 1597              	.LASF74:
 1598 0000 63665F6F 		.ascii	"cf_off_older\000"
 1598      66665F6F 
 1598      6C646572 
 1598      00
 1599              	.LASF38:
 1600 000d 705F6D73 		.ascii	"p_msg\000"
<<<<<<< HEAD
ARM GAS  C:\Users\DNIEL~1\AppData\Local\Temp\cctwai0q.s 			page 30
=======
ARM GAS  C:\Users\DNIEL~1\AppData\Local\Temp\ccxJDW4D.s 			page 30
>>>>>>> origin/master


 1600      6700
 1601              	.LASF2:
 1602 0013 73697A65 		.ascii	"size_t\000"
 1602      5F7400
 1603              	.LASF59:
 1604 001a 7264796D 		.ascii	"rdymsg\000"
 1604      736700
 1605              	.LASF13:
 1606 0021 6C6F6E67 		.ascii	"long long unsigned int\000"
 1606      206C6F6E 
 1606      6720756E 
 1606      7369676E 
 1606      65642069 
 1607              	.LASF70:
 1608 0038 63685F74 		.ascii	"ch_threadsize\000"
 1608      68726561 
 1608      6473697A 
 1608      6500
 1609              	.LASF60:
 1610 0046 65786974 		.ascii	"exitcode\000"
 1610      636F6465 
 1610      00
 1611              	.LASF83:
 1612 004f 63685265 		.ascii	"chRegFirstThread\000"
 1612      67466972 
 1612      73745468 
 1612      72656164 
 1612      00
 1613              	.LASF26:
 1614 0060 705F7072 		.ascii	"p_prio\000"
 1614      696F00
 1615              	.LASF77:
 1616 0067 63665F6F 		.ascii	"cf_off_state\000"
 1616      66665F73 
 1616      74617465 
 1616      00
 1617              	.LASF12:
 1618 0074 6C6F6E67 		.ascii	"long long int\000"
 1618      206C6F6E 
 1618      6720696E 
 1618      7400
 1619              	.LASF1:
 1620 0082 7369676E 		.ascii	"signed char\000"
 1620      65642063 
 1620      68617200 
 1621              	.LASF76:
 1622 008e 63665F6F 		.ascii	"cf_off_stklimit\000"
 1622      66665F73 
 1622      746B6C69 
 1622      6D697400 
 1623              	.LASF78:
 1624 009e 63665F6F 		.ascii	"cf_off_flags\000"
 1624      66665F66 
 1624      6C616773 
 1624      00
 1625              	.LASF42:
 1626 00ab 705F6D70 		.ascii	"p_mpool\000"
<<<<<<< HEAD
ARM GAS  C:\Users\DNIEL~1\AppData\Local\Temp\cctwai0q.s 			page 31
=======
ARM GAS  C:\Users\DNIEL~1\AppData\Local\Temp\ccxJDW4D.s 			page 31
>>>>>>> origin/master


 1626      6F6F6C00 
 1627              	.LASF56:
 1628 00b3 6D5F7175 		.ascii	"m_queue\000"
 1628      65756500 
 1629              	.LASF89:
 1630 00bb 433A5C44 		.ascii	"C:\\Dani\\MegaLux\\Repo\\Smarty\\Smarty\\smarty\\fi"
 1630      616E695C 
 1630      4D656761 
 1630      4C75785C 
 1630      5265706F 
 1631 00e7 726D7761 		.ascii	"rmware\000"
 1631      726500
 1632              	.LASF9:
 1633 00ee 6C6F6E67 		.ascii	"long int\000"
 1633      20696E74 
 1633      00
 1634              	.LASF16:
 1635 00f7 74737461 		.ascii	"tstate_t\000"
 1635      74655F74 
 1635      00
 1636              	.LASF6:
 1637 0100 75696E74 		.ascii	"uint16_t\000"
 1637      31365F74 
 1637      00
 1638              	.LASF82:
 1639 0109 63686465 		.ascii	"chdebug_t\000"
 1639      6275675F 
 1639      7400
 1640              	.LASF28:
 1641 0113 705F6E65 		.ascii	"p_newer\000"
 1641      77657200 
 1642              	.LASF51:
 1643 011b 725F6E65 		.ascii	"r_newer\000"
 1643      77657200 
 1644              	.LASF45:
 1645 0123 72656761 		.ascii	"regarm_t\000"
 1645      726D5F74 
 1645      00
 1646              	.LASF0:
 1647 012c 756E7369 		.ascii	"unsigned int\000"
 1647      676E6564 
 1647      20696E74 
 1647      00
 1648              	.LASF11:
 1649 0139 6C6F6E67 		.ascii	"long unsigned int\000"
 1649      20756E73 
 1649      69676E65 
 1649      6420696E 
 1649      7400
 1650              	.LASF86:
 1651 014b 63685F64 		.ascii	"ch_debug\000"
 1651      65627567 
 1651      00
 1652              	.LASF64:
 1653 0154 63685F69 		.ascii	"ch_identifier\000"
 1653      64656E74 
 1653      69666965 
<<<<<<< HEAD
ARM GAS  C:\Users\DNIEL~1\AppData\Local\Temp\cctwai0q.s 			page 32
=======
ARM GAS  C:\Users\DNIEL~1\AppData\Local\Temp\ccxJDW4D.s 			page 32
>>>>>>> origin/master


 1653      7200
 1654              	.LASF47:
 1655 0162 636F6E74 		.ascii	"context\000"
 1655      65787400 
 1656              	.LASF7:
 1657 016a 73686F72 		.ascii	"short unsigned int\000"
 1657      7420756E 
 1657      7369676E 
 1657      65642069 
 1657      6E7400
 1658              	.LASF20:
 1659 017d 6D73675F 		.ascii	"msg_t\000"
 1659      7400
 1660              	.LASF15:
 1661 0183 746D6F64 		.ascii	"tmode_t\000"
 1661      655F7400 
 1662              	.LASF44:
 1663 018b 54687265 		.ascii	"ThreadsList\000"
 1663      6164734C 
 1663      69737400 
 1664              	.LASF21:
 1665 0197 6576656E 		.ascii	"eventmask_t\000"
 1665      746D6173 
 1665      6B5F7400 
 1666              	.LASF55:
 1667 01a3 4D757465 		.ascii	"Mutex\000"
 1667      7800
 1668              	.LASF88:
 1669 01a9 2E2E2F2E 		.ascii	"../../../ChibiOS/os/kernel/src/chregistry.c\000"
 1669      2E2F2E2E 
 1669      2F436869 
 1669      62694F53 
 1669      2F6F732F 
 1670              	.LASF65:
 1671 01d5 63685F7A 		.ascii	"ch_zero\000"
 1671      65726F00 
 1672              	.LASF79:
 1673 01dd 63665F6F 		.ascii	"cf_off_refs\000"
 1673      66665F72 
 1673      65667300 
 1674              	.LASF69:
 1675 01e9 63685F74 		.ascii	"ch_timesize\000"
 1675      696D6573 
 1675      697A6500 
 1676              	.LASF75:
 1677 01f5 63665F6F 		.ascii	"cf_off_name\000"
 1677      66665F6E 
 1677      616D6500 
 1678              	.LASF29:
 1679 0201 705F6F6C 		.ascii	"p_older\000"
 1679      64657200 
 1680              	.LASF50:
 1681 0209 725F6374 		.ascii	"r_ctx\000"
 1681      7800
 1682              	.LASF43:
 1683 020f 54687265 		.ascii	"ThreadsQueue\000"
 1683      61647351 
<<<<<<< HEAD
ARM GAS  C:\Users\DNIEL~1\AppData\Local\Temp\cctwai0q.s 			page 33
=======
ARM GAS  C:\Users\DNIEL~1\AppData\Local\Temp\ccxJDW4D.s 			page 33
>>>>>>> origin/master


 1683      75657565 
 1683      00
 1684              	.LASF66:
 1685 021c 63685F73 		.ascii	"ch_size\000"
 1685      697A6500 
 1686              	.LASF53:
 1687 0224 725F6375 		.ascii	"r_current\000"
 1687      7272656E 
 1687      7400
 1688              	.LASF52:
 1689 022e 725F6F6C 		.ascii	"r_older\000"
 1689      64657200 
 1690              	.LASF17:
 1691 0236 74726566 		.ascii	"trefs_t\000"
 1691      735F7400 
 1692              	.LASF68:
 1693 023e 63685F70 		.ascii	"ch_ptrsize\000"
 1693      74727369 
 1693      7A6500
 1694              	.LASF25:
 1695 0249 705F7072 		.ascii	"p_prev\000"
 1695      657600
 1696              	.LASF19:
 1697 0250 74707269 		.ascii	"tprio_t\000"
 1697      6F5F7400 
 1698              	.LASF14:
 1699 0258 5F426F6F 		.ascii	"_Bool\000"
 1699      6C00
 1700              	.LASF8:
 1701 025e 696E7433 		.ascii	"int32_t\000"
 1701      325F7400 
 1702              	.LASF4:
 1703 0266 756E7369 		.ascii	"unsigned char\000"
 1703      676E6564 
 1703      20636861 
 1703      7200
 1704              	.LASF40:
 1705 0274 705F6D74 		.ascii	"p_mtxlist\000"
 1705      786C6973 
 1705      7400
 1706              	.LASF5:
 1707 027e 73686F72 		.ascii	"short int\000"
 1707      7420696E 
 1707      7400
 1708              	.LASF31:
 1709 0288 705F7374 		.ascii	"p_state\000"
 1709      61746500 
 1710              	.LASF34:
 1711 0290 705F7072 		.ascii	"p_preempt\000"
 1711      65656D70 
 1711      7400
 1712              	.LASF81:
 1713 029a 63665F6F 		.ascii	"cf_off_time\000"
 1713      66665F74 
 1713      696D6500 
 1714              	.LASF49:
 1715 02a6 725F7072 		.ascii	"r_prio\000"
<<<<<<< HEAD
ARM GAS  C:\Users\DNIEL~1\AppData\Local\Temp\cctwai0q.s 			page 34
=======
ARM GAS  C:\Users\DNIEL~1\AppData\Local\Temp\ccxJDW4D.s 			page 34
>>>>>>> origin/master


 1715      696F00
 1716              	.LASF62:
 1717 02ad 65776D61 		.ascii	"ewmask\000"
 1717      736B00
 1718              	.LASF24:
 1719 02b4 705F6E65 		.ascii	"p_next\000"
 1719      787400
 1720              	.LASF80:
 1721 02bb 63665F6F 		.ascii	"cf_off_preempt\000"
 1721      66665F70 
 1721      7265656D 
 1721      707400
 1722              	.LASF32:
 1723 02ca 705F666C 		.ascii	"p_flags\000"
 1723      61677300 
 1724              	.LASF23:
 1725 02d2 54687265 		.ascii	"Thread\000"
 1725      616400
 1726              	.LASF73:
 1727 02d9 63665F6F 		.ascii	"cf_off_newer\000"
 1727      66665F6E 
 1727      65776572 
 1727      00
 1728              	.LASF39:
 1729 02e6 705F6570 		.ascii	"p_epending\000"
 1729      656E6469 
 1729      6E6700
 1730              	.LASF10:
 1731 02f1 75696E74 		.ascii	"uint32_t\000"
 1731      33325F74 
 1731      00
 1732              	.LASF71:
 1733 02fa 63665F6F 		.ascii	"cf_off_prio\000"
 1733      66665F70 
 1733      72696F00 
 1734              	.LASF48:
 1735 0306 725F7175 		.ascii	"r_queue\000"
 1735      65756500 
 1736              	.LASF18:
 1737 030e 74736C69 		.ascii	"tslices_t\000"
 1737      6365735F 
 1737      7400
 1738              	.LASF63:
 1739 0318 63686172 		.ascii	"char\000"
 1739      00
 1740              	.LASF84:
 1741 031d 63685265 		.ascii	"chRegNextThread\000"
 1741      674E6578 
 1741      74546872 
 1741      65616400 
 1742              	.LASF58:
 1743 032d 6D5F6E65 		.ascii	"m_next\000"
 1743      787400
 1744              	.LASF22:
 1745 0334 73797374 		.ascii	"systime_t\000"
 1745      696D655F 
 1745      7400
<<<<<<< HEAD
ARM GAS  C:\Users\DNIEL~1\AppData\Local\Temp\cctwai0q.s 			page 35
=======
ARM GAS  C:\Users\DNIEL~1\AppData\Local\Temp\ccxJDW4D.s 			page 35
>>>>>>> origin/master


 1746              	.LASF41:
 1747 033e 705F7265 		.ascii	"p_realprio\000"
 1747      616C7072 
 1747      696F00
 1748              	.LASF35:
 1749 0349 705F7469 		.ascii	"p_time\000"
 1749      6D6500
 1750              	.LASF46:
 1751 0350 696E7463 		.ascii	"intctx\000"
 1751      747800
 1752              	.LASF37:
 1753 0357 705F6D73 		.ascii	"p_msgqueue\000"
 1753      67717565 
 1753      756500
 1754              	.LASF72:
 1755 0362 63665F6F 		.ascii	"cf_off_ctx\000"
 1755      66665F63 
 1755      747800
 1756              	.LASF33:
 1757 036d 705F7265 		.ascii	"p_refs\000"
 1757      667300
 1758              	.LASF54:
 1759 0374 52656164 		.ascii	"ReadyList\000"
 1759      794C6973 
 1759      7400
 1760              	.LASF85:
 1761 037e 726C6973 		.ascii	"rlist\000"
 1761      7400
 1762              	.LASF3:
 1763 0384 75696E74 		.ascii	"uint8_t\000"
 1763      385F7400 
 1764              	.LASF61:
 1765 038c 77746F62 		.ascii	"wtobjp\000"
 1765      6A7000
 1766              	.LASF87:
 1767 0393 474E5520 		.ascii	"GNU C 4.5.2\000"
 1767      4320342E 
 1767      352E3200 
 1768              	.LASF30:
 1769 039f 705F6E61 		.ascii	"p_name\000"
 1769      6D6500
 1770              	.LASF67:
 1771 03a6 63685F76 		.ascii	"ch_version\000"
 1771      65727369 
 1771      6F6E00
 1772              	.LASF57:
 1773 03b1 6D5F6F77 		.ascii	"m_owner\000"
 1773      6E657200 
 1774              	.LASF27:
 1775 03b9 705F6374 		.ascii	"p_ctx\000"
 1775      7800
 1776              	.LASF36:
 1777 03bf 705F7761 		.ascii	"p_waiting\000"
 1777      6974696E 
 1777      6700
 1778              		.ident	"GCC: (Sourcery G++ Lite 2011.03-42) 4.5.2"
<<<<<<< HEAD
ARM GAS  C:\Users\DNIEL~1\AppData\Local\Temp\cctwai0q.s 			page 36
=======
ARM GAS  C:\Users\DNIEL~1\AppData\Local\Temp\ccxJDW4D.s 			page 36
>>>>>>> origin/master


DEFINED SYMBOLS
                            *ABS*:00000000 chregistry.c
<<<<<<< HEAD
C:\Users\DNIEL~1\AppData\Local\Temp\cctwai0q.s:24     .text.chRegFirstThread:00000000 $t
C:\Users\DNIEL~1\AppData\Local\Temp\cctwai0q.s:30     .text.chRegFirstThread:00000000 chRegFirstThread
C:\Users\DNIEL~1\AppData\Local\Temp\cctwai0q.s:72     .text.chRegFirstThread:00000018 $d
C:\Users\DNIEL~1\AppData\Local\Temp\cctwai0q.s:77     .text.chRegNextThread:00000000 $t
C:\Users\DNIEL~1\AppData\Local\Temp\cctwai0q.s:83     .text.chRegNextThread:00000000 chRegNextThread
C:\Users\DNIEL~1\AppData\Local\Temp\cctwai0q.s:157    .text.chRegNextThread:00000034 $d
C:\Users\DNIEL~1\AppData\Local\Temp\cctwai0q.s:166    .rodata.ch_debug:00000000 ch_debug
C:\Users\DNIEL~1\AppData\Local\Temp\cctwai0q.s:163    .rodata.ch_debug:00000000 $d
                     .debug_frame:00000010 $d
C:\Users\DNIEL~1\AppData\Local\Temp\cctwai0q.s:76     .text.chRegFirstThread:0000001c $t
C:\Users\DNIEL~1\AppData\Local\Temp\cctwai0q.s:162    .text.chRegNextThread:00000038 $t
=======
C:\Users\DNIEL~1\AppData\Local\Temp\ccxJDW4D.s:24     .text.chRegFirstThread:00000000 $t
C:\Users\DNIEL~1\AppData\Local\Temp\ccxJDW4D.s:30     .text.chRegFirstThread:00000000 chRegFirstThread
C:\Users\DNIEL~1\AppData\Local\Temp\ccxJDW4D.s:72     .text.chRegFirstThread:00000018 $d
C:\Users\DNIEL~1\AppData\Local\Temp\ccxJDW4D.s:77     .text.chRegNextThread:00000000 $t
C:\Users\DNIEL~1\AppData\Local\Temp\ccxJDW4D.s:83     .text.chRegNextThread:00000000 chRegNextThread
C:\Users\DNIEL~1\AppData\Local\Temp\ccxJDW4D.s:157    .text.chRegNextThread:00000034 $d
C:\Users\DNIEL~1\AppData\Local\Temp\ccxJDW4D.s:166    .rodata.ch_debug:00000000 ch_debug
C:\Users\DNIEL~1\AppData\Local\Temp\ccxJDW4D.s:163    .rodata.ch_debug:00000000 $d
                     .debug_frame:00000010 $d
C:\Users\DNIEL~1\AppData\Local\Temp\ccxJDW4D.s:76     .text.chRegFirstThread:0000001c $t
C:\Users\DNIEL~1\AppData\Local\Temp\ccxJDW4D.s:162    .text.chRegNextThread:00000038 $t
>>>>>>> origin/master

UNDEFINED SYMBOLS
rlist
chThdRelease
