ARM GAS  C:\Users\DNIEL~1\AppData\Local\Temp\ccmAEyoD.s 			page 1


   1              		.syntax unified
   2              		.cpu cortex-m4
   3              		.fpu softvfp
   4              		.eabi_attribute 20, 1
   5              		.eabi_attribute 21, 1
   6              		.eabi_attribute 23, 3
   7              		.eabi_attribute 24, 1
   8              		.eabi_attribute 25, 1
   9              		.eabi_attribute 26, 1
  10              		.eabi_attribute 30, 2
  11              		.eabi_attribute 18, 4
  12              		.thumb
  13              		.file	"crt0.c"
  14              		.section	.debug_abbrev,"",%progbits
  15              	.Ldebug_abbrev0:
  16              		.section	.debug_info,"",%progbits
  17              	.Ldebug_info0:
  18              		.section	.debug_line,"",%progbits
  19              	.Ldebug_line0:
  20 0000 7B010000 		.text
  20      0200C900 
  20      00000201 
  20      FB0E0D00 
  20      01010101 
  21              	.Ltext0:
  22              		.cfi_sections	.debug_frame
  23              		.section	.text.__early_init,"ax",%progbits
  24              		.align	2
  25              		.p2align 4,,15
  26              		.weak	__early_init
  27              		.thumb
  28              		.thumb_func
  29              		.type	__early_init, %function
  30              	__early_init:
  31              	.LFB0:
  32              		.file 1 "../../../ChibiOS/os/ports/GCC/ARMCMx/crt0.c"
  33              		.loc 1 234 0
  34              		.cfi_startproc
  35              		@ args = 0, pretend = 0, frame = 0
  36              		@ frame_needed = 0, uses_anonymous_args = 0
  37              		@ link register save eliminated.
  38              		.loc 1 234 0
  39 0000 7047     		bx	lr
  40              		.cfi_endproc
  41              	.LFE0:
  42              		.size	__early_init, .-__early_init
  43 0002 00BFAFF3 		.section	.text.__late_init,"ax",%progbits
  43      0080AFF3 
  43      0080AFF3 
  43      0080
  44              		.align	2
  45              		.p2align 4,,15
  46              		.weak	__late_init
  47              		.thumb
  48              		.thumb_func
  49              		.type	__late_init, %function
  50              	__late_init:
ARM GAS  C:\Users\DNIEL~1\AppData\Local\Temp\ccmAEyoD.s 			page 2


  51              	.LFB1:
  52              		.loc 1 246 0
  53              		.cfi_startproc
  54              		@ args = 0, pretend = 0, frame = 0
  55              		@ frame_needed = 0, uses_anonymous_args = 0
  56              		@ link register save eliminated.
  57              		.loc 1 246 0
  58 0000 7047     		bx	lr
  59              		.cfi_endproc
  60              	.LFE1:
  61              		.size	__late_init, .-__late_init
  62 0002 00BFAFF3 		.section	.text._default_exit,"ax",%progbits
  62      0080AFF3 
  62      0080AFF3 
  62      0080
  63              		.align	2
  64              		.p2align 4,,15
  65              		.weak	_default_exit
  66              		.thumb
  67              		.thumb_func
  68              		.type	_default_exit, %function
  69              	_default_exit:
  70              	.LFB2:
  71              		.loc 1 257 0
  72              		.cfi_startproc
  73              		@ Naked Function: prologue and epilogue provided by programmer.
  74              		@ args = 0, pretend = 0, frame = 0
  75              		@ frame_needed = 0, uses_anonymous_args = 0
  76              	.L4:
  77 0000 FEE7     		b	.L4
  78              		.cfi_endproc
  79              	.LFE2:
  80              		.size	_default_exit, .-_default_exit
  81 0002 00BFAFF3 		.section	.text.ResetHandler,"ax",%progbits
  81      0080AFF3 
  81      0080AFF3 
  81      0080
  82              		.align	2
  83              		.p2align 4,,15
  84              		.global	ResetHandler
  85              		.thumb
  86              		.thumb_func
  87              		.type	ResetHandler, %function
  88              	ResetHandler:
  89              	.LFB3:
  90              		.loc 1 268 0
  91              		.cfi_startproc
  92              		@ Naked Function: prologue and epilogue provided by programmer.
  93              		@ args = 0, pretend = 0, frame = 0
  94              		@ frame_needed = 0, uses_anonymous_args = 0
  95              		.loc 1 274 0
  96              	@ 274 "../../../ChibiOS/os/ports/GCC/ARMCMx/crt0.c" 1
  97 0000 72B6     		cpsid   i
  98              	@ 0 "" 2
  99              	.LVL0:
 100              		.loc 1 276 0
 101              		.thumb
ARM GAS  C:\Users\DNIEL~1\AppData\Local\Temp\ccmAEyoD.s 			page 3


 102 0002 6348     		ldr	r0, .L55
 103              	@ 276 "../../../ChibiOS/os/ports/GCC/ARMCMx/crt0.c" 1
 104 0004 80F30988 		msr     PSP, r0
 105              	@ 0 "" 2
 106              	.LVL1:
 107              		.loc 1 296 0
 108              		.thumb
 109 0008 0223     		movs	r3, #2
 110              	@ 296 "../../../ChibiOS/os/ports/GCC/ARMCMx/crt0.c" 1
 111 000a 83F31488 		msr     CONTROL, r3
 112              	@ 0 "" 2
 113              		.loc 1 297 0
 114              	@ 297 "../../../ChibiOS/os/ports/GCC/ARMCMx/crt0.c" 1
 115 000e BFF36F8F 		isb
 116              	@ 0 "" 2
 117              	.LVL2:
 118              		.thumb
 119              	.LBB2:
 120              		.loc 1 301 0
 121 0012 604A     		ldr	r2, .L55+4
 122 0014 604C     		ldr	r4, .L55+8
 123 0016 A242     		cmp	r2, r4
 124 0018 17D2     		bcs	.L6
 125              		.loc 1 301 0 is_stmt 0 discriminator 2
 126 001a 1346     		mov	r3, r2
 127 001c 4FF05531 		mov	r1, #1431655765
 128 0020 43F8041B 		str	r1, [r3], #4
 129              	.LVL3:
 130 0024 D643     		mvns	r6, r2
 131 0026 A519     		adds	r5, r4, r6
 132 0028 A342     		cmp	r3, r4
 133 002a C5F38005 		ubfx	r5, r5, #2, #1
 134 002e 0CD2     		bcs	.L6
 135 0030 25B1     		cbz	r5, .L7
 136              		.loc 1 301 0
 137 0032 1960     		str	r1, [r3, #0]
 138 0034 02F10803 		add	r3, r2, #8
 139              	.LVL4:
 140 0038 A342     		cmp	r3, r4
 141 003a 06D2     		bcs	.L6
 142              	.L7:
 143              		.loc 1 301 0 discriminator 2
 144 003c 1A46     		mov	r2, r3
 145 003e 42F8041B 		str	r1, [r2], #4
 146 0042 5960     		str	r1, [r3, #4]
 147 0044 131D     		adds	r3, r2, #4
 148 0046 A342     		cmp	r3, r4
 149 0048 F8D3     		bcc	.L7
 150              	.L6:
 151              	.LVL5:
 152              	.LBE2:
 153              	.LBB3:
 154              		.loc 1 304 0 is_stmt 1 discriminator 1
 155 004a 544A     		ldr	r2, .L55+12
 156 004c 8242     		cmp	r2, r0
 157 004e 17D2     		bcs	.L8
 158              		.loc 1 304 0 is_stmt 0 discriminator 2
ARM GAS  C:\Users\DNIEL~1\AppData\Local\Temp\ccmAEyoD.s 			page 4


 159 0050 1346     		mov	r3, r2
 160 0052 4FF05531 		mov	r1, #1431655765
 161 0056 43F8041B 		str	r1, [r3], #4
 162              	.LVL6:
 163 005a D543     		mvns	r5, r2
 164 005c 4419     		adds	r4, r0, r5
 165 005e 8342     		cmp	r3, r0
 166 0060 C4F38004 		ubfx	r4, r4, #2, #1
 167 0064 0CD2     		bcs	.L8
 168 0066 24B1     		cbz	r4, .L9
 169              		.loc 1 304 0
 170 0068 1960     		str	r1, [r3, #0]
 171 006a 02F10803 		add	r3, r2, #8
 172              	.LVL7:
 173 006e 8342     		cmp	r3, r0
 174 0070 06D2     		bcs	.L8
 175              	.L9:
 176              		.loc 1 304 0 discriminator 2
 177 0072 1E46     		mov	r6, r3
 178 0074 46F8041B 		str	r1, [r6], #4
 179 0078 5960     		str	r1, [r3, #4]
 180 007a 331D     		adds	r3, r6, #4
 181 007c 8342     		cmp	r3, r0
 182 007e F8D3     		bcc	.L9
 183              	.L8:
 184              	.LBE3:
 185              		.loc 1 310 0 is_stmt 1
 186 0080 FFF7FEFF 		bl	__early_init
 187              	.LVL8:
 188              	.LBB4:
 189              		.loc 1 319 0
 190 0084 464C     		ldr	r4, .L55+16
 191 0086 4749     		ldr	r1, .L55+20
 192 0088 A142     		cmp	r1, r4
 193 008a 22D2     		bcs	.L10
 194 008c 4648     		ldr	r0, .L55+24
 195              		.loc 1 320 0
 196 008e 0246     		mov	r2, r0
 197 0090 0B46     		mov	r3, r1
 198 0092 52F8046B 		ldr	r6, [r2], #4
 199 0096 43F8046B 		str	r6, [r3], #4
 200              	.LVL9:
 201 009a CD43     		mvns	r5, r1
 202 009c 04EB050C 		add	ip, r4, r5
 203              		.loc 1 319 0
 204 00a0 A342     		cmp	r3, r4
 205 00a2 CCF38005 		ubfx	r5, ip, #2, #1
 206 00a6 14D2     		bcs	.L10
 207 00a8 3DB1     		cbz	r5, .L11
 208              		.loc 1 320 0
 209 00aa 1668     		ldr	r6, [r2, #0]
 210 00ac 1E60     		str	r6, [r3, #0]
 211 00ae 01F10803 		add	r3, r1, #8
 212              	.LVL10:
 213              		.loc 1 319 0
 214 00b2 A342     		cmp	r3, r4
 215              		.loc 1 320 0
ARM GAS  C:\Users\DNIEL~1\AppData\Local\Temp\ccmAEyoD.s 			page 5


 216 00b4 00F10802 		add	r2, r0, #8
 217              		.loc 1 319 0
 218 00b8 0BD2     		bcs	.L10
 219              	.L11:
 220              		.loc 1 320 0
 221 00ba 1146     		mov	r1, r2
 222 00bc 1846     		mov	r0, r3
 223 00be 51F8045B 		ldr	r5, [r1], #4
 224 00c2 40F8045B 		str	r5, [r0], #4
 225 00c6 5268     		ldr	r2, [r2, #4]
 226 00c8 5A60     		str	r2, [r3, #4]
 227 00ca 031D     		adds	r3, r0, #4
 228 00cc 0A1D     		adds	r2, r1, #4
 229              		.loc 1 319 0
 230 00ce A342     		cmp	r3, r4
 231 00d0 F3D3     		bcc	.L11
 232              	.L10:
 233              	.LVL11:
 234              	.LBE4:
 235              	.LBB5:
 236              		.loc 1 326 0 discriminator 1
 237 00d2 364A     		ldr	r2, .L55+28
 238 00d4 3648     		ldr	r0, .L55+32
 239 00d6 8242     		cmp	r2, r0
 240 00d8 17D2     		bcs	.L12
 241              		.loc 1 326 0 is_stmt 0 discriminator 2
 242 00da 1346     		mov	r3, r2
 243 00dc 0021     		movs	r1, #0
 244 00de 43F8041B 		str	r1, [r3], #4
 245              	.LVL12:
 246 00e2 D443     		mvns	r4, r2
 247 00e4 00EB040E 		add	lr, r0, r4
 248 00e8 8342     		cmp	r3, r0
 249 00ea CEF38004 		ubfx	r4, lr, #2, #1
 250 00ee 0CD2     		bcs	.L12
 251 00f0 24B1     		cbz	r4, .L13
 252              		.loc 1 326 0
 253 00f2 1960     		str	r1, [r3, #0]
 254 00f4 02F10803 		add	r3, r2, #8
 255              	.LVL13:
 256 00f8 8342     		cmp	r3, r0
 257 00fa 06D2     		bcs	.L12
 258              	.L13:
 259              		.loc 1 326 0 discriminator 2
 260 00fc 1E46     		mov	r6, r3
 261 00fe 46F8041B 		str	r1, [r6], #4
 262 0102 5960     		str	r1, [r3, #4]
 263 0104 331D     		adds	r3, r6, #4
 264 0106 8342     		cmp	r3, r0
 265 0108 F8D3     		bcc	.L13
 266              	.L12:
 267              	.LBE5:
 268              	.LBB6:
 269              		.loc 1 336 0 is_stmt 1
 270 010a 2A4D     		ldr	r5, .L55+36
 271 010c 2A4E     		ldr	r6, .L55+40
 272              	.LBE6:
ARM GAS  C:\Users\DNIEL~1\AppData\Local\Temp\ccmAEyoD.s 			page 6


 273              		.loc 1 330 0
 274 010e FFF7FEFF 		bl	__late_init
 275              	.LVL14:
 276              	.LBB7:
 277              		.loc 1 336 0
 278 0112 B542     		cmp	r5, r6
 279 0114 19D2     		bcs	.L14
 280              		.loc 1 337 0
 281 0116 2C46     		mov	r4, r5
 282 0118 E943     		mvns	r1, r5
 283 011a 54F8043B 		ldr	r3, [r4], #4
 284 011e 7718     		adds	r7, r6, r1
 285 0120 9847     		blx	r3
 286              	.LVL15:
 287              		.loc 1 336 0
 288 0122 B442     		cmp	r4, r6
 289 0124 C7F38007 		ubfx	r7, r7, #2, #1
 290 0128 0FD2     		bcs	.L14
 291 012a 2FB1     		cbz	r7, .L15
 292              		.loc 1 337 0
 293 012c 2368     		ldr	r3, [r4, #0]
 294              		.loc 1 338 0
 295 012e 05F10804 		add	r4, r5, #8
 296              		.loc 1 337 0
 297 0132 9847     		blx	r3
 298              	.LVL16:
 299              		.loc 1 336 0
 300 0134 B442     		cmp	r4, r6
 301 0136 08D2     		bcs	.L14
 302              	.L15:
 303              		.loc 1 337 0
 304 0138 2546     		mov	r5, r4
 305 013a 55F8042B 		ldr	r2, [r5], #4
 306 013e 9047     		blx	r2
 307 0140 6068     		ldr	r0, [r4, #4]
 308              		.loc 1 338 0
 309 0142 2C1D     		adds	r4, r5, #4
 310              		.loc 1 337 0
 311 0144 8047     		blx	r0
 312              		.loc 1 336 0
 313 0146 B442     		cmp	r4, r6
 314 0148 F6D3     		bcc	.L15
 315              	.L14:
 316              	.LBE7:
 317              	.LBB8:
 318              		.loc 1 350 0
 319 014a 1C4D     		ldr	r5, .L55+44
 320 014c 1C4E     		ldr	r6, .L55+48
 321              	.LBE8:
 322              		.loc 1 344 0
 323 014e FFF7FEFF 		bl	main
 324              	.LVL17:
 325              	.LBB9:
 326              		.loc 1 350 0
 327 0152 B542     		cmp	r5, r6
 328 0154 1AD2     		bcs	.L16
 329              		.loc 1 351 0
ARM GAS  C:\Users\DNIEL~1\AppData\Local\Temp\ccmAEyoD.s 			page 7


 330 0156 2C46     		mov	r4, r5
 331 0158 EF43     		mvns	r7, r5
 332 015a 54F8043B 		ldr	r3, [r4], #4
 333 015e 06EB070C 		add	ip, r6, r7
 334 0162 CCF38007 		ubfx	r7, ip, #2, #1
 335 0166 9847     		blx	r3
 336              	.LVL18:
 337              		.loc 1 350 0
 338 0168 B442     		cmp	r4, r6
 339 016a 0FD2     		bcs	.L16
 340 016c 2FB1     		cbz	r7, .L17
 341              		.loc 1 351 0
 342 016e 2268     		ldr	r2, [r4, #0]
 343              		.loc 1 352 0
 344 0170 05F10804 		add	r4, r5, #8
 345              		.loc 1 351 0
 346 0174 9047     		blx	r2
 347              	.LVL19:
 348              		.loc 1 350 0
 349 0176 B442     		cmp	r4, r6
 350 0178 08D2     		bcs	.L16
 351              	.L17:
 352              		.loc 1 351 0
 353 017a 2546     		mov	r5, r4
 354 017c 55F8040B 		ldr	r0, [r5], #4
 355 0180 8047     		blx	r0
 356 0182 6168     		ldr	r1, [r4, #4]
 357              		.loc 1 352 0
 358 0184 2C1D     		adds	r4, r5, #4
 359              		.loc 1 351 0
 360 0186 8847     		blx	r1
 361              		.loc 1 350 0
 362 0188 B442     		cmp	r4, r6
 363 018a F6D3     		bcc	.L17
 364              	.L16:
 365              	.LBE9:
 366              		.loc 1 359 0
 367              		.loc 1 358 0
 368 018c FFF7FEBF 		b	_default_exit
 369              	.L56:
 370              		.align	2
 371              	.L55:
 372 0190 00000000 		.word	__process_stack_end__
 373 0194 00000000 		.word	__main_stack_base__
 374 0198 00000000 		.word	__main_stack_end__
 375 019c 00000000 		.word	__process_stack_base__
 376 01a0 00000000 		.word	_edata
 377 01a4 00000000 		.word	_data
 378 01a8 00000000 		.word	_textdata
 379 01ac 00000000 		.word	_bss_start
 380 01b0 00000000 		.word	_bss_end
 381 01b4 00000000 		.word	__init_array_start
 382 01b8 00000000 		.word	__init_array_end
 383 01bc 00000000 		.word	__fini_array_start
 384 01c0 00000000 		.word	__fini_array_end
 385              		.cfi_endproc
 386              	.LFE3:
ARM GAS  C:\Users\DNIEL~1\AppData\Local\Temp\ccmAEyoD.s 			page 8


 387              		.size	ResetHandler, .-ResetHandler
 388 01c4 AFF30080 		.text
 388      AFF30080 
 388      AFF30080 
 389              	.Letext0:
 390              		.section	.debug_loc,"",%progbits
 391              	.Ldebug_loc0:
 392              	.LLST0:
 393 0000 24000000 		.4byte	.LVL3
 394 0004 38000000 		.4byte	.LVL4
 395 0008 0100     		.2byte	0x1
 396 000a 52       		.byte	0x52
 397 000b 00000000 		.4byte	0x0
 398 000f 00000000 		.4byte	0x0
 399              	.LLST1:
 400 0013 5A000000 		.4byte	.LVL6
 401 0017 6E000000 		.4byte	.LVL7
 402 001b 0100     		.2byte	0x1
 403 001d 52       		.byte	0x52
 404 001e 00000000 		.4byte	0x0
 405 0022 00000000 		.4byte	0x0
 406              	.LLST2:
 407 0026 9A000000 		.4byte	.LVL9
 408 002a B2000000 		.4byte	.LVL10
 409 002e 0100     		.2byte	0x1
 410 0030 51       		.byte	0x51
 411 0031 00000000 		.4byte	0x0
 412 0035 00000000 		.4byte	0x0
 413              	.LLST3:
 414 0039 E2000000 		.4byte	.LVL12
 415 003d F8000000 		.4byte	.LVL13
 416 0041 0100     		.2byte	0x1
 417 0043 52       		.byte	0x52
 418 0044 00000000 		.4byte	0x0
 419 0048 00000000 		.4byte	0x0
 420              	.LLST4:
 421 004c 22010000 		.4byte	.LVL15
 422 0050 34010000 		.4byte	.LVL16
 423 0054 0100     		.2byte	0x1
 424 0056 55       		.byte	0x55
 425 0057 00000000 		.4byte	0x0
 426 005b 00000000 		.4byte	0x0
 427              	.LLST5:
 428 005f 68010000 		.4byte	.LVL18
 429 0063 76010000 		.4byte	.LVL19
 430 0067 0100     		.2byte	0x1
 431 0069 55       		.byte	0x55
 432 006a 00000000 		.4byte	0x0
 433 006e 00000000 		.4byte	0x0
 434              		.file 2 "c:\\program files (x86)\\codesourcery\\sourcery g++ lite\\bin\\../lib/gcc/arm-none-eabi/4
 435              		.section	.debug_info
 436 0000 3E030000 		.4byte	0x33e
 437 0004 0200     		.2byte	0x2
 438 0006 00000000 		.4byte	.Ldebug_abbrev0
 439 000a 04       		.byte	0x4
 440 000b 01       		.uleb128 0x1
 441 000c 23000000 		.4byte	.LASF29
ARM GAS  C:\Users\DNIEL~1\AppData\Local\Temp\ccmAEyoD.s 			page 9


 442 0010 01       		.byte	0x1
 443 0011 46000000 		.4byte	.LASF30
 444 0015 53010000 		.4byte	.LASF31
 445 0019 00000000 		.4byte	0x0
 446 001d 00000000 		.4byte	0x0
 447 0021 30000000 		.4byte	.Ldebug_ranges0+0x30
 448 0025 00000000 		.4byte	.Ldebug_line0
 449 0029 02       		.uleb128 0x2
 450 002a 01       		.byte	0x1
 451 002b 06       		.byte	0x6
 452 002c C4010000 		.4byte	.LASF0
 453 0030 03       		.uleb128 0x3
 454 0031 26010000 		.4byte	.LASF5
 455 0035 02       		.byte	0x2
 456 0036 2A       		.byte	0x2a
 457 0037 3B000000 		.4byte	0x3b
 458 003b 02       		.uleb128 0x2
 459 003c 01       		.byte	0x1
 460 003d 08       		.byte	0x8
 461 003e 89000000 		.4byte	.LASF1
 462 0042 02       		.uleb128 0x2
 463 0043 02       		.byte	0x2
 464 0044 05       		.byte	0x5
 465 0045 9A010000 		.4byte	.LASF2
 466 0049 02       		.uleb128 0x2
 467 004a 02       		.byte	0x2
 468 004b 07       		.byte	0x7
 469 004c C2000000 		.4byte	.LASF3
 470 0050 02       		.uleb128 0x2
 471 0051 04       		.byte	0x4
 472 0052 05       		.byte	0x5
 473 0053 B5010000 		.4byte	.LASF4
 474 0057 03       		.uleb128 0x3
 475 0058 AC010000 		.4byte	.LASF6
 476 005c 02       		.byte	0x2
 477 005d 50       		.byte	0x50
 478 005e 62000000 		.4byte	0x62
 479 0062 02       		.uleb128 0x2
 480 0063 04       		.byte	0x4
 481 0064 07       		.byte	0x7
 482 0065 A3000000 		.4byte	.LASF7
 483 0069 02       		.uleb128 0x2
 484 006a 08       		.byte	0x8
 485 006b 05       		.byte	0x5
 486 006c 45010000 		.4byte	.LASF8
 487 0070 02       		.uleb128 0x2
 488 0071 08       		.byte	0x8
 489 0072 07       		.byte	0x7
 490 0073 0F010000 		.4byte	.LASF9
 491 0077 04       		.uleb128 0x4
 492 0078 04       		.byte	0x4
 493 0079 05       		.byte	0x5
 494 007a 696E7400 		.ascii	"int\000"
 495 007e 02       		.uleb128 0x2
 496 007f 04       		.byte	0x4
 497 0080 07       		.byte	0x7
 498 0081 02010000 		.4byte	.LASF10
ARM GAS  C:\Users\DNIEL~1\AppData\Local\Temp\ccmAEyoD.s 			page 10


 499 0085 03       		.uleb128 0x3
 500 0086 A4010000 		.4byte	.LASF11
 501 008a 01       		.byte	0x1
 502 008b 34       		.byte	0x34
 503 008c 90000000 		.4byte	0x90
 504 0090 05       		.uleb128 0x5
 505 0091 04       		.byte	0x4
 506 0092 96000000 		.4byte	0x96
 507 0096 06       		.uleb128 0x6
 508 0097 01       		.byte	0x1
 509 0098 03       		.uleb128 0x3
 510 0099 72000000 		.4byte	.LASF12
 511 009d 01       		.byte	0x1
 512 009e 35       		.byte	0x35
 513 009f A3000000 		.4byte	0xa3
 514 00a3 05       		.uleb128 0x5
 515 00a4 04       		.byte	0x4
 516 00a5 85000000 		.4byte	0x85
 517 00a9 07       		.uleb128 0x7
 518 00aa 01       		.byte	0x1
 519 00ab 38010000 		.4byte	.LASF13
 520 00af 01       		.byte	0x1
 521 00b0 EA       		.byte	0xea
 522 00b1 01       		.byte	0x1
 523 00b2 00000000 		.4byte	.LFB0
 524 00b6 02000000 		.4byte	.LFE0
 525 00ba 02       		.byte	0x2
 526 00bb 7D       		.byte	0x7d
 527 00bc 00       		.sleb128 0
 528 00bd 07       		.uleb128 0x7
 529 00be 01       		.byte	0x1
 530 00bf 97000000 		.4byte	.LASF14
 531 00c3 01       		.byte	0x1
 532 00c4 F6       		.byte	0xf6
 533 00c5 01       		.byte	0x1
 534 00c6 00000000 		.4byte	.LFB1
 535 00ca 02000000 		.4byte	.LFE1
 536 00ce 02       		.byte	0x2
 537 00cf 7D       		.byte	0x7d
 538 00d0 00       		.sleb128 0
 539 00d1 08       		.uleb128 0x8
 540 00d2 01       		.byte	0x1
 541 00d3 7B000000 		.4byte	.LASF15
 542 00d7 01       		.byte	0x1
 543 00d8 0101     		.2byte	0x101
 544 00da 01       		.byte	0x1
 545 00db 00000000 		.4byte	.LFB2
 546 00df 02000000 		.4byte	.LFE2
 547 00e3 02       		.byte	0x2
 548 00e4 7D       		.byte	0x7d
 549 00e5 00       		.sleb128 0
 550 00e6 09       		.uleb128 0x9
 551 00e7 01       		.byte	0x1
 552 00e8 B5000000 		.4byte	.LASF32
 553 00ec 01       		.byte	0x1
 554 00ed 0C01     		.2byte	0x10c
 555 00ef 01       		.byte	0x1
ARM GAS  C:\Users\DNIEL~1\AppData\Local\Temp\ccmAEyoD.s 			page 11


 556 00f0 00000000 		.4byte	.LFB3
 557 00f4 C4010000 		.4byte	.LFE3
 558 00f8 02       		.byte	0x2
 559 00f9 7D       		.byte	0x7d
 560 00fa 00       		.sleb128 0
 561 00fb E9010000 		.4byte	0x1e9
 562 00ff 0A       		.uleb128 0xa
 563 0100 70737000 		.ascii	"psp\000"
 564 0104 01       		.byte	0x1
 565 0105 0D01     		.2byte	0x10d
 566 0107 57000000 		.4byte	0x57
 567 010b 0B       		.uleb128 0xb
 568 010c 72656700 		.ascii	"reg\000"
 569 0110 01       		.byte	0x1
 570 0111 0D01     		.2byte	0x10d
 571 0113 57000000 		.4byte	0x57
 572 0117 02       		.byte	0x2
 573 0118 0C       		.uleb128 0xc
 574 0119 12000000 		.4byte	.LBB2
 575 011d 4A000000 		.4byte	.LBE2
 576 0121 40010000 		.4byte	0x140
 577 0125 0D       		.uleb128 0xd
 578 0126 703100   		.ascii	"p1\000"
 579 0129 01       		.byte	0x1
 580 012a 2D01     		.2byte	0x12d
 581 012c E9010000 		.4byte	0x1e9
 582 0130 00000000 		.4byte	.LLST0
 583 0134 0A       		.uleb128 0xa
 584 0135 703200   		.ascii	"p2\000"
 585 0138 01       		.byte	0x1
 586 0139 2D01     		.2byte	0x12d
 587 013b E9010000 		.4byte	0x1e9
 588 013f 00       		.byte	0x0
 589 0140 0C       		.uleb128 0xc
 590 0141 4A000000 		.4byte	.LBB3
 591 0145 80000000 		.4byte	.LBE3
 592 0149 68010000 		.4byte	0x168
 593 014d 0D       		.uleb128 0xd
 594 014e 703100   		.ascii	"p1\000"
 595 0151 01       		.byte	0x1
 596 0152 3001     		.2byte	0x130
 597 0154 E9010000 		.4byte	0x1e9
 598 0158 13000000 		.4byte	.LLST1
 599 015c 0A       		.uleb128 0xa
 600 015d 703200   		.ascii	"p2\000"
 601 0160 01       		.byte	0x1
 602 0161 3001     		.2byte	0x130
 603 0163 E9010000 		.4byte	0x1e9
 604 0167 00       		.byte	0x0
 605 0168 0C       		.uleb128 0xc
 606 0169 84000000 		.4byte	.LBB4
 607 016d D2000000 		.4byte	.LBE4
 608 0171 90010000 		.4byte	0x190
 609 0175 0A       		.uleb128 0xa
 610 0176 747000   		.ascii	"tp\000"
 611 0179 01       		.byte	0x1
 612 017a 3B01     		.2byte	0x13b
ARM GAS  C:\Users\DNIEL~1\AppData\Local\Temp\ccmAEyoD.s 			page 12


 613 017c E9010000 		.4byte	0x1e9
 614 0180 0D       		.uleb128 0xd
 615 0181 647000   		.ascii	"dp\000"
 616 0184 01       		.byte	0x1
 617 0185 3B01     		.2byte	0x13b
 618 0187 E9010000 		.4byte	0x1e9
 619 018b 26000000 		.4byte	.LLST2
 620 018f 00       		.byte	0x0
 621 0190 0C       		.uleb128 0xc
 622 0191 D2000000 		.4byte	.LBB5
 623 0195 0A010000 		.4byte	.LBE5
 624 0199 B8010000 		.4byte	0x1b8
 625 019d 0D       		.uleb128 0xd
 626 019e 703100   		.ascii	"p1\000"
 627 01a1 01       		.byte	0x1
 628 01a2 4601     		.2byte	0x146
 629 01a4 E9010000 		.4byte	0x1e9
 630 01a8 39000000 		.4byte	.LLST3
 631 01ac 0A       		.uleb128 0xa
 632 01ad 703200   		.ascii	"p2\000"
 633 01b0 01       		.byte	0x1
 634 01b1 4601     		.2byte	0x146
 635 01b3 E9010000 		.4byte	0x1e9
 636 01b7 00       		.byte	0x0
 637 01b8 0E       		.uleb128 0xe
 638 01b9 00000000 		.4byte	.Ldebug_ranges0+0x0
 639 01bd D2010000 		.4byte	0x1d2
 640 01c1 0D       		.uleb128 0xd
 641 01c2 66707000 		.ascii	"fpp\000"
 642 01c6 01       		.byte	0x1
 643 01c7 4F01     		.2byte	0x14f
 644 01c9 98000000 		.4byte	0x98
 645 01cd 4C000000 		.4byte	.LLST4
 646 01d1 00       		.byte	0x0
 647 01d2 0F       		.uleb128 0xf
 648 01d3 18000000 		.4byte	.Ldebug_ranges0+0x18
 649 01d7 0D       		.uleb128 0xd
 650 01d8 66707000 		.ascii	"fpp\000"
 651 01dc 01       		.byte	0x1
 652 01dd 5D01     		.2byte	0x15d
 653 01df 98000000 		.4byte	0x98
 654 01e3 5F000000 		.4byte	.LLST5
 655 01e7 00       		.byte	0x0
 656 01e8 00       		.byte	0x0
 657 01e9 05       		.uleb128 0x5
 658 01ea 04       		.byte	0x4
 659 01eb 57000000 		.4byte	0x57
 660 01ef 10       		.uleb128 0x10
 661 01f0 86010000 		.4byte	.LASF16
 662 01f4 01       		.byte	0x1
 663 01f5 8B       		.byte	0x8b
 664 01f6 57000000 		.4byte	0x57
 665 01fa 01       		.byte	0x1
 666 01fb 01       		.byte	0x1
 667 01fc 10       		.uleb128 0x10
 668 01fd F9010000 		.4byte	.LASF17
 669 0201 01       		.byte	0x1
ARM GAS  C:\Users\DNIEL~1\AppData\Local\Temp\ccmAEyoD.s 			page 13


 670 0202 93       		.byte	0x93
 671 0203 57000000 		.4byte	0x57
 672 0207 01       		.byte	0x1
 673 0208 01       		.byte	0x1
 674 0209 10       		.uleb128 0x10
 675 020a 2F000000 		.4byte	.LASF18
 676 020e 01       		.byte	0x1
 677 020f 9A       		.byte	0x9a
 678 0210 57000000 		.4byte	0x57
 679 0214 01       		.byte	0x1
 680 0215 01       		.byte	0x1
 681 0216 10       		.uleb128 0x10
 682 0217 D0010000 		.4byte	.LASF19
 683 021b 01       		.byte	0x1
 684 021c A1       		.byte	0xa1
 685 021d 57000000 		.4byte	0x57
 686 0221 01       		.byte	0x1
 687 0222 01       		.byte	0x1
 688 0223 10       		.uleb128 0x10
 689 0224 2E010000 		.4byte	.LASF20
 690 0228 01       		.byte	0x1
 691 0229 A7       		.byte	0xa7
 692 022a 57000000 		.4byte	0x57
 693 022e 01       		.byte	0x1
 694 022f 01       		.byte	0x1
 695 0230 10       		.uleb128 0x10
 696 0231 BE010000 		.4byte	.LASF21
 697 0235 01       		.byte	0x1
 698 0236 AD       		.byte	0xad
 699 0237 57000000 		.4byte	0x57
 700 023b 01       		.byte	0x1
 701 023c 01       		.byte	0x1
 702 023d 10       		.uleb128 0x10
 703 023e 0B000000 		.4byte	.LASF22
 704 0242 01       		.byte	0x1
 705 0243 B3       		.byte	0xb3
 706 0244 57000000 		.4byte	0x57
 707 0248 01       		.byte	0x1
 708 0249 01       		.byte	0x1
 709 024a 10       		.uleb128 0x10
 710 024b 00000000 		.4byte	.LASF23
 711 024f 01       		.byte	0x1
 712 0250 B9       		.byte	0xb9
 713 0251 57000000 		.4byte	0x57
 714 0255 01       		.byte	0x1
 715 0256 01       		.byte	0x1
 716 0257 10       		.uleb128 0x10
 717 0258 E8000000 		.4byte	.LASF24
 718 025c 01       		.byte	0x1
 719 025d BF       		.byte	0xbf
 720 025e 57000000 		.4byte	0x57
 721 0262 01       		.byte	0x1
 722 0263 01       		.byte	0x1
 723 0264 10       		.uleb128 0x10
 724 0265 E6010000 		.4byte	.LASF25
 725 0269 01       		.byte	0x1
 726 026a C5       		.byte	0xc5
ARM GAS  C:\Users\DNIEL~1\AppData\Local\Temp\ccmAEyoD.s 			page 14


 727 026b 85000000 		.4byte	0x85
 728 026f 01       		.byte	0x1
 729 0270 01       		.byte	0x1
 730 0271 10       		.uleb128 0x10
 731 0272 F1000000 		.4byte	.LASF26
 732 0276 01       		.byte	0x1
 733 0277 CB       		.byte	0xcb
 734 0278 85000000 		.4byte	0x85
 735 027c 01       		.byte	0x1
 736 027d 01       		.byte	0x1
 737 027e 10       		.uleb128 0x10
 738 027f D5000000 		.4byte	.LASF27
 739 0283 01       		.byte	0x1
 740 0284 D1       		.byte	0xd1
 741 0285 85000000 		.4byte	0x85
 742 0289 01       		.byte	0x1
 743 028a 01       		.byte	0x1
 744 028b 10       		.uleb128 0x10
 745 028c 12000000 		.4byte	.LASF28
 746 0290 01       		.byte	0x1
 747 0291 D7       		.byte	0xd7
 748 0292 85000000 		.4byte	0x85
 749 0296 01       		.byte	0x1
 750 0297 01       		.byte	0x1
 751 0298 10       		.uleb128 0x10
 752 0299 86010000 		.4byte	.LASF16
 753 029d 01       		.byte	0x1
 754 029e 8B       		.byte	0x8b
 755 029f 57000000 		.4byte	0x57
 756 02a3 01       		.byte	0x1
 757 02a4 01       		.byte	0x1
 758 02a5 10       		.uleb128 0x10
 759 02a6 F9010000 		.4byte	.LASF17
 760 02aa 01       		.byte	0x1
 761 02ab 93       		.byte	0x93
 762 02ac 57000000 		.4byte	0x57
 763 02b0 01       		.byte	0x1
 764 02b1 01       		.byte	0x1
 765 02b2 10       		.uleb128 0x10
 766 02b3 2F000000 		.4byte	.LASF18
 767 02b7 01       		.byte	0x1
 768 02b8 9A       		.byte	0x9a
 769 02b9 57000000 		.4byte	0x57
 770 02bd 01       		.byte	0x1
 771 02be 01       		.byte	0x1
 772 02bf 10       		.uleb128 0x10
 773 02c0 D0010000 		.4byte	.LASF19
 774 02c4 01       		.byte	0x1
 775 02c5 A1       		.byte	0xa1
 776 02c6 57000000 		.4byte	0x57
 777 02ca 01       		.byte	0x1
 778 02cb 01       		.byte	0x1
 779 02cc 10       		.uleb128 0x10
 780 02cd 2E010000 		.4byte	.LASF20
 781 02d1 01       		.byte	0x1
 782 02d2 A7       		.byte	0xa7
 783 02d3 57000000 		.4byte	0x57
ARM GAS  C:\Users\DNIEL~1\AppData\Local\Temp\ccmAEyoD.s 			page 15


 784 02d7 01       		.byte	0x1
 785 02d8 01       		.byte	0x1
 786 02d9 10       		.uleb128 0x10
 787 02da BE010000 		.4byte	.LASF21
 788 02de 01       		.byte	0x1
 789 02df AD       		.byte	0xad
 790 02e0 57000000 		.4byte	0x57
 791 02e4 01       		.byte	0x1
 792 02e5 01       		.byte	0x1
 793 02e6 10       		.uleb128 0x10
 794 02e7 0B000000 		.4byte	.LASF22
 795 02eb 01       		.byte	0x1
 796 02ec B3       		.byte	0xb3
 797 02ed 57000000 		.4byte	0x57
 798 02f1 01       		.byte	0x1
 799 02f2 01       		.byte	0x1
 800 02f3 10       		.uleb128 0x10
 801 02f4 00000000 		.4byte	.LASF23
 802 02f8 01       		.byte	0x1
 803 02f9 B9       		.byte	0xb9
 804 02fa 57000000 		.4byte	0x57
 805 02fe 01       		.byte	0x1
 806 02ff 01       		.byte	0x1
 807 0300 10       		.uleb128 0x10
 808 0301 E8000000 		.4byte	.LASF24
 809 0305 01       		.byte	0x1
 810 0306 BF       		.byte	0xbf
 811 0307 57000000 		.4byte	0x57
 812 030b 01       		.byte	0x1
 813 030c 01       		.byte	0x1
 814 030d 10       		.uleb128 0x10
 815 030e E6010000 		.4byte	.LASF25
 816 0312 01       		.byte	0x1
 817 0313 C5       		.byte	0xc5
 818 0314 85000000 		.4byte	0x85
 819 0318 01       		.byte	0x1
 820 0319 01       		.byte	0x1
 821 031a 10       		.uleb128 0x10
 822 031b F1000000 		.4byte	.LASF26
 823 031f 01       		.byte	0x1
 824 0320 CB       		.byte	0xcb
 825 0321 85000000 		.4byte	0x85
 826 0325 01       		.byte	0x1
 827 0326 01       		.byte	0x1
 828 0327 10       		.uleb128 0x10
 829 0328 D5000000 		.4byte	.LASF27
 830 032c 01       		.byte	0x1
 831 032d D1       		.byte	0xd1
 832 032e 85000000 		.4byte	0x85
 833 0332 01       		.byte	0x1
 834 0333 01       		.byte	0x1
 835 0334 10       		.uleb128 0x10
 836 0335 12000000 		.4byte	.LASF28
 837 0339 01       		.byte	0x1
 838 033a D7       		.byte	0xd7
 839 033b 85000000 		.4byte	0x85
 840 033f 01       		.byte	0x1
ARM GAS  C:\Users\DNIEL~1\AppData\Local\Temp\ccmAEyoD.s 			page 16


 841 0340 01       		.byte	0x1
 842 0341 00       		.byte	0x0
 843              		.section	.debug_abbrev
 844 0000 01       		.uleb128 0x1
 845 0001 11       		.uleb128 0x11
 846 0002 01       		.byte	0x1
 847 0003 25       		.uleb128 0x25
 848 0004 0E       		.uleb128 0xe
 849 0005 13       		.uleb128 0x13
 850 0006 0B       		.uleb128 0xb
 851 0007 03       		.uleb128 0x3
 852 0008 0E       		.uleb128 0xe
 853 0009 1B       		.uleb128 0x1b
 854 000a 0E       		.uleb128 0xe
 855 000b 11       		.uleb128 0x11
 856 000c 01       		.uleb128 0x1
 857 000d 52       		.uleb128 0x52
 858 000e 01       		.uleb128 0x1
 859 000f 55       		.uleb128 0x55
 860 0010 06       		.uleb128 0x6
 861 0011 10       		.uleb128 0x10
 862 0012 06       		.uleb128 0x6
 863 0013 00       		.byte	0x0
 864 0014 00       		.byte	0x0
 865 0015 02       		.uleb128 0x2
 866 0016 24       		.uleb128 0x24
 867 0017 00       		.byte	0x0
 868 0018 0B       		.uleb128 0xb
 869 0019 0B       		.uleb128 0xb
 870 001a 3E       		.uleb128 0x3e
 871 001b 0B       		.uleb128 0xb
 872 001c 03       		.uleb128 0x3
 873 001d 0E       		.uleb128 0xe
 874 001e 00       		.byte	0x0
 875 001f 00       		.byte	0x0
 876 0020 03       		.uleb128 0x3
 877 0021 16       		.uleb128 0x16
 878 0022 00       		.byte	0x0
 879 0023 03       		.uleb128 0x3
 880 0024 0E       		.uleb128 0xe
 881 0025 3A       		.uleb128 0x3a
 882 0026 0B       		.uleb128 0xb
 883 0027 3B       		.uleb128 0x3b
 884 0028 0B       		.uleb128 0xb
 885 0029 49       		.uleb128 0x49
 886 002a 13       		.uleb128 0x13
 887 002b 00       		.byte	0x0
 888 002c 00       		.byte	0x0
 889 002d 04       		.uleb128 0x4
 890 002e 24       		.uleb128 0x24
 891 002f 00       		.byte	0x0
 892 0030 0B       		.uleb128 0xb
 893 0031 0B       		.uleb128 0xb
 894 0032 3E       		.uleb128 0x3e
 895 0033 0B       		.uleb128 0xb
 896 0034 03       		.uleb128 0x3
 897 0035 08       		.uleb128 0x8
ARM GAS  C:\Users\DNIEL~1\AppData\Local\Temp\ccmAEyoD.s 			page 17


 898 0036 00       		.byte	0x0
 899 0037 00       		.byte	0x0
 900 0038 05       		.uleb128 0x5
 901 0039 0F       		.uleb128 0xf
 902 003a 00       		.byte	0x0
 903 003b 0B       		.uleb128 0xb
 904 003c 0B       		.uleb128 0xb
 905 003d 49       		.uleb128 0x49
 906 003e 13       		.uleb128 0x13
 907 003f 00       		.byte	0x0
 908 0040 00       		.byte	0x0
 909 0041 06       		.uleb128 0x6
 910 0042 15       		.uleb128 0x15
 911 0043 00       		.byte	0x0
 912 0044 27       		.uleb128 0x27
 913 0045 0C       		.uleb128 0xc
 914 0046 00       		.byte	0x0
 915 0047 00       		.byte	0x0
 916 0048 07       		.uleb128 0x7
 917 0049 2E       		.uleb128 0x2e
 918 004a 00       		.byte	0x0
 919 004b 3F       		.uleb128 0x3f
 920 004c 0C       		.uleb128 0xc
 921 004d 03       		.uleb128 0x3
 922 004e 0E       		.uleb128 0xe
 923 004f 3A       		.uleb128 0x3a
 924 0050 0B       		.uleb128 0xb
 925 0051 3B       		.uleb128 0x3b
 926 0052 0B       		.uleb128 0xb
 927 0053 27       		.uleb128 0x27
 928 0054 0C       		.uleb128 0xc
 929 0055 11       		.uleb128 0x11
 930 0056 01       		.uleb128 0x1
 931 0057 12       		.uleb128 0x12
 932 0058 01       		.uleb128 0x1
 933 0059 40       		.uleb128 0x40
 934 005a 0A       		.uleb128 0xa
 935 005b 00       		.byte	0x0
 936 005c 00       		.byte	0x0
 937 005d 08       		.uleb128 0x8
 938 005e 2E       		.uleb128 0x2e
 939 005f 00       		.byte	0x0
 940 0060 3F       		.uleb128 0x3f
 941 0061 0C       		.uleb128 0xc
 942 0062 03       		.uleb128 0x3
 943 0063 0E       		.uleb128 0xe
 944 0064 3A       		.uleb128 0x3a
 945 0065 0B       		.uleb128 0xb
 946 0066 3B       		.uleb128 0x3b
 947 0067 05       		.uleb128 0x5
 948 0068 27       		.uleb128 0x27
 949 0069 0C       		.uleb128 0xc
 950 006a 11       		.uleb128 0x11
 951 006b 01       		.uleb128 0x1
 952 006c 12       		.uleb128 0x12
 953 006d 01       		.uleb128 0x1
 954 006e 40       		.uleb128 0x40
ARM GAS  C:\Users\DNIEL~1\AppData\Local\Temp\ccmAEyoD.s 			page 18


 955 006f 0A       		.uleb128 0xa
 956 0070 00       		.byte	0x0
 957 0071 00       		.byte	0x0
 958 0072 09       		.uleb128 0x9
 959 0073 2E       		.uleb128 0x2e
 960 0074 01       		.byte	0x1
 961 0075 3F       		.uleb128 0x3f
 962 0076 0C       		.uleb128 0xc
 963 0077 03       		.uleb128 0x3
 964 0078 0E       		.uleb128 0xe
 965 0079 3A       		.uleb128 0x3a
 966 007a 0B       		.uleb128 0xb
 967 007b 3B       		.uleb128 0x3b
 968 007c 05       		.uleb128 0x5
 969 007d 27       		.uleb128 0x27
 970 007e 0C       		.uleb128 0xc
 971 007f 11       		.uleb128 0x11
 972 0080 01       		.uleb128 0x1
 973 0081 12       		.uleb128 0x12
 974 0082 01       		.uleb128 0x1
 975 0083 40       		.uleb128 0x40
 976 0084 0A       		.uleb128 0xa
 977 0085 01       		.uleb128 0x1
 978 0086 13       		.uleb128 0x13
 979 0087 00       		.byte	0x0
 980 0088 00       		.byte	0x0
 981 0089 0A       		.uleb128 0xa
 982 008a 34       		.uleb128 0x34
 983 008b 00       		.byte	0x0
 984 008c 03       		.uleb128 0x3
 985 008d 08       		.uleb128 0x8
 986 008e 3A       		.uleb128 0x3a
 987 008f 0B       		.uleb128 0xb
 988 0090 3B       		.uleb128 0x3b
 989 0091 05       		.uleb128 0x5
 990 0092 49       		.uleb128 0x49
 991 0093 13       		.uleb128 0x13
 992 0094 00       		.byte	0x0
 993 0095 00       		.byte	0x0
 994 0096 0B       		.uleb128 0xb
 995 0097 34       		.uleb128 0x34
 996 0098 00       		.byte	0x0
 997 0099 03       		.uleb128 0x3
 998 009a 08       		.uleb128 0x8
 999 009b 3A       		.uleb128 0x3a
 1000 009c 0B       		.uleb128 0xb
 1001 009d 3B       		.uleb128 0x3b
 1002 009e 05       		.uleb128 0x5
 1003 009f 49       		.uleb128 0x49
 1004 00a0 13       		.uleb128 0x13
 1005 00a1 1C       		.uleb128 0x1c
 1006 00a2 0B       		.uleb128 0xb
 1007 00a3 00       		.byte	0x0
 1008 00a4 00       		.byte	0x0
 1009 00a5 0C       		.uleb128 0xc
 1010 00a6 0B       		.uleb128 0xb
 1011 00a7 01       		.byte	0x1
ARM GAS  C:\Users\DNIEL~1\AppData\Local\Temp\ccmAEyoD.s 			page 19


 1012 00a8 11       		.uleb128 0x11
 1013 00a9 01       		.uleb128 0x1
 1014 00aa 12       		.uleb128 0x12
 1015 00ab 01       		.uleb128 0x1
 1016 00ac 01       		.uleb128 0x1
 1017 00ad 13       		.uleb128 0x13
 1018 00ae 00       		.byte	0x0
 1019 00af 00       		.byte	0x0
 1020 00b0 0D       		.uleb128 0xd
 1021 00b1 34       		.uleb128 0x34
 1022 00b2 00       		.byte	0x0
 1023 00b3 03       		.uleb128 0x3
 1024 00b4 08       		.uleb128 0x8
 1025 00b5 3A       		.uleb128 0x3a
 1026 00b6 0B       		.uleb128 0xb
 1027 00b7 3B       		.uleb128 0x3b
 1028 00b8 05       		.uleb128 0x5
 1029 00b9 49       		.uleb128 0x49
 1030 00ba 13       		.uleb128 0x13
 1031 00bb 02       		.uleb128 0x2
 1032 00bc 06       		.uleb128 0x6
 1033 00bd 00       		.byte	0x0
 1034 00be 00       		.byte	0x0
 1035 00bf 0E       		.uleb128 0xe
 1036 00c0 0B       		.uleb128 0xb
 1037 00c1 01       		.byte	0x1
 1038 00c2 55       		.uleb128 0x55
 1039 00c3 06       		.uleb128 0x6
 1040 00c4 01       		.uleb128 0x1
 1041 00c5 13       		.uleb128 0x13
 1042 00c6 00       		.byte	0x0
 1043 00c7 00       		.byte	0x0
 1044 00c8 0F       		.uleb128 0xf
 1045 00c9 0B       		.uleb128 0xb
 1046 00ca 01       		.byte	0x1
 1047 00cb 55       		.uleb128 0x55
 1048 00cc 06       		.uleb128 0x6
 1049 00cd 00       		.byte	0x0
 1050 00ce 00       		.byte	0x0
 1051 00cf 10       		.uleb128 0x10
 1052 00d0 34       		.uleb128 0x34
 1053 00d1 00       		.byte	0x0
 1054 00d2 03       		.uleb128 0x3
 1055 00d3 0E       		.uleb128 0xe
 1056 00d4 3A       		.uleb128 0x3a
 1057 00d5 0B       		.uleb128 0xb
 1058 00d6 3B       		.uleb128 0x3b
 1059 00d7 0B       		.uleb128 0xb
 1060 00d8 49       		.uleb128 0x49
 1061 00d9 13       		.uleb128 0x13
 1062 00da 3F       		.uleb128 0x3f
 1063 00db 0C       		.uleb128 0xc
 1064 00dc 3C       		.uleb128 0x3c
 1065 00dd 0C       		.uleb128 0xc
 1066 00de 00       		.byte	0x0
 1067 00df 00       		.byte	0x0
 1068 00e0 00       		.byte	0x0
ARM GAS  C:\Users\DNIEL~1\AppData\Local\Temp\ccmAEyoD.s 			page 20


 1069              		.section	.debug_pubnames,"",%progbits
 1070 0000 52000000 		.4byte	0x52
 1071 0004 0200     		.2byte	0x2
 1072 0006 00000000 		.4byte	.Ldebug_info0
 1073 000a 42030000 		.4byte	0x342
 1074 000e A9000000 		.4byte	0xa9
 1075 0012 5F5F6561 		.ascii	"__early_init\000"
 1075      726C795F 
 1075      696E6974 
 1075      00
 1076 001f BD000000 		.4byte	0xbd
 1077 0023 5F5F6C61 		.ascii	"__late_init\000"
 1077      74655F69 
 1077      6E697400 
 1078 002f D1000000 		.4byte	0xd1
 1079 0033 5F646566 		.ascii	"_default_exit\000"
 1079      61756C74 
 1079      5F657869 
 1079      7400
 1080 0041 E6000000 		.4byte	0xe6
 1081 0045 52657365 		.ascii	"ResetHandler\000"
 1081      7448616E 
 1081      646C6572 
 1081      00
 1082 0052 00000000 		.4byte	0x0
 1083              		.section	.debug_pubtypes,"",%progbits
 1084 0000 40000000 		.4byte	0x40
 1085 0004 0200     		.2byte	0x2
 1086 0006 00000000 		.4byte	.Ldebug_info0
 1087 000a 42030000 		.4byte	0x342
 1088 000e 30000000 		.4byte	0x30
 1089 0012 75696E74 		.ascii	"uint8_t\000"
 1089      385F7400 
 1090 001a 57000000 		.4byte	0x57
 1091 001e 75696E74 		.ascii	"uint32_t\000"
 1091      33325F74 
 1091      00
 1092 0027 85000000 		.4byte	0x85
 1093 002b 66756E63 		.ascii	"funcp_t\000"
 1093      705F7400 
 1094 0033 98000000 		.4byte	0x98
 1095 0037 66756E63 		.ascii	"funcpp_t\000"
 1095      70705F74 
 1095      00
 1096 0040 00000000 		.4byte	0x0
 1097              		.section	.debug_aranges,"",%progbits
 1098 0000 34000000 		.4byte	0x34
 1099 0004 0200     		.2byte	0x2
 1100 0006 00000000 		.4byte	.Ldebug_info0
 1101 000a 04       		.byte	0x4
 1102 000b 00       		.byte	0x0
 1103 000c 0000     		.2byte	0x0
 1104 000e 0000     		.2byte	0x0
 1105 0010 00000000 		.4byte	.LFB0
 1106 0014 02000000 		.4byte	.LFE0-.LFB0
 1107 0018 00000000 		.4byte	.LFB1
 1108 001c 02000000 		.4byte	.LFE1-.LFB1
ARM GAS  C:\Users\DNIEL~1\AppData\Local\Temp\ccmAEyoD.s 			page 21


 1109 0020 00000000 		.4byte	.LFB2
 1110 0024 02000000 		.4byte	.LFE2-.LFB2
 1111 0028 00000000 		.4byte	.LFB3
 1112 002c C4010000 		.4byte	.LFE3-.LFB3
 1113 0030 00000000 		.4byte	0x0
 1114 0034 00000000 		.4byte	0x0
 1115              		.section	.debug_ranges,"",%progbits
 1116              	.Ldebug_ranges0:
 1117 0000 0A010000 		.4byte	.LBB6
 1118 0004 0E010000 		.4byte	.LBE6
 1119 0008 12010000 		.4byte	.LBB7
 1120 000c 4A010000 		.4byte	.LBE7
 1121 0010 00000000 		.4byte	0x0
 1122 0014 00000000 		.4byte	0x0
 1123 0018 4A010000 		.4byte	.LBB8
 1124 001c 4E010000 		.4byte	.LBE8
 1125 0020 52010000 		.4byte	.LBB9
 1126 0024 8C010000 		.4byte	.LBE9
 1127 0028 00000000 		.4byte	0x0
 1128 002c 00000000 		.4byte	0x0
 1129 0030 00000000 		.4byte	.LFB0
 1130 0034 02000000 		.4byte	.LFE0
 1131 0038 00000000 		.4byte	.LFB1
 1132 003c 02000000 		.4byte	.LFE1
 1133 0040 00000000 		.4byte	.LFB2
 1134 0044 02000000 		.4byte	.LFE2
 1135 0048 00000000 		.4byte	.LFB3
 1136 004c C4010000 		.4byte	.LFE3
 1137 0050 00000000 		.4byte	0x0
 1138 0054 00000000 		.4byte	0x0
 1139              		.section	.debug_str,"MS",%progbits,1
 1140              	.LASF23:
 1141 0000 5F627373 		.ascii	"_bss_start\000"
 1141      5F737461 
 1141      727400
 1142              	.LASF22:
 1143 000b 5F656461 		.ascii	"_edata\000"
 1143      746100
 1144              	.LASF28:
 1145 0012 5F5F6669 		.ascii	"__fini_array_end\000"
 1145      6E695F61 
 1145      72726179 
 1145      5F656E64 
 1145      00
 1146              	.LASF29:
 1147 0023 474E5520 		.ascii	"GNU C 4.5.2\000"
 1147      4320342E 
 1147      352E3200 
 1148              	.LASF18:
 1149 002f 5F5F7072 		.ascii	"__process_stack_base__\000"
 1149      6F636573 
 1149      735F7374 
 1149      61636B5F 
 1149      62617365 
 1150              	.LASF30:
 1151 0046 2E2E2F2E 		.ascii	"../../../ChibiOS/os/ports/GCC/ARMCMx/crt0.c\000"
 1151      2E2F2E2E 
ARM GAS  C:\Users\DNIEL~1\AppData\Local\Temp\ccmAEyoD.s 			page 22


 1151      2F436869 
 1151      62694F53 
 1151      2F6F732F 
 1152              	.LASF12:
 1153 0072 66756E63 		.ascii	"funcpp_t\000"
 1153      70705F74 
 1153      00
 1154              	.LASF15:
 1155 007b 5F646566 		.ascii	"_default_exit\000"
 1155      61756C74 
 1155      5F657869 
 1155      7400
 1156              	.LASF1:
 1157 0089 756E7369 		.ascii	"unsigned char\000"
 1157      676E6564 
 1157      20636861 
 1157      7200
 1158              	.LASF14:
 1159 0097 5F5F6C61 		.ascii	"__late_init\000"
 1159      74655F69 
 1159      6E697400 
 1160              	.LASF7:
 1161 00a3 6C6F6E67 		.ascii	"long unsigned int\000"
 1161      20756E73 
 1161      69676E65 
 1161      6420696E 
 1161      7400
 1162              	.LASF32:
 1163 00b5 52657365 		.ascii	"ResetHandler\000"
 1163      7448616E 
 1163      646C6572 
 1163      00
 1164              	.LASF3:
 1165 00c2 73686F72 		.ascii	"short unsigned int\000"
 1165      7420756E 
 1165      7369676E 
 1165      65642069 
 1165      6E7400
 1166              	.LASF27:
 1167 00d5 5F5F6669 		.ascii	"__fini_array_start\000"
 1167      6E695F61 
 1167      72726179 
 1167      5F737461 
 1167      727400
 1168              	.LASF24:
 1169 00e8 5F627373 		.ascii	"_bss_end\000"
 1169      5F656E64 
 1169      00
 1170              	.LASF26:
 1171 00f1 5F5F696E 		.ascii	"__init_array_end\000"
 1171      69745F61 
 1171      72726179 
 1171      5F656E64 
 1171      00
 1172              	.LASF10:
 1173 0102 756E7369 		.ascii	"unsigned int\000"
 1173      676E6564 
ARM GAS  C:\Users\DNIEL~1\AppData\Local\Temp\ccmAEyoD.s 			page 23


 1173      20696E74 
 1173      00
 1174              	.LASF9:
 1175 010f 6C6F6E67 		.ascii	"long long unsigned int\000"
 1175      206C6F6E 
 1175      6720756E 
 1175      7369676E 
 1175      65642069 
 1176              	.LASF5:
 1177 0126 75696E74 		.ascii	"uint8_t\000"
 1177      385F7400 
 1178              	.LASF20:
 1179 012e 5F746578 		.ascii	"_textdata\000"
 1179      74646174 
 1179      6100
 1180              	.LASF13:
 1181 0138 5F5F6561 		.ascii	"__early_init\000"
 1181      726C795F 
 1181      696E6974 
 1181      00
 1182              	.LASF8:
 1183 0145 6C6F6E67 		.ascii	"long long int\000"
 1183      206C6F6E 
 1183      6720696E 
 1183      7400
 1184              	.LASF31:
 1185 0153 433A5C44 		.ascii	"C:\\Dani\\MegaLux\\Repo\\Smarty\\Smarty\\smarty\\fi"
 1185      616E695C 
 1185      4D656761 
 1185      4C75785C 
 1185      5265706F 
 1186 017f 726D7761 		.ascii	"rmware\000"
 1186      726500
 1187              	.LASF16:
 1188 0186 5F5F6D61 		.ascii	"__main_stack_base__\000"
 1188      696E5F73 
 1188      7461636B 
 1188      5F626173 
 1188      655F5F00 
 1189              	.LASF2:
 1190 019a 73686F72 		.ascii	"short int\000"
 1190      7420696E 
 1190      7400
 1191              	.LASF11:
 1192 01a4 66756E63 		.ascii	"funcp_t\000"
 1192      705F7400 
 1193              	.LASF6:
 1194 01ac 75696E74 		.ascii	"uint32_t\000"
 1194      33325F74 
 1194      00
 1195              	.LASF4:
 1196 01b5 6C6F6E67 		.ascii	"long int\000"
 1196      20696E74 
 1196      00
 1197              	.LASF21:
 1198 01be 5F646174 		.ascii	"_data\000"
 1198      6100
ARM GAS  C:\Users\DNIEL~1\AppData\Local\Temp\ccmAEyoD.s 			page 24


 1199              	.LASF0:
 1200 01c4 7369676E 		.ascii	"signed char\000"
 1200      65642063 
 1200      68617200 
 1201              	.LASF19:
 1202 01d0 5F5F7072 		.ascii	"__process_stack_end__\000"
 1202      6F636573 
 1202      735F7374 
 1202      61636B5F 
 1202      656E645F 
 1203              	.LASF25:
 1204 01e6 5F5F696E 		.ascii	"__init_array_start\000"
 1204      69745F61 
 1204      72726179 
 1204      5F737461 
 1204      727400
 1205              	.LASF17:
 1206 01f9 5F5F6D61 		.ascii	"__main_stack_end__\000"
 1206      696E5F73 
 1206      7461636B 
 1206      5F656E64 
 1206      5F5F00
 1207              		.ident	"GCC: (Sourcery G++ Lite 2011.03-42) 4.5.2"
ARM GAS  C:\Users\DNIEL~1\AppData\Local\Temp\ccmAEyoD.s 			page 25


DEFINED SYMBOLS
                            *ABS*:00000000 crt0.c
C:\Users\DNIEL~1\AppData\Local\Temp\ccmAEyoD.s:24     .text.__early_init:00000000 $t
C:\Users\DNIEL~1\AppData\Local\Temp\ccmAEyoD.s:30     .text.__early_init:00000000 __early_init
C:\Users\DNIEL~1\AppData\Local\Temp\ccmAEyoD.s:44     .text.__late_init:00000000 $t
C:\Users\DNIEL~1\AppData\Local\Temp\ccmAEyoD.s:50     .text.__late_init:00000000 __late_init
C:\Users\DNIEL~1\AppData\Local\Temp\ccmAEyoD.s:63     .text._default_exit:00000000 $t
C:\Users\DNIEL~1\AppData\Local\Temp\ccmAEyoD.s:69     .text._default_exit:00000000 _default_exit
C:\Users\DNIEL~1\AppData\Local\Temp\ccmAEyoD.s:82     .text.ResetHandler:00000000 $t
C:\Users\DNIEL~1\AppData\Local\Temp\ccmAEyoD.s:88     .text.ResetHandler:00000000 ResetHandler
C:\Users\DNIEL~1\AppData\Local\Temp\ccmAEyoD.s:372    .text.ResetHandler:00000190 $d
                     .debug_frame:00000010 $d
C:\Users\DNIEL~1\AppData\Local\Temp\ccmAEyoD.s:388    .text.ResetHandler:000001c4 $t

UNDEFINED SYMBOLS
main
__process_stack_end__
__main_stack_base__
__main_stack_end__
__process_stack_base__
_edata
_data
_textdata
_bss_start
_bss_end
__init_array_start
__init_array_end
__fini_array_start
__fini_array_end
