ARM GAS  C:\Users\danit\AppData\Local\Temp\ccmaZyD8.s 			page 1


   1              		.syntax unified
   2              		.cpu cortex-m4
   3              		.fpu softvfp
   4              		.eabi_attribute 20, 1
   5              		.eabi_attribute 21, 1
   6              		.eabi_attribute 23, 3
   7              		.eabi_attribute 24, 1
   8              		.eabi_attribute 25, 1
   9              		.eabi_attribute 26, 1
  10              		.eabi_attribute 30, 2
  11              		.eabi_attribute 34, 1
  12              		.eabi_attribute 18, 4
  13              		.thumb
  14              		.file	"fatfs_syscall.c"
  15              		.text
  16              	.Ltext0:
  17              		.cfi_sections	.debug_frame
  18              		.section	.text.ff_memalloc,"ax",%progbits
  19              		.align	2
  20              		.p2align 4,,15
  21              		.global	ff_memalloc
  22              		.thumb
  23              		.thumb_func
  24              		.type	ff_memalloc, %function
  25              	ff_memalloc:
  26              	.LFB7:
  27              		.file 1 "../../../ChibiOS/os/various/fatfs_bindings/fatfs_syscall.c"
  28              		.loc 1 72 0
  29              		.cfi_startproc
  30              		@ args = 0, pretend = 0, frame = 0
  31              		@ frame_needed = 0, uses_anonymous_args = 0
  32              		@ link register save eliminated.
  33              	.LVL0:
  34              		.loc 1 72 0
  35 0000 0146     		mov	r1, r0
  36              		.loc 1 74 0
  37 0002 0020     		movs	r0, #0
  38              	.LVL1:
  39 0004 FFF7FEBF 		b	chHeapAlloc
  40              	.LVL2:
  41              		.cfi_endproc
  42              	.LFE7:
  43              		.size	ff_memalloc, .-ff_memalloc
  44              		.section	.text.ff_memfree,"ax",%progbits
  45              		.align	2
  46              		.p2align 4,,15
  47              		.global	ff_memfree
  48              		.thumb
  49              		.thumb_func
  50              		.type	ff_memfree, %function
  51              	ff_memfree:
  52              	.LFB8:
  53              		.loc 1 80 0
  54              		.cfi_startproc
  55              		@ args = 0, pretend = 0, frame = 0
  56              		@ frame_needed = 0, uses_anonymous_args = 0
  57              		@ link register save eliminated.
ARM GAS  C:\Users\danit\AppData\Local\Temp\ccmaZyD8.s 			page 2


  58              	.LVL3:
  59              		.loc 1 82 0
  60 0000 FFF7FEBF 		b	chHeapFree
  61              	.LVL4:
  62              		.cfi_endproc
  63              	.LFE8:
  64              		.size	ff_memfree, .-ff_memfree
  65              		.text
  66              	.Letext0:
  67              		.file 2 "c:\\program files (x86)\\gnu tools arm embedded\\4.9 2015q2\\lib\\gcc\\arm-none-eabi\\4.9
  68              		.file 3 "c:\\program files (x86)\\gnu tools arm embedded\\4.9 2015q2\\arm-none-eabi\\include\\mach
  69              		.file 4 "c:\\program files (x86)\\gnu tools arm embedded\\4.9 2015q2\\arm-none-eabi\\include\\sys\
  70              		.file 5 "../../../ChibiOS/os/ports/GCC/ARMCMx/chtypes.h"
  71              		.file 6 "../../../ChibiOS/os/kernel/include/chlists.h"
  72              		.file 7 "../../../ChibiOS/os/kernel/include/chthreads.h"
  73              		.file 8 "../../../ChibiOS/os/ports/GCC/ARMCMx/chcore_v7m.h"
  74              		.file 9 "../../../ChibiOS/os/kernel/include/chmtx.h"
  75              		.file 10 "../../../ChibiOS/os/kernel/include/chmemcore.h"
  76              		.file 11 "../../../ChibiOS/os/kernel/include/chheap.h"
  77              		.file 12 "../../../ChibiOS/ext/fatfs/src/integer.h"
  78              		.section	.debug_info,"",%progbits
  79              	.Ldebug_info0:
  80 0000 42050000 		.4byte	0x542
  81 0004 0400     		.2byte	0x4
  82 0006 00000000 		.4byte	.Ldebug_abbrev0
  83 000a 04       		.byte	0x4
  84 000b 01       		.uleb128 0x1
  85 000c E5020000 		.4byte	.LASF75
  86 0010 01       		.byte	0x1
  87 0011 B8000000 		.4byte	.LASF76
  88 0015 D5030000 		.4byte	.LASF77
  89 0019 00000000 		.4byte	.Ldebug_ranges0+0
  90 001d 00000000 		.4byte	0
  91 0021 00000000 		.4byte	.Ldebug_line0
  92 0025 02       		.uleb128 0x2
  93 0026 04       		.byte	0x4
  94 0027 05       		.byte	0x5
  95 0028 696E7400 		.ascii	"int\000"
  96 002c 03       		.uleb128 0x3
  97 002d 06000000 		.4byte	.LASF2
  98 0031 02       		.byte	0x2
  99 0032 D4       		.byte	0xd4
 100 0033 37000000 		.4byte	0x37
 101 0037 04       		.uleb128 0x4
 102 0038 04       		.byte	0x4
 103 0039 07       		.byte	0x7
 104 003a 27010000 		.4byte	.LASF0
 105 003e 04       		.uleb128 0x4
 106 003f 01       		.byte	0x1
 107 0040 06       		.byte	0x6
 108 0041 75000000 		.4byte	.LASF1
 109 0045 03       		.uleb128 0x3
 110 0046 1D000000 		.4byte	.LASF3
 111 004a 03       		.byte	0x3
 112 004b 1D       		.byte	0x1d
 113 004c 50000000 		.4byte	0x50
 114 0050 04       		.uleb128 0x4
ARM GAS  C:\Users\danit\AppData\Local\Temp\ccmaZyD8.s 			page 3


 115 0051 01       		.byte	0x1
 116 0052 08       		.byte	0x8
 117 0053 0D020000 		.4byte	.LASF4
 118 0057 04       		.uleb128 0x4
 119 0058 02       		.byte	0x2
 120 0059 05       		.byte	0x5
 121 005a 30020000 		.4byte	.LASF5
 122 005e 04       		.uleb128 0x4
 123 005f 02       		.byte	0x2
 124 0060 07       		.byte	0x7
 125 0061 63010000 		.4byte	.LASF6
 126 0065 03       		.uleb128 0x3
 127 0066 BB020000 		.4byte	.LASF7
 128 006a 03       		.byte	0x3
 129 006b 3F       		.byte	0x3f
 130 006c 70000000 		.4byte	0x70
 131 0070 04       		.uleb128 0x4
 132 0071 04       		.byte	0x4
 133 0072 05       		.byte	0x5
 134 0073 F3000000 		.4byte	.LASF8
 135 0077 03       		.uleb128 0x3
 136 0078 0D010000 		.4byte	.LASF9
 137 007c 03       		.byte	0x3
 138 007d 41       		.byte	0x41
 139 007e 82000000 		.4byte	0x82
 140 0082 04       		.uleb128 0x4
 141 0083 04       		.byte	0x4
 142 0084 07       		.byte	0x7
 143 0085 44010000 		.4byte	.LASF10
 144 0089 04       		.uleb128 0x4
 145 008a 08       		.byte	0x8
 146 008b 05       		.byte	0x5
 147 008c 67000000 		.4byte	.LASF11
 148 0090 03       		.uleb128 0x3
 149 0091 DD010000 		.4byte	.LASF12
 150 0095 03       		.byte	0x3
 151 0096 5B       		.byte	0x5b
 152 0097 9B000000 		.4byte	0x9b
 153 009b 04       		.uleb128 0x4
 154 009c 08       		.byte	0x8
 155 009d 07       		.byte	0x7
 156 009e 34000000 		.4byte	.LASF13
 157 00a2 03       		.uleb128 0x3
 158 00a3 BF030000 		.4byte	.LASF14
 159 00a7 04       		.byte	0x4
 160 00a8 14       		.byte	0x14
 161 00a9 45000000 		.4byte	0x45
 162 00ad 03       		.uleb128 0x3
 163 00ae 05020000 		.4byte	.LASF15
 164 00b2 04       		.byte	0x4
 165 00b3 1F       		.byte	0x1f
 166 00b4 65000000 		.4byte	0x65
 167 00b8 03       		.uleb128 0x3
 168 00b9 8C020000 		.4byte	.LASF16
 169 00bd 04       		.byte	0x4
 170 00be 20       		.byte	0x20
 171 00bf 77000000 		.4byte	0x77
ARM GAS  C:\Users\danit\AppData\Local\Temp\ccmaZyD8.s 			page 4


 172 00c3 03       		.uleb128 0x3
 173 00c4 14000000 		.4byte	.LASF17
 174 00c8 04       		.byte	0x4
 175 00c9 26       		.byte	0x26
 176 00ca 90000000 		.4byte	0x90
 177 00ce 04       		.uleb128 0x4
 178 00cf 01       		.byte	0x1
 179 00d0 02       		.byte	0x2
 180 00d1 FF010000 		.4byte	.LASF18
 181 00d5 03       		.uleb128 0x3
 182 00d6 7C010000 		.4byte	.LASF19
 183 00da 05       		.byte	0x5
 184 00db 2C       		.byte	0x2c
 185 00dc A2000000 		.4byte	0xa2
 186 00e0 03       		.uleb128 0x3
 187 00e1 FC000000 		.4byte	.LASF20
 188 00e5 05       		.byte	0x5
 189 00e6 2D       		.byte	0x2d
 190 00e7 A2000000 		.4byte	0xa2
 191 00eb 03       		.uleb128 0x3
 192 00ec E8010000 		.4byte	.LASF21
 193 00f0 05       		.byte	0x5
 194 00f1 2E       		.byte	0x2e
 195 00f2 A2000000 		.4byte	0xa2
 196 00f6 03       		.uleb128 0x3
 197 00f7 AE000000 		.4byte	.LASF22
 198 00fb 05       		.byte	0x5
 199 00fc 2F       		.byte	0x2f
 200 00fd A2000000 		.4byte	0xa2
 201 0101 03       		.uleb128 0x3
 202 0102 F7010000 		.4byte	.LASF23
 203 0106 05       		.byte	0x5
 204 0107 30       		.byte	0x30
 205 0108 B8000000 		.4byte	0xb8
 206 010c 03       		.uleb128 0x3
 207 010d 76010000 		.4byte	.LASF24
 208 0111 05       		.byte	0x5
 209 0112 31       		.byte	0x31
 210 0113 AD000000 		.4byte	0xad
 211 0117 03       		.uleb128 0x3
 212 0118 90010000 		.4byte	.LASF25
 213 011c 05       		.byte	0x5
 214 011d 33       		.byte	0x33
 215 011e B8000000 		.4byte	0xb8
 216 0122 03       		.uleb128 0x3
 217 0123 A6020000 		.4byte	.LASF26
 218 0127 05       		.byte	0x5
 219 0128 35       		.byte	0x35
 220 0129 B8000000 		.4byte	0xb8
 221 012d 03       		.uleb128 0x3
 222 012e 6E020000 		.4byte	.LASF27
 223 0132 06       		.byte	0x6
 224 0133 2A       		.byte	0x2a
 225 0134 38010000 		.4byte	0x138
 226 0138 05       		.uleb128 0x5
 227 0139 6E020000 		.4byte	.LASF27
 228 013d 48       		.byte	0x48
ARM GAS  C:\Users\danit\AppData\Local\Temp\ccmaZyD8.s 			page 5


 229 013e 07       		.byte	0x7
 230 013f 5E       		.byte	0x5e
 231 0140 35020000 		.4byte	0x235
 232 0144 06       		.uleb128 0x6
 233 0145 5F020000 		.4byte	.LASF28
 234 0149 07       		.byte	0x7
 235 014a 5F       		.byte	0x5f
 236 014b 56020000 		.4byte	0x256
 237 014f 00       		.byte	0
 238 0150 06       		.uleb128 0x6
 239 0151 F0010000 		.4byte	.LASF29
 240 0155 07       		.byte	0x7
 241 0156 61       		.byte	0x61
 242 0157 56020000 		.4byte	0x256
 243 015b 04       		.byte	0x4
 244 015c 06       		.uleb128 0x6
 245 015d 60000000 		.4byte	.LASF30
 246 0161 07       		.byte	0x7
 247 0162 63       		.byte	0x63
 248 0163 01010000 		.4byte	0x101
 249 0167 08       		.byte	0x8
 250 0168 06       		.uleb128 0x6
 251 0169 10040000 		.4byte	.LASF31
 252 016d 07       		.byte	0x7
 253 016e 64       		.byte	0x64
 254 016f 1B030000 		.4byte	0x31b
 255 0173 0C       		.byte	0xc
 256 0174 06       		.uleb128 0x6
 257 0175 05010000 		.4byte	.LASF32
 258 0179 07       		.byte	0x7
 259 017a 66       		.byte	0x66
 260 017b 56020000 		.4byte	0x256
 261 017f 10       		.byte	0x10
 262 0180 06       		.uleb128 0x6
 263 0181 BD010000 		.4byte	.LASF33
 264 0185 07       		.byte	0x7
 265 0186 67       		.byte	0x67
 266 0187 56020000 		.4byte	0x256
 267 018b 14       		.byte	0x14
 268 018c 06       		.uleb128 0x6
 269 018d CE030000 		.4byte	.LASF34
 270 0191 07       		.byte	0x7
 271 0192 6E       		.byte	0x6e
 272 0193 86040000 		.4byte	0x486
 273 0197 18       		.byte	0x18
 274 0198 06       		.uleb128 0x6
 275 0199 3A020000 		.4byte	.LASF35
 276 019d 07       		.byte	0x7
 277 019e 79       		.byte	0x79
 278 019f E0000000 		.4byte	0xe0
 279 01a3 1C       		.byte	0x1c
 280 01a4 06       		.uleb128 0x6
 281 01a5 66020000 		.4byte	.LASF36
 282 01a9 07       		.byte	0x7
 283 01aa 7D       		.byte	0x7d
 284 01ab D5000000 		.4byte	0xd5
 285 01af 1D       		.byte	0x1d
ARM GAS  C:\Users\danit\AppData\Local\Temp\ccmaZyD8.s 			page 6


 286 01b0 06       		.uleb128 0x6
 287 01b1 DE020000 		.4byte	.LASF37
 288 01b5 07       		.byte	0x7
 289 01b6 82       		.byte	0x82
 290 01b7 EB000000 		.4byte	0xeb
 291 01bb 1E       		.byte	0x1e
 292 01bc 06       		.uleb128 0x6
 293 01bd 42020000 		.4byte	.LASF38
 294 01c1 07       		.byte	0x7
 295 01c2 88       		.byte	0x88
 296 01c3 F6000000 		.4byte	0xf6
 297 01c7 1F       		.byte	0x1f
 298 01c8 06       		.uleb128 0x6
 299 01c9 C5020000 		.4byte	.LASF39
 300 01cd 07       		.byte	0x7
 301 01ce 8F       		.byte	0x8f
 302 01cf 43030000 		.4byte	0x343
 303 01d3 20       		.byte	0x20
 304 01d4 07       		.uleb128 0x7
 305 01d5 705F7500 		.ascii	"p_u\000"
 306 01d9 07       		.byte	0x7
 307 01da B4       		.byte	0xb4
 308 01db 51040000 		.4byte	0x451
 309 01df 24       		.byte	0x24
 310 01e0 06       		.uleb128 0x6
 311 01e1 16040000 		.4byte	.LASF40
 312 01e5 07       		.byte	0x7
 313 01e6 B9       		.byte	0xb9
 314 01e7 7C020000 		.4byte	0x27c
 315 01eb 28       		.byte	0x28
 316 01ec 06       		.uleb128 0x6
 317 01ed D3020000 		.4byte	.LASF41
 318 01f1 07       		.byte	0x7
 319 01f2 BF       		.byte	0xbf
 320 01f3 5C020000 		.4byte	0x25c
 321 01f7 2C       		.byte	0x2c
 322 01f8 06       		.uleb128 0x6
 323 01f9 00000000 		.4byte	.LASF42
 324 01fd 07       		.byte	0x7
 325 01fe C3       		.byte	0xc3
 326 01ff 0C010000 		.4byte	0x10c
 327 0203 34       		.byte	0x34
 328 0204 06       		.uleb128 0x6
 329 0205 81020000 		.4byte	.LASF43
 330 0209 07       		.byte	0x7
 331 020a C9       		.byte	0xc9
 332 020b 17010000 		.4byte	0x117
 333 020f 38       		.byte	0x38
 334 0210 06       		.uleb128 0x6
 335 0211 26020000 		.4byte	.LASF44
 336 0215 07       		.byte	0x7
 337 0216 D0       		.byte	0xd0
 338 0217 98040000 		.4byte	0x498
 339 021b 3C       		.byte	0x3c
 340 021c 06       		.uleb128 0x6
 341 021d B0020000 		.4byte	.LASF45
 342 0221 07       		.byte	0x7
ARM GAS  C:\Users\danit\AppData\Local\Temp\ccmaZyD8.s 			page 7


 343 0222 D4       		.byte	0xd4
 344 0223 01010000 		.4byte	0x101
 345 0227 40       		.byte	0x40
 346 0228 06       		.uleb128 0x6
 347 0229 87000000 		.4byte	.LASF46
 348 022d 07       		.byte	0x7
 349 022e DA       		.byte	0xda
 350 022f 92020000 		.4byte	0x292
 351 0233 44       		.byte	0x44
 352 0234 00       		.byte	0
 353 0235 08       		.uleb128 0x8
 354 0236 08       		.byte	0x8
 355 0237 06       		.byte	0x6
 356 0238 61       		.byte	0x61
 357 0239 56020000 		.4byte	0x256
 358 023d 06       		.uleb128 0x6
 359 023e 5F020000 		.4byte	.LASF28
 360 0242 06       		.byte	0x6
 361 0243 62       		.byte	0x62
 362 0244 56020000 		.4byte	0x256
 363 0248 00       		.byte	0
 364 0249 06       		.uleb128 0x6
 365 024a F0010000 		.4byte	.LASF29
 366 024e 06       		.byte	0x6
 367 024f 64       		.byte	0x64
 368 0250 56020000 		.4byte	0x256
 369 0254 04       		.byte	0x4
 370 0255 00       		.byte	0
 371 0256 09       		.uleb128 0x9
 372 0257 04       		.byte	0x4
 373 0258 2D010000 		.4byte	0x12d
 374 025c 03       		.uleb128 0x3
 375 025d C5010000 		.4byte	.LASF47
 376 0261 06       		.byte	0x6
 377 0262 66       		.byte	0x66
 378 0263 35020000 		.4byte	0x235
 379 0267 08       		.uleb128 0x8
 380 0268 04       		.byte	0x4
 381 0269 06       		.byte	0x6
 382 026a 6B       		.byte	0x6b
 383 026b 7C020000 		.4byte	0x27c
 384 026f 06       		.uleb128 0x6
 385 0270 5F020000 		.4byte	.LASF28
 386 0274 06       		.byte	0x6
 387 0275 6D       		.byte	0x6d
 388 0276 56020000 		.4byte	0x256
 389 027a 00       		.byte	0
 390 027b 00       		.byte	0
 391 027c 03       		.uleb128 0x3
 392 027d 84010000 		.4byte	.LASF48
 393 0281 06       		.byte	0x6
 394 0282 70       		.byte	0x70
 395 0283 67020000 		.4byte	0x267
 396 0287 03       		.uleb128 0x3
 397 0288 18010000 		.4byte	.LASF49
 398 028c 08       		.byte	0x8
 399 028d E5       		.byte	0xe5
ARM GAS  C:\Users\danit\AppData\Local\Temp\ccmaZyD8.s 			page 8


 400 028e 92020000 		.4byte	0x292
 401 0292 0A       		.uleb128 0xa
 402 0293 04       		.byte	0x4
 403 0294 03       		.uleb128 0x3
 404 0295 A2010000 		.4byte	.LASF50
 405 0299 08       		.byte	0x8
 406 029a EB       		.byte	0xeb
 407 029b C3000000 		.4byte	0xc3
 408 029f 0B       		.uleb128 0xb
 409 02a0 CC020000 		.4byte	.LASF51
 410 02a4 24       		.byte	0x24
 411 02a5 08       		.byte	0x8
 412 02a6 0C01     		.2byte	0x10c
 413 02a8 1B030000 		.4byte	0x31b
 414 02ac 0C       		.uleb128 0xc
 415 02ad 723400   		.ascii	"r4\000"
 416 02b0 08       		.byte	0x8
 417 02b1 1F01     		.2byte	0x11f
 418 02b3 87020000 		.4byte	0x287
 419 02b7 00       		.byte	0
 420 02b8 0C       		.uleb128 0xc
 421 02b9 723500   		.ascii	"r5\000"
 422 02bc 08       		.byte	0x8
 423 02bd 2001     		.2byte	0x120
 424 02bf 87020000 		.4byte	0x287
 425 02c3 04       		.byte	0x4
 426 02c4 0C       		.uleb128 0xc
 427 02c5 723600   		.ascii	"r6\000"
 428 02c8 08       		.byte	0x8
 429 02c9 2101     		.2byte	0x121
 430 02cb 87020000 		.4byte	0x287
 431 02cf 08       		.byte	0x8
 432 02d0 0C       		.uleb128 0xc
 433 02d1 723700   		.ascii	"r7\000"
 434 02d4 08       		.byte	0x8
 435 02d5 2201     		.2byte	0x122
 436 02d7 87020000 		.4byte	0x287
 437 02db 0C       		.byte	0xc
 438 02dc 0C       		.uleb128 0xc
 439 02dd 723800   		.ascii	"r8\000"
 440 02e0 08       		.byte	0x8
 441 02e1 2301     		.2byte	0x123
 442 02e3 87020000 		.4byte	0x287
 443 02e7 10       		.byte	0x10
 444 02e8 0C       		.uleb128 0xc
 445 02e9 723900   		.ascii	"r9\000"
 446 02ec 08       		.byte	0x8
 447 02ed 2401     		.2byte	0x124
 448 02ef 87020000 		.4byte	0x287
 449 02f3 14       		.byte	0x14
 450 02f4 0C       		.uleb128 0xc
 451 02f5 72313000 		.ascii	"r10\000"
 452 02f9 08       		.byte	0x8
 453 02fa 2501     		.2byte	0x125
 454 02fc 87020000 		.4byte	0x287
 455 0300 18       		.byte	0x18
 456 0301 0C       		.uleb128 0xc
ARM GAS  C:\Users\danit\AppData\Local\Temp\ccmaZyD8.s 			page 9


 457 0302 72313100 		.ascii	"r11\000"
 458 0306 08       		.byte	0x8
 459 0307 2601     		.2byte	0x126
 460 0309 87020000 		.4byte	0x287
 461 030d 1C       		.byte	0x1c
 462 030e 0C       		.uleb128 0xc
 463 030f 6C7200   		.ascii	"lr\000"
 464 0312 08       		.byte	0x8
 465 0313 2701     		.2byte	0x127
 466 0315 87020000 		.4byte	0x287
 467 0319 20       		.byte	0x20
 468 031a 00       		.byte	0
 469 031b 0B       		.uleb128 0xb
 470 031c 56010000 		.4byte	.LASF52
 471 0320 04       		.byte	0x4
 472 0321 08       		.byte	0x8
 473 0322 3101     		.2byte	0x131
 474 0324 36030000 		.4byte	0x336
 475 0328 0C       		.uleb128 0xc
 476 0329 72313300 		.ascii	"r13\000"
 477 032d 08       		.byte	0x8
 478 032e 3201     		.2byte	0x132
 479 0330 36030000 		.4byte	0x336
 480 0334 00       		.byte	0
 481 0335 00       		.byte	0
 482 0336 09       		.uleb128 0x9
 483 0337 04       		.byte	0x4
 484 0338 9F020000 		.4byte	0x29f
 485 033c 04       		.uleb128 0x4
 486 033d 04       		.byte	0x4
 487 033e 07       		.byte	0x7
 488 033f AD010000 		.4byte	.LASF53
 489 0343 0D       		.uleb128 0xd
 490 0344 22010000 		.4byte	0x122
 491 0348 05       		.uleb128 0x5
 492 0349 9C010000 		.4byte	.LASF54
 493 034d 10       		.byte	0x10
 494 034e 09       		.byte	0x9
 495 034f 2C       		.byte	0x2c
 496 0350 79030000 		.4byte	0x379
 497 0354 06       		.uleb128 0x6
 498 0355 8F000000 		.4byte	.LASF55
 499 0359 09       		.byte	0x9
 500 035a 2D       		.byte	0x2d
 501 035b 5C020000 		.4byte	0x25c
 502 035f 00       		.byte	0
 503 0360 06       		.uleb128 0x6
 504 0361 08040000 		.4byte	.LASF56
 505 0365 09       		.byte	0x9
 506 0366 2F       		.byte	0x2f
 507 0367 56020000 		.4byte	0x256
 508 036b 08       		.byte	0x8
 509 036c 06       		.uleb128 0x6
 510 036d 9F020000 		.4byte	.LASF57
 511 0371 09       		.byte	0x9
 512 0372 31       		.byte	0x31
 513 0373 79030000 		.4byte	0x379
ARM GAS  C:\Users\danit\AppData\Local\Temp\ccmaZyD8.s 			page 10


 514 0377 0C       		.byte	0xc
 515 0378 00       		.byte	0
 516 0379 09       		.uleb128 0x9
 517 037a 04       		.byte	0x4
 518 037b 48030000 		.4byte	0x348
 519 037f 03       		.uleb128 0x3
 520 0380 9C010000 		.4byte	.LASF54
 521 0384 09       		.byte	0x9
 522 0385 33       		.byte	0x33
 523 0386 48030000 		.4byte	0x348
 524 038a 03       		.uleb128 0x3
 525 038b 27000000 		.4byte	.LASF58
 526 038f 0A       		.byte	0xa
 527 0390 2C       		.byte	0x2c
 528 0391 95030000 		.4byte	0x395
 529 0395 09       		.uleb128 0x9
 530 0396 04       		.byte	0x4
 531 0397 9B030000 		.4byte	0x39b
 532 039b 0E       		.uleb128 0xe
 533 039c 92020000 		.4byte	0x292
 534 03a0 AA030000 		.4byte	0x3aa
 535 03a4 0F       		.uleb128 0xf
 536 03a5 2C000000 		.4byte	0x2c
 537 03a9 00       		.byte	0
 538 03aa 03       		.uleb128 0x3
 539 03ab D2010000 		.4byte	.LASF59
 540 03af 0B       		.byte	0xb
 541 03b0 34       		.byte	0x34
 542 03b1 B5030000 		.4byte	0x3b5
 543 03b5 05       		.uleb128 0x5
 544 03b6 20040000 		.4byte	.LASF60
 545 03ba 20       		.byte	0x20
 546 03bb 0B       		.byte	0xb
 547 03bc 47       		.byte	0x47
 548 03bd E6030000 		.4byte	0x3e6
 549 03c1 06       		.uleb128 0x6
 550 03c2 1B020000 		.4byte	.LASF61
 551 03c6 0B       		.byte	0xb
 552 03c7 48       		.byte	0x48
 553 03c8 8A030000 		.4byte	0x38a
 554 03cc 00       		.byte	0
 555 03cd 06       		.uleb128 0x6
 556 03ce 54000000 		.4byte	.LASF62
 557 03d2 0B       		.byte	0xb
 558 03d3 4A       		.byte	0x4a
 559 03d4 05040000 		.4byte	0x405
 560 03d8 08       		.byte	0x8
 561 03d9 06       		.uleb128 0x6
 562 03da 81000000 		.4byte	.LASF63
 563 03de 0B       		.byte	0xb
 564 03df 4C       		.byte	0x4c
 565 03e0 7F030000 		.4byte	0x37f
 566 03e4 10       		.byte	0x10
 567 03e5 00       		.byte	0
 568 03e6 10       		.uleb128 0x10
 569 03e7 04       		.byte	0x4
 570 03e8 0B       		.byte	0xb
ARM GAS  C:\Users\danit\AppData\Local\Temp\ccmaZyD8.s 			page 11


 571 03e9 3C       		.byte	0x3c
 572 03ea 05040000 		.4byte	0x405
 573 03ee 11       		.uleb128 0x11
 574 03ef 5B000000 		.4byte	.LASF64
 575 03f3 0B       		.byte	0xb
 576 03f4 3D       		.byte	0x3d
 577 03f5 26040000 		.4byte	0x426
 578 03f9 11       		.uleb128 0x11
 579 03fa 95020000 		.4byte	.LASF65
 580 03fe 0B       		.byte	0xb
 581 03ff 3E       		.byte	0x3e
 582 0400 2C040000 		.4byte	0x42c
 583 0404 00       		.byte	0
 584 0405 12       		.uleb128 0x12
 585 0406 4C020000 		.4byte	.LASF78
 586 040a 08       		.byte	0x8
 587 040b 0B       		.byte	0xb
 588 040c 39       		.byte	0x39
 589 040d 26040000 		.4byte	0x426
 590 0411 11       		.uleb128 0x11
 591 0412 21010000 		.4byte	.LASF66
 592 0416 0B       		.byte	0xb
 593 0417 3A       		.byte	0x3a
 594 0418 94020000 		.4byte	0x294
 595 041c 13       		.uleb128 0x13
 596 041d 6800     		.ascii	"h\000"
 597 041f 0B       		.byte	0xb
 598 0420 41       		.byte	0x41
 599 0421 32040000 		.4byte	0x432
 600 0425 00       		.byte	0
 601 0426 09       		.uleb128 0x9
 602 0427 04       		.byte	0x4
 603 0428 05040000 		.4byte	0x405
 604 042c 09       		.uleb128 0x9
 605 042d 04       		.byte	0x4
 606 042e AA030000 		.4byte	0x3aa
 607 0432 08       		.uleb128 0x8
 608 0433 08       		.byte	0x8
 609 0434 0B       		.byte	0xb
 610 0435 3B       		.byte	0x3b
 611 0436 51040000 		.4byte	0x451
 612 043a 07       		.uleb128 0x7
 613 043b 7500     		.ascii	"u\000"
 614 043d 0B       		.byte	0xb
 615 043e 3F       		.byte	0x3f
 616 043f E6030000 		.4byte	0x3e6
 617 0443 00       		.byte	0
 618 0444 06       		.uleb128 0x6
 619 0445 5E010000 		.4byte	.LASF67
 620 0449 0B       		.byte	0xb
 621 044a 40       		.byte	0x40
 622 044b 2C000000 		.4byte	0x2c
 623 044f 04       		.byte	0x4
 624 0450 00       		.byte	0
 625 0451 10       		.uleb128 0x10
 626 0452 04       		.byte	0x4
 627 0453 07       		.byte	0x7
ARM GAS  C:\Users\danit\AppData\Local\Temp\ccmaZyD8.s 			page 12


 628 0454 96       		.byte	0x96
 629 0455 86040000 		.4byte	0x486
 630 0459 11       		.uleb128 0x11
 631 045a 0D000000 		.4byte	.LASF68
 632 045e 07       		.byte	0x7
 633 045f 9D       		.byte	0x9d
 634 0460 0C010000 		.4byte	0x10c
 635 0464 11       		.uleb128 0x11
 636 0465 4B000000 		.4byte	.LASF69
 637 0469 07       		.byte	0x7
 638 046a A4       		.byte	0xa4
 639 046b 0C010000 		.4byte	0x10c
 640 046f 11       		.uleb128 0x11
 641 0470 C7030000 		.4byte	.LASF70
 642 0474 07       		.byte	0x7
 643 0475 AB       		.byte	0xab
 644 0476 92020000 		.4byte	0x292
 645 047a 11       		.uleb128 0x11
 646 047b 58020000 		.4byte	.LASF71
 647 047f 07       		.byte	0x7
 648 0480 B2       		.byte	0xb2
 649 0481 17010000 		.4byte	0x117
 650 0485 00       		.byte	0
 651 0486 09       		.uleb128 0x9
 652 0487 04       		.byte	0x4
 653 0488 8C040000 		.4byte	0x48c
 654 048c 14       		.uleb128 0x14
 655 048d 91040000 		.4byte	0x491
 656 0491 04       		.uleb128 0x4
 657 0492 01       		.byte	0x1
 658 0493 08       		.byte	0x8
 659 0494 9A020000 		.4byte	.LASF72
 660 0498 09       		.uleb128 0x9
 661 0499 04       		.byte	0x4
 662 049a 7F030000 		.4byte	0x37f
 663 049e 03       		.uleb128 0x3
 664 049f 3F010000 		.4byte	.LASF73
 665 04a3 0C       		.byte	0xc
 666 04a4 11       		.byte	0x11
 667 04a5 37000000 		.4byte	0x37
 668 04a9 15       		.uleb128 0x15
 669 04aa A2000000 		.4byte	.LASF79
 670 04ae 01       		.byte	0x1
 671 04af 48       		.byte	0x48
 672 04b0 92020000 		.4byte	0x292
 673 04b4 00000000 		.4byte	.LFB7
 674 04b8 08000000 		.4byte	.LFE7-.LFB7
 675 04bc 01       		.uleb128 0x1
 676 04bd 9C       		.byte	0x9c
 677 04be E8040000 		.4byte	0x4e8
 678 04c2 16       		.uleb128 0x16
 679 04c3 5E010000 		.4byte	.LASF67
 680 04c7 01       		.byte	0x1
 681 04c8 48       		.byte	0x48
 682 04c9 9E040000 		.4byte	0x49e
 683 04cd 00000000 		.4byte	.LLST0
 684 04d1 17       		.uleb128 0x17
ARM GAS  C:\Users\danit\AppData\Local\Temp\ccmaZyD8.s 			page 13


 685 04d2 08000000 		.4byte	.LVL2
 686 04d6 1E050000 		.4byte	0x51e
 687 04da 18       		.uleb128 0x18
 688 04db 01       		.uleb128 0x1
 689 04dc 51       		.byte	0x51
 690 04dd 03       		.uleb128 0x3
 691 04de F3       		.byte	0xf3
 692 04df 01       		.uleb128 0x1
 693 04e0 50       		.byte	0x50
 694 04e1 18       		.uleb128 0x18
 695 04e2 01       		.uleb128 0x1
 696 04e3 50       		.byte	0x50
 697 04e4 01       		.uleb128 0x1
 698 04e5 30       		.byte	0x30
 699 04e6 00       		.byte	0
 700 04e7 00       		.byte	0
 701 04e8 19       		.uleb128 0x19
 702 04e9 34010000 		.4byte	.LASF80
 703 04ed 01       		.byte	0x1
 704 04ee 50       		.byte	0x50
 705 04ef 00000000 		.4byte	.LFB8
 706 04f3 04000000 		.4byte	.LFE8-.LFB8
 707 04f7 01       		.uleb128 0x1
 708 04f8 9C       		.byte	0x9c
 709 04f9 1E050000 		.4byte	0x51e
 710 04fd 16       		.uleb128 0x16
 711 04fe B6010000 		.4byte	.LASF74
 712 0502 01       		.byte	0x1
 713 0503 50       		.byte	0x50
 714 0504 92020000 		.4byte	0x292
 715 0508 2C000000 		.4byte	.LLST1
 716 050c 17       		.uleb128 0x17
 717 050d 04000000 		.4byte	.LVL4
 718 0511 38050000 		.4byte	0x538
 719 0515 18       		.uleb128 0x18
 720 0516 01       		.uleb128 0x1
 721 0517 50       		.byte	0x50
 722 0518 03       		.uleb128 0x3
 723 0519 F3       		.byte	0xf3
 724 051a 01       		.uleb128 0x1
 725 051b 50       		.byte	0x50
 726 051c 00       		.byte	0
 727 051d 00       		.byte	0
 728 051e 1A       		.uleb128 0x1a
 729 051f 75020000 		.4byte	.LASF81
 730 0523 0B       		.byte	0xb
 731 0524 59       		.byte	0x59
 732 0525 92020000 		.4byte	0x292
 733 0529 38050000 		.4byte	0x538
 734 052d 0F       		.uleb128 0xf
 735 052e 2C040000 		.4byte	0x42c
 736 0532 0F       		.uleb128 0xf
 737 0533 2C000000 		.4byte	0x2c
 738 0537 00       		.byte	0
 739 0538 1B       		.uleb128 0x1b
 740 0539 97000000 		.4byte	.LASF82
 741 053d 0B       		.byte	0xb
ARM GAS  C:\Users\danit\AppData\Local\Temp\ccmaZyD8.s 			page 14


 742 053e 5A       		.byte	0x5a
 743 053f 0F       		.uleb128 0xf
 744 0540 92020000 		.4byte	0x292
 745 0544 00       		.byte	0
 746 0545 00       		.byte	0
 747              		.section	.debug_abbrev,"",%progbits
 748              	.Ldebug_abbrev0:
 749 0000 01       		.uleb128 0x1
 750 0001 11       		.uleb128 0x11
 751 0002 01       		.byte	0x1
 752 0003 25       		.uleb128 0x25
 753 0004 0E       		.uleb128 0xe
 754 0005 13       		.uleb128 0x13
 755 0006 0B       		.uleb128 0xb
 756 0007 03       		.uleb128 0x3
 757 0008 0E       		.uleb128 0xe
 758 0009 1B       		.uleb128 0x1b
 759 000a 0E       		.uleb128 0xe
 760 000b 55       		.uleb128 0x55
 761 000c 17       		.uleb128 0x17
 762 000d 11       		.uleb128 0x11
 763 000e 01       		.uleb128 0x1
 764 000f 10       		.uleb128 0x10
 765 0010 17       		.uleb128 0x17
 766 0011 00       		.byte	0
 767 0012 00       		.byte	0
 768 0013 02       		.uleb128 0x2
 769 0014 24       		.uleb128 0x24
 770 0015 00       		.byte	0
 771 0016 0B       		.uleb128 0xb
 772 0017 0B       		.uleb128 0xb
 773 0018 3E       		.uleb128 0x3e
 774 0019 0B       		.uleb128 0xb
 775 001a 03       		.uleb128 0x3
 776 001b 08       		.uleb128 0x8
 777 001c 00       		.byte	0
 778 001d 00       		.byte	0
 779 001e 03       		.uleb128 0x3
 780 001f 16       		.uleb128 0x16
 781 0020 00       		.byte	0
 782 0021 03       		.uleb128 0x3
 783 0022 0E       		.uleb128 0xe
 784 0023 3A       		.uleb128 0x3a
 785 0024 0B       		.uleb128 0xb
 786 0025 3B       		.uleb128 0x3b
 787 0026 0B       		.uleb128 0xb
 788 0027 49       		.uleb128 0x49
 789 0028 13       		.uleb128 0x13
 790 0029 00       		.byte	0
 791 002a 00       		.byte	0
 792 002b 04       		.uleb128 0x4
 793 002c 24       		.uleb128 0x24
 794 002d 00       		.byte	0
 795 002e 0B       		.uleb128 0xb
 796 002f 0B       		.uleb128 0xb
 797 0030 3E       		.uleb128 0x3e
 798 0031 0B       		.uleb128 0xb
ARM GAS  C:\Users\danit\AppData\Local\Temp\ccmaZyD8.s 			page 15


 799 0032 03       		.uleb128 0x3
 800 0033 0E       		.uleb128 0xe
 801 0034 00       		.byte	0
 802 0035 00       		.byte	0
 803 0036 05       		.uleb128 0x5
 804 0037 13       		.uleb128 0x13
 805 0038 01       		.byte	0x1
 806 0039 03       		.uleb128 0x3
 807 003a 0E       		.uleb128 0xe
 808 003b 0B       		.uleb128 0xb
 809 003c 0B       		.uleb128 0xb
 810 003d 3A       		.uleb128 0x3a
 811 003e 0B       		.uleb128 0xb
 812 003f 3B       		.uleb128 0x3b
 813 0040 0B       		.uleb128 0xb
 814 0041 01       		.uleb128 0x1
 815 0042 13       		.uleb128 0x13
 816 0043 00       		.byte	0
 817 0044 00       		.byte	0
 818 0045 06       		.uleb128 0x6
 819 0046 0D       		.uleb128 0xd
 820 0047 00       		.byte	0
 821 0048 03       		.uleb128 0x3
 822 0049 0E       		.uleb128 0xe
 823 004a 3A       		.uleb128 0x3a
 824 004b 0B       		.uleb128 0xb
 825 004c 3B       		.uleb128 0x3b
 826 004d 0B       		.uleb128 0xb
 827 004e 49       		.uleb128 0x49
 828 004f 13       		.uleb128 0x13
 829 0050 38       		.uleb128 0x38
 830 0051 0B       		.uleb128 0xb
 831 0052 00       		.byte	0
 832 0053 00       		.byte	0
 833 0054 07       		.uleb128 0x7
 834 0055 0D       		.uleb128 0xd
 835 0056 00       		.byte	0
 836 0057 03       		.uleb128 0x3
 837 0058 08       		.uleb128 0x8
 838 0059 3A       		.uleb128 0x3a
 839 005a 0B       		.uleb128 0xb
 840 005b 3B       		.uleb128 0x3b
 841 005c 0B       		.uleb128 0xb
 842 005d 49       		.uleb128 0x49
 843 005e 13       		.uleb128 0x13
 844 005f 38       		.uleb128 0x38
 845 0060 0B       		.uleb128 0xb
 846 0061 00       		.byte	0
 847 0062 00       		.byte	0
 848 0063 08       		.uleb128 0x8
 849 0064 13       		.uleb128 0x13
 850 0065 01       		.byte	0x1
 851 0066 0B       		.uleb128 0xb
 852 0067 0B       		.uleb128 0xb
 853 0068 3A       		.uleb128 0x3a
 854 0069 0B       		.uleb128 0xb
 855 006a 3B       		.uleb128 0x3b
ARM GAS  C:\Users\danit\AppData\Local\Temp\ccmaZyD8.s 			page 16


 856 006b 0B       		.uleb128 0xb
 857 006c 01       		.uleb128 0x1
 858 006d 13       		.uleb128 0x13
 859 006e 00       		.byte	0
 860 006f 00       		.byte	0
 861 0070 09       		.uleb128 0x9
 862 0071 0F       		.uleb128 0xf
 863 0072 00       		.byte	0
 864 0073 0B       		.uleb128 0xb
 865 0074 0B       		.uleb128 0xb
 866 0075 49       		.uleb128 0x49
 867 0076 13       		.uleb128 0x13
 868 0077 00       		.byte	0
 869 0078 00       		.byte	0
 870 0079 0A       		.uleb128 0xa
 871 007a 0F       		.uleb128 0xf
 872 007b 00       		.byte	0
 873 007c 0B       		.uleb128 0xb
 874 007d 0B       		.uleb128 0xb
 875 007e 00       		.byte	0
 876 007f 00       		.byte	0
 877 0080 0B       		.uleb128 0xb
 878 0081 13       		.uleb128 0x13
 879 0082 01       		.byte	0x1
 880 0083 03       		.uleb128 0x3
 881 0084 0E       		.uleb128 0xe
 882 0085 0B       		.uleb128 0xb
 883 0086 0B       		.uleb128 0xb
 884 0087 3A       		.uleb128 0x3a
 885 0088 0B       		.uleb128 0xb
 886 0089 3B       		.uleb128 0x3b
 887 008a 05       		.uleb128 0x5
 888 008b 01       		.uleb128 0x1
 889 008c 13       		.uleb128 0x13
 890 008d 00       		.byte	0
 891 008e 00       		.byte	0
 892 008f 0C       		.uleb128 0xc
 893 0090 0D       		.uleb128 0xd
 894 0091 00       		.byte	0
 895 0092 03       		.uleb128 0x3
 896 0093 08       		.uleb128 0x8
 897 0094 3A       		.uleb128 0x3a
 898 0095 0B       		.uleb128 0xb
 899 0096 3B       		.uleb128 0x3b
 900 0097 05       		.uleb128 0x5
 901 0098 49       		.uleb128 0x49
 902 0099 13       		.uleb128 0x13
 903 009a 38       		.uleb128 0x38
 904 009b 0B       		.uleb128 0xb
 905 009c 00       		.byte	0
 906 009d 00       		.byte	0
 907 009e 0D       		.uleb128 0xd
 908 009f 35       		.uleb128 0x35
 909 00a0 00       		.byte	0
 910 00a1 49       		.uleb128 0x49
 911 00a2 13       		.uleb128 0x13
 912 00a3 00       		.byte	0
ARM GAS  C:\Users\danit\AppData\Local\Temp\ccmaZyD8.s 			page 17


 913 00a4 00       		.byte	0
 914 00a5 0E       		.uleb128 0xe
 915 00a6 15       		.uleb128 0x15
 916 00a7 01       		.byte	0x1
 917 00a8 27       		.uleb128 0x27
 918 00a9 19       		.uleb128 0x19
 919 00aa 49       		.uleb128 0x49
 920 00ab 13       		.uleb128 0x13
 921 00ac 01       		.uleb128 0x1
 922 00ad 13       		.uleb128 0x13
 923 00ae 00       		.byte	0
 924 00af 00       		.byte	0
 925 00b0 0F       		.uleb128 0xf
 926 00b1 05       		.uleb128 0x5
 927 00b2 00       		.byte	0
 928 00b3 49       		.uleb128 0x49
 929 00b4 13       		.uleb128 0x13
 930 00b5 00       		.byte	0
 931 00b6 00       		.byte	0
 932 00b7 10       		.uleb128 0x10
 933 00b8 17       		.uleb128 0x17
 934 00b9 01       		.byte	0x1
 935 00ba 0B       		.uleb128 0xb
 936 00bb 0B       		.uleb128 0xb
 937 00bc 3A       		.uleb128 0x3a
 938 00bd 0B       		.uleb128 0xb
 939 00be 3B       		.uleb128 0x3b
 940 00bf 0B       		.uleb128 0xb
 941 00c0 01       		.uleb128 0x1
 942 00c1 13       		.uleb128 0x13
 943 00c2 00       		.byte	0
 944 00c3 00       		.byte	0
 945 00c4 11       		.uleb128 0x11
 946 00c5 0D       		.uleb128 0xd
 947 00c6 00       		.byte	0
 948 00c7 03       		.uleb128 0x3
 949 00c8 0E       		.uleb128 0xe
 950 00c9 3A       		.uleb128 0x3a
 951 00ca 0B       		.uleb128 0xb
 952 00cb 3B       		.uleb128 0x3b
 953 00cc 0B       		.uleb128 0xb
 954 00cd 49       		.uleb128 0x49
 955 00ce 13       		.uleb128 0x13
 956 00cf 00       		.byte	0
 957 00d0 00       		.byte	0
 958 00d1 12       		.uleb128 0x12
 959 00d2 17       		.uleb128 0x17
 960 00d3 01       		.byte	0x1
 961 00d4 03       		.uleb128 0x3
 962 00d5 0E       		.uleb128 0xe
 963 00d6 0B       		.uleb128 0xb
 964 00d7 0B       		.uleb128 0xb
 965 00d8 3A       		.uleb128 0x3a
 966 00d9 0B       		.uleb128 0xb
 967 00da 3B       		.uleb128 0x3b
 968 00db 0B       		.uleb128 0xb
 969 00dc 01       		.uleb128 0x1
ARM GAS  C:\Users\danit\AppData\Local\Temp\ccmaZyD8.s 			page 18


 970 00dd 13       		.uleb128 0x13
 971 00de 00       		.byte	0
 972 00df 00       		.byte	0
 973 00e0 13       		.uleb128 0x13
 974 00e1 0D       		.uleb128 0xd
 975 00e2 00       		.byte	0
 976 00e3 03       		.uleb128 0x3
 977 00e4 08       		.uleb128 0x8
 978 00e5 3A       		.uleb128 0x3a
 979 00e6 0B       		.uleb128 0xb
 980 00e7 3B       		.uleb128 0x3b
 981 00e8 0B       		.uleb128 0xb
 982 00e9 49       		.uleb128 0x49
 983 00ea 13       		.uleb128 0x13
 984 00eb 00       		.byte	0
 985 00ec 00       		.byte	0
 986 00ed 14       		.uleb128 0x14
 987 00ee 26       		.uleb128 0x26
 988 00ef 00       		.byte	0
 989 00f0 49       		.uleb128 0x49
 990 00f1 13       		.uleb128 0x13
 991 00f2 00       		.byte	0
 992 00f3 00       		.byte	0
 993 00f4 15       		.uleb128 0x15
 994 00f5 2E       		.uleb128 0x2e
 995 00f6 01       		.byte	0x1
 996 00f7 3F       		.uleb128 0x3f
 997 00f8 19       		.uleb128 0x19
 998 00f9 03       		.uleb128 0x3
 999 00fa 0E       		.uleb128 0xe
 1000 00fb 3A       		.uleb128 0x3a
 1001 00fc 0B       		.uleb128 0xb
 1002 00fd 3B       		.uleb128 0x3b
 1003 00fe 0B       		.uleb128 0xb
 1004 00ff 27       		.uleb128 0x27
 1005 0100 19       		.uleb128 0x19
 1006 0101 49       		.uleb128 0x49
 1007 0102 13       		.uleb128 0x13
 1008 0103 11       		.uleb128 0x11
 1009 0104 01       		.uleb128 0x1
 1010 0105 12       		.uleb128 0x12
 1011 0106 06       		.uleb128 0x6
 1012 0107 40       		.uleb128 0x40
 1013 0108 18       		.uleb128 0x18
 1014 0109 9742     		.uleb128 0x2117
 1015 010b 19       		.uleb128 0x19
 1016 010c 01       		.uleb128 0x1
 1017 010d 13       		.uleb128 0x13
 1018 010e 00       		.byte	0
 1019 010f 00       		.byte	0
 1020 0110 16       		.uleb128 0x16
 1021 0111 05       		.uleb128 0x5
 1022 0112 00       		.byte	0
 1023 0113 03       		.uleb128 0x3
 1024 0114 0E       		.uleb128 0xe
 1025 0115 3A       		.uleb128 0x3a
 1026 0116 0B       		.uleb128 0xb
ARM GAS  C:\Users\danit\AppData\Local\Temp\ccmaZyD8.s 			page 19


 1027 0117 3B       		.uleb128 0x3b
 1028 0118 0B       		.uleb128 0xb
 1029 0119 49       		.uleb128 0x49
 1030 011a 13       		.uleb128 0x13
 1031 011b 02       		.uleb128 0x2
 1032 011c 17       		.uleb128 0x17
 1033 011d 00       		.byte	0
 1034 011e 00       		.byte	0
 1035 011f 17       		.uleb128 0x17
 1036 0120 898201   		.uleb128 0x4109
 1037 0123 01       		.byte	0x1
 1038 0124 11       		.uleb128 0x11
 1039 0125 01       		.uleb128 0x1
 1040 0126 9542     		.uleb128 0x2115
 1041 0128 19       		.uleb128 0x19
 1042 0129 31       		.uleb128 0x31
 1043 012a 13       		.uleb128 0x13
 1044 012b 00       		.byte	0
 1045 012c 00       		.byte	0
 1046 012d 18       		.uleb128 0x18
 1047 012e 8A8201   		.uleb128 0x410a
 1048 0131 00       		.byte	0
 1049 0132 02       		.uleb128 0x2
 1050 0133 18       		.uleb128 0x18
 1051 0134 9142     		.uleb128 0x2111
 1052 0136 18       		.uleb128 0x18
 1053 0137 00       		.byte	0
 1054 0138 00       		.byte	0
 1055 0139 19       		.uleb128 0x19
 1056 013a 2E       		.uleb128 0x2e
 1057 013b 01       		.byte	0x1
 1058 013c 3F       		.uleb128 0x3f
 1059 013d 19       		.uleb128 0x19
 1060 013e 03       		.uleb128 0x3
 1061 013f 0E       		.uleb128 0xe
 1062 0140 3A       		.uleb128 0x3a
 1063 0141 0B       		.uleb128 0xb
 1064 0142 3B       		.uleb128 0x3b
 1065 0143 0B       		.uleb128 0xb
 1066 0144 27       		.uleb128 0x27
 1067 0145 19       		.uleb128 0x19
 1068 0146 11       		.uleb128 0x11
 1069 0147 01       		.uleb128 0x1
 1070 0148 12       		.uleb128 0x12
 1071 0149 06       		.uleb128 0x6
 1072 014a 40       		.uleb128 0x40
 1073 014b 18       		.uleb128 0x18
 1074 014c 9742     		.uleb128 0x2117
 1075 014e 19       		.uleb128 0x19
 1076 014f 01       		.uleb128 0x1
 1077 0150 13       		.uleb128 0x13
 1078 0151 00       		.byte	0
 1079 0152 00       		.byte	0
 1080 0153 1A       		.uleb128 0x1a
 1081 0154 2E       		.uleb128 0x2e
 1082 0155 01       		.byte	0x1
 1083 0156 3F       		.uleb128 0x3f
ARM GAS  C:\Users\danit\AppData\Local\Temp\ccmaZyD8.s 			page 20


 1084 0157 19       		.uleb128 0x19
 1085 0158 03       		.uleb128 0x3
 1086 0159 0E       		.uleb128 0xe
 1087 015a 3A       		.uleb128 0x3a
 1088 015b 0B       		.uleb128 0xb
 1089 015c 3B       		.uleb128 0x3b
 1090 015d 0B       		.uleb128 0xb
 1091 015e 27       		.uleb128 0x27
 1092 015f 19       		.uleb128 0x19
 1093 0160 49       		.uleb128 0x49
 1094 0161 13       		.uleb128 0x13
 1095 0162 3C       		.uleb128 0x3c
 1096 0163 19       		.uleb128 0x19
 1097 0164 01       		.uleb128 0x1
 1098 0165 13       		.uleb128 0x13
 1099 0166 00       		.byte	0
 1100 0167 00       		.byte	0
 1101 0168 1B       		.uleb128 0x1b
 1102 0169 2E       		.uleb128 0x2e
 1103 016a 01       		.byte	0x1
 1104 016b 3F       		.uleb128 0x3f
 1105 016c 19       		.uleb128 0x19
 1106 016d 03       		.uleb128 0x3
 1107 016e 0E       		.uleb128 0xe
 1108 016f 3A       		.uleb128 0x3a
 1109 0170 0B       		.uleb128 0xb
 1110 0171 3B       		.uleb128 0x3b
 1111 0172 0B       		.uleb128 0xb
 1112 0173 27       		.uleb128 0x27
 1113 0174 19       		.uleb128 0x19
 1114 0175 3C       		.uleb128 0x3c
 1115 0176 19       		.uleb128 0x19
 1116 0177 00       		.byte	0
 1117 0178 00       		.byte	0
 1118 0179 00       		.byte	0
 1119              		.section	.debug_loc,"",%progbits
 1120              	.Ldebug_loc0:
 1121              	.LLST0:
 1122 0000 00000000 		.4byte	.LVL0
 1123 0004 04000000 		.4byte	.LVL1
 1124 0008 0100     		.2byte	0x1
 1125 000a 50       		.byte	0x50
 1126 000b 04000000 		.4byte	.LVL1
 1127 000f 07000000 		.4byte	.LVL2-1
 1128 0013 0100     		.2byte	0x1
 1129 0015 51       		.byte	0x51
 1130 0016 07000000 		.4byte	.LVL2-1
 1131 001a 08000000 		.4byte	.LFE7
 1132 001e 0400     		.2byte	0x4
 1133 0020 F3       		.byte	0xf3
 1134 0021 01       		.uleb128 0x1
 1135 0022 50       		.byte	0x50
 1136 0023 9F       		.byte	0x9f
 1137 0024 00000000 		.4byte	0
 1138 0028 00000000 		.4byte	0
 1139              	.LLST1:
 1140 002c 00000000 		.4byte	.LVL3
ARM GAS  C:\Users\danit\AppData\Local\Temp\ccmaZyD8.s 			page 21


 1141 0030 03000000 		.4byte	.LVL4-1
 1142 0034 0100     		.2byte	0x1
 1143 0036 50       		.byte	0x50
 1144 0037 03000000 		.4byte	.LVL4-1
 1145 003b 04000000 		.4byte	.LFE8
 1146 003f 0400     		.2byte	0x4
 1147 0041 F3       		.byte	0xf3
 1148 0042 01       		.uleb128 0x1
 1149 0043 50       		.byte	0x50
 1150 0044 9F       		.byte	0x9f
 1151 0045 00000000 		.4byte	0
 1152 0049 00000000 		.4byte	0
 1153              		.section	.debug_aranges,"",%progbits
 1154 0000 24000000 		.4byte	0x24
 1155 0004 0200     		.2byte	0x2
 1156 0006 00000000 		.4byte	.Ldebug_info0
 1157 000a 04       		.byte	0x4
 1158 000b 00       		.byte	0
 1159 000c 0000     		.2byte	0
 1160 000e 0000     		.2byte	0
 1161 0010 00000000 		.4byte	.LFB7
 1162 0014 08000000 		.4byte	.LFE7-.LFB7
 1163 0018 00000000 		.4byte	.LFB8
 1164 001c 04000000 		.4byte	.LFE8-.LFB8
 1165 0020 00000000 		.4byte	0
 1166 0024 00000000 		.4byte	0
 1167              		.section	.debug_ranges,"",%progbits
 1168              	.Ldebug_ranges0:
 1169 0000 00000000 		.4byte	.LFB7
 1170 0004 08000000 		.4byte	.LFE7
 1171 0008 00000000 		.4byte	.LFB8
 1172 000c 04000000 		.4byte	.LFE8
 1173 0010 00000000 		.4byte	0
 1174 0014 00000000 		.4byte	0
 1175              		.section	.debug_line,"",%progbits
 1176              	.Ldebug_line0:
 1177 0000 81020000 		.section	.debug_str,"MS",%progbits,1
 1177      02005802 
 1177      00000201 
 1177      FB0E0D00 
 1177      01010101 
 1178              	.LASF42:
 1179 0000 705F6D73 		.ascii	"p_msg\000"
 1179      6700
 1180              	.LASF2:
 1181 0006 73697A65 		.ascii	"size_t\000"
 1181      5F7400
 1182              	.LASF68:
 1183 000d 7264796D 		.ascii	"rdymsg\000"
 1183      736700
 1184              	.LASF17:
 1185 0014 75696E74 		.ascii	"uint64_t\000"
 1185      36345F74 
 1185      00
 1186              	.LASF3:
 1187 001d 5F5F7569 		.ascii	"__uint8_t\000"
 1187      6E74385F 
ARM GAS  C:\Users\danit\AppData\Local\Temp\ccmaZyD8.s 			page 22


 1187      7400
 1188              	.LASF58:
 1189 0027 6D656D67 		.ascii	"memgetfunc_t\000"
 1189      65746675 
 1189      6E635F74 
 1189      00
 1190              	.LASF13:
 1191 0034 6C6F6E67 		.ascii	"long long unsigned int\000"
 1191      206C6F6E 
 1191      6720756E 
 1191      7369676E 
 1191      65642069 
 1192              	.LASF69:
 1193 004b 65786974 		.ascii	"exitcode\000"
 1193      636F6465 
 1193      00
 1194              	.LASF62:
 1195 0054 685F6672 		.ascii	"h_free\000"
 1195      656500
 1196              	.LASF64:
 1197 005b 6E657874 		.ascii	"next\000"
 1197      00
 1198              	.LASF30:
 1199 0060 705F7072 		.ascii	"p_prio\000"
 1199      696F00
 1200              	.LASF11:
 1201 0067 6C6F6E67 		.ascii	"long long int\000"
 1201      206C6F6E 
 1201      6720696E 
 1201      7400
 1202              	.LASF1:
 1203 0075 7369676E 		.ascii	"signed char\000"
 1203      65642063 
 1203      68617200 
 1204              	.LASF63:
 1205 0081 685F6D74 		.ascii	"h_mtx\000"
 1205      7800
 1206              	.LASF46:
 1207 0087 705F6D70 		.ascii	"p_mpool\000"
 1207      6F6F6C00 
 1208              	.LASF55:
 1209 008f 6D5F7175 		.ascii	"m_queue\000"
 1209      65756500 
 1210              	.LASF82:
 1211 0097 63684865 		.ascii	"chHeapFree\000"
 1211      61704672 
 1211      656500
 1212              	.LASF79:
 1213 00a2 66665F6D 		.ascii	"ff_memalloc\000"
 1213      656D616C 
 1213      6C6F6300 
 1214              	.LASF22:
 1215 00ae 74736C69 		.ascii	"tslices_t\000"
 1215      6365735F 
 1215      7400
 1216              	.LASF76:
 1217 00b8 2E2E2F2E 		.ascii	"../../../ChibiOS/os/various/fatfs_bindings/fatfs_sy"
ARM GAS  C:\Users\danit\AppData\Local\Temp\ccmaZyD8.s 			page 23


 1217      2E2F2E2E 
 1217      2F436869 
 1217      62694F53 
 1217      2F6F732F 
 1218 00eb 7363616C 		.ascii	"scall.c\000"
 1218      6C2E6300 
 1219              	.LASF8:
 1220 00f3 6C6F6E67 		.ascii	"long int\000"
 1220      20696E74 
 1220      00
 1221              	.LASF20:
 1222 00fc 74737461 		.ascii	"tstate_t\000"
 1222      74655F74 
 1222      00
 1223              	.LASF32:
 1224 0105 705F6E65 		.ascii	"p_newer\000"
 1224      77657200 
 1225              	.LASF9:
 1226 010d 5F5F7569 		.ascii	"__uint32_t\000"
 1226      6E743332 
 1226      5F7400
 1227              	.LASF49:
 1228 0118 72656761 		.ascii	"regarm_t\000"
 1228      726D5F74 
 1228      00
 1229              	.LASF66:
 1230 0121 616C6967 		.ascii	"align\000"
 1230      6E00
 1231              	.LASF0:
 1232 0127 756E7369 		.ascii	"unsigned int\000"
 1232      676E6564 
 1232      20696E74 
 1232      00
 1233              	.LASF80:
 1234 0134 66665F6D 		.ascii	"ff_memfree\000"
 1234      656D6672 
 1234      656500
 1235              	.LASF73:
 1236 013f 55494E54 		.ascii	"UINT\000"
 1236      00
 1237              	.LASF10:
 1238 0144 6C6F6E67 		.ascii	"long unsigned int\000"
 1238      20756E73 
 1238      69676E65 
 1238      6420696E 
 1238      7400
 1239              	.LASF52:
 1240 0156 636F6E74 		.ascii	"context\000"
 1240      65787400 
 1241              	.LASF67:
 1242 015e 73697A65 		.ascii	"size\000"
 1242      00
 1243              	.LASF6:
 1244 0163 73686F72 		.ascii	"short unsigned int\000"
 1244      7420756E 
 1244      7369676E 
 1244      65642069 
ARM GAS  C:\Users\danit\AppData\Local\Temp\ccmaZyD8.s 			page 24


 1244      6E7400
 1245              	.LASF24:
 1246 0176 6D73675F 		.ascii	"msg_t\000"
 1246      7400
 1247              	.LASF19:
 1248 017c 746D6F64 		.ascii	"tmode_t\000"
 1248      655F7400 
 1249              	.LASF48:
 1250 0184 54687265 		.ascii	"ThreadsList\000"
 1250      6164734C 
 1250      69737400 
 1251              	.LASF25:
 1252 0190 6576656E 		.ascii	"eventmask_t\000"
 1252      746D6173 
 1252      6B5F7400 
 1253              	.LASF54:
 1254 019c 4D757465 		.ascii	"Mutex\000"
 1254      7800
 1255              	.LASF50:
 1256 01a2 73746B61 		.ascii	"stkalign_t\000"
 1256      6C69676E 
 1256      5F7400
 1257              	.LASF53:
 1258 01ad 73697A65 		.ascii	"sizetype\000"
 1258      74797065 
 1258      00
 1259              	.LASF74:
 1260 01b6 6D626C6F 		.ascii	"mblock\000"
 1260      636B00
 1261              	.LASF33:
 1262 01bd 705F6F6C 		.ascii	"p_older\000"
 1262      64657200 
 1263              	.LASF47:
 1264 01c5 54687265 		.ascii	"ThreadsQueue\000"
 1264      61647351 
 1264      75657565 
 1264      00
 1265              	.LASF59:
 1266 01d2 4D656D6F 		.ascii	"MemoryHeap\000"
 1266      72794865 
 1266      617000
 1267              	.LASF12:
 1268 01dd 5F5F7569 		.ascii	"__uint64_t\000"
 1268      6E743634 
 1268      5F7400
 1269              	.LASF21:
 1270 01e8 74726566 		.ascii	"trefs_t\000"
 1270      735F7400 
 1271              	.LASF29:
 1272 01f0 705F7072 		.ascii	"p_prev\000"
 1272      657600
 1273              	.LASF23:
 1274 01f7 74707269 		.ascii	"tprio_t\000"
 1274      6F5F7400 
 1275              	.LASF18:
 1276 01ff 5F426F6F 		.ascii	"_Bool\000"
 1276      6C00
ARM GAS  C:\Users\danit\AppData\Local\Temp\ccmaZyD8.s 			page 25


 1277              	.LASF15:
 1278 0205 696E7433 		.ascii	"int32_t\000"
 1278      325F7400 
 1279              	.LASF4:
 1280 020d 756E7369 		.ascii	"unsigned char\000"
 1280      676E6564 
 1280      20636861 
 1280      7200
 1281              	.LASF61:
 1282 021b 685F7072 		.ascii	"h_provider\000"
 1282      6F766964 
 1282      657200
 1283              	.LASF44:
 1284 0226 705F6D74 		.ascii	"p_mtxlist\000"
 1284      786C6973 
 1284      7400
 1285              	.LASF5:
 1286 0230 73686F72 		.ascii	"short int\000"
 1286      7420696E 
 1286      7400
 1287              	.LASF35:
 1288 023a 705F7374 		.ascii	"p_state\000"
 1288      61746500 
 1289              	.LASF38:
 1290 0242 705F7072 		.ascii	"p_preempt\000"
 1290      65656D70 
 1290      7400
 1291              	.LASF78:
 1292 024c 68656170 		.ascii	"heap_header\000"
 1292      5F686561 
 1292      64657200 
 1293              	.LASF71:
 1294 0258 65776D61 		.ascii	"ewmask\000"
 1294      736B00
 1295              	.LASF28:
 1296 025f 705F6E65 		.ascii	"p_next\000"
 1296      787400
 1297              	.LASF36:
 1298 0266 705F666C 		.ascii	"p_flags\000"
 1298      61677300 
 1299              	.LASF27:
 1300 026e 54687265 		.ascii	"Thread\000"
 1300      616400
 1301              	.LASF81:
 1302 0275 63684865 		.ascii	"chHeapAlloc\000"
 1302      6170416C 
 1302      6C6F6300 
 1303              	.LASF43:
 1304 0281 705F6570 		.ascii	"p_epending\000"
 1304      656E6469 
 1304      6E6700
 1305              	.LASF16:
 1306 028c 75696E74 		.ascii	"uint32_t\000"
 1306      33325F74 
 1306      00
 1307              	.LASF65:
 1308 0295 68656170 		.ascii	"heap\000"
ARM GAS  C:\Users\danit\AppData\Local\Temp\ccmaZyD8.s 			page 26


 1308      00
 1309              	.LASF72:
 1310 029a 63686172 		.ascii	"char\000"
 1310      00
 1311              	.LASF57:
 1312 029f 6D5F6E65 		.ascii	"m_next\000"
 1312      787400
 1313              	.LASF26:
 1314 02a6 73797374 		.ascii	"systime_t\000"
 1314      696D655F 
 1314      7400
 1315              	.LASF45:
 1316 02b0 705F7265 		.ascii	"p_realprio\000"
 1316      616C7072 
 1316      696F00
 1317              	.LASF7:
 1318 02bb 5F5F696E 		.ascii	"__int32_t\000"
 1318      7433325F 
 1318      7400
 1319              	.LASF39:
 1320 02c5 705F7469 		.ascii	"p_time\000"
 1320      6D6500
 1321              	.LASF51:
 1322 02cc 696E7463 		.ascii	"intctx\000"
 1322      747800
 1323              	.LASF41:
 1324 02d3 705F6D73 		.ascii	"p_msgqueue\000"
 1324      67717565 
 1324      756500
 1325              	.LASF37:
 1326 02de 705F7265 		.ascii	"p_refs\000"
 1326      667300
 1327              	.LASF75:
 1328 02e5 474E5520 		.ascii	"GNU C 4.9.3 20150529 (release) [ARM/embedded-4_9-br"
 1328      4320342E 
 1328      392E3320 
 1328      32303135 
 1328      30353239 
 1329 0318 616E6368 		.ascii	"anch revision 224288] -mcpu=cortex-m4 -mno-thumb-in"
 1329      20726576 
 1329      6973696F 
 1329      6E203232 
 1329      34323838 
 1330 034b 74657277 		.ascii	"terwork -mthumb -ggdb -O2 -fomit-frame-pointer -fal"
 1330      6F726B20 
 1330      2D6D7468 
 1330      756D6220 
 1330      2D676764 
 1331 037e 69676E2D 		.ascii	"ign-functions=16 -ffunction-sections -fdata-section"
 1331      66756E63 
 1331      74696F6E 
 1331      733D3136 
 1331      202D6666 
 1332 03b1 73202D66 		.ascii	"s -fno-common\000"
 1332      6E6F2D63 
 1332      6F6D6D6F 
 1332      6E00
ARM GAS  C:\Users\danit\AppData\Local\Temp\ccmaZyD8.s 			page 27


 1333              	.LASF14:
 1334 03bf 75696E74 		.ascii	"uint8_t\000"
 1334      385F7400 
 1335              	.LASF70:
 1336 03c7 77746F62 		.ascii	"wtobjp\000"
 1336      6A7000
 1337              	.LASF34:
 1338 03ce 705F6E61 		.ascii	"p_name\000"
 1338      6D6500
 1339              	.LASF77:
 1340 03d5 443A5C44 		.ascii	"D:\\Dani\\MegaLux\\Repo\\Smarty\\Smarty\\smarty\\fi"
 1340      616E695C 
 1340      4D656761 
 1340      4C75785C 
 1340      5265706F 
 1341 0401 726D7761 		.ascii	"rmware\000"
 1341      726500
 1342              	.LASF56:
 1343 0408 6D5F6F77 		.ascii	"m_owner\000"
 1343      6E657200 
 1344              	.LASF31:
 1345 0410 705F6374 		.ascii	"p_ctx\000"
 1345      7800
 1346              	.LASF40:
 1347 0416 705F7761 		.ascii	"p_waiting\000"
 1347      6974696E 
 1347      6700
 1348              	.LASF60:
 1349 0420 6D656D6F 		.ascii	"memory_heap\000"
 1349      72795F68 
 1349      65617000 
 1350              		.ident	"GCC: (GNU Tools for ARM Embedded Processors) 4.9.3 20150529 (release) [ARM/embedded-4_9-br
ARM GAS  C:\Users\danit\AppData\Local\Temp\ccmaZyD8.s 			page 28


DEFINED SYMBOLS
                            *ABS*:00000000 fatfs_syscall.c
C:\Users\danit\AppData\Local\Temp\ccmaZyD8.s:19     .text.ff_memalloc:00000000 $t
C:\Users\danit\AppData\Local\Temp\ccmaZyD8.s:25     .text.ff_memalloc:00000000 ff_memalloc
C:\Users\danit\AppData\Local\Temp\ccmaZyD8.s:45     .text.ff_memfree:00000000 $t
C:\Users\danit\AppData\Local\Temp\ccmaZyD8.s:51     .text.ff_memfree:00000000 ff_memfree
                     .debug_frame:00000010 $d

UNDEFINED SYMBOLS
chHeapAlloc
chHeapFree
