ARM GAS  C:\Users\srich\AppData\Local\Temp\cczDSEkc.s 			page 1


   1              		.syntax unified
   2              		.cpu cortex-m4
   3              		.fpu softvfp
   4              		.eabi_attribute 20, 1
   5              		.eabi_attribute 21, 1
   6              		.eabi_attribute 23, 3
   7              		.eabi_attribute 24, 1
   8              		.eabi_attribute 25, 1
   9              		.eabi_attribute 26, 1
  10              		.eabi_attribute 30, 2
  11              		.eabi_attribute 34, 1
  12              		.eabi_attribute 18, 4
  13              		.thumb
  14              		.file	"hal.c"
  15              		.text
  16              	.Ltext0:
  17              		.cfi_sections	.debug_frame
  18              		.section	.text.halInit,"ax",%progbits
  19              		.align	2
  20              		.p2align 4,,15
  21              		.global	halInit
  22              		.thumb
  23              		.thumb_func
  24              		.type	halInit, %function
  25              	halInit:
  26              	.LFB118:
  27              		.file 1 "../../../ChibiOS/os/hal/src/hal.c"
  28              		.loc 1 68 0
  29              		.cfi_startproc
  30              		@ args = 0, pretend = 0, frame = 0
  31              		@ frame_needed = 0, uses_anonymous_args = 0
  32 0000 08B5     		push	{r3, lr}
  33              		.cfi_def_cfa_offset 8
  34              		.cfi_offset 3, -8
  35              		.cfi_offset 14, -4
  36              		.loc 1 70 0
  37 0002 FFF7FEFF 		bl	hal_lld_init
  38              	.LVL0:
  39              		.loc 1 73 0
  40 0006 FFF7FEFF 		bl	tmInit
  41              	.LVL1:
  42              		.loc 1 76 0
  43 000a 0F48     		ldr	r0, .L3
  44 000c FFF7FEFF 		bl	_pal_lld_init
  45              	.LVL2:
  46              		.loc 1 79 0
  47 0010 FFF7FEFF 		bl	adcInit
  48              	.LVL3:
  49              		.loc 1 82 0
  50 0014 FFF7FEFF 		bl	canInit
  51              	.LVL4:
  52              		.loc 1 88 0
  53 0018 FFF7FEFF 		bl	gptInit
  54              	.LVL5:
  55              		.loc 1 91 0
  56 001c FFF7FEFF 		bl	i2cInit
  57              	.LVL6:
ARM GAS  C:\Users\srich\AppData\Local\Temp\cczDSEkc.s 			page 2


  58              		.loc 1 94 0
  59 0020 FFF7FEFF 		bl	icuInit
  60              	.LVL7:
  61              		.loc 1 100 0
  62 0024 FFF7FEFF 		bl	pwmInit
  63              	.LVL8:
  64              		.loc 1 103 0
  65 0028 FFF7FEFF 		bl	sdInit
  66              	.LVL9:
  67              		.loc 1 106 0
  68 002c FFF7FEFF 		bl	sdcInit
  69              	.LVL10:
  70              		.loc 1 109 0
  71 0030 FFF7FEFF 		bl	spiInit
  72              	.LVL11:
  73              		.loc 1 115 0
  74 0034 FFF7FEFF 		bl	usbInit
  75              	.LVL12:
  76              		.loc 1 121 0
  77 0038 FFF7FEFF 		bl	sduInit
  78              	.LVL13:
  79              		.loc 1 124 0
  80 003c FFF7FEFF 		bl	rtcInit
  81              	.LVL14:
  82              		.loc 1 128 0
  83 0040 BDE80840 		pop	{r3, lr}
  84              		.cfi_restore 14
  85              		.cfi_restore 3
  86              		.cfi_def_cfa_offset 0
  87              		.loc 1 127 0
  88 0044 FFF7FEBF 		b	boardInit
  89              	.LVL15:
  90              	.L4:
  91              		.align	2
  92              	.L3:
  93 0048 00000000 		.word	pal_default_config
  94              		.cfi_endproc
  95              	.LFE118:
  96              		.size	halInit, .-halInit
  97              		.section	.text.halIsCounterWithin,"ax",%progbits
  98              		.align	2
  99              		.p2align 4,,15
 100              		.global	halIsCounterWithin
 101              		.thumb
 102              		.thumb_func
 103              		.type	halIsCounterWithin, %function
 104              	halIsCounterWithin:
 105              	.LFB119:
 106              		.loc 1 174 0
 107              		.cfi_startproc
 108              		@ args = 0, pretend = 0, frame = 0
 109              		@ frame_needed = 0, uses_anonymous_args = 0
 110              		@ link register save eliminated.
 111              	.LVL16:
 112              		.loc 1 175 0
 113 0000 084B     		ldr	r3, .L15
 114              		.loc 1 177 0
ARM GAS  C:\Users\srich\AppData\Local\Temp\cczDSEkc.s 			page 3


 115 0002 8142     		cmp	r1, r0
 116              		.loc 1 175 0
 117 0004 5B68     		ldr	r3, [r3, #4]
 118              	.LVL17:
 119              		.loc 1 177 0
 120 0006 06D9     		bls	.L6
 121              		.loc 1 177 0 is_stmt 0 discriminator 1
 122 0008 8342     		cmp	r3, r0
 123 000a 08D3     		bcc	.L14
 124              	.L12:
 125 000c 8B42     		cmp	r3, r1
 126 000e 2CBF     		ite	cs
 127 0010 0020     		movcs	r0, #0
 128              	.LVL18:
 129 0012 0120     		movcc	r0, #1
 130 0014 7047     		bx	lr
 131              	.LVL19:
 132              	.L6:
 133              		.loc 1 178 0 is_stmt 1
 134 0016 8342     		cmp	r3, r0
 135 0018 F8D3     		bcc	.L12
 136 001a 0120     		movs	r0, #1
 137              	.LVL20:
 138              		.loc 1 179 0
 139 001c 7047     		bx	lr
 140              	.LVL21:
 141              	.L14:
 142 001e 0020     		movs	r0, #0
 143              	.LVL22:
 144 0020 7047     		bx	lr
 145              	.L16:
 146 0022 00BF     		.align	2
 147              	.L15:
 148 0024 001000E0 		.word	-536866816
 149              		.cfi_endproc
 150              	.LFE119:
 151              		.size	halIsCounterWithin, .-halIsCounterWithin
 152              		.section	.text.halPolledDelay,"ax",%progbits
 153              		.align	2
 154              		.p2align 4,,15
 155              		.global	halPolledDelay
 156              		.thumb
 157              		.thumb_func
 158              		.type	halPolledDelay, %function
 159              	halPolledDelay:
 160              	.LFB120:
 161              		.loc 1 193 0
 162              		.cfi_startproc
 163              		@ args = 0, pretend = 0, frame = 0
 164              		@ frame_needed = 0, uses_anonymous_args = 0
 165              		@ link register save eliminated.
 166              	.LVL23:
 167              		.loc 1 194 0
 168 0000 0849     		ldr	r1, .L28
 169 0002 4A68     		ldr	r2, [r1, #4]
 170              	.LVL24:
 171              		.loc 1 195 0
ARM GAS  C:\Users\srich\AppData\Local\Temp\cczDSEkc.s 			page 4


 172 0004 1044     		add	r0, r0, r2
 173              	.LVL25:
 174              	.L26:
 175              	.LBB4:
 176              	.LBB5:
 177              		.loc 1 177 0 discriminator 1
 178 0006 8242     		cmp	r2, r0
 179              		.loc 1 175 0 discriminator 1
 180 0008 4B68     		ldr	r3, [r1, #4]
 181              	.LVL26:
 182              		.loc 1 177 0 discriminator 1
 183 000a 02D2     		bcs	.L18
 184              		.loc 1 177 0 is_stmt 0
 185 000c 9A42     		cmp	r2, r3
 186 000e 02D9     		bls	.L27
 187 0010 7047     		bx	lr
 188              	.L18:
 189              		.loc 1 178 0 is_stmt 1
 190 0012 9A42     		cmp	r2, r3
 191 0014 F7D9     		bls	.L26
 192              	.L27:
 193 0016 9842     		cmp	r0, r3
 194 0018 94BF     		ite	ls
 195 001a 0023     		movls	r3, #0
 196              	.LVL27:
 197 001c 0123     		movhi	r3, #1
 198              	.LBE5:
 199              	.LBE4:
 200              		.loc 1 196 0
 201 001e 002B     		cmp	r3, #0
 202 0020 F1D1     		bne	.L26
 203 0022 7047     		bx	lr
 204              	.L29:
 205              		.align	2
 206              	.L28:
 207 0024 001000E0 		.word	-536866816
 208              		.cfi_endproc
 209              	.LFE120:
 210              		.size	halPolledDelay, .-halPolledDelay
 211              		.text
 212              	.Letext0:
 213              		.file 2 "c:\\chibistudio\\tools\\gnu tools arm embedded\\4.9 2015q3\\arm-none-eabi\\include\\machi
 214              		.file 3 "c:\\chibistudio\\tools\\gnu tools arm embedded\\4.9 2015q3\\arm-none-eabi\\include\\sys\\
 215              		.file 4 "../../../ChibiOS/os/ports/GCC/ARMCMx/chtypes.h"
 216              		.file 5 "../../../ChibiOS/os/ports/common/ARMCMx/nvic.h"
 217              		.file 6 "../../../ChibiOS/os/hal/platforms/STM32F4xx/hal_lld.h"
 218              		.file 7 "../../../ChibiOS/os/hal/platforms/STM32/GPIOv2/pal_lld.h"
 219              		.file 8 "../../../ChibiOS/os/ports/common/ARMCMx/CMSIS/include/core_cm4.h"
 220              		.file 9 "../../../ChibiOS/os/hal/include/tm.h"
 221              		.file 10 "../../../ChibiOS/os/hal/include/adc.h"
 222              		.file 11 "../../../ChibiOS/os/hal/include/can.h"
 223              		.file 12 "../../../ChibiOS/os/hal/include/gpt.h"
 224              		.file 13 "../../../ChibiOS/os/hal/include/i2c.h"
 225              		.file 14 "../../../ChibiOS/os/hal/include/icu.h"
 226              		.file 15 "../../../ChibiOS/os/hal/include/pwm.h"
 227              		.file 16 "../../../ChibiOS/os/hal/include/serial.h"
 228              		.file 17 "../../../ChibiOS/os/hal/include/sdc.h"
ARM GAS  C:\Users\srich\AppData\Local\Temp\cczDSEkc.s 			page 5


 229              		.file 18 "../../../ChibiOS/os/hal/include/spi.h"
 230              		.file 19 "../../../ChibiOS/os/hal/include/usb.h"
 231              		.file 20 "../../../ChibiOS/os/hal/include/serial_usb.h"
 232              		.file 21 "../../../ChibiOS/os/hal/include/rtc.h"
 233              		.file 22 "os/board/board.h"
 234              		.section	.debug_info,"",%progbits
 235              	.Ldebug_info0:
 236 0000 52040000 		.4byte	0x452
 237 0004 0400     		.2byte	0x4
 238 0006 00000000 		.4byte	.Ldebug_abbrev0
 239 000a 04       		.byte	0x4
 240 000b 01       		.uleb128 0x1
 241 000c 8D010000 		.4byte	.LASF66
 242 0010 01       		.byte	0x1
 243 0011 47000000 		.4byte	.LASF67
 244 0015 A2000000 		.4byte	.LASF68
 245 0019 00000000 		.4byte	.Ldebug_ranges0+0
 246 001d 00000000 		.4byte	0
 247 0021 00000000 		.4byte	.Ldebug_line0
 248 0025 02       		.uleb128 0x2
 249 0026 04       		.byte	0x4
 250 0027 05       		.byte	0x5
 251 0028 696E7400 		.ascii	"int\000"
 252 002c 03       		.uleb128 0x3
 253 002d 04       		.byte	0x4
 254 002e 07       		.byte	0x7
 255 002f 5F030000 		.4byte	.LASF0
 256 0033 03       		.uleb128 0x3
 257 0034 01       		.byte	0x1
 258 0035 06       		.byte	0x6
 259 0036 6A010000 		.4byte	.LASF1
 260 003a 03       		.uleb128 0x3
 261 003b 01       		.byte	0x1
 262 003c 08       		.byte	0x8
 263 003d 4F010000 		.4byte	.LASF2
 264 0041 03       		.uleb128 0x3
 265 0042 02       		.byte	0x2
 266 0043 05       		.byte	0x5
 267 0044 2F000000 		.4byte	.LASF3
 268 0048 03       		.uleb128 0x3
 269 0049 02       		.byte	0x2
 270 004a 07       		.byte	0x7
 271 004b 9D020000 		.4byte	.LASF4
 272 004f 04       		.uleb128 0x4
 273 0050 FE000000 		.4byte	.LASF6
 274 0054 02       		.byte	0x2
 275 0055 3F       		.byte	0x3f
 276 0056 5A000000 		.4byte	0x5a
 277 005a 03       		.uleb128 0x3
 278 005b 04       		.byte	0x4
 279 005c 05       		.byte	0x5
 280 005d 10010000 		.4byte	.LASF5
 281 0061 04       		.uleb128 0x4
 282 0062 97000000 		.4byte	.LASF7
 283 0066 02       		.byte	0x2
 284 0067 41       		.byte	0x41
 285 0068 6C000000 		.4byte	0x6c
ARM GAS  C:\Users\srich\AppData\Local\Temp\cczDSEkc.s 			page 6


 286 006c 03       		.uleb128 0x3
 287 006d 04       		.byte	0x4
 288 006e 07       		.byte	0x7
 289 006f F9020000 		.4byte	.LASF8
 290 0073 03       		.uleb128 0x3
 291 0074 08       		.byte	0x8
 292 0075 05       		.byte	0x5
 293 0076 E1000000 		.4byte	.LASF9
 294 007a 03       		.uleb128 0x3
 295 007b 08       		.byte	0x8
 296 007c 07       		.byte	0x7
 297 007d 76010000 		.4byte	.LASF10
 298 0081 04       		.uleb128 0x4
 299 0082 B5020000 		.4byte	.LASF11
 300 0086 03       		.byte	0x3
 301 0087 1F       		.byte	0x1f
 302 0088 4F000000 		.4byte	0x4f
 303 008c 04       		.uleb128 0x4
 304 008d 67020000 		.4byte	.LASF12
 305 0091 03       		.byte	0x3
 306 0092 20       		.byte	0x20
 307 0093 61000000 		.4byte	0x61
 308 0097 04       		.uleb128 0x4
 309 0098 BD020000 		.4byte	.LASF13
 310 009c 04       		.byte	0x4
 311 009d 2B       		.byte	0x2b
 312 009e A2000000 		.4byte	0xa2
 313 00a2 03       		.uleb128 0x3
 314 00a3 01       		.byte	0x1
 315 00a4 02       		.byte	0x2
 316 00a5 D5020000 		.4byte	.LASF14
 317 00a9 04       		.uleb128 0x4
 318 00aa D2000000 		.4byte	.LASF15
 319 00ae 05       		.byte	0x5
 320 00af 3A       		.byte	0x3a
 321 00b0 B4000000 		.4byte	0xb4
 322 00b4 05       		.uleb128 0x5
 323 00b5 8C000000 		.4byte	0x8c
 324 00b9 03       		.uleb128 0x3
 325 00ba 04       		.byte	0x4
 326 00bb 07       		.byte	0x7
 327 00bc 3E000000 		.4byte	.LASF16
 328 00c0 06       		.uleb128 0x6
 329 00c1 20       		.byte	0x20
 330 00c2 05       		.byte	0x5
 331 00c3 0601     		.2byte	0x106
 332 00c5 32010000 		.4byte	0x132
 333 00c9 07       		.uleb128 0x7
 334 00ca 65010000 		.4byte	.LASF17
 335 00ce 05       		.byte	0x5
 336 00cf 0701     		.2byte	0x107
 337 00d1 A9000000 		.4byte	0xa9
 338 00d5 00       		.byte	0
 339 00d6 07       		.uleb128 0x7
 340 00d7 F7000000 		.4byte	.LASF18
 341 00db 05       		.byte	0x5
 342 00dc 0801     		.2byte	0x108
ARM GAS  C:\Users\srich\AppData\Local\Temp\cczDSEkc.s 			page 7


 343 00de A9000000 		.4byte	0xa9
 344 00e2 04       		.byte	0x4
 345 00e3 07       		.uleb128 0x7
 346 00e4 F2020000 		.4byte	.LASF19
 347 00e8 05       		.byte	0x5
 348 00e9 0901     		.2byte	0x109
 349 00eb A9000000 		.4byte	0xa9
 350 00ef 08       		.byte	0x8
 351 00f0 07       		.uleb128 0x7
 352 00f1 87030000 		.4byte	.LASF20
 353 00f5 05       		.byte	0x5
 354 00f6 0A01     		.2byte	0x10a
 355 00f8 A9000000 		.4byte	0xa9
 356 00fc 0C       		.byte	0xc
 357 00fd 07       		.uleb128 0x7
 358 00fe 1D030000 		.4byte	.LASF21
 359 0102 05       		.byte	0x5
 360 0103 0B01     		.2byte	0x10b
 361 0105 A9000000 		.4byte	0xa9
 362 0109 10       		.byte	0x10
 363 010a 07       		.uleb128 0x7
 364 010b 2C030000 		.4byte	.LASF22
 365 010f 05       		.byte	0x5
 366 0110 0C01     		.2byte	0x10c
 367 0112 A9000000 		.4byte	0xa9
 368 0116 14       		.byte	0x14
 369 0117 07       		.uleb128 0x7
 370 0118 7F000000 		.4byte	.LASF23
 371 011c 05       		.byte	0x5
 372 011d 0D01     		.2byte	0x10d
 373 011f A9000000 		.4byte	0xa9
 374 0123 18       		.byte	0x18
 375 0124 07       		.uleb128 0x7
 376 0125 39000000 		.4byte	.LASF24
 377 0129 05       		.byte	0x5
 378 012a 0E01     		.2byte	0x10e
 379 012c A9000000 		.4byte	0xa9
 380 0130 1C       		.byte	0x1c
 381 0131 00       		.byte	0
 382 0132 08       		.uleb128 0x8
 383 0133 E3020000 		.4byte	.LASF25
 384 0137 05       		.byte	0x5
 385 0138 0F01     		.2byte	0x10f
 386 013a C0000000 		.4byte	0xc0
 387 013e 03       		.uleb128 0x3
 388 013f 01       		.byte	0x1
 389 0140 08       		.byte	0x8
 390 0141 B0020000 		.4byte	.LASF26
 391 0145 05       		.uleb128 0x5
 392 0146 81000000 		.4byte	0x81
 393 014a 08       		.uleb128 0x8
 394 014b 12030000 		.4byte	.LASF27
 395 014f 06       		.byte	0x6
 396 0150 C006     		.2byte	0x6c0
 397 0152 8C000000 		.4byte	0x8c
 398 0156 09       		.uleb128 0x9
 399 0157 1C       		.byte	0x1c
ARM GAS  C:\Users\srich\AppData\Local\Temp\cczDSEkc.s 			page 8


 400 0158 07       		.byte	0x7
 401 0159 A3       		.byte	0xa3
 402 015a B3010000 		.4byte	0x1b3
 403 015e 0A       		.uleb128 0xa
 404 015f 45030000 		.4byte	.LASF28
 405 0163 07       		.byte	0x7
 406 0164 A5       		.byte	0xa5
 407 0165 8C000000 		.4byte	0x8c
 408 0169 00       		.byte	0
 409 016a 0A       		.uleb128 0xa
 410 016b 70020000 		.4byte	.LASF29
 411 016f 07       		.byte	0x7
 412 0170 A7       		.byte	0xa7
 413 0171 8C000000 		.4byte	0x8c
 414 0175 04       		.byte	0x4
 415 0176 0A       		.uleb128 0xa
 416 0177 08010000 		.4byte	.LASF30
 417 017b 07       		.byte	0x7
 418 017c A9       		.byte	0xa9
 419 017d 8C000000 		.4byte	0x8c
 420 0181 08       		.byte	0x8
 421 0182 0A       		.uleb128 0xa
 422 0183 26030000 		.4byte	.LASF31
 423 0187 07       		.byte	0x7
 424 0188 AB       		.byte	0xab
 425 0189 8C000000 		.4byte	0x8c
 426 018d 0C       		.byte	0xc
 427 018e 0B       		.uleb128 0xb
 428 018f 6F647200 		.ascii	"odr\000"
 429 0193 07       		.byte	0x7
 430 0194 AD       		.byte	0xad
 431 0195 8C000000 		.4byte	0x8c
 432 0199 10       		.byte	0x10
 433 019a 0A       		.uleb128 0xa
 434 019b 40030000 		.4byte	.LASF32
 435 019f 07       		.byte	0x7
 436 01a0 AF       		.byte	0xaf
 437 01a1 8C000000 		.4byte	0x8c
 438 01a5 14       		.byte	0x14
 439 01a6 0A       		.uleb128 0xa
 440 01a7 33030000 		.4byte	.LASF33
 441 01ab 07       		.byte	0x7
 442 01ac B1       		.byte	0xb1
 443 01ad 8C000000 		.4byte	0x8c
 444 01b1 18       		.byte	0x18
 445 01b2 00       		.byte	0
 446 01b3 04       		.uleb128 0x4
 447 01b4 77020000 		.4byte	.LASF34
 448 01b8 07       		.byte	0x7
 449 01b9 B2       		.byte	0xb2
 450 01ba 56010000 		.4byte	0x156
 451 01be 09       		.uleb128 0x9
 452 01bf FC       		.byte	0xfc
 453 01c0 07       		.byte	0x7
 454 01c1 BB       		.byte	0xbb
 455 01c2 33020000 		.4byte	0x233
 456 01c6 0A       		.uleb128 0xa
ARM GAS  C:\Users\srich\AppData\Local\Temp\cczDSEkc.s 			page 9


 457 01c7 DA000000 		.4byte	.LASF35
 458 01cb 07       		.byte	0x7
 459 01cc BE       		.byte	0xbe
 460 01cd B3010000 		.4byte	0x1b3
 461 01d1 00       		.byte	0
 462 01d2 0A       		.uleb128 0xa
 463 01d3 CE020000 		.4byte	.LASF36
 464 01d7 07       		.byte	0x7
 465 01d8 C2       		.byte	0xc2
 466 01d9 B3010000 		.4byte	0x1b3
 467 01dd 1C       		.byte	0x1c
 468 01de 0A       		.uleb128 0xa
 469 01df 48010000 		.4byte	.LASF37
 470 01e3 07       		.byte	0x7
 471 01e4 C6       		.byte	0xc6
 472 01e5 B3010000 		.4byte	0x1b3
 473 01e9 38       		.byte	0x38
 474 01ea 0A       		.uleb128 0xa
 475 01eb 21010000 		.4byte	.LASF38
 476 01ef 07       		.byte	0x7
 477 01f0 CA       		.byte	0xca
 478 01f1 B3010000 		.4byte	0x1b3
 479 01f5 54       		.byte	0x54
 480 01f6 0A       		.uleb128 0xa
 481 01f7 EB020000 		.4byte	.LASF39
 482 01fb 07       		.byte	0x7
 483 01fc CE       		.byte	0xce
 484 01fd B3010000 		.4byte	0x1b3
 485 0201 70       		.byte	0x70
 486 0202 0A       		.uleb128 0xa
 487 0203 71000000 		.4byte	.LASF40
 488 0207 07       		.byte	0x7
 489 0208 D2       		.byte	0xd2
 490 0209 B3010000 		.4byte	0x1b3
 491 020d 8C       		.byte	0x8c
 492 020e 0A       		.uleb128 0xa
 493 020f 41010000 		.4byte	.LASF41
 494 0213 07       		.byte	0x7
 495 0214 D6       		.byte	0xd6
 496 0215 B3010000 		.4byte	0x1b3
 497 0219 A8       		.byte	0xa8
 498 021a 0A       		.uleb128 0xa
 499 021b 0B030000 		.4byte	.LASF42
 500 021f 07       		.byte	0x7
 501 0220 DA       		.byte	0xda
 502 0221 B3010000 		.4byte	0x1b3
 503 0225 C4       		.byte	0xc4
 504 0226 0A       		.uleb128 0xa
 505 0227 78000000 		.4byte	.LASF43
 506 022b 07       		.byte	0x7
 507 022c DE       		.byte	0xde
 508 022d B3010000 		.4byte	0x1b3
 509 0231 E0       		.byte	0xe0
 510 0232 00       		.byte	0
 511 0233 04       		.uleb128 0x4
 512 0234 C4020000 		.4byte	.LASF44
 513 0238 07       		.byte	0x7
ARM GAS  C:\Users\srich\AppData\Local\Temp\cczDSEkc.s 			page 10


 514 0239 E0       		.byte	0xe0
 515 023a BE010000 		.4byte	0x1be
 516 023e 0C       		.uleb128 0xc
 517 023f 74030000 		.4byte	.LASF69
 518 0243 01       		.byte	0x1
 519 0244 AE       		.byte	0xae
 520 0245 97000000 		.4byte	0x97
 521 0249 01       		.byte	0x1
 522 024a 70020000 		.4byte	0x270
 523 024e 0D       		.uleb128 0xd
 524 024f 97020000 		.4byte	.LASF45
 525 0253 01       		.byte	0x1
 526 0254 AE       		.byte	0xae
 527 0255 4A010000 		.4byte	0x14a
 528 0259 0E       		.uleb128 0xe
 529 025a 656E6400 		.ascii	"end\000"
 530 025e 01       		.byte	0x1
 531 025f AE       		.byte	0xae
 532 0260 4A010000 		.4byte	0x14a
 533 0264 0F       		.uleb128 0xf
 534 0265 6E6F7700 		.ascii	"now\000"
 535 0269 01       		.byte	0x1
 536 026a AF       		.byte	0xaf
 537 026b 4A010000 		.4byte	0x14a
 538 026f 00       		.byte	0
 539 0270 10       		.uleb128 0x10
 540 0271 EF000000 		.4byte	.LASF46
 541 0275 01       		.byte	0x1
 542 0276 44       		.byte	0x44
 543 0277 00000000 		.4byte	.LFB118
 544 027b 4C000000 		.4byte	.LFE118-.LFB118
 545 027f 01       		.uleb128 0x1
 546 0280 9C       		.byte	0x9c
 547 0281 16030000 		.4byte	0x316
 548 0285 11       		.uleb128 0x11
 549 0286 06000000 		.4byte	.LVL0
 550 028a CE030000 		.4byte	0x3ce
 551 028e 11       		.uleb128 0x11
 552 028f 0A000000 		.4byte	.LVL1
 553 0293 D6030000 		.4byte	0x3d6
 554 0297 11       		.uleb128 0x11
 555 0298 10000000 		.4byte	.LVL2
 556 029c DD030000 		.4byte	0x3dd
 557 02a0 11       		.uleb128 0x11
 558 02a1 14000000 		.4byte	.LVL3
 559 02a5 F5030000 		.4byte	0x3f5
 560 02a9 11       		.uleb128 0x11
 561 02aa 18000000 		.4byte	.LVL4
 562 02ae FD030000 		.4byte	0x3fd
 563 02b2 11       		.uleb128 0x11
 564 02b3 1C000000 		.4byte	.LVL5
 565 02b7 04040000 		.4byte	0x404
 566 02bb 11       		.uleb128 0x11
 567 02bc 20000000 		.4byte	.LVL6
 568 02c0 0B040000 		.4byte	0x40b
 569 02c4 11       		.uleb128 0x11
 570 02c5 24000000 		.4byte	.LVL7
ARM GAS  C:\Users\srich\AppData\Local\Temp\cczDSEkc.s 			page 11


 571 02c9 12040000 		.4byte	0x412
 572 02cd 11       		.uleb128 0x11
 573 02ce 28000000 		.4byte	.LVL8
 574 02d2 19040000 		.4byte	0x419
 575 02d6 11       		.uleb128 0x11
 576 02d7 2C000000 		.4byte	.LVL9
 577 02db 20040000 		.4byte	0x420
 578 02df 11       		.uleb128 0x11
 579 02e0 30000000 		.4byte	.LVL10
 580 02e4 28040000 		.4byte	0x428
 581 02e8 11       		.uleb128 0x11
 582 02e9 34000000 		.4byte	.LVL11
 583 02ed 2F040000 		.4byte	0x42f
 584 02f1 11       		.uleb128 0x11
 585 02f2 38000000 		.4byte	.LVL12
 586 02f6 37040000 		.4byte	0x437
 587 02fa 11       		.uleb128 0x11
 588 02fb 3C000000 		.4byte	.LVL13
 589 02ff 3F040000 		.4byte	0x43f
 590 0303 11       		.uleb128 0x11
 591 0304 40000000 		.4byte	.LVL14
 592 0308 46040000 		.4byte	0x446
 593 030c 12       		.uleb128 0x12
 594 030d 48000000 		.4byte	.LVL15
 595 0311 4D040000 		.4byte	0x44d
 596 0315 00       		.byte	0
 597 0316 13       		.uleb128 0x13
 598 0317 3E020000 		.4byte	0x23e
 599 031b 00000000 		.4byte	.LFB119
 600 031f 28000000 		.4byte	.LFE119-.LFB119
 601 0323 01       		.uleb128 0x1
 602 0324 9C       		.byte	0x9c
 603 0325 41030000 		.4byte	0x341
 604 0329 14       		.uleb128 0x14
 605 032a 4E020000 		.4byte	0x24e
 606 032e 00000000 		.4byte	.LLST0
 607 0332 15       		.uleb128 0x15
 608 0333 59020000 		.4byte	0x259
 609 0337 01       		.uleb128 0x1
 610 0338 51       		.byte	0x51
 611 0339 16       		.uleb128 0x16
 612 033a 64020000 		.4byte	0x264
 613 033e 01       		.uleb128 0x1
 614 033f 53       		.byte	0x53
 615 0340 00       		.byte	0
 616 0341 10       		.uleb128 0x10
 617 0342 28010000 		.4byte	.LASF47
 618 0346 01       		.byte	0x1
 619 0347 C1       		.byte	0xc1
 620 0348 00000000 		.4byte	.LFB120
 621 034c 28000000 		.4byte	.LFE120-.LFB120
 622 0350 01       		.uleb128 0x1
 623 0351 9C       		.byte	0x9c
 624 0352 B1030000 		.4byte	0x3b1
 625 0356 17       		.uleb128 0x17
 626 0357 00000000 		.4byte	.LASF70
 627 035b 01       		.byte	0x1
ARM GAS  C:\Users\srich\AppData\Local\Temp\cczDSEkc.s 			page 12


 628 035c C1       		.byte	0xc1
 629 035d 4A010000 		.4byte	0x14a
 630 0361 53000000 		.4byte	.LLST1
 631 0365 18       		.uleb128 0x18
 632 0366 97020000 		.4byte	.LASF45
 633 036a 01       		.byte	0x1
 634 036b C2       		.byte	0xc2
 635 036c 4A010000 		.4byte	0x14a
 636 0370 01       		.uleb128 0x1
 637 0371 52       		.byte	0x52
 638 0372 18       		.uleb128 0x18
 639 0373 96030000 		.4byte	.LASF48
 640 0377 01       		.byte	0x1
 641 0378 C3       		.byte	0xc3
 642 0379 4A010000 		.4byte	0x14a
 643 037d 01       		.uleb128 0x1
 644 037e 50       		.byte	0x50
 645 037f 19       		.uleb128 0x19
 646 0380 3E020000 		.4byte	0x23e
 647 0384 06000000 		.4byte	.LBB4
 648 0388 18000000 		.4byte	.LBE4-.LBB4
 649 038c 01       		.byte	0x1
 650 038d C4       		.byte	0xc4
 651 038e 15       		.uleb128 0x15
 652 038f 59020000 		.4byte	0x259
 653 0393 01       		.uleb128 0x1
 654 0394 50       		.byte	0x50
 655 0395 15       		.uleb128 0x15
 656 0396 4E020000 		.4byte	0x24e
 657 039a 01       		.uleb128 0x1
 658 039b 52       		.byte	0x52
 659 039c 1A       		.uleb128 0x1a
 660 039d 06000000 		.4byte	.LBB5
 661 03a1 18000000 		.4byte	.LBE5-.LBB5
 662 03a5 1B       		.uleb128 0x1b
 663 03a6 64020000 		.4byte	0x264
 664 03aa 74000000 		.4byte	.LLST2
 665 03ae 00       		.byte	0
 666 03af 00       		.byte	0
 667 03b0 00       		.byte	0
 668 03b1 1C       		.uleb128 0x1c
 669 03b2 4B030000 		.4byte	.LASF49
 670 03b6 08       		.byte	0x8
 671 03b7 9806     		.2byte	0x698
 672 03b9 45010000 		.4byte	0x145
 673 03bd 1C       		.uleb128 0x1c
 674 03be 1C000000 		.4byte	.LASF50
 675 03c2 07       		.byte	0x7
 676 03c3 BC01     		.2byte	0x1bc
 677 03c5 C9030000 		.4byte	0x3c9
 678 03c9 1D       		.uleb128 0x1d
 679 03ca 33020000 		.4byte	0x233
 680 03ce 1E       		.uleb128 0x1e
 681 03cf 8A020000 		.4byte	.LASF51
 682 03d3 06       		.byte	0x6
 683 03d4 E906     		.2byte	0x6e9
 684 03d6 1F       		.uleb128 0x1f
ARM GAS  C:\Users\srich\AppData\Local\Temp\cczDSEkc.s 			page 13


 685 03d7 58030000 		.4byte	.LASF52
 686 03db 09       		.byte	0x9
 687 03dc 73       		.byte	0x73
 688 03dd 20       		.uleb128 0x20
 689 03de 0E000000 		.4byte	.LASF71
 690 03e2 07       		.byte	0x7
 691 03e3 C101     		.2byte	0x1c1
 692 03e5 EF030000 		.4byte	0x3ef
 693 03e9 21       		.uleb128 0x21
 694 03ea EF030000 		.4byte	0x3ef
 695 03ee 00       		.byte	0
 696 03ef 22       		.uleb128 0x22
 697 03f0 04       		.byte	0x4
 698 03f1 C9030000 		.4byte	0x3c9
 699 03f5 1E       		.uleb128 0x1e
 700 03f6 38030000 		.4byte	.LASF53
 701 03fa 0A       		.byte	0xa
 702 03fb 1C01     		.2byte	0x11c
 703 03fd 1F       		.uleb128 0x1f
 704 03fe DB020000 		.4byte	.LASF54
 705 0402 0B       		.byte	0xb
 706 0403 8D       		.byte	0x8d
 707 0404 1F       		.uleb128 0x1f
 708 0405 5D010000 		.4byte	.LASF55
 709 0409 0C       		.byte	0xc
 710 040a 6E       		.byte	0x6e
 711 040b 1F       		.uleb128 0x1f
 712 040c 06000000 		.4byte	.LASF56
 713 0410 0D       		.byte	0xd
 714 0411 7F       		.byte	0x7f
 715 0412 1F       		.uleb128 0x1f
 716 0413 CA000000 		.4byte	.LASF57
 717 0417 0E       		.byte	0xe
 718 0418 BD       		.byte	0xbd
 719 0419 1F       		.uleb128 0x1f
 720 041a 19010000 		.4byte	.LASF58
 721 041e 0F       		.byte	0xf
 722 041f F2       		.byte	0xf2
 723 0420 1E       		.uleb128 0x1e
 724 0421 C3000000 		.4byte	.LASF59
 725 0425 10       		.byte	0x10
 726 0426 3501     		.2byte	0x135
 727 0428 1F       		.uleb128 0x1f
 728 0429 69000000 		.4byte	.LASF60
 729 042d 11       		.byte	0x11
 730 042e A6       		.byte	0xa6
 731 042f 1E       		.uleb128 0x1e
 732 0430 8F000000 		.4byte	.LASF61
 733 0434 12       		.byte	0x12
 734 0435 2E01     		.2byte	0x12e
 735 0437 1E       		.uleb128 0x1e
 736 0438 87000000 		.4byte	.LASF62
 737 043c 13       		.byte	0x13
 738 043d 2902     		.2byte	0x229
 739 043f 1F       		.uleb128 0x1f
 740 0440 6C030000 		.4byte	.LASF63
 741 0444 14       		.byte	0x14
ARM GAS  C:\Users\srich\AppData\Local\Temp\cczDSEkc.s 			page 14


 742 0445 E0       		.byte	0xe0
 743 0446 1F       		.uleb128 0x1f
 744 0447 8E030000 		.4byte	.LASF64
 745 044b 15       		.byte	0x15
 746 044c 9E       		.byte	0x9e
 747 044d 1E       		.uleb128 0x1e
 748 044e 37010000 		.4byte	.LASF65
 749 0452 16       		.byte	0x16
 750 0453 9001     		.2byte	0x190
 751 0455 00       		.byte	0
 752              		.section	.debug_abbrev,"",%progbits
 753              	.Ldebug_abbrev0:
 754 0000 01       		.uleb128 0x1
 755 0001 11       		.uleb128 0x11
 756 0002 01       		.byte	0x1
 757 0003 25       		.uleb128 0x25
 758 0004 0E       		.uleb128 0xe
 759 0005 13       		.uleb128 0x13
 760 0006 0B       		.uleb128 0xb
 761 0007 03       		.uleb128 0x3
 762 0008 0E       		.uleb128 0xe
 763 0009 1B       		.uleb128 0x1b
 764 000a 0E       		.uleb128 0xe
 765 000b 55       		.uleb128 0x55
 766 000c 17       		.uleb128 0x17
 767 000d 11       		.uleb128 0x11
 768 000e 01       		.uleb128 0x1
 769 000f 10       		.uleb128 0x10
 770 0010 17       		.uleb128 0x17
 771 0011 00       		.byte	0
 772 0012 00       		.byte	0
 773 0013 02       		.uleb128 0x2
 774 0014 24       		.uleb128 0x24
 775 0015 00       		.byte	0
 776 0016 0B       		.uleb128 0xb
 777 0017 0B       		.uleb128 0xb
 778 0018 3E       		.uleb128 0x3e
 779 0019 0B       		.uleb128 0xb
 780 001a 03       		.uleb128 0x3
 781 001b 08       		.uleb128 0x8
 782 001c 00       		.byte	0
 783 001d 00       		.byte	0
 784 001e 03       		.uleb128 0x3
 785 001f 24       		.uleb128 0x24
 786 0020 00       		.byte	0
 787 0021 0B       		.uleb128 0xb
 788 0022 0B       		.uleb128 0xb
 789 0023 3E       		.uleb128 0x3e
 790 0024 0B       		.uleb128 0xb
 791 0025 03       		.uleb128 0x3
 792 0026 0E       		.uleb128 0xe
 793 0027 00       		.byte	0
 794 0028 00       		.byte	0
 795 0029 04       		.uleb128 0x4
 796 002a 16       		.uleb128 0x16
 797 002b 00       		.byte	0
 798 002c 03       		.uleb128 0x3
ARM GAS  C:\Users\srich\AppData\Local\Temp\cczDSEkc.s 			page 15


 799 002d 0E       		.uleb128 0xe
 800 002e 3A       		.uleb128 0x3a
 801 002f 0B       		.uleb128 0xb
 802 0030 3B       		.uleb128 0x3b
 803 0031 0B       		.uleb128 0xb
 804 0032 49       		.uleb128 0x49
 805 0033 13       		.uleb128 0x13
 806 0034 00       		.byte	0
 807 0035 00       		.byte	0
 808 0036 05       		.uleb128 0x5
 809 0037 35       		.uleb128 0x35
 810 0038 00       		.byte	0
 811 0039 49       		.uleb128 0x49
 812 003a 13       		.uleb128 0x13
 813 003b 00       		.byte	0
 814 003c 00       		.byte	0
 815 003d 06       		.uleb128 0x6
 816 003e 13       		.uleb128 0x13
 817 003f 01       		.byte	0x1
 818 0040 0B       		.uleb128 0xb
 819 0041 0B       		.uleb128 0xb
 820 0042 3A       		.uleb128 0x3a
 821 0043 0B       		.uleb128 0xb
 822 0044 3B       		.uleb128 0x3b
 823 0045 05       		.uleb128 0x5
 824 0046 01       		.uleb128 0x1
 825 0047 13       		.uleb128 0x13
 826 0048 00       		.byte	0
 827 0049 00       		.byte	0
 828 004a 07       		.uleb128 0x7
 829 004b 0D       		.uleb128 0xd
 830 004c 00       		.byte	0
 831 004d 03       		.uleb128 0x3
 832 004e 0E       		.uleb128 0xe
 833 004f 3A       		.uleb128 0x3a
 834 0050 0B       		.uleb128 0xb
 835 0051 3B       		.uleb128 0x3b
 836 0052 05       		.uleb128 0x5
 837 0053 49       		.uleb128 0x49
 838 0054 13       		.uleb128 0x13
 839 0055 38       		.uleb128 0x38
 840 0056 0B       		.uleb128 0xb
 841 0057 00       		.byte	0
 842 0058 00       		.byte	0
 843 0059 08       		.uleb128 0x8
 844 005a 16       		.uleb128 0x16
 845 005b 00       		.byte	0
 846 005c 03       		.uleb128 0x3
 847 005d 0E       		.uleb128 0xe
 848 005e 3A       		.uleb128 0x3a
 849 005f 0B       		.uleb128 0xb
 850 0060 3B       		.uleb128 0x3b
 851 0061 05       		.uleb128 0x5
 852 0062 49       		.uleb128 0x49
 853 0063 13       		.uleb128 0x13
 854 0064 00       		.byte	0
 855 0065 00       		.byte	0
ARM GAS  C:\Users\srich\AppData\Local\Temp\cczDSEkc.s 			page 16


 856 0066 09       		.uleb128 0x9
 857 0067 13       		.uleb128 0x13
 858 0068 01       		.byte	0x1
 859 0069 0B       		.uleb128 0xb
 860 006a 0B       		.uleb128 0xb
 861 006b 3A       		.uleb128 0x3a
 862 006c 0B       		.uleb128 0xb
 863 006d 3B       		.uleb128 0x3b
 864 006e 0B       		.uleb128 0xb
 865 006f 01       		.uleb128 0x1
 866 0070 13       		.uleb128 0x13
 867 0071 00       		.byte	0
 868 0072 00       		.byte	0
 869 0073 0A       		.uleb128 0xa
 870 0074 0D       		.uleb128 0xd
 871 0075 00       		.byte	0
 872 0076 03       		.uleb128 0x3
 873 0077 0E       		.uleb128 0xe
 874 0078 3A       		.uleb128 0x3a
 875 0079 0B       		.uleb128 0xb
 876 007a 3B       		.uleb128 0x3b
 877 007b 0B       		.uleb128 0xb
 878 007c 49       		.uleb128 0x49
 879 007d 13       		.uleb128 0x13
 880 007e 38       		.uleb128 0x38
 881 007f 0B       		.uleb128 0xb
 882 0080 00       		.byte	0
 883 0081 00       		.byte	0
 884 0082 0B       		.uleb128 0xb
 885 0083 0D       		.uleb128 0xd
 886 0084 00       		.byte	0
 887 0085 03       		.uleb128 0x3
 888 0086 08       		.uleb128 0x8
 889 0087 3A       		.uleb128 0x3a
 890 0088 0B       		.uleb128 0xb
 891 0089 3B       		.uleb128 0x3b
 892 008a 0B       		.uleb128 0xb
 893 008b 49       		.uleb128 0x49
 894 008c 13       		.uleb128 0x13
 895 008d 38       		.uleb128 0x38
 896 008e 0B       		.uleb128 0xb
 897 008f 00       		.byte	0
 898 0090 00       		.byte	0
 899 0091 0C       		.uleb128 0xc
 900 0092 2E       		.uleb128 0x2e
 901 0093 01       		.byte	0x1
 902 0094 3F       		.uleb128 0x3f
 903 0095 19       		.uleb128 0x19
 904 0096 03       		.uleb128 0x3
 905 0097 0E       		.uleb128 0xe
 906 0098 3A       		.uleb128 0x3a
 907 0099 0B       		.uleb128 0xb
 908 009a 3B       		.uleb128 0x3b
 909 009b 0B       		.uleb128 0xb
 910 009c 27       		.uleb128 0x27
 911 009d 19       		.uleb128 0x19
 912 009e 49       		.uleb128 0x49
ARM GAS  C:\Users\srich\AppData\Local\Temp\cczDSEkc.s 			page 17


 913 009f 13       		.uleb128 0x13
 914 00a0 20       		.uleb128 0x20
 915 00a1 0B       		.uleb128 0xb
 916 00a2 01       		.uleb128 0x1
 917 00a3 13       		.uleb128 0x13
 918 00a4 00       		.byte	0
 919 00a5 00       		.byte	0
 920 00a6 0D       		.uleb128 0xd
 921 00a7 05       		.uleb128 0x5
 922 00a8 00       		.byte	0
 923 00a9 03       		.uleb128 0x3
 924 00aa 0E       		.uleb128 0xe
 925 00ab 3A       		.uleb128 0x3a
 926 00ac 0B       		.uleb128 0xb
 927 00ad 3B       		.uleb128 0x3b
 928 00ae 0B       		.uleb128 0xb
 929 00af 49       		.uleb128 0x49
 930 00b0 13       		.uleb128 0x13
 931 00b1 00       		.byte	0
 932 00b2 00       		.byte	0
 933 00b3 0E       		.uleb128 0xe
 934 00b4 05       		.uleb128 0x5
 935 00b5 00       		.byte	0
 936 00b6 03       		.uleb128 0x3
 937 00b7 08       		.uleb128 0x8
 938 00b8 3A       		.uleb128 0x3a
 939 00b9 0B       		.uleb128 0xb
 940 00ba 3B       		.uleb128 0x3b
 941 00bb 0B       		.uleb128 0xb
 942 00bc 49       		.uleb128 0x49
 943 00bd 13       		.uleb128 0x13
 944 00be 00       		.byte	0
 945 00bf 00       		.byte	0
 946 00c0 0F       		.uleb128 0xf
 947 00c1 34       		.uleb128 0x34
 948 00c2 00       		.byte	0
 949 00c3 03       		.uleb128 0x3
 950 00c4 08       		.uleb128 0x8
 951 00c5 3A       		.uleb128 0x3a
 952 00c6 0B       		.uleb128 0xb
 953 00c7 3B       		.uleb128 0x3b
 954 00c8 0B       		.uleb128 0xb
 955 00c9 49       		.uleb128 0x49
 956 00ca 13       		.uleb128 0x13
 957 00cb 00       		.byte	0
 958 00cc 00       		.byte	0
 959 00cd 10       		.uleb128 0x10
 960 00ce 2E       		.uleb128 0x2e
 961 00cf 01       		.byte	0x1
 962 00d0 3F       		.uleb128 0x3f
 963 00d1 19       		.uleb128 0x19
 964 00d2 03       		.uleb128 0x3
 965 00d3 0E       		.uleb128 0xe
 966 00d4 3A       		.uleb128 0x3a
 967 00d5 0B       		.uleb128 0xb
 968 00d6 3B       		.uleb128 0x3b
 969 00d7 0B       		.uleb128 0xb
ARM GAS  C:\Users\srich\AppData\Local\Temp\cczDSEkc.s 			page 18


 970 00d8 27       		.uleb128 0x27
 971 00d9 19       		.uleb128 0x19
 972 00da 11       		.uleb128 0x11
 973 00db 01       		.uleb128 0x1
 974 00dc 12       		.uleb128 0x12
 975 00dd 06       		.uleb128 0x6
 976 00de 40       		.uleb128 0x40
 977 00df 18       		.uleb128 0x18
 978 00e0 9742     		.uleb128 0x2117
 979 00e2 19       		.uleb128 0x19
 980 00e3 01       		.uleb128 0x1
 981 00e4 13       		.uleb128 0x13
 982 00e5 00       		.byte	0
 983 00e6 00       		.byte	0
 984 00e7 11       		.uleb128 0x11
 985 00e8 898201   		.uleb128 0x4109
 986 00eb 00       		.byte	0
 987 00ec 11       		.uleb128 0x11
 988 00ed 01       		.uleb128 0x1
 989 00ee 31       		.uleb128 0x31
 990 00ef 13       		.uleb128 0x13
 991 00f0 00       		.byte	0
 992 00f1 00       		.byte	0
 993 00f2 12       		.uleb128 0x12
 994 00f3 898201   		.uleb128 0x4109
 995 00f6 00       		.byte	0
 996 00f7 11       		.uleb128 0x11
 997 00f8 01       		.uleb128 0x1
 998 00f9 9542     		.uleb128 0x2115
 999 00fb 19       		.uleb128 0x19
 1000 00fc 31       		.uleb128 0x31
 1001 00fd 13       		.uleb128 0x13
 1002 00fe 00       		.byte	0
 1003 00ff 00       		.byte	0
 1004 0100 13       		.uleb128 0x13
 1005 0101 2E       		.uleb128 0x2e
 1006 0102 01       		.byte	0x1
 1007 0103 31       		.uleb128 0x31
 1008 0104 13       		.uleb128 0x13
 1009 0105 11       		.uleb128 0x11
 1010 0106 01       		.uleb128 0x1
 1011 0107 12       		.uleb128 0x12
 1012 0108 06       		.uleb128 0x6
 1013 0109 40       		.uleb128 0x40
 1014 010a 18       		.uleb128 0x18
 1015 010b 9742     		.uleb128 0x2117
 1016 010d 19       		.uleb128 0x19
 1017 010e 01       		.uleb128 0x1
 1018 010f 13       		.uleb128 0x13
 1019 0110 00       		.byte	0
 1020 0111 00       		.byte	0
 1021 0112 14       		.uleb128 0x14
 1022 0113 05       		.uleb128 0x5
 1023 0114 00       		.byte	0
 1024 0115 31       		.uleb128 0x31
 1025 0116 13       		.uleb128 0x13
 1026 0117 02       		.uleb128 0x2
ARM GAS  C:\Users\srich\AppData\Local\Temp\cczDSEkc.s 			page 19


 1027 0118 17       		.uleb128 0x17
 1028 0119 00       		.byte	0
 1029 011a 00       		.byte	0
 1030 011b 15       		.uleb128 0x15
 1031 011c 05       		.uleb128 0x5
 1032 011d 00       		.byte	0
 1033 011e 31       		.uleb128 0x31
 1034 011f 13       		.uleb128 0x13
 1035 0120 02       		.uleb128 0x2
 1036 0121 18       		.uleb128 0x18
 1037 0122 00       		.byte	0
 1038 0123 00       		.byte	0
 1039 0124 16       		.uleb128 0x16
 1040 0125 34       		.uleb128 0x34
 1041 0126 00       		.byte	0
 1042 0127 31       		.uleb128 0x31
 1043 0128 13       		.uleb128 0x13
 1044 0129 02       		.uleb128 0x2
 1045 012a 18       		.uleb128 0x18
 1046 012b 00       		.byte	0
 1047 012c 00       		.byte	0
 1048 012d 17       		.uleb128 0x17
 1049 012e 05       		.uleb128 0x5
 1050 012f 00       		.byte	0
 1051 0130 03       		.uleb128 0x3
 1052 0131 0E       		.uleb128 0xe
 1053 0132 3A       		.uleb128 0x3a
 1054 0133 0B       		.uleb128 0xb
 1055 0134 3B       		.uleb128 0x3b
 1056 0135 0B       		.uleb128 0xb
 1057 0136 49       		.uleb128 0x49
 1058 0137 13       		.uleb128 0x13
 1059 0138 02       		.uleb128 0x2
 1060 0139 17       		.uleb128 0x17
 1061 013a 00       		.byte	0
 1062 013b 00       		.byte	0
 1063 013c 18       		.uleb128 0x18
 1064 013d 34       		.uleb128 0x34
 1065 013e 00       		.byte	0
 1066 013f 03       		.uleb128 0x3
 1067 0140 0E       		.uleb128 0xe
 1068 0141 3A       		.uleb128 0x3a
 1069 0142 0B       		.uleb128 0xb
 1070 0143 3B       		.uleb128 0x3b
 1071 0144 0B       		.uleb128 0xb
 1072 0145 49       		.uleb128 0x49
 1073 0146 13       		.uleb128 0x13
 1074 0147 02       		.uleb128 0x2
 1075 0148 18       		.uleb128 0x18
 1076 0149 00       		.byte	0
 1077 014a 00       		.byte	0
 1078 014b 19       		.uleb128 0x19
 1079 014c 1D       		.uleb128 0x1d
 1080 014d 01       		.byte	0x1
 1081 014e 31       		.uleb128 0x31
 1082 014f 13       		.uleb128 0x13
 1083 0150 11       		.uleb128 0x11
ARM GAS  C:\Users\srich\AppData\Local\Temp\cczDSEkc.s 			page 20


 1084 0151 01       		.uleb128 0x1
 1085 0152 12       		.uleb128 0x12
 1086 0153 06       		.uleb128 0x6
 1087 0154 58       		.uleb128 0x58
 1088 0155 0B       		.uleb128 0xb
 1089 0156 59       		.uleb128 0x59
 1090 0157 0B       		.uleb128 0xb
 1091 0158 00       		.byte	0
 1092 0159 00       		.byte	0
 1093 015a 1A       		.uleb128 0x1a
 1094 015b 0B       		.uleb128 0xb
 1095 015c 01       		.byte	0x1
 1096 015d 11       		.uleb128 0x11
 1097 015e 01       		.uleb128 0x1
 1098 015f 12       		.uleb128 0x12
 1099 0160 06       		.uleb128 0x6
 1100 0161 00       		.byte	0
 1101 0162 00       		.byte	0
 1102 0163 1B       		.uleb128 0x1b
 1103 0164 34       		.uleb128 0x34
 1104 0165 00       		.byte	0
 1105 0166 31       		.uleb128 0x31
 1106 0167 13       		.uleb128 0x13
 1107 0168 02       		.uleb128 0x2
 1108 0169 17       		.uleb128 0x17
 1109 016a 00       		.byte	0
 1110 016b 00       		.byte	0
 1111 016c 1C       		.uleb128 0x1c
 1112 016d 34       		.uleb128 0x34
 1113 016e 00       		.byte	0
 1114 016f 03       		.uleb128 0x3
 1115 0170 0E       		.uleb128 0xe
 1116 0171 3A       		.uleb128 0x3a
 1117 0172 0B       		.uleb128 0xb
 1118 0173 3B       		.uleb128 0x3b
 1119 0174 05       		.uleb128 0x5
 1120 0175 49       		.uleb128 0x49
 1121 0176 13       		.uleb128 0x13
 1122 0177 3F       		.uleb128 0x3f
 1123 0178 19       		.uleb128 0x19
 1124 0179 3C       		.uleb128 0x3c
 1125 017a 19       		.uleb128 0x19
 1126 017b 00       		.byte	0
 1127 017c 00       		.byte	0
 1128 017d 1D       		.uleb128 0x1d
 1129 017e 26       		.uleb128 0x26
 1130 017f 00       		.byte	0
 1131 0180 49       		.uleb128 0x49
 1132 0181 13       		.uleb128 0x13
 1133 0182 00       		.byte	0
 1134 0183 00       		.byte	0
 1135 0184 1E       		.uleb128 0x1e
 1136 0185 2E       		.uleb128 0x2e
 1137 0186 00       		.byte	0
 1138 0187 3F       		.uleb128 0x3f
 1139 0188 19       		.uleb128 0x19
 1140 0189 03       		.uleb128 0x3
ARM GAS  C:\Users\srich\AppData\Local\Temp\cczDSEkc.s 			page 21


 1141 018a 0E       		.uleb128 0xe
 1142 018b 3A       		.uleb128 0x3a
 1143 018c 0B       		.uleb128 0xb
 1144 018d 3B       		.uleb128 0x3b
 1145 018e 05       		.uleb128 0x5
 1146 018f 27       		.uleb128 0x27
 1147 0190 19       		.uleb128 0x19
 1148 0191 3C       		.uleb128 0x3c
 1149 0192 19       		.uleb128 0x19
 1150 0193 00       		.byte	0
 1151 0194 00       		.byte	0
 1152 0195 1F       		.uleb128 0x1f
 1153 0196 2E       		.uleb128 0x2e
 1154 0197 00       		.byte	0
 1155 0198 3F       		.uleb128 0x3f
 1156 0199 19       		.uleb128 0x19
 1157 019a 03       		.uleb128 0x3
 1158 019b 0E       		.uleb128 0xe
 1159 019c 3A       		.uleb128 0x3a
 1160 019d 0B       		.uleb128 0xb
 1161 019e 3B       		.uleb128 0x3b
 1162 019f 0B       		.uleb128 0xb
 1163 01a0 27       		.uleb128 0x27
 1164 01a1 19       		.uleb128 0x19
 1165 01a2 3C       		.uleb128 0x3c
 1166 01a3 19       		.uleb128 0x19
 1167 01a4 00       		.byte	0
 1168 01a5 00       		.byte	0
 1169 01a6 20       		.uleb128 0x20
 1170 01a7 2E       		.uleb128 0x2e
 1171 01a8 01       		.byte	0x1
 1172 01a9 3F       		.uleb128 0x3f
 1173 01aa 19       		.uleb128 0x19
 1174 01ab 03       		.uleb128 0x3
 1175 01ac 0E       		.uleb128 0xe
 1176 01ad 3A       		.uleb128 0x3a
 1177 01ae 0B       		.uleb128 0xb
 1178 01af 3B       		.uleb128 0x3b
 1179 01b0 05       		.uleb128 0x5
 1180 01b1 27       		.uleb128 0x27
 1181 01b2 19       		.uleb128 0x19
 1182 01b3 3C       		.uleb128 0x3c
 1183 01b4 19       		.uleb128 0x19
 1184 01b5 01       		.uleb128 0x1
 1185 01b6 13       		.uleb128 0x13
 1186 01b7 00       		.byte	0
 1187 01b8 00       		.byte	0
 1188 01b9 21       		.uleb128 0x21
 1189 01ba 05       		.uleb128 0x5
 1190 01bb 00       		.byte	0
 1191 01bc 49       		.uleb128 0x49
 1192 01bd 13       		.uleb128 0x13
 1193 01be 00       		.byte	0
 1194 01bf 00       		.byte	0
 1195 01c0 22       		.uleb128 0x22
 1196 01c1 0F       		.uleb128 0xf
 1197 01c2 00       		.byte	0
ARM GAS  C:\Users\srich\AppData\Local\Temp\cczDSEkc.s 			page 22


 1198 01c3 0B       		.uleb128 0xb
 1199 01c4 0B       		.uleb128 0xb
 1200 01c5 49       		.uleb128 0x49
 1201 01c6 13       		.uleb128 0x13
 1202 01c7 00       		.byte	0
 1203 01c8 00       		.byte	0
 1204 01c9 00       		.byte	0
 1205              		.section	.debug_loc,"",%progbits
 1206              	.Ldebug_loc0:
 1207              	.LLST0:
 1208 0000 00000000 		.4byte	.LVL16
 1209 0004 12000000 		.4byte	.LVL18
 1210 0008 0100     		.2byte	0x1
 1211 000a 50       		.byte	0x50
 1212 000b 12000000 		.4byte	.LVL18
 1213 000f 16000000 		.4byte	.LVL19
 1214 0013 0400     		.2byte	0x4
 1215 0015 F3       		.byte	0xf3
 1216 0016 01       		.uleb128 0x1
 1217 0017 50       		.byte	0x50
 1218 0018 9F       		.byte	0x9f
 1219 0019 16000000 		.4byte	.LVL19
 1220 001d 1C000000 		.4byte	.LVL20
 1221 0021 0100     		.2byte	0x1
 1222 0023 50       		.byte	0x50
 1223 0024 1C000000 		.4byte	.LVL20
 1224 0028 1E000000 		.4byte	.LVL21
 1225 002c 0400     		.2byte	0x4
 1226 002e F3       		.byte	0xf3
 1227 002f 01       		.uleb128 0x1
 1228 0030 50       		.byte	0x50
 1229 0031 9F       		.byte	0x9f
 1230 0032 1E000000 		.4byte	.LVL21
 1231 0036 20000000 		.4byte	.LVL22
 1232 003a 0100     		.2byte	0x1
 1233 003c 50       		.byte	0x50
 1234 003d 20000000 		.4byte	.LVL22
 1235 0041 28000000 		.4byte	.LFE119
 1236 0045 0400     		.2byte	0x4
 1237 0047 F3       		.byte	0xf3
 1238 0048 01       		.uleb128 0x1
 1239 0049 50       		.byte	0x50
 1240 004a 9F       		.byte	0x9f
 1241 004b 00000000 		.4byte	0
 1242 004f 00000000 		.4byte	0
 1243              	.LLST1:
 1244 0053 00000000 		.4byte	.LVL23
 1245 0057 06000000 		.4byte	.LVL25
 1246 005b 0100     		.2byte	0x1
 1247 005d 50       		.byte	0x50
 1248 005e 06000000 		.4byte	.LVL25
 1249 0062 28000000 		.4byte	.LFE120
 1250 0066 0400     		.2byte	0x4
 1251 0068 F3       		.byte	0xf3
 1252 0069 01       		.uleb128 0x1
 1253 006a 50       		.byte	0x50
 1254 006b 9F       		.byte	0x9f
ARM GAS  C:\Users\srich\AppData\Local\Temp\cczDSEkc.s 			page 23


 1255 006c 00000000 		.4byte	0
 1256 0070 00000000 		.4byte	0
 1257              	.LLST2:
 1258 0074 0A000000 		.4byte	.LVL26
 1259 0078 1C000000 		.4byte	.LVL27
 1260 007c 0100     		.2byte	0x1
 1261 007e 53       		.byte	0x53
 1262 007f 00000000 		.4byte	0
 1263 0083 00000000 		.4byte	0
 1264              		.section	.debug_aranges,"",%progbits
 1265 0000 2C000000 		.4byte	0x2c
 1266 0004 0200     		.2byte	0x2
 1267 0006 00000000 		.4byte	.Ldebug_info0
 1268 000a 04       		.byte	0x4
 1269 000b 00       		.byte	0
 1270 000c 0000     		.2byte	0
 1271 000e 0000     		.2byte	0
 1272 0010 00000000 		.4byte	.LFB118
 1273 0014 4C000000 		.4byte	.LFE118-.LFB118
 1274 0018 00000000 		.4byte	.LFB119
 1275 001c 28000000 		.4byte	.LFE119-.LFB119
 1276 0020 00000000 		.4byte	.LFB120
 1277 0024 28000000 		.4byte	.LFE120-.LFB120
 1278 0028 00000000 		.4byte	0
 1279 002c 00000000 		.4byte	0
 1280              		.section	.debug_ranges,"",%progbits
 1281              	.Ldebug_ranges0:
 1282 0000 00000000 		.4byte	.LFB118
 1283 0004 4C000000 		.4byte	.LFE118
 1284 0008 00000000 		.4byte	.LFB119
 1285 000c 28000000 		.4byte	.LFE119
 1286 0010 00000000 		.4byte	.LFB120
 1287 0014 28000000 		.4byte	.LFE120
 1288 0018 00000000 		.4byte	0
 1289 001c 00000000 		.4byte	0
 1290              		.section	.debug_line,"",%progbits
 1291              	.Ldebug_line0:
 1292 0000 3C030000 		.section	.debug_str,"MS",%progbits,1
 1292      0200CE02 
 1292      00000201 
 1292      FB0E0D00 
 1292      01010101 
 1293              	.LASF70:
 1294 0000 7469636B 		.ascii	"ticks\000"
 1294      7300
 1295              	.LASF56:
 1296 0006 69326349 		.ascii	"i2cInit\000"
 1296      6E697400 
 1297              	.LASF71:
 1298 000e 5F70616C 		.ascii	"_pal_lld_init\000"
 1298      5F6C6C64 
 1298      5F696E69 
 1298      7400
 1299              	.LASF50:
 1300 001c 70616C5F 		.ascii	"pal_default_config\000"
 1300      64656661 
 1300      756C745F 
ARM GAS  C:\Users\srich\AppData\Local\Temp\cczDSEkc.s 			page 24


 1300      636F6E66 
 1300      696700
 1301              	.LASF3:
 1302 002f 73686F72 		.ascii	"short int\000"
 1302      7420696E 
 1302      7400
 1303              	.LASF24:
 1304 0039 50435352 		.ascii	"PCSR\000"
 1304      00
 1305              	.LASF16:
 1306 003e 73697A65 		.ascii	"sizetype\000"
 1306      74797065 
 1306      00
 1307              	.LASF67:
 1308 0047 2E2E2F2E 		.ascii	"../../../ChibiOS/os/hal/src/hal.c\000"
 1308      2E2F2E2E 
 1308      2F436869 
 1308      62694F53 
 1308      2F6F732F 
 1309              	.LASF60:
 1310 0069 73646349 		.ascii	"sdcInit\000"
 1310      6E697400 
 1311              	.LASF40:
 1312 0071 50464461 		.ascii	"PFData\000"
 1312      746100
 1313              	.LASF43:
 1314 0078 50494461 		.ascii	"PIData\000"
 1314      746100
 1315              	.LASF23:
 1316 007f 464F4C44 		.ascii	"FOLDCNT\000"
 1316      434E5400 
 1317              	.LASF62:
 1318 0087 75736249 		.ascii	"usbInit\000"
 1318      6E697400 
 1319              	.LASF61:
 1320 008f 73706949 		.ascii	"spiInit\000"
 1320      6E697400 
 1321              	.LASF7:
 1322 0097 5F5F7569 		.ascii	"__uint32_t\000"
 1322      6E743332 
 1322      5F7400
 1323              	.LASF68:
 1324 00a2 443A5C47 		.ascii	"D:\\GitHub\\Smarty\\smarty\\firmware\000"
 1324      69744875 
 1324      625C536D 
 1324      61727479 
 1324      5C736D61 
 1325              	.LASF59:
 1326 00c3 7364496E 		.ascii	"sdInit\000"
 1326      697400
 1327              	.LASF57:
 1328 00ca 69637549 		.ascii	"icuInit\000"
 1328      6E697400 
 1329              	.LASF15:
 1330 00d2 494F5245 		.ascii	"IOREG32\000"
 1330      47333200 
 1331              	.LASF35:
ARM GAS  C:\Users\srich\AppData\Local\Temp\cczDSEkc.s 			page 25


 1332 00da 50414461 		.ascii	"PAData\000"
 1332      746100
 1333              	.LASF9:
 1334 00e1 6C6F6E67 		.ascii	"long long int\000"
 1334      206C6F6E 
 1334      6720696E 
 1334      7400
 1335              	.LASF46:
 1336 00ef 68616C49 		.ascii	"halInit\000"
 1336      6E697400 
 1337              	.LASF18:
 1338 00f7 43594343 		.ascii	"CYCCNT\000"
 1338      4E5400
 1339              	.LASF6:
 1340 00fe 5F5F696E 		.ascii	"__int32_t\000"
 1340      7433325F 
 1340      7400
 1341              	.LASF30:
 1342 0108 6F737065 		.ascii	"ospeedr\000"
 1342      65647200 
 1343              	.LASF5:
 1344 0110 6C6F6E67 		.ascii	"long int\000"
 1344      20696E74 
 1344      00
 1345              	.LASF58:
 1346 0119 70776D49 		.ascii	"pwmInit\000"
 1346      6E697400 
 1347              	.LASF38:
 1348 0121 50444461 		.ascii	"PDData\000"
 1348      746100
 1349              	.LASF47:
 1350 0128 68616C50 		.ascii	"halPolledDelay\000"
 1350      6F6C6C65 
 1350      6444656C 
 1350      617900
 1351              	.LASF65:
 1352 0137 626F6172 		.ascii	"boardInit\000"
 1352      64496E69 
 1352      7400
 1353              	.LASF41:
 1354 0141 50474461 		.ascii	"PGData\000"
 1354      746100
 1355              	.LASF37:
 1356 0148 50434461 		.ascii	"PCData\000"
 1356      746100
 1357              	.LASF2:
 1358 014f 756E7369 		.ascii	"unsigned char\000"
 1358      676E6564 
 1358      20636861 
 1358      7200
 1359              	.LASF55:
 1360 015d 67707449 		.ascii	"gptInit\000"
 1360      6E697400 
 1361              	.LASF17:
 1362 0165 4354524C 		.ascii	"CTRL\000"
 1362      00
 1363              	.LASF1:
ARM GAS  C:\Users\srich\AppData\Local\Temp\cczDSEkc.s 			page 26


 1364 016a 7369676E 		.ascii	"signed char\000"
 1364      65642063 
 1364      68617200 
 1365              	.LASF10:
 1366 0176 6C6F6E67 		.ascii	"long long unsigned int\000"
 1366      206C6F6E 
 1366      6720756E 
 1366      7369676E 
 1366      65642069 
 1367              	.LASF66:
 1368 018d 474E5520 		.ascii	"GNU C 4.9.3 20150529 (release) [ARM/embedded-4_9-br"
 1368      4320342E 
 1368      392E3320 
 1368      32303135 
 1368      30353239 
 1369 01c0 616E6368 		.ascii	"anch revision 227977] -mcpu=cortex-m4 -mno-thumb-in"
 1369      20726576 
 1369      6973696F 
 1369      6E203232 
 1369      37393737 
 1370 01f3 74657277 		.ascii	"terwork -mthumb -ggdb -O2 -fomit-frame-pointer -fal"
 1370      6F726B20 
 1370      2D6D7468 
 1370      756D6220 
 1370      2D676764 
 1371 0226 69676E2D 		.ascii	"ign-functions=16 -ffunction-sections -fdata-section"
 1371      66756E63 
 1371      74696F6E 
 1371      733D3136 
 1371      202D6666 
 1372 0259 73202D66 		.ascii	"s -fno-common\000"
 1372      6E6F2D63 
 1372      6F6D6D6F 
 1372      6E00
 1373              	.LASF12:
 1374 0267 75696E74 		.ascii	"uint32_t\000"
 1374      33325F74 
 1374      00
 1375              	.LASF29:
 1376 0270 6F747970 		.ascii	"otyper\000"
 1376      657200
 1377              	.LASF34:
 1378 0277 73746D33 		.ascii	"stm32_gpio_setup_t\000"
 1378      325F6770 
 1378      696F5F73 
 1378      65747570 
 1378      5F7400
 1379              	.LASF51:
 1380 028a 68616C5F 		.ascii	"hal_lld_init\000"
 1380      6C6C645F 
 1380      696E6974 
 1380      00
 1381              	.LASF45:
 1382 0297 73746172 		.ascii	"start\000"
 1382      7400
 1383              	.LASF4:
 1384 029d 73686F72 		.ascii	"short unsigned int\000"
ARM GAS  C:\Users\srich\AppData\Local\Temp\cczDSEkc.s 			page 27


 1384      7420756E 
 1384      7369676E 
 1384      65642069 
 1384      6E7400
 1385              	.LASF26:
 1386 02b0 63686172 		.ascii	"char\000"
 1386      00
 1387              	.LASF11:
 1388 02b5 696E7433 		.ascii	"int32_t\000"
 1388      325F7400 
 1389              	.LASF13:
 1390 02bd 626F6F6C 		.ascii	"bool_t\000"
 1390      5F7400
 1391              	.LASF44:
 1392 02c4 50414C43 		.ascii	"PALConfig\000"
 1392      6F6E6669 
 1392      6700
 1393              	.LASF36:
 1394 02ce 50424461 		.ascii	"PBData\000"
 1394      746100
 1395              	.LASF14:
 1396 02d5 5F426F6F 		.ascii	"_Bool\000"
 1396      6C00
 1397              	.LASF54:
 1398 02db 63616E49 		.ascii	"canInit\000"
 1398      6E697400 
 1399              	.LASF25:
 1400 02e3 434D785F 		.ascii	"CMx_DWT\000"
 1400      44575400 
 1401              	.LASF39:
 1402 02eb 50454461 		.ascii	"PEData\000"
 1402      746100
 1403              	.LASF19:
 1404 02f2 43504943 		.ascii	"CPICNT\000"
 1404      4E5400
 1405              	.LASF8:
 1406 02f9 6C6F6E67 		.ascii	"long unsigned int\000"
 1406      20756E73 
 1406      69676E65 
 1406      6420696E 
 1406      7400
 1407              	.LASF42:
 1408 030b 50484461 		.ascii	"PHData\000"
 1408      746100
 1409              	.LASF27:
 1410 0312 68616C72 		.ascii	"halrtcnt_t\000"
 1410      74636E74 
 1410      5F7400
 1411              	.LASF21:
 1412 031d 534C4545 		.ascii	"SLEEPCNT\000"
 1412      50434E54 
 1412      00
 1413              	.LASF31:
 1414 0326 70757064 		.ascii	"pupdr\000"
 1414      7200
 1415              	.LASF22:
 1416 032c 4C535543 		.ascii	"LSUCNT\000"
ARM GAS  C:\Users\srich\AppData\Local\Temp\cczDSEkc.s 			page 28


 1416      4E5400
 1417              	.LASF33:
 1418 0333 61667268 		.ascii	"afrh\000"
 1418      00
 1419              	.LASF53:
 1420 0338 61646349 		.ascii	"adcInit\000"
 1420      6E697400 
 1421              	.LASF32:
 1422 0340 6166726C 		.ascii	"afrl\000"
 1422      00
 1423              	.LASF28:
 1424 0345 6D6F6465 		.ascii	"moder\000"
 1424      7200
 1425              	.LASF49:
 1426 034b 49544D5F 		.ascii	"ITM_RxBuffer\000"
 1426      52784275 
 1426      66666572 
 1426      00
 1427              	.LASF52:
 1428 0358 746D496E 		.ascii	"tmInit\000"
 1428      697400
 1429              	.LASF0:
 1430 035f 756E7369 		.ascii	"unsigned int\000"
 1430      676E6564 
 1430      20696E74 
 1430      00
 1431              	.LASF63:
 1432 036c 73647549 		.ascii	"sduInit\000"
 1432      6E697400 
 1433              	.LASF69:
 1434 0374 68616C49 		.ascii	"halIsCounterWithin\000"
 1434      73436F75 
 1434      6E746572 
 1434      57697468 
 1434      696E00
 1435              	.LASF20:
 1436 0387 45584343 		.ascii	"EXCCNT\000"
 1436      4E5400
 1437              	.LASF64:
 1438 038e 72746349 		.ascii	"rtcInit\000"
 1438      6E697400 
 1439              	.LASF48:
 1440 0396 74696D65 		.ascii	"timeout\000"
 1440      6F757400 
 1441              		.ident	"GCC: (GNU Tools for ARM Embedded Processors) 4.9.3 20150529 (release) [ARM/embedded-4_9-br
ARM GAS  C:\Users\srich\AppData\Local\Temp\cczDSEkc.s 			page 29


DEFINED SYMBOLS
                            *ABS*:00000000 hal.c
C:\Users\srich\AppData\Local\Temp\cczDSEkc.s:19     .text.halInit:00000000 $t
C:\Users\srich\AppData\Local\Temp\cczDSEkc.s:25     .text.halInit:00000000 halInit
C:\Users\srich\AppData\Local\Temp\cczDSEkc.s:93     .text.halInit:00000048 $d
C:\Users\srich\AppData\Local\Temp\cczDSEkc.s:98     .text.halIsCounterWithin:00000000 $t
C:\Users\srich\AppData\Local\Temp\cczDSEkc.s:104    .text.halIsCounterWithin:00000000 halIsCounterWithin
C:\Users\srich\AppData\Local\Temp\cczDSEkc.s:148    .text.halIsCounterWithin:00000024 $d
C:\Users\srich\AppData\Local\Temp\cczDSEkc.s:153    .text.halPolledDelay:00000000 $t
C:\Users\srich\AppData\Local\Temp\cczDSEkc.s:159    .text.halPolledDelay:00000000 halPolledDelay
C:\Users\srich\AppData\Local\Temp\cczDSEkc.s:207    .text.halPolledDelay:00000024 $d
                     .debug_frame:00000010 $d

UNDEFINED SYMBOLS
hal_lld_init
tmInit
_pal_lld_init
adcInit
canInit
gptInit
i2cInit
icuInit
pwmInit
sdInit
sdcInit
spiInit
usbInit
sduInit
rtcInit
boardInit
pal_default_config
