ARM GAS  C:\Users\srich\AppData\Local\Temp\ccnsdigV.s 			page 1


   1              		.syntax unified
   2              		.cpu cortex-m4
   3              		.fpu softvfp
   4              		.eabi_attribute 20, 1
   5              		.eabi_attribute 21, 1
   6              		.eabi_attribute 23, 3
   7              		.eabi_attribute 24, 1
   8              		.eabi_attribute 25, 1
   9              		.eabi_attribute 26, 1
  10              		.eabi_attribute 30, 2
  11              		.eabi_attribute 34, 1
  12              		.eabi_attribute 18, 4
  13              		.thumb
  14              		.file	"hal_lld.c"
  15              		.text
  16              	.Ltext0:
  17              		.cfi_sections	.debug_frame
  18              		.section	.text.hal_lld_init,"ax",%progbits
  19              		.align	2
  20              		.p2align 4,,15
  21              		.global	hal_lld_init
  22              		.thumb
  23              		.thumb_func
  24              		.type	hal_lld_init, %function
  25              	hal_lld_init:
  26              	.LFB119:
  27              		.file 1 "../../../ChibiOS/os/hal/platforms/STM32F4xx/hal_lld.c"
  28              		.loc 1 111 0
  29              		.cfi_startproc
  30              		@ args = 0, pretend = 0, frame = 0
  31              		@ frame_needed = 0, uses_anonymous_args = 0
  32              		.loc 1 115 0
  33 0000 2A4B     		ldr	r3, .L12
  34              		.loc 1 121 0
  35 0002 2B49     		ldr	r1, .L12+4
  36              		.loc 1 115 0
  37 0004 1A69     		ldr	r2, [r3, #16]
  38 0006 4FF0FF30 		mov	r0, #-1
  39 000a 0022     		movs	r2, #0
  40              		.loc 1 111 0
  41 000c F0B5     		push	{r4, r5, r6, r7, lr}
  42              		.cfi_def_cfa_offset 20
  43              		.cfi_offset 4, -20
  44              		.cfi_offset 5, -16
  45              		.cfi_offset 6, -12
  46              		.cfi_offset 7, -8
  47              		.cfi_offset 14, -4
  48              		.loc 1 115 0
  49 000e 1861     		str	r0, [r3, #16]
  50 0010 1A61     		str	r2, [r3, #16]
  51              		.loc 1 116 0
  52 0012 5C69     		ldr	r4, [r3, #20]
  53 0014 5861     		str	r0, [r3, #20]
  54 0016 5A61     		str	r2, [r3, #20]
  55              		.loc 1 117 0
  56 0018 1C6A     		ldr	r4, [r3, #32]
  57              		.loc 1 128 0
ARM GAS  C:\Users\srich\AppData\Local\Temp\ccnsdigV.s 			page 2


  58 001a 264F     		ldr	r7, .L12+8
  59              		.loc 1 121 0
  60 001c DFF8A0E0 		ldr	lr, .L12+20
  61              		.loc 1 129 0
  62 0020 254E     		ldr	r6, .L12+12
  63              	.LBB4:
  64              	.LBB5:
  65              		.loc 1 54 0
  66 0022 264D     		ldr	r5, .L12+16
  67              	.LBE5:
  68              	.LBE4:
  69              		.loc 1 117 0
  70 0024 64F08054 		orn	r4, r4, #268435456
  71 0028 1C62     		str	r4, [r3, #32]
  72 002a 1A62     		str	r2, [r3, #32]
  73              		.loc 1 123 0
  74 002c 0724     		movs	r4, #7
  75              		.loc 1 118 0
  76 002e D3F824C0 		ldr	ip, [r3, #36]
  77 0032 5862     		str	r0, [r3, #36]
  78 0034 5A62     		str	r2, [r3, #36]
  79              		.loc 1 121 0
  80 0036 C1F804E0 		str	lr, [r1, #4]
  81              		.loc 1 122 0
  82 003a 8A60     		str	r2, [r1, #8]
  83              		.loc 1 123 0
  84 003c 0C60     		str	r4, [r1]
  85              		.loc 1 128 0
  86 003e F968     		ldr	r1, [r7, #12]
  87 0040 41F08071 		orr	r1, r1, #16777216
  88 0044 F960     		str	r1, [r7, #12]
  89              		.loc 1 129 0
  90 0046 3168     		ldr	r1, [r6]
  91 0048 41F00101 		orr	r1, r1, #1
  92 004c 3160     		str	r1, [r6]
  93              		.loc 1 132 0
  94 004e 196C     		ldr	r1, [r3, #64]
  95 0050 41F08051 		orr	r1, r1, #268435456
  96 0054 1964     		str	r1, [r3, #64]
  97              	.LBB7:
  98              	.LBB6:
  99              		.loc 1 54 0
 100 0056 2968     		ldr	r1, [r5]
 101 0058 41F48071 		orr	r1, r1, #256
 102 005c 2960     		str	r1, [r5]
 103              		.loc 1 57 0
 104 005e 196F     		ldr	r1, [r3, #112]
 105 0060 01F44071 		and	r1, r1, #768
 106 0064 B1F5807F 		cmp	r1, #256
 107 0068 03D0     		beq	.L2
 108              		.loc 1 59 0
 109 006a 4FF48031 		mov	r1, #65536
 110 006e 1967     		str	r1, [r3, #112]
 111              		.loc 1 60 0
 112 0070 1A67     		str	r2, [r3, #112]
 113              	.L2:
 114              		.loc 1 69 0
ARM GAS  C:\Users\srich\AppData\Local\Temp\ccnsdigV.s 			page 3


 115 0072 0E4A     		ldr	r2, .L12
 116 0074 136F     		ldr	r3, [r2, #112]
 117 0076 43F00103 		orr	r3, r3, #1
 118 007a 1367     		str	r3, [r2, #112]
 119              	.L3:
 120              		.loc 1 71 0
 121 007c 136F     		ldr	r3, [r2, #112]
 122 007e 0B49     		ldr	r1, .L12
 123 0080 9807     		lsls	r0, r3, #30
 124 0082 FBD5     		bpl	.L3
 125              		.loc 1 78 0
 126 0084 0B6F     		ldr	r3, [r1, #112]
 127 0086 1B04     		lsls	r3, r3, #16
 128 0088 07D4     		bmi	.L4
 129              		.loc 1 80 0
 130 008a 0B6F     		ldr	r3, [r1, #112]
 131 008c 43F48073 		orr	r3, r3, #256
 132 0090 0B67     		str	r3, [r1, #112]
 133              		.loc 1 83 0
 134 0092 0B6F     		ldr	r3, [r1, #112]
 135 0094 43F40043 		orr	r3, r3, #32768
 136 0098 0B67     		str	r3, [r1, #112]
 137              	.L4:
 138              		.loc 1 94 0
 139 009a 084A     		ldr	r2, .L12+16
 140 009c 5368     		ldr	r3, [r2, #4]
 141 009e 23F40073 		bic	r3, r3, #512
 142 00a2 5360     		str	r3, [r2, #4]
 143              	.LBE6:
 144              	.LBE7:
 145              		.loc 1 145 0
 146 00a4 BDE8F040 		pop	{r4, r5, r6, r7, lr}
 147              		.cfi_restore 14
 148              		.cfi_restore 7
 149              		.cfi_restore 6
 150              		.cfi_restore 5
 151              		.cfi_restore 4
 152              		.cfi_def_cfa_offset 0
 153              		.loc 1 138 0
 154 00a8 FFF7FEBF 		b	dmaInit
 155              	.LVL0:
 156              	.L13:
 157              		.align	2
 158              	.L12:
 159 00ac 00380240 		.word	1073887232
 160 00b0 10E000E0 		.word	-536813552
 161 00b4 F0ED00E0 		.word	-536810000
 162 00b8 001000E0 		.word	-536866816
 163 00bc 00700040 		.word	1073770496
 164 00c0 3F900200 		.word	167999
 165              		.cfi_endproc
 166              	.LFE119:
 167              		.size	hal_lld_init, .-hal_lld_init
 168              		.section	.text.stm32_clock_init,"ax",%progbits
 169              		.align	2
 170              		.p2align 4,,15
 171              		.global	stm32_clock_init
ARM GAS  C:\Users\srich\AppData\Local\Temp\ccnsdigV.s 			page 4


 172              		.thumb
 173              		.thumb_func
 174              		.type	stm32_clock_init, %function
 175              	stm32_clock_init:
 176              	.LFB120:
 177              		.loc 1 154 0
 178              		.cfi_startproc
 179              		@ args = 0, pretend = 0, frame = 0
 180              		@ frame_needed = 0, uses_anonymous_args = 0
 181              		@ link register save eliminated.
 182              		.loc 1 158 0
 183 0000 2C49     		ldr	r1, .L35
 184              		.loc 1 162 0
 185 0002 2D4B     		ldr	r3, .L35+4
 186              		.loc 1 158 0
 187 0004 4FF08050 		mov	r0, #268435456
 188              		.loc 1 162 0
 189 0008 4FF44042 		mov	r2, #49152
 190              		.loc 1 158 0
 191 000c 0864     		str	r0, [r1, #64]
 192              		.loc 1 162 0
 193 000e 1A60     		str	r2, [r3]
 194              		.loc 1 169 0
 195 0010 0B68     		ldr	r3, [r1]
 196 0012 43F00103 		orr	r3, r3, #1
 197 0016 0B60     		str	r3, [r1]
 198              	.L15:
 199              		.loc 1 170 0 discriminator 1
 200 0018 0A68     		ldr	r2, [r1]
 201 001a 264B     		ldr	r3, .L35
 202 001c 9007     		lsls	r0, r2, #30
 203 001e FBD5     		bpl	.L15
 204              		.loc 1 176 0
 205 0020 9A68     		ldr	r2, [r3, #8]
 206 0022 22F00302 		bic	r2, r2, #3
 207 0026 9A60     		str	r2, [r3, #8]
 208              		.loc 1 177 0
 209 0028 9A68     		ldr	r2, [r3, #8]
 210 002a 9A60     		str	r2, [r3, #8]
 211              		.loc 1 178 0
 212 002c 1946     		mov	r1, r3
 213              	.L16:
 214              		.loc 1 178 0 is_stmt 0 discriminator 1
 215 002e 8B68     		ldr	r3, [r1, #8]
 216 0030 204A     		ldr	r2, .L35
 217 0032 13F00C03 		ands	r3, r3, #12
 218 0036 FAD1     		bne	.L16
 219              		.loc 1 182 0 is_stmt 1
 220 0038 1168     		ldr	r1, [r2]
 221 003a 01F0F901 		and	r1, r1, #249
 222 003e 1160     		str	r1, [r2]
 223              		.loc 1 183 0
 224 0040 9360     		str	r3, [r2, #8]
 225              		.loc 1 192 0
 226 0042 1368     		ldr	r3, [r2]
 227 0044 43F48033 		orr	r3, r3, #65536
 228 0048 1360     		str	r3, [r2]
ARM GAS  C:\Users\srich\AppData\Local\Temp\ccnsdigV.s 			page 5


 229              	.L17:
 230              		.loc 1 194 0 discriminator 1
 231 004a 1168     		ldr	r1, [r2]
 232 004c 194B     		ldr	r3, .L35
 233 004e 8903     		lsls	r1, r1, #14
 234 0050 FBD5     		bpl	.L17
 235              		.loc 1 200 0
 236 0052 5A6F     		ldr	r2, [r3, #116]
 237 0054 42F00102 		orr	r2, r2, #1
 238 0058 5A67     		str	r2, [r3, #116]
 239              	.L18:
 240              		.loc 1 201 0 discriminator 1
 241 005a 5A6F     		ldr	r2, [r3, #116]
 242 005c 1549     		ldr	r1, .L35
 243 005e 9007     		lsls	r0, r2, #30
 244 0060 FBD5     		bpl	.L18
 245              		.loc 1 207 0
 246 0062 164B     		ldr	r3, .L35+8
 247 0064 4B60     		str	r3, [r1, #4]
 248              		.loc 1 209 0
 249 0066 0B68     		ldr	r3, [r1]
 250              		.loc 1 213 0
 251 0068 134A     		ldr	r2, .L35+4
 252              		.loc 1 209 0
 253 006a 43F08073 		orr	r3, r3, #16777216
 254 006e 0B60     		str	r3, [r1]
 255              	.L19:
 256              		.loc 1 213 0 discriminator 1
 257 0070 5368     		ldr	r3, [r2, #4]
 258 0072 5904     		lsls	r1, r3, #17
 259 0074 FCD5     		bpl	.L19
 260              		.loc 1 229 0 discriminator 1
 261 0076 0F49     		ldr	r1, .L35
 262              	.L29:
 263 0078 0A68     		ldr	r2, [r1]
 264 007a 0E4B     		ldr	r3, .L35
 265 007c 9201     		lsls	r2, r2, #6
 266 007e FBD5     		bpl	.L29
 267              		.loc 1 257 0
 268 0080 0F4A     		ldr	r2, .L35+12
 269              		.loc 1 244 0
 270 0082 1049     		ldr	r1, .L35+16
 271 0084 9960     		str	r1, [r3, #8]
 272              		.loc 1 257 0
 273 0086 40F20571 		movw	r1, #1797
 274 008a 1160     		str	r1, [r2]
 275              		.loc 1 263 0
 276 008c 9A68     		ldr	r2, [r3, #8]
 277 008e 42F00202 		orr	r2, r2, #2
 278 0092 9A60     		str	r2, [r3, #8]
 279              		.loc 1 264 0
 280 0094 1A46     		mov	r2, r3
 281              	.L21:
 282              		.loc 1 264 0 is_stmt 0 discriminator 1
 283 0096 9368     		ldr	r3, [r2, #8]
 284 0098 0649     		ldr	r1, .L35
 285 009a 03F00C03 		and	r3, r3, #12
ARM GAS  C:\Users\srich\AppData\Local\Temp\ccnsdigV.s 			page 6


 286 009e 082B     		cmp	r3, #8
 287 00a0 F9D1     		bne	.L21
 288              		.loc 1 271 0 is_stmt 1
 289 00a2 4B6C     		ldr	r3, [r1, #68]
 290 00a4 43F48043 		orr	r3, r3, #16384
 291 00a8 4B64     		str	r3, [r1, #68]
 292 00aa 4B6E     		ldr	r3, [r1, #100]
 293 00ac 43F48043 		orr	r3, r3, #16384
 294 00b0 4B66     		str	r3, [r1, #100]
 295 00b2 7047     		bx	lr
 296              	.L36:
 297              		.align	2
 298              	.L35:
 299 00b4 00380240 		.word	1073887232
 300 00b8 00700040 		.word	1073770496
 301 00bc 19544007 		.word	121656345
 302 00c0 003C0240 		.word	1073888256
 303 00c4 00940838 		.word	940086272
 304              		.cfi_endproc
 305              	.LFE120:
 306              		.size	stm32_clock_init, .-stm32_clock_init
 307              		.text
 308              	.Letext0:
 309              		.file 2 "c:\\chibistudio\\tools\\gnu tools arm embedded\\4.9 2015q3\\arm-none-eabi\\include\\machi
 310              		.file 3 "c:\\chibistudio\\tools\\gnu tools arm embedded\\4.9 2015q3\\arm-none-eabi\\include\\sys\\
 311              		.file 4 "../../../ChibiOS/os/ports/common/ARMCMx/nvic.h"
 312              		.file 5 "../../../ChibiOS/os/ports/common/ARMCMx/CMSIS/include/core_cm4.h"
 313              		.file 6 "../../../ChibiOS/os/hal/platforms/STM32F4xx/stm32f4xx.h"
 314              		.file 7 "../../../ChibiOS/os/hal/platforms/STM32F4xx/stm32_dma.h"
 315              		.section	.debug_info,"",%progbits
 316              	.Ldebug_info0:
 317 0000 8D040000 		.4byte	0x48d
 318 0004 0400     		.2byte	0x4
 319 0006 00000000 		.4byte	.Ldebug_abbrev0
 320 000a 04       		.byte	0x4
 321 000b 01       		.uleb128 0x1
 322 000c 85010000 		.4byte	.LASF70
 323 0010 01       		.byte	0x1
 324 0011 CF020000 		.4byte	.LASF71
 325 0015 81030000 		.4byte	.LASF72
 326 0019 18000000 		.4byte	.Ldebug_ranges0+0x18
 327 001d 00000000 		.4byte	0
 328 0021 00000000 		.4byte	.Ldebug_line0
 329 0025 02       		.uleb128 0x2
 330 0026 04       		.byte	0x4
 331 0027 05       		.byte	0x5
 332 0028 696E7400 		.ascii	"int\000"
 333 002c 03       		.uleb128 0x3
 334 002d 04       		.byte	0x4
 335 002e 07       		.byte	0x7
 336 002f 68020000 		.4byte	.LASF0
 337 0033 03       		.uleb128 0x3
 338 0034 01       		.byte	0x1
 339 0035 06       		.byte	0x6
 340 0036 62010000 		.4byte	.LASF1
 341 003a 03       		.uleb128 0x3
 342 003b 01       		.byte	0x1
ARM GAS  C:\Users\srich\AppData\Local\Temp\ccnsdigV.s 			page 7


 343 003c 08       		.byte	0x8
 344 003d 4C010000 		.4byte	.LASF2
 345 0041 03       		.uleb128 0x3
 346 0042 02       		.byte	0x2
 347 0043 05       		.byte	0x5
 348 0044 21000000 		.4byte	.LASF3
 349 0048 03       		.uleb128 0x3
 350 0049 02       		.byte	0x2
 351 004a 07       		.byte	0x7
 352 004b B2020000 		.4byte	.LASF4
 353 004f 04       		.uleb128 0x4
 354 0050 A2030000 		.4byte	.LASF6
 355 0054 02       		.byte	0x2
 356 0055 3F       		.byte	0x3f
 357 0056 5A000000 		.4byte	0x5a
 358 005a 03       		.uleb128 0x3
 359 005b 04       		.byte	0x4
 360 005c 05       		.byte	0x5
 361 005d 02010000 		.4byte	.LASF5
 362 0061 04       		.uleb128 0x4
 363 0062 5D000000 		.4byte	.LASF7
 364 0066 02       		.byte	0x2
 365 0067 41       		.byte	0x41
 366 0068 6C000000 		.4byte	0x6c
 367 006c 03       		.uleb128 0x3
 368 006d 04       		.byte	0x4
 369 006e 07       		.byte	0x7
 370 006f 7E020000 		.4byte	.LASF8
 371 0073 03       		.uleb128 0x3
 372 0074 08       		.byte	0x8
 373 0075 05       		.byte	0x5
 374 0076 E1000000 		.4byte	.LASF9
 375 007a 03       		.uleb128 0x3
 376 007b 08       		.byte	0x8
 377 007c 07       		.byte	0x7
 378 007d 6E010000 		.4byte	.LASF10
 379 0081 04       		.uleb128 0x4
 380 0082 12030000 		.4byte	.LASF11
 381 0086 03       		.byte	0x3
 382 0087 1F       		.byte	0x1f
 383 0088 4F000000 		.4byte	0x4f
 384 008c 04       		.uleb128 0x4
 385 008d 5F020000 		.4byte	.LASF12
 386 0091 03       		.byte	0x3
 387 0092 20       		.byte	0x20
 388 0093 61000000 		.4byte	0x61
 389 0097 03       		.uleb128 0x3
 390 0098 01       		.byte	0x1
 391 0099 02       		.byte	0x2
 392 009a 1A030000 		.4byte	.LASF13
 393 009e 04       		.uleb128 0x4
 394 009f D1000000 		.4byte	.LASF14
 395 00a3 04       		.byte	0x4
 396 00a4 3A       		.byte	0x3a
 397 00a5 A9000000 		.4byte	0xa9
 398 00a9 05       		.uleb128 0x5
 399 00aa 8C000000 		.4byte	0x8c
ARM GAS  C:\Users\srich\AppData\Local\Temp\ccnsdigV.s 			page 8


 400 00ae 03       		.uleb128 0x3
 401 00af 04       		.byte	0x4
 402 00b0 07       		.byte	0x7
 403 00b1 2B000000 		.4byte	.LASF15
 404 00b5 06       		.uleb128 0x6
 405 00b6 10       		.byte	0x10
 406 00b7 04       		.byte	0x4
 407 00b8 F1       		.byte	0xf1
 408 00b9 EE000000 		.4byte	0xee
 409 00bd 07       		.uleb128 0x7
 410 00be FC000000 		.4byte	.LASF16
 411 00c2 04       		.byte	0x4
 412 00c3 F2       		.byte	0xf2
 413 00c4 9E000000 		.4byte	0x9e
 414 00c8 00       		.byte	0
 415 00c9 07       		.uleb128 0x7
 416 00ca A2000000 		.4byte	.LASF17
 417 00ce 04       		.byte	0x4
 418 00cf F3       		.byte	0xf3
 419 00d0 9E000000 		.4byte	0x9e
 420 00d4 04       		.byte	0x4
 421 00d5 07       		.uleb128 0x7
 422 00d6 C3000000 		.4byte	.LASF18
 423 00da 04       		.byte	0x4
 424 00db F4       		.byte	0xf4
 425 00dc 9E000000 		.4byte	0x9e
 426 00e0 08       		.byte	0x8
 427 00e1 07       		.uleb128 0x7
 428 00e2 1B000000 		.4byte	.LASF19
 429 00e6 04       		.byte	0x4
 430 00e7 F5       		.byte	0xf5
 431 00e8 9E000000 		.4byte	0x9e
 432 00ec 0C       		.byte	0xc
 433 00ed 00       		.byte	0
 434 00ee 04       		.uleb128 0x4
 435 00ef 0A030000 		.4byte	.LASF20
 436 00f3 04       		.byte	0x4
 437 00f4 F6       		.byte	0xf6
 438 00f5 B5000000 		.4byte	0xb5
 439 00f9 08       		.uleb128 0x8
 440 00fa 20       		.byte	0x20
 441 00fb 04       		.byte	0x4
 442 00fc 0601     		.2byte	0x106
 443 00fe 6B010000 		.4byte	0x16b
 444 0102 09       		.uleb128 0x9
 445 0103 76000000 		.4byte	.LASF21
 446 0107 04       		.byte	0x4
 447 0108 0701     		.2byte	0x107
 448 010a 9E000000 		.4byte	0x9e
 449 010e 00       		.byte	0
 450 010f 09       		.uleb128 0x9
 451 0110 EF000000 		.4byte	.LASF22
 452 0114 04       		.byte	0x4
 453 0115 0801     		.2byte	0x108
 454 0117 9E000000 		.4byte	0x9e
 455 011b 04       		.byte	0x4
 456 011c 09       		.uleb128 0x9
ARM GAS  C:\Users\srich\AppData\Local\Temp\ccnsdigV.s 			page 9


 457 011d 89000000 		.4byte	.LASF23
 458 0121 04       		.byte	0x4
 459 0122 0901     		.2byte	0x109
 460 0124 9E000000 		.4byte	0x9e
 461 0128 08       		.byte	0x8
 462 0129 09       		.uleb128 0x9
 463 012a 45010000 		.4byte	.LASF24
 464 012e 04       		.byte	0x4
 465 012f 0A01     		.2byte	0x10a
 466 0131 9E000000 		.4byte	0x9e
 467 0135 0C       		.byte	0xc
 468 0136 09       		.uleb128 0x9
 469 0137 78030000 		.4byte	.LASF25
 470 013b 04       		.byte	0x4
 471 013c 0B01     		.2byte	0x10b
 472 013e 9E000000 		.4byte	0x9e
 473 0142 10       		.byte	0x10
 474 0143 09       		.uleb128 0x9
 475 0144 AC030000 		.4byte	.LASF26
 476 0148 04       		.byte	0x4
 477 0149 0C01     		.2byte	0x10c
 478 014b 9E000000 		.4byte	0x9e
 479 014f 14       		.byte	0x14
 480 0150 09       		.uleb128 0x9
 481 0151 3E000000 		.4byte	.LASF27
 482 0155 04       		.byte	0x4
 483 0156 0D01     		.2byte	0x10d
 484 0158 9E000000 		.4byte	0x9e
 485 015c 18       		.byte	0x18
 486 015d 09       		.uleb128 0x9
 487 015e 39000000 		.4byte	.LASF28
 488 0162 04       		.byte	0x4
 489 0163 0E01     		.2byte	0x10e
 490 0165 9E000000 		.4byte	0x9e
 491 0169 1C       		.byte	0x1c
 492 016a 00       		.byte	0
 493 016b 0A       		.uleb128 0xa
 494 016c 68000000 		.4byte	.LASF29
 495 0170 04       		.byte	0x4
 496 0171 0F01     		.2byte	0x10f
 497 0173 F9000000 		.4byte	0xf9
 498 0177 03       		.uleb128 0x3
 499 0178 01       		.byte	0x1
 500 0179 08       		.byte	0x8
 501 017a 05030000 		.4byte	.LASF30
 502 017e 0B       		.uleb128 0xb
 503 017f A9000000 		.4byte	0xa9
 504 0183 0C       		.uleb128 0xc
 505 0184 8C000000 		.4byte	0x8c
 506 0188 93010000 		.4byte	0x193
 507 018c 0D       		.uleb128 0xd
 508 018d AE000000 		.4byte	0xae
 509 0191 01       		.byte	0x1
 510 0192 00       		.byte	0
 511 0193 08       		.uleb128 0x8
 512 0194 10       		.byte	0x10
 513 0195 05       		.byte	0x5
ARM GAS  C:\Users\srich\AppData\Local\Temp\ccnsdigV.s 			page 10


 514 0196 6002     		.2byte	0x260
 515 0198 D1010000 		.4byte	0x1d1
 516 019c 09       		.uleb128 0x9
 517 019d 76000000 		.4byte	.LASF21
 518 01a1 05       		.byte	0x5
 519 01a2 6202     		.2byte	0x262
 520 01a4 A9000000 		.4byte	0xa9
 521 01a8 00       		.byte	0
 522 01a9 09       		.uleb128 0x9
 523 01aa B3030000 		.4byte	.LASF31
 524 01ae 05       		.byte	0x5
 525 01af 6302     		.2byte	0x263
 526 01b1 A9000000 		.4byte	0xa9
 527 01b5 04       		.byte	0x4
 528 01b6 0E       		.uleb128 0xe
 529 01b7 56414C00 		.ascii	"VAL\000"
 530 01bb 05       		.byte	0x5
 531 01bc 6402     		.2byte	0x264
 532 01be A9000000 		.4byte	0xa9
 533 01c2 08       		.byte	0x8
 534 01c3 09       		.uleb128 0x9
 535 01c4 F6000000 		.4byte	.LASF32
 536 01c8 05       		.byte	0x5
 537 01c9 6502     		.2byte	0x265
 538 01cb 7E010000 		.4byte	0x17e
 539 01cf 0C       		.byte	0xc
 540 01d0 00       		.byte	0
 541 01d1 0A       		.uleb128 0xa
 542 01d2 A5020000 		.4byte	.LASF33
 543 01d6 05       		.byte	0x5
 544 01d7 6602     		.2byte	0x266
 545 01d9 93010000 		.4byte	0x193
 546 01dd 05       		.uleb128 0x5
 547 01de 81000000 		.4byte	0x81
 548 01e2 08       		.uleb128 0x8
 549 01e3 1C       		.byte	0x1c
 550 01e4 06       		.byte	0x6
 551 01e5 3E03     		.2byte	0x33e
 552 01e7 45020000 		.4byte	0x245
 553 01eb 0E       		.uleb128 0xe
 554 01ec 41435200 		.ascii	"ACR\000"
 555 01f0 06       		.byte	0x6
 556 01f1 4003     		.2byte	0x340
 557 01f3 A9000000 		.4byte	0xa9
 558 01f7 00       		.byte	0
 559 01f8 09       		.uleb128 0x9
 560 01f9 40010000 		.4byte	.LASF34
 561 01fd 06       		.byte	0x6
 562 01fe 4103     		.2byte	0x341
 563 0200 A9000000 		.4byte	0xa9
 564 0204 04       		.byte	0x4
 565 0205 09       		.uleb128 0x9
 566 0206 D9000000 		.4byte	.LASF35
 567 020a 06       		.byte	0x6
 568 020b 4203     		.2byte	0x342
 569 020d A9000000 		.4byte	0xa9
 570 0211 08       		.byte	0x8
ARM GAS  C:\Users\srich\AppData\Local\Temp\ccnsdigV.s 			page 11


 571 0212 0E       		.uleb128 0xe
 572 0213 535200   		.ascii	"SR\000"
 573 0216 06       		.byte	0x6
 574 0217 4303     		.2byte	0x343
 575 0219 A9000000 		.4byte	0xa9
 576 021d 0C       		.byte	0xc
 577 021e 0E       		.uleb128 0xe
 578 021f 435200   		.ascii	"CR\000"
 579 0222 06       		.byte	0x6
 580 0223 4403     		.2byte	0x344
 581 0225 A9000000 		.4byte	0xa9
 582 0229 10       		.byte	0x10
 583 022a 09       		.uleb128 0x9
 584 022b F9030000 		.4byte	.LASF36
 585 022f 06       		.byte	0x6
 586 0230 4503     		.2byte	0x345
 587 0232 A9000000 		.4byte	0xa9
 588 0236 14       		.byte	0x14
 589 0237 09       		.uleb128 0x9
 590 0238 31010000 		.4byte	.LASF37
 591 023c 06       		.byte	0x6
 592 023d 4603     		.2byte	0x346
 593 023f A9000000 		.4byte	0xa9
 594 0243 18       		.byte	0x18
 595 0244 00       		.byte	0
 596 0245 0A       		.uleb128 0xa
 597 0246 C9030000 		.4byte	.LASF38
 598 024a 06       		.byte	0x6
 599 024b 4703     		.2byte	0x347
 600 024d E2010000 		.4byte	0x1e2
 601 0251 08       		.uleb128 0x8
 602 0252 08       		.byte	0x8
 603 0253 06       		.byte	0x6
 604 0254 4E04     		.2byte	0x44e
 605 0256 74020000 		.4byte	0x274
 606 025a 0E       		.uleb128 0xe
 607 025b 435200   		.ascii	"CR\000"
 608 025e 06       		.byte	0x6
 609 025f 5004     		.2byte	0x450
 610 0261 A9000000 		.4byte	0xa9
 611 0265 00       		.byte	0
 612 0266 0E       		.uleb128 0xe
 613 0267 43535200 		.ascii	"CSR\000"
 614 026b 06       		.byte	0x6
 615 026c 5104     		.2byte	0x451
 616 026e A9000000 		.4byte	0xa9
 617 0272 04       		.byte	0x4
 618 0273 00       		.byte	0
 619 0274 0A       		.uleb128 0xa
 620 0275 51000000 		.4byte	.LASF39
 621 0279 06       		.byte	0x6
 622 027a 5204     		.2byte	0x452
 623 027c 51020000 		.4byte	0x251
 624 0280 08       		.uleb128 0x8
 625 0281 90       		.byte	0x90
 626 0282 06       		.byte	0x6
 627 0283 5804     		.2byte	0x458
ARM GAS  C:\Users\srich\AppData\Local\Temp\ccnsdigV.s 			page 12


 628 0285 29040000 		.4byte	0x429
 629 0289 0E       		.uleb128 0xe
 630 028a 435200   		.ascii	"CR\000"
 631 028d 06       		.byte	0x6
 632 028e 5A04     		.2byte	0x45a
 633 0290 A9000000 		.4byte	0xa9
 634 0294 00       		.byte	0
 635 0295 09       		.uleb128 0x9
 636 0296 9D020000 		.4byte	.LASF40
 637 029a 06       		.byte	0x6
 638 029b 5B04     		.2byte	0x45b
 639 029d A9000000 		.4byte	0xa9
 640 02a1 04       		.byte	0x4
 641 02a2 09       		.uleb128 0x9
 642 02a3 84000000 		.4byte	.LASF41
 643 02a7 06       		.byte	0x6
 644 02a8 5C04     		.2byte	0x45c
 645 02aa A9000000 		.4byte	0xa9
 646 02ae 08       		.byte	0x8
 647 02af 0E       		.uleb128 0xe
 648 02b0 43495200 		.ascii	"CIR\000"
 649 02b4 06       		.byte	0x6
 650 02b5 5D04     		.2byte	0x45d
 651 02b7 A9000000 		.4byte	0xa9
 652 02bb 0C       		.byte	0xc
 653 02bc 09       		.uleb128 0x9
 654 02bd 7B000000 		.4byte	.LASF42
 655 02c1 06       		.byte	0x6
 656 02c2 5E04     		.2byte	0x45e
 657 02c4 A9000000 		.4byte	0xa9
 658 02c8 10       		.byte	0x10
 659 02c9 09       		.uleb128 0x9
 660 02ca 75020000 		.4byte	.LASF43
 661 02ce 06       		.byte	0x6
 662 02cf 5F04     		.2byte	0x45f
 663 02d1 A9000000 		.4byte	0xa9
 664 02d5 14       		.byte	0x14
 665 02d6 09       		.uleb128 0x9
 666 02d7 C0030000 		.4byte	.LASF44
 667 02db 06       		.byte	0x6
 668 02dc 6004     		.2byte	0x460
 669 02de A9000000 		.4byte	0xa9
 670 02e2 18       		.byte	0x18
 671 02e3 09       		.uleb128 0x9
 672 02e4 32030000 		.4byte	.LASF45
 673 02e8 06       		.byte	0x6
 674 02e9 6104     		.2byte	0x461
 675 02eb 8C000000 		.4byte	0x8c
 676 02ef 1C       		.byte	0x1c
 677 02f0 09       		.uleb128 0x9
 678 02f1 0A000000 		.4byte	.LASF46
 679 02f5 06       		.byte	0x6
 680 02f6 6204     		.2byte	0x462
 681 02f8 A9000000 		.4byte	0xa9
 682 02fc 20       		.byte	0x20
 683 02fd 09       		.uleb128 0x9
 684 02fe 17010000 		.4byte	.LASF47
ARM GAS  C:\Users\srich\AppData\Local\Temp\ccnsdigV.s 			page 13


 685 0302 06       		.byte	0x6
 686 0303 6304     		.2byte	0x463
 687 0305 A9000000 		.4byte	0xa9
 688 0309 24       		.byte	0x24
 689 030a 09       		.uleb128 0x9
 690 030b 3C030000 		.4byte	.LASF48
 691 030f 06       		.byte	0x6
 692 0310 6404     		.2byte	0x464
 693 0312 83010000 		.4byte	0x183
 694 0316 28       		.byte	0x28
 695 0317 09       		.uleb128 0x9
 696 0318 B8030000 		.4byte	.LASF49
 697 031c 06       		.byte	0x6
 698 031d 6504     		.2byte	0x465
 699 031f A9000000 		.4byte	0xa9
 700 0323 30       		.byte	0x30
 701 0324 09       		.uleb128 0x9
 702 0325 13000000 		.4byte	.LASF50
 703 0329 06       		.byte	0x6
 704 032a 6604     		.2byte	0x466
 705 032c A9000000 		.4byte	0xa9
 706 0330 34       		.byte	0x34
 707 0331 09       		.uleb128 0x9
 708 0332 38010000 		.4byte	.LASF51
 709 0336 06       		.byte	0x6
 710 0337 6704     		.2byte	0x467
 711 0339 A9000000 		.4byte	0xa9
 712 033d 38       		.byte	0x38
 713 033e 09       		.uleb128 0x9
 714 033f 46030000 		.4byte	.LASF52
 715 0343 06       		.byte	0x6
 716 0344 6804     		.2byte	0x468
 717 0346 8C000000 		.4byte	0x8c
 718 034a 3C       		.byte	0x3c
 719 034b 09       		.uleb128 0x9
 720 034c 9A000000 		.4byte	.LASF53
 721 0350 06       		.byte	0x6
 722 0351 6904     		.2byte	0x469
 723 0353 A9000000 		.4byte	0xa9
 724 0357 40       		.byte	0x40
 725 0358 09       		.uleb128 0x9
 726 0359 5A010000 		.4byte	.LASF54
 727 035d 06       		.byte	0x6
 728 035e 6A04     		.2byte	0x46a
 729 0360 A9000000 		.4byte	0xa9
 730 0364 44       		.byte	0x44
 731 0365 09       		.uleb128 0x9
 732 0366 50030000 		.4byte	.LASF55
 733 036a 06       		.byte	0x6
 734 036b 6B04     		.2byte	0x46b
 735 036d 83010000 		.4byte	0x183
 736 0371 48       		.byte	0x48
 737 0372 09       		.uleb128 0x9
 738 0373 00000000 		.4byte	.LASF56
 739 0377 06       		.byte	0x6
 740 0378 6C04     		.2byte	0x46c
 741 037a A9000000 		.4byte	0xa9
ARM GAS  C:\Users\srich\AppData\Local\Temp\ccnsdigV.s 			page 14


 742 037e 50       		.byte	0x50
 743 037f 09       		.uleb128 0x9
 744 0380 20030000 		.4byte	.LASF57
 745 0384 06       		.byte	0x6
 746 0385 6D04     		.2byte	0x46d
 747 0387 A9000000 		.4byte	0xa9
 748 038b 54       		.byte	0x54
 749 038c 09       		.uleb128 0x9
 750 038d 90000000 		.4byte	.LASF58
 751 0391 06       		.byte	0x6
 752 0392 6E04     		.2byte	0x46e
 753 0394 A9000000 		.4byte	0xa9
 754 0398 58       		.byte	0x58
 755 0399 09       		.uleb128 0x9
 756 039a 5A030000 		.4byte	.LASF59
 757 039e 06       		.byte	0x6
 758 039f 6F04     		.2byte	0x46f
 759 03a1 8C000000 		.4byte	0x8c
 760 03a5 5C       		.byte	0x5c
 761 03a6 09       		.uleb128 0x9
 762 03a7 C5020000 		.4byte	.LASF60
 763 03ab 06       		.byte	0x6
 764 03ac 7004     		.2byte	0x470
 765 03ae A9000000 		.4byte	0xa9
 766 03b2 60       		.byte	0x60
 767 03b3 09       		.uleb128 0x9
 768 03b4 EF030000 		.4byte	.LASF61
 769 03b8 06       		.byte	0x6
 770 03b9 7104     		.2byte	0x471
 771 03bb A9000000 		.4byte	0xa9
 772 03bf 64       		.byte	0x64
 773 03c0 09       		.uleb128 0x9
 774 03c1 64030000 		.4byte	.LASF62
 775 03c5 06       		.byte	0x6
 776 03c6 7204     		.2byte	0x472
 777 03c8 83010000 		.4byte	0x183
 778 03cc 68       		.byte	0x68
 779 03cd 09       		.uleb128 0x9
 780 03ce 34000000 		.4byte	.LASF63
 781 03d2 06       		.byte	0x6
 782 03d3 7304     		.2byte	0x473
 783 03d5 A9000000 		.4byte	0xa9
 784 03d9 70       		.byte	0x70
 785 03da 0E       		.uleb128 0xe
 786 03db 43535200 		.ascii	"CSR\000"
 787 03df 06       		.byte	0x6
 788 03e0 7404     		.2byte	0x474
 789 03e2 A9000000 		.4byte	0xa9
 790 03e6 74       		.byte	0x74
 791 03e7 09       		.uleb128 0x9
 792 03e8 6E030000 		.4byte	.LASF64
 793 03ec 06       		.byte	0x6
 794 03ed 7504     		.2byte	0x475
 795 03ef 83010000 		.4byte	0x183
 796 03f3 78       		.byte	0x78
 797 03f4 09       		.uleb128 0x9
 798 03f5 70000000 		.4byte	.LASF65
ARM GAS  C:\Users\srich\AppData\Local\Temp\ccnsdigV.s 			page 15


 799 03f9 06       		.byte	0x6
 800 03fa 7604     		.2byte	0x476
 801 03fc A9000000 		.4byte	0xa9
 802 0400 80       		.byte	0x80
 803 0401 09       		.uleb128 0x9
 804 0402 46000000 		.4byte	.LASF66
 805 0406 06       		.byte	0x6
 806 0407 7704     		.2byte	0x477
 807 0409 A9000000 		.4byte	0xa9
 808 040d 84       		.byte	0x84
 809 040e 09       		.uleb128 0x9
 810 040f E4030000 		.4byte	.LASF67
 811 0413 06       		.byte	0x6
 812 0414 7804     		.2byte	0x478
 813 0416 A9000000 		.4byte	0xa9
 814 041a 88       		.byte	0x88
 815 041b 09       		.uleb128 0x9
 816 041c C9000000 		.4byte	.LASF68
 817 0420 06       		.byte	0x6
 818 0421 7904     		.2byte	0x479
 819 0423 A9000000 		.4byte	0xa9
 820 0427 8C       		.byte	0x8c
 821 0428 00       		.byte	0
 822 0429 0A       		.uleb128 0xa
 823 042a 0B010000 		.4byte	.LASF69
 824 042e 06       		.byte	0x6
 825 042f 7B04     		.2byte	0x47b
 826 0431 80020000 		.4byte	0x280
 827 0435 0F       		.uleb128 0xf
 828 0436 A8000000 		.4byte	.LASF73
 829 043a 01       		.byte	0x1
 830 043b 33       		.byte	0x33
 831 043c 01       		.byte	0x1
 832 043d 10       		.uleb128 0x10
 833 043e 90020000 		.4byte	.LASF74
 834 0442 01       		.byte	0x1
 835 0443 6F       		.byte	0x6f
 836 0444 00000000 		.4byte	.LFB119
 837 0448 C4000000 		.4byte	.LFE119-.LFB119
 838 044c 01       		.uleb128 0x1
 839 044d 9C       		.byte	0x9c
 840 044e 6B040000 		.4byte	0x46b
 841 0452 11       		.uleb128 0x11
 842 0453 35040000 		.4byte	0x435
 843 0457 22000000 		.4byte	.LBB4
 844 045b 00000000 		.4byte	.Ldebug_ranges0+0
 845 045f 01       		.byte	0x1
 846 0460 87       		.byte	0x87
 847 0461 12       		.uleb128 0x12
 848 0462 AC000000 		.4byte	.LVL0
 849 0466 88040000 		.4byte	0x488
 850 046a 00       		.byte	0
 851 046b 13       		.uleb128 0x13
 852 046c 20010000 		.4byte	.LASF75
 853 0470 01       		.byte	0x1
 854 0471 9A       		.byte	0x9a
 855 0472 00000000 		.4byte	.LFB120
ARM GAS  C:\Users\srich\AppData\Local\Temp\ccnsdigV.s 			page 16


 856 0476 C8000000 		.4byte	.LFE120-.LFB120
 857 047a 01       		.uleb128 0x1
 858 047b 9C       		.byte	0x9c
 859 047c 14       		.uleb128 0x14
 860 047d D7030000 		.4byte	.LASF76
 861 0481 05       		.byte	0x5
 862 0482 9806     		.2byte	0x698
 863 0484 DD010000 		.4byte	0x1dd
 864 0488 15       		.uleb128 0x15
 865 0489 2A030000 		.4byte	.LASF77
 866 048d 07       		.byte	0x7
 867 048e C101     		.2byte	0x1c1
 868 0490 00       		.byte	0
 869              		.section	.debug_abbrev,"",%progbits
 870              	.Ldebug_abbrev0:
 871 0000 01       		.uleb128 0x1
 872 0001 11       		.uleb128 0x11
 873 0002 01       		.byte	0x1
 874 0003 25       		.uleb128 0x25
 875 0004 0E       		.uleb128 0xe
 876 0005 13       		.uleb128 0x13
 877 0006 0B       		.uleb128 0xb
 878 0007 03       		.uleb128 0x3
 879 0008 0E       		.uleb128 0xe
 880 0009 1B       		.uleb128 0x1b
 881 000a 0E       		.uleb128 0xe
 882 000b 55       		.uleb128 0x55
 883 000c 17       		.uleb128 0x17
 884 000d 11       		.uleb128 0x11
 885 000e 01       		.uleb128 0x1
 886 000f 10       		.uleb128 0x10
 887 0010 17       		.uleb128 0x17
 888 0011 00       		.byte	0
 889 0012 00       		.byte	0
 890 0013 02       		.uleb128 0x2
 891 0014 24       		.uleb128 0x24
 892 0015 00       		.byte	0
 893 0016 0B       		.uleb128 0xb
 894 0017 0B       		.uleb128 0xb
 895 0018 3E       		.uleb128 0x3e
 896 0019 0B       		.uleb128 0xb
 897 001a 03       		.uleb128 0x3
 898 001b 08       		.uleb128 0x8
 899 001c 00       		.byte	0
 900 001d 00       		.byte	0
 901 001e 03       		.uleb128 0x3
 902 001f 24       		.uleb128 0x24
 903 0020 00       		.byte	0
 904 0021 0B       		.uleb128 0xb
 905 0022 0B       		.uleb128 0xb
 906 0023 3E       		.uleb128 0x3e
 907 0024 0B       		.uleb128 0xb
 908 0025 03       		.uleb128 0x3
 909 0026 0E       		.uleb128 0xe
 910 0027 00       		.byte	0
 911 0028 00       		.byte	0
 912 0029 04       		.uleb128 0x4
ARM GAS  C:\Users\srich\AppData\Local\Temp\ccnsdigV.s 			page 17


 913 002a 16       		.uleb128 0x16
 914 002b 00       		.byte	0
 915 002c 03       		.uleb128 0x3
 916 002d 0E       		.uleb128 0xe
 917 002e 3A       		.uleb128 0x3a
 918 002f 0B       		.uleb128 0xb
 919 0030 3B       		.uleb128 0x3b
 920 0031 0B       		.uleb128 0xb
 921 0032 49       		.uleb128 0x49
 922 0033 13       		.uleb128 0x13
 923 0034 00       		.byte	0
 924 0035 00       		.byte	0
 925 0036 05       		.uleb128 0x5
 926 0037 35       		.uleb128 0x35
 927 0038 00       		.byte	0
 928 0039 49       		.uleb128 0x49
 929 003a 13       		.uleb128 0x13
 930 003b 00       		.byte	0
 931 003c 00       		.byte	0
 932 003d 06       		.uleb128 0x6
 933 003e 13       		.uleb128 0x13
 934 003f 01       		.byte	0x1
 935 0040 0B       		.uleb128 0xb
 936 0041 0B       		.uleb128 0xb
 937 0042 3A       		.uleb128 0x3a
 938 0043 0B       		.uleb128 0xb
 939 0044 3B       		.uleb128 0x3b
 940 0045 0B       		.uleb128 0xb
 941 0046 01       		.uleb128 0x1
 942 0047 13       		.uleb128 0x13
 943 0048 00       		.byte	0
 944 0049 00       		.byte	0
 945 004a 07       		.uleb128 0x7
 946 004b 0D       		.uleb128 0xd
 947 004c 00       		.byte	0
 948 004d 03       		.uleb128 0x3
 949 004e 0E       		.uleb128 0xe
 950 004f 3A       		.uleb128 0x3a
 951 0050 0B       		.uleb128 0xb
 952 0051 3B       		.uleb128 0x3b
 953 0052 0B       		.uleb128 0xb
 954 0053 49       		.uleb128 0x49
 955 0054 13       		.uleb128 0x13
 956 0055 38       		.uleb128 0x38
 957 0056 0B       		.uleb128 0xb
 958 0057 00       		.byte	0
 959 0058 00       		.byte	0
 960 0059 08       		.uleb128 0x8
 961 005a 13       		.uleb128 0x13
 962 005b 01       		.byte	0x1
 963 005c 0B       		.uleb128 0xb
 964 005d 0B       		.uleb128 0xb
 965 005e 3A       		.uleb128 0x3a
 966 005f 0B       		.uleb128 0xb
 967 0060 3B       		.uleb128 0x3b
 968 0061 05       		.uleb128 0x5
 969 0062 01       		.uleb128 0x1
ARM GAS  C:\Users\srich\AppData\Local\Temp\ccnsdigV.s 			page 18


 970 0063 13       		.uleb128 0x13
 971 0064 00       		.byte	0
 972 0065 00       		.byte	0
 973 0066 09       		.uleb128 0x9
 974 0067 0D       		.uleb128 0xd
 975 0068 00       		.byte	0
 976 0069 03       		.uleb128 0x3
 977 006a 0E       		.uleb128 0xe
 978 006b 3A       		.uleb128 0x3a
 979 006c 0B       		.uleb128 0xb
 980 006d 3B       		.uleb128 0x3b
 981 006e 05       		.uleb128 0x5
 982 006f 49       		.uleb128 0x49
 983 0070 13       		.uleb128 0x13
 984 0071 38       		.uleb128 0x38
 985 0072 0B       		.uleb128 0xb
 986 0073 00       		.byte	0
 987 0074 00       		.byte	0
 988 0075 0A       		.uleb128 0xa
 989 0076 16       		.uleb128 0x16
 990 0077 00       		.byte	0
 991 0078 03       		.uleb128 0x3
 992 0079 0E       		.uleb128 0xe
 993 007a 3A       		.uleb128 0x3a
 994 007b 0B       		.uleb128 0xb
 995 007c 3B       		.uleb128 0x3b
 996 007d 05       		.uleb128 0x5
 997 007e 49       		.uleb128 0x49
 998 007f 13       		.uleb128 0x13
 999 0080 00       		.byte	0
 1000 0081 00       		.byte	0
 1001 0082 0B       		.uleb128 0xb
 1002 0083 26       		.uleb128 0x26
 1003 0084 00       		.byte	0
 1004 0085 49       		.uleb128 0x49
 1005 0086 13       		.uleb128 0x13
 1006 0087 00       		.byte	0
 1007 0088 00       		.byte	0
 1008 0089 0C       		.uleb128 0xc
 1009 008a 01       		.uleb128 0x1
 1010 008b 01       		.byte	0x1
 1011 008c 49       		.uleb128 0x49
 1012 008d 13       		.uleb128 0x13
 1013 008e 01       		.uleb128 0x1
 1014 008f 13       		.uleb128 0x13
 1015 0090 00       		.byte	0
 1016 0091 00       		.byte	0
 1017 0092 0D       		.uleb128 0xd
 1018 0093 21       		.uleb128 0x21
 1019 0094 00       		.byte	0
 1020 0095 49       		.uleb128 0x49
 1021 0096 13       		.uleb128 0x13
 1022 0097 2F       		.uleb128 0x2f
 1023 0098 0B       		.uleb128 0xb
 1024 0099 00       		.byte	0
 1025 009a 00       		.byte	0
 1026 009b 0E       		.uleb128 0xe
ARM GAS  C:\Users\srich\AppData\Local\Temp\ccnsdigV.s 			page 19


 1027 009c 0D       		.uleb128 0xd
 1028 009d 00       		.byte	0
 1029 009e 03       		.uleb128 0x3
 1030 009f 08       		.uleb128 0x8
 1031 00a0 3A       		.uleb128 0x3a
 1032 00a1 0B       		.uleb128 0xb
 1033 00a2 3B       		.uleb128 0x3b
 1034 00a3 05       		.uleb128 0x5
 1035 00a4 49       		.uleb128 0x49
 1036 00a5 13       		.uleb128 0x13
 1037 00a6 38       		.uleb128 0x38
 1038 00a7 0B       		.uleb128 0xb
 1039 00a8 00       		.byte	0
 1040 00a9 00       		.byte	0
 1041 00aa 0F       		.uleb128 0xf
 1042 00ab 2E       		.uleb128 0x2e
 1043 00ac 00       		.byte	0
 1044 00ad 03       		.uleb128 0x3
 1045 00ae 0E       		.uleb128 0xe
 1046 00af 3A       		.uleb128 0x3a
 1047 00b0 0B       		.uleb128 0xb
 1048 00b1 3B       		.uleb128 0x3b
 1049 00b2 0B       		.uleb128 0xb
 1050 00b3 27       		.uleb128 0x27
 1051 00b4 19       		.uleb128 0x19
 1052 00b5 20       		.uleb128 0x20
 1053 00b6 0B       		.uleb128 0xb
 1054 00b7 00       		.byte	0
 1055 00b8 00       		.byte	0
 1056 00b9 10       		.uleb128 0x10
 1057 00ba 2E       		.uleb128 0x2e
 1058 00bb 01       		.byte	0x1
 1059 00bc 3F       		.uleb128 0x3f
 1060 00bd 19       		.uleb128 0x19
 1061 00be 03       		.uleb128 0x3
 1062 00bf 0E       		.uleb128 0xe
 1063 00c0 3A       		.uleb128 0x3a
 1064 00c1 0B       		.uleb128 0xb
 1065 00c2 3B       		.uleb128 0x3b
 1066 00c3 0B       		.uleb128 0xb
 1067 00c4 27       		.uleb128 0x27
 1068 00c5 19       		.uleb128 0x19
 1069 00c6 11       		.uleb128 0x11
 1070 00c7 01       		.uleb128 0x1
 1071 00c8 12       		.uleb128 0x12
 1072 00c9 06       		.uleb128 0x6
 1073 00ca 40       		.uleb128 0x40
 1074 00cb 18       		.uleb128 0x18
 1075 00cc 9742     		.uleb128 0x2117
 1076 00ce 19       		.uleb128 0x19
 1077 00cf 01       		.uleb128 0x1
 1078 00d0 13       		.uleb128 0x13
 1079 00d1 00       		.byte	0
 1080 00d2 00       		.byte	0
 1081 00d3 11       		.uleb128 0x11
 1082 00d4 1D       		.uleb128 0x1d
 1083 00d5 00       		.byte	0
ARM GAS  C:\Users\srich\AppData\Local\Temp\ccnsdigV.s 			page 20


 1084 00d6 31       		.uleb128 0x31
 1085 00d7 13       		.uleb128 0x13
 1086 00d8 52       		.uleb128 0x52
 1087 00d9 01       		.uleb128 0x1
 1088 00da 55       		.uleb128 0x55
 1089 00db 17       		.uleb128 0x17
 1090 00dc 58       		.uleb128 0x58
 1091 00dd 0B       		.uleb128 0xb
 1092 00de 59       		.uleb128 0x59
 1093 00df 0B       		.uleb128 0xb
 1094 00e0 00       		.byte	0
 1095 00e1 00       		.byte	0
 1096 00e2 12       		.uleb128 0x12
 1097 00e3 898201   		.uleb128 0x4109
 1098 00e6 00       		.byte	0
 1099 00e7 11       		.uleb128 0x11
 1100 00e8 01       		.uleb128 0x1
 1101 00e9 9542     		.uleb128 0x2115
 1102 00eb 19       		.uleb128 0x19
 1103 00ec 31       		.uleb128 0x31
 1104 00ed 13       		.uleb128 0x13
 1105 00ee 00       		.byte	0
 1106 00ef 00       		.byte	0
 1107 00f0 13       		.uleb128 0x13
 1108 00f1 2E       		.uleb128 0x2e
 1109 00f2 00       		.byte	0
 1110 00f3 3F       		.uleb128 0x3f
 1111 00f4 19       		.uleb128 0x19
 1112 00f5 03       		.uleb128 0x3
 1113 00f6 0E       		.uleb128 0xe
 1114 00f7 3A       		.uleb128 0x3a
 1115 00f8 0B       		.uleb128 0xb
 1116 00f9 3B       		.uleb128 0x3b
 1117 00fa 0B       		.uleb128 0xb
 1118 00fb 27       		.uleb128 0x27
 1119 00fc 19       		.uleb128 0x19
 1120 00fd 11       		.uleb128 0x11
 1121 00fe 01       		.uleb128 0x1
 1122 00ff 12       		.uleb128 0x12
 1123 0100 06       		.uleb128 0x6
 1124 0101 40       		.uleb128 0x40
 1125 0102 18       		.uleb128 0x18
 1126 0103 9742     		.uleb128 0x2117
 1127 0105 19       		.uleb128 0x19
 1128 0106 00       		.byte	0
 1129 0107 00       		.byte	0
 1130 0108 14       		.uleb128 0x14
 1131 0109 34       		.uleb128 0x34
 1132 010a 00       		.byte	0
 1133 010b 03       		.uleb128 0x3
 1134 010c 0E       		.uleb128 0xe
 1135 010d 3A       		.uleb128 0x3a
 1136 010e 0B       		.uleb128 0xb
 1137 010f 3B       		.uleb128 0x3b
 1138 0110 05       		.uleb128 0x5
 1139 0111 49       		.uleb128 0x49
 1140 0112 13       		.uleb128 0x13
ARM GAS  C:\Users\srich\AppData\Local\Temp\ccnsdigV.s 			page 21


 1141 0113 3F       		.uleb128 0x3f
 1142 0114 19       		.uleb128 0x19
 1143 0115 3C       		.uleb128 0x3c
 1144 0116 19       		.uleb128 0x19
 1145 0117 00       		.byte	0
 1146 0118 00       		.byte	0
 1147 0119 15       		.uleb128 0x15
 1148 011a 2E       		.uleb128 0x2e
 1149 011b 00       		.byte	0
 1150 011c 3F       		.uleb128 0x3f
 1151 011d 19       		.uleb128 0x19
 1152 011e 03       		.uleb128 0x3
 1153 011f 0E       		.uleb128 0xe
 1154 0120 3A       		.uleb128 0x3a
 1155 0121 0B       		.uleb128 0xb
 1156 0122 3B       		.uleb128 0x3b
 1157 0123 05       		.uleb128 0x5
 1158 0124 27       		.uleb128 0x27
 1159 0125 19       		.uleb128 0x19
 1160 0126 3C       		.uleb128 0x3c
 1161 0127 19       		.uleb128 0x19
 1162 0128 00       		.byte	0
 1163 0129 00       		.byte	0
 1164 012a 00       		.byte	0
 1165              		.section	.debug_aranges,"",%progbits
 1166 0000 24000000 		.4byte	0x24
 1167 0004 0200     		.2byte	0x2
 1168 0006 00000000 		.4byte	.Ldebug_info0
 1169 000a 04       		.byte	0x4
 1170 000b 00       		.byte	0
 1171 000c 0000     		.2byte	0
 1172 000e 0000     		.2byte	0
 1173 0010 00000000 		.4byte	.LFB119
 1174 0014 C4000000 		.4byte	.LFE119-.LFB119
 1175 0018 00000000 		.4byte	.LFB120
 1176 001c C8000000 		.4byte	.LFE120-.LFB120
 1177 0020 00000000 		.4byte	0
 1178 0024 00000000 		.4byte	0
 1179              		.section	.debug_ranges,"",%progbits
 1180              	.Ldebug_ranges0:
 1181 0000 22000000 		.4byte	.LBB4
 1182 0004 24000000 		.4byte	.LBE4
 1183 0008 56000000 		.4byte	.LBB7
 1184 000c A4000000 		.4byte	.LBE7
 1185 0010 00000000 		.4byte	0
 1186 0014 00000000 		.4byte	0
 1187 0018 00000000 		.4byte	.LFB119
 1188 001c C4000000 		.4byte	.LFE119
 1189 0020 00000000 		.4byte	.LFB120
 1190 0024 C8000000 		.4byte	.LFE120
 1191 0028 00000000 		.4byte	0
 1192 002c 00000000 		.4byte	0
 1193              		.section	.debug_line,"",%progbits
 1194              	.Ldebug_line0:
 1195 0000 4C020000 		.section	.debug_str,"MS",%progbits,1
 1195      0200A701 
 1195      00000201 
ARM GAS  C:\Users\srich\AppData\Local\Temp\ccnsdigV.s 			page 22


 1195      FB0E0D00 
 1195      01010101 
 1196              	.LASF56:
 1197 0000 41484231 		.ascii	"AHB1LPENR\000"
 1197      4C50454E 
 1197      5200
 1198              	.LASF46:
 1199 000a 41504231 		.ascii	"APB1RSTR\000"
 1199      52535452 
 1199      00
 1200              	.LASF50:
 1201 0013 41484232 		.ascii	"AHB2ENR\000"
 1201      454E5200 
 1202              	.LASF19:
 1203 001b 44454D43 		.ascii	"DEMCR\000"
 1203      5200
 1204              	.LASF3:
 1205 0021 73686F72 		.ascii	"short int\000"
 1205      7420696E 
 1205      7400
 1206              	.LASF15:
 1207 002b 73697A65 		.ascii	"sizetype\000"
 1207      74797065 
 1207      00
 1208              	.LASF63:
 1209 0034 42444352 		.ascii	"BDCR\000"
 1209      00
 1210              	.LASF28:
 1211 0039 50435352 		.ascii	"PCSR\000"
 1211      00
 1212              	.LASF27:
 1213 003e 464F4C44 		.ascii	"FOLDCNT\000"
 1213      434E5400 
 1214              	.LASF66:
 1215 0046 504C4C49 		.ascii	"PLLI2SCFGR\000"
 1215      32534346 
 1215      475200
 1216              	.LASF39:
 1217 0051 5057525F 		.ascii	"PWR_TypeDef\000"
 1217      54797065 
 1217      44656600 
 1218              	.LASF7:
 1219 005d 5F5F7569 		.ascii	"__uint32_t\000"
 1219      6E743332 
 1219      5F7400
 1220              	.LASF29:
 1221 0068 434D785F 		.ascii	"CMx_DWT\000"
 1221      44575400 
 1222              	.LASF65:
 1223 0070 53534347 		.ascii	"SSCGR\000"
 1223      5200
 1224              	.LASF21:
 1225 0076 4354524C 		.ascii	"CTRL\000"
 1225      00
 1226              	.LASF42:
 1227 007b 41484231 		.ascii	"AHB1RSTR\000"
 1227      52535452 
ARM GAS  C:\Users\srich\AppData\Local\Temp\ccnsdigV.s 			page 23


 1227      00
 1228              	.LASF41:
 1229 0084 43464752 		.ascii	"CFGR\000"
 1229      00
 1230              	.LASF23:
 1231 0089 43504943 		.ascii	"CPICNT\000"
 1231      4E5400
 1232              	.LASF58:
 1233 0090 41484233 		.ascii	"AHB3LPENR\000"
 1233      4C50454E 
 1233      5200
 1234              	.LASF53:
 1235 009a 41504231 		.ascii	"APB1ENR\000"
 1235      454E5200 
 1236              	.LASF17:
 1237 00a2 44435253 		.ascii	"DCRSR\000"
 1237      5200
 1238              	.LASF73:
 1239 00a8 68616C5F 		.ascii	"hal_lld_backup_domain_init\000"
 1239      6C6C645F 
 1239      6261636B 
 1239      75705F64 
 1239      6F6D6169 
 1240              	.LASF18:
 1241 00c3 44435244 		.ascii	"DCRDR\000"
 1241      5200
 1242              	.LASF68:
 1243 00c9 44434B43 		.ascii	"DCKCFGR\000"
 1243      46475200 
 1244              	.LASF14:
 1245 00d1 494F5245 		.ascii	"IOREG32\000"
 1245      47333200 
 1246              	.LASF35:
 1247 00d9 4F50544B 		.ascii	"OPTKEYR\000"
 1247      45595200 
 1248              	.LASF9:
 1249 00e1 6C6F6E67 		.ascii	"long long int\000"
 1249      206C6F6E 
 1249      6720696E 
 1249      7400
 1250              	.LASF22:
 1251 00ef 43594343 		.ascii	"CYCCNT\000"
 1251      4E5400
 1252              	.LASF32:
 1253 00f6 43414C49 		.ascii	"CALIB\000"
 1253      4200
 1254              	.LASF16:
 1255 00fc 44484353 		.ascii	"DHCSR\000"
 1255      5200
 1256              	.LASF5:
 1257 0102 6C6F6E67 		.ascii	"long int\000"
 1257      20696E74 
 1257      00
 1258              	.LASF69:
 1259 010b 5243435F 		.ascii	"RCC_TypeDef\000"
 1259      54797065 
 1259      44656600 
ARM GAS  C:\Users\srich\AppData\Local\Temp\ccnsdigV.s 			page 24


 1260              	.LASF47:
 1261 0117 41504232 		.ascii	"APB2RSTR\000"
 1261      52535452 
 1261      00
 1262              	.LASF75:
 1263 0120 73746D33 		.ascii	"stm32_clock_init\000"
 1263      325F636C 
 1263      6F636B5F 
 1263      696E6974 
 1263      00
 1264              	.LASF37:
 1265 0131 4F505443 		.ascii	"OPTCR1\000"
 1265      523100
 1266              	.LASF51:
 1267 0138 41484233 		.ascii	"AHB3ENR\000"
 1267      454E5200 
 1268              	.LASF34:
 1269 0140 4B455952 		.ascii	"KEYR\000"
 1269      00
 1270              	.LASF24:
 1271 0145 45584343 		.ascii	"EXCCNT\000"
 1271      4E5400
 1272              	.LASF2:
 1273 014c 756E7369 		.ascii	"unsigned char\000"
 1273      676E6564 
 1273      20636861 
 1273      7200
 1274              	.LASF54:
 1275 015a 41504232 		.ascii	"APB2ENR\000"
 1275      454E5200 
 1276              	.LASF1:
 1277 0162 7369676E 		.ascii	"signed char\000"
 1277      65642063 
 1277      68617200 
 1278              	.LASF10:
 1279 016e 6C6F6E67 		.ascii	"long long unsigned int\000"
 1279      206C6F6E 
 1279      6720756E 
 1279      7369676E 
 1279      65642069 
 1280              	.LASF70:
 1281 0185 474E5520 		.ascii	"GNU C 4.9.3 20150529 (release) [ARM/embedded-4_9-br"
 1281      4320342E 
 1281      392E3320 
 1281      32303135 
 1281      30353239 
 1282 01b8 616E6368 		.ascii	"anch revision 227977] -mcpu=cortex-m4 -mno-thumb-in"
 1282      20726576 
 1282      6973696F 
 1282      6E203232 
 1282      37393737 
 1283 01eb 74657277 		.ascii	"terwork -mthumb -ggdb -O2 -fomit-frame-pointer -fal"
 1283      6F726B20 
 1283      2D6D7468 
 1283      756D6220 
 1283      2D676764 
 1284 021e 69676E2D 		.ascii	"ign-functions=16 -ffunction-sections -fdata-section"
ARM GAS  C:\Users\srich\AppData\Local\Temp\ccnsdigV.s 			page 25


 1284      66756E63 
 1284      74696F6E 
 1284      733D3136 
 1284      202D6666 
 1285 0251 73202D66 		.ascii	"s -fno-common\000"
 1285      6E6F2D63 
 1285      6F6D6D6F 
 1285      6E00
 1286              	.LASF12:
 1287 025f 75696E74 		.ascii	"uint32_t\000"
 1287      33325F74 
 1287      00
 1288              	.LASF0:
 1289 0268 756E7369 		.ascii	"unsigned int\000"
 1289      676E6564 
 1289      20696E74 
 1289      00
 1290              	.LASF43:
 1291 0275 41484232 		.ascii	"AHB2RSTR\000"
 1291      52535452 
 1291      00
 1292              	.LASF8:
 1293 027e 6C6F6E67 		.ascii	"long unsigned int\000"
 1293      20756E73 
 1293      69676E65 
 1293      6420696E 
 1293      7400
 1294              	.LASF74:
 1295 0290 68616C5F 		.ascii	"hal_lld_init\000"
 1295      6C6C645F 
 1295      696E6974 
 1295      00
 1296              	.LASF40:
 1297 029d 504C4C43 		.ascii	"PLLCFGR\000"
 1297      46475200 
 1298              	.LASF33:
 1299 02a5 53797354 		.ascii	"SysTick_Type\000"
 1299      69636B5F 
 1299      54797065 
 1299      00
 1300              	.LASF4:
 1301 02b2 73686F72 		.ascii	"short unsigned int\000"
 1301      7420756E 
 1301      7369676E 
 1301      65642069 
 1301      6E7400
 1302              	.LASF60:
 1303 02c5 41504231 		.ascii	"APB1LPENR\000"
 1303      4C50454E 
 1303      5200
 1304              	.LASF71:
 1305 02cf 2E2E2F2E 		.ascii	"../../../ChibiOS/os/hal/platforms/STM32F4xx/hal_lld"
 1305      2E2F2E2E 
 1305      2F436869 
 1305      62694F53 
 1305      2F6F732F 
 1306 0302 2E6300   		.ascii	".c\000"
ARM GAS  C:\Users\srich\AppData\Local\Temp\ccnsdigV.s 			page 26


 1307              	.LASF30:
 1308 0305 63686172 		.ascii	"char\000"
 1308      00
 1309              	.LASF20:
 1310 030a 434D785F 		.ascii	"CMx_SCS\000"
 1310      53435300 
 1311              	.LASF11:
 1312 0312 696E7433 		.ascii	"int32_t\000"
 1312      325F7400 
 1313              	.LASF13:
 1314 031a 5F426F6F 		.ascii	"_Bool\000"
 1314      6C00
 1315              	.LASF57:
 1316 0320 41484232 		.ascii	"AHB2LPENR\000"
 1316      4C50454E 
 1316      5200
 1317              	.LASF77:
 1318 032a 646D6149 		.ascii	"dmaInit\000"
 1318      6E697400 
 1319              	.LASF45:
 1320 0332 52455345 		.ascii	"RESERVED0\000"
 1320      52564544 
 1320      3000
 1321              	.LASF48:
 1322 033c 52455345 		.ascii	"RESERVED1\000"
 1322      52564544 
 1322      3100
 1323              	.LASF52:
 1324 0346 52455345 		.ascii	"RESERVED2\000"
 1324      52564544 
 1324      3200
 1325              	.LASF55:
 1326 0350 52455345 		.ascii	"RESERVED3\000"
 1326      52564544 
 1326      3300
 1327              	.LASF59:
 1328 035a 52455345 		.ascii	"RESERVED4\000"
 1328      52564544 
 1328      3400
 1329              	.LASF62:
 1330 0364 52455345 		.ascii	"RESERVED5\000"
 1330      52564544 
 1330      3500
 1331              	.LASF64:
 1332 036e 52455345 		.ascii	"RESERVED6\000"
 1332      52564544 
 1332      3600
 1333              	.LASF25:
 1334 0378 534C4545 		.ascii	"SLEEPCNT\000"
 1334      50434E54 
 1334      00
 1335              	.LASF72:
 1336 0381 443A5C47 		.ascii	"D:\\GitHub\\Smarty\\smarty\\firmware\000"
 1336      69744875 
 1336      625C536D 
 1336      61727479 
 1336      5C736D61 
ARM GAS  C:\Users\srich\AppData\Local\Temp\ccnsdigV.s 			page 27


 1337              	.LASF6:
 1338 03a2 5F5F696E 		.ascii	"__int32_t\000"
 1338      7433325F 
 1338      7400
 1339              	.LASF26:
 1340 03ac 4C535543 		.ascii	"LSUCNT\000"
 1340      4E5400
 1341              	.LASF31:
 1342 03b3 4C4F4144 		.ascii	"LOAD\000"
 1342      00
 1343              	.LASF49:
 1344 03b8 41484231 		.ascii	"AHB1ENR\000"
 1344      454E5200 
 1345              	.LASF44:
 1346 03c0 41484233 		.ascii	"AHB3RSTR\000"
 1346      52535452 
 1346      00
 1347              	.LASF38:
 1348 03c9 464C4153 		.ascii	"FLASH_TypeDef\000"
 1348      485F5479 
 1348      70654465 
 1348      6600
 1349              	.LASF76:
 1350 03d7 49544D5F 		.ascii	"ITM_RxBuffer\000"
 1350      52784275 
 1350      66666572 
 1350      00
 1351              	.LASF67:
 1352 03e4 504C4C53 		.ascii	"PLLSAICFGR\000"
 1352      41494346 
 1352      475200
 1353              	.LASF61:
 1354 03ef 41504232 		.ascii	"APB2LPENR\000"
 1354      4C50454E 
 1354      5200
 1355              	.LASF36:
 1356 03f9 4F505443 		.ascii	"OPTCR\000"
 1356      5200
 1357              		.ident	"GCC: (GNU Tools for ARM Embedded Processors) 4.9.3 20150529 (release) [ARM/embedded-4_9-br
ARM GAS  C:\Users\srich\AppData\Local\Temp\ccnsdigV.s 			page 28


DEFINED SYMBOLS
                            *ABS*:00000000 hal_lld.c
C:\Users\srich\AppData\Local\Temp\ccnsdigV.s:19     .text.hal_lld_init:00000000 $t
C:\Users\srich\AppData\Local\Temp\ccnsdigV.s:25     .text.hal_lld_init:00000000 hal_lld_init
C:\Users\srich\AppData\Local\Temp\ccnsdigV.s:159    .text.hal_lld_init:000000ac $d
C:\Users\srich\AppData\Local\Temp\ccnsdigV.s:169    .text.stm32_clock_init:00000000 $t
C:\Users\srich\AppData\Local\Temp\ccnsdigV.s:175    .text.stm32_clock_init:00000000 stm32_clock_init
C:\Users\srich\AppData\Local\Temp\ccnsdigV.s:299    .text.stm32_clock_init:000000b4 $d
                     .debug_frame:00000010 $d

UNDEFINED SYMBOLS
dmaInit
