ARM GAS  C:\Users\DNIEL~1\AppData\Local\Temp\ccFUISwh.s 			page 1


   1              		.syntax unified
   2              		.cpu cortex-m4
   3              		.fpu softvfp
   4              		.eabi_attribute 20, 1
   5              		.eabi_attribute 21, 1
   6              		.eabi_attribute 23, 3
   7              		.eabi_attribute 24, 1
   8              		.eabi_attribute 25, 1
   9              		.eabi_attribute 26, 1
  10              		.eabi_attribute 30, 2
  11              		.eabi_attribute 18, 4
  12              		.thumb
  13              		.file	"icu.c"
  14              		.section	.debug_abbrev,"",%progbits
  15              	.Ldebug_abbrev0:
  16              		.section	.debug_info,"",%progbits
  17              	.Ldebug_info0:
  18              		.section	.debug_line,"",%progbits
  19              	.Ldebug_line0:
  20 0000 00020000 		.text
  20      02007601 
  20      00000201 
  20      FB0E0D00 
  20      01010101 
  21              	.Ltext0:
  22              		.cfi_sections	.debug_frame
  23              		.section	.text.icuInit,"ax",%progbits
  24              		.align	2
  25              		.p2align 4,,15
  26              		.global	icuInit
  27              		.thumb
  28              		.thumb_func
  29              		.type	icuInit, %function
  30              	icuInit:
  31              	.LFB118:
  32              		.file 1 "../../../ChibiOS/os/hal/src/icu.c"
  33              		.loc 1 68 0
  34              		.cfi_startproc
  35              		@ args = 0, pretend = 0, frame = 0
  36              		@ frame_needed = 0, uses_anonymous_args = 0
  37              		@ link register save eliminated.
  38              		.loc 1 71 0
  39              		.loc 1 70 0
  40 0000 FFF7FEBF 		b	icu_lld_init
  41              		.cfi_endproc
  42              	.LFE118:
  43              		.size	icuInit, .-icuInit
  44 0004 AFF30080 		.section	.text.icuObjectInit,"ax",%progbits
  44      AFF30080 
  44      AFF30080 
  45              		.align	2
  46              		.p2align 4,,15
  47              		.global	icuObjectInit
  48              		.thumb
  49              		.thumb_func
  50              		.type	icuObjectInit, %function
  51              	icuObjectInit:
ARM GAS  C:\Users\DNIEL~1\AppData\Local\Temp\ccFUISwh.s 			page 2


  52              	.LFB119:
  53              		.loc 1 80 0
  54              		.cfi_startproc
  55              		@ args = 0, pretend = 0, frame = 0
  56              		@ frame_needed = 0, uses_anonymous_args = 0
  57              		@ link register save eliminated.
  58              	.LVL0:
  59              		.loc 1 82 0
  60 0000 0121     		movs	r1, #1
  61              		.loc 1 83 0
  62 0002 0023     		movs	r3, #0
  63              		.loc 1 82 0
  64 0004 0170     		strb	r1, [r0, #0]
  65              		.loc 1 83 0
  66 0006 4360     		str	r3, [r0, #4]
  67              		.loc 1 84 0
  68 0008 7047     		bx	lr
  69              		.cfi_endproc
  70              	.LFE119:
  71              		.size	icuObjectInit, .-icuObjectInit
  72 000a 00BFAFF3 		.section	.text.icuStart,"ax",%progbits
  72      0080
  73              		.align	2
  74              		.p2align 4,,15
  75              		.global	icuStart
  76              		.thumb
  77              		.thumb_func
  78              		.type	icuStart, %function
  79              	icuStart:
  80              	.LFB120:
  81              		.loc 1 94 0
  82              		.cfi_startproc
  83              		@ args = 0, pretend = 0, frame = 0
  84              		@ frame_needed = 0, uses_anonymous_args = 0
  85              	.LVL1:
  86 0000 10B5     		push	{r4, lr}
  87              	.LCFI0:
  88              		.cfi_def_cfa_offset 8
  89              	.LBB2:
  90              		.loc 1 98 0
  91 0002 2023     		movs	r3, #32
  92              	.LVL2:
  93              	.LBE2:
  94              		.loc 1 94 0
  95 0004 0446     		mov	r4, r0
  96              		.cfi_offset 14, -4
  97              		.cfi_offset 4, -8
  98              	.LBB3:
  99              		.loc 1 98 0
 100              	@ 98 "../../../ChibiOS/os/hal/src/icu.c" 1
 101 0006 83F31188 		msr     BASEPRI, r3
 102              	@ 0 "" 2
 103              	.LVL3:
 104              		.thumb
 105              	.LBE3:
 106              		.loc 1 101 0
 107 000a 4160     		str	r1, [r0, #4]
ARM GAS  C:\Users\DNIEL~1\AppData\Local\Temp\ccFUISwh.s 			page 3


 108              		.loc 1 102 0
 109 000c FFF7FEFF 		bl	icu_lld_start
 110              	.LVL4:
 111              		.loc 1 103 0
 112 0010 0223     		movs	r3, #2
 113 0012 2370     		strb	r3, [r4, #0]
 114              	.LBB4:
 115              		.loc 1 104 0
 116 0014 0023     		movs	r3, #0
 117              	.LVL5:
 118              	@ 104 "../../../ChibiOS/os/hal/src/icu.c" 1
 119 0016 83F31188 		msr     BASEPRI, r3
 120              	@ 0 "" 2
 121              	.LVL6:
 122              		.thumb
 123              	.LBE4:
 124              		.loc 1 105 0
 125 001a 10BD     		pop	{r4, pc}
 126              		.cfi_endproc
 127              	.LFE120:
 128              		.size	icuStart, .-icuStart
 129 001c AFF30080 		.section	.text.icuStop,"ax",%progbits
 130              		.align	2
 131              		.p2align 4,,15
 132              		.global	icuStop
 133              		.thumb
 134              		.thumb_func
 135              		.type	icuStop, %function
 136              	icuStop:
 137              	.LFB121:
 138              		.loc 1 114 0
 139              		.cfi_startproc
 140              		@ args = 0, pretend = 0, frame = 0
 141              		@ frame_needed = 0, uses_anonymous_args = 0
 142              	.LVL7:
 143 0000 10B5     		push	{r4, lr}
 144              	.LCFI1:
 145              		.cfi_def_cfa_offset 8
 146              	.LBB5:
 147              		.loc 1 118 0
 148 0002 2023     		movs	r3, #32
 149              	.LVL8:
 150              	.LBE5:
 151              		.loc 1 114 0
 152 0004 0446     		mov	r4, r0
 153              		.cfi_offset 14, -4
 154              		.cfi_offset 4, -8
 155              	.LBB6:
 156              		.loc 1 118 0
 157              	@ 118 "../../../ChibiOS/os/hal/src/icu.c" 1
 158 0006 83F31188 		msr     BASEPRI, r3
 159              	@ 0 "" 2
 160              	.LVL9:
 161              		.thumb
 162              	.LBE6:
 163              		.loc 1 121 0
 164 000a FFF7FEFF 		bl	icu_lld_stop
ARM GAS  C:\Users\DNIEL~1\AppData\Local\Temp\ccFUISwh.s 			page 4


 165              	.LVL10:
 166              		.loc 1 122 0
 167 000e 0123     		movs	r3, #1
 168 0010 2370     		strb	r3, [r4, #0]
 169              	.LBB7:
 170              		.loc 1 123 0
 171 0012 0023     		movs	r3, #0
 172              	.LVL11:
 173              	@ 123 "../../../ChibiOS/os/hal/src/icu.c" 1
 174 0014 83F31188 		msr     BASEPRI, r3
 175              	@ 0 "" 2
 176              	.LVL12:
 177              		.thumb
 178              	.LBE7:
 179              		.loc 1 124 0
 180 0018 10BD     		pop	{r4, pc}
 181              		.cfi_endproc
 182              	.LFE121:
 183              		.size	icuStop, .-icuStop
 184 001a 00BFAFF3 		.section	.text.icuEnable,"ax",%progbits
 184      0080
 185              		.align	2
 186              		.p2align 4,,15
 187              		.global	icuEnable
 188              		.thumb
 189              		.thumb_func
 190              		.type	icuEnable, %function
 191              	icuEnable:
 192              	.LFB122:
 193              		.loc 1 133 0
 194              		.cfi_startproc
 195              		@ args = 0, pretend = 0, frame = 0
 196              		@ frame_needed = 0, uses_anonymous_args = 0
 197              	.LVL13:
 198 0000 10B5     		push	{r4, lr}
 199              	.LCFI2:
 200              		.cfi_def_cfa_offset 8
 201              	.LBB8:
 202              		.loc 1 137 0
 203 0002 2023     		movs	r3, #32
 204              	.LVL14:
 205              	.LBE8:
 206              		.loc 1 133 0
 207 0004 0446     		mov	r4, r0
 208              		.cfi_offset 14, -4
 209              		.cfi_offset 4, -8
 210              	.LBB9:
 211              		.loc 1 137 0
 212              	@ 137 "../../../ChibiOS/os/hal/src/icu.c" 1
 213 0006 83F31188 		msr     BASEPRI, r3
 214              	@ 0 "" 2
 215              	.LVL15:
 216              		.thumb
 217              	.LBE9:
 218              		.loc 1 139 0
 219 000a FFF7FEFF 		bl	icu_lld_enable
 220              	.LVL16:
ARM GAS  C:\Users\DNIEL~1\AppData\Local\Temp\ccFUISwh.s 			page 5


 221              		.loc 1 140 0
 222 000e 0323     		movs	r3, #3
 223 0010 2370     		strb	r3, [r4, #0]
 224              	.LBB10:
 225              		.loc 1 141 0
 226 0012 0023     		movs	r3, #0
 227              	.LVL17:
 228              	@ 141 "../../../ChibiOS/os/hal/src/icu.c" 1
 229 0014 83F31188 		msr     BASEPRI, r3
 230              	@ 0 "" 2
 231              	.LVL18:
 232              		.thumb
 233              	.LBE10:
 234              		.loc 1 142 0
 235 0018 10BD     		pop	{r4, pc}
 236              		.cfi_endproc
 237              	.LFE122:
 238              		.size	icuEnable, .-icuEnable
 239 001a 00BFAFF3 		.section	.text.icuDisable,"ax",%progbits
 239      0080
 240              		.align	2
 241              		.p2align 4,,15
 242              		.global	icuDisable
 243              		.thumb
 244              		.thumb_func
 245              		.type	icuDisable, %function
 246              	icuDisable:
 247              	.LFB123:
 248              		.loc 1 151 0
 249              		.cfi_startproc
 250              		@ args = 0, pretend = 0, frame = 0
 251              		@ frame_needed = 0, uses_anonymous_args = 0
 252              	.LVL19:
 253 0000 10B5     		push	{r4, lr}
 254              	.LCFI3:
 255              		.cfi_def_cfa_offset 8
 256              	.LBB11:
 257              		.loc 1 155 0
 258 0002 2023     		movs	r3, #32
 259              	.LVL20:
 260              	.LBE11:
 261              		.loc 1 151 0
 262 0004 0446     		mov	r4, r0
 263              		.cfi_offset 14, -4
 264              		.cfi_offset 4, -8
 265              	.LBB12:
 266              		.loc 1 155 0
 267              	@ 155 "../../../ChibiOS/os/hal/src/icu.c" 1
 268 0006 83F31188 		msr     BASEPRI, r3
 269              	@ 0 "" 2
 270              	.LVL21:
 271              		.thumb
 272              	.LBE12:
 273              		.loc 1 159 0
 274 000a FFF7FEFF 		bl	icu_lld_disable
 275              	.LVL22:
 276              		.loc 1 160 0
ARM GAS  C:\Users\DNIEL~1\AppData\Local\Temp\ccFUISwh.s 			page 6


 277 000e 0223     		movs	r3, #2
 278 0010 2370     		strb	r3, [r4, #0]
 279              	.LBB13:
 280              		.loc 1 161 0
 281 0012 0023     		movs	r3, #0
 282              	.LVL23:
 283              	@ 161 "../../../ChibiOS/os/hal/src/icu.c" 1
 284 0014 83F31188 		msr     BASEPRI, r3
 285              	@ 0 "" 2
 286              	.LVL24:
 287              		.thumb
 288              	.LBE13:
 289              		.loc 1 162 0
 290 0018 10BD     		pop	{r4, pc}
 291              		.cfi_endproc
 292              	.LFE123:
 293              		.size	icuDisable, .-icuDisable
 294 001a 00BFAFF3 		.text
 294      0080
 295              	.Letext0:
 296              		.section	.debug_loc,"",%progbits
 297              	.Ldebug_loc0:
 298              	.LLST0:
 299 0000 00000000 		.4byte	.LFB120
 300 0004 02000000 		.4byte	.LCFI0
 301 0008 0200     		.2byte	0x2
 302 000a 7D       		.byte	0x7d
 303 000b 00       		.sleb128 0
 304 000c 02000000 		.4byte	.LCFI0
 305 0010 1C000000 		.4byte	.LFE120
 306 0014 0200     		.2byte	0x2
 307 0016 7D       		.byte	0x7d
 308 0017 08       		.sleb128 8
 309 0018 00000000 		.4byte	0x0
 310 001c 00000000 		.4byte	0x0
 311              	.LLST1:
 312 0020 00000000 		.4byte	.LVL1
 313 0024 0F000000 		.4byte	.LVL4-1
 314 0028 0100     		.2byte	0x1
 315 002a 50       		.byte	0x50
 316 002b 0F000000 		.4byte	.LVL4-1
 317 002f 1C000000 		.4byte	.LFE120
 318 0033 0100     		.2byte	0x1
 319 0035 54       		.byte	0x54
 320 0036 00000000 		.4byte	0x0
 321 003a 00000000 		.4byte	0x0
 322              	.LLST2:
 323 003e 00000000 		.4byte	.LVL1
 324 0042 0F000000 		.4byte	.LVL4-1
 325 0046 0100     		.2byte	0x1
 326 0048 51       		.byte	0x51
 327 0049 00000000 		.4byte	0x0
 328 004d 00000000 		.4byte	0x0
 329              	.LLST3:
 330 0051 0A000000 		.4byte	.LVL3
 331 0055 0F000000 		.4byte	.LVL4-1
 332 0059 0100     		.2byte	0x1
ARM GAS  C:\Users\DNIEL~1\AppData\Local\Temp\ccFUISwh.s 			page 7


 333 005b 53       		.byte	0x53
 334 005c 00000000 		.4byte	0x0
 335 0060 00000000 		.4byte	0x0
 336              	.LLST4:
 337 0064 1A000000 		.4byte	.LVL6
 338 0068 1C000000 		.4byte	.LFE120
 339 006c 0100     		.2byte	0x1
 340 006e 53       		.byte	0x53
 341 006f 00000000 		.4byte	0x0
 342 0073 00000000 		.4byte	0x0
 343              	.LLST5:
 344 0077 00000000 		.4byte	.LFB121
 345 007b 02000000 		.4byte	.LCFI1
 346 007f 0200     		.2byte	0x2
 347 0081 7D       		.byte	0x7d
 348 0082 00       		.sleb128 0
 349 0083 02000000 		.4byte	.LCFI1
 350 0087 1A000000 		.4byte	.LFE121
 351 008b 0200     		.2byte	0x2
 352 008d 7D       		.byte	0x7d
 353 008e 08       		.sleb128 8
 354 008f 00000000 		.4byte	0x0
 355 0093 00000000 		.4byte	0x0
 356              	.LLST6:
 357 0097 00000000 		.4byte	.LVL7
 358 009b 0D000000 		.4byte	.LVL10-1
 359 009f 0100     		.2byte	0x1
 360 00a1 50       		.byte	0x50
 361 00a2 0D000000 		.4byte	.LVL10-1
 362 00a6 1A000000 		.4byte	.LFE121
 363 00aa 0100     		.2byte	0x1
 364 00ac 54       		.byte	0x54
 365 00ad 00000000 		.4byte	0x0
 366 00b1 00000000 		.4byte	0x0
 367              	.LLST7:
 368 00b5 0A000000 		.4byte	.LVL9
 369 00b9 0D000000 		.4byte	.LVL10-1
 370 00bd 0100     		.2byte	0x1
 371 00bf 53       		.byte	0x53
 372 00c0 00000000 		.4byte	0x0
 373 00c4 00000000 		.4byte	0x0
 374              	.LLST8:
 375 00c8 18000000 		.4byte	.LVL12
 376 00cc 1A000000 		.4byte	.LFE121
 377 00d0 0100     		.2byte	0x1
 378 00d2 53       		.byte	0x53
 379 00d3 00000000 		.4byte	0x0
 380 00d7 00000000 		.4byte	0x0
 381              	.LLST9:
 382 00db 00000000 		.4byte	.LFB122
 383 00df 02000000 		.4byte	.LCFI2
 384 00e3 0200     		.2byte	0x2
 385 00e5 7D       		.byte	0x7d
 386 00e6 00       		.sleb128 0
 387 00e7 02000000 		.4byte	.LCFI2
 388 00eb 1A000000 		.4byte	.LFE122
 389 00ef 0200     		.2byte	0x2
ARM GAS  C:\Users\DNIEL~1\AppData\Local\Temp\ccFUISwh.s 			page 8


 390 00f1 7D       		.byte	0x7d
 391 00f2 08       		.sleb128 8
 392 00f3 00000000 		.4byte	0x0
 393 00f7 00000000 		.4byte	0x0
 394              	.LLST10:
 395 00fb 00000000 		.4byte	.LVL13
 396 00ff 0D000000 		.4byte	.LVL16-1
 397 0103 0100     		.2byte	0x1
 398 0105 50       		.byte	0x50
 399 0106 0D000000 		.4byte	.LVL16-1
 400 010a 1A000000 		.4byte	.LFE122
 401 010e 0100     		.2byte	0x1
 402 0110 54       		.byte	0x54
 403 0111 00000000 		.4byte	0x0
 404 0115 00000000 		.4byte	0x0
 405              	.LLST11:
 406 0119 0A000000 		.4byte	.LVL15
 407 011d 0D000000 		.4byte	.LVL16-1
 408 0121 0100     		.2byte	0x1
 409 0123 53       		.byte	0x53
 410 0124 00000000 		.4byte	0x0
 411 0128 00000000 		.4byte	0x0
 412              	.LLST12:
 413 012c 18000000 		.4byte	.LVL18
 414 0130 1A000000 		.4byte	.LFE122
 415 0134 0100     		.2byte	0x1
 416 0136 53       		.byte	0x53
 417 0137 00000000 		.4byte	0x0
 418 013b 00000000 		.4byte	0x0
 419              	.LLST13:
 420 013f 00000000 		.4byte	.LFB123
 421 0143 02000000 		.4byte	.LCFI3
 422 0147 0200     		.2byte	0x2
 423 0149 7D       		.byte	0x7d
 424 014a 00       		.sleb128 0
 425 014b 02000000 		.4byte	.LCFI3
 426 014f 1A000000 		.4byte	.LFE123
 427 0153 0200     		.2byte	0x2
 428 0155 7D       		.byte	0x7d
 429 0156 08       		.sleb128 8
 430 0157 00000000 		.4byte	0x0
 431 015b 00000000 		.4byte	0x0
 432              	.LLST14:
 433 015f 00000000 		.4byte	.LVL19
 434 0163 0D000000 		.4byte	.LVL22-1
 435 0167 0100     		.2byte	0x1
 436 0169 50       		.byte	0x50
 437 016a 0D000000 		.4byte	.LVL22-1
 438 016e 1A000000 		.4byte	.LFE123
 439 0172 0100     		.2byte	0x1
 440 0174 54       		.byte	0x54
 441 0175 00000000 		.4byte	0x0
 442 0179 00000000 		.4byte	0x0
 443              	.LLST15:
 444 017d 0A000000 		.4byte	.LVL21
 445 0181 0D000000 		.4byte	.LVL22-1
 446 0185 0100     		.2byte	0x1
ARM GAS  C:\Users\DNIEL~1\AppData\Local\Temp\ccFUISwh.s 			page 9


 447 0187 53       		.byte	0x53
 448 0188 00000000 		.4byte	0x0
 449 018c 00000000 		.4byte	0x0
 450              	.LLST16:
 451 0190 18000000 		.4byte	.LVL24
 452 0194 1A000000 		.4byte	.LFE123
 453 0198 0100     		.2byte	0x1
 454 019a 53       		.byte	0x53
 455 019b 00000000 		.4byte	0x0
 456 019f 00000000 		.4byte	0x0
 457              		.file 2 "c:\\program files (x86)\\codesourcery\\sourcery g++ lite\\bin\\../lib/gcc/arm-none-eabi/4
 458              		.file 3 "../../../ChibiOS/os/hal/platforms/STM32/TIMv1/stm32_tim.h"
 459              		.file 4 "../../../ChibiOS/os/hal/include/icu.h"
 460              		.file 5 "../../../ChibiOS/os/hal/platforms/STM32/TIMv1/icu_lld.h"
 461              		.file 6 "../../../ChibiOS/os/ports/common/ARMCMx/CMSIS/include/core_cm4.h"
 462              		.section	.debug_info
 463 0000 7E050000 		.4byte	0x57e
 464 0004 0200     		.2byte	0x2
 465 0006 00000000 		.4byte	.Ldebug_abbrev0
 466 000a 04       		.byte	0x4
 467 000b 01       		.uleb128 0x1
 468 000c 2E020000 		.4byte	.LASF60
 469 0010 01       		.byte	0x1
 470 0011 84020000 		.4byte	.LASF61
 471 0015 58000000 		.4byte	.LASF62
 472 0019 00000000 		.4byte	0x0
 473 001d 00000000 		.4byte	0x0
 474 0021 60000000 		.4byte	.Ldebug_ranges0+0x60
 475 0025 00000000 		.4byte	.Ldebug_line0
 476 0029 02       		.uleb128 0x2
 477 002a 04       		.byte	0x4
 478 002b 05       		.byte	0x5
 479 002c 696E7400 		.ascii	"int\000"
 480 0030 03       		.uleb128 0x3
 481 0031 04       		.byte	0x4
 482 0032 07       		.byte	0x7
 483 0033 62010000 		.4byte	.LASF0
 484 0037 03       		.uleb128 0x3
 485 0038 01       		.byte	0x1
 486 0039 06       		.byte	0x6
 487 003a 36010000 		.4byte	.LASF1
 488 003e 03       		.uleb128 0x3
 489 003f 01       		.byte	0x1
 490 0040 08       		.byte	0x8
 491 0041 0B010000 		.4byte	.LASF2
 492 0045 03       		.uleb128 0x3
 493 0046 02       		.byte	0x2
 494 0047 05       		.byte	0x5
 495 0048 3A000000 		.4byte	.LASF3
 496 004c 03       		.uleb128 0x3
 497 004d 02       		.byte	0x2
 498 004e 07       		.byte	0x7
 499 004f 84010000 		.4byte	.LASF4
 500 0053 04       		.uleb128 0x4
 501 0054 C5010000 		.4byte	.LASF6
 502 0058 02       		.byte	0x2
 503 0059 4F       		.byte	0x4f
ARM GAS  C:\Users\DNIEL~1\AppData\Local\Temp\ccFUISwh.s 			page 10


 504 005a 5E000000 		.4byte	0x5e
 505 005e 03       		.uleb128 0x3
 506 005f 04       		.byte	0x4
 507 0060 05       		.byte	0x5
 508 0061 DE000000 		.4byte	.LASF5
 509 0065 04       		.uleb128 0x4
 510 0066 59010000 		.4byte	.LASF7
 511 006a 02       		.byte	0x2
 512 006b 50       		.byte	0x50
 513 006c 70000000 		.4byte	0x70
 514 0070 03       		.uleb128 0x3
 515 0071 04       		.byte	0x4
 516 0072 07       		.byte	0x7
 517 0073 16020000 		.4byte	.LASF8
 518 0077 03       		.uleb128 0x3
 519 0078 08       		.byte	0x8
 520 0079 05       		.byte	0x5
 521 007a CA000000 		.4byte	.LASF9
 522 007e 03       		.uleb128 0x3
 523 007f 08       		.byte	0x8
 524 0080 07       		.byte	0x7
 525 0081 42010000 		.4byte	.LASF10
 526 0085 03       		.uleb128 0x3
 527 0086 01       		.byte	0x1
 528 0087 02       		.byte	0x2
 529 0088 7E010000 		.4byte	.LASF11
 530 008c 05       		.uleb128 0x5
 531 008d 65000000 		.4byte	0x65
 532 0091 03       		.uleb128 0x3
 533 0092 01       		.byte	0x1
 534 0093 08       		.byte	0x8
 535 0094 97010000 		.4byte	.LASF12
 536 0098 06       		.uleb128 0x6
 537 0099 65000000 		.4byte	0x65
 538 009d A8000000 		.4byte	0xa8
 539 00a1 07       		.uleb128 0x7
 540 00a2 30000000 		.4byte	0x30
 541 00a6 03       		.byte	0x3
 542 00a7 00       		.byte	0x0
 543 00a8 05       		.uleb128 0x5
 544 00a9 53000000 		.4byte	0x53
 545 00ad 08       		.uleb128 0x8
 546 00ae 04       		.byte	0x4
 547 00af 8C000000 		.4byte	0x8c
 548 00b3 09       		.uleb128 0x9
 549 00b4 60       		.byte	0x60
 550 00b5 03       		.byte	0x3
 551 00b6 9E01     		.2byte	0x19e
 552 00b8 F6010000 		.4byte	0x1f6
 553 00bc 0A       		.uleb128 0xa
 554 00bd 43523100 		.ascii	"CR1\000"
 555 00c1 03       		.byte	0x3
 556 00c2 9F01     		.2byte	0x19f
 557 00c4 8C000000 		.4byte	0x8c
 558 00c8 02       		.byte	0x2
 559 00c9 23       		.byte	0x23
 560 00ca 00       		.uleb128 0x0
ARM GAS  C:\Users\DNIEL~1\AppData\Local\Temp\ccFUISwh.s 			page 11


 561 00cb 0A       		.uleb128 0xa
 562 00cc 43523200 		.ascii	"CR2\000"
 563 00d0 03       		.byte	0x3
 564 00d1 A001     		.2byte	0x1a0
 565 00d3 8C000000 		.4byte	0x8c
 566 00d7 02       		.byte	0x2
 567 00d8 23       		.byte	0x23
 568 00d9 04       		.uleb128 0x4
 569 00da 0B       		.uleb128 0xb
 570 00db 06010000 		.4byte	.LASF13
 571 00df 03       		.byte	0x3
 572 00e0 A101     		.2byte	0x1a1
 573 00e2 8C000000 		.4byte	0x8c
 574 00e6 02       		.byte	0x2
 575 00e7 23       		.byte	0x23
 576 00e8 08       		.uleb128 0x8
 577 00e9 0B       		.uleb128 0xb
 578 00ea 6F010000 		.4byte	.LASF14
 579 00ee 03       		.byte	0x3
 580 00ef A201     		.2byte	0x1a2
 581 00f1 8C000000 		.4byte	0x8c
 582 00f5 02       		.byte	0x2
 583 00f6 23       		.byte	0x23
 584 00f7 0C       		.uleb128 0xc
 585 00f8 0A       		.uleb128 0xa
 586 00f9 535200   		.ascii	"SR\000"
 587 00fc 03       		.byte	0x3
 588 00fd A301     		.2byte	0x1a3
 589 00ff 8C000000 		.4byte	0x8c
 590 0103 02       		.byte	0x2
 591 0104 23       		.byte	0x23
 592 0105 10       		.uleb128 0x10
 593 0106 0A       		.uleb128 0xa
 594 0107 45475200 		.ascii	"EGR\000"
 595 010b 03       		.byte	0x3
 596 010c A401     		.2byte	0x1a4
 597 010e 8C000000 		.4byte	0x8c
 598 0112 02       		.byte	0x2
 599 0113 23       		.byte	0x23
 600 0114 14       		.uleb128 0x14
 601 0115 0B       		.uleb128 0xb
 602 0116 F7000000 		.4byte	.LASF15
 603 011a 03       		.byte	0x3
 604 011b A501     		.2byte	0x1a5
 605 011d 8C000000 		.4byte	0x8c
 606 0121 02       		.byte	0x2
 607 0122 23       		.byte	0x23
 608 0123 18       		.uleb128 0x18
 609 0124 0B       		.uleb128 0xb
 610 0125 2E000000 		.4byte	.LASF16
 611 0129 03       		.byte	0x3
 612 012a A601     		.2byte	0x1a6
 613 012c 8C000000 		.4byte	0x8c
 614 0130 02       		.byte	0x2
 615 0131 23       		.byte	0x23
 616 0132 1C       		.uleb128 0x1c
 617 0133 0B       		.uleb128 0xb
ARM GAS  C:\Users\DNIEL~1\AppData\Local\Temp\ccFUISwh.s 			page 12


 618 0134 08000000 		.4byte	.LASF17
 619 0138 03       		.byte	0x3
 620 0139 A701     		.2byte	0x1a7
 621 013b 8C000000 		.4byte	0x8c
 622 013f 02       		.byte	0x2
 623 0140 23       		.byte	0x23
 624 0141 20       		.uleb128 0x20
 625 0142 0A       		.uleb128 0xa
 626 0143 434E5400 		.ascii	"CNT\000"
 627 0147 03       		.byte	0x3
 628 0148 A801     		.2byte	0x1a8
 629 014a 8C000000 		.4byte	0x8c
 630 014e 02       		.byte	0x2
 631 014f 23       		.byte	0x23
 632 0150 24       		.uleb128 0x24
 633 0151 0A       		.uleb128 0xa
 634 0152 50534300 		.ascii	"PSC\000"
 635 0156 03       		.byte	0x3
 636 0157 A901     		.2byte	0x1a9
 637 0159 8C000000 		.4byte	0x8c
 638 015d 02       		.byte	0x2
 639 015e 23       		.byte	0x23
 640 015f 28       		.uleb128 0x28
 641 0160 0A       		.uleb128 0xa
 642 0161 41525200 		.ascii	"ARR\000"
 643 0165 03       		.byte	0x3
 644 0166 AA01     		.2byte	0x1aa
 645 0168 8C000000 		.4byte	0x8c
 646 016c 02       		.byte	0x2
 647 016d 23       		.byte	0x23
 648 016e 2C       		.uleb128 0x2c
 649 016f 0A       		.uleb128 0xa
 650 0170 52435200 		.ascii	"RCR\000"
 651 0174 03       		.byte	0x3
 652 0175 AB01     		.2byte	0x1ab
 653 0177 8C000000 		.4byte	0x8c
 654 017b 02       		.byte	0x2
 655 017c 23       		.byte	0x23
 656 017d 30       		.uleb128 0x30
 657 017e 0A       		.uleb128 0xa
 658 017f 43435200 		.ascii	"CCR\000"
 659 0183 03       		.byte	0x3
 660 0184 AC01     		.2byte	0x1ac
 661 0186 F6010000 		.4byte	0x1f6
 662 018a 02       		.byte	0x2
 663 018b 23       		.byte	0x23
 664 018c 34       		.uleb128 0x34
 665 018d 0B       		.uleb128 0xb
 666 018e C0010000 		.4byte	.LASF18
 667 0192 03       		.byte	0x3
 668 0193 AD01     		.2byte	0x1ad
 669 0195 8C000000 		.4byte	0x8c
 670 0199 02       		.byte	0x2
 671 019a 23       		.byte	0x23
 672 019b 44       		.uleb128 0x44
 673 019c 0A       		.uleb128 0xa
 674 019d 44435200 		.ascii	"DCR\000"
ARM GAS  C:\Users\DNIEL~1\AppData\Local\Temp\ccFUISwh.s 			page 13


 675 01a1 03       		.byte	0x3
 676 01a2 AE01     		.2byte	0x1ae
 677 01a4 8C000000 		.4byte	0x8c
 678 01a8 02       		.byte	0x2
 679 01a9 23       		.byte	0x23
 680 01aa 48       		.uleb128 0x48
 681 01ab 0B       		.uleb128 0xb
 682 01ac 23000000 		.4byte	.LASF19
 683 01b0 03       		.byte	0x3
 684 01b1 AF01     		.2byte	0x1af
 685 01b3 8C000000 		.4byte	0x8c
 686 01b7 02       		.byte	0x2
 687 01b8 23       		.byte	0x23
 688 01b9 4C       		.uleb128 0x4c
 689 01ba 0A       		.uleb128 0xa
 690 01bb 4F5200   		.ascii	"OR\000"
 691 01be 03       		.byte	0x3
 692 01bf B001     		.2byte	0x1b0
 693 01c1 8C000000 		.4byte	0x8c
 694 01c5 02       		.byte	0x2
 695 01c6 23       		.byte	0x23
 696 01c7 50       		.uleb128 0x50
 697 01c8 0B       		.uleb128 0xb
 698 01c9 34000000 		.4byte	.LASF20
 699 01cd 03       		.byte	0x3
 700 01ce B101     		.2byte	0x1b1
 701 01d0 8C000000 		.4byte	0x8c
 702 01d4 02       		.byte	0x2
 703 01d5 23       		.byte	0x23
 704 01d6 54       		.uleb128 0x54
 705 01d7 0B       		.uleb128 0xb
 706 01d8 E7000000 		.4byte	.LASF21
 707 01dc 03       		.byte	0x3
 708 01dd B201     		.2byte	0x1b2
 709 01df 8C000000 		.4byte	0x8c
 710 01e3 02       		.byte	0x2
 711 01e4 23       		.byte	0x23
 712 01e5 58       		.uleb128 0x58
 713 01e6 0B       		.uleb128 0xb
 714 01e7 EC000000 		.4byte	.LASF22
 715 01eb 03       		.byte	0x3
 716 01ec B301     		.2byte	0x1b3
 717 01ee 8C000000 		.4byte	0x8c
 718 01f2 02       		.byte	0x2
 719 01f3 23       		.byte	0x23
 720 01f4 5C       		.uleb128 0x5c
 721 01f5 00       		.byte	0x0
 722 01f6 05       		.uleb128 0x5
 723 01f7 98000000 		.4byte	0x98
 724 01fb 0C       		.uleb128 0xc
 725 01fc AA010000 		.4byte	.LASF23
 726 0200 03       		.byte	0x3
 727 0201 B401     		.2byte	0x1b4
 728 0203 B3000000 		.4byte	0xb3
 729 0207 08       		.uleb128 0x8
 730 0208 04       		.byte	0x4
 731 0209 FB010000 		.4byte	0x1fb
ARM GAS  C:\Users\DNIEL~1\AppData\Local\Temp\ccFUISwh.s 			page 14


 732 020d 0D       		.uleb128 0xd
 733 020e 01       		.byte	0x1
 734 020f 04       		.byte	0x4
 735 0210 3C       		.byte	0x3c
 736 0211 3A020000 		.4byte	0x23a
 737 0215 0E       		.uleb128 0xe
 738 0216 F5010000 		.4byte	.LASF24
 739 021a 00       		.sleb128 0
 740 021b 0E       		.uleb128 0xe
 741 021c 0D000000 		.4byte	.LASF25
 742 0220 01       		.sleb128 1
 743 0221 0E       		.uleb128 0xe
 744 0222 5F020000 		.4byte	.LASF26
 745 0226 02       		.sleb128 2
 746 0227 0E       		.uleb128 0xe
 747 0228 B1020000 		.4byte	.LASF27
 748 022c 03       		.sleb128 3
 749 022d 0E       		.uleb128 0xe
 750 022e BF000000 		.4byte	.LASF28
 751 0232 04       		.sleb128 4
 752 0233 0E       		.uleb128 0xe
 753 0234 FD000000 		.4byte	.LASF29
 754 0238 05       		.sleb128 5
 755 0239 00       		.byte	0x0
 756 023a 04       		.uleb128 0x4
 757 023b A6020000 		.4byte	.LASF30
 758 023f 04       		.byte	0x4
 759 0240 43       		.byte	0x43
 760 0241 0D020000 		.4byte	0x20d
 761 0245 04       		.uleb128 0x4
 762 0246 4B020000 		.4byte	.LASF31
 763 024a 04       		.byte	0x4
 764 024b 48       		.byte	0x48
 765 024c 50020000 		.4byte	0x250
 766 0250 0F       		.uleb128 0xf
 767 0251 4B020000 		.4byte	.LASF31
 768 0255 18       		.byte	0x18
 769 0256 05       		.byte	0x5
 770 0257 3101     		.2byte	0x131
 771 0259 B8020000 		.4byte	0x2b8
 772 025d 0B       		.uleb128 0xb
 773 025e 28000000 		.4byte	.LASF32
 774 0262 05       		.byte	0x5
 775 0263 3501     		.2byte	0x135
 776 0265 3A020000 		.4byte	0x23a
 777 0269 02       		.byte	0x2
 778 026a 23       		.byte	0x23
 779 026b 00       		.uleb128 0x0
 780 026c 0B       		.uleb128 0xb
 781 026d 8B000000 		.4byte	.LASF33
 782 0271 05       		.byte	0x5
 783 0272 3901     		.2byte	0x139
 784 0274 A5030000 		.4byte	0x3a5
 785 0278 02       		.byte	0x2
 786 0279 23       		.byte	0x23
 787 027a 04       		.uleb128 0x4
 788 027b 0B       		.uleb128 0xb
ARM GAS  C:\Users\DNIEL~1\AppData\Local\Temp\ccFUISwh.s 			page 15


 789 027c 28020000 		.4byte	.LASF34
 790 0280 05       		.byte	0x5
 791 0281 4101     		.2byte	0x141
 792 0283 65000000 		.4byte	0x65
 793 0287 02       		.byte	0x2
 794 0288 23       		.byte	0x23
 795 0289 08       		.uleb128 0x8
 796 028a 0A       		.uleb128 0xa
 797 028b 74696D00 		.ascii	"tim\000"
 798 028f 05       		.byte	0x5
 799 0290 4501     		.2byte	0x145
 800 0292 07020000 		.4byte	0x207
 801 0296 02       		.byte	0x2
 802 0297 23       		.byte	0x23
 803 0298 0C       		.uleb128 0xc
 804 0299 0B       		.uleb128 0xb
 805 029a D8000000 		.4byte	.LASF35
 806 029e 05       		.byte	0x5
 807 029f 4901     		.2byte	0x149
 808 02a1 AD000000 		.4byte	0xad
 809 02a5 02       		.byte	0x2
 810 02a6 23       		.byte	0x23
 811 02a7 10       		.uleb128 0x10
 812 02a8 0B       		.uleb128 0xb
 813 02a9 F1000000 		.4byte	.LASF36
 814 02ad 05       		.byte	0x5
 815 02ae 4D01     		.2byte	0x14d
 816 02b0 AD000000 		.4byte	0xad
 817 02b4 02       		.byte	0x2
 818 02b5 23       		.byte	0x23
 819 02b6 14       		.uleb128 0x14
 820 02b7 00       		.byte	0x0
 821 02b8 04       		.uleb128 0x4
 822 02b9 9C010000 		.4byte	.LASF37
 823 02bd 04       		.byte	0x4
 824 02be 4F       		.byte	0x4f
 825 02bf C3020000 		.4byte	0x2c3
 826 02c3 08       		.uleb128 0x8
 827 02c4 04       		.byte	0x4
 828 02c5 C9020000 		.4byte	0x2c9
 829 02c9 10       		.uleb128 0x10
 830 02ca 01       		.byte	0x1
 831 02cb D5020000 		.4byte	0x2d5
 832 02cf 11       		.uleb128 0x11
 833 02d0 D5020000 		.4byte	0x2d5
 834 02d4 00       		.byte	0x0
 835 02d5 08       		.uleb128 0x8
 836 02d6 04       		.byte	0x4
 837 02d7 45020000 		.4byte	0x245
 838 02db 0D       		.uleb128 0xd
 839 02dc 01       		.byte	0x1
 840 02dd 05       		.byte	0x5
 841 02de EE       		.byte	0xee
 842 02df F0020000 		.4byte	0x2f0
 843 02e3 0E       		.uleb128 0xe
 844 02e4 00020000 		.4byte	.LASF38
 845 02e8 00       		.sleb128 0
ARM GAS  C:\Users\DNIEL~1\AppData\Local\Temp\ccFUISwh.s 			page 16


 846 02e9 0E       		.uleb128 0xe
 847 02ea CD010000 		.4byte	.LASF39
 848 02ee 01       		.sleb128 1
 849 02ef 00       		.byte	0x0
 850 02f0 04       		.uleb128 0x4
 851 02f1 49000000 		.4byte	.LASF40
 852 02f5 05       		.byte	0x5
 853 02f6 F1       		.byte	0xf1
 854 02f7 DB020000 		.4byte	0x2db
 855 02fb 04       		.uleb128 0x4
 856 02fc 74010000 		.4byte	.LASF41
 857 0300 05       		.byte	0x5
 858 0301 F6       		.byte	0xf6
 859 0302 65000000 		.4byte	0x65
 860 0306 0D       		.uleb128 0xd
 861 0307 01       		.byte	0x1
 862 0308 05       		.byte	0x5
 863 0309 FB       		.byte	0xfb
 864 030a 1B030000 		.4byte	0x31b
 865 030e 0E       		.uleb128 0xe
 866 030f 92000000 		.4byte	.LASF42
 867 0313 00       		.sleb128 0
 868 0314 0E       		.uleb128 0xe
 869 0315 A0000000 		.4byte	.LASF43
 870 0319 01       		.sleb128 1
 871 031a 00       		.byte	0x0
 872 031b 04       		.uleb128 0x4
 873 031c 16000000 		.4byte	.LASF44
 874 0320 05       		.byte	0x5
 875 0321 FE       		.byte	0xfe
 876 0322 06030000 		.4byte	0x306
 877 0326 09       		.uleb128 0x9
 878 0327 1C       		.byte	0x1c
 879 0328 05       		.byte	0x5
 880 0329 0901     		.2byte	0x109
 881 032b 99030000 		.4byte	0x399
 882 032f 0B       		.uleb128 0xb
 883 0330 53000000 		.4byte	.LASF45
 884 0334 05       		.byte	0x5
 885 0335 0D01     		.2byte	0x10d
 886 0337 F0020000 		.4byte	0x2f0
 887 033b 02       		.byte	0x2
 888 033c 23       		.byte	0x23
 889 033d 00       		.uleb128 0x0
 890 033e 0B       		.uleb128 0xb
 891 033f 55020000 		.4byte	.LASF46
 892 0343 05       		.byte	0x5
 893 0344 1301     		.2byte	0x113
 894 0346 FB020000 		.4byte	0x2fb
 895 034a 02       		.byte	0x2
 896 034b 23       		.byte	0x23
 897 034c 04       		.uleb128 0x4
 898 034d 0B       		.uleb128 0xb
 899 034e B6000000 		.4byte	.LASF47
 900 0352 05       		.byte	0x5
 901 0353 1701     		.2byte	0x117
 902 0355 B8020000 		.4byte	0x2b8
ARM GAS  C:\Users\DNIEL~1\AppData\Local\Temp\ccFUISwh.s 			page 17


 903 0359 02       		.byte	0x2
 904 035a 23       		.byte	0x23
 905 035b 08       		.uleb128 0x8
 906 035c 0B       		.uleb128 0xb
 907 035d B6010000 		.4byte	.LASF48
 908 0361 05       		.byte	0x5
 909 0362 1B01     		.2byte	0x11b
 910 0364 B8020000 		.4byte	0x2b8
 911 0368 02       		.byte	0x2
 912 0369 23       		.byte	0x23
 913 036a 0C       		.uleb128 0xc
 914 036b 0B       		.uleb128 0xb
 915 036c 3A020000 		.4byte	.LASF49
 916 0370 05       		.byte	0x5
 917 0371 1F01     		.2byte	0x11f
 918 0373 B8020000 		.4byte	0x2b8
 919 0377 02       		.byte	0x2
 920 0378 23       		.byte	0x23
 921 0379 10       		.uleb128 0x10
 922 037a 0B       		.uleb128 0xb
 923 037b E2010000 		.4byte	.LASF50
 924 037f 05       		.byte	0x5
 925 0380 2501     		.2byte	0x125
 926 0382 1B030000 		.4byte	0x31b
 927 0386 02       		.byte	0x2
 928 0387 23       		.byte	0x23
 929 0388 14       		.uleb128 0x14
 930 0389 0B       		.uleb128 0xb
 931 038a 46020000 		.4byte	.LASF51
 932 038e 05       		.byte	0x5
 933 038f 2B01     		.2byte	0x12b
 934 0391 65000000 		.4byte	0x65
 935 0395 02       		.byte	0x2
 936 0396 23       		.byte	0x23
 937 0397 18       		.uleb128 0x18
 938 0398 00       		.byte	0x0
 939 0399 0C       		.uleb128 0xc
 940 039a 19010000 		.4byte	.LASF52
 941 039e 05       		.byte	0x5
 942 039f 2C01     		.2byte	0x12c
 943 03a1 26030000 		.4byte	0x326
 944 03a5 08       		.uleb128 0x8
 945 03a6 04       		.byte	0x4
 946 03a7 AB030000 		.4byte	0x3ab
 947 03ab 12       		.uleb128 0x12
 948 03ac 99030000 		.4byte	0x399
 949 03b0 13       		.uleb128 0x13
 950 03b1 01       		.byte	0x1
 951 03b2 AE000000 		.4byte	.LASF63
 952 03b6 01       		.byte	0x1
 953 03b7 44       		.byte	0x44
 954 03b8 01       		.byte	0x1
 955 03b9 00000000 		.4byte	.LFB118
 956 03bd 04000000 		.4byte	.LFE118
 957 03c1 02       		.byte	0x2
 958 03c2 7D       		.byte	0x7d
 959 03c3 00       		.sleb128 0
ARM GAS  C:\Users\DNIEL~1\AppData\Local\Temp\ccFUISwh.s 			page 18


 960 03c4 14       		.uleb128 0x14
 961 03c5 01       		.byte	0x1
 962 03c6 69020000 		.4byte	.LASF53
 963 03ca 01       		.byte	0x1
 964 03cb 50       		.byte	0x50
 965 03cc 01       		.byte	0x1
 966 03cd 00000000 		.4byte	.LFB119
 967 03d1 0A000000 		.4byte	.LFE119
 968 03d5 02       		.byte	0x2
 969 03d6 7D       		.byte	0x7d
 970 03d7 00       		.sleb128 0
 971 03d8 EA030000 		.4byte	0x3ea
 972 03dc 15       		.uleb128 0x15
 973 03dd 44000000 		.4byte	.LASF55
 974 03e1 01       		.byte	0x1
 975 03e2 50       		.byte	0x50
 976 03e3 D5020000 		.4byte	0x2d5
 977 03e7 01       		.byte	0x1
 978 03e8 50       		.byte	0x50
 979 03e9 00       		.byte	0x0
 980 03ea 16       		.uleb128 0x16
 981 03eb 01       		.byte	0x1
 982 03ec 23010000 		.4byte	.LASF54
 983 03f0 01       		.byte	0x1
 984 03f1 5E       		.byte	0x5e
 985 03f2 01       		.byte	0x1
 986 03f3 00000000 		.4byte	.LFB120
 987 03f7 1C000000 		.4byte	.LFE120
 988 03fb 00000000 		.4byte	.LLST0
 989 03ff 54040000 		.4byte	0x454
 990 0403 17       		.uleb128 0x17
 991 0404 44000000 		.4byte	.LASF55
 992 0408 01       		.byte	0x1
 993 0409 5E       		.byte	0x5e
 994 040a D5020000 		.4byte	0x2d5
 995 040e 20000000 		.4byte	.LLST1
 996 0412 17       		.uleb128 0x17
 997 0413 8B000000 		.4byte	.LASF33
 998 0417 01       		.byte	0x1
 999 0418 5E       		.byte	0x5e
 1000 0419 A5030000 		.4byte	0x3a5
 1001 041d 3E000000 		.4byte	.LLST2
 1002 0421 18       		.uleb128 0x18
 1003 0422 00000000 		.4byte	.Ldebug_ranges0+0x0
 1004 0426 3A040000 		.4byte	0x43a
 1005 042a 19       		.uleb128 0x19
 1006 042b 746D7000 		.ascii	"tmp\000"
 1007 042f 01       		.byte	0x1
 1008 0430 62       		.byte	0x62
 1009 0431 65000000 		.4byte	0x65
 1010 0435 51000000 		.4byte	.LLST3
 1011 0439 00       		.byte	0x0
 1012 043a 1A       		.uleb128 0x1a
 1013 043b 14000000 		.4byte	.LBB4
 1014 043f 1A000000 		.4byte	.LBE4
 1015 0443 19       		.uleb128 0x19
 1016 0444 746D7000 		.ascii	"tmp\000"
ARM GAS  C:\Users\DNIEL~1\AppData\Local\Temp\ccFUISwh.s 			page 19


 1017 0448 01       		.byte	0x1
 1018 0449 68       		.byte	0x68
 1019 044a 65000000 		.4byte	0x65
 1020 044e 64000000 		.4byte	.LLST4
 1021 0452 00       		.byte	0x0
 1022 0453 00       		.byte	0x0
 1023 0454 16       		.uleb128 0x16
 1024 0455 01       		.byte	0x1
 1025 0456 00000000 		.4byte	.LASF56
 1026 045a 01       		.byte	0x1
 1027 045b 72       		.byte	0x72
 1028 045c 01       		.byte	0x1
 1029 045d 00000000 		.4byte	.LFB121
 1030 0461 1A000000 		.4byte	.LFE121
 1031 0465 77000000 		.4byte	.LLST5
 1032 0469 AF040000 		.4byte	0x4af
 1033 046d 17       		.uleb128 0x17
 1034 046e 44000000 		.4byte	.LASF55
 1035 0472 01       		.byte	0x1
 1036 0473 72       		.byte	0x72
 1037 0474 D5020000 		.4byte	0x2d5
 1038 0478 97000000 		.4byte	.LLST6
 1039 047c 18       		.uleb128 0x18
 1040 047d 18000000 		.4byte	.Ldebug_ranges0+0x18
 1041 0481 95040000 		.4byte	0x495
 1042 0485 19       		.uleb128 0x19
 1043 0486 746D7000 		.ascii	"tmp\000"
 1044 048a 01       		.byte	0x1
 1045 048b 76       		.byte	0x76
 1046 048c 65000000 		.4byte	0x65
 1047 0490 B5000000 		.4byte	.LLST7
 1048 0494 00       		.byte	0x0
 1049 0495 1A       		.uleb128 0x1a
 1050 0496 12000000 		.4byte	.LBB7
 1051 049a 18000000 		.4byte	.LBE7
 1052 049e 19       		.uleb128 0x19
 1053 049f 746D7000 		.ascii	"tmp\000"
 1054 04a3 01       		.byte	0x1
 1055 04a4 7B       		.byte	0x7b
 1056 04a5 65000000 		.4byte	0x65
 1057 04a9 C8000000 		.4byte	.LLST8
 1058 04ad 00       		.byte	0x0
 1059 04ae 00       		.byte	0x0
 1060 04af 16       		.uleb128 0x16
 1061 04b0 01       		.byte	0x1
 1062 04b1 2C010000 		.4byte	.LASF57
 1063 04b5 01       		.byte	0x1
 1064 04b6 85       		.byte	0x85
 1065 04b7 01       		.byte	0x1
 1066 04b8 00000000 		.4byte	.LFB122
 1067 04bc 1A000000 		.4byte	.LFE122
 1068 04c0 DB000000 		.4byte	.LLST9
 1069 04c4 0A050000 		.4byte	0x50a
 1070 04c8 17       		.uleb128 0x17
 1071 04c9 44000000 		.4byte	.LASF55
 1072 04cd 01       		.byte	0x1
 1073 04ce 85       		.byte	0x85
ARM GAS  C:\Users\DNIEL~1\AppData\Local\Temp\ccFUISwh.s 			page 20


 1074 04cf D5020000 		.4byte	0x2d5
 1075 04d3 FB000000 		.4byte	.LLST10
 1076 04d7 18       		.uleb128 0x18
 1077 04d8 30000000 		.4byte	.Ldebug_ranges0+0x30
 1078 04dc F0040000 		.4byte	0x4f0
 1079 04e0 19       		.uleb128 0x19
 1080 04e1 746D7000 		.ascii	"tmp\000"
 1081 04e5 01       		.byte	0x1
 1082 04e6 89       		.byte	0x89
 1083 04e7 65000000 		.4byte	0x65
 1084 04eb 19010000 		.4byte	.LLST11
 1085 04ef 00       		.byte	0x0
 1086 04f0 1A       		.uleb128 0x1a
 1087 04f1 12000000 		.4byte	.LBB10
 1088 04f5 18000000 		.4byte	.LBE10
 1089 04f9 19       		.uleb128 0x19
 1090 04fa 746D7000 		.ascii	"tmp\000"
 1091 04fe 01       		.byte	0x1
 1092 04ff 8D       		.byte	0x8d
 1093 0500 65000000 		.4byte	0x65
 1094 0504 2C010000 		.4byte	.LLST12
 1095 0508 00       		.byte	0x0
 1096 0509 00       		.byte	0x0
 1097 050a 16       		.uleb128 0x16
 1098 050b 01       		.byte	0x1
 1099 050c EA010000 		.4byte	.LASF58
 1100 0510 01       		.byte	0x1
 1101 0511 97       		.byte	0x97
 1102 0512 01       		.byte	0x1
 1103 0513 00000000 		.4byte	.LFB123
 1104 0517 1A000000 		.4byte	.LFE123
 1105 051b 3F010000 		.4byte	.LLST13
 1106 051f 65050000 		.4byte	0x565
 1107 0523 17       		.uleb128 0x17
 1108 0524 44000000 		.4byte	.LASF55
 1109 0528 01       		.byte	0x1
 1110 0529 97       		.byte	0x97
 1111 052a D5020000 		.4byte	0x2d5
 1112 052e 5F010000 		.4byte	.LLST14
 1113 0532 18       		.uleb128 0x18
 1114 0533 48000000 		.4byte	.Ldebug_ranges0+0x48
 1115 0537 4B050000 		.4byte	0x54b
 1116 053b 19       		.uleb128 0x19
 1117 053c 746D7000 		.ascii	"tmp\000"
 1118 0540 01       		.byte	0x1
 1119 0541 9B       		.byte	0x9b
 1120 0542 65000000 		.4byte	0x65
 1121 0546 7D010000 		.4byte	.LLST15
 1122 054a 00       		.byte	0x0
 1123 054b 1A       		.uleb128 0x1a
 1124 054c 12000000 		.4byte	.LBB13
 1125 0550 18000000 		.4byte	.LBE13
 1126 0554 19       		.uleb128 0x19
 1127 0555 746D7000 		.ascii	"tmp\000"
 1128 0559 01       		.byte	0x1
 1129 055a A1       		.byte	0xa1
 1130 055b 65000000 		.4byte	0x65
ARM GAS  C:\Users\DNIEL~1\AppData\Local\Temp\ccFUISwh.s 			page 21


 1131 055f 90010000 		.4byte	.LLST16
 1132 0563 00       		.byte	0x0
 1133 0564 00       		.byte	0x0
 1134 0565 1B       		.uleb128 0x1b
 1135 0566 77020000 		.4byte	.LASF59
 1136 056a 06       		.byte	0x6
 1137 056b 9806     		.2byte	0x698
 1138 056d A8000000 		.4byte	0xa8
 1139 0571 01       		.byte	0x1
 1140 0572 01       		.byte	0x1
 1141 0573 1B       		.uleb128 0x1b
 1142 0574 77020000 		.4byte	.LASF59
 1143 0578 06       		.byte	0x6
 1144 0579 9806     		.2byte	0x698
 1145 057b A8000000 		.4byte	0xa8
 1146 057f 01       		.byte	0x1
 1147 0580 01       		.byte	0x1
 1148 0581 00       		.byte	0x0
 1149              		.section	.debug_abbrev
 1150 0000 01       		.uleb128 0x1
 1151 0001 11       		.uleb128 0x11
 1152 0002 01       		.byte	0x1
 1153 0003 25       		.uleb128 0x25
 1154 0004 0E       		.uleb128 0xe
 1155 0005 13       		.uleb128 0x13
 1156 0006 0B       		.uleb128 0xb
 1157 0007 03       		.uleb128 0x3
 1158 0008 0E       		.uleb128 0xe
 1159 0009 1B       		.uleb128 0x1b
 1160 000a 0E       		.uleb128 0xe
 1161 000b 11       		.uleb128 0x11
 1162 000c 01       		.uleb128 0x1
 1163 000d 52       		.uleb128 0x52
 1164 000e 01       		.uleb128 0x1
 1165 000f 55       		.uleb128 0x55
 1166 0010 06       		.uleb128 0x6
 1167 0011 10       		.uleb128 0x10
 1168 0012 06       		.uleb128 0x6
 1169 0013 00       		.byte	0x0
 1170 0014 00       		.byte	0x0
 1171 0015 02       		.uleb128 0x2
 1172 0016 24       		.uleb128 0x24
 1173 0017 00       		.byte	0x0
 1174 0018 0B       		.uleb128 0xb
 1175 0019 0B       		.uleb128 0xb
 1176 001a 3E       		.uleb128 0x3e
 1177 001b 0B       		.uleb128 0xb
 1178 001c 03       		.uleb128 0x3
 1179 001d 08       		.uleb128 0x8
 1180 001e 00       		.byte	0x0
 1181 001f 00       		.byte	0x0
 1182 0020 03       		.uleb128 0x3
 1183 0021 24       		.uleb128 0x24
 1184 0022 00       		.byte	0x0
 1185 0023 0B       		.uleb128 0xb
 1186 0024 0B       		.uleb128 0xb
 1187 0025 3E       		.uleb128 0x3e
ARM GAS  C:\Users\DNIEL~1\AppData\Local\Temp\ccFUISwh.s 			page 22


 1188 0026 0B       		.uleb128 0xb
 1189 0027 03       		.uleb128 0x3
 1190 0028 0E       		.uleb128 0xe
 1191 0029 00       		.byte	0x0
 1192 002a 00       		.byte	0x0
 1193 002b 04       		.uleb128 0x4
 1194 002c 16       		.uleb128 0x16
 1195 002d 00       		.byte	0x0
 1196 002e 03       		.uleb128 0x3
 1197 002f 0E       		.uleb128 0xe
 1198 0030 3A       		.uleb128 0x3a
 1199 0031 0B       		.uleb128 0xb
 1200 0032 3B       		.uleb128 0x3b
 1201 0033 0B       		.uleb128 0xb
 1202 0034 49       		.uleb128 0x49
 1203 0035 13       		.uleb128 0x13
 1204 0036 00       		.byte	0x0
 1205 0037 00       		.byte	0x0
 1206 0038 05       		.uleb128 0x5
 1207 0039 35       		.uleb128 0x35
 1208 003a 00       		.byte	0x0
 1209 003b 49       		.uleb128 0x49
 1210 003c 13       		.uleb128 0x13
 1211 003d 00       		.byte	0x0
 1212 003e 00       		.byte	0x0
 1213 003f 06       		.uleb128 0x6
 1214 0040 01       		.uleb128 0x1
 1215 0041 01       		.byte	0x1
 1216 0042 49       		.uleb128 0x49
 1217 0043 13       		.uleb128 0x13
 1218 0044 01       		.uleb128 0x1
 1219 0045 13       		.uleb128 0x13
 1220 0046 00       		.byte	0x0
 1221 0047 00       		.byte	0x0
 1222 0048 07       		.uleb128 0x7
 1223 0049 21       		.uleb128 0x21
 1224 004a 00       		.byte	0x0
 1225 004b 49       		.uleb128 0x49
 1226 004c 13       		.uleb128 0x13
 1227 004d 2F       		.uleb128 0x2f
 1228 004e 0B       		.uleb128 0xb
 1229 004f 00       		.byte	0x0
 1230 0050 00       		.byte	0x0
 1231 0051 08       		.uleb128 0x8
 1232 0052 0F       		.uleb128 0xf
 1233 0053 00       		.byte	0x0
 1234 0054 0B       		.uleb128 0xb
 1235 0055 0B       		.uleb128 0xb
 1236 0056 49       		.uleb128 0x49
 1237 0057 13       		.uleb128 0x13
 1238 0058 00       		.byte	0x0
 1239 0059 00       		.byte	0x0
 1240 005a 09       		.uleb128 0x9
 1241 005b 13       		.uleb128 0x13
 1242 005c 01       		.byte	0x1
 1243 005d 0B       		.uleb128 0xb
 1244 005e 0B       		.uleb128 0xb
ARM GAS  C:\Users\DNIEL~1\AppData\Local\Temp\ccFUISwh.s 			page 23


 1245 005f 3A       		.uleb128 0x3a
 1246 0060 0B       		.uleb128 0xb
 1247 0061 3B       		.uleb128 0x3b
 1248 0062 05       		.uleb128 0x5
 1249 0063 01       		.uleb128 0x1
 1250 0064 13       		.uleb128 0x13
 1251 0065 00       		.byte	0x0
 1252 0066 00       		.byte	0x0
 1253 0067 0A       		.uleb128 0xa
 1254 0068 0D       		.uleb128 0xd
 1255 0069 00       		.byte	0x0
 1256 006a 03       		.uleb128 0x3
 1257 006b 08       		.uleb128 0x8
 1258 006c 3A       		.uleb128 0x3a
 1259 006d 0B       		.uleb128 0xb
 1260 006e 3B       		.uleb128 0x3b
 1261 006f 05       		.uleb128 0x5
 1262 0070 49       		.uleb128 0x49
 1263 0071 13       		.uleb128 0x13
 1264 0072 38       		.uleb128 0x38
 1265 0073 0A       		.uleb128 0xa
 1266 0074 00       		.byte	0x0
 1267 0075 00       		.byte	0x0
 1268 0076 0B       		.uleb128 0xb
 1269 0077 0D       		.uleb128 0xd
 1270 0078 00       		.byte	0x0
 1271 0079 03       		.uleb128 0x3
 1272 007a 0E       		.uleb128 0xe
 1273 007b 3A       		.uleb128 0x3a
 1274 007c 0B       		.uleb128 0xb
 1275 007d 3B       		.uleb128 0x3b
 1276 007e 05       		.uleb128 0x5
 1277 007f 49       		.uleb128 0x49
 1278 0080 13       		.uleb128 0x13
 1279 0081 38       		.uleb128 0x38
 1280 0082 0A       		.uleb128 0xa
 1281 0083 00       		.byte	0x0
 1282 0084 00       		.byte	0x0
 1283 0085 0C       		.uleb128 0xc
 1284 0086 16       		.uleb128 0x16
 1285 0087 00       		.byte	0x0
 1286 0088 03       		.uleb128 0x3
 1287 0089 0E       		.uleb128 0xe
 1288 008a 3A       		.uleb128 0x3a
 1289 008b 0B       		.uleb128 0xb
 1290 008c 3B       		.uleb128 0x3b
 1291 008d 05       		.uleb128 0x5
 1292 008e 49       		.uleb128 0x49
 1293 008f 13       		.uleb128 0x13
 1294 0090 00       		.byte	0x0
 1295 0091 00       		.byte	0x0
 1296 0092 0D       		.uleb128 0xd
 1297 0093 04       		.uleb128 0x4
 1298 0094 01       		.byte	0x1
 1299 0095 0B       		.uleb128 0xb
 1300 0096 0B       		.uleb128 0xb
 1301 0097 3A       		.uleb128 0x3a
ARM GAS  C:\Users\DNIEL~1\AppData\Local\Temp\ccFUISwh.s 			page 24


 1302 0098 0B       		.uleb128 0xb
 1303 0099 3B       		.uleb128 0x3b
 1304 009a 0B       		.uleb128 0xb
 1305 009b 01       		.uleb128 0x1
 1306 009c 13       		.uleb128 0x13
 1307 009d 00       		.byte	0x0
 1308 009e 00       		.byte	0x0
 1309 009f 0E       		.uleb128 0xe
 1310 00a0 28       		.uleb128 0x28
 1311 00a1 00       		.byte	0x0
 1312 00a2 03       		.uleb128 0x3
 1313 00a3 0E       		.uleb128 0xe
 1314 00a4 1C       		.uleb128 0x1c
 1315 00a5 0D       		.uleb128 0xd
 1316 00a6 00       		.byte	0x0
 1317 00a7 00       		.byte	0x0
 1318 00a8 0F       		.uleb128 0xf
 1319 00a9 13       		.uleb128 0x13
 1320 00aa 01       		.byte	0x1
 1321 00ab 03       		.uleb128 0x3
 1322 00ac 0E       		.uleb128 0xe
 1323 00ad 0B       		.uleb128 0xb
 1324 00ae 0B       		.uleb128 0xb
 1325 00af 3A       		.uleb128 0x3a
 1326 00b0 0B       		.uleb128 0xb
 1327 00b1 3B       		.uleb128 0x3b
 1328 00b2 05       		.uleb128 0x5
 1329 00b3 01       		.uleb128 0x1
 1330 00b4 13       		.uleb128 0x13
 1331 00b5 00       		.byte	0x0
 1332 00b6 00       		.byte	0x0
 1333 00b7 10       		.uleb128 0x10
 1334 00b8 15       		.uleb128 0x15
 1335 00b9 01       		.byte	0x1
 1336 00ba 27       		.uleb128 0x27
 1337 00bb 0C       		.uleb128 0xc
 1338 00bc 01       		.uleb128 0x1
 1339 00bd 13       		.uleb128 0x13
 1340 00be 00       		.byte	0x0
 1341 00bf 00       		.byte	0x0
 1342 00c0 11       		.uleb128 0x11
 1343 00c1 05       		.uleb128 0x5
 1344 00c2 00       		.byte	0x0
 1345 00c3 49       		.uleb128 0x49
 1346 00c4 13       		.uleb128 0x13
 1347 00c5 00       		.byte	0x0
 1348 00c6 00       		.byte	0x0
 1349 00c7 12       		.uleb128 0x12
 1350 00c8 26       		.uleb128 0x26
 1351 00c9 00       		.byte	0x0
 1352 00ca 49       		.uleb128 0x49
 1353 00cb 13       		.uleb128 0x13
 1354 00cc 00       		.byte	0x0
 1355 00cd 00       		.byte	0x0
 1356 00ce 13       		.uleb128 0x13
 1357 00cf 2E       		.uleb128 0x2e
 1358 00d0 00       		.byte	0x0
ARM GAS  C:\Users\DNIEL~1\AppData\Local\Temp\ccFUISwh.s 			page 25


 1359 00d1 3F       		.uleb128 0x3f
 1360 00d2 0C       		.uleb128 0xc
 1361 00d3 03       		.uleb128 0x3
 1362 00d4 0E       		.uleb128 0xe
 1363 00d5 3A       		.uleb128 0x3a
 1364 00d6 0B       		.uleb128 0xb
 1365 00d7 3B       		.uleb128 0x3b
 1366 00d8 0B       		.uleb128 0xb
 1367 00d9 27       		.uleb128 0x27
 1368 00da 0C       		.uleb128 0xc
 1369 00db 11       		.uleb128 0x11
 1370 00dc 01       		.uleb128 0x1
 1371 00dd 12       		.uleb128 0x12
 1372 00de 01       		.uleb128 0x1
 1373 00df 40       		.uleb128 0x40
 1374 00e0 0A       		.uleb128 0xa
 1375 00e1 00       		.byte	0x0
 1376 00e2 00       		.byte	0x0
 1377 00e3 14       		.uleb128 0x14
 1378 00e4 2E       		.uleb128 0x2e
 1379 00e5 01       		.byte	0x1
 1380 00e6 3F       		.uleb128 0x3f
 1381 00e7 0C       		.uleb128 0xc
 1382 00e8 03       		.uleb128 0x3
 1383 00e9 0E       		.uleb128 0xe
 1384 00ea 3A       		.uleb128 0x3a
 1385 00eb 0B       		.uleb128 0xb
 1386 00ec 3B       		.uleb128 0x3b
 1387 00ed 0B       		.uleb128 0xb
 1388 00ee 27       		.uleb128 0x27
 1389 00ef 0C       		.uleb128 0xc
 1390 00f0 11       		.uleb128 0x11
 1391 00f1 01       		.uleb128 0x1
 1392 00f2 12       		.uleb128 0x12
 1393 00f3 01       		.uleb128 0x1
 1394 00f4 40       		.uleb128 0x40
 1395 00f5 0A       		.uleb128 0xa
 1396 00f6 01       		.uleb128 0x1
 1397 00f7 13       		.uleb128 0x13
 1398 00f8 00       		.byte	0x0
 1399 00f9 00       		.byte	0x0
 1400 00fa 15       		.uleb128 0x15
 1401 00fb 05       		.uleb128 0x5
 1402 00fc 00       		.byte	0x0
 1403 00fd 03       		.uleb128 0x3
 1404 00fe 0E       		.uleb128 0xe
 1405 00ff 3A       		.uleb128 0x3a
 1406 0100 0B       		.uleb128 0xb
 1407 0101 3B       		.uleb128 0x3b
 1408 0102 0B       		.uleb128 0xb
 1409 0103 49       		.uleb128 0x49
 1410 0104 13       		.uleb128 0x13
 1411 0105 02       		.uleb128 0x2
 1412 0106 0A       		.uleb128 0xa
 1413 0107 00       		.byte	0x0
 1414 0108 00       		.byte	0x0
 1415 0109 16       		.uleb128 0x16
ARM GAS  C:\Users\DNIEL~1\AppData\Local\Temp\ccFUISwh.s 			page 26


 1416 010a 2E       		.uleb128 0x2e
 1417 010b 01       		.byte	0x1
 1418 010c 3F       		.uleb128 0x3f
 1419 010d 0C       		.uleb128 0xc
 1420 010e 03       		.uleb128 0x3
 1421 010f 0E       		.uleb128 0xe
 1422 0110 3A       		.uleb128 0x3a
 1423 0111 0B       		.uleb128 0xb
 1424 0112 3B       		.uleb128 0x3b
 1425 0113 0B       		.uleb128 0xb
 1426 0114 27       		.uleb128 0x27
 1427 0115 0C       		.uleb128 0xc
 1428 0116 11       		.uleb128 0x11
 1429 0117 01       		.uleb128 0x1
 1430 0118 12       		.uleb128 0x12
 1431 0119 01       		.uleb128 0x1
 1432 011a 40       		.uleb128 0x40
 1433 011b 06       		.uleb128 0x6
 1434 011c 01       		.uleb128 0x1
 1435 011d 13       		.uleb128 0x13
 1436 011e 00       		.byte	0x0
 1437 011f 00       		.byte	0x0
 1438 0120 17       		.uleb128 0x17
 1439 0121 05       		.uleb128 0x5
 1440 0122 00       		.byte	0x0
 1441 0123 03       		.uleb128 0x3
 1442 0124 0E       		.uleb128 0xe
 1443 0125 3A       		.uleb128 0x3a
 1444 0126 0B       		.uleb128 0xb
 1445 0127 3B       		.uleb128 0x3b
 1446 0128 0B       		.uleb128 0xb
 1447 0129 49       		.uleb128 0x49
 1448 012a 13       		.uleb128 0x13
 1449 012b 02       		.uleb128 0x2
 1450 012c 06       		.uleb128 0x6
 1451 012d 00       		.byte	0x0
 1452 012e 00       		.byte	0x0
 1453 012f 18       		.uleb128 0x18
 1454 0130 0B       		.uleb128 0xb
 1455 0131 01       		.byte	0x1
 1456 0132 55       		.uleb128 0x55
 1457 0133 06       		.uleb128 0x6
 1458 0134 01       		.uleb128 0x1
 1459 0135 13       		.uleb128 0x13
 1460 0136 00       		.byte	0x0
 1461 0137 00       		.byte	0x0
 1462 0138 19       		.uleb128 0x19
 1463 0139 34       		.uleb128 0x34
 1464 013a 00       		.byte	0x0
 1465 013b 03       		.uleb128 0x3
 1466 013c 08       		.uleb128 0x8
 1467 013d 3A       		.uleb128 0x3a
 1468 013e 0B       		.uleb128 0xb
 1469 013f 3B       		.uleb128 0x3b
 1470 0140 0B       		.uleb128 0xb
 1471 0141 49       		.uleb128 0x49
 1472 0142 13       		.uleb128 0x13
ARM GAS  C:\Users\DNIEL~1\AppData\Local\Temp\ccFUISwh.s 			page 27


 1473 0143 02       		.uleb128 0x2
 1474 0144 06       		.uleb128 0x6
 1475 0145 00       		.byte	0x0
 1476 0146 00       		.byte	0x0
 1477 0147 1A       		.uleb128 0x1a
 1478 0148 0B       		.uleb128 0xb
 1479 0149 01       		.byte	0x1
 1480 014a 11       		.uleb128 0x11
 1481 014b 01       		.uleb128 0x1
 1482 014c 12       		.uleb128 0x12
 1483 014d 01       		.uleb128 0x1
 1484 014e 00       		.byte	0x0
 1485 014f 00       		.byte	0x0
 1486 0150 1B       		.uleb128 0x1b
 1487 0151 34       		.uleb128 0x34
 1488 0152 00       		.byte	0x0
 1489 0153 03       		.uleb128 0x3
 1490 0154 0E       		.uleb128 0xe
 1491 0155 3A       		.uleb128 0x3a
 1492 0156 0B       		.uleb128 0xb
 1493 0157 3B       		.uleb128 0x3b
 1494 0158 05       		.uleb128 0x5
 1495 0159 49       		.uleb128 0x49
 1496 015a 13       		.uleb128 0x13
 1497 015b 3F       		.uleb128 0x3f
 1498 015c 0C       		.uleb128 0xc
 1499 015d 3C       		.uleb128 0x3c
 1500 015e 0C       		.uleb128 0xc
 1501 015f 00       		.byte	0x0
 1502 0160 00       		.byte	0x0
 1503 0161 00       		.byte	0x0
 1504              		.section	.debug_pubnames,"",%progbits
 1505 0000 62000000 		.4byte	0x62
 1506 0004 0200     		.2byte	0x2
 1507 0006 00000000 		.4byte	.Ldebug_info0
 1508 000a 82050000 		.4byte	0x582
 1509 000e B0030000 		.4byte	0x3b0
 1510 0012 69637549 		.ascii	"icuInit\000"
 1510      6E697400 
 1511 001a C4030000 		.4byte	0x3c4
 1512 001e 6963754F 		.ascii	"icuObjectInit\000"
 1512      626A6563 
 1512      74496E69 
 1512      7400
 1513 002c EA030000 		.4byte	0x3ea
 1514 0030 69637553 		.ascii	"icuStart\000"
 1514      74617274 
 1514      00
 1515 0039 54040000 		.4byte	0x454
 1516 003d 69637553 		.ascii	"icuStop\000"
 1516      746F7000 
 1517 0045 AF040000 		.4byte	0x4af
 1518 0049 69637545 		.ascii	"icuEnable\000"
 1518      6E61626C 
 1518      6500
 1519 0053 0A050000 		.4byte	0x50a
 1520 0057 69637544 		.ascii	"icuDisable\000"
ARM GAS  C:\Users\DNIEL~1\AppData\Local\Temp\ccFUISwh.s 			page 28


 1520      69736162 
 1520      6C6500
 1521 0062 00000000 		.4byte	0x0
 1522              		.section	.debug_pubtypes,"",%progbits
 1523 0000 AF000000 		.4byte	0xaf
 1524 0004 0200     		.2byte	0x2
 1525 0006 00000000 		.4byte	.Ldebug_info0
 1526 000a 82050000 		.4byte	0x582
 1527 000e 53000000 		.4byte	0x53
 1528 0012 696E7433 		.ascii	"int32_t\000"
 1528      325F7400 
 1529 001a 65000000 		.4byte	0x65
 1530 001e 75696E74 		.ascii	"uint32_t\000"
 1530      33325F74 
 1530      00
 1531 0027 FB010000 		.4byte	0x1fb
 1532 002b 73746D33 		.ascii	"stm32_tim_t\000"
 1532      325F7469 
 1532      6D5F7400 
 1533 0037 3A020000 		.4byte	0x23a
 1534 003b 69637573 		.ascii	"icustate_t\000"
 1534      74617465 
 1534      5F7400
 1535 0046 45020000 		.4byte	0x245
 1536 004a 49435544 		.ascii	"ICUDriver\000"
 1536      72697665 
 1536      7200
 1537 0054 B8020000 		.4byte	0x2b8
 1538 0058 69637563 		.ascii	"icucallback_t\000"
 1538      616C6C62 
 1538      61636B5F 
 1538      7400
 1539 0066 F0020000 		.4byte	0x2f0
 1540 006a 6963756D 		.ascii	"icumode_t\000"
 1540      6F64655F 
 1540      7400
 1541 0074 FB020000 		.4byte	0x2fb
 1542 0078 69637566 		.ascii	"icufreq_t\000"
 1542      7265715F 
 1542      7400
 1543 0082 1B030000 		.4byte	0x31b
 1544 0086 69637563 		.ascii	"icuchannel_t\000"
 1544      68616E6E 
 1544      656C5F74 
 1544      00
 1545 0093 99030000 		.4byte	0x399
 1546 0097 49435543 		.ascii	"ICUConfig\000"
 1546      6F6E6669 
 1546      6700
 1547 00a1 50020000 		.4byte	0x250
 1548 00a5 49435544 		.ascii	"ICUDriver\000"
 1548      72697665 
 1548      7200
 1549 00af 00000000 		.4byte	0x0
 1550              		.section	.debug_aranges,"",%progbits
 1551 0000 44000000 		.4byte	0x44
 1552 0004 0200     		.2byte	0x2
ARM GAS  C:\Users\DNIEL~1\AppData\Local\Temp\ccFUISwh.s 			page 29


 1553 0006 00000000 		.4byte	.Ldebug_info0
 1554 000a 04       		.byte	0x4
 1555 000b 00       		.byte	0x0
 1556 000c 0000     		.2byte	0x0
 1557 000e 0000     		.2byte	0x0
 1558 0010 00000000 		.4byte	.LFB118
 1559 0014 04000000 		.4byte	.LFE118-.LFB118
 1560 0018 00000000 		.4byte	.LFB119
 1561 001c 0A000000 		.4byte	.LFE119-.LFB119
 1562 0020 00000000 		.4byte	.LFB120
 1563 0024 1C000000 		.4byte	.LFE120-.LFB120
 1564 0028 00000000 		.4byte	.LFB121
 1565 002c 1A000000 		.4byte	.LFE121-.LFB121
 1566 0030 00000000 		.4byte	.LFB122
 1567 0034 1A000000 		.4byte	.LFE122-.LFB122
 1568 0038 00000000 		.4byte	.LFB123
 1569 003c 1A000000 		.4byte	.LFE123-.LFB123
 1570 0040 00000000 		.4byte	0x0
 1571 0044 00000000 		.4byte	0x0
 1572              		.section	.debug_ranges,"",%progbits
 1573              	.Ldebug_ranges0:
 1574 0000 02000000 		.4byte	.LBB2
 1575 0004 04000000 		.4byte	.LBE2
 1576 0008 06000000 		.4byte	.LBB3
 1577 000c 0A000000 		.4byte	.LBE3
 1578 0010 00000000 		.4byte	0x0
 1579 0014 00000000 		.4byte	0x0
 1580 0018 02000000 		.4byte	.LBB5
 1581 001c 04000000 		.4byte	.LBE5
 1582 0020 06000000 		.4byte	.LBB6
 1583 0024 0A000000 		.4byte	.LBE6
 1584 0028 00000000 		.4byte	0x0
 1585 002c 00000000 		.4byte	0x0
 1586 0030 02000000 		.4byte	.LBB8
 1587 0034 04000000 		.4byte	.LBE8
 1588 0038 06000000 		.4byte	.LBB9
 1589 003c 0A000000 		.4byte	.LBE9
 1590 0040 00000000 		.4byte	0x0
 1591 0044 00000000 		.4byte	0x0
 1592 0048 02000000 		.4byte	.LBB11
 1593 004c 04000000 		.4byte	.LBE11
 1594 0050 06000000 		.4byte	.LBB12
 1595 0054 0A000000 		.4byte	.LBE12
 1596 0058 00000000 		.4byte	0x0
 1597 005c 00000000 		.4byte	0x0
 1598 0060 00000000 		.4byte	.LFB118
 1599 0064 04000000 		.4byte	.LFE118
 1600 0068 00000000 		.4byte	.LFB119
 1601 006c 0A000000 		.4byte	.LFE119
 1602 0070 00000000 		.4byte	.LFB120
 1603 0074 1C000000 		.4byte	.LFE120
 1604 0078 00000000 		.4byte	.LFB121
 1605 007c 1A000000 		.4byte	.LFE121
 1606 0080 00000000 		.4byte	.LFB122
 1607 0084 1A000000 		.4byte	.LFE122
 1608 0088 00000000 		.4byte	.LFB123
 1609 008c 1A000000 		.4byte	.LFE123
ARM GAS  C:\Users\DNIEL~1\AppData\Local\Temp\ccFUISwh.s 			page 30


 1610 0090 00000000 		.4byte	0x0
 1611 0094 00000000 		.4byte	0x0
 1612              		.section	.debug_str,"MS",%progbits,1
 1613              	.LASF56:
 1614 0000 69637553 		.ascii	"icuStop\000"
 1614      746F7000 
 1615              	.LASF17:
 1616 0008 43434552 		.ascii	"CCER\000"
 1616      00
 1617              	.LASF25:
 1618 000d 4943555F 		.ascii	"ICU_STOP\000"
 1618      53544F50 
 1618      00
 1619              	.LASF44:
 1620 0016 69637563 		.ascii	"icuchannel_t\000"
 1620      68616E6E 
 1620      656C5F74 
 1620      00
 1621              	.LASF19:
 1622 0023 444D4152 		.ascii	"DMAR\000"
 1622      00
 1623              	.LASF32:
 1624 0028 73746174 		.ascii	"state\000"
 1624      6500
 1625              	.LASF16:
 1626 002e 43434D52 		.ascii	"CCMR2\000"
 1626      3200
 1627              	.LASF20:
 1628 0034 43434D52 		.ascii	"CCMR3\000"
 1628      3300
 1629              	.LASF3:
 1630 003a 73686F72 		.ascii	"short int\000"
 1630      7420696E 
 1630      7400
 1631              	.LASF55:
 1632 0044 69637570 		.ascii	"icup\000"
 1632      00
 1633              	.LASF40:
 1634 0049 6963756D 		.ascii	"icumode_t\000"
 1634      6F64655F 
 1634      7400
 1635              	.LASF45:
 1636 0053 6D6F6465 		.ascii	"mode\000"
 1636      00
 1637              	.LASF62:
 1638 0058 433A5C44 		.ascii	"C:\\Dani\\MegaLux\\Repo\\Smarty\\Smarty\\smarty\\fi"
 1638      616E695C 
 1638      4D656761 
 1638      4C75785C 
 1638      5265706F 
 1639 0084 726D7761 		.ascii	"rmware\000"
 1639      726500
 1640              	.LASF33:
 1641 008b 636F6E66 		.ascii	"config\000"
 1641      696700
 1642              	.LASF42:
 1643 0092 4943555F 		.ascii	"ICU_CHANNEL_1\000"
ARM GAS  C:\Users\DNIEL~1\AppData\Local\Temp\ccFUISwh.s 			page 31


 1643      4348414E 
 1643      4E454C5F 
 1643      3100
 1644              	.LASF43:
 1645 00a0 4943555F 		.ascii	"ICU_CHANNEL_2\000"
 1645      4348414E 
 1645      4E454C5F 
 1645      3200
 1646              	.LASF63:
 1647 00ae 69637549 		.ascii	"icuInit\000"
 1647      6E697400 
 1648              	.LASF47:
 1649 00b6 77696474 		.ascii	"width_cb\000"
 1649      685F6362 
 1649      00
 1650              	.LASF28:
 1651 00bf 4943555F 		.ascii	"ICU_ACTIVE\000"
 1651      41435449 
 1651      564500
 1652              	.LASF9:
 1653 00ca 6C6F6E67 		.ascii	"long long int\000"
 1653      206C6F6E 
 1653      6720696E 
 1653      7400
 1654              	.LASF35:
 1655 00d8 77636372 		.ascii	"wccrp\000"
 1655      7000
 1656              	.LASF5:
 1657 00de 6C6F6E67 		.ascii	"long int\000"
 1657      20696E74 
 1657      00
 1658              	.LASF21:
 1659 00e7 43435235 		.ascii	"CCR5\000"
 1659      00
 1660              	.LASF22:
 1661 00ec 43435236 		.ascii	"CCR6\000"
 1661      00
 1662              	.LASF36:
 1663 00f1 70636372 		.ascii	"pccrp\000"
 1663      7000
 1664              	.LASF15:
 1665 00f7 43434D52 		.ascii	"CCMR1\000"
 1665      3100
 1666              	.LASF29:
 1667 00fd 4943555F 		.ascii	"ICU_IDLE\000"
 1667      49444C45 
 1667      00
 1668              	.LASF13:
 1669 0106 534D4352 		.ascii	"SMCR\000"
 1669      00
 1670              	.LASF2:
 1671 010b 756E7369 		.ascii	"unsigned char\000"
 1671      676E6564 
 1671      20636861 
 1671      7200
 1672              	.LASF52:
 1673 0119 49435543 		.ascii	"ICUConfig\000"
ARM GAS  C:\Users\DNIEL~1\AppData\Local\Temp\ccFUISwh.s 			page 32


 1673      6F6E6669 
 1673      6700
 1674              	.LASF54:
 1675 0123 69637553 		.ascii	"icuStart\000"
 1675      74617274 
 1675      00
 1676              	.LASF57:
 1677 012c 69637545 		.ascii	"icuEnable\000"
 1677      6E61626C 
 1677      6500
 1678              	.LASF1:
 1679 0136 7369676E 		.ascii	"signed char\000"
 1679      65642063 
 1679      68617200 
 1680              	.LASF10:
 1681 0142 6C6F6E67 		.ascii	"long long unsigned int\000"
 1681      206C6F6E 
 1681      6720756E 
 1681      7369676E 
 1681      65642069 
 1682              	.LASF7:
 1683 0159 75696E74 		.ascii	"uint32_t\000"
 1683      33325F74 
 1683      00
 1684              	.LASF0:
 1685 0162 756E7369 		.ascii	"unsigned int\000"
 1685      676E6564 
 1685      20696E74 
 1685      00
 1686              	.LASF14:
 1687 016f 44494552 		.ascii	"DIER\000"
 1687      00
 1688              	.LASF41:
 1689 0174 69637566 		.ascii	"icufreq_t\000"
 1689      7265715F 
 1689      7400
 1690              	.LASF11:
 1691 017e 5F426F6F 		.ascii	"_Bool\000"
 1691      6C00
 1692              	.LASF4:
 1693 0184 73686F72 		.ascii	"short unsigned int\000"
 1693      7420756E 
 1693      7369676E 
 1693      65642069 
 1693      6E7400
 1694              	.LASF12:
 1695 0197 63686172 		.ascii	"char\000"
 1695      00
 1696              	.LASF37:
 1697 019c 69637563 		.ascii	"icucallback_t\000"
 1697      616C6C62 
 1697      61636B5F 
 1697      7400
 1698              	.LASF23:
 1699 01aa 73746D33 		.ascii	"stm32_tim_t\000"
 1699      325F7469 
 1699      6D5F7400 
ARM GAS  C:\Users\DNIEL~1\AppData\Local\Temp\ccFUISwh.s 			page 33


 1700              	.LASF48:
 1701 01b6 70657269 		.ascii	"period_cb\000"
 1701      6F645F63 
 1701      6200
 1702              	.LASF18:
 1703 01c0 42445452 		.ascii	"BDTR\000"
 1703      00
 1704              	.LASF6:
 1705 01c5 696E7433 		.ascii	"int32_t\000"
 1705      325F7400 
 1706              	.LASF39:
 1707 01cd 4943555F 		.ascii	"ICU_INPUT_ACTIVE_LOW\000"
 1707      494E5055 
 1707      545F4143 
 1707      54495645 
 1707      5F4C4F57 
 1708              	.LASF50:
 1709 01e2 6368616E 		.ascii	"channel\000"
 1709      6E656C00 
 1710              	.LASF58:
 1711 01ea 69637544 		.ascii	"icuDisable\000"
 1711      69736162 
 1711      6C6500
 1712              	.LASF24:
 1713 01f5 4943555F 		.ascii	"ICU_UNINIT\000"
 1713      554E494E 
 1713      495400
 1714              	.LASF38:
 1715 0200 4943555F 		.ascii	"ICU_INPUT_ACTIVE_HIGH\000"
 1715      494E5055 
 1715      545F4143 
 1715      54495645 
 1715      5F484947 
 1716              	.LASF8:
 1717 0216 6C6F6E67 		.ascii	"long unsigned int\000"
 1717      20756E73 
 1717      69676E65 
 1717      6420696E 
 1717      7400
 1718              	.LASF34:
 1719 0228 636C6F63 		.ascii	"clock\000"
 1719      6B00
 1720              	.LASF60:
 1721 022e 474E5520 		.ascii	"GNU C 4.5.2\000"
 1721      4320342E 
 1721      352E3200 
 1722              	.LASF49:
 1723 023a 6F766572 		.ascii	"overflow_cb\000"
 1723      666C6F77 
 1723      5F636200 
 1724              	.LASF51:
 1725 0246 64696572 		.ascii	"dier\000"
 1725      00
 1726              	.LASF31:
 1727 024b 49435544 		.ascii	"ICUDriver\000"
 1727      72697665 
 1727      7200
ARM GAS  C:\Users\DNIEL~1\AppData\Local\Temp\ccFUISwh.s 			page 34


 1728              	.LASF46:
 1729 0255 66726571 		.ascii	"frequency\000"
 1729      75656E63 
 1729      7900
 1730              	.LASF26:
 1731 025f 4943555F 		.ascii	"ICU_READY\000"
 1731      52454144 
 1731      5900
 1732              	.LASF53:
 1733 0269 6963754F 		.ascii	"icuObjectInit\000"
 1733      626A6563 
 1733      74496E69 
 1733      7400
 1734              	.LASF59:
 1735 0277 49544D5F 		.ascii	"ITM_RxBuffer\000"
 1735      52784275 
 1735      66666572 
 1735      00
 1736              	.LASF61:
 1737 0284 2E2E2F2E 		.ascii	"../../../ChibiOS/os/hal/src/icu.c\000"
 1737      2E2F2E2E 
 1737      2F436869 
 1737      62694F53 
 1737      2F6F732F 
 1738              	.LASF30:
 1739 02a6 69637573 		.ascii	"icustate_t\000"
 1739      74617465 
 1739      5F7400
 1740              	.LASF27:
 1741 02b1 4943555F 		.ascii	"ICU_WAITING\000"
 1741      57414954 
 1741      494E4700 
 1742              		.ident	"GCC: (Sourcery G++ Lite 2011.03-42) 4.5.2"
ARM GAS  C:\Users\DNIEL~1\AppData\Local\Temp\ccFUISwh.s 			page 35


DEFINED SYMBOLS
                            *ABS*:00000000 icu.c
C:\Users\DNIEL~1\AppData\Local\Temp\ccFUISwh.s:24     .text.icuInit:00000000 $t
C:\Users\DNIEL~1\AppData\Local\Temp\ccFUISwh.s:30     .text.icuInit:00000000 icuInit
C:\Users\DNIEL~1\AppData\Local\Temp\ccFUISwh.s:45     .text.icuObjectInit:00000000 $t
C:\Users\DNIEL~1\AppData\Local\Temp\ccFUISwh.s:51     .text.icuObjectInit:00000000 icuObjectInit
C:\Users\DNIEL~1\AppData\Local\Temp\ccFUISwh.s:73     .text.icuStart:00000000 $t
C:\Users\DNIEL~1\AppData\Local\Temp\ccFUISwh.s:79     .text.icuStart:00000000 icuStart
C:\Users\DNIEL~1\AppData\Local\Temp\ccFUISwh.s:130    .text.icuStop:00000000 $t
C:\Users\DNIEL~1\AppData\Local\Temp\ccFUISwh.s:136    .text.icuStop:00000000 icuStop
C:\Users\DNIEL~1\AppData\Local\Temp\ccFUISwh.s:185    .text.icuEnable:00000000 $t
C:\Users\DNIEL~1\AppData\Local\Temp\ccFUISwh.s:191    .text.icuEnable:00000000 icuEnable
C:\Users\DNIEL~1\AppData\Local\Temp\ccFUISwh.s:240    .text.icuDisable:00000000 $t
C:\Users\DNIEL~1\AppData\Local\Temp\ccFUISwh.s:246    .text.icuDisable:00000000 icuDisable
                     .debug_frame:00000010 $d

UNDEFINED SYMBOLS
icu_lld_init
icu_lld_start
icu_lld_stop
icu_lld_enable
icu_lld_disable
