ARM GAS  C:\Users\DNIEL~1\AppData\Local\Temp\ccy8V3zE.s 			page 1


   1              		.syntax unified
   2              		.cpu cortex-m4
   3              		.fpu softvfp
   4              		.eabi_attribute 20, 1
   5              		.eabi_attribute 21, 1
   6              		.eabi_attribute 23, 3
   7              		.eabi_attribute 24, 1
   8              		.eabi_attribute 25, 1
   9              		.eabi_attribute 26, 1
  10              		.eabi_attribute 30, 2
  11              		.eabi_attribute 18, 4
  12              		.thumb
  13              		.file	"main.c"
  14              		.section	.debug_abbrev,"",%progbits
  15              	.Ldebug_abbrev0:
  16              		.section	.debug_info,"",%progbits
  17              	.Ldebug_info0:
  18              		.section	.debug_line,"",%progbits
  19              	.Ldebug_line0:
  20 0000 8B020000 		.text
  20      0200E301 
  20      00000201 
  20      FB0E0D00 
  20      01010101 
  21              	.Ltext0:
  22              		.cfi_sections	.debug_frame
  23              		.section	.text.Thread1,"ax",%progbits
  24              		.align	2
  25              		.p2align 4,,15
  26              		.thumb
  27              		.thumb_func
  28              		.type	Thread1, %function
  29              	Thread1:
  30              	.LFB119:
  31              		.file 1 "src/main.c"
  32              		.loc 1 36 0
  33              		.cfi_startproc
  34              		@ args = 0, pretend = 0, frame = 0
  35              		@ frame_needed = 0, uses_anonymous_args = 0
  36              	.LVL0:
  37              		.loc 1 39 0
  38 0000 0F48     		ldr	r0, .L7
  39              	.LVL1:
  40 0002 104A     		ldr	r2, .L7+4
  41 0004 8369     		ldr	r3, [r0, #24]
  42              		.loc 1 36 0
  43 0006 70B5     		push	{r4, r5, r6, lr}
  44              	.LCFI0:
  45              		.cfi_def_cfa_offset 16
  46              	.LBB2:
  47              		.loc 1 43 0
  48 0008 0F4E     		ldr	r6, .L7+8
  49              		.cfi_offset 14, -4
  50              		.cfi_offset 6, -8
  51              		.cfi_offset 5, -12
  52              		.cfi_offset 4, -16
  53              		.loc 1 55 0
ARM GAS  C:\Users\DNIEL~1\AppData\Local\Temp\ccy8V3zE.s 			page 2


  54 000a 104D     		ldr	r5, .L7+12
  55              	.LBE2:
  56              		.loc 1 39 0
  57 000c 9A61     		str	r2, [r3, #24]
  58 000e 0BE0     		b	.L3
  59              	.L4:
  60              	.LBB3:
  61              		.loc 1 43 0
  62 0010 4FF47A74 		mov	r4, #1000
  63              	.L2:
  64              		.loc 1 55 0
  65 0014 0122     		movs	r2, #1
  66              		.loc 1 56 0
  67 0016 2046     		mov	r0, r4
  68              		.loc 1 55 0
  69 0018 6A83     		strh	r2, [r5, #26]	@ movhi
  70              		.loc 1 56 0
  71 001a FFF7FEFF 		bl	chThdSleep
  72              		.loc 1 58 0
  73 001e 2046     		mov	r0, r4
  74              		.loc 1 57 0
  75 0020 0124     		movs	r4, #1
  76 0022 2C83     		strh	r4, [r5, #24]	@ movhi
  77              		.loc 1 58 0
  78 0024 FFF7FEFF 		bl	chThdSleep
  79              	.L3:
  80              		.loc 1 43 0
  81 0028 3169     		ldr	r1, [r6, #16]
  82 002a 11F0080F 		tst	r1, #8
  83 002e EFD1     		bne	.L4
  84              		.loc 1 44 0
  85 0030 FFF7FEFF 		bl	sdcardIsMounted
  86 0034 0028     		cmp	r0, #0
  87 0036 0CBF     		ite	eq
  88 0038 3224     		moveq	r4, #50
  89 003a FA24     		movne	r4, #250
  90 003c EAE7     		b	.L2
  91              	.L8:
  92 003e 00BF     		.align	2
  93              	.L7:
  94 0040 00000000 		.word	rlist
  95 0044 00000000 		.word	.LC0
  96 0048 000C0240 		.word	1073875968
  97 004c 00000240 		.word	1073872896
  98              	.LBE3:
  99              		.cfi_endproc
 100              	.LFE119:
 101              		.size	Thread1, .-Thread1
 102              		.section	.text.task20ms,"ax",%progbits
 103              		.align	2
 104              		.p2align 4,,15
 105              		.thumb
 106              		.thumb_func
 107              		.type	task20ms, %function
 108              	task20ms:
 109              	.LFB120:
 110              		.loc 1 67 0
ARM GAS  C:\Users\DNIEL~1\AppData\Local\Temp\ccy8V3zE.s 			page 3


 111              		.cfi_startproc
 112              		@ args = 0, pretend = 0, frame = 0
 113              		@ frame_needed = 0, uses_anonymous_args = 0
 114              	.LVL2:
 115              		.loc 1 71 0
 116 0000 0E49     		ldr	r1, .L11
 117              		.loc 1 72 0
 118 0002 0F48     		ldr	r0, .L11+4
 119              	.LVL3:
 120              		.loc 1 71 0
 121 0004 8B69     		ldr	r3, [r1, #24]
 122 0006 0F4A     		ldr	r2, .L11+8
 123              		.loc 1 67 0
 124 0008 10B5     		push	{r4, lr}
 125              	.LCFI1:
 126              		.cfi_def_cfa_offset 8
 127              		.loc 1 72 0
 128 000a C468     		ldr	r4, [r0, #12]
 129              		.cfi_offset 14, -4
 130              		.cfi_offset 4, -8
 131              		.loc 1 71 0
 132 000c 9A61     		str	r2, [r3, #24]
 133              	.LVL4:
 134              	.L10:
 135              		.loc 1 74 0 discriminator 1
 136 000e 1434     		adds	r4, r4, #20
 137              	.LVL5:
 138              		.loc 1 76 0 discriminator 1
 139 0010 FFF7FEFF 		bl	logCalc
 140              		.loc 1 77 0 discriminator 1
 141 0014 FFF7FEFF 		bl	lightCalc
 142              		.loc 1 78 0 discriminator 1
 143 0018 FFF7FEFF 		bl	can_commCalc
 144              		.loc 1 79 0 discriminator 1
 145 001c FFF7FEFF 		bl	speedCalc
 146              		.loc 1 80 0 discriminator 1
 147 0020 FFF7FEFF 		bl	measCalc
 148              		.loc 1 81 0 discriminator 1
 149 0024 FFF7FEFF 		bl	cruiseCalc
 150              		.loc 1 82 0 discriminator 1
 151 0028 FFF7FEFF 		bl	buttonCalc
 152              		.loc 1 86 0 discriminator 1
 153 002c 2046     		mov	r0, r4
 154 002e FFF7FEFF 		bl	mainTime
 155              		.loc 1 87 0 discriminator 1
 156 0032 2046     		mov	r0, r4
 157 0034 FFF7FEFF 		bl	chThdSleepUntil
 158 0038 E9E7     		b	.L10
 159              	.L12:
 160 003a 00BF     		.align	2
 161              	.L11:
 162 003c 00000000 		.word	rlist
 163 0040 00000000 		.word	vtlist
 164 0044 08000000 		.word	.LC1
 165              		.cfi_endproc
 166              	.LFE120:
 167              		.size	task20ms, .-task20ms
ARM GAS  C:\Users\DNIEL~1\AppData\Local\Temp\ccy8V3zE.s 			page 4


 168 0048 AFF30080 		.section	.text.main,"ax",%progbits
 168      AFF30080 
 169              		.align	2
 170              		.p2align 4,,15
 171              		.global	main
 172              		.thumb
 173              		.thumb_func
 174              		.type	main, %function
 175              	main:
 176              	.LFB121:
 177              		.loc 1 94 0
 178              		.cfi_startproc
 179              		@ args = 0, pretend = 0, frame = 0
 180              		@ frame_needed = 0, uses_anonymous_args = 0
 181 0000 10B5     		push	{r4, lr}
 182              	.LCFI2:
 183              		.cfi_def_cfa_offset 8
 184 0002 82B0     		sub	sp, sp, #8
 185              	.LCFI3:
 186              		.cfi_def_cfa_offset 16
 187              		.loc 1 103 0
 188              		.cfi_offset 14, -4
 189              		.cfi_offset 4, -8
 190 0004 FFF7FEFF 		bl	halInit
 191              		.loc 1 104 0
 192 0008 FFF7FEFF 		bl	chSysInit
 193              		.loc 1 109 0
 194 000c 1C4B     		ldr	r3, .L15
 195 000e 48F20002 		movw	r2, 32768	@ movhi
 196 0012 1A83     		strh	r2, [r3, #24]	@ movhi
 197              		.loc 1 114 0
 198 0014 FFF7FEFF 		bl	sdcardInit
 199              		.loc 1 119 0
 200 0018 FFF7FEFF 		bl	logInit
 201              		.loc 1 124 0
 202 001c FFF7FEFF 		bl	consoleInit
 203              		.loc 1 129 0
 204 0020 FFF7FEFF 		bl	eepromInit
 205              		.loc 1 134 0
 206 0024 FFF7FEFF 		bl	can_commInit
 207              		.loc 1 138 0
 208 0028 FFF7FEFF 		bl	uart_commInit
 209              		.loc 1 143 0
 210 002c FFF7FEFF 		bl	lightInit
 211              		.loc 1 148 0
 212 0030 FFF7FEFF 		bl	speedInit
 213              		.loc 1 153 0
 214 0034 FFF7FEFF 		bl	measInit
 215              		.loc 1 158 0
 216 0038 FFF7FEFF 		bl	cruiseInit
 217              		.loc 1 163 0
 218 003c 4FF47A70 		mov	r0, #1000
 219 0040 FFF7FEFF 		bl	chThdSleep
 220              		.loc 1 179 0
 221 0044 0024     		movs	r4, #0
 222              		.loc 1 164 0
 223 0046 FFF7FEFF 		bl	dspInit
ARM GAS  C:\Users\DNIEL~1\AppData\Local\Temp\ccy8V3zE.s 			page 5


 224              		.loc 1 169 0
 225 004a FFF7FEFF 		bl	buttonInit
 226              		.loc 1 174 0
 227 004e FFF7FEFF 		bl	brakeInit
 228              		.loc 1 179 0
 229 0052 4FF43471 		mov	r1, #720
 230 0056 4022     		movs	r2, #64
 231 0058 0A4B     		ldr	r3, .L15+4
 232 005a 0B48     		ldr	r0, .L15+8
 233 005c 0094     		str	r4, [sp, #0]
 234 005e FFF7FEFF 		bl	chThdCreateStatic
 235              		.loc 1 184 0
 236 0062 0A48     		ldr	r0, .L15+12
 237 0064 0A4B     		ldr	r3, .L15+16
 238 0066 0094     		str	r4, [sp, #0]
 239 0068 4FF4A871 		mov	r1, #336
 240 006c 4022     		movs	r2, #64
 241 006e FFF7FEFF 		bl	chThdCreateStatic
 242              	.L14:
 243              		.loc 1 191 0 discriminator 1
 244 0072 FFF7FEFF 		bl	consoleStart
 245              		.loc 1 192 0 discriminator 1
 246 0076 4FF47A70 		mov	r0, #1000
 247 007a FFF7FEFF 		bl	chThdSleep
 248 007e F8E7     		b	.L14
 249              	.L16:
 250              		.align	2
 251              	.L15:
 252 0080 00100240 		.word	1073876992
 253 0084 00000000 		.word	task20ms
 254 0088 00000000 		.word	.LANCHOR0
 255 008c 00000000 		.word	.LANCHOR1
 256 0090 00000000 		.word	Thread1
 257              		.cfi_endproc
 258              	.LFE121:
 259              		.size	main, .-main
 260 0094 AFF30080 		.section	.bss.waThread1,"aw",%nobits
 260      AFF30080 
 260      AFF30080 
 261              		.align	3
 262              		.set	.LANCHOR1,. + 0
 263              		.type	waThread1, %object
 264              		.size	waThread1, 336
 265              	waThread1:
 266 0000 00000000 		.space	336
 266      00000000 
 266      00000000 
 266      00000000 
 266      00000000 
 267              		.section	.bss.watask20ms,"aw",%nobits
 268              		.align	3
 269              		.set	.LANCHOR0,. + 0
 270              		.type	watask20ms, %object
 271              		.size	watask20ms, 720
 272              	watask20ms:
 273 0000 00000000 		.space	720
 273      00000000 
ARM GAS  C:\Users\DNIEL~1\AppData\Local\Temp\ccy8V3zE.s 			page 6


 273      00000000 
 273      00000000 
 273      00000000 
 274              		.section	.rodata.str1.4,"aMS",%progbits,1
 275              		.align	2
 276              	.LC0:
 277 0000 626C696E 		.ascii	"blinker\000"
 277      6B657200 
 278              	.LC1:
 279 0008 7461736B 		.ascii	"task20ms\000"
 279      32306D73 
 279      00
 280 0011 000000   		.text
 281              	.Letext0:
 282              		.section	.debug_loc,"",%progbits
 283              	.Ldebug_loc0:
 284              	.LLST0:
 285 0000 00000000 		.4byte	.LFB119
 286 0004 08000000 		.4byte	.LCFI0
 287 0008 0200     		.2byte	0x2
 288 000a 7D       		.byte	0x7d
 289 000b 00       		.sleb128 0
 290 000c 08000000 		.4byte	.LCFI0
 291 0010 50000000 		.4byte	.LFE119
 292 0014 0200     		.2byte	0x2
 293 0016 7D       		.byte	0x7d
 294 0017 10       		.sleb128 16
 295 0018 00000000 		.4byte	0x0
 296 001c 00000000 		.4byte	0x0
 297              	.LLST1:
 298 0020 00000000 		.4byte	.LVL0
 299 0024 02000000 		.4byte	.LVL1
 300 0028 0100     		.2byte	0x1
 301 002a 50       		.byte	0x50
 302 002b 00000000 		.4byte	0x0
 303 002f 00000000 		.4byte	0x0
 304              	.LLST2:
 305 0033 00000000 		.4byte	.LFB120
 306 0037 0A000000 		.4byte	.LCFI1
 307 003b 0200     		.2byte	0x2
 308 003d 7D       		.byte	0x7d
 309 003e 00       		.sleb128 0
 310 003f 0A000000 		.4byte	.LCFI1
 311 0043 48000000 		.4byte	.LFE120
 312 0047 0200     		.2byte	0x2
 313 0049 7D       		.byte	0x7d
 314 004a 08       		.sleb128 8
 315 004b 00000000 		.4byte	0x0
 316 004f 00000000 		.4byte	0x0
 317              	.LLST3:
 318 0053 00000000 		.4byte	.LVL2
 319 0057 04000000 		.4byte	.LVL3
 320 005b 0100     		.2byte	0x1
 321 005d 50       		.byte	0x50
 322 005e 00000000 		.4byte	0x0
 323 0062 00000000 		.4byte	0x0
 324              	.LLST4:
ARM GAS  C:\Users\DNIEL~1\AppData\Local\Temp\ccy8V3zE.s 			page 7


 325 0066 0E000000 		.4byte	.LVL4
 326 006a 10000000 		.4byte	.LVL5
 327 006e 0100     		.2byte	0x1
 328 0070 54       		.byte	0x54
 329 0071 10000000 		.4byte	.LVL5
 330 0075 48000000 		.4byte	.LFE120
 331 0079 0100     		.2byte	0x1
 332 007b 54       		.byte	0x54
 333 007c 00000000 		.4byte	0x0
 334 0080 00000000 		.4byte	0x0
 335              	.LLST5:
 336 0084 00000000 		.4byte	.LFB121
 337 0088 02000000 		.4byte	.LCFI2
 338 008c 0200     		.2byte	0x2
 339 008e 7D       		.byte	0x7d
 340 008f 00       		.sleb128 0
 341 0090 02000000 		.4byte	.LCFI2
 342 0094 04000000 		.4byte	.LCFI3
 343 0098 0200     		.2byte	0x2
 344 009a 7D       		.byte	0x7d
 345 009b 08       		.sleb128 8
 346 009c 04000000 		.4byte	.LCFI3
 347 00a0 94000000 		.4byte	.LFE121
 348 00a4 0200     		.2byte	0x2
 349 00a6 7D       		.byte	0x7d
 350 00a7 10       		.sleb128 16
 351 00a8 00000000 		.4byte	0x0
 352 00ac 00000000 		.4byte	0x0
 353              		.file 2 "c:\\program files (x86)\\codesourcery\\sourcery g++ lite\\bin\\../lib/gcc/arm-none-eabi/4
 354              		.file 3 "../../../ChibiOS/os/ports/GCC/ARMCMx/chtypes.h"
 355              		.file 4 "../../../ChibiOS/os/kernel/include/chlists.h"
 356              		.file 5 "../../../ChibiOS/os/kernel/include/chthreads.h"
 357              		.file 6 "../../../ChibiOS/os/ports/GCC/ARMCMx/chcore_v7m.h"
 358              		.file 7 "../../../ChibiOS/os/kernel/include/chvt.h"
 359              		.file 8 "../../../ChibiOS/os/kernel/include/chschd.h"
 360              		.file 9 "../../../ChibiOS/os/kernel/include/chmtx.h"
 361              		.file 10 "../../../ChibiOS/os/hal/platforms/STM32/GPIOv2/pal_lld.h"
 362              		.file 11 "include/eepromItems.h"
 363              		.file 12 "../../../ChibiOS/os/ports/common/ARMCMx/CMSIS/include/core_cm4.h"
 364              		.section	.debug_info
 365 0000 EA070000 		.4byte	0x7ea
 366 0004 0200     		.2byte	0x2
 367 0006 00000000 		.4byte	.Ldebug_abbrev0
 368 000a 04       		.byte	0x4
 369 000b 01       		.uleb128 0x1
 370 000c 01040000 		.4byte	.LASF108
 371 0010 01       		.byte	0x1
 372 0011 00000000 		.4byte	.LASF109
 373 0015 94020000 		.4byte	.LASF110
 374 0019 00000000 		.4byte	0x0
 375 001d 00000000 		.4byte	0x0
 376 0021 18000000 		.4byte	.Ldebug_ranges0+0x18
 377 0025 00000000 		.4byte	.Ldebug_line0
 378 0029 02       		.uleb128 0x2
 379 002a 04       		.byte	0x4
 380 002b 07       		.byte	0x7
 381 002c 22010000 		.4byte	.LASF0
ARM GAS  C:\Users\DNIEL~1\AppData\Local\Temp\ccy8V3zE.s 			page 8


 382 0030 03       		.uleb128 0x3
 383 0031 04       		.byte	0x4
 384 0032 02       		.uleb128 0x2
 385 0033 01       		.byte	0x1
 386 0034 06       		.byte	0x6
 387 0035 7A000000 		.4byte	.LASF1
 388 0039 02       		.uleb128 0x2
 389 003a 01       		.byte	0x1
 390 003b 08       		.byte	0x8
 391 003c 86020000 		.4byte	.LASF2
 392 0040 02       		.uleb128 0x2
 393 0041 02       		.byte	0x2
 394 0042 05       		.byte	0x5
 395 0043 DE020000 		.4byte	.LASF3
 396 0047 02       		.uleb128 0x2
 397 0048 02       		.byte	0x2
 398 0049 07       		.byte	0x7
 399 004a 89010000 		.4byte	.LASF4
 400 004e 04       		.uleb128 0x4
 401 004f 04       		.byte	0x4
 402 0050 05       		.byte	0x5
 403 0051 696E7400 		.ascii	"int\000"
 404 0055 02       		.uleb128 0x2
 405 0056 08       		.byte	0x8
 406 0057 05       		.byte	0x5
 407 0058 6C000000 		.4byte	.LASF5
 408 005c 02       		.uleb128 0x2
 409 005d 08       		.byte	0x8
 410 005e 07       		.byte	0x7
 411 005f A5000000 		.4byte	.LASF6
 412 0063 02       		.uleb128 0x2
 413 0064 04       		.byte	0x4
 414 0065 05       		.byte	0x5
 415 0066 D7000000 		.4byte	.LASF7
 416 006a 02       		.uleb128 0x2
 417 006b 04       		.byte	0x4
 418 006c 07       		.byte	0x7
 419 006d 8B000000 		.4byte	.LASF8
 420 0071 02       		.uleb128 0x2
 421 0072 01       		.byte	0x1
 422 0073 08       		.byte	0x8
 423 0074 59030000 		.4byte	.LASF9
 424 0078 05       		.uleb128 0x5
 425 0079 04       		.byte	0x4
 426 007a 7E000000 		.4byte	0x7e
 427 007e 06       		.uleb128 0x6
 428 007f 71000000 		.4byte	0x71
 429 0083 07       		.uleb128 0x7
 430 0084 F2030000 		.4byte	.LASF10
 431 0088 02       		.byte	0x2
 432 0089 2A       		.byte	0x2a
 433 008a 39000000 		.4byte	0x39
 434 008e 07       		.uleb128 0x7
 435 008f E9000000 		.4byte	.LASF11
 436 0093 02       		.byte	0x2
 437 0094 36       		.byte	0x36
 438 0095 47000000 		.4byte	0x47
ARM GAS  C:\Users\DNIEL~1\AppData\Local\Temp\ccy8V3zE.s 			page 9


 439 0099 07       		.uleb128 0x7
 440 009a 7E020000 		.4byte	.LASF12
 441 009e 02       		.byte	0x2
 442 009f 4F       		.byte	0x4f
 443 00a0 63000000 		.4byte	0x63
 444 00a4 07       		.uleb128 0x7
 445 00a5 31030000 		.4byte	.LASF13
 446 00a9 02       		.byte	0x2
 447 00aa 50       		.byte	0x50
 448 00ab 6A000000 		.4byte	0x6a
 449 00af 07       		.uleb128 0x7
 450 00b0 12000000 		.4byte	.LASF14
 451 00b4 02       		.byte	0x2
 452 00b5 78       		.byte	0x78
 453 00b6 5C000000 		.4byte	0x5c
 454 00ba 02       		.uleb128 0x2
 455 00bb 01       		.byte	0x1
 456 00bc 02       		.byte	0x2
 457 00bd 78020000 		.4byte	.LASF15
 458 00c1 07       		.uleb128 0x7
 459 00c2 A2010000 		.4byte	.LASF16
 460 00c6 03       		.byte	0x3
 461 00c7 2C       		.byte	0x2c
 462 00c8 83000000 		.4byte	0x83
 463 00cc 07       		.uleb128 0x7
 464 00cd E0000000 		.4byte	.LASF17
 465 00d1 03       		.byte	0x3
 466 00d2 2D       		.byte	0x2d
 467 00d3 83000000 		.4byte	0x83
 468 00d7 07       		.uleb128 0x7
 469 00d8 41020000 		.4byte	.LASF18
 470 00dc 03       		.byte	0x3
 471 00dd 2E       		.byte	0x2e
 472 00de 83000000 		.4byte	0x83
 473 00e2 07       		.uleb128 0x7
 474 00e3 C4000000 		.4byte	.LASF19
 475 00e7 03       		.byte	0x3
 476 00e8 2F       		.byte	0x2f
 477 00e9 83000000 		.4byte	0x83
 478 00ed 07       		.uleb128 0x7
 479 00ee 60020000 		.4byte	.LASF20
 480 00f2 03       		.byte	0x3
 481 00f3 30       		.byte	0x30
 482 00f4 A4000000 		.4byte	0xa4
 483 00f8 07       		.uleb128 0x7
 484 00f9 9C010000 		.4byte	.LASF21
 485 00fd 03       		.byte	0x3
 486 00fe 31       		.byte	0x31
 487 00ff 99000000 		.4byte	0x99
 488 0103 07       		.uleb128 0x7
 489 0104 B6010000 		.4byte	.LASF22
 490 0108 03       		.byte	0x3
 491 0109 33       		.byte	0x33
 492 010a A4000000 		.4byte	0xa4
 493 010e 07       		.uleb128 0x7
 494 010f 75030000 		.4byte	.LASF23
 495 0113 03       		.byte	0x3
ARM GAS  C:\Users\DNIEL~1\AppData\Local\Temp\ccy8V3zE.s 			page 10


 496 0114 35       		.byte	0x35
 497 0115 A4000000 		.4byte	0xa4
 498 0119 07       		.uleb128 0x7
 499 011a 1F030000 		.4byte	.LASF24
 500 011e 04       		.byte	0x4
 501 011f 2A       		.byte	0x2a
 502 0120 24010000 		.4byte	0x124
 503 0124 08       		.uleb128 0x8
 504 0125 1F030000 		.4byte	.LASF24
 505 0129 48       		.byte	0x48
 506 012a 05       		.byte	0x5
 507 012b 5E       		.byte	0x5e
 508 012c 49020000 		.4byte	0x249
 509 0130 09       		.uleb128 0x9
 510 0131 10030000 		.4byte	.LASF25
 511 0135 05       		.byte	0x5
 512 0136 5F       		.byte	0x5f
 513 0137 6E020000 		.4byte	0x26e
 514 013b 02       		.byte	0x2
 515 013c 23       		.byte	0x23
 516 013d 00       		.uleb128 0x0
 517 013e 09       		.uleb128 0x9
 518 013f 49020000 		.4byte	.LASF26
 519 0143 05       		.byte	0x5
 520 0144 61       		.byte	0x61
 521 0145 6E020000 		.4byte	0x26e
 522 0149 02       		.byte	0x2
 523 014a 23       		.byte	0x23
 524 014b 04       		.uleb128 0x4
 525 014c 09       		.uleb128 0x9
 526 014d 65000000 		.4byte	.LASF27
 527 0151 05       		.byte	0x5
 528 0152 63       		.byte	0x63
 529 0153 ED000000 		.4byte	0xed
 530 0157 02       		.byte	0x2
 531 0158 23       		.byte	0x23
 532 0159 08       		.uleb128 0x8
 533 015a 09       		.uleb128 0x9
 534 015b 2E040000 		.4byte	.LASF28
 535 015f 05       		.byte	0x5
 536 0160 64       		.byte	0x64
 537 0161 45030000 		.4byte	0x345
 538 0165 02       		.byte	0x2
 539 0166 23       		.byte	0x23
 540 0167 0C       		.uleb128 0xc
 541 0168 09       		.uleb128 0x9
 542 0169 F9000000 		.4byte	.LASF29
 543 016d 05       		.byte	0x5
 544 016e 66       		.byte	0x66
 545 016f 6E020000 		.4byte	0x26e
 546 0173 02       		.byte	0x2
 547 0174 23       		.byte	0x23
 548 0175 10       		.uleb128 0x10
 549 0176 09       		.uleb128 0x9
 550 0177 FA020000 		.4byte	.LASF30
 551 017b 05       		.byte	0x5
 552 017c 67       		.byte	0x67
ARM GAS  C:\Users\DNIEL~1\AppData\Local\Temp\ccy8V3zE.s 			page 11


 553 017d 6E020000 		.4byte	0x26e
 554 0181 02       		.byte	0x2
 555 0182 23       		.byte	0x23
 556 0183 14       		.uleb128 0x14
 557 0184 09       		.uleb128 0x9
 558 0185 0D040000 		.4byte	.LASF31
 559 0189 05       		.byte	0x5
 560 018a 6E       		.byte	0x6e
 561 018b 78000000 		.4byte	0x78
 562 018f 02       		.byte	0x2
 563 0190 23       		.byte	0x23
 564 0191 18       		.uleb128 0x18
 565 0192 09       		.uleb128 0x9
 566 0193 E8020000 		.4byte	.LASF32
 567 0197 05       		.byte	0x5
 568 0198 79       		.byte	0x79
 569 0199 CC000000 		.4byte	0xcc
 570 019d 02       		.byte	0x2
 571 019e 23       		.byte	0x23
 572 019f 1C       		.uleb128 0x1c
 573 01a0 09       		.uleb128 0x9
 574 01a1 17030000 		.4byte	.LASF33
 575 01a5 05       		.byte	0x5
 576 01a6 7D       		.byte	0x7d
 577 01a7 C1000000 		.4byte	0xc1
 578 01ab 02       		.byte	0x2
 579 01ac 23       		.byte	0x23
 580 01ad 1D       		.uleb128 0x1d
 581 01ae 09       		.uleb128 0x9
 582 01af CE030000 		.4byte	.LASF34
 583 01b3 05       		.byte	0x5
 584 01b4 82       		.byte	0x82
 585 01b5 D7000000 		.4byte	0xd7
 586 01b9 02       		.byte	0x2
 587 01ba 23       		.byte	0x23
 588 01bb 1E       		.uleb128 0x1e
 589 01bc 09       		.uleb128 0x9
 590 01bd F0020000 		.4byte	.LASF35
 591 01c1 05       		.byte	0x5
 592 01c2 88       		.byte	0x88
 593 01c3 E2000000 		.4byte	0xe2
 594 01c7 02       		.byte	0x2
 595 01c8 23       		.byte	0x23
 596 01c9 1F       		.uleb128 0x1f
 597 01ca 09       		.uleb128 0x9
 598 01cb 9E030000 		.4byte	.LASF36
 599 01cf 05       		.byte	0x5
 600 01d0 8F       		.byte	0x8f
 601 01d1 2F040000 		.4byte	0x42f
 602 01d5 02       		.byte	0x2
 603 01d6 23       		.byte	0x23
 604 01d7 20       		.uleb128 0x20
 605 01d8 0A       		.uleb128 0xa
 606 01d9 705F7500 		.ascii	"p_u\000"
 607 01dd 05       		.byte	0x5
 608 01de B4       		.byte	0xb4
 609 01df EF040000 		.4byte	0x4ef
ARM GAS  C:\Users\DNIEL~1\AppData\Local\Temp\ccy8V3zE.s 			page 12


 610 01e3 02       		.byte	0x2
 611 01e4 23       		.byte	0x23
 612 01e5 24       		.uleb128 0x24
 613 01e6 09       		.uleb128 0x9
 614 01e7 34040000 		.4byte	.LASF37
 615 01eb 05       		.byte	0x5
 616 01ec B9       		.byte	0xb9
 617 01ed 96020000 		.4byte	0x296
 618 01f1 02       		.byte	0x2
 619 01f2 23       		.byte	0x23
 620 01f3 28       		.uleb128 0x28
 621 01f4 09       		.uleb128 0x9
 622 01f5 2F010000 		.4byte	.LASF38
 623 01f9 05       		.byte	0x5
 624 01fa BF       		.byte	0xbf
 625 01fb 74020000 		.4byte	0x274
 626 01ff 02       		.byte	0x2
 627 0200 23       		.byte	0x23
 628 0201 2C       		.uleb128 0x2c
 629 0202 09       		.uleb128 0x9
 630 0203 14040000 		.4byte	.LASF39
 631 0207 05       		.byte	0x5
 632 0208 C3       		.byte	0xc3
 633 0209 F8000000 		.4byte	0xf8
 634 020d 02       		.byte	0x2
 635 020e 23       		.byte	0x23
 636 020f 34       		.uleb128 0x34
 637 0210 09       		.uleb128 0x9
 638 0211 26030000 		.4byte	.LASF40
 639 0215 05       		.byte	0x5
 640 0216 C9       		.byte	0xc9
 641 0217 03010000 		.4byte	0x103
 642 021b 02       		.byte	0x2
 643 021c 23       		.byte	0x23
 644 021d 38       		.uleb128 0x38
 645 021e 09       		.uleb128 0x9
 646 021f D4020000 		.4byte	.LASF41
 647 0223 05       		.byte	0x5
 648 0224 D0       		.byte	0xd0
 649 0225 24050000 		.4byte	0x524
 650 0229 02       		.byte	0x2
 651 022a 23       		.byte	0x23
 652 022b 3C       		.uleb128 0x3c
 653 022c 09       		.uleb128 0x9
 654 022d 7F030000 		.4byte	.LASF42
 655 0231 05       		.byte	0x5
 656 0232 D4       		.byte	0xd4
 657 0233 ED000000 		.4byte	0xed
 658 0237 02       		.byte	0x2
 659 0238 23       		.byte	0x23
 660 0239 40       		.uleb128 0x40
 661 023a 09       		.uleb128 0x9
 662 023b 9D000000 		.4byte	.LASF43
 663 023f 05       		.byte	0x5
 664 0240 DA       		.byte	0xda
 665 0241 30000000 		.4byte	0x30
 666 0245 02       		.byte	0x2
ARM GAS  C:\Users\DNIEL~1\AppData\Local\Temp\ccy8V3zE.s 			page 13


 667 0246 23       		.byte	0x23
 668 0247 44       		.uleb128 0x44
 669 0248 00       		.byte	0x0
 670 0249 0B       		.uleb128 0xb
 671 024a 08       		.byte	0x8
 672 024b 04       		.byte	0x4
 673 024c 61       		.byte	0x61
 674 024d 6E020000 		.4byte	0x26e
 675 0251 09       		.uleb128 0x9
 676 0252 10030000 		.4byte	.LASF25
 677 0256 04       		.byte	0x4
 678 0257 62       		.byte	0x62
 679 0258 6E020000 		.4byte	0x26e
 680 025c 02       		.byte	0x2
 681 025d 23       		.byte	0x23
 682 025e 00       		.uleb128 0x0
 683 025f 09       		.uleb128 0x9
 684 0260 49020000 		.4byte	.LASF26
 685 0264 04       		.byte	0x4
 686 0265 64       		.byte	0x64
 687 0266 6E020000 		.4byte	0x26e
 688 026a 02       		.byte	0x2
 689 026b 23       		.byte	0x23
 690 026c 04       		.uleb128 0x4
 691 026d 00       		.byte	0x0
 692 026e 05       		.uleb128 0x5
 693 026f 04       		.byte	0x4
 694 0270 19010000 		.4byte	0x119
 695 0274 07       		.uleb128 0x7
 696 0275 3C000000 		.4byte	.LASF44
 697 0279 04       		.byte	0x4
 698 027a 66       		.byte	0x66
 699 027b 49020000 		.4byte	0x249
 700 027f 0B       		.uleb128 0xb
 701 0280 04       		.byte	0x4
 702 0281 04       		.byte	0x4
 703 0282 6B       		.byte	0x6b
 704 0283 96020000 		.4byte	0x296
 705 0287 09       		.uleb128 0x9
 706 0288 10030000 		.4byte	.LASF25
 707 028c 04       		.byte	0x4
 708 028d 6D       		.byte	0x6d
 709 028e 6E020000 		.4byte	0x26e
 710 0292 02       		.byte	0x2
 711 0293 23       		.byte	0x23
 712 0294 00       		.uleb128 0x0
 713 0295 00       		.byte	0x0
 714 0296 07       		.uleb128 0x7
 715 0297 AA010000 		.4byte	.LASF45
 716 029b 04       		.byte	0x4
 717 029c 70       		.byte	0x70
 718 029d 7F020000 		.4byte	0x27f
 719 02a1 07       		.uleb128 0x7
 720 02a2 11010000 		.4byte	.LASF46
 721 02a6 06       		.byte	0x6
 722 02a7 E5       		.byte	0xe5
 723 02a8 30000000 		.4byte	0x30
ARM GAS  C:\Users\DNIEL~1\AppData\Local\Temp\ccy8V3zE.s 			page 14


 724 02ac 07       		.uleb128 0x7
 725 02ad C8010000 		.4byte	.LASF47
 726 02b1 06       		.byte	0x6
 727 02b2 EB       		.byte	0xeb
 728 02b3 AF000000 		.4byte	0xaf
 729 02b7 0C       		.uleb128 0xc
 730 02b8 B0030000 		.4byte	.LASF48
 731 02bc 24       		.byte	0x24
 732 02bd 06       		.byte	0x6
 733 02be 0C01     		.2byte	0x10c
 734 02c0 45030000 		.4byte	0x345
 735 02c4 0D       		.uleb128 0xd
 736 02c5 723400   		.ascii	"r4\000"
 737 02c8 06       		.byte	0x6
 738 02c9 1F01     		.2byte	0x11f
 739 02cb A1020000 		.4byte	0x2a1
 740 02cf 02       		.byte	0x2
 741 02d0 23       		.byte	0x23
 742 02d1 00       		.uleb128 0x0
 743 02d2 0D       		.uleb128 0xd
 744 02d3 723500   		.ascii	"r5\000"
 745 02d6 06       		.byte	0x6
 746 02d7 2001     		.2byte	0x120
 747 02d9 A1020000 		.4byte	0x2a1
 748 02dd 02       		.byte	0x2
 749 02de 23       		.byte	0x23
 750 02df 04       		.uleb128 0x4
 751 02e0 0D       		.uleb128 0xd
 752 02e1 723600   		.ascii	"r6\000"
 753 02e4 06       		.byte	0x6
 754 02e5 2101     		.2byte	0x121
 755 02e7 A1020000 		.4byte	0x2a1
 756 02eb 02       		.byte	0x2
 757 02ec 23       		.byte	0x23
 758 02ed 08       		.uleb128 0x8
 759 02ee 0D       		.uleb128 0xd
 760 02ef 723700   		.ascii	"r7\000"
 761 02f2 06       		.byte	0x6
 762 02f3 2201     		.2byte	0x122
 763 02f5 A1020000 		.4byte	0x2a1
 764 02f9 02       		.byte	0x2
 765 02fa 23       		.byte	0x23
 766 02fb 0C       		.uleb128 0xc
 767 02fc 0D       		.uleb128 0xd
 768 02fd 723800   		.ascii	"r8\000"
 769 0300 06       		.byte	0x6
 770 0301 2301     		.2byte	0x123
 771 0303 A1020000 		.4byte	0x2a1
 772 0307 02       		.byte	0x2
 773 0308 23       		.byte	0x23
 774 0309 10       		.uleb128 0x10
 775 030a 0D       		.uleb128 0xd
 776 030b 723900   		.ascii	"r9\000"
 777 030e 06       		.byte	0x6
 778 030f 2401     		.2byte	0x124
 779 0311 A1020000 		.4byte	0x2a1
 780 0315 02       		.byte	0x2
ARM GAS  C:\Users\DNIEL~1\AppData\Local\Temp\ccy8V3zE.s 			page 15


 781 0316 23       		.byte	0x23
 782 0317 14       		.uleb128 0x14
 783 0318 0D       		.uleb128 0xd
 784 0319 72313000 		.ascii	"r10\000"
 785 031d 06       		.byte	0x6
 786 031e 2501     		.2byte	0x125
 787 0320 A1020000 		.4byte	0x2a1
 788 0324 02       		.byte	0x2
 789 0325 23       		.byte	0x23
 790 0326 18       		.uleb128 0x18
 791 0327 0D       		.uleb128 0xd
 792 0328 72313100 		.ascii	"r11\000"
 793 032c 06       		.byte	0x6
 794 032d 2601     		.2byte	0x126
 795 032f A1020000 		.4byte	0x2a1
 796 0333 02       		.byte	0x2
 797 0334 23       		.byte	0x23
 798 0335 1C       		.uleb128 0x1c
 799 0336 0D       		.uleb128 0xd
 800 0337 6C7200   		.ascii	"lr\000"
 801 033a 06       		.byte	0x6
 802 033b 2701     		.2byte	0x127
 803 033d A1020000 		.4byte	0x2a1
 804 0341 02       		.byte	0x2
 805 0342 23       		.byte	0x23
 806 0343 20       		.uleb128 0x20
 807 0344 00       		.byte	0x0
 808 0345 0C       		.uleb128 0xc
 809 0346 7C010000 		.4byte	.LASF49
 810 034a 04       		.byte	0x4
 811 034b 06       		.byte	0x6
 812 034c 3101     		.2byte	0x131
 813 034e 62030000 		.4byte	0x362
 814 0352 0D       		.uleb128 0xd
 815 0353 72313300 		.ascii	"r13\000"
 816 0357 06       		.byte	0x6
 817 0358 3201     		.2byte	0x132
 818 035a 62030000 		.4byte	0x362
 819 035e 02       		.byte	0x2
 820 035f 23       		.byte	0x23
 821 0360 00       		.uleb128 0x0
 822 0361 00       		.byte	0x0
 823 0362 05       		.uleb128 0x5
 824 0363 04       		.byte	0x4
 825 0364 B7020000 		.4byte	0x2b7
 826 0368 0E       		.uleb128 0xe
 827 0369 A4000000 		.4byte	0xa4
 828 036d 07       		.uleb128 0x7
 829 036e 8A030000 		.4byte	.LASF50
 830 0372 07       		.byte	0x7
 831 0373 58       		.byte	0x58
 832 0374 78030000 		.4byte	0x378
 833 0378 05       		.uleb128 0x5
 834 0379 04       		.byte	0x4
 835 037a 7E030000 		.4byte	0x37e
 836 037e 0F       		.uleb128 0xf
 837 037f 01       		.byte	0x1
ARM GAS  C:\Users\DNIEL~1\AppData\Local\Temp\ccy8V3zE.s 			page 16


 838 0380 8A030000 		.4byte	0x38a
 839 0384 10       		.uleb128 0x10
 840 0385 30000000 		.4byte	0x30
 841 0389 00       		.byte	0x0
 842 038a 07       		.uleb128 0x7
 843 038b 63010000 		.4byte	.LASF51
 844 038f 07       		.byte	0x7
 845 0390 5D       		.byte	0x5d
 846 0391 95030000 		.4byte	0x395
 847 0395 08       		.uleb128 0x8
 848 0396 63010000 		.4byte	.LASF51
 849 039a 14       		.byte	0x14
 850 039b 07       		.byte	0x7
 851 039c 64       		.byte	0x64
 852 039d E8030000 		.4byte	0x3e8
 853 03a1 09       		.uleb128 0x9
 854 03a2 44010000 		.4byte	.LASF52
 855 03a6 07       		.byte	0x7
 856 03a7 65       		.byte	0x65
 857 03a8 E8030000 		.4byte	0x3e8
 858 03ac 02       		.byte	0x2
 859 03ad 23       		.byte	0x23
 860 03ae 00       		.uleb128 0x0
 861 03af 09       		.uleb128 0x9
 862 03b0 1A010000 		.4byte	.LASF53
 863 03b4 07       		.byte	0x7
 864 03b5 67       		.byte	0x67
 865 03b6 E8030000 		.4byte	0x3e8
 866 03ba 02       		.byte	0x2
 867 03bb 23       		.byte	0x23
 868 03bc 04       		.uleb128 0x4
 869 03bd 09       		.uleb128 0x9
 870 03be DB010000 		.4byte	.LASF54
 871 03c2 07       		.byte	0x7
 872 03c3 69       		.byte	0x69
 873 03c4 0E010000 		.4byte	0x10e
 874 03c8 02       		.byte	0x2
 875 03c9 23       		.byte	0x23
 876 03ca 08       		.uleb128 0x8
 877 03cb 09       		.uleb128 0x9
 878 03cc E9010000 		.4byte	.LASF55
 879 03d0 07       		.byte	0x7
 880 03d1 6A       		.byte	0x6a
 881 03d2 6D030000 		.4byte	0x36d
 882 03d6 02       		.byte	0x2
 883 03d7 23       		.byte	0x23
 884 03d8 0C       		.uleb128 0xc
 885 03d9 09       		.uleb128 0x9
 886 03da C7030000 		.4byte	.LASF56
 887 03de 07       		.byte	0x7
 888 03df 6C       		.byte	0x6c
 889 03e0 30000000 		.4byte	0x30
 890 03e4 02       		.byte	0x2
 891 03e5 23       		.byte	0x23
 892 03e6 10       		.uleb128 0x10
 893 03e7 00       		.byte	0x0
 894 03e8 05       		.uleb128 0x5
ARM GAS  C:\Users\DNIEL~1\AppData\Local\Temp\ccy8V3zE.s 			page 17


 895 03e9 04       		.byte	0x4
 896 03ea 8A030000 		.4byte	0x38a
 897 03ee 0B       		.uleb128 0xb
 898 03ef 10       		.byte	0x10
 899 03f0 07       		.byte	0x7
 900 03f1 76       		.byte	0x76
 901 03f2 2F040000 		.4byte	0x42f
 902 03f6 09       		.uleb128 0x9
 903 03f7 44010000 		.4byte	.LASF52
 904 03fb 07       		.byte	0x7
 905 03fc 77       		.byte	0x77
 906 03fd E8030000 		.4byte	0x3e8
 907 0401 02       		.byte	0x2
 908 0402 23       		.byte	0x23
 909 0403 00       		.uleb128 0x0
 910 0404 09       		.uleb128 0x9
 911 0405 1A010000 		.4byte	.LASF53
 912 0409 07       		.byte	0x7
 913 040a 79       		.byte	0x79
 914 040b E8030000 		.4byte	0x3e8
 915 040f 02       		.byte	0x2
 916 0410 23       		.byte	0x23
 917 0411 04       		.uleb128 0x4
 918 0412 09       		.uleb128 0x9
 919 0413 DB010000 		.4byte	.LASF54
 920 0417 07       		.byte	0x7
 921 0418 7B       		.byte	0x7b
 922 0419 0E010000 		.4byte	0x10e
 923 041d 02       		.byte	0x2
 924 041e 23       		.byte	0x23
 925 041f 08       		.uleb128 0x8
 926 0420 09       		.uleb128 0x9
 927 0421 42030000 		.4byte	.LASF57
 928 0425 07       		.byte	0x7
 929 0426 7C       		.byte	0x7c
 930 0427 2F040000 		.4byte	0x42f
 931 042b 02       		.byte	0x2
 932 042c 23       		.byte	0x23
 933 042d 0C       		.uleb128 0xc
 934 042e 00       		.byte	0x0
 935 042f 0E       		.uleb128 0xe
 936 0430 0E010000 		.4byte	0x10e
 937 0434 07       		.uleb128 0x7
 938 0435 1A040000 		.4byte	.LASF58
 939 0439 07       		.byte	0x7
 940 043a 7D       		.byte	0x7d
 941 043b EE030000 		.4byte	0x3ee
 942 043f 0B       		.uleb128 0xb
 943 0440 1C       		.byte	0x1c
 944 0441 08       		.byte	0x8
 945 0442 5E       		.byte	0x5e
 946 0443 9C040000 		.4byte	0x49c
 947 0447 09       		.uleb128 0x9
 948 0448 3A030000 		.4byte	.LASF59
 949 044c 08       		.byte	0x8
 950 044d 5F       		.byte	0x5f
 951 044e 74020000 		.4byte	0x274
ARM GAS  C:\Users\DNIEL~1\AppData\Local\Temp\ccy8V3zE.s 			page 18


 952 0452 02       		.byte	0x2
 953 0453 23       		.byte	0x23
 954 0454 00       		.uleb128 0x0
 955 0455 09       		.uleb128 0x9
 956 0456 02030000 		.4byte	.LASF60
 957 045a 08       		.byte	0x8
 958 045b 60       		.byte	0x60
 959 045c ED000000 		.4byte	0xed
 960 0460 02       		.byte	0x2
 961 0461 23       		.byte	0x23
 962 0462 08       		.uleb128 0x8
 963 0463 09       		.uleb128 0x9
 964 0464 0A020000 		.4byte	.LASF61
 965 0468 08       		.byte	0x8
 966 0469 62       		.byte	0x62
 967 046a 45030000 		.4byte	0x345
 968 046e 02       		.byte	0x2
 969 046f 23       		.byte	0x23
 970 0470 0C       		.uleb128 0xc
 971 0471 09       		.uleb128 0x9
 972 0472 09010000 		.4byte	.LASF62
 973 0476 08       		.byte	0x8
 974 0477 65       		.byte	0x65
 975 0478 6E020000 		.4byte	0x26e
 976 047c 02       		.byte	0x2
 977 047d 23       		.byte	0x23
 978 047e 10       		.uleb128 0x10
 979 047f 09       		.uleb128 0x9
 980 0480 1F020000 		.4byte	.LASF63
 981 0484 08       		.byte	0x8
 982 0485 66       		.byte	0x66
 983 0486 6E020000 		.4byte	0x26e
 984 048a 02       		.byte	0x2
 985 048b 23       		.byte	0x23
 986 048c 14       		.uleb128 0x14
 987 048d 09       		.uleb128 0x9
 988 048e 15020000 		.4byte	.LASF64
 989 0492 08       		.byte	0x8
 990 0493 69       		.byte	0x69
 991 0494 6E020000 		.4byte	0x26e
 992 0498 02       		.byte	0x2
 993 0499 23       		.byte	0x23
 994 049a 18       		.uleb128 0x18
 995 049b 00       		.byte	0x0
 996 049c 07       		.uleb128 0x7
 997 049d D5030000 		.4byte	.LASF65
 998 04a1 08       		.byte	0x8
 999 04a2 6B       		.byte	0x6b
 1000 04a3 3F040000 		.4byte	0x43f
 1001 04a7 08       		.uleb128 0x8
 1002 04a8 C2010000 		.4byte	.LASF66
 1003 04ac 10       		.byte	0x10
 1004 04ad 09       		.byte	0x9
 1005 04ae 2C       		.byte	0x2c
 1006 04af DE040000 		.4byte	0x4de
 1007 04b3 09       		.uleb128 0x9
 1008 04b4 BC000000 		.4byte	.LASF67
ARM GAS  C:\Users\DNIEL~1\AppData\Local\Temp\ccy8V3zE.s 			page 19


 1009 04b8 09       		.byte	0x9
 1010 04b9 2D       		.byte	0x2d
 1011 04ba 74020000 		.4byte	0x274
 1012 04be 02       		.byte	0x2
 1013 04bf 23       		.byte	0x23
 1014 04c0 00       		.uleb128 0x0
 1015 04c1 09       		.uleb128 0x9
 1016 04c2 26040000 		.4byte	.LASF68
 1017 04c6 09       		.byte	0x9
 1018 04c7 2F       		.byte	0x2f
 1019 04c8 6E020000 		.4byte	0x26e
 1020 04cc 02       		.byte	0x2
 1021 04cd 23       		.byte	0x23
 1022 04ce 08       		.uleb128 0x8
 1023 04cf 09       		.uleb128 0x9
 1024 04d0 6E030000 		.4byte	.LASF69
 1025 04d4 09       		.byte	0x9
 1026 04d5 31       		.byte	0x31
 1027 04d6 DE040000 		.4byte	0x4de
 1028 04da 02       		.byte	0x2
 1029 04db 23       		.byte	0x23
 1030 04dc 0C       		.uleb128 0xc
 1031 04dd 00       		.byte	0x0
 1032 04de 05       		.uleb128 0x5
 1033 04df 04       		.byte	0x4
 1034 04e0 A7040000 		.4byte	0x4a7
 1035 04e4 07       		.uleb128 0x7
 1036 04e5 C2010000 		.4byte	.LASF66
 1037 04e9 09       		.byte	0x9
 1038 04ea 33       		.byte	0x33
 1039 04eb A7040000 		.4byte	0x4a7
 1040 04ef 11       		.uleb128 0x11
 1041 04f0 04       		.byte	0x4
 1042 04f1 05       		.byte	0x5
 1043 04f2 96       		.byte	0x96
 1044 04f3 24050000 		.4byte	0x524
 1045 04f7 12       		.uleb128 0x12
 1046 04f8 0B000000 		.4byte	.LASF70
 1047 04fc 05       		.byte	0x5
 1048 04fd 9D       		.byte	0x9d
 1049 04fe F8000000 		.4byte	0xf8
 1050 0502 12       		.uleb128 0x12
 1051 0503 4F000000 		.4byte	.LASF71
 1052 0507 05       		.byte	0x5
 1053 0508 A4       		.byte	0xa4
 1054 0509 F8000000 		.4byte	0xf8
 1055 050d 12       		.uleb128 0x12
 1056 050e FA030000 		.4byte	.LASF72
 1057 0512 05       		.byte	0x5
 1058 0513 AB       		.byte	0xab
 1059 0514 30000000 		.4byte	0x30
 1060 0518 12       		.uleb128 0x12
 1061 0519 09030000 		.4byte	.LASF73
 1062 051d 05       		.byte	0x5
 1063 051e B2       		.byte	0xb2
 1064 051f 03010000 		.4byte	0x103
 1065 0523 00       		.byte	0x0
ARM GAS  C:\Users\DNIEL~1\AppData\Local\Temp\ccy8V3zE.s 			page 20


 1066 0524 05       		.uleb128 0x5
 1067 0525 04       		.byte	0x4
 1068 0526 E4040000 		.4byte	0x4e4
 1069 052a 0E       		.uleb128 0xe
 1070 052b 99000000 		.4byte	0x99
 1071 052f 0B       		.uleb128 0xb
 1072 0530 04       		.byte	0x4
 1073 0531 0A       		.byte	0xa
 1074 0532 96       		.byte	0x96
 1075 0533 54050000 		.4byte	0x554
 1076 0537 0A       		.uleb128 0xa
 1077 0538 73657400 		.ascii	"set\000"
 1078 053c 0A       		.byte	0xa
 1079 053d 97       		.byte	0x97
 1080 053e 8E000000 		.4byte	0x8e
 1081 0542 02       		.byte	0x2
 1082 0543 23       		.byte	0x23
 1083 0544 00       		.uleb128 0x0
 1084 0545 09       		.uleb128 0x9
 1085 0546 E3010000 		.4byte	.LASF74
 1086 054a 0A       		.byte	0xa
 1087 054b 98       		.byte	0x98
 1088 054c 8E000000 		.4byte	0x8e
 1089 0550 02       		.byte	0x2
 1090 0551 23       		.byte	0x23
 1091 0552 02       		.uleb128 0x2
 1092 0553 00       		.byte	0x0
 1093 0554 11       		.uleb128 0x11
 1094 0555 04       		.byte	0x4
 1095 0556 0A       		.byte	0xa
 1096 0557 94       		.byte	0x94
 1097 0558 6F050000 		.4byte	0x56f
 1098 055c 13       		.uleb128 0x13
 1099 055d 5700     		.ascii	"W\000"
 1100 055f 0A       		.byte	0xa
 1101 0560 95       		.byte	0x95
 1102 0561 A4000000 		.4byte	0xa4
 1103 0565 13       		.uleb128 0x13
 1104 0566 4800     		.ascii	"H\000"
 1105 0568 0A       		.byte	0xa
 1106 0569 99       		.byte	0x99
 1107 056a 2F050000 		.4byte	0x52f
 1108 056e 00       		.byte	0x0
 1109 056f 0B       		.uleb128 0xb
 1110 0570 28       		.byte	0x28
 1111 0571 0A       		.byte	0xa
 1112 0572 8C       		.byte	0x8c
 1113 0573 04060000 		.4byte	0x604
 1114 0577 09       		.uleb128 0x9
 1115 0578 36000000 		.4byte	.LASF75
 1116 057c 0A       		.byte	0xa
 1117 057d 8E       		.byte	0x8e
 1118 057e 68030000 		.4byte	0x368
 1119 0582 02       		.byte	0x2
 1120 0583 23       		.byte	0x23
 1121 0584 00       		.uleb128 0x0
 1122 0585 09       		.uleb128 0x9
ARM GAS  C:\Users\DNIEL~1\AppData\Local\Temp\ccy8V3zE.s 			page 21


 1123 0586 1B000000 		.4byte	.LASF76
 1124 058a 0A       		.byte	0xa
 1125 058b 8F       		.byte	0x8f
 1126 058c 68030000 		.4byte	0x368
 1127 0590 02       		.byte	0x2
 1128 0591 23       		.byte	0x23
 1129 0592 04       		.uleb128 0x4
 1130 0593 09       		.uleb128 0x9
 1131 0594 01010000 		.4byte	.LASF77
 1132 0598 0A       		.byte	0xa
 1133 0599 90       		.byte	0x90
 1134 059a 68030000 		.4byte	0x368
 1135 059e 02       		.byte	0x2
 1136 059f 23       		.byte	0x23
 1137 05a0 08       		.uleb128 0x8
 1138 05a1 09       		.uleb128 0x9
 1139 05a2 49000000 		.4byte	.LASF78
 1140 05a6 0A       		.byte	0xa
 1141 05a7 91       		.byte	0x91
 1142 05a8 68030000 		.4byte	0x368
 1143 05ac 02       		.byte	0x2
 1144 05ad 23       		.byte	0x23
 1145 05ae 0C       		.uleb128 0xc
 1146 05af 0A       		.uleb128 0xa
 1147 05b0 49445200 		.ascii	"IDR\000"
 1148 05b4 0A       		.byte	0xa
 1149 05b5 92       		.byte	0x92
 1150 05b6 68030000 		.4byte	0x368
 1151 05ba 02       		.byte	0x2
 1152 05bb 23       		.byte	0x23
 1153 05bc 10       		.uleb128 0x10
 1154 05bd 0A       		.uleb128 0xa
 1155 05be 4F445200 		.ascii	"ODR\000"
 1156 05c2 0A       		.byte	0xa
 1157 05c3 93       		.byte	0x93
 1158 05c4 68030000 		.4byte	0x368
 1159 05c8 02       		.byte	0x2
 1160 05c9 23       		.byte	0x23
 1161 05ca 14       		.uleb128 0x14
 1162 05cb 09       		.uleb128 0x9
 1163 05cc 86000000 		.4byte	.LASF79
 1164 05d0 0A       		.byte	0xa
 1165 05d1 9A       		.byte	0x9a
 1166 05d2 04060000 		.4byte	0x604
 1167 05d6 02       		.byte	0x2
 1168 05d7 23       		.byte	0x23
 1169 05d8 18       		.uleb128 0x18
 1170 05d9 09       		.uleb128 0x9
 1171 05da 59010000 		.4byte	.LASF80
 1172 05de 0A       		.byte	0xa
 1173 05df 9B       		.byte	0x9b
 1174 05e0 68030000 		.4byte	0x368
 1175 05e4 02       		.byte	0x2
 1176 05e5 23       		.byte	0x23
 1177 05e6 1C       		.uleb128 0x1c
 1178 05e7 09       		.uleb128 0x9
 1179 05e8 32020000 		.4byte	.LASF81
ARM GAS  C:\Users\DNIEL~1\AppData\Local\Temp\ccy8V3zE.s 			page 22


 1180 05ec 0A       		.byte	0xa
 1181 05ed 9C       		.byte	0x9c
 1182 05ee 68030000 		.4byte	0x368
 1183 05f2 02       		.byte	0x2
 1184 05f3 23       		.byte	0x23
 1185 05f4 20       		.uleb128 0x20
 1186 05f5 09       		.uleb128 0x9
 1187 05f6 27020000 		.4byte	.LASF82
 1188 05fa 0A       		.byte	0xa
 1189 05fb 9D       		.byte	0x9d
 1190 05fc 68030000 		.4byte	0x368
 1191 0600 02       		.byte	0x2
 1192 0601 23       		.byte	0x23
 1193 0602 24       		.uleb128 0x24
 1194 0603 00       		.byte	0x0
 1195 0604 0E       		.uleb128 0xe
 1196 0605 54050000 		.4byte	0x554
 1197 0609 07       		.uleb128 0x7
 1198 060a 4C010000 		.4byte	.LASF83
 1199 060e 0A       		.byte	0xa
 1200 060f 9E       		.byte	0x9e
 1201 0610 6F050000 		.4byte	0x56f
 1202 0614 07       		.uleb128 0x7
 1203 0615 29000000 		.4byte	.LASF84
 1204 0619 0A       		.byte	0xa
 1205 061a F0       		.byte	0xf0
 1206 061b A4000000 		.4byte	0xa4
 1207 061f 14       		.uleb128 0x14
 1208 0620 AC020000 		.4byte	0x2ac
 1209 0624 2F060000 		.4byte	0x62f
 1210 0628 15       		.uleb128 0x15
 1211 0629 29000000 		.4byte	0x29
 1212 062d 29       		.byte	0x29
 1213 062e 00       		.byte	0x0
 1214 062f 16       		.uleb128 0x16
 1215 0630 50020000 		.4byte	.LASF111
 1216 0634 01       		.byte	0x1
 1217 0635 0B       		.byte	0xb
 1218 0636 06       		.byte	0x6
 1219 0637 66060000 		.4byte	0x666
 1220 063b 17       		.uleb128 0x17
 1221 063c 5E030000 		.4byte	.LASF85
 1222 0640 00       		.sleb128 0
 1223 0641 17       		.uleb128 0x17
 1224 0642 C7020000 		.4byte	.LASF86
 1225 0646 01       		.sleb128 1
 1226 0647 17       		.uleb128 0x17
 1227 0648 E5030000 		.4byte	.LASF87
 1228 064c 02       		.sleb128 2
 1229 064d 17       		.uleb128 0x17
 1230 064e 68020000 		.4byte	.LASF88
 1231 0652 03       		.sleb128 3
 1232 0653 17       		.uleb128 0x17
 1233 0654 B7030000 		.4byte	.LASF89
 1234 0658 04       		.sleb128 4
 1235 0659 17       		.uleb128 0x17
 1236 065a 3A010000 		.4byte	.LASF90
ARM GAS  C:\Users\DNIEL~1\AppData\Local\Temp\ccy8V3zE.s 			page 23


 1237 065e 05       		.sleb128 5
 1238 065f 17       		.uleb128 0x17
 1239 0660 F9010000 		.4byte	.LASF91
 1240 0664 06       		.sleb128 6
 1241 0665 00       		.byte	0x0
 1242 0666 08       		.uleb128 0x8
 1243 0667 A5030000 		.4byte	.LASF92
 1244 066b 06       		.byte	0x6
 1245 066c 0B       		.byte	0xb
 1246 066d 11       		.byte	0x11
 1247 066e AA060000 		.4byte	0x6aa
 1248 0672 0A       		.uleb128 0xa
 1249 0673 696400   		.ascii	"id\000"
 1250 0676 0B       		.byte	0xb
 1251 0677 13       		.byte	0x13
 1252 0678 83000000 		.4byte	0x83
 1253 067c 02       		.byte	0x2
 1254 067d 23       		.byte	0x23
 1255 067e 00       		.uleb128 0x0
 1256 067f 09       		.uleb128 0x9
 1257 0680 F1010000 		.4byte	.LASF93
 1258 0684 0B       		.byte	0xb
 1259 0685 14       		.byte	0x14
 1260 0686 8E000000 		.4byte	0x8e
 1261 068a 02       		.byte	0x2
 1262 068b 23       		.byte	0x23
 1263 068c 02       		.uleb128 0x2
 1264 068d 09       		.uleb128 0x9
 1265 068e 84010000 		.4byte	.LASF94
 1266 0692 0B       		.byte	0xb
 1267 0693 15       		.byte	0x15
 1268 0694 83000000 		.4byte	0x83
 1269 0698 02       		.byte	0x2
 1270 0699 23       		.byte	0x23
 1271 069a 04       		.uleb128 0x4
 1272 069b 09       		.uleb128 0x9
 1273 069c 5E010000 		.4byte	.LASF95
 1274 06a0 0B       		.byte	0xb
 1275 06a1 16       		.byte	0x16
 1276 06a2 2F060000 		.4byte	0x62f
 1277 06a6 02       		.byte	0x2
 1278 06a7 23       		.byte	0x23
 1279 06a8 05       		.uleb128 0x5
 1280 06a9 00       		.byte	0x0
 1281 06aa 02       		.uleb128 0x2
 1282 06ab 08       		.byte	0x8
 1283 06ac 04       		.byte	0x4
 1284 06ad F2000000 		.4byte	.LASF96
 1285 06b1 02       		.uleb128 0x2
 1286 06b2 04       		.byte	0x4
 1287 06b3 04       		.byte	0x4
 1288 06b4 2C020000 		.4byte	.LASF97
 1289 06b8 02       		.uleb128 0x2
 1290 06b9 08       		.byte	0x8
 1291 06ba 04       		.byte	0x4
 1292 06bb 4D030000 		.4byte	.LASF98
 1293 06bf 18       		.uleb128 0x18
ARM GAS  C:\Users\DNIEL~1\AppData\Local\Temp\ccy8V3zE.s 			page 24


 1294 06c0 D3010000 		.4byte	.LASF99
 1295 06c4 01       		.byte	0x1
 1296 06c5 24       		.byte	0x24
 1297 06c6 01       		.byte	0x1
 1298 06c7 F8000000 		.4byte	0xf8
 1299 06cb 00000000 		.4byte	.LFB119
 1300 06cf 50000000 		.4byte	.LFE119
 1301 06d3 00000000 		.4byte	.LLST0
 1302 06d7 FC060000 		.4byte	0x6fc
 1303 06db 19       		.uleb128 0x19
 1304 06dc 61726700 		.ascii	"arg\000"
 1305 06e0 01       		.byte	0x1
 1306 06e1 24       		.byte	0x24
 1307 06e2 30000000 		.4byte	0x30
 1308 06e6 20000000 		.4byte	.LLST1
 1309 06ea 1A       		.uleb128 0x1a
 1310 06eb 00000000 		.4byte	.Ldebug_ranges0+0x0
 1311 06ef 1B       		.uleb128 0x1b
 1312 06f0 10020000 		.4byte	.LASF104
 1313 06f4 01       		.byte	0x1
 1314 06f5 29       		.byte	0x29
 1315 06f6 0E010000 		.4byte	0x10e
 1316 06fa 00       		.byte	0x0
 1317 06fb 00       		.byte	0x0
 1318 06fc 18       		.uleb128 0x18
 1319 06fd CE000000 		.4byte	.LASF100
 1320 0701 01       		.byte	0x1
 1321 0702 43       		.byte	0x43
 1322 0703 01       		.byte	0x1
 1323 0704 F8000000 		.4byte	0xf8
 1324 0708 00000000 		.4byte	.LFB120
 1325 070c 48000000 		.4byte	.LFE120
 1326 0710 33000000 		.4byte	.LLST2
 1327 0714 37070000 		.4byte	0x737
 1328 0718 19       		.uleb128 0x19
 1329 0719 61726700 		.ascii	"arg\000"
 1330 071d 01       		.byte	0x1
 1331 071e 43       		.byte	0x43
 1332 071f 30000000 		.4byte	0x30
 1333 0723 53000000 		.4byte	.LLST3
 1334 0727 1C       		.uleb128 0x1c
 1335 0728 10020000 		.4byte	.LASF104
 1336 072c 01       		.byte	0x1
 1337 072d 44       		.byte	0x44
 1338 072e 0E010000 		.4byte	0x10e
 1339 0732 66000000 		.4byte	.LLST4
 1340 0736 00       		.byte	0x0
 1341 0737 1D       		.uleb128 0x1d
 1342 0738 01       		.byte	0x1
 1343 0739 21040000 		.4byte	.LASF112
 1344 073d 01       		.byte	0x1
 1345 073e 5E       		.byte	0x5e
 1346 073f 01       		.byte	0x1
 1347 0740 4E000000 		.4byte	0x4e
 1348 0744 00000000 		.4byte	.LFB121
 1349 0748 94000000 		.4byte	.LFE121
 1350 074c 84000000 		.4byte	.LLST5
ARM GAS  C:\Users\DNIEL~1\AppData\Local\Temp\ccy8V3zE.s 			page 25


 1351 0750 1E       		.uleb128 0x1e
 1352 0751 22000000 		.4byte	.LASF101
 1353 0755 07       		.byte	0x7
 1354 0756 F5       		.byte	0xf5
 1355 0757 34040000 		.4byte	0x434
 1356 075b 01       		.byte	0x1
 1357 075c 01       		.byte	0x1
 1358 075d 1E       		.uleb128 0x1e
 1359 075e DF030000 		.4byte	.LASF102
 1360 0762 08       		.byte	0x8
 1361 0763 6F       		.byte	0x6f
 1362 0764 9C040000 		.4byte	0x49c
 1363 0768 01       		.byte	0x1
 1364 0769 01       		.byte	0x1
 1365 076a 1F       		.uleb128 0x1f
 1366 076b 58000000 		.4byte	.LASF103
 1367 076f 0C       		.byte	0xc
 1368 0770 9806     		.2byte	0x698
 1369 0772 2A050000 		.4byte	0x52a
 1370 0776 01       		.byte	0x1
 1371 0777 01       		.byte	0x1
 1372 0778 14       		.uleb128 0x14
 1373 0779 66060000 		.4byte	0x666
 1374 077d 88070000 		.4byte	0x788
 1375 0781 15       		.uleb128 0x15
 1376 0782 29000000 		.4byte	0x29
 1377 0786 05       		.byte	0x5
 1378 0787 00       		.byte	0x0
 1379 0788 1B       		.uleb128 0x1b
 1380 0789 70010000 		.4byte	.LASF105
 1381 078d 0B       		.byte	0xb
 1382 078e 1E       		.byte	0x1e
 1383 078f 78070000 		.4byte	0x778
 1384 0793 20       		.uleb128 0x20
 1385 0794 37020000 		.4byte	.LASF106
 1386 0798 01       		.byte	0x1
 1387 0799 23       		.byte	0x23
 1388 079a 1F060000 		.4byte	0x61f
 1389 079e 05       		.byte	0x5
 1390 079f 03       		.byte	0x3
 1391 07a0 00000000 		.4byte	waThread1
 1392 07a4 14       		.uleb128 0x14
 1393 07a5 AC020000 		.4byte	0x2ac
 1394 07a9 B4070000 		.4byte	0x7b4
 1395 07ad 15       		.uleb128 0x15
 1396 07ae 29000000 		.4byte	0x29
 1397 07b2 59       		.byte	0x59
 1398 07b3 00       		.byte	0x0
 1399 07b4 20       		.uleb128 0x20
 1400 07b5 93030000 		.4byte	.LASF107
 1401 07b9 01       		.byte	0x1
 1402 07ba 42       		.byte	0x42
 1403 07bb A4070000 		.4byte	0x7a4
 1404 07bf 05       		.byte	0x5
 1405 07c0 03       		.byte	0x3
 1406 07c1 00000000 		.4byte	watask20ms
 1407 07c5 1E       		.uleb128 0x1e
ARM GAS  C:\Users\DNIEL~1\AppData\Local\Temp\ccy8V3zE.s 			page 26


 1408 07c6 22000000 		.4byte	.LASF101
 1409 07ca 07       		.byte	0x7
 1410 07cb F5       		.byte	0xf5
 1411 07cc 34040000 		.4byte	0x434
 1412 07d0 01       		.byte	0x1
 1413 07d1 01       		.byte	0x1
 1414 07d2 1E       		.uleb128 0x1e
 1415 07d3 DF030000 		.4byte	.LASF102
 1416 07d7 08       		.byte	0x8
 1417 07d8 6F       		.byte	0x6f
 1418 07d9 9C040000 		.4byte	0x49c
 1419 07dd 01       		.byte	0x1
 1420 07de 01       		.byte	0x1
 1421 07df 1F       		.uleb128 0x1f
 1422 07e0 58000000 		.4byte	.LASF103
 1423 07e4 0C       		.byte	0xc
 1424 07e5 9806     		.2byte	0x698
 1425 07e7 2A050000 		.4byte	0x52a
 1426 07eb 01       		.byte	0x1
 1427 07ec 01       		.byte	0x1
 1428 07ed 00       		.byte	0x0
 1429              		.section	.debug_abbrev
 1430 0000 01       		.uleb128 0x1
 1431 0001 11       		.uleb128 0x11
 1432 0002 01       		.byte	0x1
 1433 0003 25       		.uleb128 0x25
 1434 0004 0E       		.uleb128 0xe
 1435 0005 13       		.uleb128 0x13
 1436 0006 0B       		.uleb128 0xb
 1437 0007 03       		.uleb128 0x3
 1438 0008 0E       		.uleb128 0xe
 1439 0009 1B       		.uleb128 0x1b
 1440 000a 0E       		.uleb128 0xe
 1441 000b 11       		.uleb128 0x11
 1442 000c 01       		.uleb128 0x1
 1443 000d 52       		.uleb128 0x52
 1444 000e 01       		.uleb128 0x1
 1445 000f 55       		.uleb128 0x55
 1446 0010 06       		.uleb128 0x6
 1447 0011 10       		.uleb128 0x10
 1448 0012 06       		.uleb128 0x6
 1449 0013 00       		.byte	0x0
 1450 0014 00       		.byte	0x0
 1451 0015 02       		.uleb128 0x2
 1452 0016 24       		.uleb128 0x24
 1453 0017 00       		.byte	0x0
 1454 0018 0B       		.uleb128 0xb
 1455 0019 0B       		.uleb128 0xb
 1456 001a 3E       		.uleb128 0x3e
 1457 001b 0B       		.uleb128 0xb
 1458 001c 03       		.uleb128 0x3
 1459 001d 0E       		.uleb128 0xe
 1460 001e 00       		.byte	0x0
 1461 001f 00       		.byte	0x0
 1462 0020 03       		.uleb128 0x3
 1463 0021 0F       		.uleb128 0xf
 1464 0022 00       		.byte	0x0
ARM GAS  C:\Users\DNIEL~1\AppData\Local\Temp\ccy8V3zE.s 			page 27


 1465 0023 0B       		.uleb128 0xb
 1466 0024 0B       		.uleb128 0xb
 1467 0025 00       		.byte	0x0
 1468 0026 00       		.byte	0x0
 1469 0027 04       		.uleb128 0x4
 1470 0028 24       		.uleb128 0x24
 1471 0029 00       		.byte	0x0
 1472 002a 0B       		.uleb128 0xb
 1473 002b 0B       		.uleb128 0xb
 1474 002c 3E       		.uleb128 0x3e
 1475 002d 0B       		.uleb128 0xb
 1476 002e 03       		.uleb128 0x3
 1477 002f 08       		.uleb128 0x8
 1478 0030 00       		.byte	0x0
 1479 0031 00       		.byte	0x0
 1480 0032 05       		.uleb128 0x5
 1481 0033 0F       		.uleb128 0xf
 1482 0034 00       		.byte	0x0
 1483 0035 0B       		.uleb128 0xb
 1484 0036 0B       		.uleb128 0xb
 1485 0037 49       		.uleb128 0x49
 1486 0038 13       		.uleb128 0x13
 1487 0039 00       		.byte	0x0
 1488 003a 00       		.byte	0x0
 1489 003b 06       		.uleb128 0x6
 1490 003c 26       		.uleb128 0x26
 1491 003d 00       		.byte	0x0
 1492 003e 49       		.uleb128 0x49
 1493 003f 13       		.uleb128 0x13
 1494 0040 00       		.byte	0x0
 1495 0041 00       		.byte	0x0
 1496 0042 07       		.uleb128 0x7
 1497 0043 16       		.uleb128 0x16
 1498 0044 00       		.byte	0x0
 1499 0045 03       		.uleb128 0x3
 1500 0046 0E       		.uleb128 0xe
 1501 0047 3A       		.uleb128 0x3a
 1502 0048 0B       		.uleb128 0xb
 1503 0049 3B       		.uleb128 0x3b
 1504 004a 0B       		.uleb128 0xb
 1505 004b 49       		.uleb128 0x49
 1506 004c 13       		.uleb128 0x13
 1507 004d 00       		.byte	0x0
 1508 004e 00       		.byte	0x0
 1509 004f 08       		.uleb128 0x8
 1510 0050 13       		.uleb128 0x13
 1511 0051 01       		.byte	0x1
 1512 0052 03       		.uleb128 0x3
 1513 0053 0E       		.uleb128 0xe
 1514 0054 0B       		.uleb128 0xb
 1515 0055 0B       		.uleb128 0xb
 1516 0056 3A       		.uleb128 0x3a
 1517 0057 0B       		.uleb128 0xb
 1518 0058 3B       		.uleb128 0x3b
 1519 0059 0B       		.uleb128 0xb
 1520 005a 01       		.uleb128 0x1
 1521 005b 13       		.uleb128 0x13
ARM GAS  C:\Users\DNIEL~1\AppData\Local\Temp\ccy8V3zE.s 			page 28


 1522 005c 00       		.byte	0x0
 1523 005d 00       		.byte	0x0
 1524 005e 09       		.uleb128 0x9
 1525 005f 0D       		.uleb128 0xd
 1526 0060 00       		.byte	0x0
 1527 0061 03       		.uleb128 0x3
 1528 0062 0E       		.uleb128 0xe
 1529 0063 3A       		.uleb128 0x3a
 1530 0064 0B       		.uleb128 0xb
 1531 0065 3B       		.uleb128 0x3b
 1532 0066 0B       		.uleb128 0xb
 1533 0067 49       		.uleb128 0x49
 1534 0068 13       		.uleb128 0x13
 1535 0069 38       		.uleb128 0x38
 1536 006a 0A       		.uleb128 0xa
 1537 006b 00       		.byte	0x0
 1538 006c 00       		.byte	0x0
 1539 006d 0A       		.uleb128 0xa
 1540 006e 0D       		.uleb128 0xd
 1541 006f 00       		.byte	0x0
 1542 0070 03       		.uleb128 0x3
 1543 0071 08       		.uleb128 0x8
 1544 0072 3A       		.uleb128 0x3a
 1545 0073 0B       		.uleb128 0xb
 1546 0074 3B       		.uleb128 0x3b
 1547 0075 0B       		.uleb128 0xb
 1548 0076 49       		.uleb128 0x49
 1549 0077 13       		.uleb128 0x13
 1550 0078 38       		.uleb128 0x38
 1551 0079 0A       		.uleb128 0xa
 1552 007a 00       		.byte	0x0
 1553 007b 00       		.byte	0x0
 1554 007c 0B       		.uleb128 0xb
 1555 007d 13       		.uleb128 0x13
 1556 007e 01       		.byte	0x1
 1557 007f 0B       		.uleb128 0xb
 1558 0080 0B       		.uleb128 0xb
 1559 0081 3A       		.uleb128 0x3a
 1560 0082 0B       		.uleb128 0xb
 1561 0083 3B       		.uleb128 0x3b
 1562 0084 0B       		.uleb128 0xb
 1563 0085 01       		.uleb128 0x1
 1564 0086 13       		.uleb128 0x13
 1565 0087 00       		.byte	0x0
 1566 0088 00       		.byte	0x0
 1567 0089 0C       		.uleb128 0xc
 1568 008a 13       		.uleb128 0x13
 1569 008b 01       		.byte	0x1
 1570 008c 03       		.uleb128 0x3
 1571 008d 0E       		.uleb128 0xe
 1572 008e 0B       		.uleb128 0xb
 1573 008f 0B       		.uleb128 0xb
 1574 0090 3A       		.uleb128 0x3a
 1575 0091 0B       		.uleb128 0xb
 1576 0092 3B       		.uleb128 0x3b
 1577 0093 05       		.uleb128 0x5
 1578 0094 01       		.uleb128 0x1
ARM GAS  C:\Users\DNIEL~1\AppData\Local\Temp\ccy8V3zE.s 			page 29


 1579 0095 13       		.uleb128 0x13
 1580 0096 00       		.byte	0x0
 1581 0097 00       		.byte	0x0
 1582 0098 0D       		.uleb128 0xd
 1583 0099 0D       		.uleb128 0xd
 1584 009a 00       		.byte	0x0
 1585 009b 03       		.uleb128 0x3
 1586 009c 08       		.uleb128 0x8
 1587 009d 3A       		.uleb128 0x3a
 1588 009e 0B       		.uleb128 0xb
 1589 009f 3B       		.uleb128 0x3b
 1590 00a0 05       		.uleb128 0x5
 1591 00a1 49       		.uleb128 0x49
 1592 00a2 13       		.uleb128 0x13
 1593 00a3 38       		.uleb128 0x38
 1594 00a4 0A       		.uleb128 0xa
 1595 00a5 00       		.byte	0x0
 1596 00a6 00       		.byte	0x0
 1597 00a7 0E       		.uleb128 0xe
 1598 00a8 35       		.uleb128 0x35
 1599 00a9 00       		.byte	0x0
 1600 00aa 49       		.uleb128 0x49
 1601 00ab 13       		.uleb128 0x13
 1602 00ac 00       		.byte	0x0
 1603 00ad 00       		.byte	0x0
 1604 00ae 0F       		.uleb128 0xf
 1605 00af 15       		.uleb128 0x15
 1606 00b0 01       		.byte	0x1
 1607 00b1 27       		.uleb128 0x27
 1608 00b2 0C       		.uleb128 0xc
 1609 00b3 01       		.uleb128 0x1
 1610 00b4 13       		.uleb128 0x13
 1611 00b5 00       		.byte	0x0
 1612 00b6 00       		.byte	0x0
 1613 00b7 10       		.uleb128 0x10
 1614 00b8 05       		.uleb128 0x5
 1615 00b9 00       		.byte	0x0
 1616 00ba 49       		.uleb128 0x49
 1617 00bb 13       		.uleb128 0x13
 1618 00bc 00       		.byte	0x0
 1619 00bd 00       		.byte	0x0
 1620 00be 11       		.uleb128 0x11
 1621 00bf 17       		.uleb128 0x17
 1622 00c0 01       		.byte	0x1
 1623 00c1 0B       		.uleb128 0xb
 1624 00c2 0B       		.uleb128 0xb
 1625 00c3 3A       		.uleb128 0x3a
 1626 00c4 0B       		.uleb128 0xb
 1627 00c5 3B       		.uleb128 0x3b
 1628 00c6 0B       		.uleb128 0xb
 1629 00c7 01       		.uleb128 0x1
 1630 00c8 13       		.uleb128 0x13
 1631 00c9 00       		.byte	0x0
 1632 00ca 00       		.byte	0x0
 1633 00cb 12       		.uleb128 0x12
 1634 00cc 0D       		.uleb128 0xd
 1635 00cd 00       		.byte	0x0
ARM GAS  C:\Users\DNIEL~1\AppData\Local\Temp\ccy8V3zE.s 			page 30


 1636 00ce 03       		.uleb128 0x3
 1637 00cf 0E       		.uleb128 0xe
 1638 00d0 3A       		.uleb128 0x3a
 1639 00d1 0B       		.uleb128 0xb
 1640 00d2 3B       		.uleb128 0x3b
 1641 00d3 0B       		.uleb128 0xb
 1642 00d4 49       		.uleb128 0x49
 1643 00d5 13       		.uleb128 0x13
 1644 00d6 00       		.byte	0x0
 1645 00d7 00       		.byte	0x0
 1646 00d8 13       		.uleb128 0x13
 1647 00d9 0D       		.uleb128 0xd
 1648 00da 00       		.byte	0x0
 1649 00db 03       		.uleb128 0x3
 1650 00dc 08       		.uleb128 0x8
 1651 00dd 3A       		.uleb128 0x3a
 1652 00de 0B       		.uleb128 0xb
 1653 00df 3B       		.uleb128 0x3b
 1654 00e0 0B       		.uleb128 0xb
 1655 00e1 49       		.uleb128 0x49
 1656 00e2 13       		.uleb128 0x13
 1657 00e3 00       		.byte	0x0
 1658 00e4 00       		.byte	0x0
 1659 00e5 14       		.uleb128 0x14
 1660 00e6 01       		.uleb128 0x1
 1661 00e7 01       		.byte	0x1
 1662 00e8 49       		.uleb128 0x49
 1663 00e9 13       		.uleb128 0x13
 1664 00ea 01       		.uleb128 0x1
 1665 00eb 13       		.uleb128 0x13
 1666 00ec 00       		.byte	0x0
 1667 00ed 00       		.byte	0x0
 1668 00ee 15       		.uleb128 0x15
 1669 00ef 21       		.uleb128 0x21
 1670 00f0 00       		.byte	0x0
 1671 00f1 49       		.uleb128 0x49
 1672 00f2 13       		.uleb128 0x13
 1673 00f3 2F       		.uleb128 0x2f
 1674 00f4 0B       		.uleb128 0xb
 1675 00f5 00       		.byte	0x0
 1676 00f6 00       		.byte	0x0
 1677 00f7 16       		.uleb128 0x16
 1678 00f8 04       		.uleb128 0x4
 1679 00f9 01       		.byte	0x1
 1680 00fa 03       		.uleb128 0x3
 1681 00fb 0E       		.uleb128 0xe
 1682 00fc 0B       		.uleb128 0xb
 1683 00fd 0B       		.uleb128 0xb
 1684 00fe 3A       		.uleb128 0x3a
 1685 00ff 0B       		.uleb128 0xb
 1686 0100 3B       		.uleb128 0x3b
 1687 0101 0B       		.uleb128 0xb
 1688 0102 01       		.uleb128 0x1
 1689 0103 13       		.uleb128 0x13
 1690 0104 00       		.byte	0x0
 1691 0105 00       		.byte	0x0
 1692 0106 17       		.uleb128 0x17
ARM GAS  C:\Users\DNIEL~1\AppData\Local\Temp\ccy8V3zE.s 			page 31


 1693 0107 28       		.uleb128 0x28
 1694 0108 00       		.byte	0x0
 1695 0109 03       		.uleb128 0x3
 1696 010a 0E       		.uleb128 0xe
 1697 010b 1C       		.uleb128 0x1c
 1698 010c 0D       		.uleb128 0xd
 1699 010d 00       		.byte	0x0
 1700 010e 00       		.byte	0x0
 1701 010f 18       		.uleb128 0x18
 1702 0110 2E       		.uleb128 0x2e
 1703 0111 01       		.byte	0x1
 1704 0112 03       		.uleb128 0x3
 1705 0113 0E       		.uleb128 0xe
 1706 0114 3A       		.uleb128 0x3a
 1707 0115 0B       		.uleb128 0xb
 1708 0116 3B       		.uleb128 0x3b
 1709 0117 0B       		.uleb128 0xb
 1710 0118 27       		.uleb128 0x27
 1711 0119 0C       		.uleb128 0xc
 1712 011a 49       		.uleb128 0x49
 1713 011b 13       		.uleb128 0x13
 1714 011c 11       		.uleb128 0x11
 1715 011d 01       		.uleb128 0x1
 1716 011e 12       		.uleb128 0x12
 1717 011f 01       		.uleb128 0x1
 1718 0120 40       		.uleb128 0x40
 1719 0121 06       		.uleb128 0x6
 1720 0122 01       		.uleb128 0x1
 1721 0123 13       		.uleb128 0x13
 1722 0124 00       		.byte	0x0
 1723 0125 00       		.byte	0x0
 1724 0126 19       		.uleb128 0x19
 1725 0127 05       		.uleb128 0x5
 1726 0128 00       		.byte	0x0
 1727 0129 03       		.uleb128 0x3
 1728 012a 08       		.uleb128 0x8
 1729 012b 3A       		.uleb128 0x3a
 1730 012c 0B       		.uleb128 0xb
 1731 012d 3B       		.uleb128 0x3b
 1732 012e 0B       		.uleb128 0xb
 1733 012f 49       		.uleb128 0x49
 1734 0130 13       		.uleb128 0x13
 1735 0131 02       		.uleb128 0x2
 1736 0132 06       		.uleb128 0x6
 1737 0133 00       		.byte	0x0
 1738 0134 00       		.byte	0x0
 1739 0135 1A       		.uleb128 0x1a
 1740 0136 0B       		.uleb128 0xb
 1741 0137 01       		.byte	0x1
 1742 0138 55       		.uleb128 0x55
 1743 0139 06       		.uleb128 0x6
 1744 013a 00       		.byte	0x0
 1745 013b 00       		.byte	0x0
 1746 013c 1B       		.uleb128 0x1b
 1747 013d 34       		.uleb128 0x34
 1748 013e 00       		.byte	0x0
 1749 013f 03       		.uleb128 0x3
ARM GAS  C:\Users\DNIEL~1\AppData\Local\Temp\ccy8V3zE.s 			page 32


 1750 0140 0E       		.uleb128 0xe
 1751 0141 3A       		.uleb128 0x3a
 1752 0142 0B       		.uleb128 0xb
 1753 0143 3B       		.uleb128 0x3b
 1754 0144 0B       		.uleb128 0xb
 1755 0145 49       		.uleb128 0x49
 1756 0146 13       		.uleb128 0x13
 1757 0147 00       		.byte	0x0
 1758 0148 00       		.byte	0x0
 1759 0149 1C       		.uleb128 0x1c
 1760 014a 34       		.uleb128 0x34
 1761 014b 00       		.byte	0x0
 1762 014c 03       		.uleb128 0x3
 1763 014d 0E       		.uleb128 0xe
 1764 014e 3A       		.uleb128 0x3a
 1765 014f 0B       		.uleb128 0xb
 1766 0150 3B       		.uleb128 0x3b
 1767 0151 0B       		.uleb128 0xb
 1768 0152 49       		.uleb128 0x49
 1769 0153 13       		.uleb128 0x13
 1770 0154 02       		.uleb128 0x2
 1771 0155 06       		.uleb128 0x6
 1772 0156 00       		.byte	0x0
 1773 0157 00       		.byte	0x0
 1774 0158 1D       		.uleb128 0x1d
 1775 0159 2E       		.uleb128 0x2e
 1776 015a 00       		.byte	0x0
 1777 015b 3F       		.uleb128 0x3f
 1778 015c 0C       		.uleb128 0xc
 1779 015d 03       		.uleb128 0x3
 1780 015e 0E       		.uleb128 0xe
 1781 015f 3A       		.uleb128 0x3a
 1782 0160 0B       		.uleb128 0xb
 1783 0161 3B       		.uleb128 0x3b
 1784 0162 0B       		.uleb128 0xb
 1785 0163 27       		.uleb128 0x27
 1786 0164 0C       		.uleb128 0xc
 1787 0165 49       		.uleb128 0x49
 1788 0166 13       		.uleb128 0x13
 1789 0167 11       		.uleb128 0x11
 1790 0168 01       		.uleb128 0x1
 1791 0169 12       		.uleb128 0x12
 1792 016a 01       		.uleb128 0x1
 1793 016b 40       		.uleb128 0x40
 1794 016c 06       		.uleb128 0x6
 1795 016d 00       		.byte	0x0
 1796 016e 00       		.byte	0x0
 1797 016f 1E       		.uleb128 0x1e
 1798 0170 34       		.uleb128 0x34
 1799 0171 00       		.byte	0x0
 1800 0172 03       		.uleb128 0x3
 1801 0173 0E       		.uleb128 0xe
 1802 0174 3A       		.uleb128 0x3a
 1803 0175 0B       		.uleb128 0xb
 1804 0176 3B       		.uleb128 0x3b
 1805 0177 0B       		.uleb128 0xb
 1806 0178 49       		.uleb128 0x49
ARM GAS  C:\Users\DNIEL~1\AppData\Local\Temp\ccy8V3zE.s 			page 33


 1807 0179 13       		.uleb128 0x13
 1808 017a 3F       		.uleb128 0x3f
 1809 017b 0C       		.uleb128 0xc
 1810 017c 3C       		.uleb128 0x3c
 1811 017d 0C       		.uleb128 0xc
 1812 017e 00       		.byte	0x0
 1813 017f 00       		.byte	0x0
 1814 0180 1F       		.uleb128 0x1f
 1815 0181 34       		.uleb128 0x34
 1816 0182 00       		.byte	0x0
 1817 0183 03       		.uleb128 0x3
 1818 0184 0E       		.uleb128 0xe
 1819 0185 3A       		.uleb128 0x3a
 1820 0186 0B       		.uleb128 0xb
 1821 0187 3B       		.uleb128 0x3b
 1822 0188 05       		.uleb128 0x5
 1823 0189 49       		.uleb128 0x49
 1824 018a 13       		.uleb128 0x13
 1825 018b 3F       		.uleb128 0x3f
 1826 018c 0C       		.uleb128 0xc
 1827 018d 3C       		.uleb128 0x3c
 1828 018e 0C       		.uleb128 0xc
 1829 018f 00       		.byte	0x0
 1830 0190 00       		.byte	0x0
 1831 0191 20       		.uleb128 0x20
 1832 0192 34       		.uleb128 0x34
 1833 0193 00       		.byte	0x0
 1834 0194 03       		.uleb128 0x3
 1835 0195 0E       		.uleb128 0xe
 1836 0196 3A       		.uleb128 0x3a
 1837 0197 0B       		.uleb128 0xb
 1838 0198 3B       		.uleb128 0x3b
 1839 0199 0B       		.uleb128 0xb
 1840 019a 49       		.uleb128 0x49
 1841 019b 13       		.uleb128 0x13
 1842 019c 02       		.uleb128 0x2
 1843 019d 0A       		.uleb128 0xa
 1844 019e 00       		.byte	0x0
 1845 019f 00       		.byte	0x0
 1846 01a0 00       		.byte	0x0
 1847              		.section	.debug_pubnames,"",%progbits
 1848 0000 17000000 		.4byte	0x17
 1849 0004 0200     		.2byte	0x2
 1850 0006 00000000 		.4byte	.Ldebug_info0
 1851 000a EE070000 		.4byte	0x7ee
 1852 000e 37070000 		.4byte	0x737
 1853 0012 6D61696E 		.ascii	"main\000"
 1853      00
 1854 0017 00000000 		.4byte	0x0
 1855              		.section	.debug_pubtypes,"",%progbits
 1856 0000 BF010000 		.4byte	0x1bf
 1857 0004 0200     		.2byte	0x2
 1858 0006 00000000 		.4byte	.Ldebug_info0
 1859 000a EE070000 		.4byte	0x7ee
 1860 000e 83000000 		.4byte	0x83
 1861 0012 75696E74 		.ascii	"uint8_t\000"
 1861      385F7400 
ARM GAS  C:\Users\DNIEL~1\AppData\Local\Temp\ccy8V3zE.s 			page 34


 1862 001a 8E000000 		.4byte	0x8e
 1863 001e 75696E74 		.ascii	"uint16_t\000"
 1863      31365F74 
 1863      00
 1864 0027 99000000 		.4byte	0x99
 1865 002b 696E7433 		.ascii	"int32_t\000"
 1865      325F7400 
 1866 0033 A4000000 		.4byte	0xa4
 1867 0037 75696E74 		.ascii	"uint32_t\000"
 1867      33325F74 
 1867      00
 1868 0040 AF000000 		.4byte	0xaf
 1869 0044 75696E74 		.ascii	"uint64_t\000"
 1869      36345F74 
 1869      00
 1870 004d C1000000 		.4byte	0xc1
 1871 0051 746D6F64 		.ascii	"tmode_t\000"
 1871      655F7400 
 1872 0059 CC000000 		.4byte	0xcc
 1873 005d 74737461 		.ascii	"tstate_t\000"
 1873      74655F74 
 1873      00
 1874 0066 D7000000 		.4byte	0xd7
 1875 006a 74726566 		.ascii	"trefs_t\000"
 1875      735F7400 
 1876 0072 E2000000 		.4byte	0xe2
 1877 0076 74736C69 		.ascii	"tslices_t\000"
 1877      6365735F 
 1877      7400
 1878 0080 ED000000 		.4byte	0xed
 1879 0084 74707269 		.ascii	"tprio_t\000"
 1879      6F5F7400 
 1880 008c F8000000 		.4byte	0xf8
 1881 0090 6D73675F 		.ascii	"msg_t\000"
 1881      7400
 1882 0096 03010000 		.4byte	0x103
 1883 009a 6576656E 		.ascii	"eventmask_t\000"
 1883      746D6173 
 1883      6B5F7400 
 1884 00a6 0E010000 		.4byte	0x10e
 1885 00aa 73797374 		.ascii	"systime_t\000"
 1885      696D655F 
 1885      7400
 1886 00b4 19010000 		.4byte	0x119
 1887 00b8 54687265 		.ascii	"Thread\000"
 1887      616400
 1888 00bf 74020000 		.4byte	0x274
 1889 00c3 54687265 		.ascii	"ThreadsQueue\000"
 1889      61647351 
 1889      75657565 
 1889      00
 1890 00d0 96020000 		.4byte	0x296
 1891 00d4 54687265 		.ascii	"ThreadsList\000"
 1891      6164734C 
 1891      69737400 
 1892 00e0 A1020000 		.4byte	0x2a1
 1893 00e4 72656761 		.ascii	"regarm_t\000"
ARM GAS  C:\Users\DNIEL~1\AppData\Local\Temp\ccy8V3zE.s 			page 35


 1893      726D5F74 
 1893      00
 1894 00ed AC020000 		.4byte	0x2ac
 1895 00f1 73746B61 		.ascii	"stkalign_t\000"
 1895      6C69676E 
 1895      5F7400
 1896 00fc B7020000 		.4byte	0x2b7
 1897 0100 696E7463 		.ascii	"intctx\000"
 1897      747800
 1898 0107 45030000 		.4byte	0x345
 1899 010b 636F6E74 		.ascii	"context\000"
 1899      65787400 
 1900 0113 6D030000 		.4byte	0x36d
 1901 0117 76746675 		.ascii	"vtfunc_t\000"
 1901      6E635F74 
 1901      00
 1902 0120 8A030000 		.4byte	0x38a
 1903 0124 56697274 		.ascii	"VirtualTimer\000"
 1903      75616C54 
 1903      696D6572 
 1903      00
 1904 0131 95030000 		.4byte	0x395
 1905 0135 56697274 		.ascii	"VirtualTimer\000"
 1905      75616C54 
 1905      696D6572 
 1905      00
 1906 0142 34040000 		.4byte	0x434
 1907 0146 56544C69 		.ascii	"VTList\000"
 1907      737400
 1908 014d 9C040000 		.4byte	0x49c
 1909 0151 52656164 		.ascii	"ReadyList\000"
 1909      794C6973 
 1909      7400
 1910 015b A7040000 		.4byte	0x4a7
 1911 015f 4D757465 		.ascii	"Mutex\000"
 1911      7800
 1912 0165 E4040000 		.4byte	0x4e4
 1913 0169 4D757465 		.ascii	"Mutex\000"
 1913      7800
 1914 016f 24010000 		.4byte	0x124
 1915 0173 54687265 		.ascii	"Thread\000"
 1915      616400
 1916 017a 09060000 		.4byte	0x609
 1917 017e 4750494F 		.ascii	"GPIO_TypeDef\000"
 1917      5F547970 
 1917      65446566 
 1917      00
 1918 018b 14060000 		.4byte	0x614
 1919 018f 696F706F 		.ascii	"ioportmask_t\000"
 1919      72746D61 
 1919      736B5F74 
 1919      00
 1920 019c 2F060000 		.4byte	0x62f
 1921 01a0 65657072 		.ascii	"eepromItemNames\000"
 1921      6F6D4974 
 1921      656D4E61 
 1921      6D657300 
ARM GAS  C:\Users\DNIEL~1\AppData\Local\Temp\ccy8V3zE.s 			page 36


 1922 01b0 66060000 		.4byte	0x666
 1923 01b4 65657072 		.ascii	"eepromItem\000"
 1923      6F6D4974 
 1923      656D00
 1924 01bf 00000000 		.4byte	0x0
 1925              		.section	.debug_aranges,"",%progbits
 1926 0000 2C000000 		.4byte	0x2c
 1927 0004 0200     		.2byte	0x2
 1928 0006 00000000 		.4byte	.Ldebug_info0
 1929 000a 04       		.byte	0x4
 1930 000b 00       		.byte	0x0
 1931 000c 0000     		.2byte	0x0
 1932 000e 0000     		.2byte	0x0
 1933 0010 00000000 		.4byte	.LFB119
 1934 0014 50000000 		.4byte	.LFE119-.LFB119
 1935 0018 00000000 		.4byte	.LFB120
 1936 001c 48000000 		.4byte	.LFE120-.LFB120
 1937 0020 00000000 		.4byte	.LFB121
 1938 0024 94000000 		.4byte	.LFE121-.LFB121
 1939 0028 00000000 		.4byte	0x0
 1940 002c 00000000 		.4byte	0x0
 1941              		.section	.debug_ranges,"",%progbits
 1942              	.Ldebug_ranges0:
 1943 0000 08000000 		.4byte	.LBB2
 1944 0004 0C000000 		.4byte	.LBE2
 1945 0008 10000000 		.4byte	.LBB3
 1946 000c 50000000 		.4byte	.LBE3
 1947 0010 00000000 		.4byte	0x0
 1948 0014 00000000 		.4byte	0x0
 1949 0018 00000000 		.4byte	.LFB119
 1950 001c 50000000 		.4byte	.LFE119
 1951 0020 00000000 		.4byte	.LFB120
 1952 0024 48000000 		.4byte	.LFE120
 1953 0028 00000000 		.4byte	.LFB121
 1954 002c 94000000 		.4byte	.LFE121
 1955 0030 00000000 		.4byte	0x0
 1956 0034 00000000 		.4byte	0x0
 1957              		.section	.debug_str,"MS",%progbits,1
 1958              	.LASF109:
 1959 0000 7372632F 		.ascii	"src/main.c\000"
 1959      6D61696E 
 1959      2E6300
 1960              	.LASF70:
 1961 000b 7264796D 		.ascii	"rdymsg\000"
 1961      736700
 1962              	.LASF14:
 1963 0012 75696E74 		.ascii	"uint64_t\000"
 1963      36345F74 
 1963      00
 1964              	.LASF76:
 1965 001b 4F545950 		.ascii	"OTYPER\000"
 1965      455200
 1966              	.LASF101:
 1967 0022 76746C69 		.ascii	"vtlist\000"
 1967      737400
 1968              	.LASF84:
 1969 0029 696F706F 		.ascii	"ioportmask_t\000"
ARM GAS  C:\Users\DNIEL~1\AppData\Local\Temp\ccy8V3zE.s 			page 37


 1969      72746D61 
 1969      736B5F74 
 1969      00
 1970              	.LASF75:
 1971 0036 4D4F4445 		.ascii	"MODER\000"
 1971      5200
 1972              	.LASF44:
 1973 003c 54687265 		.ascii	"ThreadsQueue\000"
 1973      61647351 
 1973      75657565 
 1973      00
 1974              	.LASF78:
 1975 0049 50555044 		.ascii	"PUPDR\000"
 1975      5200
 1976              	.LASF71:
 1977 004f 65786974 		.ascii	"exitcode\000"
 1977      636F6465 
 1977      00
 1978              	.LASF103:
 1979 0058 49544D5F 		.ascii	"ITM_RxBuffer\000"
 1979      52784275 
 1979      66666572 
 1979      00
 1980              	.LASF27:
 1981 0065 705F7072 		.ascii	"p_prio\000"
 1981      696F00
 1982              	.LASF5:
 1983 006c 6C6F6E67 		.ascii	"long long int\000"
 1983      206C6F6E 
 1983      6720696E 
 1983      7400
 1984              	.LASF1:
 1985 007a 7369676E 		.ascii	"signed char\000"
 1985      65642063 
 1985      68617200 
 1986              	.LASF79:
 1987 0086 42535252 		.ascii	"BSRR\000"
 1987      00
 1988              	.LASF8:
 1989 008b 6C6F6E67 		.ascii	"long unsigned int\000"
 1989      20756E73 
 1989      69676E65 
 1989      6420696E 
 1989      7400
 1990              	.LASF43:
 1991 009d 705F6D70 		.ascii	"p_mpool\000"
 1991      6F6F6C00 
 1992              	.LASF6:
 1993 00a5 6C6F6E67 		.ascii	"long long unsigned int\000"
 1993      206C6F6E 
 1993      6720756E 
 1993      7369676E 
 1993      65642069 
 1994              	.LASF67:
 1995 00bc 6D5F7175 		.ascii	"m_queue\000"
 1995      65756500 
 1996              	.LASF19:
ARM GAS  C:\Users\DNIEL~1\AppData\Local\Temp\ccy8V3zE.s 			page 38


 1997 00c4 74736C69 		.ascii	"tslices_t\000"
 1997      6365735F 
 1997      7400
 1998              	.LASF100:
 1999 00ce 7461736B 		.ascii	"task20ms\000"
 1999      32306D73 
 1999      00
 2000              	.LASF7:
 2001 00d7 6C6F6E67 		.ascii	"long int\000"
 2001      20696E74 
 2001      00
 2002              	.LASF17:
 2003 00e0 74737461 		.ascii	"tstate_t\000"
 2003      74655F74 
 2003      00
 2004              	.LASF11:
 2005 00e9 75696E74 		.ascii	"uint16_t\000"
 2005      31365F74 
 2005      00
 2006              	.LASF96:
 2007 00f2 646F7562 		.ascii	"double\000"
 2007      6C6500
 2008              	.LASF29:
 2009 00f9 705F6E65 		.ascii	"p_newer\000"
 2009      77657200 
 2010              	.LASF77:
 2011 0101 4F535045 		.ascii	"OSPEEDR\000"
 2011      45445200 
 2012              	.LASF62:
 2013 0109 725F6E65 		.ascii	"r_newer\000"
 2013      77657200 
 2014              	.LASF46:
 2015 0111 72656761 		.ascii	"regarm_t\000"
 2015      726D5F74 
 2015      00
 2016              	.LASF53:
 2017 011a 76745F70 		.ascii	"vt_prev\000"
 2017      72657600 
 2018              	.LASF0:
 2019 0122 756E7369 		.ascii	"unsigned int\000"
 2019      676E6564 
 2019      20696E74 
 2019      00
 2020              	.LASF38:
 2021 012f 705F6D73 		.ascii	"p_msgqueue\000"
 2021      67717565 
 2021      756500
 2022              	.LASF90:
 2023 013a 4C415354 		.ascii	"LAST_ITEM\000"
 2023      5F495445 
 2023      4D00
 2024              	.LASF52:
 2025 0144 76745F6E 		.ascii	"vt_next\000"
 2025      65787400 
 2026              	.LASF83:
 2027 014c 4750494F 		.ascii	"GPIO_TypeDef\000"
 2027      5F547970 
ARM GAS  C:\Users\DNIEL~1\AppData\Local\Temp\ccy8V3zE.s 			page 39


 2027      65446566 
 2027      00
 2028              	.LASF80:
 2029 0159 4C434B52 		.ascii	"LCKR\000"
 2029      00
 2030              	.LASF95:
 2031 015e 6E616D65 		.ascii	"name\000"
 2031      00
 2032              	.LASF51:
 2033 0163 56697274 		.ascii	"VirtualTimer\000"
 2033      75616C54 
 2033      696D6572 
 2033      00
 2034              	.LASF105:
 2035 0170 65657072 		.ascii	"eepromitems\000"
 2035      6F6D6974 
 2035      656D7300 
 2036              	.LASF49:
 2037 017c 636F6E74 		.ascii	"context\000"
 2037      65787400 
 2038              	.LASF94:
 2039 0184 73697A65 		.ascii	"size\000"
 2039      00
 2040              	.LASF4:
 2041 0189 73686F72 		.ascii	"short unsigned int\000"
 2041      7420756E 
 2041      7369676E 
 2041      65642069 
 2041      6E7400
 2042              	.LASF21:
 2043 019c 6D73675F 		.ascii	"msg_t\000"
 2043      7400
 2044              	.LASF16:
 2045 01a2 746D6F64 		.ascii	"tmode_t\000"
 2045      655F7400 
 2046              	.LASF45:
 2047 01aa 54687265 		.ascii	"ThreadsList\000"
 2047      6164734C 
 2047      69737400 
 2048              	.LASF22:
 2049 01b6 6576656E 		.ascii	"eventmask_t\000"
 2049      746D6173 
 2049      6B5F7400 
 2050              	.LASF66:
 2051 01c2 4D757465 		.ascii	"Mutex\000"
 2051      7800
 2052              	.LASF47:
 2053 01c8 73746B61 		.ascii	"stkalign_t\000"
 2053      6C69676E 
 2053      5F7400
 2054              	.LASF99:
 2055 01d3 54687265 		.ascii	"Thread1\000"
 2055      61643100 
 2056              	.LASF54:
 2057 01db 76745F74 		.ascii	"vt_time\000"
 2057      696D6500 
 2058              	.LASF74:
ARM GAS  C:\Users\DNIEL~1\AppData\Local\Temp\ccy8V3zE.s 			page 40


 2059 01e3 636C6561 		.ascii	"clear\000"
 2059      7200
 2060              	.LASF55:
 2061 01e9 76745F66 		.ascii	"vt_func\000"
 2061      756E6300 
 2062              	.LASF93:
 2063 01f1 61646472 		.ascii	"address\000"
 2063      65737300 
 2064              	.LASF91:
 2065 01f9 45455052 		.ascii	"EEPROM_ITEMS_NUM\000"
 2065      4F4D5F49 
 2065      54454D53 
 2065      5F4E554D 
 2065      00
 2066              	.LASF61:
 2067 020a 725F6374 		.ascii	"r_ctx\000"
 2067      7800
 2068              	.LASF104:
 2069 0210 74696D65 		.ascii	"time\000"
 2069      00
 2070              	.LASF64:
 2071 0215 725F6375 		.ascii	"r_current\000"
 2071      7272656E 
 2071      7400
 2072              	.LASF63:
 2073 021f 725F6F6C 		.ascii	"r_older\000"
 2073      64657200 
 2074              	.LASF82:
 2075 0227 41465248 		.ascii	"AFRH\000"
 2075      00
 2076              	.LASF97:
 2077 022c 666C6F61 		.ascii	"float\000"
 2077      7400
 2078              	.LASF81:
 2079 0232 4146524C 		.ascii	"AFRL\000"
 2079      00
 2080              	.LASF106:
 2081 0237 77615468 		.ascii	"waThread1\000"
 2081      72656164 
 2081      3100
 2082              	.LASF18:
 2083 0241 74726566 		.ascii	"trefs_t\000"
 2083      735F7400 
 2084              	.LASF26:
 2085 0249 705F7072 		.ascii	"p_prev\000"
 2085      657600
 2086              	.LASF111:
 2087 0250 65657072 		.ascii	"eepromItemNames\000"
 2087      6F6D4974 
 2087      656D4E61 
 2087      6D657300 
 2088              	.LASF20:
 2089 0260 74707269 		.ascii	"tprio_t\000"
 2089      6F5F7400 
 2090              	.LASF88:
 2091 0268 4D494E5F 		.ascii	"MIN_REGEN_BRAKE\000"
 2091      52454745 
ARM GAS  C:\Users\DNIEL~1\AppData\Local\Temp\ccy8V3zE.s 			page 41


 2091      4E5F4252 
 2091      414B4500 
 2092              	.LASF15:
 2093 0278 5F426F6F 		.ascii	"_Bool\000"
 2093      6C00
 2094              	.LASF12:
 2095 027e 696E7433 		.ascii	"int32_t\000"
 2095      325F7400 
 2096              	.LASF2:
 2097 0286 756E7369 		.ascii	"unsigned char\000"
 2097      676E6564 
 2097      20636861 
 2097      7200
 2098              	.LASF110:
 2099 0294 433A5C44 		.ascii	"C:\\Dani\\MegaLux\\Repo\\Smarty\\Smarty\\smarty\\fi"
 2099      616E695C 
 2099      4D656761 
 2099      4C75785C 
 2099      5265706F 
 2100 02c0 726D7761 		.ascii	"rmware\000"
 2100      726500
 2101              	.LASF86:
 2102 02c7 4D494E5F 		.ascii	"MIN_THROTTLE\000"
 2102      5448524F 
 2102      54544C45 
 2102      00
 2103              	.LASF41:
 2104 02d4 705F6D74 		.ascii	"p_mtxlist\000"
 2104      786C6973 
 2104      7400
 2105              	.LASF3:
 2106 02de 73686F72 		.ascii	"short int\000"
 2106      7420696E 
 2106      7400
 2107              	.LASF32:
 2108 02e8 705F7374 		.ascii	"p_state\000"
 2108      61746500 
 2109              	.LASF35:
 2110 02f0 705F7072 		.ascii	"p_preempt\000"
 2110      65656D70 
 2110      7400
 2111              	.LASF30:
 2112 02fa 705F6F6C 		.ascii	"p_older\000"
 2112      64657200 
 2113              	.LASF60:
 2114 0302 725F7072 		.ascii	"r_prio\000"
 2114      696F00
 2115              	.LASF73:
 2116 0309 65776D61 		.ascii	"ewmask\000"
 2116      736B00
 2117              	.LASF25:
 2118 0310 705F6E65 		.ascii	"p_next\000"
 2118      787400
 2119              	.LASF33:
 2120 0317 705F666C 		.ascii	"p_flags\000"
 2120      61677300 
 2121              	.LASF24:
ARM GAS  C:\Users\DNIEL~1\AppData\Local\Temp\ccy8V3zE.s 			page 42


 2122 031f 54687265 		.ascii	"Thread\000"
 2122      616400
 2123              	.LASF40:
 2124 0326 705F6570 		.ascii	"p_epending\000"
 2124      656E6469 
 2124      6E6700
 2125              	.LASF13:
 2126 0331 75696E74 		.ascii	"uint32_t\000"
 2126      33325F74 
 2126      00
 2127              	.LASF59:
 2128 033a 725F7175 		.ascii	"r_queue\000"
 2128      65756500 
 2129              	.LASF57:
 2130 0342 76745F73 		.ascii	"vt_systime\000"
 2130      79737469 
 2130      6D6500
 2131              	.LASF98:
 2132 034d 6C6F6E67 		.ascii	"long double\000"
 2132      20646F75 
 2132      626C6500 
 2133              	.LASF9:
 2134 0359 63686172 		.ascii	"char\000"
 2134      00
 2135              	.LASF85:
 2136 035e 43525549 		.ascii	"CRUISE_CONTROLL\000"
 2136      53455F43 
 2136      4F4E5452 
 2136      4F4C4C00 
 2137              	.LASF69:
 2138 036e 6D5F6E65 		.ascii	"m_next\000"
 2138      787400
 2139              	.LASF23:
 2140 0375 73797374 		.ascii	"systime_t\000"
 2140      696D655F 
 2140      7400
 2141              	.LASF42:
 2142 037f 705F7265 		.ascii	"p_realprio\000"
 2142      616C7072 
 2142      696F00
 2143              	.LASF50:
 2144 038a 76746675 		.ascii	"vtfunc_t\000"
 2144      6E635F74 
 2144      00
 2145              	.LASF107:
 2146 0393 77617461 		.ascii	"watask20ms\000"
 2146      736B3230 
 2146      6D7300
 2147              	.LASF36:
 2148 039e 705F7469 		.ascii	"p_time\000"
 2148      6D6500
 2149              	.LASF92:
 2150 03a5 65657072 		.ascii	"eepromItem\000"
 2150      6F6D4974 
 2150      656D00
 2151              	.LASF48:
 2152 03b0 696E7463 		.ascii	"intctx\000"
ARM GAS  C:\Users\DNIEL~1\AppData\Local\Temp\ccy8V3zE.s 			page 43


 2152      747800
 2153              	.LASF89:
 2154 03b7 4D41585F 		.ascii	"MAX_REGEN_BRAKE\000"
 2154      52454745 
 2154      4E5F4252 
 2154      414B4500 
 2155              	.LASF56:
 2156 03c7 76745F70 		.ascii	"vt_par\000"
 2156      617200
 2157              	.LASF34:
 2158 03ce 705F7265 		.ascii	"p_refs\000"
 2158      667300
 2159              	.LASF65:
 2160 03d5 52656164 		.ascii	"ReadyList\000"
 2160      794C6973 
 2160      7400
 2161              	.LASF102:
 2162 03df 726C6973 		.ascii	"rlist\000"
 2162      7400
 2163              	.LASF87:
 2164 03e5 4D41585F 		.ascii	"MAX_THROTTLE\000"
 2164      5448524F 
 2164      54544C45 
 2164      00
 2165              	.LASF10:
 2166 03f2 75696E74 		.ascii	"uint8_t\000"
 2166      385F7400 
 2167              	.LASF72:
 2168 03fa 77746F62 		.ascii	"wtobjp\000"
 2168      6A7000
 2169              	.LASF108:
 2170 0401 474E5520 		.ascii	"GNU C 4.5.2\000"
 2170      4320342E 
 2170      352E3200 
 2171              	.LASF31:
 2172 040d 705F6E61 		.ascii	"p_name\000"
 2172      6D6500
 2173              	.LASF39:
 2174 0414 705F6D73 		.ascii	"p_msg\000"
 2174      6700
 2175              	.LASF58:
 2176 041a 56544C69 		.ascii	"VTList\000"
 2176      737400
 2177              	.LASF112:
 2178 0421 6D61696E 		.ascii	"main\000"
 2178      00
 2179              	.LASF68:
 2180 0426 6D5F6F77 		.ascii	"m_owner\000"
 2180      6E657200 
 2181              	.LASF28:
 2182 042e 705F6374 		.ascii	"p_ctx\000"
 2182      7800
 2183              	.LASF37:
 2184 0434 705F7761 		.ascii	"p_waiting\000"
 2184      6974696E 
 2184      6700
 2185              		.ident	"GCC: (Sourcery G++ Lite 2011.03-42) 4.5.2"
ARM GAS  C:\Users\DNIEL~1\AppData\Local\Temp\ccy8V3zE.s 			page 44


ARM GAS  C:\Users\DNIEL~1\AppData\Local\Temp\ccy8V3zE.s 			page 45


DEFINED SYMBOLS
                            *ABS*:00000000 main.c
C:\Users\DNIEL~1\AppData\Local\Temp\ccy8V3zE.s:24     .text.Thread1:00000000 $t
C:\Users\DNIEL~1\AppData\Local\Temp\ccy8V3zE.s:29     .text.Thread1:00000000 Thread1
C:\Users\DNIEL~1\AppData\Local\Temp\ccy8V3zE.s:94     .text.Thread1:00000040 $d
C:\Users\DNIEL~1\AppData\Local\Temp\ccy8V3zE.s:103    .text.task20ms:00000000 $t
C:\Users\DNIEL~1\AppData\Local\Temp\ccy8V3zE.s:108    .text.task20ms:00000000 task20ms
C:\Users\DNIEL~1\AppData\Local\Temp\ccy8V3zE.s:162    .text.task20ms:0000003c $d
C:\Users\DNIEL~1\AppData\Local\Temp\ccy8V3zE.s:169    .text.main:00000000 $t
C:\Users\DNIEL~1\AppData\Local\Temp\ccy8V3zE.s:175    .text.main:00000000 main
C:\Users\DNIEL~1\AppData\Local\Temp\ccy8V3zE.s:252    .text.main:00000080 $d
C:\Users\DNIEL~1\AppData\Local\Temp\ccy8V3zE.s:261    .bss.waThread1:00000000 $d
C:\Users\DNIEL~1\AppData\Local\Temp\ccy8V3zE.s:265    .bss.waThread1:00000000 waThread1
C:\Users\DNIEL~1\AppData\Local\Temp\ccy8V3zE.s:268    .bss.watask20ms:00000000 $d
C:\Users\DNIEL~1\AppData\Local\Temp\ccy8V3zE.s:272    .bss.watask20ms:00000000 watask20ms
C:\Users\DNIEL~1\AppData\Local\Temp\ccy8V3zE.s:275    .rodata.str1.4:00000000 $d
                     .debug_frame:00000010 $d
C:\Users\DNIEL~1\AppData\Local\Temp\ccy8V3zE.s:168    .text.task20ms:00000048 $t
C:\Users\DNIEL~1\AppData\Local\Temp\ccy8V3zE.s:260    .text.main:00000094 $t

UNDEFINED SYMBOLS
chThdSleep
sdcardIsMounted
rlist
logCalc
lightCalc
can_commCalc
speedCalc
measCalc
cruiseCalc
buttonCalc
mainTime
chThdSleepUntil
vtlist
halInit
chSysInit
sdcardInit
logInit
consoleInit
eepromInit
can_commInit
uart_commInit
lightInit
speedInit
measInit
cruiseInit
dspInit
buttonInit
brakeInit
chThdCreateStatic
consoleStart
