ARM GAS  C:\Users\danit\AppData\Local\Temp\ccOTznT9.s 			page 1


   1              		.syntax unified
   2              		.cpu cortex-m4
   3              		.fpu softvfp
   4              		.eabi_attribute 20, 1
   5              		.eabi_attribute 21, 1
   6              		.eabi_attribute 23, 3
   7              		.eabi_attribute 24, 1
   8              		.eabi_attribute 25, 1
   9              		.eabi_attribute 26, 1
  10              		.eabi_attribute 30, 2
  11              		.eabi_attribute 34, 1
  12              		.eabi_attribute 18, 4
  13              		.thumb
  14              		.file	"pal.c"
  15              		.text
  16              	.Ltext0:
  17              		.cfi_sections	.debug_frame
  18              		.section	.text.palReadBus,"ax",%progbits
  19              		.align	2
  20              		.p2align 4,,15
  21              		.global	palReadBus
  22              		.thumb
  23              		.thumb_func
  24              		.type	palReadBus, %function
  25              	palReadBus:
  26              	.LFB118:
  27              		.file 1 "../../../ChibiOS/os/hal/src/pal.c"
  28              		.loc 1 77 0
  29              		.cfi_startproc
  30              		@ args = 0, pretend = 0, frame = 0
  31              		@ frame_needed = 0, uses_anonymous_args = 0
  32              		@ link register save eliminated.
  33              	.LVL0:
  34              		.loc 1 82 0
  35 0000 0368     		ldr	r3, [r0]
  36 0002 8168     		ldr	r1, [r0, #8]
  37 0004 1B69     		ldr	r3, [r3, #16]
  38 0006 4268     		ldr	r2, [r0, #4]
  39 0008 23FA01F0 		lsr	r0, r3, r1
  40              	.LVL1:
  41              		.loc 1 83 0
  42 000c 1040     		ands	r0, r0, r2
  43 000e 7047     		bx	lr
  44              		.cfi_endproc
  45              	.LFE118:
  46              		.size	palReadBus, .-palReadBus
  47              		.section	.text.palWriteBus,"ax",%progbits
  48              		.align	2
  49              		.p2align 4,,15
  50              		.global	palWriteBus
  51              		.thumb
  52              		.thumb_func
  53              		.type	palWriteBus, %function
  54              	palWriteBus:
  55              	.LFB119:
  56              		.loc 1 103 0
  57              		.cfi_startproc
ARM GAS  C:\Users\danit\AppData\Local\Temp\ccOTznT9.s 			page 2


  58              		@ args = 0, pretend = 0, frame = 0
  59              		@ frame_needed = 0, uses_anonymous_args = 0
  60              		@ link register save eliminated.
  61              	.LVL2:
  62 0000 30B4     		push	{r4, r5}
  63              		.cfi_def_cfa_offset 8
  64              		.cfi_offset 4, -8
  65              		.cfi_offset 5, -4
  66              		.loc 1 108 0
  67 0002 19C8     		ldmia	r0, {r0, r3, r4}
  68              	.LVL3:
  69 0004 23EA0102 		bic	r2, r3, r1
  70 0008 04F11005 		add	r5, r4, #16
  71 000c 0B40     		ands	r3, r3, r1
  72 000e 03FA04F1 		lsl	r1, r3, r4
  73              	.LVL4:
  74 0012 02FA05F3 		lsl	r3, r2, r5
  75 0016 0B43     		orrs	r3, r3, r1
  76 0018 8361     		str	r3, [r0, #24]
  77              		.loc 1 109 0
  78 001a 30BC     		pop	{r4, r5}
  79              		.cfi_restore 5
  80              		.cfi_restore 4
  81              		.cfi_def_cfa_offset 0
  82 001c 7047     		bx	lr
  83              		.cfi_endproc
  84              	.LFE119:
  85              		.size	palWriteBus, .-palWriteBus
  86 001e 00BF     		.section	.text.palSetBusMode,"ax",%progbits
  87              		.align	2
  88              		.p2align 4,,15
  89              		.global	palSetBusMode
  90              		.thumb
  91              		.thumb_func
  92              		.type	palSetBusMode, %function
  93              	palSetBusMode:
  94              	.LFB120:
  95              		.loc 1 127 0
  96              		.cfi_startproc
  97              		@ args = 0, pretend = 0, frame = 0
  98              		@ frame_needed = 0, uses_anonymous_args = 0
  99              		@ link register save eliminated.
 100              	.LVL5:
 101              		.loc 1 127 0
 102 0000 0A46     		mov	r2, r1
 103              		.loc 1 132 0
 104 0002 0BC8     		ldmia	r0, {r0, r1, r3}
 105              	.LVL6:
 106 0004 9940     		lsls	r1, r1, r3
 107 0006 FFF7FEBF 		b	_pal_lld_setgroupmode
 108              	.LVL7:
 109              		.cfi_endproc
 110              	.LFE120:
 111              		.size	palSetBusMode, .-palSetBusMode
 112 000a 00BF     		.text
 113              	.Letext0:
 114              		.file 2 "c:\\program files (x86)\\gnu tools arm embedded\\4.9 2015q2\\arm-none-eabi\\include\\mach
ARM GAS  C:\Users\danit\AppData\Local\Temp\ccOTznT9.s 			page 3


 115              		.file 3 "c:\\program files (x86)\\gnu tools arm embedded\\4.9 2015q2\\arm-none-eabi\\include\\sys\
 116              		.file 4 "c:\\program files (x86)\\gnu tools arm embedded\\4.9 2015q2\\arm-none-eabi\\include\\stdi
 117              		.file 5 "../../../ChibiOS/os/hal/platforms/STM32/GPIOv2/pal_lld.h"
 118              		.file 6 "../../../ChibiOS/os/hal/include/pal.h"
 119              		.file 7 "../../../ChibiOS/os/ports/common/ARMCMx/CMSIS/include/core_cm4.h"
 120              		.section	.debug_info,"",%progbits
 121              	.Ldebug_info0:
 122 0000 CC020000 		.4byte	0x2cc
 123 0004 0400     		.2byte	0x4
 124 0006 00000000 		.4byte	.Ldebug_abbrev0
 125 000a 04       		.byte	0x4
 126 000b 01       		.uleb128 0x1
 127 000c 00000000 		.4byte	.LASF40
 128 0010 01       		.byte	0x1
 129 0011 DA000000 		.4byte	.LASF41
 130 0015 63020000 		.4byte	.LASF42
 131 0019 00000000 		.4byte	.Ldebug_ranges0+0
 132 001d 00000000 		.4byte	0
 133 0021 00000000 		.4byte	.Ldebug_line0
 134 0025 02       		.uleb128 0x2
 135 0026 04       		.byte	0x4
 136 0027 05       		.byte	0x5
 137 0028 696E7400 		.ascii	"int\000"
 138 002c 03       		.uleb128 0x3
 139 002d 04       		.byte	0x4
 140 002e 07       		.byte	0x7
 141 002f EF010000 		.4byte	.LASF0
 142 0033 03       		.uleb128 0x3
 143 0034 01       		.byte	0x1
 144 0035 06       		.byte	0x6
 145 0036 A8020000 		.4byte	.LASF1
 146 003a 03       		.uleb128 0x3
 147 003b 01       		.byte	0x1
 148 003c 08       		.byte	0x8
 149 003d 71010000 		.4byte	.LASF2
 150 0041 03       		.uleb128 0x3
 151 0042 02       		.byte	0x2
 152 0043 05       		.byte	0x5
 153 0044 35010000 		.4byte	.LASF3
 154 0048 04       		.uleb128 0x4
 155 0049 BB010000 		.4byte	.LASF5
 156 004d 02       		.byte	0x2
 157 004e 2B       		.byte	0x2b
 158 004f 53000000 		.4byte	0x53
 159 0053 03       		.uleb128 0x3
 160 0054 02       		.byte	0x2
 161 0055 07       		.byte	0x7
 162 0056 96010000 		.4byte	.LASF4
 163 005a 04       		.uleb128 0x4
 164 005b 0D010000 		.4byte	.LASF6
 165 005f 02       		.byte	0x2
 166 0060 3F       		.byte	0x3f
 167 0061 65000000 		.4byte	0x65
 168 0065 03       		.uleb128 0x3
 169 0066 04       		.byte	0x4
 170 0067 05       		.byte	0x5
 171 0068 9F020000 		.4byte	.LASF7
ARM GAS  C:\Users\danit\AppData\Local\Temp\ccOTznT9.s 			page 4


 172 006c 04       		.uleb128 0x4
 173 006d C6010000 		.4byte	.LASF8
 174 0071 02       		.byte	0x2
 175 0072 41       		.byte	0x41
 176 0073 77000000 		.4byte	0x77
 177 0077 03       		.uleb128 0x3
 178 0078 04       		.byte	0x4
 179 0079 07       		.byte	0x7
 180 007a 84010000 		.4byte	.LASF9
 181 007e 03       		.uleb128 0x3
 182 007f 08       		.byte	0x8
 183 0080 05       		.byte	0x5
 184 0081 2A020000 		.4byte	.LASF10
 185 0085 03       		.uleb128 0x3
 186 0086 08       		.byte	0x8
 187 0087 07       		.byte	0x7
 188 0088 BF020000 		.4byte	.LASF11
 189 008c 04       		.uleb128 0x4
 190 008d 54020000 		.4byte	.LASF12
 191 0091 03       		.byte	0x3
 192 0092 1A       		.byte	0x1a
 193 0093 48000000 		.4byte	0x48
 194 0097 04       		.uleb128 0x4
 195 0098 13020000 		.4byte	.LASF13
 196 009c 03       		.byte	0x3
 197 009d 1F       		.byte	0x1f
 198 009e 5A000000 		.4byte	0x5a
 199 00a2 04       		.uleb128 0x4
 200 00a3 96020000 		.4byte	.LASF14
 201 00a7 03       		.byte	0x3
 202 00a8 20       		.byte	0x20
 203 00a9 6C000000 		.4byte	0x6c
 204 00ad 04       		.uleb128 0x4
 205 00ae 17010000 		.4byte	.LASF15
 206 00b2 04       		.byte	0x4
 207 00b3 34       		.byte	0x34
 208 00b4 2C000000 		.4byte	0x2c
 209 00b8 03       		.uleb128 0x3
 210 00b9 01       		.byte	0x1
 211 00ba 02       		.byte	0x2
 212 00bb B9020000 		.4byte	.LASF16
 213 00bf 05       		.uleb128 0x5
 214 00c0 A2000000 		.4byte	0xa2
 215 00c4 03       		.uleb128 0x3
 216 00c5 04       		.byte	0x4
 217 00c6 07       		.byte	0x7
 218 00c7 1B020000 		.4byte	.LASF17
 219 00cb 03       		.uleb128 0x3
 220 00cc 01       		.byte	0x1
 221 00cd 08       		.byte	0x8
 222 00ce 09020000 		.4byte	.LASF18
 223 00d2 05       		.uleb128 0x5
 224 00d3 97000000 		.4byte	0x97
 225 00d7 06       		.uleb128 0x6
 226 00d8 04       		.byte	0x4
 227 00d9 05       		.byte	0x5
 228 00da 96       		.byte	0x96
ARM GAS  C:\Users\danit\AppData\Local\Temp\ccOTznT9.s 			page 5


 229 00db F8000000 		.4byte	0xf8
 230 00df 07       		.uleb128 0x7
 231 00e0 73657400 		.ascii	"set\000"
 232 00e4 05       		.byte	0x5
 233 00e5 97       		.byte	0x97
 234 00e6 8C000000 		.4byte	0x8c
 235 00ea 00       		.byte	0
 236 00eb 08       		.uleb128 0x8
 237 00ec 5D020000 		.4byte	.LASF19
 238 00f0 05       		.byte	0x5
 239 00f1 98       		.byte	0x98
 240 00f2 8C000000 		.4byte	0x8c
 241 00f6 02       		.byte	0x2
 242 00f7 00       		.byte	0
 243 00f8 09       		.uleb128 0x9
 244 00f9 04       		.byte	0x4
 245 00fa 05       		.byte	0x5
 246 00fb 94       		.byte	0x94
 247 00fc 13010000 		.4byte	0x113
 248 0100 0A       		.uleb128 0xa
 249 0101 5700     		.ascii	"W\000"
 250 0103 05       		.byte	0x5
 251 0104 95       		.byte	0x95
 252 0105 A2000000 		.4byte	0xa2
 253 0109 0A       		.uleb128 0xa
 254 010a 4800     		.ascii	"H\000"
 255 010c 05       		.byte	0x5
 256 010d 99       		.byte	0x99
 257 010e D7000000 		.4byte	0xd7
 258 0112 00       		.byte	0
 259 0113 06       		.uleb128 0x6
 260 0114 28       		.byte	0x28
 261 0115 05       		.byte	0x5
 262 0116 8C       		.byte	0x8c
 263 0117 94010000 		.4byte	0x194
 264 011b 08       		.uleb128 0x8
 265 011c FC000000 		.4byte	.LASF20
 266 0120 05       		.byte	0x5
 267 0121 8E       		.byte	0x8e
 268 0122 BF000000 		.4byte	0xbf
 269 0126 00       		.byte	0
 270 0127 08       		.uleb128 0x8
 271 0128 61010000 		.4byte	.LASF21
 272 012c 05       		.byte	0x5
 273 012d 8F       		.byte	0x8f
 274 012e BF000000 		.4byte	0xbf
 275 0132 04       		.byte	0x4
 276 0133 08       		.uleb128 0x8
 277 0134 D1010000 		.4byte	.LASF22
 278 0138 05       		.byte	0x5
 279 0139 90       		.byte	0x90
 280 013a BF000000 		.4byte	0xbf
 281 013e 08       		.byte	0x8
 282 013f 08       		.uleb128 0x8
 283 0140 24020000 		.4byte	.LASF23
 284 0144 05       		.byte	0x5
 285 0145 91       		.byte	0x91
ARM GAS  C:\Users\danit\AppData\Local\Temp\ccOTznT9.s 			page 6


 286 0146 BF000000 		.4byte	0xbf
 287 014a 0C       		.byte	0xc
 288 014b 07       		.uleb128 0x7
 289 014c 49445200 		.ascii	"IDR\000"
 290 0150 05       		.byte	0x5
 291 0151 92       		.byte	0x92
 292 0152 BF000000 		.4byte	0xbf
 293 0156 10       		.byte	0x10
 294 0157 07       		.uleb128 0x7
 295 0158 4F445200 		.ascii	"ODR\000"
 296 015c 05       		.byte	0x5
 297 015d 93       		.byte	0x93
 298 015e BF000000 		.4byte	0xbf
 299 0162 14       		.byte	0x14
 300 0163 08       		.uleb128 0x8
 301 0164 24010000 		.4byte	.LASF24
 302 0168 05       		.byte	0x5
 303 0169 9A       		.byte	0x9a
 304 016a 94010000 		.4byte	0x194
 305 016e 18       		.byte	0x18
 306 016f 08       		.uleb128 0x8
 307 0170 B4020000 		.4byte	.LASF25
 308 0174 05       		.byte	0x5
 309 0175 9B       		.byte	0x9b
 310 0176 BF000000 		.4byte	0xbf
 311 017a 1C       		.byte	0x1c
 312 017b 08       		.uleb128 0x8
 313 017c A9010000 		.4byte	.LASF26
 314 0180 05       		.byte	0x5
 315 0181 9C       		.byte	0x9c
 316 0182 BF000000 		.4byte	0xbf
 317 0186 20       		.byte	0x20
 318 0187 08       		.uleb128 0x8
 319 0188 7F010000 		.4byte	.LASF27
 320 018c 05       		.byte	0x5
 321 018d 9D       		.byte	0x9d
 322 018e BF000000 		.4byte	0xbf
 323 0192 24       		.byte	0x24
 324 0193 00       		.byte	0
 325 0194 05       		.uleb128 0x5
 326 0195 F8000000 		.4byte	0xf8
 327 0199 04       		.uleb128 0x4
 328 019a FC010000 		.4byte	.LASF28
 329 019e 05       		.byte	0x5
 330 019f 9E       		.byte	0x9e
 331 01a0 13010000 		.4byte	0x113
 332 01a4 04       		.uleb128 0x4
 333 01a5 54010000 		.4byte	.LASF29
 334 01a9 05       		.byte	0x5
 335 01aa F0       		.byte	0xf0
 336 01ab A2000000 		.4byte	0xa2
 337 01af 04       		.uleb128 0x4
 338 01b0 68010000 		.4byte	.LASF30
 339 01b4 05       		.byte	0x5
 340 01b5 F5       		.byte	0xf5
 341 01b6 A2000000 		.4byte	0xa2
 342 01ba 04       		.uleb128 0x4
ARM GAS  C:\Users\danit\AppData\Local\Temp\ccOTznT9.s 			page 7


 343 01bb 49020000 		.4byte	.LASF31
 344 01bf 05       		.byte	0x5
 345 01c0 FD       		.byte	0xfd
 346 01c1 C5010000 		.4byte	0x1c5
 347 01c5 0B       		.uleb128 0xb
 348 01c6 04       		.byte	0x4
 349 01c7 99010000 		.4byte	0x199
 350 01cb 06       		.uleb128 0x6
 351 01cc 0C       		.byte	0xc
 352 01cd 06       		.byte	0x6
 353 01ce 85       		.byte	0x85
 354 01cf F8010000 		.4byte	0x1f8
 355 01d3 08       		.uleb128 0x8
 356 01d4 4D010000 		.4byte	.LASF32
 357 01d8 06       		.byte	0x6
 358 01d9 89       		.byte	0x89
 359 01da BA010000 		.4byte	0x1ba
 360 01de 00       		.byte	0
 361 01df 08       		.uleb128 0x8
 362 01e0 38020000 		.4byte	.LASF33
 363 01e4 06       		.byte	0x6
 364 01e5 8F       		.byte	0x8f
 365 01e6 A4010000 		.4byte	0x1a4
 366 01ea 04       		.byte	0x4
 367 01eb 08       		.uleb128 0x8
 368 01ec 42020000 		.4byte	.LASF34
 369 01f0 06       		.byte	0x6
 370 01f1 93       		.byte	0x93
 371 01f2 AD000000 		.4byte	0xad
 372 01f6 08       		.byte	0x8
 373 01f7 00       		.byte	0
 374 01f8 04       		.uleb128 0x4
 375 01f9 D6020000 		.4byte	.LASF35
 376 01fd 06       		.byte	0x6
 377 01fe 94       		.byte	0x94
 378 01ff CB010000 		.4byte	0x1cb
 379 0203 0C       		.uleb128 0xc
 380 0204 02010000 		.4byte	.LASF43
 381 0208 01       		.byte	0x1
 382 0209 4D       		.byte	0x4d
 383 020a A4010000 		.4byte	0x1a4
 384 020e 00000000 		.4byte	.LFB118
 385 0212 10000000 		.4byte	.LFE118-.LFB118
 386 0216 01       		.uleb128 0x1
 387 0217 9C       		.byte	0x9c
 388 0218 2C020000 		.4byte	0x22c
 389 021c 0D       		.uleb128 0xd
 390 021d 62757300 		.ascii	"bus\000"
 391 0221 01       		.byte	0x1
 392 0222 4D       		.byte	0x4d
 393 0223 2C020000 		.4byte	0x22c
 394 0227 00000000 		.4byte	.LLST0
 395 022b 00       		.byte	0
 396 022c 0B       		.uleb128 0xb
 397 022d 04       		.byte	0x4
 398 022e F8010000 		.4byte	0x1f8
 399 0232 0E       		.uleb128 0xe
ARM GAS  C:\Users\danit\AppData\Local\Temp\ccOTznT9.s 			page 8


 400 0233 29010000 		.4byte	.LASF37
 401 0237 01       		.byte	0x1
 402 0238 67       		.byte	0x67
 403 0239 00000000 		.4byte	.LFB119
 404 023d 1E000000 		.4byte	.LFE119-.LFB119
 405 0241 01       		.uleb128 0x1
 406 0242 9C       		.byte	0x9c
 407 0243 66020000 		.4byte	0x266
 408 0247 0D       		.uleb128 0xd
 409 0248 62757300 		.ascii	"bus\000"
 410 024c 01       		.byte	0x1
 411 024d 67       		.byte	0x67
 412 024e 2C020000 		.4byte	0x22c
 413 0252 21000000 		.4byte	.LLST1
 414 0256 0F       		.uleb128 0xf
 415 0257 3D020000 		.4byte	.LASF36
 416 025b 01       		.byte	0x1
 417 025c 67       		.byte	0x67
 418 025d A4010000 		.4byte	0x1a4
 419 0261 42000000 		.4byte	.LLST2
 420 0265 00       		.byte	0
 421 0266 0E       		.uleb128 0xe
 422 0267 3F010000 		.4byte	.LASF38
 423 026b 01       		.byte	0x1
 424 026c 7F       		.byte	0x7f
 425 026d 00000000 		.4byte	.LFB120
 426 0271 0A000000 		.4byte	.LFE120-.LFB120
 427 0275 01       		.uleb128 0x1
 428 0276 9C       		.byte	0x9c
 429 0277 AB020000 		.4byte	0x2ab
 430 027b 0D       		.uleb128 0xd
 431 027c 62757300 		.ascii	"bus\000"
 432 0280 01       		.byte	0x1
 433 0281 7F       		.byte	0x7f
 434 0282 2C020000 		.4byte	0x22c
 435 0286 63000000 		.4byte	.LLST3
 436 028a 0F       		.uleb128 0xf
 437 028b 0E020000 		.4byte	.LASF39
 438 028f 01       		.byte	0x1
 439 0290 7F       		.byte	0x7f
 440 0291 AF010000 		.4byte	0x1af
 441 0295 84000000 		.4byte	.LLST4
 442 0299 10       		.uleb128 0x10
 443 029a 0A000000 		.4byte	.LVL7
 444 029e B7020000 		.4byte	0x2b7
 445 02a2 11       		.uleb128 0x11
 446 02a3 01       		.uleb128 0x1
 447 02a4 52       		.byte	0x52
 448 02a5 03       		.uleb128 0x3
 449 02a6 F3       		.byte	0xf3
 450 02a7 01       		.uleb128 0x1
 451 02a8 51       		.byte	0x51
 452 02a9 00       		.byte	0
 453 02aa 00       		.byte	0
 454 02ab 12       		.uleb128 0x12
 455 02ac AE010000 		.4byte	.LASF44
 456 02b0 07       		.byte	0x7
ARM GAS  C:\Users\danit\AppData\Local\Temp\ccOTznT9.s 			page 9


 457 02b1 9806     		.2byte	0x698
 458 02b3 D2000000 		.4byte	0xd2
 459 02b7 13       		.uleb128 0x13
 460 02b8 D9010000 		.4byte	.LASF45
 461 02bc 05       		.byte	0x5
 462 02bd C201     		.2byte	0x1c2
 463 02bf 14       		.uleb128 0x14
 464 02c0 BA010000 		.4byte	0x1ba
 465 02c4 14       		.uleb128 0x14
 466 02c5 A4010000 		.4byte	0x1a4
 467 02c9 14       		.uleb128 0x14
 468 02ca AF010000 		.4byte	0x1af
 469 02ce 00       		.byte	0
 470 02cf 00       		.byte	0
 471              		.section	.debug_abbrev,"",%progbits
 472              	.Ldebug_abbrev0:
 473 0000 01       		.uleb128 0x1
 474 0001 11       		.uleb128 0x11
 475 0002 01       		.byte	0x1
 476 0003 25       		.uleb128 0x25
 477 0004 0E       		.uleb128 0xe
 478 0005 13       		.uleb128 0x13
 479 0006 0B       		.uleb128 0xb
 480 0007 03       		.uleb128 0x3
 481 0008 0E       		.uleb128 0xe
 482 0009 1B       		.uleb128 0x1b
 483 000a 0E       		.uleb128 0xe
 484 000b 55       		.uleb128 0x55
 485 000c 17       		.uleb128 0x17
 486 000d 11       		.uleb128 0x11
 487 000e 01       		.uleb128 0x1
 488 000f 10       		.uleb128 0x10
 489 0010 17       		.uleb128 0x17
 490 0011 00       		.byte	0
 491 0012 00       		.byte	0
 492 0013 02       		.uleb128 0x2
 493 0014 24       		.uleb128 0x24
 494 0015 00       		.byte	0
 495 0016 0B       		.uleb128 0xb
 496 0017 0B       		.uleb128 0xb
 497 0018 3E       		.uleb128 0x3e
 498 0019 0B       		.uleb128 0xb
 499 001a 03       		.uleb128 0x3
 500 001b 08       		.uleb128 0x8
 501 001c 00       		.byte	0
 502 001d 00       		.byte	0
 503 001e 03       		.uleb128 0x3
 504 001f 24       		.uleb128 0x24
 505 0020 00       		.byte	0
 506 0021 0B       		.uleb128 0xb
 507 0022 0B       		.uleb128 0xb
 508 0023 3E       		.uleb128 0x3e
 509 0024 0B       		.uleb128 0xb
 510 0025 03       		.uleb128 0x3
 511 0026 0E       		.uleb128 0xe
 512 0027 00       		.byte	0
 513 0028 00       		.byte	0
ARM GAS  C:\Users\danit\AppData\Local\Temp\ccOTznT9.s 			page 10


 514 0029 04       		.uleb128 0x4
 515 002a 16       		.uleb128 0x16
 516 002b 00       		.byte	0
 517 002c 03       		.uleb128 0x3
 518 002d 0E       		.uleb128 0xe
 519 002e 3A       		.uleb128 0x3a
 520 002f 0B       		.uleb128 0xb
 521 0030 3B       		.uleb128 0x3b
 522 0031 0B       		.uleb128 0xb
 523 0032 49       		.uleb128 0x49
 524 0033 13       		.uleb128 0x13
 525 0034 00       		.byte	0
 526 0035 00       		.byte	0
 527 0036 05       		.uleb128 0x5
 528 0037 35       		.uleb128 0x35
 529 0038 00       		.byte	0
 530 0039 49       		.uleb128 0x49
 531 003a 13       		.uleb128 0x13
 532 003b 00       		.byte	0
 533 003c 00       		.byte	0
 534 003d 06       		.uleb128 0x6
 535 003e 13       		.uleb128 0x13
 536 003f 01       		.byte	0x1
 537 0040 0B       		.uleb128 0xb
 538 0041 0B       		.uleb128 0xb
 539 0042 3A       		.uleb128 0x3a
 540 0043 0B       		.uleb128 0xb
 541 0044 3B       		.uleb128 0x3b
 542 0045 0B       		.uleb128 0xb
 543 0046 01       		.uleb128 0x1
 544 0047 13       		.uleb128 0x13
 545 0048 00       		.byte	0
 546 0049 00       		.byte	0
 547 004a 07       		.uleb128 0x7
 548 004b 0D       		.uleb128 0xd
 549 004c 00       		.byte	0
 550 004d 03       		.uleb128 0x3
 551 004e 08       		.uleb128 0x8
 552 004f 3A       		.uleb128 0x3a
 553 0050 0B       		.uleb128 0xb
 554 0051 3B       		.uleb128 0x3b
 555 0052 0B       		.uleb128 0xb
 556 0053 49       		.uleb128 0x49
 557 0054 13       		.uleb128 0x13
 558 0055 38       		.uleb128 0x38
 559 0056 0B       		.uleb128 0xb
 560 0057 00       		.byte	0
 561 0058 00       		.byte	0
 562 0059 08       		.uleb128 0x8
 563 005a 0D       		.uleb128 0xd
 564 005b 00       		.byte	0
 565 005c 03       		.uleb128 0x3
 566 005d 0E       		.uleb128 0xe
 567 005e 3A       		.uleb128 0x3a
 568 005f 0B       		.uleb128 0xb
 569 0060 3B       		.uleb128 0x3b
 570 0061 0B       		.uleb128 0xb
ARM GAS  C:\Users\danit\AppData\Local\Temp\ccOTznT9.s 			page 11


 571 0062 49       		.uleb128 0x49
 572 0063 13       		.uleb128 0x13
 573 0064 38       		.uleb128 0x38
 574 0065 0B       		.uleb128 0xb
 575 0066 00       		.byte	0
 576 0067 00       		.byte	0
 577 0068 09       		.uleb128 0x9
 578 0069 17       		.uleb128 0x17
 579 006a 01       		.byte	0x1
 580 006b 0B       		.uleb128 0xb
 581 006c 0B       		.uleb128 0xb
 582 006d 3A       		.uleb128 0x3a
 583 006e 0B       		.uleb128 0xb
 584 006f 3B       		.uleb128 0x3b
 585 0070 0B       		.uleb128 0xb
 586 0071 01       		.uleb128 0x1
 587 0072 13       		.uleb128 0x13
 588 0073 00       		.byte	0
 589 0074 00       		.byte	0
 590 0075 0A       		.uleb128 0xa
 591 0076 0D       		.uleb128 0xd
 592 0077 00       		.byte	0
 593 0078 03       		.uleb128 0x3
 594 0079 08       		.uleb128 0x8
 595 007a 3A       		.uleb128 0x3a
 596 007b 0B       		.uleb128 0xb
 597 007c 3B       		.uleb128 0x3b
 598 007d 0B       		.uleb128 0xb
 599 007e 49       		.uleb128 0x49
 600 007f 13       		.uleb128 0x13
 601 0080 00       		.byte	0
 602 0081 00       		.byte	0
 603 0082 0B       		.uleb128 0xb
 604 0083 0F       		.uleb128 0xf
 605 0084 00       		.byte	0
 606 0085 0B       		.uleb128 0xb
 607 0086 0B       		.uleb128 0xb
 608 0087 49       		.uleb128 0x49
 609 0088 13       		.uleb128 0x13
 610 0089 00       		.byte	0
 611 008a 00       		.byte	0
 612 008b 0C       		.uleb128 0xc
 613 008c 2E       		.uleb128 0x2e
 614 008d 01       		.byte	0x1
 615 008e 3F       		.uleb128 0x3f
 616 008f 19       		.uleb128 0x19
 617 0090 03       		.uleb128 0x3
 618 0091 0E       		.uleb128 0xe
 619 0092 3A       		.uleb128 0x3a
 620 0093 0B       		.uleb128 0xb
 621 0094 3B       		.uleb128 0x3b
 622 0095 0B       		.uleb128 0xb
 623 0096 27       		.uleb128 0x27
 624 0097 19       		.uleb128 0x19
 625 0098 49       		.uleb128 0x49
 626 0099 13       		.uleb128 0x13
 627 009a 11       		.uleb128 0x11
ARM GAS  C:\Users\danit\AppData\Local\Temp\ccOTznT9.s 			page 12


 628 009b 01       		.uleb128 0x1
 629 009c 12       		.uleb128 0x12
 630 009d 06       		.uleb128 0x6
 631 009e 40       		.uleb128 0x40
 632 009f 18       		.uleb128 0x18
 633 00a0 9742     		.uleb128 0x2117
 634 00a2 19       		.uleb128 0x19
 635 00a3 01       		.uleb128 0x1
 636 00a4 13       		.uleb128 0x13
 637 00a5 00       		.byte	0
 638 00a6 00       		.byte	0
 639 00a7 0D       		.uleb128 0xd
 640 00a8 05       		.uleb128 0x5
 641 00a9 00       		.byte	0
 642 00aa 03       		.uleb128 0x3
 643 00ab 08       		.uleb128 0x8
 644 00ac 3A       		.uleb128 0x3a
 645 00ad 0B       		.uleb128 0xb
 646 00ae 3B       		.uleb128 0x3b
 647 00af 0B       		.uleb128 0xb
 648 00b0 49       		.uleb128 0x49
 649 00b1 13       		.uleb128 0x13
 650 00b2 02       		.uleb128 0x2
 651 00b3 17       		.uleb128 0x17
 652 00b4 00       		.byte	0
 653 00b5 00       		.byte	0
 654 00b6 0E       		.uleb128 0xe
 655 00b7 2E       		.uleb128 0x2e
 656 00b8 01       		.byte	0x1
 657 00b9 3F       		.uleb128 0x3f
 658 00ba 19       		.uleb128 0x19
 659 00bb 03       		.uleb128 0x3
 660 00bc 0E       		.uleb128 0xe
 661 00bd 3A       		.uleb128 0x3a
 662 00be 0B       		.uleb128 0xb
 663 00bf 3B       		.uleb128 0x3b
 664 00c0 0B       		.uleb128 0xb
 665 00c1 27       		.uleb128 0x27
 666 00c2 19       		.uleb128 0x19
 667 00c3 11       		.uleb128 0x11
 668 00c4 01       		.uleb128 0x1
 669 00c5 12       		.uleb128 0x12
 670 00c6 06       		.uleb128 0x6
 671 00c7 40       		.uleb128 0x40
 672 00c8 18       		.uleb128 0x18
 673 00c9 9742     		.uleb128 0x2117
 674 00cb 19       		.uleb128 0x19
 675 00cc 01       		.uleb128 0x1
 676 00cd 13       		.uleb128 0x13
 677 00ce 00       		.byte	0
 678 00cf 00       		.byte	0
 679 00d0 0F       		.uleb128 0xf
 680 00d1 05       		.uleb128 0x5
 681 00d2 00       		.byte	0
 682 00d3 03       		.uleb128 0x3
 683 00d4 0E       		.uleb128 0xe
 684 00d5 3A       		.uleb128 0x3a
ARM GAS  C:\Users\danit\AppData\Local\Temp\ccOTznT9.s 			page 13


 685 00d6 0B       		.uleb128 0xb
 686 00d7 3B       		.uleb128 0x3b
 687 00d8 0B       		.uleb128 0xb
 688 00d9 49       		.uleb128 0x49
 689 00da 13       		.uleb128 0x13
 690 00db 02       		.uleb128 0x2
 691 00dc 17       		.uleb128 0x17
 692 00dd 00       		.byte	0
 693 00de 00       		.byte	0
 694 00df 10       		.uleb128 0x10
 695 00e0 898201   		.uleb128 0x4109
 696 00e3 01       		.byte	0x1
 697 00e4 11       		.uleb128 0x11
 698 00e5 01       		.uleb128 0x1
 699 00e6 9542     		.uleb128 0x2115
 700 00e8 19       		.uleb128 0x19
 701 00e9 31       		.uleb128 0x31
 702 00ea 13       		.uleb128 0x13
 703 00eb 00       		.byte	0
 704 00ec 00       		.byte	0
 705 00ed 11       		.uleb128 0x11
 706 00ee 8A8201   		.uleb128 0x410a
 707 00f1 00       		.byte	0
 708 00f2 02       		.uleb128 0x2
 709 00f3 18       		.uleb128 0x18
 710 00f4 9142     		.uleb128 0x2111
 711 00f6 18       		.uleb128 0x18
 712 00f7 00       		.byte	0
 713 00f8 00       		.byte	0
 714 00f9 12       		.uleb128 0x12
 715 00fa 34       		.uleb128 0x34
 716 00fb 00       		.byte	0
 717 00fc 03       		.uleb128 0x3
 718 00fd 0E       		.uleb128 0xe
 719 00fe 3A       		.uleb128 0x3a
 720 00ff 0B       		.uleb128 0xb
 721 0100 3B       		.uleb128 0x3b
 722 0101 05       		.uleb128 0x5
 723 0102 49       		.uleb128 0x49
 724 0103 13       		.uleb128 0x13
 725 0104 3F       		.uleb128 0x3f
 726 0105 19       		.uleb128 0x19
 727 0106 3C       		.uleb128 0x3c
 728 0107 19       		.uleb128 0x19
 729 0108 00       		.byte	0
 730 0109 00       		.byte	0
 731 010a 13       		.uleb128 0x13
 732 010b 2E       		.uleb128 0x2e
 733 010c 01       		.byte	0x1
 734 010d 3F       		.uleb128 0x3f
 735 010e 19       		.uleb128 0x19
 736 010f 03       		.uleb128 0x3
 737 0110 0E       		.uleb128 0xe
 738 0111 3A       		.uleb128 0x3a
 739 0112 0B       		.uleb128 0xb
 740 0113 3B       		.uleb128 0x3b
 741 0114 05       		.uleb128 0x5
ARM GAS  C:\Users\danit\AppData\Local\Temp\ccOTznT9.s 			page 14


 742 0115 27       		.uleb128 0x27
 743 0116 19       		.uleb128 0x19
 744 0117 3C       		.uleb128 0x3c
 745 0118 19       		.uleb128 0x19
 746 0119 00       		.byte	0
 747 011a 00       		.byte	0
 748 011b 14       		.uleb128 0x14
 749 011c 05       		.uleb128 0x5
 750 011d 00       		.byte	0
 751 011e 49       		.uleb128 0x49
 752 011f 13       		.uleb128 0x13
 753 0120 00       		.byte	0
 754 0121 00       		.byte	0
 755 0122 00       		.byte	0
 756              		.section	.debug_loc,"",%progbits
 757              	.Ldebug_loc0:
 758              	.LLST0:
 759 0000 00000000 		.4byte	.LVL0
 760 0004 0C000000 		.4byte	.LVL1
 761 0008 0100     		.2byte	0x1
 762 000a 50       		.byte	0x50
 763 000b 0C000000 		.4byte	.LVL1
 764 000f 10000000 		.4byte	.LFE118
 765 0013 0400     		.2byte	0x4
 766 0015 F3       		.byte	0xf3
 767 0016 01       		.uleb128 0x1
 768 0017 50       		.byte	0x50
 769 0018 9F       		.byte	0x9f
 770 0019 00000000 		.4byte	0
 771 001d 00000000 		.4byte	0
 772              	.LLST1:
 773 0021 00000000 		.4byte	.LVL2
 774 0025 04000000 		.4byte	.LVL3
 775 0029 0100     		.2byte	0x1
 776 002b 50       		.byte	0x50
 777 002c 04000000 		.4byte	.LVL3
 778 0030 1E000000 		.4byte	.LFE119
 779 0034 0400     		.2byte	0x4
 780 0036 F3       		.byte	0xf3
 781 0037 01       		.uleb128 0x1
 782 0038 50       		.byte	0x50
 783 0039 9F       		.byte	0x9f
 784 003a 00000000 		.4byte	0
 785 003e 00000000 		.4byte	0
 786              	.LLST2:
 787 0042 00000000 		.4byte	.LVL2
 788 0046 12000000 		.4byte	.LVL4
 789 004a 0100     		.2byte	0x1
 790 004c 51       		.byte	0x51
 791 004d 12000000 		.4byte	.LVL4
 792 0051 1E000000 		.4byte	.LFE119
 793 0055 0400     		.2byte	0x4
 794 0057 F3       		.byte	0xf3
 795 0058 01       		.uleb128 0x1
 796 0059 51       		.byte	0x51
 797 005a 9F       		.byte	0x9f
 798 005b 00000000 		.4byte	0
ARM GAS  C:\Users\danit\AppData\Local\Temp\ccOTznT9.s 			page 15


 799 005f 00000000 		.4byte	0
 800              	.LLST3:
 801 0063 00000000 		.4byte	.LVL5
 802 0067 04000000 		.4byte	.LVL6
 803 006b 0100     		.2byte	0x1
 804 006d 50       		.byte	0x50
 805 006e 04000000 		.4byte	.LVL6
 806 0072 0A000000 		.4byte	.LFE120
 807 0076 0400     		.2byte	0x4
 808 0078 F3       		.byte	0xf3
 809 0079 01       		.uleb128 0x1
 810 007a 50       		.byte	0x50
 811 007b 9F       		.byte	0x9f
 812 007c 00000000 		.4byte	0
 813 0080 00000000 		.4byte	0
 814              	.LLST4:
 815 0084 00000000 		.4byte	.LVL5
 816 0088 04000000 		.4byte	.LVL6
 817 008c 0100     		.2byte	0x1
 818 008e 51       		.byte	0x51
 819 008f 04000000 		.4byte	.LVL6
 820 0093 09000000 		.4byte	.LVL7-1
 821 0097 0100     		.2byte	0x1
 822 0099 52       		.byte	0x52
 823 009a 09000000 		.4byte	.LVL7-1
 824 009e 0A000000 		.4byte	.LFE120
 825 00a2 0400     		.2byte	0x4
 826 00a4 F3       		.byte	0xf3
 827 00a5 01       		.uleb128 0x1
 828 00a6 51       		.byte	0x51
 829 00a7 9F       		.byte	0x9f
 830 00a8 00000000 		.4byte	0
 831 00ac 00000000 		.4byte	0
 832              		.section	.debug_aranges,"",%progbits
 833 0000 2C000000 		.4byte	0x2c
 834 0004 0200     		.2byte	0x2
 835 0006 00000000 		.4byte	.Ldebug_info0
 836 000a 04       		.byte	0x4
 837 000b 00       		.byte	0
 838 000c 0000     		.2byte	0
 839 000e 0000     		.2byte	0
 840 0010 00000000 		.4byte	.LFB118
 841 0014 10000000 		.4byte	.LFE118-.LFB118
 842 0018 00000000 		.4byte	.LFB119
 843 001c 1E000000 		.4byte	.LFE119-.LFB119
 844 0020 00000000 		.4byte	.LFB120
 845 0024 0A000000 		.4byte	.LFE120-.LFB120
 846 0028 00000000 		.4byte	0
 847 002c 00000000 		.4byte	0
 848              		.section	.debug_ranges,"",%progbits
 849              	.Ldebug_ranges0:
 850 0000 00000000 		.4byte	.LFB118
 851 0004 10000000 		.4byte	.LFE118
 852 0008 00000000 		.4byte	.LFB119
 853 000c 1E000000 		.4byte	.LFE119
 854 0010 00000000 		.4byte	.LFB120
 855 0014 0A000000 		.4byte	.LFE120
ARM GAS  C:\Users\danit\AppData\Local\Temp\ccOTznT9.s 			page 16


 856 0018 00000000 		.4byte	0
 857 001c 00000000 		.4byte	0
 858              		.section	.debug_line,"",%progbits
 859              	.Ldebug_line0:
 860 0000 43020000 		.section	.debug_str,"MS",%progbits,1
 860      02000702 
 860      00000201 
 860      FB0E0D00 
 860      01010101 
 861              	.LASF40:
 862 0000 474E5520 		.ascii	"GNU C 4.9.3 20150529 (release) [ARM/embedded-4_9-br"
 862      4320342E 
 862      392E3320 
 862      32303135 
 862      30353239 
 863 0033 616E6368 		.ascii	"anch revision 224288] -mcpu=cortex-m4 -mno-thumb-in"
 863      20726576 
 863      6973696F 
 863      6E203232 
 863      34323838 
 864 0066 74657277 		.ascii	"terwork -mthumb -ggdb -O2 -fomit-frame-pointer -fal"
 864      6F726B20 
 864      2D6D7468 
 864      756D6220 
 864      2D676764 
 865 0099 69676E2D 		.ascii	"ign-functions=16 -ffunction-sections -fdata-section"
 865      66756E63 
 865      74696F6E 
 865      733D3136 
 865      202D6666 
 866 00cc 73202D66 		.ascii	"s -fno-common\000"
 866      6E6F2D63 
 866      6F6D6D6F 
 866      6E00
 867              	.LASF41:
 868 00da 2E2E2F2E 		.ascii	"../../../ChibiOS/os/hal/src/pal.c\000"
 868      2E2F2E2E 
 868      2F436869 
 868      62694F53 
 868      2F6F732F 
 869              	.LASF20:
 870 00fc 4D4F4445 		.ascii	"MODER\000"
 870      5200
 871              	.LASF43:
 872 0102 70616C52 		.ascii	"palReadBus\000"
 872      65616442 
 872      757300
 873              	.LASF6:
 874 010d 5F5F696E 		.ascii	"__int32_t\000"
 874      7433325F 
 874      7400
 875              	.LASF15:
 876 0117 75696E74 		.ascii	"uint_fast8_t\000"
 876      5F666173 
 876      74385F74 
 876      00
 877              	.LASF24:
ARM GAS  C:\Users\danit\AppData\Local\Temp\ccOTznT9.s 			page 17


 878 0124 42535252 		.ascii	"BSRR\000"
 878      00
 879              	.LASF37:
 880 0129 70616C57 		.ascii	"palWriteBus\000"
 880      72697465 
 880      42757300 
 881              	.LASF3:
 882 0135 73686F72 		.ascii	"short int\000"
 882      7420696E 
 882      7400
 883              	.LASF38:
 884 013f 70616C53 		.ascii	"palSetBusMode\000"
 884      65744275 
 884      734D6F64 
 884      6500
 885              	.LASF32:
 886 014d 706F7274 		.ascii	"portid\000"
 886      696400
 887              	.LASF29:
 888 0154 696F706F 		.ascii	"ioportmask_t\000"
 888      72746D61 
 888      736B5F74 
 888      00
 889              	.LASF21:
 890 0161 4F545950 		.ascii	"OTYPER\000"
 890      455200
 891              	.LASF30:
 892 0168 696F6D6F 		.ascii	"iomode_t\000"
 892      64655F74 
 892      00
 893              	.LASF2:
 894 0171 756E7369 		.ascii	"unsigned char\000"
 894      676E6564 
 894      20636861 
 894      7200
 895              	.LASF27:
 896 017f 41465248 		.ascii	"AFRH\000"
 896      00
 897              	.LASF9:
 898 0184 6C6F6E67 		.ascii	"long unsigned int\000"
 898      20756E73 
 898      69676E65 
 898      6420696E 
 898      7400
 899              	.LASF4:
 900 0196 73686F72 		.ascii	"short unsigned int\000"
 900      7420756E 
 900      7369676E 
 900      65642069 
 900      6E7400
 901              	.LASF26:
 902 01a9 4146524C 		.ascii	"AFRL\000"
 902      00
 903              	.LASF44:
 904 01ae 49544D5F 		.ascii	"ITM_RxBuffer\000"
 904      52784275 
 904      66666572 
ARM GAS  C:\Users\danit\AppData\Local\Temp\ccOTznT9.s 			page 18


 904      00
 905              	.LASF5:
 906 01bb 5F5F7569 		.ascii	"__uint16_t\000"
 906      6E743136 
 906      5F7400
 907              	.LASF8:
 908 01c6 5F5F7569 		.ascii	"__uint32_t\000"
 908      6E743332 
 908      5F7400
 909              	.LASF22:
 910 01d1 4F535045 		.ascii	"OSPEEDR\000"
 910      45445200 
 911              	.LASF45:
 912 01d9 5F70616C 		.ascii	"_pal_lld_setgroupmode\000"
 912      5F6C6C64 
 912      5F736574 
 912      67726F75 
 912      706D6F64 
 913              	.LASF0:
 914 01ef 756E7369 		.ascii	"unsigned int\000"
 914      676E6564 
 914      20696E74 
 914      00
 915              	.LASF28:
 916 01fc 4750494F 		.ascii	"GPIO_TypeDef\000"
 916      5F547970 
 916      65446566 
 916      00
 917              	.LASF18:
 918 0209 63686172 		.ascii	"char\000"
 918      00
 919              	.LASF39:
 920 020e 6D6F6465 		.ascii	"mode\000"
 920      00
 921              	.LASF13:
 922 0213 696E7433 		.ascii	"int32_t\000"
 922      325F7400 
 923              	.LASF17:
 924 021b 73697A65 		.ascii	"sizetype\000"
 924      74797065 
 924      00
 925              	.LASF23:
 926 0224 50555044 		.ascii	"PUPDR\000"
 926      5200
 927              	.LASF10:
 928 022a 6C6F6E67 		.ascii	"long long int\000"
 928      206C6F6E 
 928      6720696E 
 928      7400
 929              	.LASF33:
 930 0238 6D61736B 		.ascii	"mask\000"
 930      00
 931              	.LASF36:
 932 023d 62697473 		.ascii	"bits\000"
 932      00
 933              	.LASF34:
 934 0242 6F666673 		.ascii	"offset\000"
ARM GAS  C:\Users\danit\AppData\Local\Temp\ccOTznT9.s 			page 19


 934      657400
 935              	.LASF31:
 936 0249 696F706F 		.ascii	"ioportid_t\000"
 936      72746964 
 936      5F7400
 937              	.LASF12:
 938 0254 75696E74 		.ascii	"uint16_t\000"
 938      31365F74 
 938      00
 939              	.LASF19:
 940 025d 636C6561 		.ascii	"clear\000"
 940      7200
 941              	.LASF42:
 942 0263 443A5C44 		.ascii	"D:\\Dani\\MegaLux\\Repo\\Smarty\\Smarty\\smarty\\fi"
 942      616E695C 
 942      4D656761 
 942      4C75785C 
 942      5265706F 
 943 028f 726D7761 		.ascii	"rmware\000"
 943      726500
 944              	.LASF14:
 945 0296 75696E74 		.ascii	"uint32_t\000"
 945      33325F74 
 945      00
 946              	.LASF7:
 947 029f 6C6F6E67 		.ascii	"long int\000"
 947      20696E74 
 947      00
 948              	.LASF1:
 949 02a8 7369676E 		.ascii	"signed char\000"
 949      65642063 
 949      68617200 
 950              	.LASF25:
 951 02b4 4C434B52 		.ascii	"LCKR\000"
 951      00
 952              	.LASF16:
 953 02b9 5F426F6F 		.ascii	"_Bool\000"
 953      6C00
 954              	.LASF11:
 955 02bf 6C6F6E67 		.ascii	"long long unsigned int\000"
 955      206C6F6E 
 955      6720756E 
 955      7369676E 
 955      65642069 
 956              	.LASF35:
 957 02d6 494F4275 		.ascii	"IOBus\000"
 957      7300
 958              		.ident	"GCC: (GNU Tools for ARM Embedded Processors) 4.9.3 20150529 (release) [ARM/embedded-4_9-br
ARM GAS  C:\Users\danit\AppData\Local\Temp\ccOTznT9.s 			page 20


DEFINED SYMBOLS
                            *ABS*:00000000 pal.c
C:\Users\danit\AppData\Local\Temp\ccOTznT9.s:19     .text.palReadBus:00000000 $t
C:\Users\danit\AppData\Local\Temp\ccOTznT9.s:25     .text.palReadBus:00000000 palReadBus
C:\Users\danit\AppData\Local\Temp\ccOTznT9.s:48     .text.palWriteBus:00000000 $t
C:\Users\danit\AppData\Local\Temp\ccOTznT9.s:54     .text.palWriteBus:00000000 palWriteBus
C:\Users\danit\AppData\Local\Temp\ccOTznT9.s:87     .text.palSetBusMode:00000000 $t
C:\Users\danit\AppData\Local\Temp\ccOTznT9.s:93     .text.palSetBusMode:00000000 palSetBusMode
                     .debug_frame:00000010 $d

UNDEFINED SYMBOLS
_pal_lld_setgroupmode
