ARM GAS  C:\Users\srich\AppData\Local\Temp\cc233AxZ.s 			page 1


   1              		.syntax unified
   2              		.cpu cortex-m4
   3              		.fpu softvfp
   4              		.eabi_attribute 20, 1
   5              		.eabi_attribute 21, 1
   6              		.eabi_attribute 23, 3
   7              		.eabi_attribute 24, 1
   8              		.eabi_attribute 25, 1
   9              		.eabi_attribute 26, 1
  10              		.eabi_attribute 30, 2
  11              		.eabi_attribute 34, 1
  12              		.eabi_attribute 18, 4
  13              		.thumb
  14              		.file	"rtc.c"
  15              		.text
  16              	.Ltext0:
  17              		.cfi_sections	.debug_frame
  18              		.section	.text.rtcInit,"ax",%progbits
  19              		.align	2
  20              		.p2align 4,,15
  21              		.global	rtcInit
  22              		.thumb
  23              		.thumb_func
  24              		.type	rtcInit, %function
  25              	rtcInit:
  26              	.LFB118:
  27              		.file 1 "../../../ChibiOS/os/hal/src/rtc.c"
  28              		.loc 1 72 0
  29              		.cfi_startproc
  30              		@ args = 0, pretend = 0, frame = 0
  31              		@ frame_needed = 0, uses_anonymous_args = 0
  32              		@ link register save eliminated.
  33              		.loc 1 74 0
  34 0000 FFF7FEBF 		b	rtc_lld_init
  35              	.LVL0:
  36              		.cfi_endproc
  37              	.LFE118:
  38              		.size	rtcInit, .-rtcInit
  39              		.section	.text.rtcSetTime,"ax",%progbits
  40              		.align	2
  41              		.p2align 4,,15
  42              		.global	rtcSetTime
  43              		.thumb
  44              		.thumb_func
  45              		.type	rtcSetTime, %function
  46              	rtcSetTime:
  47              	.LFB119:
  48              		.loc 1 85 0
  49              		.cfi_startproc
  50              		@ args = 0, pretend = 0, frame = 0
  51              		@ frame_needed = 0, uses_anonymous_args = 0
  52              	.LVL1:
  53 0000 08B5     		push	{r3, lr}
  54              		.cfi_def_cfa_offset 8
  55              		.cfi_offset 3, -8
  56              		.cfi_offset 14, -4
  57              	.LBB2:
ARM GAS  C:\Users\srich\AppData\Local\Temp\cc233AxZ.s 			page 2


  58              		.loc 1 89 0
  59 0002 2023     		movs	r3, #32
  60              	@ 89 "../../../ChibiOS/os/hal/src/rtc.c" 1
  61 0004 83F31188 		msr     BASEPRI, r3
  62              	@ 0 "" 2
  63              		.thumb
  64              	.LBE2:
  65              		.loc 1 90 0
  66 0008 FFF7FEFF 		bl	rtc_lld_set_time
  67              	.LVL2:
  68              	.LBB3:
  69              		.loc 1 91 0
  70 000c 0023     		movs	r3, #0
  71              	@ 91 "../../../ChibiOS/os/hal/src/rtc.c" 1
  72 000e 83F31188 		msr     BASEPRI, r3
  73              	@ 0 "" 2
  74              		.thumb
  75 0012 08BD     		pop	{r3, pc}
  76              	.LBE3:
  77              		.cfi_endproc
  78              	.LFE119:
  79              		.size	rtcSetTime, .-rtcSetTime
  80              		.section	.text.rtcGetTime,"ax",%progbits
  81              		.align	2
  82              		.p2align 4,,15
  83              		.global	rtcGetTime
  84              		.thumb
  85              		.thumb_func
  86              		.type	rtcGetTime, %function
  87              	rtcGetTime:
  88              	.LFB120:
  89              		.loc 1 102 0
  90              		.cfi_startproc
  91              		@ args = 0, pretend = 0, frame = 0
  92              		@ frame_needed = 0, uses_anonymous_args = 0
  93              	.LVL3:
  94 0000 08B5     		push	{r3, lr}
  95              		.cfi_def_cfa_offset 8
  96              		.cfi_offset 3, -8
  97              		.cfi_offset 14, -4
  98              	.LBB4:
  99              		.loc 1 106 0
 100 0002 2023     		movs	r3, #32
 101              	@ 106 "../../../ChibiOS/os/hal/src/rtc.c" 1
 102 0004 83F31188 		msr     BASEPRI, r3
 103              	@ 0 "" 2
 104              		.thumb
 105              	.LBE4:
 106              		.loc 1 107 0
 107 0008 FFF7FEFF 		bl	rtc_lld_get_time
 108              	.LVL4:
 109              	.LBB5:
 110              		.loc 1 108 0
 111 000c 0023     		movs	r3, #0
 112              	@ 108 "../../../ChibiOS/os/hal/src/rtc.c" 1
 113 000e 83F31188 		msr     BASEPRI, r3
 114              	@ 0 "" 2
ARM GAS  C:\Users\srich\AppData\Local\Temp\cc233AxZ.s 			page 3


 115              		.thumb
 116 0012 08BD     		pop	{r3, pc}
 117              	.LBE5:
 118              		.cfi_endproc
 119              	.LFE120:
 120              		.size	rtcGetTime, .-rtcGetTime
 121              		.section	.text.rtcSetAlarm,"ax",%progbits
 122              		.align	2
 123              		.p2align 4,,15
 124              		.global	rtcSetAlarm
 125              		.thumb
 126              		.thumb_func
 127              		.type	rtcSetAlarm, %function
 128              	rtcSetAlarm:
 129              	.LFB121:
 130              		.loc 1 123 0
 131              		.cfi_startproc
 132              		@ args = 0, pretend = 0, frame = 0
 133              		@ frame_needed = 0, uses_anonymous_args = 0
 134              	.LVL5:
 135 0000 08B5     		push	{r3, lr}
 136              		.cfi_def_cfa_offset 8
 137              		.cfi_offset 3, -8
 138              		.cfi_offset 14, -4
 139              	.LBB6:
 140              		.loc 1 127 0
 141 0002 2023     		movs	r3, #32
 142              	@ 127 "../../../ChibiOS/os/hal/src/rtc.c" 1
 143 0004 83F31188 		msr     BASEPRI, r3
 144              	@ 0 "" 2
 145              		.thumb
 146              	.LBE6:
 147              		.loc 1 128 0
 148 0008 FFF7FEFF 		bl	rtc_lld_set_alarm
 149              	.LVL6:
 150              	.LBB7:
 151              		.loc 1 129 0
 152 000c 0023     		movs	r3, #0
 153              	@ 129 "../../../ChibiOS/os/hal/src/rtc.c" 1
 154 000e 83F31188 		msr     BASEPRI, r3
 155              	@ 0 "" 2
 156              		.thumb
 157 0012 08BD     		pop	{r3, pc}
 158              	.LBE7:
 159              		.cfi_endproc
 160              	.LFE121:
 161              		.size	rtcSetAlarm, .-rtcSetAlarm
 162              		.section	.text.rtcGetAlarm,"ax",%progbits
 163              		.align	2
 164              		.p2align 4,,15
 165              		.global	rtcGetAlarm
 166              		.thumb
 167              		.thumb_func
 168              		.type	rtcGetAlarm, %function
 169              	rtcGetAlarm:
 170              	.LFB122:
 171              		.loc 1 145 0
ARM GAS  C:\Users\srich\AppData\Local\Temp\cc233AxZ.s 			page 4


 172              		.cfi_startproc
 173              		@ args = 0, pretend = 0, frame = 0
 174              		@ frame_needed = 0, uses_anonymous_args = 0
 175              	.LVL7:
 176 0000 08B5     		push	{r3, lr}
 177              		.cfi_def_cfa_offset 8
 178              		.cfi_offset 3, -8
 179              		.cfi_offset 14, -4
 180              	.LBB8:
 181              		.loc 1 150 0
 182 0002 2023     		movs	r3, #32
 183              	@ 150 "../../../ChibiOS/os/hal/src/rtc.c" 1
 184 0004 83F31188 		msr     BASEPRI, r3
 185              	@ 0 "" 2
 186              		.thumb
 187              	.LBE8:
 188              		.loc 1 151 0
 189 0008 FFF7FEFF 		bl	rtc_lld_get_alarm
 190              	.LVL8:
 191              	.LBB9:
 192              		.loc 1 152 0
 193 000c 0023     		movs	r3, #0
 194              	@ 152 "../../../ChibiOS/os/hal/src/rtc.c" 1
 195 000e 83F31188 		msr     BASEPRI, r3
 196              	@ 0 "" 2
 197              		.thumb
 198 0012 08BD     		pop	{r3, pc}
 199              	.LBE9:
 200              		.cfi_endproc
 201              	.LFE122:
 202              		.size	rtcGetAlarm, .-rtcGetAlarm
 203              		.section	.text.rtcGetTimeFat,"ax",%progbits
 204              		.align	2
 205              		.p2align 4,,15
 206              		.global	rtcGetTimeFat
 207              		.thumb
 208              		.thumb_func
 209              		.type	rtcGetTimeFat, %function
 210              	rtcGetTimeFat:
 211              	.LFB123:
 212              		.loc 1 185 0
 213              		.cfi_startproc
 214              		@ args = 0, pretend = 0, frame = 0
 215              		@ frame_needed = 0, uses_anonymous_args = 0
 216              		@ link register save eliminated.
 217              	.LVL9:
 218              		.loc 1 188 0
 219 0000 FFF7FEBF 		b	rtc_lld_get_time_fat
 220              	.LVL10:
 221              		.cfi_endproc
 222              	.LFE123:
 223              		.size	rtcGetTimeFat, .-rtcGetTimeFat
 224              		.text
 225              	.Letext0:
 226              		.file 2 "c:\\chibistudio\\tools\\gnu tools arm embedded\\4.9 2015q3\\arm-none-eabi\\include\\machi
 227              		.file 3 "c:\\chibistudio\\tools\\gnu tools arm embedded\\4.9 2015q3\\arm-none-eabi\\include\\sys\\
 228              		.file 4 "../../../ChibiOS/os/ports/GCC/ARMCMx/chtypes.h"
ARM GAS  C:\Users\srich\AppData\Local\Temp\cc233AxZ.s 			page 5


 229              		.file 5 "../../../ChibiOS/os/hal/platforms/STM32F4xx/stm32f4xx.h"
 230              		.file 6 "../../../ChibiOS/os/hal/include/rtc.h"
 231              		.file 7 "../../../ChibiOS/os/hal/platforms/STM32/RTCv2/rtc_lld.h"
 232              		.file 8 "../../../ChibiOS/os/ports/common/ARMCMx/CMSIS/include/core_cm4.h"
 233              		.section	.debug_info,"",%progbits
 234              	.Ldebug_info0:
 235 0000 B5060000 		.4byte	0x6b5
 236 0004 0400     		.2byte	0x4
 237 0006 00000000 		.4byte	.Ldebug_abbrev0
 238 000a 04       		.byte	0x4
 239 000b 01       		.uleb128 0x1
 240 000c 7F010000 		.4byte	.LASF75
 241 0010 01       		.byte	0x1
 242 0011 7B030000 		.4byte	.LASF76
 243 0015 47000000 		.4byte	.LASF77
 244 0019 00000000 		.4byte	.Ldebug_ranges0+0
 245 001d 00000000 		.4byte	0
 246 0021 00000000 		.4byte	.Ldebug_line0
 247 0025 02       		.uleb128 0x2
 248 0026 04       		.byte	0x4
 249 0027 05       		.byte	0x5
 250 0028 696E7400 		.ascii	"int\000"
 251 002c 03       		.uleb128 0x3
 252 002d 04       		.byte	0x4
 253 002e 07       		.byte	0x7
 254 002f 69020000 		.4byte	.LASF0
 255 0033 03       		.uleb128 0x3
 256 0034 01       		.byte	0x1
 257 0035 06       		.byte	0x6
 258 0036 5C010000 		.4byte	.LASF1
 259 003a 03       		.uleb128 0x3
 260 003b 01       		.byte	0x1
 261 003c 08       		.byte	0x8
 262 003d 36010000 		.4byte	.LASF2
 263 0041 03       		.uleb128 0x3
 264 0042 02       		.byte	0x2
 265 0043 05       		.byte	0x5
 266 0044 18000000 		.4byte	.LASF3
 267 0048 03       		.uleb128 0x3
 268 0049 02       		.byte	0x2
 269 004a 07       		.byte	0x7
 270 004b 92020000 		.4byte	.LASF4
 271 004f 04       		.uleb128 0x4
 272 0050 BC000000 		.4byte	.LASF6
 273 0054 02       		.byte	0x2
 274 0055 3F       		.byte	0x3f
 275 0056 5A000000 		.4byte	0x5a
 276 005a 03       		.uleb128 0x3
 277 005b 04       		.byte	0x4
 278 005c 05       		.byte	0x5
 279 005d D8000000 		.4byte	.LASF5
 280 0061 04       		.uleb128 0x4
 281 0062 35000000 		.4byte	.LASF7
 282 0066 02       		.byte	0x2
 283 0067 41       		.byte	0x41
 284 0068 6C000000 		.4byte	0x6c
 285 006c 03       		.uleb128 0x3
ARM GAS  C:\Users\srich\AppData\Local\Temp\cc233AxZ.s 			page 6


 286 006d 04       		.byte	0x4
 287 006e 07       		.byte	0x7
 288 006f E9020000 		.4byte	.LASF8
 289 0073 03       		.uleb128 0x3
 290 0074 08       		.byte	0x8
 291 0075 05       		.byte	0x5
 292 0076 9D000000 		.4byte	.LASF9
 293 007a 03       		.uleb128 0x3
 294 007b 08       		.byte	0x8
 295 007c 07       		.byte	0x7
 296 007d 68010000 		.4byte	.LASF10
 297 0081 04       		.uleb128 0x4
 298 0082 B0020000 		.4byte	.LASF11
 299 0086 03       		.byte	0x3
 300 0087 1F       		.byte	0x1f
 301 0088 4F000000 		.4byte	0x4f
 302 008c 04       		.uleb128 0x4
 303 008d 59020000 		.4byte	.LASF12
 304 0091 03       		.byte	0x3
 305 0092 20       		.byte	0x20
 306 0093 61000000 		.4byte	0x61
 307 0097 04       		.uleb128 0x4
 308 0098 B8020000 		.4byte	.LASF13
 309 009c 04       		.byte	0x4
 310 009d 2B       		.byte	0x2b
 311 009e A2000000 		.4byte	0xa2
 312 00a2 03       		.uleb128 0x3
 313 00a3 01       		.byte	0x1
 314 00a4 02       		.byte	0x2
 315 00a5 C8020000 		.4byte	.LASF14
 316 00a9 05       		.uleb128 0x5
 317 00aa 8C000000 		.4byte	0x8c
 318 00ae 03       		.uleb128 0x3
 319 00af 04       		.byte	0x4
 320 00b0 07       		.byte	0x7
 321 00b1 22000000 		.4byte	.LASF15
 322 00b5 03       		.uleb128 0x3
 323 00b6 01       		.byte	0x1
 324 00b7 08       		.byte	0x8
 325 00b8 A5020000 		.4byte	.LASF16
 326 00bc 05       		.uleb128 0x5
 327 00bd 81000000 		.4byte	0x81
 328 00c1 06       		.uleb128 0x6
 329 00c2 A0       		.byte	0xa0
 330 00c3 05       		.byte	0x5
 331 00c4 8104     		.2byte	0x481
 332 00c6 D0020000 		.4byte	0x2d0
 333 00ca 07       		.uleb128 0x7
 334 00cb 545200   		.ascii	"TR\000"
 335 00ce 05       		.byte	0x5
 336 00cf 8304     		.2byte	0x483
 337 00d1 A9000000 		.4byte	0xa9
 338 00d5 00       		.byte	0
 339 00d6 07       		.uleb128 0x7
 340 00d7 445200   		.ascii	"DR\000"
 341 00da 05       		.byte	0x5
 342 00db 8404     		.2byte	0x484
ARM GAS  C:\Users\srich\AppData\Local\Temp\cc233AxZ.s 			page 7


 343 00dd A9000000 		.4byte	0xa9
 344 00e1 04       		.byte	0x4
 345 00e2 07       		.uleb128 0x7
 346 00e3 435200   		.ascii	"CR\000"
 347 00e6 05       		.byte	0x5
 348 00e7 8504     		.2byte	0x485
 349 00e9 A9000000 		.4byte	0xa9
 350 00ed 08       		.byte	0x8
 351 00ee 07       		.uleb128 0x7
 352 00ef 49535200 		.ascii	"ISR\000"
 353 00f3 05       		.byte	0x5
 354 00f4 8604     		.2byte	0x486
 355 00f6 A9000000 		.4byte	0xa9
 356 00fa 0C       		.byte	0xc
 357 00fb 08       		.uleb128 0x8
 358 00fc 92000000 		.4byte	.LASF17
 359 0100 05       		.byte	0x5
 360 0101 8704     		.2byte	0x487
 361 0103 A9000000 		.4byte	0xa9
 362 0107 10       		.byte	0x10
 363 0108 08       		.uleb128 0x8
 364 0109 30000000 		.4byte	.LASF18
 365 010d 05       		.byte	0x5
 366 010e 8804     		.2byte	0x488
 367 0110 A9000000 		.4byte	0xa9
 368 0114 14       		.byte	0x14
 369 0115 08       		.uleb128 0x8
 370 0116 C6000000 		.4byte	.LASF19
 371 011a 05       		.byte	0x5
 372 011b 8904     		.2byte	0x489
 373 011d A9000000 		.4byte	0xa9
 374 0121 18       		.byte	0x18
 375 0122 08       		.uleb128 0x8
 376 0123 62020000 		.4byte	.LASF20
 377 0127 05       		.byte	0x5
 378 0128 8A04     		.2byte	0x48a
 379 012a A9000000 		.4byte	0xa9
 380 012e 1C       		.byte	0x1c
 381 012f 08       		.uleb128 0x8
 382 0130 37030000 		.4byte	.LASF21
 383 0134 05       		.byte	0x5
 384 0135 8B04     		.2byte	0x48b
 385 0137 A9000000 		.4byte	0xa9
 386 013b 20       		.byte	0x20
 387 013c 07       		.uleb128 0x7
 388 013d 57505200 		.ascii	"WPR\000"
 389 0141 05       		.byte	0x5
 390 0142 8C04     		.2byte	0x48c
 391 0144 A9000000 		.4byte	0xa9
 392 0148 24       		.byte	0x24
 393 0149 07       		.uleb128 0x7
 394 014a 53535200 		.ascii	"SSR\000"
 395 014e 05       		.byte	0x5
 396 014f 8D04     		.2byte	0x48d
 397 0151 A9000000 		.4byte	0xa9
 398 0155 28       		.byte	0x28
 399 0156 08       		.uleb128 0x8
ARM GAS  C:\Users\srich\AppData\Local\Temp\cc233AxZ.s 			page 8


 400 0157 B3030000 		.4byte	.LASF22
 401 015b 05       		.byte	0x5
 402 015c 8E04     		.2byte	0x48e
 403 015e A9000000 		.4byte	0xa9
 404 0162 2C       		.byte	0x2c
 405 0163 08       		.uleb128 0x8
 406 0164 81020000 		.4byte	.LASF23
 407 0168 05       		.byte	0x5
 408 0169 8F04     		.2byte	0x48f
 409 016b A9000000 		.4byte	0xa9
 410 016f 30       		.byte	0x30
 411 0170 08       		.uleb128 0x8
 412 0171 7B000000 		.4byte	.LASF24
 413 0175 05       		.byte	0x5
 414 0176 9004     		.2byte	0x490
 415 0178 A9000000 		.4byte	0xa9
 416 017c 34       		.byte	0x34
 417 017d 08       		.uleb128 0x8
 418 017e A6030000 		.4byte	.LASF25
 419 0182 05       		.byte	0x5
 420 0183 9104     		.2byte	0x491
 421 0185 A9000000 		.4byte	0xa9
 422 0189 38       		.byte	0x38
 423 018a 08       		.uleb128 0x8
 424 018b 2B000000 		.4byte	.LASF26
 425 018f 05       		.byte	0x5
 426 0190 9204     		.2byte	0x492
 427 0192 A9000000 		.4byte	0xa9
 428 0196 3C       		.byte	0x3c
 429 0197 08       		.uleb128 0x8
 430 0198 04010000 		.4byte	.LASF27
 431 019c 05       		.byte	0x5
 432 019d 9304     		.2byte	0x493
 433 019f A9000000 		.4byte	0xa9
 434 01a3 40       		.byte	0x40
 435 01a4 08       		.uleb128 0x8
 436 01a5 44010000 		.4byte	.LASF28
 437 01a9 05       		.byte	0x5
 438 01aa 9404     		.2byte	0x494
 439 01ac A9000000 		.4byte	0xa9
 440 01b0 44       		.byte	0x44
 441 01b1 08       		.uleb128 0x8
 442 01b2 BF020000 		.4byte	.LASF29
 443 01b6 05       		.byte	0x5
 444 01b7 9504     		.2byte	0x495
 445 01b9 A9000000 		.4byte	0xa9
 446 01bd 48       		.byte	0x48
 447 01be 08       		.uleb128 0x8
 448 01bf FB020000 		.4byte	.LASF30
 449 01c3 05       		.byte	0x5
 450 01c4 9604     		.2byte	0x496
 451 01c6 8C000000 		.4byte	0x8c
 452 01ca 4C       		.byte	0x4c
 453 01cb 08       		.uleb128 0x8
 454 01cc 31030000 		.4byte	.LASF31
 455 01d0 05       		.byte	0x5
 456 01d1 9704     		.2byte	0x497
ARM GAS  C:\Users\srich\AppData\Local\Temp\cc233AxZ.s 			page 9


 457 01d3 A9000000 		.4byte	0xa9
 458 01d7 50       		.byte	0x50
 459 01d8 08       		.uleb128 0x8
 460 01d9 16030000 		.4byte	.LASF32
 461 01dd 05       		.byte	0x5
 462 01de 9804     		.2byte	0x498
 463 01e0 A9000000 		.4byte	0xa9
 464 01e4 54       		.byte	0x54
 465 01e5 08       		.uleb128 0x8
 466 01e6 12000000 		.4byte	.LASF33
 467 01ea 05       		.byte	0x5
 468 01eb 9904     		.2byte	0x499
 469 01ed A9000000 		.4byte	0xa9
 470 01f1 58       		.byte	0x58
 471 01f2 08       		.uleb128 0x8
 472 01f3 97000000 		.4byte	.LASF34
 473 01f7 05       		.byte	0x5
 474 01f8 9A04     		.2byte	0x49a
 475 01fa A9000000 		.4byte	0xa9
 476 01fe 5C       		.byte	0x5c
 477 01ff 08       		.uleb128 0x8
 478 0200 7B020000 		.4byte	.LASF35
 479 0204 05       		.byte	0x5
 480 0205 9B04     		.2byte	0x49b
 481 0207 A9000000 		.4byte	0xa9
 482 020b 60       		.byte	0x60
 483 020c 08       		.uleb128 0x8
 484 020d 62030000 		.4byte	.LASF36
 485 0211 05       		.byte	0x5
 486 0212 9C04     		.2byte	0x49c
 487 0214 A9000000 		.4byte	0xa9
 488 0218 64       		.byte	0x64
 489 0219 08       		.uleb128 0x8
 490 021a 00000000 		.4byte	.LASF37
 491 021e 05       		.byte	0x5
 492 021f 9D04     		.2byte	0x49d
 493 0221 A9000000 		.4byte	0xa9
 494 0225 68       		.byte	0x68
 495 0226 08       		.uleb128 0x8
 496 0227 E8000000 		.4byte	.LASF38
 497 022b 05       		.byte	0x5
 498 022c 9E04     		.2byte	0x49e
 499 022e A9000000 		.4byte	0xa9
 500 0232 6C       		.byte	0x6c
 501 0233 08       		.uleb128 0x8
 502 0234 AA020000 		.4byte	.LASF39
 503 0238 05       		.byte	0x5
 504 0239 9F04     		.2byte	0x49f
 505 023b A9000000 		.4byte	0xa9
 506 023f 70       		.byte	0x70
 507 0240 08       		.uleb128 0x8
 508 0241 BA030000 		.4byte	.LASF40
 509 0245 05       		.byte	0x5
 510 0246 A004     		.2byte	0x4a0
 511 0248 A9000000 		.4byte	0xa9
 512 024c 74       		.byte	0x74
 513 024d 08       		.uleb128 0x8
ARM GAS  C:\Users\srich\AppData\Local\Temp\cc233AxZ.s 			page 10


 514 024e E1000000 		.4byte	.LASF41
 515 0252 05       		.byte	0x5
 516 0253 A104     		.2byte	0x4a1
 517 0255 A9000000 		.4byte	0xa9
 518 0259 78       		.byte	0x78
 519 025a 08       		.uleb128 0x8
 520 025b 3E030000 		.4byte	.LASF42
 521 025f 05       		.byte	0x5
 522 0260 A204     		.2byte	0x4a2
 523 0262 A9000000 		.4byte	0xa9
 524 0266 7C       		.byte	0x7c
 525 0267 08       		.uleb128 0x8
 526 0268 AC030000 		.4byte	.LASF43
 527 026c 05       		.byte	0x5
 528 026d A304     		.2byte	0x4a3
 529 026f A9000000 		.4byte	0xa9
 530 0273 80       		.byte	0x80
 531 0274 08       		.uleb128 0x8
 532 0275 40000000 		.4byte	.LASF44
 533 0279 05       		.byte	0x5
 534 027a A404     		.2byte	0x4a4
 535 027c A9000000 		.4byte	0xa9
 536 0280 84       		.byte	0x84
 537 0281 08       		.uleb128 0x8
 538 0282 F7000000 		.4byte	.LASF45
 539 0286 05       		.byte	0x5
 540 0287 A504     		.2byte	0x4a5
 541 0289 A9000000 		.4byte	0xa9
 542 028d 88       		.byte	0x88
 543 028e 08       		.uleb128 0x8
 544 028f CE020000 		.4byte	.LASF46
 545 0293 05       		.byte	0x5
 546 0294 A604     		.2byte	0x4a6
 547 0296 A9000000 		.4byte	0xa9
 548 029a 8C       		.byte	0x8c
 549 029b 08       		.uleb128 0x8
 550 029c DC030000 		.4byte	.LASF47
 551 02a0 05       		.byte	0x5
 552 02a1 A704     		.2byte	0x4a7
 553 02a3 A9000000 		.4byte	0xa9
 554 02a7 90       		.byte	0x90
 555 02a8 08       		.uleb128 0x8
 556 02a9 74000000 		.4byte	.LASF48
 557 02ad 05       		.byte	0x5
 558 02ae A804     		.2byte	0x4a8
 559 02b0 A9000000 		.4byte	0xa9
 560 02b4 94       		.byte	0x94
 561 02b5 08       		.uleb128 0x8
 562 02b6 4D010000 		.4byte	.LASF49
 563 02ba 05       		.byte	0x5
 564 02bb A904     		.2byte	0x4a9
 565 02bd A9000000 		.4byte	0xa9
 566 02c1 98       		.byte	0x98
 567 02c2 08       		.uleb128 0x8
 568 02c3 0F030000 		.4byte	.LASF50
 569 02c7 05       		.byte	0x5
 570 02c8 AA04     		.2byte	0x4aa
ARM GAS  C:\Users\srich\AppData\Local\Temp\cc233AxZ.s 			page 11


 571 02ca A9000000 		.4byte	0xa9
 572 02ce 9C       		.byte	0x9c
 573 02cf 00       		.byte	0
 574 02d0 09       		.uleb128 0x9
 575 02d1 D5020000 		.4byte	.LASF51
 576 02d5 05       		.byte	0x5
 577 02d6 AB04     		.2byte	0x4ab
 578 02d8 C1000000 		.4byte	0xc1
 579 02dc 04       		.uleb128 0x4
 580 02dd 05030000 		.4byte	.LASF52
 581 02e1 06       		.byte	0x6
 582 02e2 4C       		.byte	0x4c
 583 02e3 E7020000 		.4byte	0x2e7
 584 02e7 0A       		.uleb128 0xa
 585 02e8 05030000 		.4byte	.LASF52
 586 02ec 04       		.byte	0x4
 587 02ed 07       		.byte	0x7
 588 02ee B5       		.byte	0xb5
 589 02ef 00030000 		.4byte	0x300
 590 02f3 0B       		.uleb128 0xb
 591 02f4 CD030000 		.4byte	.LASF53
 592 02f8 07       		.byte	0x7
 593 02f9 B9       		.byte	0xb9
 594 02fa 77030000 		.4byte	0x377
 595 02fe 00       		.byte	0
 596 02ff 00       		.byte	0
 597 0300 04       		.uleb128 0x4
 598 0301 E3030000 		.4byte	.LASF54
 599 0305 06       		.byte	0x6
 600 0306 51       		.byte	0x51
 601 0307 0B030000 		.4byte	0x30b
 602 030b 0A       		.uleb128 0xa
 603 030c E3030000 		.4byte	.LASF54
 604 0310 10       		.byte	0x10
 605 0311 07       		.byte	0x7
 606 0312 83       		.byte	0x83
 607 0313 48030000 		.4byte	0x348
 608 0317 0B       		.uleb128 0xb
 609 0318 54010000 		.4byte	.LASF55
 610 031c 07       		.byte	0x7
 611 031d 87       		.byte	0x87
 612 031e 8C000000 		.4byte	0x8c
 613 0322 00       		.byte	0
 614 0323 0B       		.uleb128 0xb
 615 0324 73030000 		.4byte	.LASF56
 616 0328 07       		.byte	0x7
 617 0329 8B       		.byte	0x8b
 618 032a 8C000000 		.4byte	0x8c
 619 032e 04       		.byte	0x4
 620 032f 0C       		.uleb128 0xc
 621 0330 68313200 		.ascii	"h12\000"
 622 0334 07       		.byte	0x7
 623 0335 8F       		.byte	0x8f
 624 0336 97000000 		.4byte	0x97
 625 033a 08       		.byte	0x8
 626 033b 0B       		.uleb128 0xb
 627 033c E1020000 		.4byte	.LASF57
ARM GAS  C:\Users\srich\AppData\Local\Temp\cc233AxZ.s 			page 12


 628 0340 07       		.byte	0x7
 629 0341 94       		.byte	0x94
 630 0342 8C000000 		.4byte	0x8c
 631 0346 0C       		.byte	0xc
 632 0347 00       		.byte	0
 633 0348 04       		.uleb128 0x4
 634 0349 EE000000 		.4byte	.LASF58
 635 034d 07       		.byte	0x7
 636 034e 6E       		.byte	0x6e
 637 034f 53030000 		.4byte	0x353
 638 0353 0A       		.uleb128 0xa
 639 0354 EE000000 		.4byte	.LASF58
 640 0358 04       		.byte	0x4
 641 0359 07       		.byte	0x7
 642 035a 9B       		.byte	0x9b
 643 035b 6C030000 		.4byte	0x36c
 644 035f 0B       		.uleb128 0xb
 645 0360 86020000 		.4byte	.LASF59
 646 0364 07       		.byte	0x7
 647 0365 9F       		.byte	0x9f
 648 0366 8C000000 		.4byte	0x8c
 649 036a 00       		.byte	0
 650 036b 00       		.byte	0
 651 036c 04       		.uleb128 0x4
 652 036d CD000000 		.4byte	.LASF60
 653 0371 07       		.byte	0x7
 654 0372 7E       		.byte	0x7e
 655 0373 8C000000 		.4byte	0x8c
 656 0377 0D       		.uleb128 0xd
 657 0378 04       		.byte	0x4
 658 0379 D0020000 		.4byte	0x2d0
 659 037d 0E       		.uleb128 0xe
 660 037e D4030000 		.4byte	.LASF61
 661 0382 01       		.byte	0x1
 662 0383 48       		.byte	0x48
 663 0384 00000000 		.4byte	.LFB118
 664 0388 04000000 		.4byte	.LFE118-.LFB118
 665 038c 01       		.uleb128 0x1
 666 038d 9C       		.byte	0x9c
 667 038e 9C030000 		.4byte	0x39c
 668 0392 0F       		.uleb128 0xf
 669 0393 04000000 		.4byte	.LVL0
 670 0397 3E060000 		.4byte	0x63e
 671 039b 00       		.byte	0
 672 039c 0E       		.uleb128 0xe
 673 039d 68030000 		.4byte	.LASF62
 674 03a1 01       		.byte	0x1
 675 03a2 55       		.byte	0x55
 676 03a3 00000000 		.4byte	.LFB119
 677 03a7 14000000 		.4byte	.LFE119-.LFB119
 678 03ab 01       		.uleb128 0x1
 679 03ac 9C       		.byte	0x9c
 680 03ad 1E040000 		.4byte	0x41e
 681 03b1 10       		.uleb128 0x10
 682 03b2 76020000 		.4byte	.LASF63
 683 03b6 01       		.byte	0x1
 684 03b7 55       		.byte	0x55
ARM GAS  C:\Users\srich\AppData\Local\Temp\cc233AxZ.s 			page 13


 685 03b8 1E040000 		.4byte	0x41e
 686 03bc 00000000 		.4byte	.LLST0
 687 03c0 10       		.uleb128 0x10
 688 03c1 9D030000 		.4byte	.LASF64
 689 03c5 01       		.byte	0x1
 690 03c6 55       		.byte	0x55
 691 03c7 24040000 		.4byte	0x424
 692 03cb 21000000 		.4byte	.LLST1
 693 03cf 11       		.uleb128 0x11
 694 03d0 02000000 		.4byte	.LBB2
 695 03d4 06000000 		.4byte	.LBE2-.LBB2
 696 03d8 EA030000 		.4byte	0x3ea
 697 03dc 12       		.uleb128 0x12
 698 03dd 746D7000 		.ascii	"tmp\000"
 699 03e1 01       		.byte	0x1
 700 03e2 59       		.byte	0x59
 701 03e3 8C000000 		.4byte	0x8c
 702 03e7 01       		.uleb128 0x1
 703 03e8 53       		.byte	0x53
 704 03e9 00       		.byte	0
 705 03ea 11       		.uleb128 0x11
 706 03eb 0C000000 		.4byte	.LBB3
 707 03ef 08000000 		.4byte	.LBE3-.LBB3
 708 03f3 05040000 		.4byte	0x405
 709 03f7 12       		.uleb128 0x12
 710 03f8 746D7000 		.ascii	"tmp\000"
 711 03fc 01       		.byte	0x1
 712 03fd 5B       		.byte	0x5b
 713 03fe 8C000000 		.4byte	0x8c
 714 0402 01       		.uleb128 0x1
 715 0403 53       		.byte	0x53
 716 0404 00       		.byte	0
 717 0405 13       		.uleb128 0x13
 718 0406 0C000000 		.4byte	.LVL2
 719 040a 45060000 		.4byte	0x645
 720 040e 14       		.uleb128 0x14
 721 040f 01       		.uleb128 0x1
 722 0410 51       		.byte	0x51
 723 0411 03       		.uleb128 0x3
 724 0412 F3       		.byte	0xf3
 725 0413 01       		.uleb128 0x1
 726 0414 51       		.byte	0x51
 727 0415 14       		.uleb128 0x14
 728 0416 01       		.uleb128 0x1
 729 0417 50       		.byte	0x50
 730 0418 03       		.uleb128 0x3
 731 0419 F3       		.byte	0xf3
 732 041a 01       		.uleb128 0x1
 733 041b 50       		.byte	0x50
 734 041c 00       		.byte	0
 735 041d 00       		.byte	0
 736 041e 0D       		.uleb128 0xd
 737 041f 04       		.byte	0x4
 738 0420 DC020000 		.4byte	0x2dc
 739 0424 0D       		.uleb128 0xd
 740 0425 04       		.byte	0x4
 741 0426 2A040000 		.4byte	0x42a
ARM GAS  C:\Users\srich\AppData\Local\Temp\cc233AxZ.s 			page 14


 742 042a 15       		.uleb128 0x15
 743 042b 00030000 		.4byte	0x300
 744 042f 0E       		.uleb128 0xe
 745 0430 45030000 		.4byte	.LASF65
 746 0434 01       		.byte	0x1
 747 0435 66       		.byte	0x66
 748 0436 00000000 		.4byte	.LFB120
 749 043a 14000000 		.4byte	.LFE120-.LFB120
 750 043e 01       		.uleb128 0x1
 751 043f 9C       		.byte	0x9c
 752 0440 B1040000 		.4byte	0x4b1
 753 0444 10       		.uleb128 0x10
 754 0445 76020000 		.4byte	.LASF63
 755 0449 01       		.byte	0x1
 756 044a 66       		.byte	0x66
 757 044b 1E040000 		.4byte	0x41e
 758 044f 42000000 		.4byte	.LLST2
 759 0453 10       		.uleb128 0x10
 760 0454 9D030000 		.4byte	.LASF64
 761 0458 01       		.byte	0x1
 762 0459 66       		.byte	0x66
 763 045a B1040000 		.4byte	0x4b1
 764 045e 63000000 		.4byte	.LLST3
 765 0462 11       		.uleb128 0x11
 766 0463 02000000 		.4byte	.LBB4
 767 0467 06000000 		.4byte	.LBE4-.LBB4
 768 046b 7D040000 		.4byte	0x47d
 769 046f 12       		.uleb128 0x12
 770 0470 746D7000 		.ascii	"tmp\000"
 771 0474 01       		.byte	0x1
 772 0475 6A       		.byte	0x6a
 773 0476 8C000000 		.4byte	0x8c
 774 047a 01       		.uleb128 0x1
 775 047b 53       		.byte	0x53
 776 047c 00       		.byte	0
 777 047d 11       		.uleb128 0x11
 778 047e 0C000000 		.4byte	.LBB5
 779 0482 08000000 		.4byte	.LBE5-.LBB5
 780 0486 98040000 		.4byte	0x498
 781 048a 12       		.uleb128 0x12
 782 048b 746D7000 		.ascii	"tmp\000"
 783 048f 01       		.byte	0x1
 784 0490 6C       		.byte	0x6c
 785 0491 8C000000 		.4byte	0x8c
 786 0495 01       		.uleb128 0x1
 787 0496 53       		.byte	0x53
 788 0497 00       		.byte	0
 789 0498 13       		.uleb128 0x13
 790 0499 0C000000 		.4byte	.LVL4
 791 049d 5B060000 		.4byte	0x65b
 792 04a1 14       		.uleb128 0x14
 793 04a2 01       		.uleb128 0x1
 794 04a3 51       		.byte	0x51
 795 04a4 03       		.uleb128 0x3
 796 04a5 F3       		.byte	0xf3
 797 04a6 01       		.uleb128 0x1
 798 04a7 51       		.byte	0x51
ARM GAS  C:\Users\srich\AppData\Local\Temp\cc233AxZ.s 			page 15


 799 04a8 14       		.uleb128 0x14
 800 04a9 01       		.uleb128 0x1
 801 04aa 50       		.byte	0x50
 802 04ab 03       		.uleb128 0x3
 803 04ac F3       		.byte	0xf3
 804 04ad 01       		.uleb128 0x1
 805 04ae 50       		.byte	0x50
 806 04af 00       		.byte	0
 807 04b0 00       		.byte	0
 808 04b1 0D       		.uleb128 0xd
 809 04b2 04       		.byte	0x4
 810 04b3 00030000 		.4byte	0x300
 811 04b7 0E       		.uleb128 0xe
 812 04b8 68000000 		.4byte	.LASF66
 813 04bc 01       		.byte	0x1
 814 04bd 79       		.byte	0x79
 815 04be 00000000 		.4byte	.LFB121
 816 04c2 14000000 		.4byte	.LFE121-.LFB121
 817 04c6 01       		.uleb128 0x1
 818 04c7 9C       		.byte	0x9c
 819 04c8 4F050000 		.4byte	0x54f
 820 04cc 10       		.uleb128 0x10
 821 04cd 76020000 		.4byte	.LASF63
 822 04d1 01       		.byte	0x1
 823 04d2 79       		.byte	0x79
 824 04d3 1E040000 		.4byte	0x41e
 825 04d7 84000000 		.4byte	.LLST4
 826 04db 10       		.uleb128 0x10
 827 04dc FE000000 		.4byte	.LASF67
 828 04e0 01       		.byte	0x1
 829 04e1 7A       		.byte	0x7a
 830 04e2 6C030000 		.4byte	0x36c
 831 04e6 A5000000 		.4byte	.LLST5
 832 04ea 10       		.uleb128 0x10
 833 04eb EB030000 		.4byte	.LASF68
 834 04ef 01       		.byte	0x1
 835 04f0 7B       		.byte	0x7b
 836 04f1 4F050000 		.4byte	0x54f
 837 04f5 C6000000 		.4byte	.LLST6
 838 04f9 11       		.uleb128 0x11
 839 04fa 02000000 		.4byte	.LBB6
 840 04fe 06000000 		.4byte	.LBE6-.LBB6
 841 0502 14050000 		.4byte	0x514
 842 0506 12       		.uleb128 0x12
 843 0507 746D7000 		.ascii	"tmp\000"
 844 050b 01       		.byte	0x1
 845 050c 7F       		.byte	0x7f
 846 050d 8C000000 		.4byte	0x8c
 847 0511 01       		.uleb128 0x1
 848 0512 53       		.byte	0x53
 849 0513 00       		.byte	0
 850 0514 11       		.uleb128 0x11
 851 0515 0C000000 		.4byte	.LBB7
 852 0519 08000000 		.4byte	.LBE7-.LBB7
 853 051d 2F050000 		.4byte	0x52f
 854 0521 12       		.uleb128 0x12
 855 0522 746D7000 		.ascii	"tmp\000"
ARM GAS  C:\Users\srich\AppData\Local\Temp\cc233AxZ.s 			page 16


 856 0526 01       		.byte	0x1
 857 0527 81       		.byte	0x81
 858 0528 8C000000 		.4byte	0x8c
 859 052c 01       		.uleb128 0x1
 860 052d 53       		.byte	0x53
 861 052e 00       		.byte	0
 862 052f 13       		.uleb128 0x13
 863 0530 0C000000 		.4byte	.LVL6
 864 0534 71060000 		.4byte	0x671
 865 0538 14       		.uleb128 0x14
 866 0539 01       		.uleb128 0x1
 867 053a 52       		.byte	0x52
 868 053b 03       		.uleb128 0x3
 869 053c F3       		.byte	0xf3
 870 053d 01       		.uleb128 0x1
 871 053e 52       		.byte	0x52
 872 053f 14       		.uleb128 0x14
 873 0540 01       		.uleb128 0x1
 874 0541 51       		.byte	0x51
 875 0542 03       		.uleb128 0x3
 876 0543 F3       		.byte	0xf3
 877 0544 01       		.uleb128 0x1
 878 0545 51       		.byte	0x51
 879 0546 14       		.uleb128 0x14
 880 0547 01       		.uleb128 0x1
 881 0548 50       		.byte	0x50
 882 0549 03       		.uleb128 0x3
 883 054a F3       		.byte	0xf3
 884 054b 01       		.uleb128 0x1
 885 054c 50       		.byte	0x50
 886 054d 00       		.byte	0
 887 054e 00       		.byte	0
 888 054f 0D       		.uleb128 0xd
 889 0550 04       		.byte	0x4
 890 0551 55050000 		.4byte	0x555
 891 0555 15       		.uleb128 0x15
 892 0556 48030000 		.4byte	0x348
 893 055a 0E       		.uleb128 0xe
 894 055b 06000000 		.4byte	.LASF69
 895 055f 01       		.byte	0x1
 896 0560 8F       		.byte	0x8f
 897 0561 00000000 		.4byte	.LFB122
 898 0565 14000000 		.4byte	.LFE122-.LFB122
 899 0569 01       		.uleb128 0x1
 900 056a 9C       		.byte	0x9c
 901 056b F2050000 		.4byte	0x5f2
 902 056f 10       		.uleb128 0x10
 903 0570 76020000 		.4byte	.LASF63
 904 0574 01       		.byte	0x1
 905 0575 8F       		.byte	0x8f
 906 0576 1E040000 		.4byte	0x41e
 907 057a E7000000 		.4byte	.LLST7
 908 057e 10       		.uleb128 0x10
 909 057f FE000000 		.4byte	.LASF67
 910 0583 01       		.byte	0x1
 911 0584 90       		.byte	0x90
 912 0585 6C030000 		.4byte	0x36c
ARM GAS  C:\Users\srich\AppData\Local\Temp\cc233AxZ.s 			page 17


 913 0589 08010000 		.4byte	.LLST8
 914 058d 10       		.uleb128 0x10
 915 058e EB030000 		.4byte	.LASF68
 916 0592 01       		.byte	0x1
 917 0593 91       		.byte	0x91
 918 0594 F2050000 		.4byte	0x5f2
 919 0598 29010000 		.4byte	.LLST9
 920 059c 11       		.uleb128 0x11
 921 059d 02000000 		.4byte	.LBB8
 922 05a1 06000000 		.4byte	.LBE8-.LBB8
 923 05a5 B7050000 		.4byte	0x5b7
 924 05a9 12       		.uleb128 0x12
 925 05aa 746D7000 		.ascii	"tmp\000"
 926 05ae 01       		.byte	0x1
 927 05af 96       		.byte	0x96
 928 05b0 8C000000 		.4byte	0x8c
 929 05b4 01       		.uleb128 0x1
 930 05b5 53       		.byte	0x53
 931 05b6 00       		.byte	0
 932 05b7 11       		.uleb128 0x11
 933 05b8 0C000000 		.4byte	.LBB9
 934 05bc 08000000 		.4byte	.LBE9-.LBB9
 935 05c0 D2050000 		.4byte	0x5d2
 936 05c4 12       		.uleb128 0x12
 937 05c5 746D7000 		.ascii	"tmp\000"
 938 05c9 01       		.byte	0x1
 939 05ca 98       		.byte	0x98
 940 05cb 8C000000 		.4byte	0x8c
 941 05cf 01       		.uleb128 0x1
 942 05d0 53       		.byte	0x53
 943 05d1 00       		.byte	0
 944 05d2 13       		.uleb128 0x13
 945 05d3 0C000000 		.4byte	.LVL8
 946 05d7 8C060000 		.4byte	0x68c
 947 05db 14       		.uleb128 0x14
 948 05dc 01       		.uleb128 0x1
 949 05dd 52       		.byte	0x52
 950 05de 03       		.uleb128 0x3
 951 05df F3       		.byte	0xf3
 952 05e0 01       		.uleb128 0x1
 953 05e1 52       		.byte	0x52
 954 05e2 14       		.uleb128 0x14
 955 05e3 01       		.uleb128 0x1
 956 05e4 51       		.byte	0x51
 957 05e5 03       		.uleb128 0x3
 958 05e6 F3       		.byte	0xf3
 959 05e7 01       		.uleb128 0x1
 960 05e8 51       		.byte	0x51
 961 05e9 14       		.uleb128 0x14
 962 05ea 01       		.uleb128 0x1
 963 05eb 50       		.byte	0x50
 964 05ec 03       		.uleb128 0x3
 965 05ed F3       		.byte	0xf3
 966 05ee 01       		.uleb128 0x1
 967 05ef 50       		.byte	0x50
 968 05f0 00       		.byte	0
 969 05f1 00       		.byte	0
ARM GAS  C:\Users\srich\AppData\Local\Temp\cc233AxZ.s 			page 18


 970 05f2 0D       		.uleb128 0xd
 971 05f3 04       		.byte	0x4
 972 05f4 48030000 		.4byte	0x348
 973 05f8 16       		.uleb128 0x16
 974 05f9 28010000 		.4byte	.LASF78
 975 05fd 01       		.byte	0x1
 976 05fe B9       		.byte	0xb9
 977 05ff 8C000000 		.4byte	0x8c
 978 0603 00000000 		.4byte	.LFB123
 979 0607 04000000 		.4byte	.LFE123-.LFB123
 980 060b 01       		.uleb128 0x1
 981 060c 9C       		.byte	0x9c
 982 060d 32060000 		.4byte	0x632
 983 0611 10       		.uleb128 0x10
 984 0612 76020000 		.4byte	.LASF63
 985 0616 01       		.byte	0x1
 986 0617 B9       		.byte	0xb9
 987 0618 1E040000 		.4byte	0x41e
 988 061c 4A010000 		.4byte	.LLST10
 989 0620 17       		.uleb128 0x17
 990 0621 04000000 		.4byte	.LVL10
 991 0625 A7060000 		.4byte	0x6a7
 992 0629 14       		.uleb128 0x14
 993 062a 01       		.uleb128 0x1
 994 062b 50       		.byte	0x50
 995 062c 03       		.uleb128 0x3
 996 062d F3       		.byte	0xf3
 997 062e 01       		.uleb128 0x1
 998 062f 50       		.byte	0x50
 999 0630 00       		.byte	0
 1000 0631 00       		.byte	0
 1001 0632 18       		.uleb128 0x18
 1002 0633 C0030000 		.4byte	.LASF79
 1003 0637 08       		.byte	0x8
 1004 0638 9806     		.2byte	0x698
 1005 063a BC000000 		.4byte	0xbc
 1006 063e 19       		.uleb128 0x19
 1007 063f 0A010000 		.4byte	.LASF80
 1008 0643 07       		.byte	0x7
 1009 0644 CB       		.byte	0xcb
 1010 0645 1A       		.uleb128 0x1a
 1011 0646 17010000 		.4byte	.LASF70
 1012 064a 07       		.byte	0x7
 1013 064b CC       		.byte	0xcc
 1014 064c 5B060000 		.4byte	0x65b
 1015 0650 1B       		.uleb128 0x1b
 1016 0651 1E040000 		.4byte	0x41e
 1017 0655 1B       		.uleb128 0x1b
 1018 0656 24040000 		.4byte	0x424
 1019 065a 00       		.byte	0
 1020 065b 1A       		.uleb128 0x1a
 1021 065c AB000000 		.4byte	.LASF71
 1022 0660 07       		.byte	0x7
 1023 0661 CD       		.byte	0xcd
 1024 0662 71060000 		.4byte	0x671
 1025 0666 1B       		.uleb128 0x1b
 1026 0667 1E040000 		.4byte	0x41e
ARM GAS  C:\Users\srich\AppData\Local\Temp\cc233AxZ.s 			page 19


 1027 066b 1B       		.uleb128 0x1b
 1028 066c B1040000 		.4byte	0x4b1
 1029 0670 00       		.byte	0
 1030 0671 1A       		.uleb128 0x1a
 1031 0672 80000000 		.4byte	.LASF72
 1032 0676 07       		.byte	0x7
 1033 0677 CE       		.byte	0xce
 1034 0678 8C060000 		.4byte	0x68c
 1035 067c 1B       		.uleb128 0x1b
 1036 067d 1E040000 		.4byte	0x41e
 1037 0681 1B       		.uleb128 0x1b
 1038 0682 6C030000 		.4byte	0x36c
 1039 0686 1B       		.uleb128 0x1b
 1040 0687 4F050000 		.4byte	0x54f
 1041 068b 00       		.byte	0
 1042 068c 1A       		.uleb128 0x1a
 1043 068d 50030000 		.4byte	.LASF73
 1044 0691 07       		.byte	0x7
 1045 0692 D1       		.byte	0xd1
 1046 0693 A7060000 		.4byte	0x6a7
 1047 0697 1B       		.uleb128 0x1b
 1048 0698 1E040000 		.4byte	0x41e
 1049 069c 1B       		.uleb128 0x1b
 1050 069d 6C030000 		.4byte	0x36c
 1051 06a1 1B       		.uleb128 0x1b
 1052 06a2 F2050000 		.4byte	0x5f2
 1053 06a6 00       		.byte	0
 1054 06a7 1C       		.uleb128 0x1c
 1055 06a8 1C030000 		.4byte	.LASF74
 1056 06ac 07       		.byte	0x7
 1057 06ad D8       		.byte	0xd8
 1058 06ae 8C000000 		.4byte	0x8c
 1059 06b2 1B       		.uleb128 0x1b
 1060 06b3 1E040000 		.4byte	0x41e
 1061 06b7 00       		.byte	0
 1062 06b8 00       		.byte	0
 1063              		.section	.debug_abbrev,"",%progbits
 1064              	.Ldebug_abbrev0:
 1065 0000 01       		.uleb128 0x1
 1066 0001 11       		.uleb128 0x11
 1067 0002 01       		.byte	0x1
 1068 0003 25       		.uleb128 0x25
 1069 0004 0E       		.uleb128 0xe
 1070 0005 13       		.uleb128 0x13
 1071 0006 0B       		.uleb128 0xb
 1072 0007 03       		.uleb128 0x3
 1073 0008 0E       		.uleb128 0xe
 1074 0009 1B       		.uleb128 0x1b
 1075 000a 0E       		.uleb128 0xe
 1076 000b 55       		.uleb128 0x55
 1077 000c 17       		.uleb128 0x17
 1078 000d 11       		.uleb128 0x11
 1079 000e 01       		.uleb128 0x1
 1080 000f 10       		.uleb128 0x10
 1081 0010 17       		.uleb128 0x17
 1082 0011 00       		.byte	0
 1083 0012 00       		.byte	0
ARM GAS  C:\Users\srich\AppData\Local\Temp\cc233AxZ.s 			page 20


 1084 0013 02       		.uleb128 0x2
 1085 0014 24       		.uleb128 0x24
 1086 0015 00       		.byte	0
 1087 0016 0B       		.uleb128 0xb
 1088 0017 0B       		.uleb128 0xb
 1089 0018 3E       		.uleb128 0x3e
 1090 0019 0B       		.uleb128 0xb
 1091 001a 03       		.uleb128 0x3
 1092 001b 08       		.uleb128 0x8
 1093 001c 00       		.byte	0
 1094 001d 00       		.byte	0
 1095 001e 03       		.uleb128 0x3
 1096 001f 24       		.uleb128 0x24
 1097 0020 00       		.byte	0
 1098 0021 0B       		.uleb128 0xb
 1099 0022 0B       		.uleb128 0xb
 1100 0023 3E       		.uleb128 0x3e
 1101 0024 0B       		.uleb128 0xb
 1102 0025 03       		.uleb128 0x3
 1103 0026 0E       		.uleb128 0xe
 1104 0027 00       		.byte	0
 1105 0028 00       		.byte	0
 1106 0029 04       		.uleb128 0x4
 1107 002a 16       		.uleb128 0x16
 1108 002b 00       		.byte	0
 1109 002c 03       		.uleb128 0x3
 1110 002d 0E       		.uleb128 0xe
 1111 002e 3A       		.uleb128 0x3a
 1112 002f 0B       		.uleb128 0xb
 1113 0030 3B       		.uleb128 0x3b
 1114 0031 0B       		.uleb128 0xb
 1115 0032 49       		.uleb128 0x49
 1116 0033 13       		.uleb128 0x13
 1117 0034 00       		.byte	0
 1118 0035 00       		.byte	0
 1119 0036 05       		.uleb128 0x5
 1120 0037 35       		.uleb128 0x35
 1121 0038 00       		.byte	0
 1122 0039 49       		.uleb128 0x49
 1123 003a 13       		.uleb128 0x13
 1124 003b 00       		.byte	0
 1125 003c 00       		.byte	0
 1126 003d 06       		.uleb128 0x6
 1127 003e 13       		.uleb128 0x13
 1128 003f 01       		.byte	0x1
 1129 0040 0B       		.uleb128 0xb
 1130 0041 0B       		.uleb128 0xb
 1131 0042 3A       		.uleb128 0x3a
 1132 0043 0B       		.uleb128 0xb
 1133 0044 3B       		.uleb128 0x3b
 1134 0045 05       		.uleb128 0x5
 1135 0046 01       		.uleb128 0x1
 1136 0047 13       		.uleb128 0x13
 1137 0048 00       		.byte	0
 1138 0049 00       		.byte	0
 1139 004a 07       		.uleb128 0x7
 1140 004b 0D       		.uleb128 0xd
ARM GAS  C:\Users\srich\AppData\Local\Temp\cc233AxZ.s 			page 21


 1141 004c 00       		.byte	0
 1142 004d 03       		.uleb128 0x3
 1143 004e 08       		.uleb128 0x8
 1144 004f 3A       		.uleb128 0x3a
 1145 0050 0B       		.uleb128 0xb
 1146 0051 3B       		.uleb128 0x3b
 1147 0052 05       		.uleb128 0x5
 1148 0053 49       		.uleb128 0x49
 1149 0054 13       		.uleb128 0x13
 1150 0055 38       		.uleb128 0x38
 1151 0056 0B       		.uleb128 0xb
 1152 0057 00       		.byte	0
 1153 0058 00       		.byte	0
 1154 0059 08       		.uleb128 0x8
 1155 005a 0D       		.uleb128 0xd
 1156 005b 00       		.byte	0
 1157 005c 03       		.uleb128 0x3
 1158 005d 0E       		.uleb128 0xe
 1159 005e 3A       		.uleb128 0x3a
 1160 005f 0B       		.uleb128 0xb
 1161 0060 3B       		.uleb128 0x3b
 1162 0061 05       		.uleb128 0x5
 1163 0062 49       		.uleb128 0x49
 1164 0063 13       		.uleb128 0x13
 1165 0064 38       		.uleb128 0x38
 1166 0065 0B       		.uleb128 0xb
 1167 0066 00       		.byte	0
 1168 0067 00       		.byte	0
 1169 0068 09       		.uleb128 0x9
 1170 0069 16       		.uleb128 0x16
 1171 006a 00       		.byte	0
 1172 006b 03       		.uleb128 0x3
 1173 006c 0E       		.uleb128 0xe
 1174 006d 3A       		.uleb128 0x3a
 1175 006e 0B       		.uleb128 0xb
 1176 006f 3B       		.uleb128 0x3b
 1177 0070 05       		.uleb128 0x5
 1178 0071 49       		.uleb128 0x49
 1179 0072 13       		.uleb128 0x13
 1180 0073 00       		.byte	0
 1181 0074 00       		.byte	0
 1182 0075 0A       		.uleb128 0xa
 1183 0076 13       		.uleb128 0x13
 1184 0077 01       		.byte	0x1
 1185 0078 03       		.uleb128 0x3
 1186 0079 0E       		.uleb128 0xe
 1187 007a 0B       		.uleb128 0xb
 1188 007b 0B       		.uleb128 0xb
 1189 007c 3A       		.uleb128 0x3a
 1190 007d 0B       		.uleb128 0xb
 1191 007e 3B       		.uleb128 0x3b
 1192 007f 0B       		.uleb128 0xb
 1193 0080 01       		.uleb128 0x1
 1194 0081 13       		.uleb128 0x13
 1195 0082 00       		.byte	0
 1196 0083 00       		.byte	0
 1197 0084 0B       		.uleb128 0xb
ARM GAS  C:\Users\srich\AppData\Local\Temp\cc233AxZ.s 			page 22


 1198 0085 0D       		.uleb128 0xd
 1199 0086 00       		.byte	0
 1200 0087 03       		.uleb128 0x3
 1201 0088 0E       		.uleb128 0xe
 1202 0089 3A       		.uleb128 0x3a
 1203 008a 0B       		.uleb128 0xb
 1204 008b 3B       		.uleb128 0x3b
 1205 008c 0B       		.uleb128 0xb
 1206 008d 49       		.uleb128 0x49
 1207 008e 13       		.uleb128 0x13
 1208 008f 38       		.uleb128 0x38
 1209 0090 0B       		.uleb128 0xb
 1210 0091 00       		.byte	0
 1211 0092 00       		.byte	0
 1212 0093 0C       		.uleb128 0xc
 1213 0094 0D       		.uleb128 0xd
 1214 0095 00       		.byte	0
 1215 0096 03       		.uleb128 0x3
 1216 0097 08       		.uleb128 0x8
 1217 0098 3A       		.uleb128 0x3a
 1218 0099 0B       		.uleb128 0xb
 1219 009a 3B       		.uleb128 0x3b
 1220 009b 0B       		.uleb128 0xb
 1221 009c 49       		.uleb128 0x49
 1222 009d 13       		.uleb128 0x13
 1223 009e 38       		.uleb128 0x38
 1224 009f 0B       		.uleb128 0xb
 1225 00a0 00       		.byte	0
 1226 00a1 00       		.byte	0
 1227 00a2 0D       		.uleb128 0xd
 1228 00a3 0F       		.uleb128 0xf
 1229 00a4 00       		.byte	0
 1230 00a5 0B       		.uleb128 0xb
 1231 00a6 0B       		.uleb128 0xb
 1232 00a7 49       		.uleb128 0x49
 1233 00a8 13       		.uleb128 0x13
 1234 00a9 00       		.byte	0
 1235 00aa 00       		.byte	0
 1236 00ab 0E       		.uleb128 0xe
 1237 00ac 2E       		.uleb128 0x2e
 1238 00ad 01       		.byte	0x1
 1239 00ae 3F       		.uleb128 0x3f
 1240 00af 19       		.uleb128 0x19
 1241 00b0 03       		.uleb128 0x3
 1242 00b1 0E       		.uleb128 0xe
 1243 00b2 3A       		.uleb128 0x3a
 1244 00b3 0B       		.uleb128 0xb
 1245 00b4 3B       		.uleb128 0x3b
 1246 00b5 0B       		.uleb128 0xb
 1247 00b6 27       		.uleb128 0x27
 1248 00b7 19       		.uleb128 0x19
 1249 00b8 11       		.uleb128 0x11
 1250 00b9 01       		.uleb128 0x1
 1251 00ba 12       		.uleb128 0x12
 1252 00bb 06       		.uleb128 0x6
 1253 00bc 40       		.uleb128 0x40
 1254 00bd 18       		.uleb128 0x18
ARM GAS  C:\Users\srich\AppData\Local\Temp\cc233AxZ.s 			page 23


 1255 00be 9742     		.uleb128 0x2117
 1256 00c0 19       		.uleb128 0x19
 1257 00c1 01       		.uleb128 0x1
 1258 00c2 13       		.uleb128 0x13
 1259 00c3 00       		.byte	0
 1260 00c4 00       		.byte	0
 1261 00c5 0F       		.uleb128 0xf
 1262 00c6 898201   		.uleb128 0x4109
 1263 00c9 00       		.byte	0
 1264 00ca 11       		.uleb128 0x11
 1265 00cb 01       		.uleb128 0x1
 1266 00cc 9542     		.uleb128 0x2115
 1267 00ce 19       		.uleb128 0x19
 1268 00cf 31       		.uleb128 0x31
 1269 00d0 13       		.uleb128 0x13
 1270 00d1 00       		.byte	0
 1271 00d2 00       		.byte	0
 1272 00d3 10       		.uleb128 0x10
 1273 00d4 05       		.uleb128 0x5
 1274 00d5 00       		.byte	0
 1275 00d6 03       		.uleb128 0x3
 1276 00d7 0E       		.uleb128 0xe
 1277 00d8 3A       		.uleb128 0x3a
 1278 00d9 0B       		.uleb128 0xb
 1279 00da 3B       		.uleb128 0x3b
 1280 00db 0B       		.uleb128 0xb
 1281 00dc 49       		.uleb128 0x49
 1282 00dd 13       		.uleb128 0x13
 1283 00de 02       		.uleb128 0x2
 1284 00df 17       		.uleb128 0x17
 1285 00e0 00       		.byte	0
 1286 00e1 00       		.byte	0
 1287 00e2 11       		.uleb128 0x11
 1288 00e3 0B       		.uleb128 0xb
 1289 00e4 01       		.byte	0x1
 1290 00e5 11       		.uleb128 0x11
 1291 00e6 01       		.uleb128 0x1
 1292 00e7 12       		.uleb128 0x12
 1293 00e8 06       		.uleb128 0x6
 1294 00e9 01       		.uleb128 0x1
 1295 00ea 13       		.uleb128 0x13
 1296 00eb 00       		.byte	0
 1297 00ec 00       		.byte	0
 1298 00ed 12       		.uleb128 0x12
 1299 00ee 34       		.uleb128 0x34
 1300 00ef 00       		.byte	0
 1301 00f0 03       		.uleb128 0x3
 1302 00f1 08       		.uleb128 0x8
 1303 00f2 3A       		.uleb128 0x3a
 1304 00f3 0B       		.uleb128 0xb
 1305 00f4 3B       		.uleb128 0x3b
 1306 00f5 0B       		.uleb128 0xb
 1307 00f6 49       		.uleb128 0x49
 1308 00f7 13       		.uleb128 0x13
 1309 00f8 02       		.uleb128 0x2
 1310 00f9 18       		.uleb128 0x18
 1311 00fa 00       		.byte	0
ARM GAS  C:\Users\srich\AppData\Local\Temp\cc233AxZ.s 			page 24


 1312 00fb 00       		.byte	0
 1313 00fc 13       		.uleb128 0x13
 1314 00fd 898201   		.uleb128 0x4109
 1315 0100 01       		.byte	0x1
 1316 0101 11       		.uleb128 0x11
 1317 0102 01       		.uleb128 0x1
 1318 0103 31       		.uleb128 0x31
 1319 0104 13       		.uleb128 0x13
 1320 0105 00       		.byte	0
 1321 0106 00       		.byte	0
 1322 0107 14       		.uleb128 0x14
 1323 0108 8A8201   		.uleb128 0x410a
 1324 010b 00       		.byte	0
 1325 010c 02       		.uleb128 0x2
 1326 010d 18       		.uleb128 0x18
 1327 010e 9142     		.uleb128 0x2111
 1328 0110 18       		.uleb128 0x18
 1329 0111 00       		.byte	0
 1330 0112 00       		.byte	0
 1331 0113 15       		.uleb128 0x15
 1332 0114 26       		.uleb128 0x26
 1333 0115 00       		.byte	0
 1334 0116 49       		.uleb128 0x49
 1335 0117 13       		.uleb128 0x13
 1336 0118 00       		.byte	0
 1337 0119 00       		.byte	0
 1338 011a 16       		.uleb128 0x16
 1339 011b 2E       		.uleb128 0x2e
 1340 011c 01       		.byte	0x1
 1341 011d 3F       		.uleb128 0x3f
 1342 011e 19       		.uleb128 0x19
 1343 011f 03       		.uleb128 0x3
 1344 0120 0E       		.uleb128 0xe
 1345 0121 3A       		.uleb128 0x3a
 1346 0122 0B       		.uleb128 0xb
 1347 0123 3B       		.uleb128 0x3b
 1348 0124 0B       		.uleb128 0xb
 1349 0125 27       		.uleb128 0x27
 1350 0126 19       		.uleb128 0x19
 1351 0127 49       		.uleb128 0x49
 1352 0128 13       		.uleb128 0x13
 1353 0129 11       		.uleb128 0x11
 1354 012a 01       		.uleb128 0x1
 1355 012b 12       		.uleb128 0x12
 1356 012c 06       		.uleb128 0x6
 1357 012d 40       		.uleb128 0x40
 1358 012e 18       		.uleb128 0x18
 1359 012f 9742     		.uleb128 0x2117
 1360 0131 19       		.uleb128 0x19
 1361 0132 01       		.uleb128 0x1
 1362 0133 13       		.uleb128 0x13
 1363 0134 00       		.byte	0
 1364 0135 00       		.byte	0
 1365 0136 17       		.uleb128 0x17
 1366 0137 898201   		.uleb128 0x4109
 1367 013a 01       		.byte	0x1
 1368 013b 11       		.uleb128 0x11
ARM GAS  C:\Users\srich\AppData\Local\Temp\cc233AxZ.s 			page 25


 1369 013c 01       		.uleb128 0x1
 1370 013d 9542     		.uleb128 0x2115
 1371 013f 19       		.uleb128 0x19
 1372 0140 31       		.uleb128 0x31
 1373 0141 13       		.uleb128 0x13
 1374 0142 00       		.byte	0
 1375 0143 00       		.byte	0
 1376 0144 18       		.uleb128 0x18
 1377 0145 34       		.uleb128 0x34
 1378 0146 00       		.byte	0
 1379 0147 03       		.uleb128 0x3
 1380 0148 0E       		.uleb128 0xe
 1381 0149 3A       		.uleb128 0x3a
 1382 014a 0B       		.uleb128 0xb
 1383 014b 3B       		.uleb128 0x3b
 1384 014c 05       		.uleb128 0x5
 1385 014d 49       		.uleb128 0x49
 1386 014e 13       		.uleb128 0x13
 1387 014f 3F       		.uleb128 0x3f
 1388 0150 19       		.uleb128 0x19
 1389 0151 3C       		.uleb128 0x3c
 1390 0152 19       		.uleb128 0x19
 1391 0153 00       		.byte	0
 1392 0154 00       		.byte	0
 1393 0155 19       		.uleb128 0x19
 1394 0156 2E       		.uleb128 0x2e
 1395 0157 00       		.byte	0
 1396 0158 3F       		.uleb128 0x3f
 1397 0159 19       		.uleb128 0x19
 1398 015a 03       		.uleb128 0x3
 1399 015b 0E       		.uleb128 0xe
 1400 015c 3A       		.uleb128 0x3a
 1401 015d 0B       		.uleb128 0xb
 1402 015e 3B       		.uleb128 0x3b
 1403 015f 0B       		.uleb128 0xb
 1404 0160 27       		.uleb128 0x27
 1405 0161 19       		.uleb128 0x19
 1406 0162 3C       		.uleb128 0x3c
 1407 0163 19       		.uleb128 0x19
 1408 0164 00       		.byte	0
 1409 0165 00       		.byte	0
 1410 0166 1A       		.uleb128 0x1a
 1411 0167 2E       		.uleb128 0x2e
 1412 0168 01       		.byte	0x1
 1413 0169 3F       		.uleb128 0x3f
 1414 016a 19       		.uleb128 0x19
 1415 016b 03       		.uleb128 0x3
 1416 016c 0E       		.uleb128 0xe
 1417 016d 3A       		.uleb128 0x3a
 1418 016e 0B       		.uleb128 0xb
 1419 016f 3B       		.uleb128 0x3b
 1420 0170 0B       		.uleb128 0xb
 1421 0171 27       		.uleb128 0x27
 1422 0172 19       		.uleb128 0x19
 1423 0173 3C       		.uleb128 0x3c
 1424 0174 19       		.uleb128 0x19
 1425 0175 01       		.uleb128 0x1
ARM GAS  C:\Users\srich\AppData\Local\Temp\cc233AxZ.s 			page 26


 1426 0176 13       		.uleb128 0x13
 1427 0177 00       		.byte	0
 1428 0178 00       		.byte	0
 1429 0179 1B       		.uleb128 0x1b
 1430 017a 05       		.uleb128 0x5
 1431 017b 00       		.byte	0
 1432 017c 49       		.uleb128 0x49
 1433 017d 13       		.uleb128 0x13
 1434 017e 00       		.byte	0
 1435 017f 00       		.byte	0
 1436 0180 1C       		.uleb128 0x1c
 1437 0181 2E       		.uleb128 0x2e
 1438 0182 01       		.byte	0x1
 1439 0183 3F       		.uleb128 0x3f
 1440 0184 19       		.uleb128 0x19
 1441 0185 03       		.uleb128 0x3
 1442 0186 0E       		.uleb128 0xe
 1443 0187 3A       		.uleb128 0x3a
 1444 0188 0B       		.uleb128 0xb
 1445 0189 3B       		.uleb128 0x3b
 1446 018a 0B       		.uleb128 0xb
 1447 018b 27       		.uleb128 0x27
 1448 018c 19       		.uleb128 0x19
 1449 018d 49       		.uleb128 0x49
 1450 018e 13       		.uleb128 0x13
 1451 018f 3C       		.uleb128 0x3c
 1452 0190 19       		.uleb128 0x19
 1453 0191 00       		.byte	0
 1454 0192 00       		.byte	0
 1455 0193 00       		.byte	0
 1456              		.section	.debug_loc,"",%progbits
 1457              	.Ldebug_loc0:
 1458              	.LLST0:
 1459 0000 00000000 		.4byte	.LVL1
 1460 0004 0B000000 		.4byte	.LVL2-1
 1461 0008 0100     		.2byte	0x1
 1462 000a 50       		.byte	0x50
 1463 000b 0B000000 		.4byte	.LVL2-1
 1464 000f 14000000 		.4byte	.LFE119
 1465 0013 0400     		.2byte	0x4
 1466 0015 F3       		.byte	0xf3
 1467 0016 01       		.uleb128 0x1
 1468 0017 50       		.byte	0x50
 1469 0018 9F       		.byte	0x9f
 1470 0019 00000000 		.4byte	0
 1471 001d 00000000 		.4byte	0
 1472              	.LLST1:
 1473 0021 00000000 		.4byte	.LVL1
 1474 0025 0B000000 		.4byte	.LVL2-1
 1475 0029 0100     		.2byte	0x1
 1476 002b 51       		.byte	0x51
 1477 002c 0B000000 		.4byte	.LVL2-1
 1478 0030 14000000 		.4byte	.LFE119
 1479 0034 0400     		.2byte	0x4
 1480 0036 F3       		.byte	0xf3
 1481 0037 01       		.uleb128 0x1
 1482 0038 51       		.byte	0x51
ARM GAS  C:\Users\srich\AppData\Local\Temp\cc233AxZ.s 			page 27


 1483 0039 9F       		.byte	0x9f
 1484 003a 00000000 		.4byte	0
 1485 003e 00000000 		.4byte	0
 1486              	.LLST2:
 1487 0042 00000000 		.4byte	.LVL3
 1488 0046 0B000000 		.4byte	.LVL4-1
 1489 004a 0100     		.2byte	0x1
 1490 004c 50       		.byte	0x50
 1491 004d 0B000000 		.4byte	.LVL4-1
 1492 0051 14000000 		.4byte	.LFE120
 1493 0055 0400     		.2byte	0x4
 1494 0057 F3       		.byte	0xf3
 1495 0058 01       		.uleb128 0x1
 1496 0059 50       		.byte	0x50
 1497 005a 9F       		.byte	0x9f
 1498 005b 00000000 		.4byte	0
 1499 005f 00000000 		.4byte	0
 1500              	.LLST3:
 1501 0063 00000000 		.4byte	.LVL3
 1502 0067 0B000000 		.4byte	.LVL4-1
 1503 006b 0100     		.2byte	0x1
 1504 006d 51       		.byte	0x51
 1505 006e 0B000000 		.4byte	.LVL4-1
 1506 0072 14000000 		.4byte	.LFE120
 1507 0076 0400     		.2byte	0x4
 1508 0078 F3       		.byte	0xf3
 1509 0079 01       		.uleb128 0x1
 1510 007a 51       		.byte	0x51
 1511 007b 9F       		.byte	0x9f
 1512 007c 00000000 		.4byte	0
 1513 0080 00000000 		.4byte	0
 1514              	.LLST4:
 1515 0084 00000000 		.4byte	.LVL5
 1516 0088 0B000000 		.4byte	.LVL6-1
 1517 008c 0100     		.2byte	0x1
 1518 008e 50       		.byte	0x50
 1519 008f 0B000000 		.4byte	.LVL6-1
 1520 0093 14000000 		.4byte	.LFE121
 1521 0097 0400     		.2byte	0x4
 1522 0099 F3       		.byte	0xf3
 1523 009a 01       		.uleb128 0x1
 1524 009b 50       		.byte	0x50
 1525 009c 9F       		.byte	0x9f
 1526 009d 00000000 		.4byte	0
 1527 00a1 00000000 		.4byte	0
 1528              	.LLST5:
 1529 00a5 00000000 		.4byte	.LVL5
 1530 00a9 0B000000 		.4byte	.LVL6-1
 1531 00ad 0100     		.2byte	0x1
 1532 00af 51       		.byte	0x51
 1533 00b0 0B000000 		.4byte	.LVL6-1
 1534 00b4 14000000 		.4byte	.LFE121
 1535 00b8 0400     		.2byte	0x4
 1536 00ba F3       		.byte	0xf3
 1537 00bb 01       		.uleb128 0x1
 1538 00bc 51       		.byte	0x51
 1539 00bd 9F       		.byte	0x9f
ARM GAS  C:\Users\srich\AppData\Local\Temp\cc233AxZ.s 			page 28


 1540 00be 00000000 		.4byte	0
 1541 00c2 00000000 		.4byte	0
 1542              	.LLST6:
 1543 00c6 00000000 		.4byte	.LVL5
 1544 00ca 0B000000 		.4byte	.LVL6-1
 1545 00ce 0100     		.2byte	0x1
 1546 00d0 52       		.byte	0x52
 1547 00d1 0B000000 		.4byte	.LVL6-1
 1548 00d5 14000000 		.4byte	.LFE121
 1549 00d9 0400     		.2byte	0x4
 1550 00db F3       		.byte	0xf3
 1551 00dc 01       		.uleb128 0x1
 1552 00dd 52       		.byte	0x52
 1553 00de 9F       		.byte	0x9f
 1554 00df 00000000 		.4byte	0
 1555 00e3 00000000 		.4byte	0
 1556              	.LLST7:
 1557 00e7 00000000 		.4byte	.LVL7
 1558 00eb 0B000000 		.4byte	.LVL8-1
 1559 00ef 0100     		.2byte	0x1
 1560 00f1 50       		.byte	0x50
 1561 00f2 0B000000 		.4byte	.LVL8-1
 1562 00f6 14000000 		.4byte	.LFE122
 1563 00fa 0400     		.2byte	0x4
 1564 00fc F3       		.byte	0xf3
 1565 00fd 01       		.uleb128 0x1
 1566 00fe 50       		.byte	0x50
 1567 00ff 9F       		.byte	0x9f
 1568 0100 00000000 		.4byte	0
 1569 0104 00000000 		.4byte	0
 1570              	.LLST8:
 1571 0108 00000000 		.4byte	.LVL7
 1572 010c 0B000000 		.4byte	.LVL8-1
 1573 0110 0100     		.2byte	0x1
 1574 0112 51       		.byte	0x51
 1575 0113 0B000000 		.4byte	.LVL8-1
 1576 0117 14000000 		.4byte	.LFE122
 1577 011b 0400     		.2byte	0x4
 1578 011d F3       		.byte	0xf3
 1579 011e 01       		.uleb128 0x1
 1580 011f 51       		.byte	0x51
 1581 0120 9F       		.byte	0x9f
 1582 0121 00000000 		.4byte	0
 1583 0125 00000000 		.4byte	0
 1584              	.LLST9:
 1585 0129 00000000 		.4byte	.LVL7
 1586 012d 0B000000 		.4byte	.LVL8-1
 1587 0131 0100     		.2byte	0x1
 1588 0133 52       		.byte	0x52
 1589 0134 0B000000 		.4byte	.LVL8-1
 1590 0138 14000000 		.4byte	.LFE122
 1591 013c 0400     		.2byte	0x4
 1592 013e F3       		.byte	0xf3
 1593 013f 01       		.uleb128 0x1
 1594 0140 52       		.byte	0x52
 1595 0141 9F       		.byte	0x9f
 1596 0142 00000000 		.4byte	0
ARM GAS  C:\Users\srich\AppData\Local\Temp\cc233AxZ.s 			page 29


 1597 0146 00000000 		.4byte	0
 1598              	.LLST10:
 1599 014a 00000000 		.4byte	.LVL9
 1600 014e 03000000 		.4byte	.LVL10-1
 1601 0152 0100     		.2byte	0x1
 1602 0154 50       		.byte	0x50
 1603 0155 03000000 		.4byte	.LVL10-1
 1604 0159 04000000 		.4byte	.LFE123
 1605 015d 0400     		.2byte	0x4
 1606 015f F3       		.byte	0xf3
 1607 0160 01       		.uleb128 0x1
 1608 0161 50       		.byte	0x50
 1609 0162 9F       		.byte	0x9f
 1610 0163 00000000 		.4byte	0
 1611 0167 00000000 		.4byte	0
 1612              		.section	.debug_aranges,"",%progbits
 1613 0000 44000000 		.4byte	0x44
 1614 0004 0200     		.2byte	0x2
 1615 0006 00000000 		.4byte	.Ldebug_info0
 1616 000a 04       		.byte	0x4
 1617 000b 00       		.byte	0
 1618 000c 0000     		.2byte	0
 1619 000e 0000     		.2byte	0
 1620 0010 00000000 		.4byte	.LFB118
 1621 0014 04000000 		.4byte	.LFE118-.LFB118
 1622 0018 00000000 		.4byte	.LFB119
 1623 001c 14000000 		.4byte	.LFE119-.LFB119
 1624 0020 00000000 		.4byte	.LFB120
 1625 0024 14000000 		.4byte	.LFE120-.LFB120
 1626 0028 00000000 		.4byte	.LFB121
 1627 002c 14000000 		.4byte	.LFE121-.LFB121
 1628 0030 00000000 		.4byte	.LFB122
 1629 0034 14000000 		.4byte	.LFE122-.LFB122
 1630 0038 00000000 		.4byte	.LFB123
 1631 003c 04000000 		.4byte	.LFE123-.LFB123
 1632 0040 00000000 		.4byte	0
 1633 0044 00000000 		.4byte	0
 1634              		.section	.debug_ranges,"",%progbits
 1635              	.Ldebug_ranges0:
 1636 0000 00000000 		.4byte	.LFB118
 1637 0004 04000000 		.4byte	.LFE118
 1638 0008 00000000 		.4byte	.LFB119
 1639 000c 14000000 		.4byte	.LFE119
 1640 0010 00000000 		.4byte	.LFB120
 1641 0014 14000000 		.4byte	.LFE120
 1642 0018 00000000 		.4byte	.LFB121
 1643 001c 14000000 		.4byte	.LFE121
 1644 0020 00000000 		.4byte	.LFB122
 1645 0024 14000000 		.4byte	.LFE122
 1646 0028 00000000 		.4byte	.LFB123
 1647 002c 04000000 		.4byte	.LFE123
 1648 0030 00000000 		.4byte	0
 1649 0034 00000000 		.4byte	0
 1650              		.section	.debug_line,"",%progbits
 1651              	.Ldebug_line0:
 1652 0000 88020000 		.section	.debug_str,"MS",%progbits,1
 1652      02001402 
ARM GAS  C:\Users\srich\AppData\Local\Temp\cc233AxZ.s 			page 30


 1652      00000201 
 1652      FB0E0D00 
 1652      01010101 
 1653              	.LASF37:
 1654 0000 424B5036 		.ascii	"BKP6R\000"
 1654      5200
 1655              	.LASF69:
 1656 0006 72746347 		.ascii	"rtcGetAlarm\000"
 1656      6574416C 
 1656      61726D00 
 1657              	.LASF33:
 1658 0012 424B5032 		.ascii	"BKP2R\000"
 1658      5200
 1659              	.LASF3:
 1660 0018 73686F72 		.ascii	"short int\000"
 1660      7420696E 
 1660      7400
 1661              	.LASF15:
 1662 0022 73697A65 		.ascii	"sizetype\000"
 1662      74797065 
 1662      00
 1663              	.LASF26:
 1664 002b 43414C52 		.ascii	"CALR\000"
 1664      00
 1665              	.LASF18:
 1666 0030 57555452 		.ascii	"WUTR\000"
 1666      00
 1667              	.LASF7:
 1668 0035 5F5F7569 		.ascii	"__uint32_t\000"
 1668      6E743332 
 1668      5F7400
 1669              	.LASF44:
 1670 0040 424B5031 		.ascii	"BKP13R\000"
 1670      335200
 1671              	.LASF77:
 1672 0047 443A5C47 		.ascii	"D:\\GitHub\\Smarty\\smarty\\firmware\000"
 1672      69744875 
 1672      625C536D 
 1672      61727479 
 1672      5C736D61 
 1673              	.LASF66:
 1674 0068 72746353 		.ascii	"rtcSetAlarm\000"
 1674      6574416C 
 1674      61726D00 
 1675              	.LASF48:
 1676 0074 424B5031 		.ascii	"BKP17R\000"
 1676      375200
 1677              	.LASF24:
 1678 007b 54534452 		.ascii	"TSDR\000"
 1678      00
 1679              	.LASF72:
 1680 0080 7274635F 		.ascii	"rtc_lld_set_alarm\000"
 1680      6C6C645F 
 1680      7365745F 
 1680      616C6172 
 1680      6D00
 1681              	.LASF17:
ARM GAS  C:\Users\srich\AppData\Local\Temp\cc233AxZ.s 			page 31


 1682 0092 50524552 		.ascii	"PRER\000"
 1682      00
 1683              	.LASF34:
 1684 0097 424B5033 		.ascii	"BKP3R\000"
 1684      5200
 1685              	.LASF9:
 1686 009d 6C6F6E67 		.ascii	"long long int\000"
 1686      206C6F6E 
 1686      6720696E 
 1686      7400
 1687              	.LASF71:
 1688 00ab 7274635F 		.ascii	"rtc_lld_get_time\000"
 1688      6C6C645F 
 1688      6765745F 
 1688      74696D65 
 1688      00
 1689              	.LASF6:
 1690 00bc 5F5F696E 		.ascii	"__int32_t\000"
 1690      7433325F 
 1690      7400
 1691              	.LASF19:
 1692 00c6 43414C49 		.ascii	"CALIBR\000"
 1692      425200
 1693              	.LASF60:
 1694 00cd 72746361 		.ascii	"rtcalarm_t\000"
 1694      6C61726D 
 1694      5F7400
 1695              	.LASF5:
 1696 00d8 6C6F6E67 		.ascii	"long int\000"
 1696      20696E74 
 1696      00
 1697              	.LASF41:
 1698 00e1 424B5031 		.ascii	"BKP10R\000"
 1698      305200
 1699              	.LASF38:
 1700 00e8 424B5037 		.ascii	"BKP7R\000"
 1700      5200
 1701              	.LASF58:
 1702 00ee 52544341 		.ascii	"RTCAlarm\000"
 1702      6C61726D 
 1702      00
 1703              	.LASF45:
 1704 00f7 424B5031 		.ascii	"BKP14R\000"
 1704      345200
 1705              	.LASF67:
 1706 00fe 616C6172 		.ascii	"alarm\000"
 1706      6D00
 1707              	.LASF27:
 1708 0104 54414643 		.ascii	"TAFCR\000"
 1708      5200
 1709              	.LASF80:
 1710 010a 7274635F 		.ascii	"rtc_lld_init\000"
 1710      6C6C645F 
 1710      696E6974 
 1710      00
 1711              	.LASF70:
 1712 0117 7274635F 		.ascii	"rtc_lld_set_time\000"
ARM GAS  C:\Users\srich\AppData\Local\Temp\cc233AxZ.s 			page 32


 1712      6C6C645F 
 1712      7365745F 
 1712      74696D65 
 1712      00
 1713              	.LASF78:
 1714 0128 72746347 		.ascii	"rtcGetTimeFat\000"
 1714      65745469 
 1714      6D654661 
 1714      7400
 1715              	.LASF2:
 1716 0136 756E7369 		.ascii	"unsigned char\000"
 1716      676E6564 
 1716      20636861 
 1716      7200
 1717              	.LASF28:
 1718 0144 414C524D 		.ascii	"ALRMASSR\000"
 1718      41535352 
 1718      00
 1719              	.LASF49:
 1720 014d 424B5031 		.ascii	"BKP18R\000"
 1720      385200
 1721              	.LASF55:
 1722 0154 74765F64 		.ascii	"tv_date\000"
 1722      61746500 
 1723              	.LASF1:
 1724 015c 7369676E 		.ascii	"signed char\000"
 1724      65642063 
 1724      68617200 
 1725              	.LASF10:
 1726 0168 6C6F6E67 		.ascii	"long long unsigned int\000"
 1726      206C6F6E 
 1726      6720756E 
 1726      7369676E 
 1726      65642069 
 1727              	.LASF75:
 1728 017f 474E5520 		.ascii	"GNU C 4.9.3 20150529 (release) [ARM/embedded-4_9-br"
 1728      4320342E 
 1728      392E3320 
 1728      32303135 
 1728      30353239 
 1729 01b2 616E6368 		.ascii	"anch revision 227977] -mcpu=cortex-m4 -mno-thumb-in"
 1729      20726576 
 1729      6973696F 
 1729      6E203232 
 1729      37393737 
 1730 01e5 74657277 		.ascii	"terwork -mthumb -ggdb -O2 -fomit-frame-pointer -fal"
 1730      6F726B20 
 1730      2D6D7468 
 1730      756D6220 
 1730      2D676764 
 1731 0218 69676E2D 		.ascii	"ign-functions=16 -ffunction-sections -fdata-section"
 1731      66756E63 
 1731      74696F6E 
 1731      733D3136 
 1731      202D6666 
 1732 024b 73202D66 		.ascii	"s -fno-common\000"
 1732      6E6F2D63 
ARM GAS  C:\Users\srich\AppData\Local\Temp\cc233AxZ.s 			page 33


 1732      6F6D6D6F 
 1732      6E00
 1733              	.LASF12:
 1734 0259 75696E74 		.ascii	"uint32_t\000"
 1734      33325F74 
 1734      00
 1735              	.LASF20:
 1736 0262 414C524D 		.ascii	"ALRMAR\000"
 1736      415200
 1737              	.LASF0:
 1738 0269 756E7369 		.ascii	"unsigned int\000"
 1738      676E6564 
 1738      20696E74 
 1738      00
 1739              	.LASF63:
 1740 0276 72746370 		.ascii	"rtcp\000"
 1740      00
 1741              	.LASF35:
 1742 027b 424B5034 		.ascii	"BKP4R\000"
 1742      5200
 1743              	.LASF23:
 1744 0281 54535452 		.ascii	"TSTR\000"
 1744      00
 1745              	.LASF59:
 1746 0286 74765F64 		.ascii	"tv_datetime\000"
 1746      61746574 
 1746      696D6500 
 1747              	.LASF4:
 1748 0292 73686F72 		.ascii	"short unsigned int\000"
 1748      7420756E 
 1748      7369676E 
 1748      65642069 
 1748      6E7400
 1749              	.LASF16:
 1750 02a5 63686172 		.ascii	"char\000"
 1750      00
 1751              	.LASF39:
 1752 02aa 424B5038 		.ascii	"BKP8R\000"
 1752      5200
 1753              	.LASF11:
 1754 02b0 696E7433 		.ascii	"int32_t\000"
 1754      325F7400 
 1755              	.LASF13:
 1756 02b8 626F6F6C 		.ascii	"bool_t\000"
 1756      5F7400
 1757              	.LASF29:
 1758 02bf 414C524D 		.ascii	"ALRMBSSR\000"
 1758      42535352 
 1758      00
 1759              	.LASF14:
 1760 02c8 5F426F6F 		.ascii	"_Bool\000"
 1760      6C00
 1761              	.LASF46:
 1762 02ce 424B5031 		.ascii	"BKP15R\000"
 1762      355200
 1763              	.LASF51:
 1764 02d5 5254435F 		.ascii	"RTC_TypeDef\000"
ARM GAS  C:\Users\srich\AppData\Local\Temp\cc233AxZ.s 			page 34


 1764      54797065 
 1764      44656600 
 1765              	.LASF57:
 1766 02e1 74765F6D 		.ascii	"tv_msec\000"
 1766      73656300 
 1767              	.LASF8:
 1768 02e9 6C6F6E67 		.ascii	"long unsigned int\000"
 1768      20756E73 
 1768      69676E65 
 1768      6420696E 
 1768      7400
 1769              	.LASF30:
 1770 02fb 52455345 		.ascii	"RESERVED7\000"
 1770      52564544 
 1770      3700
 1771              	.LASF52:
 1772 0305 52544344 		.ascii	"RTCDriver\000"
 1772      72697665 
 1772      7200
 1773              	.LASF50:
 1774 030f 424B5031 		.ascii	"BKP19R\000"
 1774      395200
 1775              	.LASF32:
 1776 0316 424B5031 		.ascii	"BKP1R\000"
 1776      5200
 1777              	.LASF74:
 1778 031c 7274635F 		.ascii	"rtc_lld_get_time_fat\000"
 1778      6C6C645F 
 1778      6765745F 
 1778      74696D65 
 1778      5F666174 
 1779              	.LASF31:
 1780 0331 424B5030 		.ascii	"BKP0R\000"
 1780      5200
 1781              	.LASF21:
 1782 0337 414C524D 		.ascii	"ALRMBR\000"
 1782      425200
 1783              	.LASF42:
 1784 033e 424B5031 		.ascii	"BKP11R\000"
 1784      315200
 1785              	.LASF65:
 1786 0345 72746347 		.ascii	"rtcGetTime\000"
 1786      65745469 
 1786      6D6500
 1787              	.LASF73:
 1788 0350 7274635F 		.ascii	"rtc_lld_get_alarm\000"
 1788      6C6C645F 
 1788      6765745F 
 1788      616C6172 
 1788      6D00
 1789              	.LASF36:
 1790 0362 424B5035 		.ascii	"BKP5R\000"
 1790      5200
 1791              	.LASF62:
 1792 0368 72746353 		.ascii	"rtcSetTime\000"
 1792      65745469 
 1792      6D6500
ARM GAS  C:\Users\srich\AppData\Local\Temp\cc233AxZ.s 			page 35


 1793              	.LASF56:
 1794 0373 74765F74 		.ascii	"tv_time\000"
 1794      696D6500 
 1795              	.LASF76:
 1796 037b 2E2E2F2E 		.ascii	"../../../ChibiOS/os/hal/src/rtc.c\000"
 1796      2E2F2E2E 
 1796      2F436869 
 1796      62694F53 
 1796      2F6F732F 
 1797              	.LASF64:
 1798 039d 74696D65 		.ascii	"timespec\000"
 1798      73706563 
 1798      00
 1799              	.LASF25:
 1800 03a6 54535353 		.ascii	"TSSSR\000"
 1800      5200
 1801              	.LASF43:
 1802 03ac 424B5031 		.ascii	"BKP12R\000"
 1802      325200
 1803              	.LASF22:
 1804 03b3 53484946 		.ascii	"SHIFTR\000"
 1804      545200
 1805              	.LASF40:
 1806 03ba 424B5039 		.ascii	"BKP9R\000"
 1806      5200
 1807              	.LASF79:
 1808 03c0 49544D5F 		.ascii	"ITM_RxBuffer\000"
 1808      52784275 
 1808      66666572 
 1808      00
 1809              	.LASF53:
 1810 03cd 69645F72 		.ascii	"id_rtc\000"
 1810      746300
 1811              	.LASF61:
 1812 03d4 72746349 		.ascii	"rtcInit\000"
 1812      6E697400 
 1813              	.LASF47:
 1814 03dc 424B5031 		.ascii	"BKP16R\000"
 1814      365200
 1815              	.LASF54:
 1816 03e3 52544354 		.ascii	"RTCTime\000"
 1816      696D6500 
 1817              	.LASF68:
 1818 03eb 616C6172 		.ascii	"alarmspec\000"
 1818      6D737065 
 1818      6300
 1819              		.ident	"GCC: (GNU Tools for ARM Embedded Processors) 4.9.3 20150529 (release) [ARM/embedded-4_9-br
ARM GAS  C:\Users\srich\AppData\Local\Temp\cc233AxZ.s 			page 36


DEFINED SYMBOLS
                            *ABS*:00000000 rtc.c
C:\Users\srich\AppData\Local\Temp\cc233AxZ.s:19     .text.rtcInit:00000000 $t
C:\Users\srich\AppData\Local\Temp\cc233AxZ.s:25     .text.rtcInit:00000000 rtcInit
C:\Users\srich\AppData\Local\Temp\cc233AxZ.s:40     .text.rtcSetTime:00000000 $t
C:\Users\srich\AppData\Local\Temp\cc233AxZ.s:46     .text.rtcSetTime:00000000 rtcSetTime
C:\Users\srich\AppData\Local\Temp\cc233AxZ.s:81     .text.rtcGetTime:00000000 $t
C:\Users\srich\AppData\Local\Temp\cc233AxZ.s:87     .text.rtcGetTime:00000000 rtcGetTime
C:\Users\srich\AppData\Local\Temp\cc233AxZ.s:122    .text.rtcSetAlarm:00000000 $t
C:\Users\srich\AppData\Local\Temp\cc233AxZ.s:128    .text.rtcSetAlarm:00000000 rtcSetAlarm
C:\Users\srich\AppData\Local\Temp\cc233AxZ.s:163    .text.rtcGetAlarm:00000000 $t
C:\Users\srich\AppData\Local\Temp\cc233AxZ.s:169    .text.rtcGetAlarm:00000000 rtcGetAlarm
C:\Users\srich\AppData\Local\Temp\cc233AxZ.s:204    .text.rtcGetTimeFat:00000000 $t
C:\Users\srich\AppData\Local\Temp\cc233AxZ.s:210    .text.rtcGetTimeFat:00000000 rtcGetTimeFat
                     .debug_frame:00000010 $d

UNDEFINED SYMBOLS
rtc_lld_init
rtc_lld_set_time
rtc_lld_get_time
rtc_lld_set_alarm
rtc_lld_get_alarm
rtc_lld_get_time_fat
