ARM GAS  C:\Users\DNIEL~1\AppData\Local\Temp\ccCtLOa2.s 			page 1


   1              		.syntax unified
   2              		.cpu cortex-m4
   3              		.fpu softvfp
   4              		.eabi_attribute 20, 1
   5              		.eabi_attribute 21, 1
   6              		.eabi_attribute 23, 3
   7              		.eabi_attribute 24, 1
   8              		.eabi_attribute 25, 1
   9              		.eabi_attribute 26, 1
  10              		.eabi_attribute 30, 2
  11              		.eabi_attribute 18, 4
  12              		.thumb
  13              		.file	"tm.c"
  14              		.section	.debug_abbrev,"",%progbits
  15              	.Ldebug_abbrev0:
  16              		.section	.debug_info,"",%progbits
  17              	.Ldebug_info0:
  18              		.section	.debug_line,"",%progbits
  19              	.Ldebug_line0:
  20 0000 13020000 		.text
  20      02009501 
  20      00000201 
  20      FB0E0D00 
  20      01010101 
  21              	.Ltext0:
  22              		.cfi_sections	.debug_frame
  23              		.section	.text.tm_start,"ax",%progbits
  24              		.align	2
  25              		.p2align 4,,15
  26              		.thumb
  27              		.thumb_func
  28              		.type	tm_start, %function
  29              	tm_start:
  30              	.LFB118:
  31              		.file 1 "../../../ChibiOS/os/hal/src/tm.c"
  32              		.loc 1 69 0
  33              		.cfi_startproc
  34              		@ args = 0, pretend = 0, frame = 0
  35              		@ frame_needed = 0, uses_anonymous_args = 0
  36              		@ link register save eliminated.
  37              	.LVL0:
  38              		.loc 1 71 0
  39 0000 0149     		ldr	r1, .L2
  40 0002 4B68     		ldr	r3, [r1, #4]
  41 0004 8360     		str	r3, [r0, #8]
  42              		.loc 1 72 0
  43 0006 7047     		bx	lr
  44              	.L3:
  45              		.align	2
  46              	.L2:
  47 0008 001000E0 		.word	-536866816
  48              		.cfi_endproc
  49              	.LFE118:
  50              		.size	tm_start, .-tm_start
  51 000c AFF30080 		.section	.text.tm_stop,"ax",%progbits
  52              		.align	2
  53              		.p2align 4,,15
ARM GAS  C:\Users\DNIEL~1\AppData\Local\Temp\ccCtLOa2.s 			page 2


  54              		.thumb
  55              		.thumb_func
  56              		.type	tm_stop, %function
  57              	tm_stop:
  58              	.LFB119:
  59              		.loc 1 81 0
  60              		.cfi_startproc
  61              		@ args = 0, pretend = 0, frame = 0
  62              		@ frame_needed = 0, uses_anonymous_args = 0
  63              		@ link register save eliminated.
  64              	.LVL1:
  65 0000 10B4     		push	{r4}
  66              	.LCFI0:
  67              		.cfi_def_cfa_offset 4
  68              		.loc 1 83 0
  69 0002 094C     		ldr	r4, .L9
  70              		.cfi_offset 4, -4
  71              		.loc 1 84 0
  72 0004 094A     		ldr	r2, .L9+4
  73              		.loc 1 83 0
  74 0006 6468     		ldr	r4, [r4, #4]
  75              	.LVL2:
  76              		.loc 1 84 0
  77 0008 8368     		ldr	r3, [r0, #8]
  78 000a 1168     		ldr	r1, [r2, #0]
  79              		.loc 1 85 0
  80 000c C268     		ldr	r2, [r0, #12]
  81              		.loc 1 84 0
  82 000e E31A     		subs	r3, r4, r3
  83 0010 5B1A     		subs	r3, r3, r1
  84              		.loc 1 85 0
  85 0012 9342     		cmp	r3, r2
  86              		.loc 1 84 0
  87 0014 8360     		str	r3, [r0, #8]
  88              		.loc 1 85 0
  89 0016 05D8     		bhi	.L8
  90              		.loc 1 87 0
  91 0018 0169     		ldr	r1, [r0, #16]
  92 001a 8B42     		cmp	r3, r1
  93              		.loc 1 88 0
  94 001c 38BF     		it	cc
  95 001e 0361     		strcc	r3, [r0, #16]
  96              	.L4:
  97              		.loc 1 89 0
  98 0020 10BC     		pop	{r4}
  99 0022 7047     		bx	lr
 100              	.L8:
 101              		.loc 1 86 0
 102 0024 C360     		str	r3, [r0, #12]
 103 0026 FBE7     		b	.L4
 104              	.L10:
 105              		.align	2
 106              	.L9:
 107 0028 001000E0 		.word	-536866816
 108 002c 00000000 		.word	.LANCHOR0
 109              		.cfi_endproc
 110              	.LFE119:
ARM GAS  C:\Users\DNIEL~1\AppData\Local\Temp\ccCtLOa2.s 			page 3


 111              		.size	tm_stop, .-tm_stop
 112              		.section	.text.tmInit,"ax",%progbits
 113              		.align	2
 114              		.p2align 4,,15
 115              		.global	tmInit
 116              		.thumb
 117              		.thumb_func
 118              		.type	tmInit, %function
 119              	tmInit:
 120              	.LFB120:
 121              		.loc 1 104 0
 122              		.cfi_startproc
 123              		@ args = 0, pretend = 0, frame = 24
 124              		@ frame_needed = 0, uses_anonymous_args = 0
 125 0000 10B5     		push	{r4, lr}
 126              	.LCFI1:
 127              		.cfi_def_cfa_offset 8
 128              	.LBB4:
 129              	.LBB6:
 130              		.loc 1 126 0
 131 0002 0B48     		ldr	r0, .L12
 132              		.loc 1 127 0
 133 0004 0B49     		ldr	r1, .L12+4
 134              	.LBE6:
 135              	.LBE4:
 136              		.loc 1 110 0
 137 0006 0C4C     		ldr	r4, .L12+8
 138              		.cfi_offset 14, -4
 139              		.cfi_offset 4, -8
 140              		.loc 1 104 0
 141 0008 86B0     		sub	sp, sp, #24
 142              	.LCFI2:
 143              		.cfi_def_cfa_offset 32
 144              		.loc 1 110 0
 145 000a 0023     		movs	r3, #0
 146              	.LBB8:
 147              	.LBB5:
 148              		.loc 1 130 0
 149 000c 4FF0FF32 		mov	r2, #-1
 150              		.loc 1 126 0
 151 0010 0190     		str	r0, [sp, #4]
 152              	.LBE5:
 153              	.LBE8:
 154              		.loc 1 112 0
 155 0012 01A8     		add	r0, sp, #4
 156              		.loc 1 110 0
 157 0014 2360     		str	r3, [r4, #0]
 158              	.LVL3:
 159              	.LBB9:
 160              	.LBB7:
 161              		.loc 1 128 0
 162 0016 0393     		str	r3, [sp, #12]
 163              		.loc 1 129 0
 164 0018 0493     		str	r3, [sp, #16]
 165              		.loc 1 127 0
 166 001a 0291     		str	r1, [sp, #8]
 167              		.loc 1 130 0
ARM GAS  C:\Users\DNIEL~1\AppData\Local\Temp\ccCtLOa2.s 			page 4


 168 001c 0592     		str	r2, [sp, #20]
 169              	.LBE7:
 170              	.LBE9:
 171              		.loc 1 112 0
 172 001e FFF7FEFF 		bl	tm_start
 173              	.LVL4:
 174              		.loc 1 113 0
 175 0022 01A8     		add	r0, sp, #4
 176              	.LVL5:
 177 0024 0299     		ldr	r1, [sp, #8]
 178 0026 8847     		blx	r1
 179              	.LVL6:
 180              		.loc 1 114 0
 181 0028 039B     		ldr	r3, [sp, #12]
 182 002a 2360     		str	r3, [r4, #0]
 183              		.loc 1 115 0
 184 002c 06B0     		add	sp, sp, #24
 185 002e 10BD     		pop	{r4, pc}
 186              	.L13:
 187              		.align	2
 188              	.L12:
 189 0030 00000000 		.word	tm_start
 190 0034 00000000 		.word	tm_stop
 191 0038 00000000 		.word	.LANCHOR0
 192              		.cfi_endproc
 193              	.LFE120:
 194              		.size	tmInit, .-tmInit
 195 003c AFF30080 		.section	.text.tmObjectInit,"ax",%progbits
 196              		.align	2
 197              		.p2align 4,,15
 198              		.global	tmObjectInit
 199              		.thumb
 200              		.thumb_func
 201              		.type	tmObjectInit, %function
 202              	tmObjectInit:
 203              	.LFB121:
 204              		.loc 1 124 0
 205              		.cfi_startproc
 206              		@ args = 0, pretend = 0, frame = 0
 207              		@ frame_needed = 0, uses_anonymous_args = 0
 208              		@ link register save eliminated.
 209              	.LVL7:
 210              		.loc 1 126 0
 211 0000 054B     		ldr	r3, .L15
 212              		.loc 1 127 0
 213 0002 064A     		ldr	r2, .L15+4
 214              		.loc 1 126 0
 215 0004 0360     		str	r3, [r0, #0]
 216              		.loc 1 128 0
 217 0006 0021     		movs	r1, #0
 218              		.loc 1 130 0
 219 0008 4FF0FF33 		mov	r3, #-1
 220              		.loc 1 127 0
 221 000c 4260     		str	r2, [r0, #4]
 222              		.loc 1 128 0
 223 000e 8160     		str	r1, [r0, #8]
 224              		.loc 1 129 0
ARM GAS  C:\Users\DNIEL~1\AppData\Local\Temp\ccCtLOa2.s 			page 5


 225 0010 C160     		str	r1, [r0, #12]
 226              		.loc 1 130 0
 227 0012 0361     		str	r3, [r0, #16]
 228              		.loc 1 131 0
 229 0014 7047     		bx	lr
 230              	.L16:
 231 0016 00BF     		.align	2
 232              	.L15:
 233 0018 00000000 		.word	tm_start
 234 001c 00000000 		.word	tm_stop
 235              		.cfi_endproc
 236              	.LFE121:
 237              		.size	tmObjectInit, .-tmObjectInit
 238              		.section	.bss.measurement_offset,"aw",%nobits
 239              		.align	2
 240              		.set	.LANCHOR0,. + 0
 241              		.type	measurement_offset, %object
 242              		.size	measurement_offset, 4
 243              	measurement_offset:
 244 0000 00000000 		.space	4
 245              		.text
 246              	.Letext0:
 247              		.section	.debug_loc,"",%progbits
 248              	.Ldebug_loc0:
 249              	.LLST0:
 250 0000 00000000 		.4byte	.LFB119
 251 0004 02000000 		.4byte	.LCFI0
 252 0008 0200     		.2byte	0x2
 253 000a 7D       		.byte	0x7d
 254 000b 00       		.sleb128 0
 255 000c 02000000 		.4byte	.LCFI0
 256 0010 30000000 		.4byte	.LFE119
 257 0014 0200     		.2byte	0x2
 258 0016 7D       		.byte	0x7d
 259 0017 04       		.sleb128 4
 260 0018 00000000 		.4byte	0x0
 261 001c 00000000 		.4byte	0x0
 262              	.LLST1:
 263 0020 00000000 		.4byte	.LFB120
 264 0024 02000000 		.4byte	.LCFI1
 265 0028 0200     		.2byte	0x2
 266 002a 7D       		.byte	0x7d
 267 002b 00       		.sleb128 0
 268 002c 02000000 		.4byte	.LCFI1
 269 0030 0A000000 		.4byte	.LCFI2
 270 0034 0200     		.2byte	0x2
 271 0036 7D       		.byte	0x7d
 272 0037 08       		.sleb128 8
 273 0038 0A000000 		.4byte	.LCFI2
 274 003c 3C000000 		.4byte	.LFE120
 275 0040 0200     		.2byte	0x2
 276 0042 7D       		.byte	0x7d
 277 0043 20       		.sleb128 32
 278 0044 00000000 		.4byte	0x0
 279 0048 00000000 		.4byte	0x0
 280              	.LLST2:
 281 004c 16000000 		.4byte	.LVL3
ARM GAS  C:\Users\DNIEL~1\AppData\Local\Temp\ccCtLOa2.s 			page 6


 282 0050 21000000 		.4byte	.LVL4-1
 283 0054 0100     		.2byte	0x1
 284 0056 50       		.byte	0x50
 285 0057 21000000 		.4byte	.LVL4-1
 286 005b 24000000 		.4byte	.LVL5
 287 005f 0300     		.2byte	0x3
 288 0061 91       		.byte	0x91
 289 0062 64       		.sleb128 -28
 290 0063 9F       		.byte	0x9f
 291 0064 24000000 		.4byte	.LVL5
 292 0068 27000000 		.4byte	.LVL6-1
 293 006c 0100     		.2byte	0x1
 294 006e 50       		.byte	0x50
 295 006f 27000000 		.4byte	.LVL6-1
 296 0073 3C000000 		.4byte	.LFE120
 297 0077 0300     		.2byte	0x3
 298 0079 91       		.byte	0x91
 299 007a 64       		.sleb128 -28
 300 007b 9F       		.byte	0x9f
 301 007c 00000000 		.4byte	0x0
 302 0080 00000000 		.4byte	0x0
 303              		.file 2 "c:\\program files (x86)\\codesourcery\\sourcery g++ lite\\bin\\../lib/gcc/arm-none-eabi/4
 304              		.file 3 "../../../ChibiOS/os/ports/common/ARMCMx/nvic.h"
 305              		.file 4 "../../../ChibiOS/os/hal/platforms/STM32F4xx/hal_lld.h"
 306              		.file 5 "../../../ChibiOS/os/hal/include/tm.h"
 307              		.file 6 "../../../ChibiOS/os/ports/common/ARMCMx/CMSIS/include/core_cm4.h"
 308              		.section	.debug_info
 309 0000 A5020000 		.4byte	0x2a5
 310 0004 0200     		.2byte	0x2
 311 0006 00000000 		.4byte	.Ldebug_abbrev0
 312 000a 04       		.byte	0x4
 313 000b 01       		.uleb128 0x1
 314 000c 05000000 		.4byte	.LASF33
 315 0010 01       		.byte	0x1
 316 0011 3B010000 		.4byte	.LASF34
 317 0015 08010000 		.4byte	.LASF35
 318 0019 00000000 		.4byte	0x0
 319 001d 00000000 		.4byte	0x0
 320 0021 20000000 		.4byte	.Ldebug_ranges0+0x20
 321 0025 00000000 		.4byte	.Ldebug_line0
 322 0029 02       		.uleb128 0x2
 323 002a 04       		.byte	0x4
 324 002b 05       		.byte	0x5
 325 002c 696E7400 		.ascii	"int\000"
 326 0030 03       		.uleb128 0x3
 327 0031 04       		.byte	0x4
 328 0032 07       		.byte	0x7
 329 0033 C0000000 		.4byte	.LASF0
 330 0037 03       		.uleb128 0x3
 331 0038 01       		.byte	0x1
 332 0039 06       		.byte	0x6
 333 003a 98010000 		.4byte	.LASF1
 334 003e 03       		.uleb128 0x3
 335 003f 01       		.byte	0x1
 336 0040 08       		.byte	0x8
 337 0041 49000000 		.4byte	.LASF2
 338 0045 03       		.uleb128 0x3
ARM GAS  C:\Users\DNIEL~1\AppData\Local\Temp\ccCtLOa2.s 			page 7


 339 0046 02       		.byte	0x2
 340 0047 05       		.byte	0x5
 341 0048 6F010000 		.4byte	.LASF3
 342 004c 03       		.uleb128 0x3
 343 004d 02       		.byte	0x2
 344 004e 07       		.byte	0x7
 345 004f 84000000 		.4byte	.LASF4
 346 0053 04       		.uleb128 0x4
 347 0054 F2000000 		.4byte	.LASF6
 348 0058 02       		.byte	0x2
 349 0059 4F       		.byte	0x4f
 350 005a 5E000000 		.4byte	0x5e
 351 005e 03       		.uleb128 0x3
 352 005f 04       		.byte	0x4
 353 0060 05       		.byte	0x5
 354 0061 8F010000 		.4byte	.LASF5
 355 0065 04       		.uleb128 0x4
 356 0066 86010000 		.4byte	.LASF7
 357 006a 02       		.byte	0x2
 358 006b 50       		.byte	0x50
 359 006c 70000000 		.4byte	0x70
 360 0070 03       		.uleb128 0x3
 361 0071 04       		.byte	0x4
 362 0072 07       		.byte	0x7
 363 0073 65000000 		.4byte	.LASF8
 364 0077 03       		.uleb128 0x3
 365 0078 08       		.byte	0x8
 366 0079 05       		.byte	0x5
 367 007a FA000000 		.4byte	.LASF9
 368 007e 03       		.uleb128 0x3
 369 007f 08       		.byte	0x8
 370 0080 07       		.byte	0x7
 371 0081 32000000 		.4byte	.LASF10
 372 0085 03       		.uleb128 0x3
 373 0086 01       		.byte	0x1
 374 0087 02       		.byte	0x2
 375 0088 B4010000 		.4byte	.LASF11
 376 008c 05       		.uleb128 0x5
 377 008d 70000000 		.4byte	0x70
 378 0091 06       		.uleb128 0x6
 379 0092 20       		.byte	0x20
 380 0093 03       		.byte	0x3
 381 0094 0601     		.2byte	0x106
 382 0096 13010000 		.4byte	0x113
 383 009a 07       		.uleb128 0x7
 384 009b E6000000 		.4byte	.LASF12
 385 009f 03       		.byte	0x3
 386 00a0 0701     		.2byte	0x107
 387 00a2 8C000000 		.4byte	0x8c
 388 00a6 02       		.byte	0x2
 389 00a7 23       		.byte	0x23
 390 00a8 00       		.uleb128 0x0
 391 00a9 07       		.uleb128 0x7
 392 00aa 57000000 		.4byte	.LASF13
 393 00ae 03       		.byte	0x3
 394 00af 0801     		.2byte	0x108
 395 00b1 8C000000 		.4byte	0x8c
ARM GAS  C:\Users\DNIEL~1\AppData\Local\Temp\ccCtLOa2.s 			page 8


 396 00b5 02       		.byte	0x2
 397 00b6 23       		.byte	0x23
 398 00b7 04       		.uleb128 0x4
 399 00b8 07       		.uleb128 0x7
 400 00b9 97000000 		.4byte	.LASF14
 401 00bd 03       		.byte	0x3
 402 00be 0901     		.2byte	0x109
 403 00c0 8C000000 		.4byte	0x8c
 404 00c4 02       		.byte	0x2
 405 00c5 23       		.byte	0x23
 406 00c6 08       		.uleb128 0x8
 407 00c7 07       		.uleb128 0x7
 408 00c8 EB000000 		.4byte	.LASF15
 409 00cc 03       		.byte	0x3
 410 00cd 0A01     		.2byte	0x10a
 411 00cf 8C000000 		.4byte	0x8c
 412 00d3 02       		.byte	0x2
 413 00d4 23       		.byte	0x23
 414 00d5 0C       		.uleb128 0xc
 415 00d6 07       		.uleb128 0x7
 416 00d7 24000000 		.4byte	.LASF16
 417 00db 03       		.byte	0x3
 418 00dc 0B01     		.2byte	0x10b
 419 00de 8C000000 		.4byte	0x8c
 420 00e2 02       		.byte	0x2
 421 00e3 23       		.byte	0x23
 422 00e4 10       		.uleb128 0x10
 423 00e5 07       		.uleb128 0x7
 424 00e6 B9000000 		.4byte	.LASF17
 425 00ea 03       		.byte	0x3
 426 00eb 0C01     		.2byte	0x10c
 427 00ed 8C000000 		.4byte	0x8c
 428 00f1 02       		.byte	0x2
 429 00f2 23       		.byte	0x23
 430 00f3 14       		.uleb128 0x14
 431 00f4 07       		.uleb128 0x7
 432 00f5 AB000000 		.4byte	.LASF18
 433 00f9 03       		.byte	0x3
 434 00fa 0D01     		.2byte	0x10d
 435 00fc 8C000000 		.4byte	0x8c
 436 0100 02       		.byte	0x2
 437 0101 23       		.byte	0x23
 438 0102 18       		.uleb128 0x18
 439 0103 07       		.uleb128 0x7
 440 0104 11000000 		.4byte	.LASF19
 441 0108 03       		.byte	0x3
 442 0109 0E01     		.2byte	0x10e
 443 010b 8C000000 		.4byte	0x8c
 444 010f 02       		.byte	0x2
 445 0110 23       		.byte	0x23
 446 0111 1C       		.uleb128 0x1c
 447 0112 00       		.byte	0x0
 448 0113 08       		.uleb128 0x8
 449 0114 79010000 		.4byte	.LASF20
 450 0118 03       		.byte	0x3
 451 0119 0F01     		.2byte	0x10f
 452 011b 91000000 		.4byte	0x91
ARM GAS  C:\Users\DNIEL~1\AppData\Local\Temp\ccCtLOa2.s 			page 9


 453 011f 03       		.uleb128 0x3
 454 0120 01       		.byte	0x1
 455 0121 08       		.byte	0x8
 456 0122 D8000000 		.4byte	.LASF21
 457 0126 05       		.uleb128 0x5
 458 0127 53000000 		.4byte	0x53
 459 012b 08       		.uleb128 0x8
 460 012c CD000000 		.4byte	.LASF22
 461 0130 04       		.byte	0x4
 462 0131 C006     		.2byte	0x6c0
 463 0133 65000000 		.4byte	0x65
 464 0137 04       		.uleb128 0x4
 465 0138 A4010000 		.4byte	.LASF23
 466 013c 05       		.byte	0x5
 467 013d 45       		.byte	0x45
 468 013e 42010000 		.4byte	0x142
 469 0142 09       		.uleb128 0x9
 470 0143 A4010000 		.4byte	.LASF23
 471 0147 14       		.byte	0x14
 472 0148 05       		.byte	0x5
 473 0149 4A       		.byte	0x4a
 474 014a 95010000 		.4byte	0x195
 475 014e 0A       		.uleb128 0xa
 476 014f 1E000000 		.4byte	.LASF24
 477 0153 05       		.byte	0x5
 478 0154 4B       		.byte	0x4b
 479 0155 A7010000 		.4byte	0x1a7
 480 0159 02       		.byte	0x2
 481 015a 23       		.byte	0x23
 482 015b 00       		.uleb128 0x0
 483 015c 0A       		.uleb128 0xa
 484 015d 2D000000 		.4byte	.LASF25
 485 0161 05       		.byte	0x5
 486 0162 4C       		.byte	0x4c
 487 0163 A7010000 		.4byte	0x1a7
 488 0167 02       		.byte	0x2
 489 0168 23       		.byte	0x23
 490 0169 04       		.uleb128 0x4
 491 016a 0A       		.uleb128 0xa
 492 016b 00000000 		.4byte	.LASF26
 493 016f 05       		.byte	0x5
 494 0170 4D       		.byte	0x4d
 495 0171 2B010000 		.4byte	0x12b
 496 0175 02       		.byte	0x2
 497 0176 23       		.byte	0x23
 498 0177 08       		.uleb128 0x8
 499 0178 0A       		.uleb128 0xa
 500 0179 B3000000 		.4byte	.LASF27
 501 017d 05       		.byte	0x5
 502 017e 4E       		.byte	0x4e
 503 017f 2B010000 		.4byte	0x12b
 504 0183 02       		.byte	0x2
 505 0184 23       		.byte	0x23
 506 0185 0C       		.uleb128 0xc
 507 0186 0A       		.uleb128 0xa
 508 0187 81010000 		.4byte	.LASF28
 509 018b 05       		.byte	0x5
ARM GAS  C:\Users\DNIEL~1\AppData\Local\Temp\ccCtLOa2.s 			page 10


 510 018c 4F       		.byte	0x4f
 511 018d 2B010000 		.4byte	0x12b
 512 0191 02       		.byte	0x2
 513 0192 23       		.byte	0x23
 514 0193 10       		.uleb128 0x10
 515 0194 00       		.byte	0x0
 516 0195 0B       		.uleb128 0xb
 517 0196 01       		.byte	0x1
 518 0197 A1010000 		.4byte	0x1a1
 519 019b 0C       		.uleb128 0xc
 520 019c A1010000 		.4byte	0x1a1
 521 01a0 00       		.byte	0x0
 522 01a1 0D       		.uleb128 0xd
 523 01a2 04       		.byte	0x4
 524 01a3 37010000 		.4byte	0x137
 525 01a7 0D       		.uleb128 0xd
 526 01a8 04       		.byte	0x4
 527 01a9 95010000 		.4byte	0x195
 528 01ad 0E       		.uleb128 0xe
 529 01ae 01       		.byte	0x1
 530 01af 77000000 		.4byte	.LASF36
 531 01b3 01       		.byte	0x1
 532 01b4 7C       		.byte	0x7c
 533 01b5 01       		.byte	0x1
 534 01b6 01       		.byte	0x1
 535 01b7 C7010000 		.4byte	0x1c7
 536 01bb 0F       		.uleb128 0xf
 537 01bc 746D7000 		.ascii	"tmp\000"
 538 01c0 01       		.byte	0x1
 539 01c1 7C       		.byte	0x7c
 540 01c2 A1010000 		.4byte	0x1a1
 541 01c6 00       		.byte	0x0
 542 01c7 10       		.uleb128 0x10
 543 01c8 DD000000 		.4byte	.LASF29
 544 01cc 01       		.byte	0x1
 545 01cd 45       		.byte	0x45
 546 01ce 01       		.byte	0x1
 547 01cf 00000000 		.4byte	.LFB118
 548 01d3 0C000000 		.4byte	.LFE118
 549 01d7 02       		.byte	0x2
 550 01d8 7D       		.byte	0x7d
 551 01d9 00       		.sleb128 0
 552 01da EC010000 		.4byte	0x1ec
 553 01de 11       		.uleb128 0x11
 554 01df 746D7000 		.ascii	"tmp\000"
 555 01e3 01       		.byte	0x1
 556 01e4 45       		.byte	0x45
 557 01e5 A1010000 		.4byte	0x1a1
 558 01e9 01       		.byte	0x1
 559 01ea 50       		.byte	0x50
 560 01eb 00       		.byte	0x0
 561 01ec 12       		.uleb128 0x12
 562 01ed 16000000 		.4byte	.LASF30
 563 01f1 01       		.byte	0x1
 564 01f2 51       		.byte	0x51
 565 01f3 01       		.byte	0x1
 566 01f4 00000000 		.4byte	.LFB119
ARM GAS  C:\Users\DNIEL~1\AppData\Local\Temp\ccCtLOa2.s 			page 11


 567 01f8 30000000 		.4byte	.LFE119
 568 01fc 00000000 		.4byte	.LLST0
 569 0200 1F020000 		.4byte	0x21f
 570 0204 11       		.uleb128 0x11
 571 0205 746D7000 		.ascii	"tmp\000"
 572 0209 01       		.byte	0x1
 573 020a 51       		.byte	0x51
 574 020b A1010000 		.4byte	0x1a1
 575 020f 01       		.byte	0x1
 576 0210 50       		.byte	0x50
 577 0211 13       		.uleb128 0x13
 578 0212 6E6F7700 		.ascii	"now\000"
 579 0216 01       		.byte	0x1
 580 0217 53       		.byte	0x53
 581 0218 2B010000 		.4byte	0x12b
 582 021c 01       		.byte	0x1
 583 021d 54       		.byte	0x54
 584 021e 00       		.byte	0x0
 585 021f 14       		.uleb128 0x14
 586 0220 01       		.byte	0x1
 587 0221 5E000000 		.4byte	.LASF37
 588 0225 01       		.byte	0x1
 589 0226 68       		.byte	0x68
 590 0227 01       		.byte	0x1
 591 0228 00000000 		.4byte	.LFB120
 592 022c 3C000000 		.4byte	.LFE120
 593 0230 20000000 		.4byte	.LLST1
 594 0234 5F020000 		.4byte	0x25f
 595 0238 13       		.uleb128 0x13
 596 0239 746D00   		.ascii	"tm\000"
 597 023c 01       		.byte	0x1
 598 023d 69       		.byte	0x69
 599 023e 37010000 		.4byte	0x137
 600 0242 02       		.byte	0x2
 601 0243 91       		.byte	0x91
 602 0244 64       		.sleb128 -28
 603 0245 15       		.uleb128 0x15
 604 0246 AD010000 		.4byte	0x1ad
 605 024a 02000000 		.4byte	.LBB4
 606 024e 00000000 		.4byte	.Ldebug_ranges0+0x0
 607 0252 01       		.byte	0x1
 608 0253 6F       		.byte	0x6f
 609 0254 16       		.uleb128 0x16
 610 0255 BB010000 		.4byte	0x1bb
 611 0259 4C000000 		.4byte	.LLST2
 612 025d 00       		.byte	0x0
 613 025e 00       		.byte	0x0
 614 025f 17       		.uleb128 0x17
 615 0260 AD010000 		.4byte	0x1ad
 616 0264 00000000 		.4byte	.LFB121
 617 0268 20000000 		.4byte	.LFE121
 618 026c 02       		.byte	0x2
 619 026d 7D       		.byte	0x7d
 620 026e 00       		.sleb128 0
 621 026f 7B020000 		.4byte	0x27b
 622 0273 18       		.uleb128 0x18
 623 0274 BB010000 		.4byte	0x1bb
ARM GAS  C:\Users\DNIEL~1\AppData\Local\Temp\ccCtLOa2.s 			page 12


 624 0278 01       		.byte	0x1
 625 0279 50       		.byte	0x50
 626 027a 00       		.byte	0x0
 627 027b 19       		.uleb128 0x19
 628 027c 9E000000 		.4byte	.LASF32
 629 0280 06       		.byte	0x6
 630 0281 9806     		.2byte	0x698
 631 0283 26010000 		.4byte	0x126
 632 0287 01       		.byte	0x1
 633 0288 01       		.byte	0x1
 634 0289 1A       		.uleb128 0x1a
 635 028a 5C010000 		.4byte	.LASF31
 636 028e 01       		.byte	0x1
 637 028f 38       		.byte	0x38
 638 0290 2B010000 		.4byte	0x12b
 639 0294 05       		.byte	0x5
 640 0295 03       		.byte	0x3
 641 0296 00000000 		.4byte	measurement_offset
 642 029a 19       		.uleb128 0x19
 643 029b 9E000000 		.4byte	.LASF32
 644 029f 06       		.byte	0x6
 645 02a0 9806     		.2byte	0x698
 646 02a2 26010000 		.4byte	0x126
 647 02a6 01       		.byte	0x1
 648 02a7 01       		.byte	0x1
 649 02a8 00       		.byte	0x0
 650              		.section	.debug_abbrev
 651 0000 01       		.uleb128 0x1
 652 0001 11       		.uleb128 0x11
 653 0002 01       		.byte	0x1
 654 0003 25       		.uleb128 0x25
 655 0004 0E       		.uleb128 0xe
 656 0005 13       		.uleb128 0x13
 657 0006 0B       		.uleb128 0xb
 658 0007 03       		.uleb128 0x3
 659 0008 0E       		.uleb128 0xe
 660 0009 1B       		.uleb128 0x1b
 661 000a 0E       		.uleb128 0xe
 662 000b 11       		.uleb128 0x11
 663 000c 01       		.uleb128 0x1
 664 000d 52       		.uleb128 0x52
 665 000e 01       		.uleb128 0x1
 666 000f 55       		.uleb128 0x55
 667 0010 06       		.uleb128 0x6
 668 0011 10       		.uleb128 0x10
 669 0012 06       		.uleb128 0x6
 670 0013 00       		.byte	0x0
 671 0014 00       		.byte	0x0
 672 0015 02       		.uleb128 0x2
 673 0016 24       		.uleb128 0x24
 674 0017 00       		.byte	0x0
 675 0018 0B       		.uleb128 0xb
 676 0019 0B       		.uleb128 0xb
 677 001a 3E       		.uleb128 0x3e
 678 001b 0B       		.uleb128 0xb
 679 001c 03       		.uleb128 0x3
 680 001d 08       		.uleb128 0x8
ARM GAS  C:\Users\DNIEL~1\AppData\Local\Temp\ccCtLOa2.s 			page 13


 681 001e 00       		.byte	0x0
 682 001f 00       		.byte	0x0
 683 0020 03       		.uleb128 0x3
 684 0021 24       		.uleb128 0x24
 685 0022 00       		.byte	0x0
 686 0023 0B       		.uleb128 0xb
 687 0024 0B       		.uleb128 0xb
 688 0025 3E       		.uleb128 0x3e
 689 0026 0B       		.uleb128 0xb
 690 0027 03       		.uleb128 0x3
 691 0028 0E       		.uleb128 0xe
 692 0029 00       		.byte	0x0
 693 002a 00       		.byte	0x0
 694 002b 04       		.uleb128 0x4
 695 002c 16       		.uleb128 0x16
 696 002d 00       		.byte	0x0
 697 002e 03       		.uleb128 0x3
 698 002f 0E       		.uleb128 0xe
 699 0030 3A       		.uleb128 0x3a
 700 0031 0B       		.uleb128 0xb
 701 0032 3B       		.uleb128 0x3b
 702 0033 0B       		.uleb128 0xb
 703 0034 49       		.uleb128 0x49
 704 0035 13       		.uleb128 0x13
 705 0036 00       		.byte	0x0
 706 0037 00       		.byte	0x0
 707 0038 05       		.uleb128 0x5
 708 0039 35       		.uleb128 0x35
 709 003a 00       		.byte	0x0
 710 003b 49       		.uleb128 0x49
 711 003c 13       		.uleb128 0x13
 712 003d 00       		.byte	0x0
 713 003e 00       		.byte	0x0
 714 003f 06       		.uleb128 0x6
 715 0040 13       		.uleb128 0x13
 716 0041 01       		.byte	0x1
 717 0042 0B       		.uleb128 0xb
 718 0043 0B       		.uleb128 0xb
 719 0044 3A       		.uleb128 0x3a
 720 0045 0B       		.uleb128 0xb
 721 0046 3B       		.uleb128 0x3b
 722 0047 05       		.uleb128 0x5
 723 0048 01       		.uleb128 0x1
 724 0049 13       		.uleb128 0x13
 725 004a 00       		.byte	0x0
 726 004b 00       		.byte	0x0
 727 004c 07       		.uleb128 0x7
 728 004d 0D       		.uleb128 0xd
 729 004e 00       		.byte	0x0
 730 004f 03       		.uleb128 0x3
 731 0050 0E       		.uleb128 0xe
 732 0051 3A       		.uleb128 0x3a
 733 0052 0B       		.uleb128 0xb
 734 0053 3B       		.uleb128 0x3b
 735 0054 05       		.uleb128 0x5
 736 0055 49       		.uleb128 0x49
 737 0056 13       		.uleb128 0x13
ARM GAS  C:\Users\DNIEL~1\AppData\Local\Temp\ccCtLOa2.s 			page 14


 738 0057 38       		.uleb128 0x38
 739 0058 0A       		.uleb128 0xa
 740 0059 00       		.byte	0x0
 741 005a 00       		.byte	0x0
 742 005b 08       		.uleb128 0x8
 743 005c 16       		.uleb128 0x16
 744 005d 00       		.byte	0x0
 745 005e 03       		.uleb128 0x3
 746 005f 0E       		.uleb128 0xe
 747 0060 3A       		.uleb128 0x3a
 748 0061 0B       		.uleb128 0xb
 749 0062 3B       		.uleb128 0x3b
 750 0063 05       		.uleb128 0x5
 751 0064 49       		.uleb128 0x49
 752 0065 13       		.uleb128 0x13
 753 0066 00       		.byte	0x0
 754 0067 00       		.byte	0x0
 755 0068 09       		.uleb128 0x9
 756 0069 13       		.uleb128 0x13
 757 006a 01       		.byte	0x1
 758 006b 03       		.uleb128 0x3
 759 006c 0E       		.uleb128 0xe
 760 006d 0B       		.uleb128 0xb
 761 006e 0B       		.uleb128 0xb
 762 006f 3A       		.uleb128 0x3a
 763 0070 0B       		.uleb128 0xb
 764 0071 3B       		.uleb128 0x3b
 765 0072 0B       		.uleb128 0xb
 766 0073 01       		.uleb128 0x1
 767 0074 13       		.uleb128 0x13
 768 0075 00       		.byte	0x0
 769 0076 00       		.byte	0x0
 770 0077 0A       		.uleb128 0xa
 771 0078 0D       		.uleb128 0xd
 772 0079 00       		.byte	0x0
 773 007a 03       		.uleb128 0x3
 774 007b 0E       		.uleb128 0xe
 775 007c 3A       		.uleb128 0x3a
 776 007d 0B       		.uleb128 0xb
 777 007e 3B       		.uleb128 0x3b
 778 007f 0B       		.uleb128 0xb
 779 0080 49       		.uleb128 0x49
 780 0081 13       		.uleb128 0x13
 781 0082 38       		.uleb128 0x38
 782 0083 0A       		.uleb128 0xa
 783 0084 00       		.byte	0x0
 784 0085 00       		.byte	0x0
 785 0086 0B       		.uleb128 0xb
 786 0087 15       		.uleb128 0x15
 787 0088 01       		.byte	0x1
 788 0089 27       		.uleb128 0x27
 789 008a 0C       		.uleb128 0xc
 790 008b 01       		.uleb128 0x1
 791 008c 13       		.uleb128 0x13
 792 008d 00       		.byte	0x0
 793 008e 00       		.byte	0x0
 794 008f 0C       		.uleb128 0xc
ARM GAS  C:\Users\DNIEL~1\AppData\Local\Temp\ccCtLOa2.s 			page 15


 795 0090 05       		.uleb128 0x5
 796 0091 00       		.byte	0x0
 797 0092 49       		.uleb128 0x49
 798 0093 13       		.uleb128 0x13
 799 0094 00       		.byte	0x0
 800 0095 00       		.byte	0x0
 801 0096 0D       		.uleb128 0xd
 802 0097 0F       		.uleb128 0xf
 803 0098 00       		.byte	0x0
 804 0099 0B       		.uleb128 0xb
 805 009a 0B       		.uleb128 0xb
 806 009b 49       		.uleb128 0x49
 807 009c 13       		.uleb128 0x13
 808 009d 00       		.byte	0x0
 809 009e 00       		.byte	0x0
 810 009f 0E       		.uleb128 0xe
 811 00a0 2E       		.uleb128 0x2e
 812 00a1 01       		.byte	0x1
 813 00a2 3F       		.uleb128 0x3f
 814 00a3 0C       		.uleb128 0xc
 815 00a4 03       		.uleb128 0x3
 816 00a5 0E       		.uleb128 0xe
 817 00a6 3A       		.uleb128 0x3a
 818 00a7 0B       		.uleb128 0xb
 819 00a8 3B       		.uleb128 0x3b
 820 00a9 0B       		.uleb128 0xb
 821 00aa 27       		.uleb128 0x27
 822 00ab 0C       		.uleb128 0xc
 823 00ac 20       		.uleb128 0x20
 824 00ad 0B       		.uleb128 0xb
 825 00ae 01       		.uleb128 0x1
 826 00af 13       		.uleb128 0x13
 827 00b0 00       		.byte	0x0
 828 00b1 00       		.byte	0x0
 829 00b2 0F       		.uleb128 0xf
 830 00b3 05       		.uleb128 0x5
 831 00b4 00       		.byte	0x0
 832 00b5 03       		.uleb128 0x3
 833 00b6 08       		.uleb128 0x8
 834 00b7 3A       		.uleb128 0x3a
 835 00b8 0B       		.uleb128 0xb
 836 00b9 3B       		.uleb128 0x3b
 837 00ba 0B       		.uleb128 0xb
 838 00bb 49       		.uleb128 0x49
 839 00bc 13       		.uleb128 0x13
 840 00bd 00       		.byte	0x0
 841 00be 00       		.byte	0x0
 842 00bf 10       		.uleb128 0x10
 843 00c0 2E       		.uleb128 0x2e
 844 00c1 01       		.byte	0x1
 845 00c2 03       		.uleb128 0x3
 846 00c3 0E       		.uleb128 0xe
 847 00c4 3A       		.uleb128 0x3a
 848 00c5 0B       		.uleb128 0xb
 849 00c6 3B       		.uleb128 0x3b
 850 00c7 0B       		.uleb128 0xb
 851 00c8 27       		.uleb128 0x27
ARM GAS  C:\Users\DNIEL~1\AppData\Local\Temp\ccCtLOa2.s 			page 16


 852 00c9 0C       		.uleb128 0xc
 853 00ca 11       		.uleb128 0x11
 854 00cb 01       		.uleb128 0x1
 855 00cc 12       		.uleb128 0x12
 856 00cd 01       		.uleb128 0x1
 857 00ce 40       		.uleb128 0x40
 858 00cf 0A       		.uleb128 0xa
 859 00d0 01       		.uleb128 0x1
 860 00d1 13       		.uleb128 0x13
 861 00d2 00       		.byte	0x0
 862 00d3 00       		.byte	0x0
 863 00d4 11       		.uleb128 0x11
 864 00d5 05       		.uleb128 0x5
 865 00d6 00       		.byte	0x0
 866 00d7 03       		.uleb128 0x3
 867 00d8 08       		.uleb128 0x8
 868 00d9 3A       		.uleb128 0x3a
 869 00da 0B       		.uleb128 0xb
 870 00db 3B       		.uleb128 0x3b
 871 00dc 0B       		.uleb128 0xb
 872 00dd 49       		.uleb128 0x49
 873 00de 13       		.uleb128 0x13
 874 00df 02       		.uleb128 0x2
 875 00e0 0A       		.uleb128 0xa
 876 00e1 00       		.byte	0x0
 877 00e2 00       		.byte	0x0
 878 00e3 12       		.uleb128 0x12
 879 00e4 2E       		.uleb128 0x2e
 880 00e5 01       		.byte	0x1
 881 00e6 03       		.uleb128 0x3
 882 00e7 0E       		.uleb128 0xe
 883 00e8 3A       		.uleb128 0x3a
 884 00e9 0B       		.uleb128 0xb
 885 00ea 3B       		.uleb128 0x3b
 886 00eb 0B       		.uleb128 0xb
 887 00ec 27       		.uleb128 0x27
 888 00ed 0C       		.uleb128 0xc
 889 00ee 11       		.uleb128 0x11
 890 00ef 01       		.uleb128 0x1
 891 00f0 12       		.uleb128 0x12
 892 00f1 01       		.uleb128 0x1
 893 00f2 40       		.uleb128 0x40
 894 00f3 06       		.uleb128 0x6
 895 00f4 01       		.uleb128 0x1
 896 00f5 13       		.uleb128 0x13
 897 00f6 00       		.byte	0x0
 898 00f7 00       		.byte	0x0
 899 00f8 13       		.uleb128 0x13
 900 00f9 34       		.uleb128 0x34
 901 00fa 00       		.byte	0x0
 902 00fb 03       		.uleb128 0x3
 903 00fc 08       		.uleb128 0x8
 904 00fd 3A       		.uleb128 0x3a
 905 00fe 0B       		.uleb128 0xb
 906 00ff 3B       		.uleb128 0x3b
 907 0100 0B       		.uleb128 0xb
 908 0101 49       		.uleb128 0x49
ARM GAS  C:\Users\DNIEL~1\AppData\Local\Temp\ccCtLOa2.s 			page 17


 909 0102 13       		.uleb128 0x13
 910 0103 02       		.uleb128 0x2
 911 0104 0A       		.uleb128 0xa
 912 0105 00       		.byte	0x0
 913 0106 00       		.byte	0x0
 914 0107 14       		.uleb128 0x14
 915 0108 2E       		.uleb128 0x2e
 916 0109 01       		.byte	0x1
 917 010a 3F       		.uleb128 0x3f
 918 010b 0C       		.uleb128 0xc
 919 010c 03       		.uleb128 0x3
 920 010d 0E       		.uleb128 0xe
 921 010e 3A       		.uleb128 0x3a
 922 010f 0B       		.uleb128 0xb
 923 0110 3B       		.uleb128 0x3b
 924 0111 0B       		.uleb128 0xb
 925 0112 27       		.uleb128 0x27
 926 0113 0C       		.uleb128 0xc
 927 0114 11       		.uleb128 0x11
 928 0115 01       		.uleb128 0x1
 929 0116 12       		.uleb128 0x12
 930 0117 01       		.uleb128 0x1
 931 0118 40       		.uleb128 0x40
 932 0119 06       		.uleb128 0x6
 933 011a 01       		.uleb128 0x1
 934 011b 13       		.uleb128 0x13
 935 011c 00       		.byte	0x0
 936 011d 00       		.byte	0x0
 937 011e 15       		.uleb128 0x15
 938 011f 1D       		.uleb128 0x1d
 939 0120 01       		.byte	0x1
 940 0121 31       		.uleb128 0x31
 941 0122 13       		.uleb128 0x13
 942 0123 52       		.uleb128 0x52
 943 0124 01       		.uleb128 0x1
 944 0125 55       		.uleb128 0x55
 945 0126 06       		.uleb128 0x6
 946 0127 58       		.uleb128 0x58
 947 0128 0B       		.uleb128 0xb
 948 0129 59       		.uleb128 0x59
 949 012a 0B       		.uleb128 0xb
 950 012b 00       		.byte	0x0
 951 012c 00       		.byte	0x0
 952 012d 16       		.uleb128 0x16
 953 012e 05       		.uleb128 0x5
 954 012f 00       		.byte	0x0
 955 0130 31       		.uleb128 0x31
 956 0131 13       		.uleb128 0x13
 957 0132 02       		.uleb128 0x2
 958 0133 06       		.uleb128 0x6
 959 0134 00       		.byte	0x0
 960 0135 00       		.byte	0x0
 961 0136 17       		.uleb128 0x17
 962 0137 2E       		.uleb128 0x2e
 963 0138 01       		.byte	0x1
 964 0139 31       		.uleb128 0x31
 965 013a 13       		.uleb128 0x13
ARM GAS  C:\Users\DNIEL~1\AppData\Local\Temp\ccCtLOa2.s 			page 18


 966 013b 11       		.uleb128 0x11
 967 013c 01       		.uleb128 0x1
 968 013d 12       		.uleb128 0x12
 969 013e 01       		.uleb128 0x1
 970 013f 40       		.uleb128 0x40
 971 0140 0A       		.uleb128 0xa
 972 0141 01       		.uleb128 0x1
 973 0142 13       		.uleb128 0x13
 974 0143 00       		.byte	0x0
 975 0144 00       		.byte	0x0
 976 0145 18       		.uleb128 0x18
 977 0146 05       		.uleb128 0x5
 978 0147 00       		.byte	0x0
 979 0148 31       		.uleb128 0x31
 980 0149 13       		.uleb128 0x13
 981 014a 02       		.uleb128 0x2
 982 014b 0A       		.uleb128 0xa
 983 014c 00       		.byte	0x0
 984 014d 00       		.byte	0x0
 985 014e 19       		.uleb128 0x19
 986 014f 34       		.uleb128 0x34
 987 0150 00       		.byte	0x0
 988 0151 03       		.uleb128 0x3
 989 0152 0E       		.uleb128 0xe
 990 0153 3A       		.uleb128 0x3a
 991 0154 0B       		.uleb128 0xb
 992 0155 3B       		.uleb128 0x3b
 993 0156 05       		.uleb128 0x5
 994 0157 49       		.uleb128 0x49
 995 0158 13       		.uleb128 0x13
 996 0159 3F       		.uleb128 0x3f
 997 015a 0C       		.uleb128 0xc
 998 015b 3C       		.uleb128 0x3c
 999 015c 0C       		.uleb128 0xc
 1000 015d 00       		.byte	0x0
 1001 015e 00       		.byte	0x0
 1002 015f 1A       		.uleb128 0x1a
 1003 0160 34       		.uleb128 0x34
 1004 0161 00       		.byte	0x0
 1005 0162 03       		.uleb128 0x3
 1006 0163 0E       		.uleb128 0xe
 1007 0164 3A       		.uleb128 0x3a
 1008 0165 0B       		.uleb128 0xb
 1009 0166 3B       		.uleb128 0x3b
 1010 0167 0B       		.uleb128 0xb
 1011 0168 49       		.uleb128 0x49
 1012 0169 13       		.uleb128 0x13
 1013 016a 02       		.uleb128 0x2
 1014 016b 0A       		.uleb128 0xa
 1015 016c 00       		.byte	0x0
 1016 016d 00       		.byte	0x0
 1017 016e 00       		.byte	0x0
 1018              		.section	.debug_pubnames,"",%progbits
 1019 0000 2A000000 		.4byte	0x2a
 1020 0004 0200     		.2byte	0x2
 1021 0006 00000000 		.4byte	.Ldebug_info0
 1022 000a A9020000 		.4byte	0x2a9
ARM GAS  C:\Users\DNIEL~1\AppData\Local\Temp\ccCtLOa2.s 			page 19


 1023 000e 1F020000 		.4byte	0x21f
 1024 0012 746D496E 		.ascii	"tmInit\000"
 1024      697400
 1025 0019 5F020000 		.4byte	0x25f
 1026 001d 746D4F62 		.ascii	"tmObjectInit\000"
 1026      6A656374 
 1026      496E6974 
 1026      00
 1027 002a 00000000 		.4byte	0x0
 1028              		.section	.debug_pubtypes,"",%progbits
 1029 0000 6A000000 		.4byte	0x6a
 1030 0004 0200     		.2byte	0x2
 1031 0006 00000000 		.4byte	.Ldebug_info0
 1032 000a A9020000 		.4byte	0x2a9
 1033 000e 53000000 		.4byte	0x53
 1034 0012 696E7433 		.ascii	"int32_t\000"
 1034      325F7400 
 1035 001a 65000000 		.4byte	0x65
 1036 001e 75696E74 		.ascii	"uint32_t\000"
 1036      33325F74 
 1036      00
 1037 0027 13010000 		.4byte	0x113
 1038 002b 434D785F 		.ascii	"CMx_DWT\000"
 1038      44575400 
 1039 0033 2B010000 		.4byte	0x12b
 1040 0037 68616C72 		.ascii	"halrtcnt_t\000"
 1040      74636E74 
 1040      5F7400
 1041 0042 37010000 		.4byte	0x137
 1042 0046 54696D65 		.ascii	"TimeMeasurement\000"
 1042      4D656173 
 1042      7572656D 
 1042      656E7400 
 1043 0056 42010000 		.4byte	0x142
 1044 005a 54696D65 		.ascii	"TimeMeasurement\000"
 1044      4D656173 
 1044      7572656D 
 1044      656E7400 
 1045 006a 00000000 		.4byte	0x0
 1046              		.section	.debug_aranges,"",%progbits
 1047 0000 34000000 		.4byte	0x34
 1048 0004 0200     		.2byte	0x2
 1049 0006 00000000 		.4byte	.Ldebug_info0
 1050 000a 04       		.byte	0x4
 1051 000b 00       		.byte	0x0
 1052 000c 0000     		.2byte	0x0
 1053 000e 0000     		.2byte	0x0
 1054 0010 00000000 		.4byte	.LFB118
 1055 0014 0C000000 		.4byte	.LFE118-.LFB118
 1056 0018 00000000 		.4byte	.LFB119
 1057 001c 30000000 		.4byte	.LFE119-.LFB119
 1058 0020 00000000 		.4byte	.LFB120
 1059 0024 3C000000 		.4byte	.LFE120-.LFB120
 1060 0028 00000000 		.4byte	.LFB121
 1061 002c 20000000 		.4byte	.LFE121-.LFB121
 1062 0030 00000000 		.4byte	0x0
 1063 0034 00000000 		.4byte	0x0
ARM GAS  C:\Users\DNIEL~1\AppData\Local\Temp\ccCtLOa2.s 			page 20


 1064              		.section	.debug_ranges,"",%progbits
 1065              	.Ldebug_ranges0:
 1066 0000 02000000 		.4byte	.LBB4
 1067 0004 06000000 		.4byte	.LBE4
 1068 0008 16000000 		.4byte	.LBB9
 1069 000c 1E000000 		.4byte	.LBE9
 1070 0010 0C000000 		.4byte	.LBB8
 1071 0014 12000000 		.4byte	.LBE8
 1072 0018 00000000 		.4byte	0x0
 1073 001c 00000000 		.4byte	0x0
 1074 0020 00000000 		.4byte	.LFB118
 1075 0024 0C000000 		.4byte	.LFE118
 1076 0028 00000000 		.4byte	.LFB119
 1077 002c 30000000 		.4byte	.LFE119
 1078 0030 00000000 		.4byte	.LFB120
 1079 0034 3C000000 		.4byte	.LFE120
 1080 0038 00000000 		.4byte	.LFB121
 1081 003c 20000000 		.4byte	.LFE121
 1082 0040 00000000 		.4byte	0x0
 1083 0044 00000000 		.4byte	0x0
 1084              		.section	.debug_str,"MS",%progbits,1
 1085              	.LASF26:
 1086 0000 6C617374 		.ascii	"last\000"
 1086      00
 1087              	.LASF33:
 1088 0005 474E5520 		.ascii	"GNU C 4.5.2\000"
 1088      4320342E 
 1088      352E3200 
 1089              	.LASF19:
 1090 0011 50435352 		.ascii	"PCSR\000"
 1090      00
 1091              	.LASF30:
 1092 0016 746D5F73 		.ascii	"tm_stop\000"
 1092      746F7000 
 1093              	.LASF24:
 1094 001e 73746172 		.ascii	"start\000"
 1094      7400
 1095              	.LASF16:
 1096 0024 534C4545 		.ascii	"SLEEPCNT\000"
 1096      50434E54 
 1096      00
 1097              	.LASF25:
 1098 002d 73746F70 		.ascii	"stop\000"
 1098      00
 1099              	.LASF10:
 1100 0032 6C6F6E67 		.ascii	"long long unsigned int\000"
 1100      206C6F6E 
 1100      6720756E 
 1100      7369676E 
 1100      65642069 
 1101              	.LASF2:
 1102 0049 756E7369 		.ascii	"unsigned char\000"
 1102      676E6564 
 1102      20636861 
 1102      7200
 1103              	.LASF13:
 1104 0057 43594343 		.ascii	"CYCCNT\000"
ARM GAS  C:\Users\DNIEL~1\AppData\Local\Temp\ccCtLOa2.s 			page 21


 1104      4E5400
 1105              	.LASF37:
 1106 005e 746D496E 		.ascii	"tmInit\000"
 1106      697400
 1107              	.LASF8:
 1108 0065 6C6F6E67 		.ascii	"long unsigned int\000"
 1108      20756E73 
 1108      69676E65 
 1108      6420696E 
 1108      7400
 1109              	.LASF36:
 1110 0077 746D4F62 		.ascii	"tmObjectInit\000"
 1110      6A656374 
 1110      496E6974 
 1110      00
 1111              	.LASF4:
 1112 0084 73686F72 		.ascii	"short unsigned int\000"
 1112      7420756E 
 1112      7369676E 
 1112      65642069 
 1112      6E7400
 1113              	.LASF14:
 1114 0097 43504943 		.ascii	"CPICNT\000"
 1114      4E5400
 1115              	.LASF32:
 1116 009e 49544D5F 		.ascii	"ITM_RxBuffer\000"
 1116      52784275 
 1116      66666572 
 1116      00
 1117              	.LASF18:
 1118 00ab 464F4C44 		.ascii	"FOLDCNT\000"
 1118      434E5400 
 1119              	.LASF27:
 1120 00b3 776F7273 		.ascii	"worst\000"
 1120      7400
 1121              	.LASF17:
 1122 00b9 4C535543 		.ascii	"LSUCNT\000"
 1122      4E5400
 1123              	.LASF0:
 1124 00c0 756E7369 		.ascii	"unsigned int\000"
 1124      676E6564 
 1124      20696E74 
 1124      00
 1125              	.LASF22:
 1126 00cd 68616C72 		.ascii	"halrtcnt_t\000"
 1126      74636E74 
 1126      5F7400
 1127              	.LASF21:
 1128 00d8 63686172 		.ascii	"char\000"
 1128      00
 1129              	.LASF29:
 1130 00dd 746D5F73 		.ascii	"tm_start\000"
 1130      74617274 
 1130      00
 1131              	.LASF12:
 1132 00e6 4354524C 		.ascii	"CTRL\000"
 1132      00
ARM GAS  C:\Users\DNIEL~1\AppData\Local\Temp\ccCtLOa2.s 			page 22


 1133              	.LASF15:
 1134 00eb 45584343 		.ascii	"EXCCNT\000"
 1134      4E5400
 1135              	.LASF6:
 1136 00f2 696E7433 		.ascii	"int32_t\000"
 1136      325F7400 
 1137              	.LASF9:
 1138 00fa 6C6F6E67 		.ascii	"long long int\000"
 1138      206C6F6E 
 1138      6720696E 
 1138      7400
 1139              	.LASF35:
 1140 0108 433A5C44 		.ascii	"C:\\Dani\\MegaLux\\Repo\\Smarty\\Smarty\\smarty\\fi"
 1140      616E695C 
 1140      4D656761 
 1140      4C75785C 
 1140      5265706F 
 1141 0134 726D7761 		.ascii	"rmware\000"
 1141      726500
 1142              	.LASF34:
 1143 013b 2E2E2F2E 		.ascii	"../../../ChibiOS/os/hal/src/tm.c\000"
 1143      2E2F2E2E 
 1143      2F436869 
 1143      62694F53 
 1143      2F6F732F 
 1144              	.LASF31:
 1145 015c 6D656173 		.ascii	"measurement_offset\000"
 1145      7572656D 
 1145      656E745F 
 1145      6F666673 
 1145      657400
 1146              	.LASF3:
 1147 016f 73686F72 		.ascii	"short int\000"
 1147      7420696E 
 1147      7400
 1148              	.LASF20:
 1149 0179 434D785F 		.ascii	"CMx_DWT\000"
 1149      44575400 
 1150              	.LASF28:
 1151 0181 62657374 		.ascii	"best\000"
 1151      00
 1152              	.LASF7:
 1153 0186 75696E74 		.ascii	"uint32_t\000"
 1153      33325F74 
 1153      00
 1154              	.LASF5:
 1155 018f 6C6F6E67 		.ascii	"long int\000"
 1155      20696E74 
 1155      00
 1156              	.LASF1:
 1157 0198 7369676E 		.ascii	"signed char\000"
 1157      65642063 
 1157      68617200 
 1158              	.LASF23:
 1159 01a4 54696D65 		.ascii	"TimeMeasurement\000"
 1159      4D656173 
 1159      7572656D 
ARM GAS  C:\Users\DNIEL~1\AppData\Local\Temp\ccCtLOa2.s 			page 23


 1159      656E7400 
 1160              	.LASF11:
 1161 01b4 5F426F6F 		.ascii	"_Bool\000"
 1161      6C00
 1162              		.ident	"GCC: (Sourcery G++ Lite 2011.03-42) 4.5.2"
ARM GAS  C:\Users\DNIEL~1\AppData\Local\Temp\ccCtLOa2.s 			page 24


DEFINED SYMBOLS
                            *ABS*:00000000 tm.c
C:\Users\DNIEL~1\AppData\Local\Temp\ccCtLOa2.s:24     .text.tm_start:00000000 $t
C:\Users\DNIEL~1\AppData\Local\Temp\ccCtLOa2.s:29     .text.tm_start:00000000 tm_start
C:\Users\DNIEL~1\AppData\Local\Temp\ccCtLOa2.s:47     .text.tm_start:00000008 $d
C:\Users\DNIEL~1\AppData\Local\Temp\ccCtLOa2.s:52     .text.tm_stop:00000000 $t
C:\Users\DNIEL~1\AppData\Local\Temp\ccCtLOa2.s:57     .text.tm_stop:00000000 tm_stop
C:\Users\DNIEL~1\AppData\Local\Temp\ccCtLOa2.s:107    .text.tm_stop:00000028 $d
C:\Users\DNIEL~1\AppData\Local\Temp\ccCtLOa2.s:113    .text.tmInit:00000000 $t
C:\Users\DNIEL~1\AppData\Local\Temp\ccCtLOa2.s:119    .text.tmInit:00000000 tmInit
C:\Users\DNIEL~1\AppData\Local\Temp\ccCtLOa2.s:189    .text.tmInit:00000030 $d
C:\Users\DNIEL~1\AppData\Local\Temp\ccCtLOa2.s:196    .text.tmObjectInit:00000000 $t
C:\Users\DNIEL~1\AppData\Local\Temp\ccCtLOa2.s:202    .text.tmObjectInit:00000000 tmObjectInit
C:\Users\DNIEL~1\AppData\Local\Temp\ccCtLOa2.s:233    .text.tmObjectInit:00000018 $d
C:\Users\DNIEL~1\AppData\Local\Temp\ccCtLOa2.s:239    .bss.measurement_offset:00000000 $d
C:\Users\DNIEL~1\AppData\Local\Temp\ccCtLOa2.s:243    .bss.measurement_offset:00000000 measurement_offset
                     .debug_frame:00000010 $d
C:\Users\DNIEL~1\AppData\Local\Temp\ccCtLOa2.s:51     .text.tm_start:0000000c $t
C:\Users\DNIEL~1\AppData\Local\Temp\ccCtLOa2.s:195    .text.tmInit:0000003c $t

NO UNDEFINED SYMBOLS
