ARM GAS  C:\Users\srich\AppData\Local\Temp\ccBZrlqM.s 			page 1


   1              		.syntax unified
   2              		.cpu cortex-m4
   3              		.fpu softvfp
   4              		.eabi_attribute 20, 1
   5              		.eabi_attribute 21, 1
   6              		.eabi_attribute 23, 3
   7              		.eabi_attribute 24, 1
   8              		.eabi_attribute 25, 1
   9              		.eabi_attribute 26, 1
  10              		.eabi_attribute 30, 2
  11              		.eabi_attribute 34, 1
  12              		.eabi_attribute 18, 4
  13              		.thumb
  14              		.file	"uart_comm.c"
  15              		.text
  16              	.Ltext0:
  17              		.cfi_sections	.debug_frame
  18              		.section	.text.uart_commInit,"ax",%progbits
  19              		.align	2
  20              		.p2align 4,,15
  21              		.global	uart_commInit
  22              		.thumb
  23              		.thumb_func
  24              		.type	uart_commInit, %function
  25              	uart_commInit:
  26              	.LFB118:
  27              		.file 1 "src/uart_comm.c"
  28              		.loc 1 22 0
  29              		.cfi_startproc
  30              		@ args = 0, pretend = 0, frame = 0
  31              		@ frame_needed = 0, uses_anonymous_args = 0
  32              		@ link register save eliminated.
  33              		.loc 1 24 0
  34 0000 0148     		ldr	r0, .L2
  35 0002 0249     		ldr	r1, .L2+4
  36 0004 FFF7FEBF 		b	sdStart
  37              	.LVL0:
  38              	.L3:
  39              		.align	2
  40              	.L2:
  41 0008 00000000 		.word	SD2
  42 000c 00000000 		.word	.LANCHOR0
  43              		.cfi_endproc
  44              	.LFE118:
  45              		.size	uart_commInit, .-uart_commInit
  46              		.section	.data.diag_ser_SD2_cfg,"aw",%progbits
  47              		.align	2
  48              		.set	.LANCHOR0,. + 0
  49              		.type	diag_ser_SD2_cfg, %object
  50              		.size	diag_ser_SD2_cfg, 12
  51              	diag_ser_SD2_cfg:
  52 0000 80250000 		.word	9600
  53 0004 0000     		.short	0
  54 0006 0000     		.short	0
  55 0008 0000     		.short	0
  56 000a 0000     		.space	2
  57              		.text
ARM GAS  C:\Users\srich\AppData\Local\Temp\ccBZrlqM.s 			page 2


  58              	.Letext0:
  59              		.file 2 "c:\\chibistudio\\tools\\gnu tools arm embedded\\4.9 2015q3\\lib\\gcc\\arm-none-eabi\\4.9.
  60              		.file 3 "c:\\chibistudio\\tools\\gnu tools arm embedded\\4.9 2015q3\\arm-none-eabi\\include\\machi
  61              		.file 4 "c:\\chibistudio\\tools\\gnu tools arm embedded\\4.9 2015q3\\arm-none-eabi\\include\\sys\\
  62              		.file 5 "../../../ChibiOS/os/ports/GCC/ARMCMx/chtypes.h"
  63              		.file 6 "../../../ChibiOS/os/kernel/include/chlists.h"
  64              		.file 7 "../../../ChibiOS/os/kernel/include/chthreads.h"
  65              		.file 8 "../../../ChibiOS/os/ports/GCC/ARMCMx/chcore_v7m.h"
  66              		.file 9 "../../../ChibiOS/os/kernel/include/chmtx.h"
  67              		.file 10 "../../../ChibiOS/os/kernel/include/chevents.h"
  68              		.file 11 "../../../ChibiOS/os/kernel/include/chqueues.h"
  69              		.file 12 "../../../ChibiOS/os/hal/platforms/STM32F4xx/stm32f4xx.h"
  70              		.file 13 "../../../ChibiOS/os/hal/include/serial.h"
  71              		.file 14 "../../../ChibiOS/os/hal/platforms/STM32/USARTv1/serial_lld.h"
  72              		.file 15 "../../../ChibiOS/os/ports/common/ARMCMx/CMSIS/include/core_cm4.h"
  73              		.section	.debug_info,"",%progbits
  74              	.Ldebug_info0:
  75 0000 B1080000 		.4byte	0x8b1
  76 0004 0400     		.2byte	0x4
  77 0006 00000000 		.4byte	.Ldebug_abbrev0
  78 000a 04       		.byte	0x4
  79 000b 01       		.uleb128 0x1
  80 000c 3A020000 		.4byte	.LASF111
  81 0010 01       		.byte	0x1
  82 0011 A1000000 		.4byte	.LASF112
  83 0015 D0000000 		.4byte	.LASF113
  84 0019 00000000 		.4byte	.Ldebug_ranges0+0
  85 001d 00000000 		.4byte	0
  86 0021 00000000 		.4byte	.Ldebug_line0
  87 0025 02       		.uleb128 0x2
  88 0026 04       		.byte	0x4
  89 0027 05       		.byte	0x5
  90 0028 696E7400 		.ascii	"int\000"
  91 002c 03       		.uleb128 0x3
  92 002d 00000000 		.4byte	.LASF2
  93 0031 02       		.byte	0x2
  94 0032 D4       		.byte	0xd4
  95 0033 37000000 		.4byte	0x37
  96 0037 04       		.uleb128 0x4
  97 0038 04       		.byte	0x4
  98 0039 07       		.byte	0x7
  99 003a 56010000 		.4byte	.LASF0
 100 003e 04       		.uleb128 0x4
 101 003f 01       		.byte	0x1
 102 0040 06       		.byte	0x6
 103 0041 76000000 		.4byte	.LASF1
 104 0045 03       		.uleb128 0x3
 105 0046 1A000000 		.4byte	.LASF3
 106 004a 03       		.byte	0x3
 107 004b 1D       		.byte	0x1d
 108 004c 50000000 		.4byte	0x50
 109 0050 04       		.uleb128 0x4
 110 0051 01       		.byte	0x1
 111 0052 08       		.byte	0x8
 112 0053 A7030000 		.4byte	.LASF4
 113 0057 04       		.uleb128 0x4
 114 0058 02       		.byte	0x2
ARM GAS  C:\Users\srich\AppData\Local\Temp\ccBZrlqM.s 			page 3


 115 0059 05       		.byte	0x5
 116 005a D4030000 		.4byte	.LASF5
 117 005e 03       		.uleb128 0x3
 118 005f 80040000 		.4byte	.LASF6
 119 0063 03       		.byte	0x3
 120 0064 2B       		.byte	0x2b
 121 0065 69000000 		.4byte	0x69
 122 0069 04       		.uleb128 0x4
 123 006a 02       		.byte	0x2
 124 006b 07       		.byte	0x7
 125 006c 99010000 		.4byte	.LASF7
 126 0070 03       		.uleb128 0x3
 127 0071 A7040000 		.4byte	.LASF8
 128 0075 03       		.byte	0x3
 129 0076 3F       		.byte	0x3f
 130 0077 7B000000 		.4byte	0x7b
 131 007b 04       		.uleb128 0x4
 132 007c 04       		.byte	0x4
 133 007d 05       		.byte	0x5
 134 007e B7000000 		.4byte	.LASF9
 135 0082 03       		.uleb128 0x3
 136 0083 11010000 		.4byte	.LASF10
 137 0087 03       		.byte	0x3
 138 0088 41       		.byte	0x41
 139 0089 8D000000 		.4byte	0x8d
 140 008d 04       		.uleb128 0x4
 141 008e 04       		.byte	0x4
 142 008f 07       		.byte	0x7
 143 0090 5C040000 		.4byte	.LASF11
 144 0094 04       		.uleb128 0x4
 145 0095 08       		.byte	0x8
 146 0096 05       		.byte	0x5
 147 0097 68000000 		.4byte	.LASF12
 148 009b 04       		.uleb128 0x4
 149 009c 08       		.byte	0x8
 150 009d 07       		.byte	0x7
 151 009e 24000000 		.4byte	.LASF13
 152 00a2 03       		.uleb128 0x3
 153 00a3 F3040000 		.4byte	.LASF14
 154 00a7 04       		.byte	0x4
 155 00a8 14       		.byte	0x14
 156 00a9 45000000 		.4byte	0x45
 157 00ad 03       		.uleb128 0x3
 158 00ae 63010000 		.4byte	.LASF15
 159 00b2 04       		.byte	0x4
 160 00b3 1A       		.byte	0x1a
 161 00b4 5E000000 		.4byte	0x5e
 162 00b8 03       		.uleb128 0x3
 163 00b9 9F030000 		.4byte	.LASF16
 164 00bd 04       		.byte	0x4
 165 00be 1F       		.byte	0x1f
 166 00bf 70000000 		.4byte	0x70
 167 00c3 03       		.uleb128 0x3
 168 00c4 3C040000 		.4byte	.LASF17
 169 00c8 04       		.byte	0x4
 170 00c9 20       		.byte	0x20
 171 00ca 82000000 		.4byte	0x82
ARM GAS  C:\Users\srich\AppData\Local\Temp\ccBZrlqM.s 			page 4


 172 00ce 04       		.uleb128 0x4
 173 00cf 01       		.byte	0x1
 174 00d0 02       		.byte	0x2
 175 00d1 99030000 		.4byte	.LASF18
 176 00d5 03       		.uleb128 0x3
 177 00d6 CE010000 		.4byte	.LASF19
 178 00da 05       		.byte	0x5
 179 00db 2C       		.byte	0x2c
 180 00dc A2000000 		.4byte	0xa2
 181 00e0 03       		.uleb128 0x3
 182 00e1 C0000000 		.4byte	.LASF20
 183 00e5 05       		.byte	0x5
 184 00e6 2D       		.byte	0x2d
 185 00e7 A2000000 		.4byte	0xa2
 186 00eb 03       		.uleb128 0x3
 187 00ec 3E030000 		.4byte	.LASF21
 188 00f0 05       		.byte	0x5
 189 00f1 2E       		.byte	0x2e
 190 00f2 A2000000 		.4byte	0xa2
 191 00f6 03       		.uleb128 0x3
 192 00f7 97000000 		.4byte	.LASF22
 193 00fb 05       		.byte	0x5
 194 00fc 2F       		.byte	0x2f
 195 00fd A2000000 		.4byte	0xa2
 196 0101 03       		.uleb128 0x3
 197 0102 89030000 		.4byte	.LASF23
 198 0106 05       		.byte	0x5
 199 0107 30       		.byte	0x30
 200 0108 C3000000 		.4byte	0xc3
 201 010c 03       		.uleb128 0x3
 202 010d AC010000 		.4byte	.LASF24
 203 0111 05       		.byte	0x5
 204 0112 31       		.byte	0x31
 205 0113 B8000000 		.4byte	0xb8
 206 0117 03       		.uleb128 0x3
 207 0118 E2010000 		.4byte	.LASF25
 208 011c 05       		.byte	0x5
 209 011d 33       		.byte	0x33
 210 011e C3000000 		.4byte	0xc3
 211 0122 03       		.uleb128 0x3
 212 0123 C9040000 		.4byte	.LASF26
 213 0127 05       		.byte	0x5
 214 0128 34       		.byte	0x34
 215 0129 C3000000 		.4byte	0xc3
 216 012d 03       		.uleb128 0x3
 217 012e 92040000 		.4byte	.LASF27
 218 0132 05       		.byte	0x5
 219 0133 35       		.byte	0x35
 220 0134 C3000000 		.4byte	0xc3
 221 0138 03       		.uleb128 0x3
 222 0139 16040000 		.4byte	.LASF28
 223 013d 06       		.byte	0x6
 224 013e 2A       		.byte	0x2a
 225 013f 43010000 		.4byte	0x143
 226 0143 05       		.uleb128 0x5
 227 0144 16040000 		.4byte	.LASF28
 228 0148 48       		.byte	0x48
ARM GAS  C:\Users\srich\AppData\Local\Temp\ccBZrlqM.s 			page 5


 229 0149 07       		.byte	0x7
 230 014a 5E       		.byte	0x5e
 231 014b 40020000 		.4byte	0x240
 232 014f 06       		.uleb128 0x6
 233 0150 F7030000 		.4byte	.LASF29
 234 0154 07       		.byte	0x7
 235 0155 5F       		.byte	0x5f
 236 0156 61020000 		.4byte	0x261
 237 015a 00       		.byte	0
 238 015b 06       		.uleb128 0x6
 239 015c 78030000 		.4byte	.LASF30
 240 0160 07       		.byte	0x7
 241 0161 61       		.byte	0x61
 242 0162 61020000 		.4byte	0x261
 243 0166 04       		.byte	0x4
 244 0167 06       		.uleb128 0x6
 245 0168 51000000 		.4byte	.LASF31
 246 016c 07       		.byte	0x7
 247 016d 63       		.byte	0x63
 248 016e 01010000 		.4byte	0x101
 249 0172 08       		.byte	0x8
 250 0173 06       		.uleb128 0x6
 251 0174 25050000 		.4byte	.LASF32
 252 0178 07       		.byte	0x7
 253 0179 64       		.byte	0x64
 254 017a 1B030000 		.4byte	0x31b
 255 017e 0C       		.byte	0xc
 256 017f 06       		.uleb128 0x6
 257 0180 09010000 		.4byte	.LASF33
 258 0184 07       		.byte	0x7
 259 0185 66       		.byte	0x66
 260 0186 61020000 		.4byte	0x261
 261 018a 10       		.byte	0x10
 262 018b 06       		.uleb128 0x6
 263 018c 14030000 		.4byte	.LASF34
 264 0190 07       		.byte	0x7
 265 0191 67       		.byte	0x67
 266 0192 61020000 		.4byte	0x261
 267 0196 14       		.byte	0x14
 268 0197 06       		.uleb128 0x6
 269 0198 DB040000 		.4byte	.LASF35
 270 019c 07       		.byte	0x7
 271 019d 6E       		.byte	0x6e
 272 019e 31040000 		.4byte	0x431
 273 01a2 18       		.byte	0x18
 274 01a3 06       		.uleb128 0x6
 275 01a4 DE030000 		.4byte	.LASF36
 276 01a8 07       		.byte	0x7
 277 01a9 79       		.byte	0x79
 278 01aa E0000000 		.4byte	0xe0
 279 01ae 1C       		.byte	0x1c
 280 01af 06       		.uleb128 0x6
 281 01b0 FE030000 		.4byte	.LASF37
 282 01b4 07       		.byte	0x7
 283 01b5 7D       		.byte	0x7d
 284 01b6 D5000000 		.4byte	0xd5
 285 01ba 1D       		.byte	0x1d
ARM GAS  C:\Users\srich\AppData\Local\Temp\ccBZrlqM.s 			page 6


 286 01bb 06       		.uleb128 0x6
 287 01bc C9000000 		.4byte	.LASF38
 288 01c0 07       		.byte	0x7
 289 01c1 82       		.byte	0x82
 290 01c2 EB000000 		.4byte	0xeb
 291 01c6 1E       		.byte	0x1e
 292 01c7 06       		.uleb128 0x6
 293 01c8 E6030000 		.4byte	.LASF39
 294 01cc 07       		.byte	0x7
 295 01cd 88       		.byte	0x88
 296 01ce F6000000 		.4byte	0xf6
 297 01d2 1F       		.byte	0x1f
 298 01d3 06       		.uleb128 0x6
 299 01d4 02010000 		.4byte	.LASF40
 300 01d8 07       		.byte	0x7
 301 01d9 8F       		.byte	0x8f
 302 01da 43030000 		.4byte	0x343
 303 01de 20       		.byte	0x20
 304 01df 07       		.uleb128 0x7
 305 01e0 705F7500 		.ascii	"p_u\000"
 306 01e4 07       		.byte	0x7
 307 01e5 B4       		.byte	0xb4
 308 01e6 FC030000 		.4byte	0x3fc
 309 01ea 24       		.byte	0x24
 310 01eb 06       		.uleb128 0x6
 311 01ec 2B050000 		.4byte	.LASF41
 312 01f0 07       		.byte	0x7
 313 01f1 B9       		.byte	0xb9
 314 01f2 87020000 		.4byte	0x287
 315 01f6 28       		.byte	0x28
 316 01f7 06       		.uleb128 0x6
 317 01f8 83010000 		.4byte	.LASF42
 318 01fc 07       		.byte	0x7
 319 01fd BF       		.byte	0xbf
 320 01fe 67020000 		.4byte	0x267
 321 0202 2C       		.byte	0x2c
 322 0203 06       		.uleb128 0x6
 323 0204 10050000 		.4byte	.LASF43
 324 0208 07       		.byte	0x7
 325 0209 C3       		.byte	0xc3
 326 020a 0C010000 		.4byte	0x10c
 327 020e 34       		.byte	0x34
 328 020f 06       		.uleb128 0x6
 329 0210 1D040000 		.4byte	.LASF44
 330 0214 07       		.byte	0x7
 331 0215 C9       		.byte	0xc9
 332 0216 17010000 		.4byte	0x117
 333 021a 38       		.byte	0x38
 334 021b 06       		.uleb128 0x6
 335 021c CA030000 		.4byte	.LASF45
 336 0220 07       		.byte	0x7
 337 0221 D0       		.byte	0xd0
 338 0222 43040000 		.4byte	0x443
 339 0226 3C       		.byte	0x3c
 340 0227 06       		.uleb128 0x6
 341 0228 9C040000 		.4byte	.LASF46
 342 022c 07       		.byte	0x7
ARM GAS  C:\Users\srich\AppData\Local\Temp\ccBZrlqM.s 			page 7


 343 022d D4       		.byte	0xd4
 344 022e 01010000 		.4byte	0x101
 345 0232 40       		.byte	0x40
 346 0233 06       		.uleb128 0x6
 347 0234 87000000 		.4byte	.LASF47
 348 0238 07       		.byte	0x7
 349 0239 DA       		.byte	0xda
 350 023a 9D020000 		.4byte	0x29d
 351 023e 44       		.byte	0x44
 352 023f 00       		.byte	0
 353 0240 08       		.uleb128 0x8
 354 0241 08       		.byte	0x8
 355 0242 06       		.byte	0x6
 356 0243 61       		.byte	0x61
 357 0244 61020000 		.4byte	0x261
 358 0248 06       		.uleb128 0x6
 359 0249 F7030000 		.4byte	.LASF29
 360 024d 06       		.byte	0x6
 361 024e 62       		.byte	0x62
 362 024f 61020000 		.4byte	0x261
 363 0253 00       		.byte	0
 364 0254 06       		.uleb128 0x6
 365 0255 78030000 		.4byte	.LASF30
 366 0259 06       		.byte	0x6
 367 025a 64       		.byte	0x64
 368 025b 61020000 		.4byte	0x261
 369 025f 04       		.byte	0x4
 370 0260 00       		.byte	0
 371 0261 09       		.uleb128 0x9
 372 0262 04       		.byte	0x4
 373 0263 38010000 		.4byte	0x138
 374 0267 03       		.uleb128 0x3
 375 0268 1C030000 		.4byte	.LASF48
 376 026c 06       		.byte	0x6
 377 026d 66       		.byte	0x66
 378 026e 40020000 		.4byte	0x240
 379 0272 08       		.uleb128 0x8
 380 0273 04       		.byte	0x4
 381 0274 06       		.byte	0x6
 382 0275 6B       		.byte	0x6b
 383 0276 87020000 		.4byte	0x287
 384 027a 06       		.uleb128 0x6
 385 027b F7030000 		.4byte	.LASF29
 386 027f 06       		.byte	0x6
 387 0280 6D       		.byte	0x6d
 388 0281 61020000 		.4byte	0x261
 389 0285 00       		.byte	0
 390 0286 00       		.byte	0
 391 0287 03       		.uleb128 0x3
 392 0288 D6010000 		.4byte	.LASF49
 393 028c 06       		.byte	0x6
 394 028d 70       		.byte	0x70
 395 028e 72020000 		.4byte	0x272
 396 0292 03       		.uleb128 0x3
 397 0293 1C010000 		.4byte	.LASF50
 398 0297 08       		.byte	0x8
 399 0298 E5       		.byte	0xe5
ARM GAS  C:\Users\srich\AppData\Local\Temp\ccBZrlqM.s 			page 8


 400 0299 9D020000 		.4byte	0x29d
 401 029d 0A       		.uleb128 0xa
 402 029e 04       		.byte	0x4
 403 029f 0B       		.uleb128 0xb
 404 02a0 B9040000 		.4byte	.LASF51
 405 02a4 24       		.byte	0x24
 406 02a5 08       		.byte	0x8
 407 02a6 0C01     		.2byte	0x10c
 408 02a8 1B030000 		.4byte	0x31b
 409 02ac 0C       		.uleb128 0xc
 410 02ad 723400   		.ascii	"r4\000"
 411 02b0 08       		.byte	0x8
 412 02b1 1F01     		.2byte	0x11f
 413 02b3 92020000 		.4byte	0x292
 414 02b7 00       		.byte	0
 415 02b8 0C       		.uleb128 0xc
 416 02b9 723500   		.ascii	"r5\000"
 417 02bc 08       		.byte	0x8
 418 02bd 2001     		.2byte	0x120
 419 02bf 92020000 		.4byte	0x292
 420 02c3 04       		.byte	0x4
 421 02c4 0C       		.uleb128 0xc
 422 02c5 723600   		.ascii	"r6\000"
 423 02c8 08       		.byte	0x8
 424 02c9 2101     		.2byte	0x121
 425 02cb 92020000 		.4byte	0x292
 426 02cf 08       		.byte	0x8
 427 02d0 0C       		.uleb128 0xc
 428 02d1 723700   		.ascii	"r7\000"
 429 02d4 08       		.byte	0x8
 430 02d5 2201     		.2byte	0x122
 431 02d7 92020000 		.4byte	0x292
 432 02db 0C       		.byte	0xc
 433 02dc 0C       		.uleb128 0xc
 434 02dd 723800   		.ascii	"r8\000"
 435 02e0 08       		.byte	0x8
 436 02e1 2301     		.2byte	0x123
 437 02e3 92020000 		.4byte	0x292
 438 02e7 10       		.byte	0x10
 439 02e8 0C       		.uleb128 0xc
 440 02e9 723900   		.ascii	"r9\000"
 441 02ec 08       		.byte	0x8
 442 02ed 2401     		.2byte	0x124
 443 02ef 92020000 		.4byte	0x292
 444 02f3 14       		.byte	0x14
 445 02f4 0C       		.uleb128 0xc
 446 02f5 72313000 		.ascii	"r10\000"
 447 02f9 08       		.byte	0x8
 448 02fa 2501     		.2byte	0x125
 449 02fc 92020000 		.4byte	0x292
 450 0300 18       		.byte	0x18
 451 0301 0C       		.uleb128 0xc
 452 0302 72313100 		.ascii	"r11\000"
 453 0306 08       		.byte	0x8
 454 0307 2601     		.2byte	0x126
 455 0309 92020000 		.4byte	0x292
 456 030d 1C       		.byte	0x1c
ARM GAS  C:\Users\srich\AppData\Local\Temp\ccBZrlqM.s 			page 9


 457 030e 0C       		.uleb128 0xc
 458 030f 6C7200   		.ascii	"lr\000"
 459 0312 08       		.byte	0x8
 460 0313 2701     		.2byte	0x127
 461 0315 92020000 		.4byte	0x292
 462 0319 20       		.byte	0x20
 463 031a 00       		.byte	0
 464 031b 0B       		.uleb128 0xb
 465 031c B1040000 		.4byte	.LASF52
 466 0320 04       		.byte	0x4
 467 0321 08       		.byte	0x8
 468 0322 3101     		.2byte	0x131
 469 0324 36030000 		.4byte	0x336
 470 0328 0C       		.uleb128 0xc
 471 0329 72313300 		.ascii	"r13\000"
 472 032d 08       		.byte	0x8
 473 032e 3201     		.2byte	0x132
 474 0330 36030000 		.4byte	0x336
 475 0334 00       		.byte	0
 476 0335 00       		.byte	0
 477 0336 09       		.uleb128 0x9
 478 0337 04       		.byte	0x4
 479 0338 9F020000 		.4byte	0x29f
 480 033c 04       		.uleb128 0x4
 481 033d 04       		.byte	0x4
 482 033e 07       		.byte	0x7
 483 033f 21020000 		.4byte	.LASF53
 484 0343 0D       		.uleb128 0xd
 485 0344 2D010000 		.4byte	0x12d
 486 0348 05       		.uleb128 0x5
 487 0349 34020000 		.4byte	.LASF54
 488 034d 10       		.byte	0x10
 489 034e 09       		.byte	0x9
 490 034f 2C       		.byte	0x2c
 491 0350 79030000 		.4byte	0x379
 492 0354 06       		.uleb128 0x6
 493 0355 8F000000 		.4byte	.LASF55
 494 0359 09       		.byte	0x9
 495 035a 2D       		.byte	0x2d
 496 035b 67020000 		.4byte	0x267
 497 035f 00       		.byte	0
 498 0360 06       		.uleb128 0x6
 499 0361 1D050000 		.4byte	.LASF56
 500 0365 09       		.byte	0x9
 501 0366 2F       		.byte	0x2f
 502 0367 61020000 		.4byte	0x261
 503 036b 08       		.byte	0x8
 504 036c 06       		.uleb128 0x6
 505 036d 8B040000 		.4byte	.LASF57
 506 0371 09       		.byte	0x9
 507 0372 31       		.byte	0x31
 508 0373 79030000 		.4byte	0x379
 509 0377 0C       		.byte	0xc
 510 0378 00       		.byte	0
 511 0379 09       		.uleb128 0x9
 512 037a 04       		.byte	0x4
 513 037b 48030000 		.4byte	0x348
ARM GAS  C:\Users\srich\AppData\Local\Temp\ccBZrlqM.s 			page 10


 514 037f 03       		.uleb128 0x3
 515 0380 34020000 		.4byte	.LASF54
 516 0384 09       		.byte	0x9
 517 0385 33       		.byte	0x33
 518 0386 48030000 		.4byte	0x348
 519 038a 03       		.uleb128 0x3
 520 038b FB040000 		.4byte	.LASF58
 521 038f 0A       		.byte	0xa
 522 0390 2C       		.byte	0x2c
 523 0391 95030000 		.4byte	0x395
 524 0395 05       		.uleb128 0x5
 525 0396 FB040000 		.4byte	.LASF58
 526 039a 10       		.byte	0x10
 527 039b 0A       		.byte	0xa
 528 039c 31       		.byte	0x31
 529 039d D2030000 		.4byte	0x3d2
 530 03a1 06       		.uleb128 0x6
 531 03a2 06040000 		.4byte	.LASF59
 532 03a6 0A       		.byte	0xa
 533 03a7 32       		.byte	0x32
 534 03a8 D2030000 		.4byte	0x3d2
 535 03ac 00       		.byte	0
 536 03ad 06       		.uleb128 0x6
 537 03ae B5030000 		.4byte	.LASF60
 538 03b2 0A       		.byte	0xa
 539 03b3 35       		.byte	0x35
 540 03b4 61020000 		.4byte	0x261
 541 03b8 04       		.byte	0x4
 542 03b9 06       		.uleb128 0x6
 543 03ba 29030000 		.4byte	.LASF61
 544 03be 0A       		.byte	0xa
 545 03bf 37       		.byte	0x37
 546 03c0 17010000 		.4byte	0x117
 547 03c4 08       		.byte	0x8
 548 03c5 06       		.uleb128 0x6
 549 03c6 C1030000 		.4byte	.LASF62
 550 03ca 0A       		.byte	0xa
 551 03cb 3A       		.byte	0x3a
 552 03cc 22010000 		.4byte	0x122
 553 03d0 0C       		.byte	0xc
 554 03d1 00       		.byte	0
 555 03d2 09       		.uleb128 0x9
 556 03d3 04       		.byte	0x4
 557 03d4 8A030000 		.4byte	0x38a
 558 03d8 05       		.uleb128 0x5
 559 03d9 36010000 		.4byte	.LASF63
 560 03dd 04       		.byte	0x4
 561 03de 0A       		.byte	0xa
 562 03df 41       		.byte	0x41
 563 03e0 F1030000 		.4byte	0x3f1
 564 03e4 06       		.uleb128 0x6
 565 03e5 E2040000 		.4byte	.LASF64
 566 03e9 0A       		.byte	0xa
 567 03ea 42       		.byte	0x42
 568 03eb D2030000 		.4byte	0x3d2
 569 03ef 00       		.byte	0
 570 03f0 00       		.byte	0
ARM GAS  C:\Users\srich\AppData\Local\Temp\ccBZrlqM.s 			page 11


 571 03f1 03       		.uleb128 0x3
 572 03f2 36010000 		.4byte	.LASF63
 573 03f6 0A       		.byte	0xa
 574 03f7 45       		.byte	0x45
 575 03f8 D8030000 		.4byte	0x3d8
 576 03fc 0E       		.uleb128 0xe
 577 03fd 04       		.byte	0x4
 578 03fe 07       		.byte	0x7
 579 03ff 96       		.byte	0x96
 580 0400 31040000 		.4byte	0x431
 581 0404 0F       		.uleb128 0xf
 582 0405 07000000 		.4byte	.LASF65
 583 0409 07       		.byte	0x7
 584 040a 9D       		.byte	0x9d
 585 040b 0C010000 		.4byte	0x10c
 586 040f 0F       		.uleb128 0xf
 587 0410 3B000000 		.4byte	.LASF66
 588 0414 07       		.byte	0x7
 589 0415 A4       		.byte	0xa4
 590 0416 0C010000 		.4byte	0x10c
 591 041a 0F       		.uleb128 0xf
 592 041b 09050000 		.4byte	.LASF67
 593 041f 07       		.byte	0x7
 594 0420 AB       		.byte	0xab
 595 0421 9D020000 		.4byte	0x29d
 596 0425 0F       		.uleb128 0xf
 597 0426 F0030000 		.4byte	.LASF68
 598 042a 07       		.byte	0x7
 599 042b B2       		.byte	0xb2
 600 042c 17010000 		.4byte	0x117
 601 0430 00       		.byte	0
 602 0431 09       		.uleb128 0x9
 603 0432 04       		.byte	0x4
 604 0433 37040000 		.4byte	0x437
 605 0437 10       		.uleb128 0x10
 606 0438 3C040000 		.4byte	0x43c
 607 043c 04       		.uleb128 0x4
 608 043d 01       		.byte	0x1
 609 043e 08       		.byte	0x8
 610 043f 73040000 		.4byte	.LASF69
 611 0443 09       		.uleb128 0x9
 612 0444 04       		.byte	0x4
 613 0445 7F030000 		.4byte	0x37f
 614 0449 09       		.uleb128 0x9
 615 044a 04       		.byte	0x4
 616 044b 4F040000 		.4byte	0x44f
 617 044f 11       		.uleb128 0x11
 618 0450 0C010000 		.4byte	0x10c
 619 0454 5E040000 		.4byte	0x45e
 620 0458 12       		.uleb128 0x12
 621 0459 9D020000 		.4byte	0x29d
 622 045d 00       		.byte	0
 623 045e 03       		.uleb128 0x3
 624 045f 09020000 		.4byte	.LASF70
 625 0463 0B       		.byte	0xb
 626 0464 37       		.byte	0x37
 627 0465 69040000 		.4byte	0x469
ARM GAS  C:\Users\srich\AppData\Local\Temp\ccBZrlqM.s 			page 12


 628 0469 05       		.uleb128 0x5
 629 046a 09020000 		.4byte	.LASF70
 630 046e 24       		.byte	0x24
 631 046f 0B       		.byte	0xb
 632 0470 45       		.byte	0x45
 633 0471 D6040000 		.4byte	0x4d6
 634 0475 06       		.uleb128 0x6
 635 0476 5E000000 		.4byte	.LASF71
 636 047a 0B       		.byte	0xb
 637 047b 46       		.byte	0x46
 638 047c 67020000 		.4byte	0x267
 639 0480 00       		.byte	0
 640 0481 06       		.uleb128 0x6
 641 0482 2A020000 		.4byte	.LASF72
 642 0486 0B       		.byte	0xb
 643 0487 47       		.byte	0x47
 644 0488 2C000000 		.4byte	0x2c
 645 048c 08       		.byte	0x8
 646 048d 06       		.uleb128 0x6
 647 048e F1000000 		.4byte	.LASF73
 648 0492 0B       		.byte	0xb
 649 0493 48       		.byte	0x48
 650 0494 F8040000 		.4byte	0x4f8
 651 0498 0C       		.byte	0xc
 652 0499 06       		.uleb128 0x6
 653 049a D5040000 		.4byte	.LASF74
 654 049e 0B       		.byte	0xb
 655 049f 49       		.byte	0x49
 656 04a0 F8040000 		.4byte	0x4f8
 657 04a4 10       		.byte	0x10
 658 04a5 06       		.uleb128 0x6
 659 04a6 FA000000 		.4byte	.LASF75
 660 04aa 0B       		.byte	0xb
 661 04ab 4B       		.byte	0x4b
 662 04ac F8040000 		.4byte	0x4f8
 663 04b0 14       		.byte	0x14
 664 04b1 06       		.uleb128 0x6
 665 04b2 91030000 		.4byte	.LASF76
 666 04b6 0B       		.byte	0xb
 667 04b7 4C       		.byte	0x4c
 668 04b8 F8040000 		.4byte	0x4f8
 669 04bc 18       		.byte	0x18
 670 04bd 06       		.uleb128 0x6
 671 04be EA040000 		.4byte	.LASF77
 672 04c2 0B       		.byte	0xb
 673 04c3 4D       		.byte	0x4d
 674 04c4 D6040000 		.4byte	0x4d6
 675 04c8 1C       		.byte	0x1c
 676 04c9 06       		.uleb128 0x6
 677 04ca 16050000 		.4byte	.LASF78
 678 04ce 0B       		.byte	0xb
 679 04cf 4E       		.byte	0x4e
 680 04d0 9D020000 		.4byte	0x29d
 681 04d4 20       		.byte	0x20
 682 04d5 00       		.byte	0
 683 04d6 03       		.uleb128 0x3
 684 04d7 FF010000 		.4byte	.LASF79
ARM GAS  C:\Users\srich\AppData\Local\Temp\ccBZrlqM.s 			page 13


 685 04db 0B       		.byte	0xb
 686 04dc 3A       		.byte	0x3a
 687 04dd E1040000 		.4byte	0x4e1
 688 04e1 09       		.uleb128 0x9
 689 04e2 04       		.byte	0x4
 690 04e3 E7040000 		.4byte	0x4e7
 691 04e7 13       		.uleb128 0x13
 692 04e8 F2040000 		.4byte	0x4f2
 693 04ec 12       		.uleb128 0x12
 694 04ed F2040000 		.4byte	0x4f2
 695 04f1 00       		.byte	0
 696 04f2 09       		.uleb128 0x9
 697 04f3 04       		.byte	0x4
 698 04f4 5E040000 		.4byte	0x45e
 699 04f8 09       		.uleb128 0x9
 700 04f9 04       		.byte	0x4
 701 04fa A2000000 		.4byte	0xa2
 702 04fe 03       		.uleb128 0x3
 703 04ff EE010000 		.4byte	.LASF80
 704 0503 0B       		.byte	0xb
 705 0504 82       		.byte	0x82
 706 0505 5E040000 		.4byte	0x45e
 707 0509 03       		.uleb128 0x3
 708 050a 0E000000 		.4byte	.LASF81
 709 050e 0B       		.byte	0xb
 710 050f F5       		.byte	0xf5
 711 0510 5E040000 		.4byte	0x45e
 712 0514 11       		.uleb128 0x11
 713 0515 2C000000 		.4byte	0x2c
 714 0519 2D050000 		.4byte	0x52d
 715 051d 12       		.uleb128 0x12
 716 051e 9D020000 		.4byte	0x29d
 717 0522 12       		.uleb128 0x12
 718 0523 2D050000 		.4byte	0x52d
 719 0527 12       		.uleb128 0x12
 720 0528 2C000000 		.4byte	0x2c
 721 052c 00       		.byte	0
 722 052d 09       		.uleb128 0x9
 723 052e 04       		.byte	0x4
 724 052f 33050000 		.4byte	0x533
 725 0533 10       		.uleb128 0x10
 726 0534 A2000000 		.4byte	0xa2
 727 0538 09       		.uleb128 0x9
 728 0539 04       		.byte	0x4
 729 053a 14050000 		.4byte	0x514
 730 053e 11       		.uleb128 0x11
 731 053f 2C000000 		.4byte	0x2c
 732 0543 57050000 		.4byte	0x557
 733 0547 12       		.uleb128 0x12
 734 0548 9D020000 		.4byte	0x29d
 735 054c 12       		.uleb128 0x12
 736 054d F8040000 		.4byte	0x4f8
 737 0551 12       		.uleb128 0x12
 738 0552 2C000000 		.4byte	0x2c
 739 0556 00       		.byte	0
 740 0557 09       		.uleb128 0x9
 741 0558 04       		.byte	0x4
ARM GAS  C:\Users\srich\AppData\Local\Temp\ccBZrlqM.s 			page 14


 742 0559 3E050000 		.4byte	0x53e
 743 055d 11       		.uleb128 0x11
 744 055e 0C010000 		.4byte	0x10c
 745 0562 71050000 		.4byte	0x571
 746 0566 12       		.uleb128 0x12
 747 0567 9D020000 		.4byte	0x29d
 748 056b 12       		.uleb128 0x12
 749 056c A2000000 		.4byte	0xa2
 750 0570 00       		.byte	0
 751 0571 09       		.uleb128 0x9
 752 0572 04       		.byte	0x4
 753 0573 5D050000 		.4byte	0x55d
 754 0577 0D       		.uleb128 0xd
 755 0578 AD000000 		.4byte	0xad
 756 057c 0D       		.uleb128 0xd
 757 057d B8000000 		.4byte	0xb8
 758 0581 14       		.uleb128 0x14
 759 0582 1C       		.byte	0x1c
 760 0583 0C       		.byte	0xc
 761 0584 2905     		.2byte	0x529
 762 0586 3F060000 		.4byte	0x63f
 763 058a 0C       		.uleb128 0xc
 764 058b 535200   		.ascii	"SR\000"
 765 058e 0C       		.byte	0xc
 766 058f 2B05     		.2byte	0x52b
 767 0591 77050000 		.4byte	0x577
 768 0595 00       		.byte	0
 769 0596 15       		.uleb128 0x15
 770 0597 46030000 		.4byte	.LASF82
 771 059b 0C       		.byte	0xc
 772 059c 2C05     		.2byte	0x52c
 773 059e AD000000 		.4byte	0xad
 774 05a2 02       		.byte	0x2
 775 05a3 0C       		.uleb128 0xc
 776 05a4 445200   		.ascii	"DR\000"
 777 05a7 0C       		.byte	0xc
 778 05a8 2D05     		.2byte	0x52d
 779 05aa 77050000 		.4byte	0x577
 780 05ae 04       		.byte	0x4
 781 05af 15       		.uleb128 0x15
 782 05b0 50030000 		.4byte	.LASF83
 783 05b4 0C       		.byte	0xc
 784 05b5 2E05     		.2byte	0x52e
 785 05b7 AD000000 		.4byte	0xad
 786 05bb 06       		.byte	0x6
 787 05bc 0C       		.uleb128 0xc
 788 05bd 42525200 		.ascii	"BRR\000"
 789 05c1 0C       		.byte	0xc
 790 05c2 2F05     		.2byte	0x52f
 791 05c4 77050000 		.4byte	0x577
 792 05c8 08       		.byte	0x8
 793 05c9 15       		.uleb128 0x15
 794 05ca 5A030000 		.4byte	.LASF84
 795 05ce 0C       		.byte	0xc
 796 05cf 3005     		.2byte	0x530
 797 05d1 AD000000 		.4byte	0xad
 798 05d5 0A       		.byte	0xa
ARM GAS  C:\Users\srich\AppData\Local\Temp\ccBZrlqM.s 			page 15


 799 05d6 0C       		.uleb128 0xc
 800 05d7 43523100 		.ascii	"CR1\000"
 801 05db 0C       		.byte	0xc
 802 05dc 3105     		.2byte	0x531
 803 05de 77050000 		.4byte	0x577
 804 05e2 0C       		.byte	0xc
 805 05e3 15       		.uleb128 0x15
 806 05e4 64030000 		.4byte	.LASF85
 807 05e8 0C       		.byte	0xc
 808 05e9 3205     		.2byte	0x532
 809 05eb AD000000 		.4byte	0xad
 810 05ef 0E       		.byte	0xe
 811 05f0 0C       		.uleb128 0xc
 812 05f1 43523200 		.ascii	"CR2\000"
 813 05f5 0C       		.byte	0xc
 814 05f6 3305     		.2byte	0x533
 815 05f8 77050000 		.4byte	0x577
 816 05fc 10       		.byte	0x10
 817 05fd 15       		.uleb128 0x15
 818 05fe 6E030000 		.4byte	.LASF86
 819 0602 0C       		.byte	0xc
 820 0603 3405     		.2byte	0x534
 821 0605 AD000000 		.4byte	0xad
 822 0609 12       		.byte	0x12
 823 060a 0C       		.uleb128 0xc
 824 060b 43523300 		.ascii	"CR3\000"
 825 060f 0C       		.byte	0xc
 826 0610 3505     		.2byte	0x535
 827 0612 77050000 		.4byte	0x577
 828 0616 14       		.byte	0x14
 829 0617 15       		.uleb128 0x15
 830 0618 32040000 		.4byte	.LASF87
 831 061c 0C       		.byte	0xc
 832 061d 3605     		.2byte	0x536
 833 061f AD000000 		.4byte	0xad
 834 0623 16       		.byte	0x16
 835 0624 15       		.uleb128 0x15
 836 0625 82000000 		.4byte	.LASF88
 837 0629 0C       		.byte	0xc
 838 062a 3705     		.2byte	0x537
 839 062c 77050000 		.4byte	0x577
 840 0630 18       		.byte	0x18
 841 0631 15       		.uleb128 0x15
 842 0632 7F030000 		.4byte	.LASF89
 843 0636 0C       		.byte	0xc
 844 0637 3805     		.2byte	0x538
 845 0639 AD000000 		.4byte	0xad
 846 063d 1A       		.byte	0x1a
 847 063e 00       		.byte	0
 848 063f 16       		.uleb128 0x16
 849 0640 B9010000 		.4byte	.LASF90
 850 0644 0C       		.byte	0xc
 851 0645 3905     		.2byte	0x539
 852 0647 81050000 		.4byte	0x581
 853 064b 11       		.uleb128 0x11
 854 064c 0C010000 		.4byte	0x10c
 855 0650 64060000 		.4byte	0x664
ARM GAS  C:\Users\srich\AppData\Local\Temp\ccBZrlqM.s 			page 16


 856 0654 12       		.uleb128 0x12
 857 0655 9D020000 		.4byte	0x29d
 858 0659 12       		.uleb128 0x12
 859 065a A2000000 		.4byte	0xa2
 860 065e 12       		.uleb128 0x12
 861 065f 2D010000 		.4byte	0x12d
 862 0663 00       		.byte	0
 863 0664 09       		.uleb128 0x9
 864 0665 04       		.byte	0x4
 865 0666 4B060000 		.4byte	0x64b
 866 066a 11       		.uleb128 0x11
 867 066b 0C010000 		.4byte	0x10c
 868 066f 7E060000 		.4byte	0x67e
 869 0673 12       		.uleb128 0x12
 870 0674 9D020000 		.4byte	0x29d
 871 0678 12       		.uleb128 0x12
 872 0679 2D010000 		.4byte	0x12d
 873 067d 00       		.byte	0
 874 067e 09       		.uleb128 0x9
 875 067f 04       		.byte	0x4
 876 0680 6A060000 		.4byte	0x66a
 877 0684 11       		.uleb128 0x11
 878 0685 2C000000 		.4byte	0x2c
 879 0689 A2060000 		.4byte	0x6a2
 880 068d 12       		.uleb128 0x12
 881 068e 9D020000 		.4byte	0x29d
 882 0692 12       		.uleb128 0x12
 883 0693 2D050000 		.4byte	0x52d
 884 0697 12       		.uleb128 0x12
 885 0698 2C000000 		.4byte	0x2c
 886 069c 12       		.uleb128 0x12
 887 069d 2D010000 		.4byte	0x12d
 888 06a1 00       		.byte	0
 889 06a2 09       		.uleb128 0x9
 890 06a3 04       		.byte	0x4
 891 06a4 84060000 		.4byte	0x684
 892 06a8 11       		.uleb128 0x11
 893 06a9 2C000000 		.4byte	0x2c
 894 06ad C6060000 		.4byte	0x6c6
 895 06b1 12       		.uleb128 0x12
 896 06b2 9D020000 		.4byte	0x29d
 897 06b6 12       		.uleb128 0x12
 898 06b7 F8040000 		.4byte	0x4f8
 899 06bb 12       		.uleb128 0x12
 900 06bc 2C000000 		.4byte	0x2c
 901 06c0 12       		.uleb128 0x12
 902 06c1 2D010000 		.4byte	0x12d
 903 06c5 00       		.byte	0
 904 06c6 09       		.uleb128 0x9
 905 06c7 04       		.byte	0x4
 906 06c8 A8060000 		.4byte	0x6a8
 907 06cc 17       		.uleb128 0x17
 908 06cd 01       		.byte	0x1
 909 06ce 0D       		.byte	0xd
 910 06cf 64       		.byte	0x64
 911 06d0 E7060000 		.4byte	0x6e7
 912 06d4 18       		.uleb128 0x18
ARM GAS  C:\Users\srich\AppData\Local\Temp\ccBZrlqM.s 			page 17


 913 06d5 28040000 		.4byte	.LASF91
 914 06d9 00       		.sleb128 0
 915 06da 18       		.uleb128 0x18
 916 06db 0E040000 		.4byte	.LASF92
 917 06df 01       		.sleb128 1
 918 06e0 18       		.uleb128 0x18
 919 06e1 C0040000 		.4byte	.LASF93
 920 06e5 02       		.sleb128 2
 921 06e6 00       		.byte	0
 922 06e7 03       		.uleb128 0x3
 923 06e8 45040000 		.4byte	.LASF94
 924 06ec 0D       		.byte	0xd
 925 06ed 68       		.byte	0x68
 926 06ee CC060000 		.4byte	0x6cc
 927 06f2 03       		.uleb128 0x3
 928 06f3 4F040000 		.4byte	.LASF95
 929 06f7 0D       		.byte	0xd
 930 06f8 6D       		.byte	0x6d
 931 06f9 FD060000 		.4byte	0x6fd
 932 06fd 05       		.uleb128 0x5
 933 06fe 4F040000 		.4byte	.LASF95
 934 0702 78       		.byte	0x78
 935 0703 0D       		.byte	0xd
 936 0704 87       		.byte	0x87
 937 0705 68070000 		.4byte	0x768
 938 0709 07       		.uleb128 0x7
 939 070a 766D7400 		.ascii	"vmt\000"
 940 070e 0D       		.byte	0xd
 941 070f 89       		.byte	0x89
 942 0710 19080000 		.4byte	0x819
 943 0714 00       		.byte	0
 944 0715 06       		.uleb128 0x6
 945 0716 93010000 		.4byte	.LASF96
 946 071a 0D       		.byte	0xd
 947 071b 8A       		.byte	0x8a
 948 071c F1030000 		.4byte	0x3f1
 949 0720 04       		.byte	0x4
 950 0721 06       		.uleb128 0x6
 951 0722 B1000000 		.4byte	.LASF97
 952 0726 0D       		.byte	0xd
 953 0727 8A       		.byte	0x8a
 954 0728 E7060000 		.4byte	0x6e7
 955 072c 08       		.byte	0x8
 956 072d 06       		.uleb128 0x6
 957 072e 7C010000 		.4byte	.LASF98
 958 0732 0D       		.byte	0xd
 959 0733 8A       		.byte	0x8a
 960 0734 FE040000 		.4byte	0x4fe
 961 0738 0C       		.byte	0xc
 962 0739 06       		.uleb128 0x6
 963 073a B2010000 		.4byte	.LASF99
 964 073e 0D       		.byte	0xd
 965 073f 8A       		.byte	0x8a
 966 0740 09050000 		.4byte	0x509
 967 0744 30       		.byte	0x30
 968 0745 07       		.uleb128 0x7
 969 0746 696200   		.ascii	"ib\000"
ARM GAS  C:\Users\srich\AppData\Local\Temp\ccBZrlqM.s 			page 18


 970 0749 0D       		.byte	0xd
 971 074a 8A       		.byte	0x8a
 972 074b 24080000 		.4byte	0x824
 973 074f 54       		.byte	0x54
 974 0750 07       		.uleb128 0x7
 975 0751 6F6200   		.ascii	"ob\000"
 976 0754 0D       		.byte	0xd
 977 0755 8A       		.byte	0x8a
 978 0756 24080000 		.4byte	0x824
 979 075a 64       		.byte	0x64
 980 075b 06       		.uleb128 0x6
 981 075c 50010000 		.4byte	.LASF100
 982 0760 0D       		.byte	0xd
 983 0761 8A       		.byte	0x8a
 984 0762 34080000 		.4byte	0x834
 985 0766 74       		.byte	0x74
 986 0767 00       		.byte	0
 987 0768 08       		.uleb128 0x8
 988 0769 0C       		.byte	0xc
 989 076a 0E       		.byte	0xe
 990 076b D7       		.byte	0xd7
 991 076c A1070000 		.4byte	0x7a1
 992 0770 06       		.uleb128 0x6
 993 0771 F9010000 		.4byte	.LASF101
 994 0775 0E       		.byte	0xe
 995 0776 DB       		.byte	0xdb
 996 0777 C3000000 		.4byte	0xc3
 997 077b 00       		.byte	0
 998 077c 07       		.uleb128 0x7
 999 077d 63723100 		.ascii	"cr1\000"
 1000 0781 0E       		.byte	0xe
 1001 0782 E0       		.byte	0xe0
 1002 0783 AD000000 		.4byte	0xad
 1003 0787 04       		.byte	0x4
 1004 0788 07       		.uleb128 0x7
 1005 0789 63723200 		.ascii	"cr2\000"
 1006 078d 0E       		.byte	0xe
 1007 078e E4       		.byte	0xe4
 1008 078f AD000000 		.4byte	0xad
 1009 0793 06       		.byte	0x6
 1010 0794 07       		.uleb128 0x7
 1011 0795 63723300 		.ascii	"cr3\000"
 1012 0799 0E       		.byte	0xe
 1013 079a E8       		.byte	0xe8
 1014 079b AD000000 		.4byte	0xad
 1015 079f 08       		.byte	0x8
 1016 07a0 00       		.byte	0
 1017 07a1 03       		.uleb128 0x3
 1018 07a2 31030000 		.4byte	.LASF102
 1019 07a6 0E       		.byte	0xe
 1020 07a7 E9       		.byte	0xe9
 1021 07a8 68070000 		.4byte	0x768
 1022 07ac 05       		.uleb128 0x5
 1023 07ad 6C010000 		.4byte	.LASF103
 1024 07b1 20       		.byte	0x20
 1025 07b2 0D       		.byte	0xd
 1026 07b3 7C       		.byte	0x7c
ARM GAS  C:\Users\srich\AppData\Local\Temp\ccBZrlqM.s 			page 19


 1027 07b4 19080000 		.4byte	0x819
 1028 07b8 06       		.uleb128 0x6
 1029 07b9 16020000 		.4byte	.LASF104
 1030 07bd 0D       		.byte	0xd
 1031 07be 7D       		.byte	0x7d
 1032 07bf 38050000 		.4byte	0x538
 1033 07c3 00       		.byte	0
 1034 07c4 06       		.uleb128 0x6
 1035 07c5 6E040000 		.4byte	.LASF105
 1036 07c9 0D       		.byte	0xd
 1037 07ca 7D       		.byte	0x7d
 1038 07cb 57050000 		.4byte	0x557
 1039 07cf 04       		.byte	0x4
 1040 07d0 07       		.uleb128 0x7
 1041 07d1 70757400 		.ascii	"put\000"
 1042 07d5 0D       		.byte	0xd
 1043 07d6 7D       		.byte	0x7d
 1044 07d7 71050000 		.4byte	0x571
 1045 07db 08       		.byte	0x8
 1046 07dc 07       		.uleb128 0x7
 1047 07dd 67657400 		.ascii	"get\000"
 1048 07e1 0D       		.byte	0xd
 1049 07e2 7D       		.byte	0x7d
 1050 07e3 49040000 		.4byte	0x449
 1051 07e7 0C       		.byte	0xc
 1052 07e8 06       		.uleb128 0x6
 1053 07e9 1C020000 		.4byte	.LASF106
 1054 07ed 0D       		.byte	0xd
 1055 07ee 7D       		.byte	0x7d
 1056 07ef 64060000 		.4byte	0x664
 1057 07f3 10       		.byte	0x10
 1058 07f4 06       		.uleb128 0x6
 1059 07f5 8E010000 		.4byte	.LASF107
 1060 07f9 0D       		.byte	0xd
 1061 07fa 7D       		.byte	0x7d
 1062 07fb 7E060000 		.4byte	0x67e
 1063 07ff 14       		.byte	0x14
 1064 0800 06       		.uleb128 0x6
 1065 0801 C7010000 		.4byte	.LASF108
 1066 0805 0D       		.byte	0xd
 1067 0806 7D       		.byte	0x7d
 1068 0807 A2060000 		.4byte	0x6a2
 1069 080b 18       		.byte	0x18
 1070 080c 06       		.uleb128 0x6
 1071 080d 58000000 		.4byte	.LASF109
 1072 0811 0D       		.byte	0xd
 1073 0812 7D       		.byte	0x7d
 1074 0813 C6060000 		.4byte	0x6c6
 1075 0817 1C       		.byte	0x1c
 1076 0818 00       		.byte	0
 1077 0819 09       		.uleb128 0x9
 1078 081a 04       		.byte	0x4
 1079 081b 1F080000 		.4byte	0x81f
 1080 081f 10       		.uleb128 0x10
 1081 0820 AC070000 		.4byte	0x7ac
 1082 0824 19       		.uleb128 0x19
 1083 0825 A2000000 		.4byte	0xa2
ARM GAS  C:\Users\srich\AppData\Local\Temp\ccBZrlqM.s 			page 20


 1084 0829 34080000 		.4byte	0x834
 1085 082d 1A       		.uleb128 0x1a
 1086 082e 3C030000 		.4byte	0x33c
 1087 0832 0F       		.byte	0xf
 1088 0833 00       		.byte	0
 1089 0834 09       		.uleb128 0x9
 1090 0835 04       		.byte	0x4
 1091 0836 3F060000 		.4byte	0x63f
 1092 083a 1B       		.uleb128 0x1b
 1093 083b 42010000 		.4byte	.LASF114
 1094 083f 01       		.byte	0x1
 1095 0840 16       		.byte	0x16
 1096 0841 00000000 		.4byte	.LFB118
 1097 0845 10000000 		.4byte	.LFE118-.LFB118
 1098 0849 01       		.uleb128 0x1
 1099 084a 9C       		.byte	0x9c
 1100 084b 63080000 		.4byte	0x863
 1101 084f 1C       		.uleb128 0x1c
 1102 0850 08000000 		.4byte	.LVL0
 1103 0854 8C080000 		.4byte	0x88c
 1104 0858 1D       		.uleb128 0x1d
 1105 0859 01       		.uleb128 0x1
 1106 085a 51       		.byte	0x51
 1107 085b 05       		.uleb128 0x5
 1108 085c 03       		.byte	0x3
 1109 085d 00000000 		.4byte	.LANCHOR0
 1110 0861 00       		.byte	0
 1111 0862 00       		.byte	0
 1112 0863 1E       		.uleb128 0x1e
 1113 0864 25010000 		.4byte	.LASF115
 1114 0868 01       		.byte	0x1
 1115 0869 0E       		.byte	0xe
 1116 086a A1070000 		.4byte	0x7a1
 1117 086e 05       		.uleb128 0x5
 1118 086f 03       		.byte	0x3
 1119 0870 00000000 		.4byte	diag_ser_SD2_cfg
 1120 0874 1F       		.uleb128 0x1f
 1121 0875 44000000 		.4byte	.LASF110
 1122 0879 0F       		.byte	0xf
 1123 087a 9806     		.2byte	0x698
 1124 087c 7C050000 		.4byte	0x57c
 1125 0880 20       		.uleb128 0x20
 1126 0881 53443200 		.ascii	"SD2\000"
 1127 0885 0E       		.byte	0xe
 1128 0886 1201     		.2byte	0x112
 1129 0888 F2060000 		.4byte	0x6f2
 1130 088c 21       		.uleb128 0x21
 1131 088d 78040000 		.4byte	.LASF116
 1132 0891 0D       		.byte	0xd
 1133 0892 3701     		.2byte	0x137
 1134 0894 A3080000 		.4byte	0x8a3
 1135 0898 12       		.uleb128 0x12
 1136 0899 A3080000 		.4byte	0x8a3
 1137 089d 12       		.uleb128 0x12
 1138 089e A9080000 		.4byte	0x8a9
 1139 08a2 00       		.byte	0
 1140 08a3 09       		.uleb128 0x9
ARM GAS  C:\Users\srich\AppData\Local\Temp\ccBZrlqM.s 			page 21


 1141 08a4 04       		.byte	0x4
 1142 08a5 F2060000 		.4byte	0x6f2
 1143 08a9 09       		.uleb128 0x9
 1144 08aa 04       		.byte	0x4
 1145 08ab AF080000 		.4byte	0x8af
 1146 08af 10       		.uleb128 0x10
 1147 08b0 A1070000 		.4byte	0x7a1
 1148 08b4 00       		.byte	0
 1149              		.section	.debug_abbrev,"",%progbits
 1150              	.Ldebug_abbrev0:
 1151 0000 01       		.uleb128 0x1
 1152 0001 11       		.uleb128 0x11
 1153 0002 01       		.byte	0x1
 1154 0003 25       		.uleb128 0x25
 1155 0004 0E       		.uleb128 0xe
 1156 0005 13       		.uleb128 0x13
 1157 0006 0B       		.uleb128 0xb
 1158 0007 03       		.uleb128 0x3
 1159 0008 0E       		.uleb128 0xe
 1160 0009 1B       		.uleb128 0x1b
 1161 000a 0E       		.uleb128 0xe
 1162 000b 55       		.uleb128 0x55
 1163 000c 17       		.uleb128 0x17
 1164 000d 11       		.uleb128 0x11
 1165 000e 01       		.uleb128 0x1
 1166 000f 10       		.uleb128 0x10
 1167 0010 17       		.uleb128 0x17
 1168 0011 00       		.byte	0
 1169 0012 00       		.byte	0
 1170 0013 02       		.uleb128 0x2
 1171 0014 24       		.uleb128 0x24
 1172 0015 00       		.byte	0
 1173 0016 0B       		.uleb128 0xb
 1174 0017 0B       		.uleb128 0xb
 1175 0018 3E       		.uleb128 0x3e
 1176 0019 0B       		.uleb128 0xb
 1177 001a 03       		.uleb128 0x3
 1178 001b 08       		.uleb128 0x8
 1179 001c 00       		.byte	0
 1180 001d 00       		.byte	0
 1181 001e 03       		.uleb128 0x3
 1182 001f 16       		.uleb128 0x16
 1183 0020 00       		.byte	0
 1184 0021 03       		.uleb128 0x3
 1185 0022 0E       		.uleb128 0xe
 1186 0023 3A       		.uleb128 0x3a
 1187 0024 0B       		.uleb128 0xb
 1188 0025 3B       		.uleb128 0x3b
 1189 0026 0B       		.uleb128 0xb
 1190 0027 49       		.uleb128 0x49
 1191 0028 13       		.uleb128 0x13
 1192 0029 00       		.byte	0
 1193 002a 00       		.byte	0
 1194 002b 04       		.uleb128 0x4
 1195 002c 24       		.uleb128 0x24
 1196 002d 00       		.byte	0
 1197 002e 0B       		.uleb128 0xb
ARM GAS  C:\Users\srich\AppData\Local\Temp\ccBZrlqM.s 			page 22


 1198 002f 0B       		.uleb128 0xb
 1199 0030 3E       		.uleb128 0x3e
 1200 0031 0B       		.uleb128 0xb
 1201 0032 03       		.uleb128 0x3
 1202 0033 0E       		.uleb128 0xe
 1203 0034 00       		.byte	0
 1204 0035 00       		.byte	0
 1205 0036 05       		.uleb128 0x5
 1206 0037 13       		.uleb128 0x13
 1207 0038 01       		.byte	0x1
 1208 0039 03       		.uleb128 0x3
 1209 003a 0E       		.uleb128 0xe
 1210 003b 0B       		.uleb128 0xb
 1211 003c 0B       		.uleb128 0xb
 1212 003d 3A       		.uleb128 0x3a
 1213 003e 0B       		.uleb128 0xb
 1214 003f 3B       		.uleb128 0x3b
 1215 0040 0B       		.uleb128 0xb
 1216 0041 01       		.uleb128 0x1
 1217 0042 13       		.uleb128 0x13
 1218 0043 00       		.byte	0
 1219 0044 00       		.byte	0
 1220 0045 06       		.uleb128 0x6
 1221 0046 0D       		.uleb128 0xd
 1222 0047 00       		.byte	0
 1223 0048 03       		.uleb128 0x3
 1224 0049 0E       		.uleb128 0xe
 1225 004a 3A       		.uleb128 0x3a
 1226 004b 0B       		.uleb128 0xb
 1227 004c 3B       		.uleb128 0x3b
 1228 004d 0B       		.uleb128 0xb
 1229 004e 49       		.uleb128 0x49
 1230 004f 13       		.uleb128 0x13
 1231 0050 38       		.uleb128 0x38
 1232 0051 0B       		.uleb128 0xb
 1233 0052 00       		.byte	0
 1234 0053 00       		.byte	0
 1235 0054 07       		.uleb128 0x7
 1236 0055 0D       		.uleb128 0xd
 1237 0056 00       		.byte	0
 1238 0057 03       		.uleb128 0x3
 1239 0058 08       		.uleb128 0x8
 1240 0059 3A       		.uleb128 0x3a
 1241 005a 0B       		.uleb128 0xb
 1242 005b 3B       		.uleb128 0x3b
 1243 005c 0B       		.uleb128 0xb
 1244 005d 49       		.uleb128 0x49
 1245 005e 13       		.uleb128 0x13
 1246 005f 38       		.uleb128 0x38
 1247 0060 0B       		.uleb128 0xb
 1248 0061 00       		.byte	0
 1249 0062 00       		.byte	0
 1250 0063 08       		.uleb128 0x8
 1251 0064 13       		.uleb128 0x13
 1252 0065 01       		.byte	0x1
 1253 0066 0B       		.uleb128 0xb
 1254 0067 0B       		.uleb128 0xb
ARM GAS  C:\Users\srich\AppData\Local\Temp\ccBZrlqM.s 			page 23


 1255 0068 3A       		.uleb128 0x3a
 1256 0069 0B       		.uleb128 0xb
 1257 006a 3B       		.uleb128 0x3b
 1258 006b 0B       		.uleb128 0xb
 1259 006c 01       		.uleb128 0x1
 1260 006d 13       		.uleb128 0x13
 1261 006e 00       		.byte	0
 1262 006f 00       		.byte	0
 1263 0070 09       		.uleb128 0x9
 1264 0071 0F       		.uleb128 0xf
 1265 0072 00       		.byte	0
 1266 0073 0B       		.uleb128 0xb
 1267 0074 0B       		.uleb128 0xb
 1268 0075 49       		.uleb128 0x49
 1269 0076 13       		.uleb128 0x13
 1270 0077 00       		.byte	0
 1271 0078 00       		.byte	0
 1272 0079 0A       		.uleb128 0xa
 1273 007a 0F       		.uleb128 0xf
 1274 007b 00       		.byte	0
 1275 007c 0B       		.uleb128 0xb
 1276 007d 0B       		.uleb128 0xb
 1277 007e 00       		.byte	0
 1278 007f 00       		.byte	0
 1279 0080 0B       		.uleb128 0xb
 1280 0081 13       		.uleb128 0x13
 1281 0082 01       		.byte	0x1
 1282 0083 03       		.uleb128 0x3
 1283 0084 0E       		.uleb128 0xe
 1284 0085 0B       		.uleb128 0xb
 1285 0086 0B       		.uleb128 0xb
 1286 0087 3A       		.uleb128 0x3a
 1287 0088 0B       		.uleb128 0xb
 1288 0089 3B       		.uleb128 0x3b
 1289 008a 05       		.uleb128 0x5
 1290 008b 01       		.uleb128 0x1
 1291 008c 13       		.uleb128 0x13
 1292 008d 00       		.byte	0
 1293 008e 00       		.byte	0
 1294 008f 0C       		.uleb128 0xc
 1295 0090 0D       		.uleb128 0xd
 1296 0091 00       		.byte	0
 1297 0092 03       		.uleb128 0x3
 1298 0093 08       		.uleb128 0x8
 1299 0094 3A       		.uleb128 0x3a
 1300 0095 0B       		.uleb128 0xb
 1301 0096 3B       		.uleb128 0x3b
 1302 0097 05       		.uleb128 0x5
 1303 0098 49       		.uleb128 0x49
 1304 0099 13       		.uleb128 0x13
 1305 009a 38       		.uleb128 0x38
 1306 009b 0B       		.uleb128 0xb
 1307 009c 00       		.byte	0
 1308 009d 00       		.byte	0
 1309 009e 0D       		.uleb128 0xd
 1310 009f 35       		.uleb128 0x35
 1311 00a0 00       		.byte	0
ARM GAS  C:\Users\srich\AppData\Local\Temp\ccBZrlqM.s 			page 24


 1312 00a1 49       		.uleb128 0x49
 1313 00a2 13       		.uleb128 0x13
 1314 00a3 00       		.byte	0
 1315 00a4 00       		.byte	0
 1316 00a5 0E       		.uleb128 0xe
 1317 00a6 17       		.uleb128 0x17
 1318 00a7 01       		.byte	0x1
 1319 00a8 0B       		.uleb128 0xb
 1320 00a9 0B       		.uleb128 0xb
 1321 00aa 3A       		.uleb128 0x3a
 1322 00ab 0B       		.uleb128 0xb
 1323 00ac 3B       		.uleb128 0x3b
 1324 00ad 0B       		.uleb128 0xb
 1325 00ae 01       		.uleb128 0x1
 1326 00af 13       		.uleb128 0x13
 1327 00b0 00       		.byte	0
 1328 00b1 00       		.byte	0
 1329 00b2 0F       		.uleb128 0xf
 1330 00b3 0D       		.uleb128 0xd
 1331 00b4 00       		.byte	0
 1332 00b5 03       		.uleb128 0x3
 1333 00b6 0E       		.uleb128 0xe
 1334 00b7 3A       		.uleb128 0x3a
 1335 00b8 0B       		.uleb128 0xb
 1336 00b9 3B       		.uleb128 0x3b
 1337 00ba 0B       		.uleb128 0xb
 1338 00bb 49       		.uleb128 0x49
 1339 00bc 13       		.uleb128 0x13
 1340 00bd 00       		.byte	0
 1341 00be 00       		.byte	0
 1342 00bf 10       		.uleb128 0x10
 1343 00c0 26       		.uleb128 0x26
 1344 00c1 00       		.byte	0
 1345 00c2 49       		.uleb128 0x49
 1346 00c3 13       		.uleb128 0x13
 1347 00c4 00       		.byte	0
 1348 00c5 00       		.byte	0
 1349 00c6 11       		.uleb128 0x11
 1350 00c7 15       		.uleb128 0x15
 1351 00c8 01       		.byte	0x1
 1352 00c9 27       		.uleb128 0x27
 1353 00ca 19       		.uleb128 0x19
 1354 00cb 49       		.uleb128 0x49
 1355 00cc 13       		.uleb128 0x13
 1356 00cd 01       		.uleb128 0x1
 1357 00ce 13       		.uleb128 0x13
 1358 00cf 00       		.byte	0
 1359 00d0 00       		.byte	0
 1360 00d1 12       		.uleb128 0x12
 1361 00d2 05       		.uleb128 0x5
 1362 00d3 00       		.byte	0
 1363 00d4 49       		.uleb128 0x49
 1364 00d5 13       		.uleb128 0x13
 1365 00d6 00       		.byte	0
 1366 00d7 00       		.byte	0
 1367 00d8 13       		.uleb128 0x13
 1368 00d9 15       		.uleb128 0x15
ARM GAS  C:\Users\srich\AppData\Local\Temp\ccBZrlqM.s 			page 25


 1369 00da 01       		.byte	0x1
 1370 00db 27       		.uleb128 0x27
 1371 00dc 19       		.uleb128 0x19
 1372 00dd 01       		.uleb128 0x1
 1373 00de 13       		.uleb128 0x13
 1374 00df 00       		.byte	0
 1375 00e0 00       		.byte	0
 1376 00e1 14       		.uleb128 0x14
 1377 00e2 13       		.uleb128 0x13
 1378 00e3 01       		.byte	0x1
 1379 00e4 0B       		.uleb128 0xb
 1380 00e5 0B       		.uleb128 0xb
 1381 00e6 3A       		.uleb128 0x3a
 1382 00e7 0B       		.uleb128 0xb
 1383 00e8 3B       		.uleb128 0x3b
 1384 00e9 05       		.uleb128 0x5
 1385 00ea 01       		.uleb128 0x1
 1386 00eb 13       		.uleb128 0x13
 1387 00ec 00       		.byte	0
 1388 00ed 00       		.byte	0
 1389 00ee 15       		.uleb128 0x15
 1390 00ef 0D       		.uleb128 0xd
 1391 00f0 00       		.byte	0
 1392 00f1 03       		.uleb128 0x3
 1393 00f2 0E       		.uleb128 0xe
 1394 00f3 3A       		.uleb128 0x3a
 1395 00f4 0B       		.uleb128 0xb
 1396 00f5 3B       		.uleb128 0x3b
 1397 00f6 05       		.uleb128 0x5
 1398 00f7 49       		.uleb128 0x49
 1399 00f8 13       		.uleb128 0x13
 1400 00f9 38       		.uleb128 0x38
 1401 00fa 0B       		.uleb128 0xb
 1402 00fb 00       		.byte	0
 1403 00fc 00       		.byte	0
 1404 00fd 16       		.uleb128 0x16
 1405 00fe 16       		.uleb128 0x16
 1406 00ff 00       		.byte	0
 1407 0100 03       		.uleb128 0x3
 1408 0101 0E       		.uleb128 0xe
 1409 0102 3A       		.uleb128 0x3a
 1410 0103 0B       		.uleb128 0xb
 1411 0104 3B       		.uleb128 0x3b
 1412 0105 05       		.uleb128 0x5
 1413 0106 49       		.uleb128 0x49
 1414 0107 13       		.uleb128 0x13
 1415 0108 00       		.byte	0
 1416 0109 00       		.byte	0
 1417 010a 17       		.uleb128 0x17
 1418 010b 04       		.uleb128 0x4
 1419 010c 01       		.byte	0x1
 1420 010d 0B       		.uleb128 0xb
 1421 010e 0B       		.uleb128 0xb
 1422 010f 3A       		.uleb128 0x3a
 1423 0110 0B       		.uleb128 0xb
 1424 0111 3B       		.uleb128 0x3b
 1425 0112 0B       		.uleb128 0xb
ARM GAS  C:\Users\srich\AppData\Local\Temp\ccBZrlqM.s 			page 26


 1426 0113 01       		.uleb128 0x1
 1427 0114 13       		.uleb128 0x13
 1428 0115 00       		.byte	0
 1429 0116 00       		.byte	0
 1430 0117 18       		.uleb128 0x18
 1431 0118 28       		.uleb128 0x28
 1432 0119 00       		.byte	0
 1433 011a 03       		.uleb128 0x3
 1434 011b 0E       		.uleb128 0xe
 1435 011c 1C       		.uleb128 0x1c
 1436 011d 0D       		.uleb128 0xd
 1437 011e 00       		.byte	0
 1438 011f 00       		.byte	0
 1439 0120 19       		.uleb128 0x19
 1440 0121 01       		.uleb128 0x1
 1441 0122 01       		.byte	0x1
 1442 0123 49       		.uleb128 0x49
 1443 0124 13       		.uleb128 0x13
 1444 0125 01       		.uleb128 0x1
 1445 0126 13       		.uleb128 0x13
 1446 0127 00       		.byte	0
 1447 0128 00       		.byte	0
 1448 0129 1A       		.uleb128 0x1a
 1449 012a 21       		.uleb128 0x21
 1450 012b 00       		.byte	0
 1451 012c 49       		.uleb128 0x49
 1452 012d 13       		.uleb128 0x13
 1453 012e 2F       		.uleb128 0x2f
 1454 012f 0B       		.uleb128 0xb
 1455 0130 00       		.byte	0
 1456 0131 00       		.byte	0
 1457 0132 1B       		.uleb128 0x1b
 1458 0133 2E       		.uleb128 0x2e
 1459 0134 01       		.byte	0x1
 1460 0135 3F       		.uleb128 0x3f
 1461 0136 19       		.uleb128 0x19
 1462 0137 03       		.uleb128 0x3
 1463 0138 0E       		.uleb128 0xe
 1464 0139 3A       		.uleb128 0x3a
 1465 013a 0B       		.uleb128 0xb
 1466 013b 3B       		.uleb128 0x3b
 1467 013c 0B       		.uleb128 0xb
 1468 013d 27       		.uleb128 0x27
 1469 013e 19       		.uleb128 0x19
 1470 013f 11       		.uleb128 0x11
 1471 0140 01       		.uleb128 0x1
 1472 0141 12       		.uleb128 0x12
 1473 0142 06       		.uleb128 0x6
 1474 0143 40       		.uleb128 0x40
 1475 0144 18       		.uleb128 0x18
 1476 0145 9742     		.uleb128 0x2117
 1477 0147 19       		.uleb128 0x19
 1478 0148 01       		.uleb128 0x1
 1479 0149 13       		.uleb128 0x13
 1480 014a 00       		.byte	0
 1481 014b 00       		.byte	0
 1482 014c 1C       		.uleb128 0x1c
ARM GAS  C:\Users\srich\AppData\Local\Temp\ccBZrlqM.s 			page 27


 1483 014d 898201   		.uleb128 0x4109
 1484 0150 01       		.byte	0x1
 1485 0151 11       		.uleb128 0x11
 1486 0152 01       		.uleb128 0x1
 1487 0153 9542     		.uleb128 0x2115
 1488 0155 19       		.uleb128 0x19
 1489 0156 31       		.uleb128 0x31
 1490 0157 13       		.uleb128 0x13
 1491 0158 00       		.byte	0
 1492 0159 00       		.byte	0
 1493 015a 1D       		.uleb128 0x1d
 1494 015b 8A8201   		.uleb128 0x410a
 1495 015e 00       		.byte	0
 1496 015f 02       		.uleb128 0x2
 1497 0160 18       		.uleb128 0x18
 1498 0161 9142     		.uleb128 0x2111
 1499 0163 18       		.uleb128 0x18
 1500 0164 00       		.byte	0
 1501 0165 00       		.byte	0
 1502 0166 1E       		.uleb128 0x1e
 1503 0167 34       		.uleb128 0x34
 1504 0168 00       		.byte	0
 1505 0169 03       		.uleb128 0x3
 1506 016a 0E       		.uleb128 0xe
 1507 016b 3A       		.uleb128 0x3a
 1508 016c 0B       		.uleb128 0xb
 1509 016d 3B       		.uleb128 0x3b
 1510 016e 0B       		.uleb128 0xb
 1511 016f 49       		.uleb128 0x49
 1512 0170 13       		.uleb128 0x13
 1513 0171 02       		.uleb128 0x2
 1514 0172 18       		.uleb128 0x18
 1515 0173 00       		.byte	0
 1516 0174 00       		.byte	0
 1517 0175 1F       		.uleb128 0x1f
 1518 0176 34       		.uleb128 0x34
 1519 0177 00       		.byte	0
 1520 0178 03       		.uleb128 0x3
 1521 0179 0E       		.uleb128 0xe
 1522 017a 3A       		.uleb128 0x3a
 1523 017b 0B       		.uleb128 0xb
 1524 017c 3B       		.uleb128 0x3b
 1525 017d 05       		.uleb128 0x5
 1526 017e 49       		.uleb128 0x49
 1527 017f 13       		.uleb128 0x13
 1528 0180 3F       		.uleb128 0x3f
 1529 0181 19       		.uleb128 0x19
 1530 0182 3C       		.uleb128 0x3c
 1531 0183 19       		.uleb128 0x19
 1532 0184 00       		.byte	0
 1533 0185 00       		.byte	0
 1534 0186 20       		.uleb128 0x20
 1535 0187 34       		.uleb128 0x34
 1536 0188 00       		.byte	0
 1537 0189 03       		.uleb128 0x3
 1538 018a 08       		.uleb128 0x8
 1539 018b 3A       		.uleb128 0x3a
ARM GAS  C:\Users\srich\AppData\Local\Temp\ccBZrlqM.s 			page 28


 1540 018c 0B       		.uleb128 0xb
 1541 018d 3B       		.uleb128 0x3b
 1542 018e 05       		.uleb128 0x5
 1543 018f 49       		.uleb128 0x49
 1544 0190 13       		.uleb128 0x13
 1545 0191 3F       		.uleb128 0x3f
 1546 0192 19       		.uleb128 0x19
 1547 0193 3C       		.uleb128 0x3c
 1548 0194 19       		.uleb128 0x19
 1549 0195 00       		.byte	0
 1550 0196 00       		.byte	0
 1551 0197 21       		.uleb128 0x21
 1552 0198 2E       		.uleb128 0x2e
 1553 0199 01       		.byte	0x1
 1554 019a 3F       		.uleb128 0x3f
 1555 019b 19       		.uleb128 0x19
 1556 019c 03       		.uleb128 0x3
 1557 019d 0E       		.uleb128 0xe
 1558 019e 3A       		.uleb128 0x3a
 1559 019f 0B       		.uleb128 0xb
 1560 01a0 3B       		.uleb128 0x3b
 1561 01a1 05       		.uleb128 0x5
 1562 01a2 27       		.uleb128 0x27
 1563 01a3 19       		.uleb128 0x19
 1564 01a4 3C       		.uleb128 0x3c
 1565 01a5 19       		.uleb128 0x19
 1566 01a6 01       		.uleb128 0x1
 1567 01a7 13       		.uleb128 0x13
 1568 01a8 00       		.byte	0
 1569 01a9 00       		.byte	0
 1570 01aa 00       		.byte	0
 1571              		.section	.debug_aranges,"",%progbits
 1572 0000 1C000000 		.4byte	0x1c
 1573 0004 0200     		.2byte	0x2
 1574 0006 00000000 		.4byte	.Ldebug_info0
 1575 000a 04       		.byte	0x4
 1576 000b 00       		.byte	0
 1577 000c 0000     		.2byte	0
 1578 000e 0000     		.2byte	0
 1579 0010 00000000 		.4byte	.LFB118
 1580 0014 10000000 		.4byte	.LFE118-.LFB118
 1581 0018 00000000 		.4byte	0
 1582 001c 00000000 		.4byte	0
 1583              		.section	.debug_ranges,"",%progbits
 1584              	.Ldebug_ranges0:
 1585 0000 00000000 		.4byte	.LFB118
 1586 0004 10000000 		.4byte	.LFE118
 1587 0008 00000000 		.4byte	0
 1588 000c 00000000 		.4byte	0
 1589              		.section	.debug_line,"",%progbits
 1590              	.Ldebug_line0:
 1591 0000 FD020000 		.section	.debug_str,"MS",%progbits,1
 1591      0200E702 
 1591      00000201 
 1591      FB0E0D00 
 1591      01010101 
 1592              	.LASF2:
ARM GAS  C:\Users\srich\AppData\Local\Temp\ccBZrlqM.s 			page 29


 1593 0000 73697A65 		.ascii	"size_t\000"
 1593      5F7400
 1594              	.LASF65:
 1595 0007 7264796D 		.ascii	"rdymsg\000"
 1595      736700
 1596              	.LASF81:
 1597 000e 4F757470 		.ascii	"OutputQueue\000"
 1597      75745175 
 1597      65756500 
 1598              	.LASF3:
 1599 001a 5F5F7569 		.ascii	"__uint8_t\000"
 1599      6E74385F 
 1599      7400
 1600              	.LASF13:
 1601 0024 6C6F6E67 		.ascii	"long long unsigned int\000"
 1601      206C6F6E 
 1601      6720756E 
 1601      7369676E 
 1601      65642069 
 1602              	.LASF66:
 1603 003b 65786974 		.ascii	"exitcode\000"
 1603      636F6465 
 1603      00
 1604              	.LASF110:
 1605 0044 49544D5F 		.ascii	"ITM_RxBuffer\000"
 1605      52784275 
 1605      66666572 
 1605      00
 1606              	.LASF31:
 1607 0051 705F7072 		.ascii	"p_prio\000"
 1607      696F00
 1608              	.LASF109:
 1609 0058 72656164 		.ascii	"readt\000"
 1609      7400
 1610              	.LASF71:
 1611 005e 715F7761 		.ascii	"q_waiting\000"
 1611      6974696E 
 1611      6700
 1612              	.LASF12:
 1613 0068 6C6F6E67 		.ascii	"long long int\000"
 1613      206C6F6E 
 1613      6720696E 
 1613      7400
 1614              	.LASF1:
 1615 0076 7369676E 		.ascii	"signed char\000"
 1615      65642063 
 1615      68617200 
 1616              	.LASF88:
 1617 0082 47545052 		.ascii	"GTPR\000"
 1617      00
 1618              	.LASF47:
 1619 0087 705F6D70 		.ascii	"p_mpool\000"
 1619      6F6F6C00 
 1620              	.LASF55:
 1621 008f 6D5F7175 		.ascii	"m_queue\000"
 1621      65756500 
 1622              	.LASF22:
ARM GAS  C:\Users\srich\AppData\Local\Temp\ccBZrlqM.s 			page 30


 1623 0097 74736C69 		.ascii	"tslices_t\000"
 1623      6365735F 
 1623      7400
 1624              	.LASF112:
 1625 00a1 7372632F 		.ascii	"src/uart_comm.c\000"
 1625      75617274 
 1625      5F636F6D 
 1625      6D2E6300 
 1626              	.LASF97:
 1627 00b1 73746174 		.ascii	"state\000"
 1627      6500
 1628              	.LASF9:
 1629 00b7 6C6F6E67 		.ascii	"long int\000"
 1629      20696E74 
 1629      00
 1630              	.LASF20:
 1631 00c0 74737461 		.ascii	"tstate_t\000"
 1631      74655F74 
 1631      00
 1632              	.LASF38:
 1633 00c9 705F7265 		.ascii	"p_refs\000"
 1633      667300
 1634              	.LASF113:
 1635 00d0 443A5C47 		.ascii	"D:\\GitHub\\Smarty\\smarty\\firmware\000"
 1635      69744875 
 1635      625C536D 
 1635      61727479 
 1635      5C736D61 
 1636              	.LASF73:
 1637 00f1 715F6275 		.ascii	"q_buffer\000"
 1637      66666572 
 1637      00
 1638              	.LASF75:
 1639 00fa 715F7772 		.ascii	"q_wrptr\000"
 1639      70747200 
 1640              	.LASF40:
 1641 0102 705F7469 		.ascii	"p_time\000"
 1641      6D6500
 1642              	.LASF33:
 1643 0109 705F6E65 		.ascii	"p_newer\000"
 1643      77657200 
 1644              	.LASF10:
 1645 0111 5F5F7569 		.ascii	"__uint32_t\000"
 1645      6E743332 
 1645      5F7400
 1646              	.LASF50:
 1647 011c 72656761 		.ascii	"regarm_t\000"
 1647      726D5F74 
 1647      00
 1648              	.LASF115:
 1649 0125 64696167 		.ascii	"diag_ser_SD2_cfg\000"
 1649      5F736572 
 1649      5F534432 
 1649      5F636667 
 1649      00
 1650              	.LASF63:
 1651 0136 4576656E 		.ascii	"EventSource\000"
ARM GAS  C:\Users\srich\AppData\Local\Temp\ccBZrlqM.s 			page 31


 1651      74536F75 
 1651      72636500 
 1652              	.LASF114:
 1653 0142 75617274 		.ascii	"uart_commInit\000"
 1653      5F636F6D 
 1653      6D496E69 
 1653      7400
 1654              	.LASF100:
 1655 0150 75736172 		.ascii	"usart\000"
 1655      7400
 1656              	.LASF0:
 1657 0156 756E7369 		.ascii	"unsigned int\000"
 1657      676E6564 
 1657      20696E74 
 1657      00
 1658              	.LASF15:
 1659 0163 75696E74 		.ascii	"uint16_t\000"
 1659      31365F74 
 1659      00
 1660              	.LASF103:
 1661 016c 53657269 		.ascii	"SerialDriverVMT\000"
 1661      616C4472 
 1661      69766572 
 1661      564D5400 
 1662              	.LASF98:
 1663 017c 69717565 		.ascii	"iqueue\000"
 1663      756500
 1664              	.LASF42:
 1665 0183 705F6D73 		.ascii	"p_msgqueue\000"
 1665      67717565 
 1665      756500
 1666              	.LASF107:
 1667 018e 67657474 		.ascii	"gett\000"
 1667      00
 1668              	.LASF96:
 1669 0193 6576656E 		.ascii	"event\000"
 1669      7400
 1670              	.LASF7:
 1671 0199 73686F72 		.ascii	"short unsigned int\000"
 1671      7420756E 
 1671      7369676E 
 1671      65642069 
 1671      6E7400
 1672              	.LASF24:
 1673 01ac 6D73675F 		.ascii	"msg_t\000"
 1673      7400
 1674              	.LASF99:
 1675 01b2 6F717565 		.ascii	"oqueue\000"
 1675      756500
 1676              	.LASF90:
 1677 01b9 55534152 		.ascii	"USART_TypeDef\000"
 1677      545F5479 
 1677      70654465 
 1677      6600
 1678              	.LASF108:
 1679 01c7 77726974 		.ascii	"writet\000"
 1679      657400
ARM GAS  C:\Users\srich\AppData\Local\Temp\ccBZrlqM.s 			page 32


 1680              	.LASF19:
 1681 01ce 746D6F64 		.ascii	"tmode_t\000"
 1681      655F7400 
 1682              	.LASF49:
 1683 01d6 54687265 		.ascii	"ThreadsList\000"
 1683      6164734C 
 1683      69737400 
 1684              	.LASF25:
 1685 01e2 6576656E 		.ascii	"eventmask_t\000"
 1685      746D6173 
 1685      6B5F7400 
 1686              	.LASF80:
 1687 01ee 496E7075 		.ascii	"InputQueue\000"
 1687      74517565 
 1687      756500
 1688              	.LASF101:
 1689 01f9 73706565 		.ascii	"speed\000"
 1689      6400
 1690              	.LASF79:
 1691 01ff 716E6F74 		.ascii	"qnotify_t\000"
 1691      6966795F 
 1691      7400
 1692              	.LASF70:
 1693 0209 47656E65 		.ascii	"GenericQueue\000"
 1693      72696351 
 1693      75657565 
 1693      00
 1694              	.LASF104:
 1695 0216 77726974 		.ascii	"write\000"
 1695      6500
 1696              	.LASF106:
 1697 021c 70757474 		.ascii	"putt\000"
 1697      00
 1698              	.LASF53:
 1699 0221 73697A65 		.ascii	"sizetype\000"
 1699      74797065 
 1699      00
 1700              	.LASF72:
 1701 022a 715F636F 		.ascii	"q_counter\000"
 1701      756E7465 
 1701      7200
 1702              	.LASF54:
 1703 0234 4D757465 		.ascii	"Mutex\000"
 1703      7800
 1704              	.LASF111:
 1705 023a 474E5520 		.ascii	"GNU C 4.9.3 20150529 (release) [ARM/embedded-4_9-br"
 1705      4320342E 
 1705      392E3320 
 1705      32303135 
 1705      30353239 
 1706 026d 616E6368 		.ascii	"anch revision 227977] -mcpu=cortex-m4 -mno-thumb-in"
 1706      20726576 
 1706      6973696F 
 1706      6E203232 
 1706      37393737 
 1707 02a0 74657277 		.ascii	"terwork -mthumb -ggdb -O2 -fomit-frame-pointer -fal"
 1707      6F726B20 
ARM GAS  C:\Users\srich\AppData\Local\Temp\ccBZrlqM.s 			page 33


 1707      2D6D7468 
 1707      756D6220 
 1707      2D676764 
 1708 02d3 69676E2D 		.ascii	"ign-functions=16 -ffunction-sections -fdata-section"
 1708      66756E63 
 1708      74696F6E 
 1708      733D3136 
 1708      202D6666 
 1709 0306 73202D66 		.ascii	"s -fno-common\000"
 1709      6E6F2D63 
 1709      6F6D6D6F 
 1709      6E00
 1710              	.LASF34:
 1711 0314 705F6F6C 		.ascii	"p_older\000"
 1711      64657200 
 1712              	.LASF48:
 1713 031c 54687265 		.ascii	"ThreadsQueue\000"
 1713      61647351 
 1713      75657565 
 1713      00
 1714              	.LASF61:
 1715 0329 656C5F6D 		.ascii	"el_mask\000"
 1715      61736B00 
 1716              	.LASF102:
 1717 0331 53657269 		.ascii	"SerialConfig\000"
 1717      616C436F 
 1717      6E666967 
 1717      00
 1718              	.LASF21:
 1719 033e 74726566 		.ascii	"trefs_t\000"
 1719      735F7400 
 1720              	.LASF82:
 1721 0346 52455345 		.ascii	"RESERVED0\000"
 1721      52564544 
 1721      3000
 1722              	.LASF83:
 1723 0350 52455345 		.ascii	"RESERVED1\000"
 1723      52564544 
 1723      3100
 1724              	.LASF84:
 1725 035a 52455345 		.ascii	"RESERVED2\000"
 1725      52564544 
 1725      3200
 1726              	.LASF85:
 1727 0364 52455345 		.ascii	"RESERVED3\000"
 1727      52564544 
 1727      3300
 1728              	.LASF86:
 1729 036e 52455345 		.ascii	"RESERVED4\000"
 1729      52564544 
 1729      3400
 1730              	.LASF30:
 1731 0378 705F7072 		.ascii	"p_prev\000"
 1731      657600
 1732              	.LASF89:
 1733 037f 52455345 		.ascii	"RESERVED6\000"
 1733      52564544 
ARM GAS  C:\Users\srich\AppData\Local\Temp\ccBZrlqM.s 			page 34


 1733      3600
 1734              	.LASF23:
 1735 0389 74707269 		.ascii	"tprio_t\000"
 1735      6F5F7400 
 1736              	.LASF76:
 1737 0391 715F7264 		.ascii	"q_rdptr\000"
 1737      70747200 
 1738              	.LASF18:
 1739 0399 5F426F6F 		.ascii	"_Bool\000"
 1739      6C00
 1740              	.LASF16:
 1741 039f 696E7433 		.ascii	"int32_t\000"
 1741      325F7400 
 1742              	.LASF4:
 1743 03a7 756E7369 		.ascii	"unsigned char\000"
 1743      676E6564 
 1743      20636861 
 1743      7200
 1744              	.LASF60:
 1745 03b5 656C5F6C 		.ascii	"el_listener\000"
 1745      69737465 
 1745      6E657200 
 1746              	.LASF62:
 1747 03c1 656C5F66 		.ascii	"el_flags\000"
 1747      6C616773 
 1747      00
 1748              	.LASF45:
 1749 03ca 705F6D74 		.ascii	"p_mtxlist\000"
 1749      786C6973 
 1749      7400
 1750              	.LASF5:
 1751 03d4 73686F72 		.ascii	"short int\000"
 1751      7420696E 
 1751      7400
 1752              	.LASF36:
 1753 03de 705F7374 		.ascii	"p_state\000"
 1753      61746500 
 1754              	.LASF39:
 1755 03e6 705F7072 		.ascii	"p_preempt\000"
 1755      65656D70 
 1755      7400
 1756              	.LASF68:
 1757 03f0 65776D61 		.ascii	"ewmask\000"
 1757      736B00
 1758              	.LASF29:
 1759 03f7 705F6E65 		.ascii	"p_next\000"
 1759      787400
 1760              	.LASF37:
 1761 03fe 705F666C 		.ascii	"p_flags\000"
 1761      61677300 
 1762              	.LASF59:
 1763 0406 656C5F6E 		.ascii	"el_next\000"
 1763      65787400 
 1764              	.LASF92:
 1765 040e 53445F53 		.ascii	"SD_STOP\000"
 1765      544F5000 
 1766              	.LASF28:
ARM GAS  C:\Users\srich\AppData\Local\Temp\ccBZrlqM.s 			page 35


 1767 0416 54687265 		.ascii	"Thread\000"
 1767      616400
 1768              	.LASF44:
 1769 041d 705F6570 		.ascii	"p_epending\000"
 1769      656E6469 
 1769      6E6700
 1770              	.LASF91:
 1771 0428 53445F55 		.ascii	"SD_UNINIT\000"
 1771      4E494E49 
 1771      5400
 1772              	.LASF87:
 1773 0432 52455345 		.ascii	"RESERVED5\000"
 1773      52564544 
 1773      3500
 1774              	.LASF17:
 1775 043c 75696E74 		.ascii	"uint32_t\000"
 1775      33325F74 
 1775      00
 1776              	.LASF94:
 1777 0445 73647374 		.ascii	"sdstate_t\000"
 1777      6174655F 
 1777      7400
 1778              	.LASF95:
 1779 044f 53657269 		.ascii	"SerialDriver\000"
 1779      616C4472 
 1779      69766572 
 1779      00
 1780              	.LASF11:
 1781 045c 6C6F6E67 		.ascii	"long unsigned int\000"
 1781      20756E73 
 1781      69676E65 
 1781      6420696E 
 1781      7400
 1782              	.LASF105:
 1783 046e 72656164 		.ascii	"read\000"
 1783      00
 1784              	.LASF69:
 1785 0473 63686172 		.ascii	"char\000"
 1785      00
 1786              	.LASF116:
 1787 0478 73645374 		.ascii	"sdStart\000"
 1787      61727400 
 1788              	.LASF6:
 1789 0480 5F5F7569 		.ascii	"__uint16_t\000"
 1789      6E743136 
 1789      5F7400
 1790              	.LASF57:
 1791 048b 6D5F6E65 		.ascii	"m_next\000"
 1791      787400
 1792              	.LASF27:
 1793 0492 73797374 		.ascii	"systime_t\000"
 1793      696D655F 
 1793      7400
 1794              	.LASF46:
 1795 049c 705F7265 		.ascii	"p_realprio\000"
 1795      616C7072 
 1795      696F00
ARM GAS  C:\Users\srich\AppData\Local\Temp\ccBZrlqM.s 			page 36


 1796              	.LASF8:
 1797 04a7 5F5F696E 		.ascii	"__int32_t\000"
 1797      7433325F 
 1797      7400
 1798              	.LASF52:
 1799 04b1 636F6E74 		.ascii	"context\000"
 1799      65787400 
 1800              	.LASF51:
 1801 04b9 696E7463 		.ascii	"intctx\000"
 1801      747800
 1802              	.LASF93:
 1803 04c0 53445F52 		.ascii	"SD_READY\000"
 1803      45414459 
 1803      00
 1804              	.LASF26:
 1805 04c9 666C6167 		.ascii	"flagsmask_t\000"
 1805      736D6173 
 1805      6B5F7400 
 1806              	.LASF74:
 1807 04d5 715F746F 		.ascii	"q_top\000"
 1807      7000
 1808              	.LASF35:
 1809 04db 705F6E61 		.ascii	"p_name\000"
 1809      6D6500
 1810              	.LASF64:
 1811 04e2 65735F6E 		.ascii	"es_next\000"
 1811      65787400 
 1812              	.LASF77:
 1813 04ea 715F6E6F 		.ascii	"q_notify\000"
 1813      74696679 
 1813      00
 1814              	.LASF14:
 1815 04f3 75696E74 		.ascii	"uint8_t\000"
 1815      385F7400 
 1816              	.LASF58:
 1817 04fb 4576656E 		.ascii	"EventListener\000"
 1817      744C6973 
 1817      74656E65 
 1817      7200
 1818              	.LASF67:
 1819 0509 77746F62 		.ascii	"wtobjp\000"
 1819      6A7000
 1820              	.LASF43:
 1821 0510 705F6D73 		.ascii	"p_msg\000"
 1821      6700
 1822              	.LASF78:
 1823 0516 715F6C69 		.ascii	"q_link\000"
 1823      6E6B00
 1824              	.LASF56:
 1825 051d 6D5F6F77 		.ascii	"m_owner\000"
 1825      6E657200 
 1826              	.LASF32:
 1827 0525 705F6374 		.ascii	"p_ctx\000"
 1827      7800
 1828              	.LASF41:
 1829 052b 705F7761 		.ascii	"p_waiting\000"
 1829      6974696E 
ARM GAS  C:\Users\srich\AppData\Local\Temp\ccBZrlqM.s 			page 37


 1829      6700
 1830              		.ident	"GCC: (GNU Tools for ARM Embedded Processors) 4.9.3 20150529 (release) [ARM/embedded-4_9-br
ARM GAS  C:\Users\srich\AppData\Local\Temp\ccBZrlqM.s 			page 38


DEFINED SYMBOLS
                            *ABS*:00000000 uart_comm.c
C:\Users\srich\AppData\Local\Temp\ccBZrlqM.s:19     .text.uart_commInit:00000000 $t
C:\Users\srich\AppData\Local\Temp\ccBZrlqM.s:25     .text.uart_commInit:00000000 uart_commInit
C:\Users\srich\AppData\Local\Temp\ccBZrlqM.s:41     .text.uart_commInit:00000008 $d
C:\Users\srich\AppData\Local\Temp\ccBZrlqM.s:47     .data.diag_ser_SD2_cfg:00000000 $d
C:\Users\srich\AppData\Local\Temp\ccBZrlqM.s:51     .data.diag_ser_SD2_cfg:00000000 diag_ser_SD2_cfg
                     .debug_frame:00000010 $d

UNDEFINED SYMBOLS
sdStart
SD2
